[vali] MWKR norms: S=240.4
[model] params total=32786  film=0 (0.00%)
[train_family] model=10x25+family+spec-S-s303 regimes=['S'] updates=1000
Ep 1	 reward -14.593	 ms 204.3	 loss 1.679437	 13.5s
Ep 2	 reward -14.621	 ms 204.7	 loss 1.519833	 15.2s
Ep 3	 reward -14.507	 ms 203.1	 loss 1.545032	 12.1s
Ep 4	 reward -14.689	 ms 205.7	 loss 1.607442	 13.5s
Ep 5	 reward -14.711	 ms 205.9	 loss 1.669051	 13.8s
Ep 6	 reward -14.593	 ms 204.3	 loss 1.272982	 13.9s
Ep 7	 reward -14.864	 ms 208.1	 loss 1.254163	 12.8s
Ep 8	 reward -14.657	 ms 205.2	 loss 1.120664	 11.8s
Ep 9	 reward -14.775	 ms 206.8	 loss 0.926933	 12.3s
Ep 10	 reward -14.786	 ms 207.0	 loss 0.891748	 9.7s
Ep 11	 reward -14.761	 ms 206.7	 loss 0.646804	 13.2s
Ep 12	 reward -14.732	 ms 206.2	 loss 0.707368	 13.2s
Ep 13	 reward -14.607	 ms 204.5	 loss 0.622986	 12.0s
Ep 14	 reward -14.632	 ms 204.8	 loss 0.517172	 16.4s
Ep 15	 reward -14.796	 ms 207.2	 loss 0.472995	 13.7s
Ep 16	 reward -14.621	 ms 204.7	 loss 0.438821	 14.0s
Ep 17	 reward -14.607	 ms 204.5	 loss 0.386923	 14.6s
Ep 18	 reward -14.575	 ms 204.1	 loss 0.397336	 15.5s
Ep 19	 reward -14.682	 ms 205.6	 loss 0.361306	 14.2s
Ep 20	 reward -14.743	 ms 206.4	 loss 0.419313	 17.8s
Ep 21	 reward -14.629	 ms 204.8	 loss 0.619212	 14.1s
Ep 22	 reward -14.618	 ms 204.7	 loss 0.481712	 16.0s
Ep 23	 reward -14.646	 ms 205.1	 loss 0.456722	 13.2s
Ep 24	 reward -14.661	 ms 205.2	 loss 0.509175	 12.8s
[vali @25] rel=0.8690 (best 0.8690)  S=208.9
Ep 25	 reward -14.732	 ms 206.2	 loss 0.494982	 21.4s
Ep 26	 reward -14.718	 ms 206.1	 loss 0.437615	 14.0s
Ep 27	 reward -14.557	 ms 203.8	 loss 0.432380	 13.2s
Ep 28	 reward -14.664	 ms 205.3	 loss 0.397699	 15.2s
Ep 29	 reward -14.775	 ms 206.8	 loss 0.394726	 13.1s
Ep 30	 reward -14.575	 ms 204.1	 loss 0.480679	 14.2s
Ep 31	 reward -14.696	 ms 205.8	 loss 0.354650	 14.8s
Ep 32	 reward -14.807	 ms 207.3	 loss 0.450549	 15.1s
Ep 33	 reward -14.582	 ms 204.2	 loss 0.415143	 15.2s
Ep 34	 reward -15.075	 ms 211.1	 loss 0.377412	 16.1s
Ep 35	 reward -14.814	 ms 207.4	 loss 0.465788	 15.9s
Ep 36	 reward -14.825	 ms 207.6	 loss 0.385080	 14.8s
Ep 37	 reward -15.089	 ms 211.2	 loss 0.396415	 15.5s
Ep 38	 reward -15.082	 ms 211.2	 loss 0.381392	 15.1s
Ep 39	 reward -15.093	 ms 211.3	 loss 0.417295	 14.7s
Ep 40	 reward -14.846	 ms 207.8	 loss 0.392101	 16.2s
Ep 41	 reward -14.611	 ms 204.6	 loss 0.546518	 15.5s
Ep 42	 reward -14.732	 ms 206.2	 loss 0.467170	 16.0s
Ep 43	 reward -14.693	 ms 205.7	 loss 0.438501	 15.3s
Ep 44	 reward -14.725	 ms 206.2	 loss 0.359185	 16.4s
Ep 45	 reward -14.757	 ms 206.6	 loss 0.503019	 16.0s
Ep 46	 reward -14.607	 ms 204.5	 loss 0.474201	 16.4s
Ep 47	 reward -14.432	 ms 202.1	 loss 0.278952	 15.7s
Ep 48	 reward -14.746	 ms 206.4	 loss 0.339860	 17.9s
Ep 49	 reward -14.689	 ms 205.7	 loss 0.332199	 14.9s
[vali @50] rel=0.8762 (best 0.8690)  S=210.7
Ep 50	 reward -14.689	 ms 205.7	 loss 0.340327	 25.1s
Ep 51	 reward -14.593	 ms 204.3	 loss 0.437932	 17.1s
Ep 52	 reward -14.893	 ms 208.5	 loss 0.408887	 16.3s
Ep 53	 reward -14.575	 ms 204.1	 loss 0.313462	 14.7s
Ep 54	 reward -14.829	 ms 207.6	 loss 0.198774	 14.4s
Ep 55	 reward -14.721	 ms 206.1	 loss 0.366856	 15.9s
Ep 56	 reward -14.993	 ms 209.9	 loss 0.416802	 15.1s
Ep 57	 reward -14.721	 ms 206.1	 loss 0.294675	 15.7s
Ep 58	 reward -14.700	 ms 205.8	 loss 0.413856	 15.4s
Ep 59	 reward -14.768	 ms 206.8	 loss 0.418426	 15.0s
Ep 60	 reward -14.571	 ms 204.0	 loss 0.313770	 15.0s
Ep 61	 reward -15.121	 ms 211.7	 loss 0.333921	 15.4s
Ep 62	 reward -15.096	 ms 211.3	 loss 0.419589	 14.6s
Ep 63	 reward -15.057	 ms 210.8	 loss 0.390232	 16.0s
Ep 64	 reward -15.096	 ms 211.3	 loss 0.313002	 15.9s
Ep 65	 reward -15.186	 ms 212.6	 loss 0.413120	 15.8s
Ep 66	 reward -14.964	 ms 209.5	 loss 0.320813	 14.6s
Ep 67	 reward -15.032	 ms 210.4	 loss 0.303039	 14.9s
Ep 68	 reward -15.211	 ms 212.9	 loss 0.270584	 16.1s
Ep 69	 reward -14.900	 ms 208.6	 loss 0.339466	 14.7s
Ep 70	 reward -15.032	 ms 210.4	 loss 0.398575	 15.7s
Ep 71	 reward -14.907	 ms 208.7	 loss 0.243530	 14.9s
Ep 72	 reward -14.936	 ms 209.1	 loss 0.286687	 14.4s
Ep 73	 reward -14.975	 ms 209.7	 loss 0.303317	 12.9s
Ep 74	 reward -14.950	 ms 209.3	 loss 0.384793	 12.8s
[vali @75] rel=0.8440 (best 0.8440)  S=202.9
Ep 75	 reward -14.739	 ms 206.3	 loss 0.322918	 23.9s
Ep 76	 reward -15.132	 ms 211.8	 loss 0.423136	 12.7s
Ep 77	 reward -14.971	 ms 209.6	 loss 0.208295	 13.8s
Ep 78	 reward -14.893	 ms 208.5	 loss 0.361281	 14.0s
Ep 79	 reward -15.011	 ms 210.2	 loss 0.409517	 14.8s
Ep 80	 reward -15.011	 ms 210.2	 loss 0.208976	 13.6s
Ep 81	 reward -15.104	 ms 211.4	 loss 0.252280	 13.8s
Ep 82	 reward -15.207	 ms 212.9	 loss 0.238707	 13.7s
Ep 83	 reward -14.868	 ms 208.2	 loss 0.312457	 15.3s
Ep 84	 reward -15.254	 ms 213.6	 loss 0.201911	 13.3s
Ep 85	 reward -15.043	 ms 210.6	 loss 0.314928	 12.0s
Ep 86	 reward -14.864	 ms 208.1	 loss 0.232058	 12.4s
Ep 87	 reward -15.121	 ms 211.7	 loss 0.212676	 13.4s
Ep 88	 reward -14.950	 ms 209.3	 loss 0.270812	 15.1s
Ep 89	 reward -14.979	 ms 209.7	 loss 0.268975	 11.3s
Ep 90	 reward -14.975	 ms 209.7	 loss 0.201673	 11.8s
Ep 91	 reward -14.854	 ms 207.9	 loss 0.309993	 13.2s
Ep 92	 reward -15.021	 ms 210.3	 loss 0.220308	 11.6s
Ep 93	 reward -14.961	 ms 209.4	 loss 0.167541	 14.4s
Ep 94	 reward -14.889	 ms 208.4	 loss 0.267258	 13.5s
Ep 95	 reward -15.054	 ms 210.8	 loss 0.303280	 13.8s
Ep 96	 reward -14.657	 ms 205.2	 loss 0.247431	 13.4s
Ep 97	 reward -14.704	 ms 205.8	 loss 0.187589	 15.9s
Ep 98	 reward -14.793	 ms 207.1	 loss 0.277644	 13.2s
Ep 99	 reward -14.746	 ms 206.4	 loss 0.225913	 12.5s
[vali @100] rel=0.8218 (best 0.8218)  S=197.6
Ep 100	 reward -14.864	 ms 208.1	 loss 0.281873	 22.6s
Ep 101	 reward -14.446	 ms 202.2	 loss 0.256024	 11.8s
Ep 102	 reward -14.514	 ms 203.2	 loss 0.359589	 12.9s
Ep 103	 reward -14.486	 ms 202.8	 loss 0.263179	 13.2s
Ep 104	 reward -14.568	 ms 203.9	 loss 0.094069	 12.8s
Ep 105	 reward -14.489	 ms 202.8	 loss 0.261181	 12.5s
Ep 106	 reward -14.539	 ms 203.6	 loss 0.250422	 15.1s
Ep 107	 reward -14.611	 ms 204.6	 loss 0.233317	 12.3s
Ep 108	 reward -14.486	 ms 202.8	 loss 0.328051	 12.5s
Ep 109	 reward -14.668	 ms 205.3	 loss 0.324389	 12.3s
Ep 110	 reward -14.518	 ms 203.2	 loss 0.308153	 11.8s
Ep 111	 reward -14.607	 ms 204.5	 loss 0.279910	 12.9s
Ep 112	 reward -14.568	 ms 203.9	 loss 0.327662	 14.0s
Ep 113	 reward -14.496	 ms 202.9	 loss 0.213852	 13.0s
Ep 114	 reward -14.511	 ms 203.2	 loss 0.244445	 12.9s
Ep 115	 reward -14.600	 ms 204.4	 loss 0.248090	 12.9s
Ep 116	 reward -14.643	 ms 205.0	 loss 0.229114	 13.5s
Ep 117	 reward -14.475	 ms 202.7	 loss 0.187311	 13.4s
Ep 118	 reward -14.586	 ms 204.2	 loss 0.273184	 12.2s
Ep 119	 reward -14.407	 ms 201.7	 loss 0.321360	 13.4s
Ep 120	 reward -14.543	 ms 203.6	 loss 0.184397	 12.4s
Ep 121	 reward -14.532	 ms 203.4	 loss 0.216716	 13.9s
Ep 122	 reward -14.446	 ms 202.2	 loss 0.264262	 12.4s
Ep 123	 reward -14.614	 ms 204.6	 loss 0.186358	 14.2s
Ep 124	 reward -14.539	 ms 203.6	 loss 0.203787	 13.8s
[vali @125] rel=0.8226 (best 0.8218)  S=197.8
Ep 125	 reward -14.639	 ms 204.9	 loss 0.360136	 19.2s
Ep 126	 reward -14.375	 ms 201.2	 loss 0.162336	 12.0s
Ep 127	 reward -14.364	 ms 201.1	 loss 0.346913	 12.9s
Ep 128	 reward -14.332	 ms 200.7	 loss 0.276218	 12.0s
Ep 129	 reward -14.461	 ms 202.4	 loss 0.371241	 13.0s
Ep 130	 reward -14.357	 ms 201.0	 loss 0.273576	 14.4s
Ep 131	 reward -14.379	 ms 201.3	 loss 0.291673	 15.8s
Ep 132	 reward -14.354	 ms 200.9	 loss 0.122693	 16.5s
Ep 133	 reward -14.300	 ms 200.2	 loss 0.252248	 17.3s
Ep 134	 reward -14.364	 ms 201.1	 loss 0.229772	 17.8s
Ep 135	 reward -14.221	 ms 199.1	 loss 0.254591	 16.6s
Ep 136	 reward -14.332	 ms 200.7	 loss 0.203165	 13.3s
Ep 137	 reward -14.354	 ms 200.9	 loss 0.309581	 14.9s
Ep 138	 reward -14.307	 ms 200.3	 loss 0.200301	 16.5s
Ep 139	 reward -14.346	 ms 200.8	 loss 0.328764	 15.5s
Ep 140	 reward -14.500	 ms 203.0	 loss 0.209914	 15.3s
Ep 141	 reward -14.818	 ms 207.4	 loss 0.172009	 13.4s
Ep 142	 reward -14.639	 ms 204.9	 loss 0.175124	 15.6s
Ep 143	 reward -14.525	 ms 203.3	 loss 0.193582	 15.5s
Ep 144	 reward -14.504	 ms 203.1	 loss 0.170359	 17.0s
Ep 145	 reward -14.564	 ms 203.9	 loss 0.207164	 14.6s
Ep 146	 reward -14.564	 ms 203.9	 loss 0.179186	 17.3s
Ep 147	 reward -14.475	 ms 202.7	 loss 0.136328	 15.3s
Ep 148	 reward -14.536	 ms 203.5	 loss 0.189133	 14.6s
Ep 149	 reward -14.564	 ms 203.9	 loss 0.131255	 14.2s
[vali @150] rel=0.8186 (best 0.8186)  S=196.8
Ep 150	 reward -14.536	 ms 203.5	 loss 0.148618	 25.6s
Ep 151	 reward -14.621	 ms 204.7	 loss 0.151777	 15.9s
Ep 152	 reward -14.461	 ms 202.4	 loss 0.172883	 14.6s
Ep 153	 reward -14.682	 ms 205.6	 loss 0.206992	 14.7s
Ep 154	 reward -14.496	 ms 202.9	 loss 0.113765	 15.7s
Ep 155	 reward -14.557	 ms 203.8	 loss 0.159378	 14.4s
Ep 156	 reward -14.504	 ms 203.1	 loss 0.142622	 16.1s
Ep 157	 reward -14.439	 ms 202.2	 loss 0.120623	 14.2s
Ep 158	 reward -14.532	 ms 203.4	 loss 0.131494	 16.2s
Ep 159	 reward -14.436	 ms 202.1	 loss 0.139224	 13.9s
Ep 160	 reward -14.525	 ms 203.3	 loss 0.161317	 15.8s
Ep 161	 reward -14.375	 ms 201.2	 loss 0.160477	 17.2s
Ep 162	 reward -14.421	 ms 201.9	 loss 0.067929	 14.8s
Ep 163	 reward -14.286	 ms 200.0	 loss 0.049802	 13.5s
Ep 164	 reward -14.454	 ms 202.3	 loss 0.077882	 18.4s
Ep 165	 reward -14.304	 ms 200.2	 loss 0.093140	 18.8s
Ep 166	 reward -14.443	 ms 202.2	 loss 0.194717	 16.1s
Ep 167	 reward -14.521	 ms 203.3	 loss 0.052324	 16.5s
Ep 168	 reward -14.464	 ms 202.5	 loss 0.092148	 15.6s
Ep 169	 reward -14.418	 ms 201.8	 loss 0.074101	 14.3s
Ep 170	 reward -14.521	 ms 203.3	 loss 0.049103	 19.3s
Ep 171	 reward -14.561	 ms 203.8	 loss 0.150926	 16.4s
Ep 172	 reward -14.357	 ms 201.0	 loss 0.150849	 18.7s
Ep 173	 reward -14.496	 ms 202.9	 loss 0.085348	 12.9s
Ep 174	 reward -14.357	 ms 201.0	 loss 0.047582	 15.6s
[vali @175] rel=0.8311 (best 0.8186)  S=199.8
Ep 175	 reward -14.432	 ms 202.1	 loss 0.053115	 30.7s
Ep 176	 reward -14.196	 ms 198.8	 loss 0.062438	 13.3s
Ep 177	 reward -14.354	 ms 200.9	 loss 0.096421	 13.5s
Ep 178	 reward -14.350	 ms 200.9	 loss 0.122243	 13.2s
Ep 179	 reward -14.457	 ms 202.4	 loss 0.100445	 15.8s
Ep 180	 reward -14.346	 ms 200.8	 loss 0.107349	 15.3s
Ep 181	 reward -14.482	 ms 202.8	 loss 0.276369	 17.9s
Ep 182	 reward -14.414	 ms 201.8	 loss 0.283503	 15.3s
Ep 183	 reward -14.411	 ms 201.8	 loss 0.337578	 13.1s
Ep 184	 reward -14.521	 ms 203.3	 loss 0.260512	 17.5s
Ep 185	 reward -14.282	 ms 199.9	 loss 0.307554	 16.0s
Ep 186	 reward -14.589	 ms 204.2	 loss 0.330544	 15.9s
Ep 187	 reward -14.436	 ms 202.1	 loss 0.266350	 15.4s
Ep 188	 reward -14.564	 ms 203.9	 loss 0.220681	 16.7s
Ep 189	 reward -14.421	 ms 201.9	 loss 0.279367	 19.2s
Ep 190	 reward -14.450	 ms 202.3	 loss 0.318276	 15.4s
Ep 191	 reward -14.439	 ms 202.2	 loss 0.325003	 15.7s
Ep 192	 reward -14.339	 ms 200.8	 loss 0.280825	 16.9s
Ep 193	 reward -14.343	 ms 200.8	 loss 0.256681	 14.2s
Ep 194	 reward -14.450	 ms 202.3	 loss 0.288115	 15.6s
Ep 195	 reward -14.443	 ms 202.2	 loss 0.307648	 14.8s
Ep 196	 reward -14.382	 ms 201.3	 loss 0.269630	 13.9s
Ep 197	 reward -14.364	 ms 201.1	 loss 0.245866	 14.1s
Ep 198	 reward -14.539	 ms 203.6	 loss 0.322935	 17.5s
Ep 199	 reward -14.554	 ms 203.8	 loss 0.219603	 15.8s
[vali @200] rel=0.8203 (best 0.8186)  S=197.2
Ep 200	 reward -14.407	 ms 201.7	 loss 0.284316	 26.6s
Ep 201	 reward -14.018	 ms 196.2	 loss 0.136194	 15.2s
Ep 202	 reward -14.061	 ms 196.8	 loss 0.094593	 14.5s
Ep 203	 reward -13.950	 ms 195.3	 loss 0.165699	 17.6s
Ep 204	 reward -13.996	 ms 195.9	 loss 0.012814	 17.4s
Ep 205	 reward -14.125	 ms 197.8	 loss 0.040089	 16.0s
Ep 206	 reward -14.129	 ms 197.8	 loss 0.003473	 19.5s
Ep 207	 reward -14.061	 ms 196.8	 loss 0.009661	 16.0s
Ep 208	 reward -13.993	 ms 195.9	 loss -0.026652	 16.9s
Ep 209	 reward -14.014	 ms 196.2	 loss 0.112931	 16.5s
Ep 210	 reward -14.079	 ms 197.1	 loss -0.028847	 13.6s
Ep 211	 reward -13.993	 ms 195.9	 loss 0.208133	 19.0s
Ep 212	 reward -14.032	 ms 196.4	 loss -0.039155	 16.5s
Ep 213	 reward -14.150	 ms 198.1	 loss -0.057455	 17.4s
Ep 214	 reward -13.943	 ms 195.2	 loss -0.001748	 17.9s
Ep 215	 reward -13.904	 ms 194.7	 loss 0.190884	 16.5s
Ep 216	 reward -13.975	 ms 195.7	 loss 0.029463	 14.8s
Ep 217	 reward -14.007	 ms 196.1	 loss 0.177976	 14.9s
Ep 218	 reward -13.950	 ms 195.3	 loss -0.051786	 14.7s
Ep 219	 reward -14.011	 ms 196.2	 loss 0.106276	 15.2s
Ep 220	 reward -14.068	 ms 196.9	 loss -0.033197	 18.0s
Ep 221	 reward -14.214	 ms 199.0	 loss 0.348844	 15.4s
Ep 222	 reward -14.050	 ms 196.7	 loss 0.245442	 14.2s
Ep 223	 reward -14.132	 ms 197.8	 loss 0.190447	 15.7s
Ep 224	 reward -14.118	 ms 197.7	 loss 0.230665	 16.4s
[vali @225] rel=0.8116 (best 0.8116)  S=195.1
Ep 225	 reward -14.079	 ms 197.1	 loss 0.241020	 27.3s
Ep 226	 reward -14.254	 ms 199.6	 loss 0.238915	 18.6s
Ep 227	 reward -14.046	 ms 196.7	 loss 0.262874	 17.4s
Ep 228	 reward -14.096	 ms 197.3	 loss 0.198533	 15.6s
Ep 229	 reward -13.996	 ms 195.9	 loss 0.285670	 16.3s
Ep 230	 reward -14.061	 ms 196.8	 loss 0.289877	 15.1s
Ep 231	 reward -14.161	 ms 198.2	 loss 0.148283	 14.7s
Ep 232	 reward -14.046	 ms 196.7	 loss 0.127021	 16.8s
Ep 233	 reward -14.254	 ms 199.6	 loss 0.344632	 14.3s
Ep 234	 reward -14.114	 ms 197.6	 loss 0.148805	 16.0s
Ep 235	 reward -14.121	 ms 197.7	 loss 0.221615	 16.3s
Ep 236	 reward -14.221	 ms 199.1	 loss 0.159237	 16.9s
Ep 237	 reward -14.232	 ms 199.2	 loss 0.137786	 17.1s
Ep 238	 reward -14.043	 ms 196.6	 loss 0.154087	 14.4s
Ep 239	 reward -14.136	 ms 197.9	 loss 0.275125	 16.1s
Ep 240	 reward -14.046	 ms 196.7	 loss 0.161555	 15.1s
Ep 241	 reward -14.464	 ms 202.5	 loss 0.121575	 17.0s
Ep 242	 reward -14.543	 ms 203.6	 loss 0.176838	 15.4s
Ep 243	 reward -14.539	 ms 203.6	 loss 0.182970	 13.7s
Ep 244	 reward -14.389	 ms 201.4	 loss 0.069185	 14.3s
Ep 245	 reward -14.496	 ms 202.9	 loss 0.174012	 16.1s
Ep 246	 reward -14.464	 ms 202.5	 loss 0.178420	 18.1s
Ep 247	 reward -14.479	 ms 202.7	 loss 0.124545	 16.8s
Ep 248	 reward -14.446	 ms 202.2	 loss 0.151124	 15.0s
Ep 249	 reward -14.321	 ms 200.5	 loss 0.133991	 14.5s
[vali @250] rel=0.8143 (best 0.8116)  S=195.8
Ep 250	 reward -14.446	 ms 202.2	 loss 0.176790	 27.5s
Ep 251	 reward -14.421	 ms 201.9	 loss 0.108710	 16.2s
Ep 252	 reward -14.329	 ms 200.6	 loss 0.098562	 15.3s
Ep 253	 reward -14.389	 ms 201.4	 loss 0.124457	 13.6s
Ep 254	 reward -14.454	 ms 202.3	 loss 0.205094	 17.1s
Ep 255	 reward -14.382	 ms 201.3	 loss 0.068850	 16.2s
Ep 256	 reward -14.389	 ms 201.4	 loss 0.104151	 13.8s
Ep 257	 reward -14.382	 ms 201.3	 loss 0.130752	 15.2s
Ep 258	 reward -14.414	 ms 201.8	 loss 0.154420	 17.3s
Ep 259	 reward -14.486	 ms 202.8	 loss 0.156901	 15.7s
Ep 260	 reward -14.357	 ms 201.0	 loss 0.119931	 18.1s
Ep 261	 reward -14.225	 ms 199.2	 loss 0.232682	 13.1s
Ep 262	 reward -14.293	 ms 200.1	 loss 0.147408	 15.4s
Ep 263	 reward -14.104	 ms 197.4	 loss 0.010713	 16.0s
Ep 264	 reward -14.029	 ms 196.4	 loss 0.226154	 15.2s
Ep 265	 reward -14.282	 ms 199.9	 loss 0.052609	 16.1s
Ep 266	 reward -14.089	 ms 197.2	 loss 0.241459	 15.5s
Ep 267	 reward -14.132	 ms 197.8	 loss -0.003123	 14.6s
Ep 268	 reward -14.125	 ms 197.8	 loss 0.356003	 15.0s
Ep 269	 reward -14.125	 ms 197.8	 loss 0.021200	 14.8s
Ep 270	 reward -14.193	 ms 198.7	 loss 0.156298	 13.7s
Ep 271	 reward -14.246	 ms 199.4	 loss 0.169920	 15.9s
Ep 272	 reward -14.157	 ms 198.2	 loss 0.121302	 16.4s
Ep 273	 reward -14.261	 ms 199.7	 loss 0.132721	 17.8s
Ep 274	 reward -14.193	 ms 198.7	 loss 0.144423	 14.4s
[vali @275] rel=0.8116 (best 0.8116)  S=195.1
Ep 275	 reward -14.261	 ms 199.7	 loss 0.103115	 24.8s
Ep 276	 reward -14.207	 ms 198.9	 loss 0.122367	 13.5s
Ep 277	 reward -14.179	 ms 198.5	 loss 0.139208	 13.0s
Ep 278	 reward -14.157	 ms 198.2	 loss 0.200785	 14.4s
Ep 279	 reward -14.150	 ms 198.1	 loss 0.202456	 14.1s
Ep 280	 reward -14.311	 ms 200.3	 loss 0.132662	 15.2s
Ep 281	 reward -13.904	 ms 194.7	 loss 0.306303	 16.4s
Ep 282	 reward -13.900	 ms 194.6	 loss 0.317225	 11.6s
Ep 283	 reward -13.854	 ms 193.9	 loss 0.363656	 13.7s
Ep 284	 reward -13.836	 ms 193.7	 loss 0.317655	 13.5s
Ep 285	 reward -13.904	 ms 194.7	 loss 0.305795	 13.7s
Ep 286	 reward -13.854	 ms 193.9	 loss 0.263520	 16.3s
Ep 287	 reward -13.893	 ms 194.5	 loss 0.279838	 13.5s
Ep 288	 reward -13.814	 ms 193.4	 loss 0.314421	 13.8s
Ep 289	 reward -13.814	 ms 193.4	 loss 0.304276	 13.6s
Ep 290	 reward -13.957	 ms 195.4	 loss 0.311328	 15.1s
Ep 291	 reward -13.936	 ms 195.1	 loss 0.310720	 12.9s
Ep 292	 reward -13.879	 ms 194.3	 loss 0.336801	 14.6s
Ep 293	 reward -13.786	 ms 193.0	 loss 0.229281	 14.0s
Ep 294	 reward -13.939	 ms 195.2	 loss 0.339899	 14.6s
Ep 295	 reward -13.864	 ms 194.1	 loss 0.222294	 15.2s
Ep 296	 reward -13.907	 ms 194.7	 loss 0.289261	 15.1s
Ep 297	 reward -13.868	 ms 194.2	 loss 0.293916	 13.9s
Ep 298	 reward -14.079	 ms 197.1	 loss 0.343438	 15.1s
Ep 299	 reward -13.843	 ms 193.8	 loss 0.317139	 14.9s
[vali @300] rel=0.8105 (best 0.8105)  S=194.8
Ep 300	 reward -13.993	 ms 195.9	 loss 0.308655	 23.9s
Ep 301	 reward -14.032	 ms 196.4	 loss 0.133578	 14.3s
Ep 302	 reward -14.086	 ms 197.2	 loss 0.048877	 14.4s
Ep 303	 reward -14.025	 ms 196.3	 loss 0.216917	 15.6s
Ep 304	 reward -14.118	 ms 197.7	 loss 0.196545	 12.4s
Ep 305	 reward -14.111	 ms 197.6	 loss 0.076693	 14.1s
Ep 306	 reward -14.018	 ms 196.2	 loss 0.102962	 13.7s
Ep 307	 reward -14.132	 ms 197.8	 loss 0.163177	 13.5s
Ep 308	 reward -14.082	 ms 197.2	 loss 0.144901	 13.3s
Ep 309	 reward -14.211	 ms 198.9	 loss 0.046183	 15.1s
Ep 310	 reward -14.125	 ms 197.8	 loss 0.061377	 14.5s
Ep 311	 reward -14.082	 ms 197.2	 loss 0.056436	 16.1s
Ep 312	 reward -14.068	 ms 196.9	 loss 0.171049	 11.8s
Ep 313	 reward -14.014	 ms 196.2	 loss 0.065483	 12.9s
Ep 314	 reward -14.029	 ms 196.4	 loss 0.014342	 13.6s
Ep 315	 reward -13.986	 ms 195.8	 loss 0.178662	 13.7s
Ep 316	 reward -13.932	 ms 195.1	 loss 0.071522	 14.7s
Ep 317	 reward -14.104	 ms 197.4	 loss 0.094859	 14.6s
Ep 318	 reward -14.075	 ms 197.1	 loss 0.130079	 13.8s
Ep 319	 reward -14.046	 ms 196.7	 loss 0.089568	 13.9s
Ep 320	 reward -14.100	 ms 197.4	 loss 0.133239	 13.7s
Ep 321	 reward -14.139	 ms 197.9	 loss 0.045159	 13.9s
Ep 322	 reward -14.193	 ms 198.7	 loss 0.039874	 13.6s
Ep 323	 reward -14.204	 ms 198.8	 loss 0.048226	 13.8s
Ep 324	 reward -14.179	 ms 198.5	 loss 0.005530	 12.6s
[vali @325] rel=0.8161 (best 0.8105)  S=196.2
Ep 325	 reward -14.146	 ms 198.1	 loss 0.017599	 26.7s
Ep 326	 reward -14.221	 ms 199.1	 loss 0.072620	 14.5s
Ep 327	 reward -14.236	 ms 199.3	 loss 0.035387	 15.8s
Ep 328	 reward -14.229	 ms 199.2	 loss 0.003855	 15.3s
Ep 329	 reward -14.100	 ms 197.4	 loss -0.027147	 14.6s
Ep 330	 reward -14.254	 ms 199.6	 loss -0.000068	 15.0s
Ep 331	 reward -14.275	 ms 199.8	 loss -0.019190	 14.6s
Ep 332	 reward -14.168	 ms 198.3	 loss 0.052726	 15.5s
Ep 333	 reward -14.196	 ms 198.8	 loss -0.012585	 12.9s
Ep 334	 reward -14.261	 ms 199.7	 loss 0.015032	 13.8s
Ep 335	 reward -14.414	 ms 201.8	 loss 0.047610	 12.8s
Ep 336	 reward -14.332	 ms 200.7	 loss 0.039258	 14.9s
Ep 337	 reward -14.232	 ms 199.2	 loss 0.060189	 13.4s
Ep 338	 reward -14.339	 ms 200.8	 loss 0.077854	 13.8s
Ep 339	 reward -14.346	 ms 200.8	 loss 0.076576	 14.3s
Ep 340	 reward -14.268	 ms 199.8	 loss 0.022549	 13.8s
Ep 341	 reward -14.521	 ms 203.3	 loss 0.085767	 15.2s
Ep 342	 reward -14.486	 ms 202.8	 loss 0.190596	 14.6s
Ep 343	 reward -14.432	 ms 202.1	 loss 0.067330	 14.7s
Ep 344	 reward -14.539	 ms 203.6	 loss 0.142442	 14.6s
Ep 345	 reward -14.411	 ms 201.8	 loss 0.240840	 14.5s
Ep 346	 reward -14.493	 ms 202.9	 loss 0.225497	 16.1s
Ep 347	 reward -14.321	 ms 200.5	 loss 0.130596	 14.3s
Ep 348	 reward -14.457	 ms 202.4	 loss 0.047843	 13.3s
Ep 349	 reward -14.432	 ms 202.1	 loss 0.113052	 12.2s
[vali @350] rel=0.8218 (best 0.8105)  S=197.6
Ep 350	 reward -14.464	 ms 202.5	 loss 0.026214	 21.0s
Ep 351	 reward -14.496	 ms 202.9	 loss 0.281298	 12.0s
Ep 352	 reward -14.332	 ms 200.7	 loss 0.063901	 11.4s
Ep 353	 reward -14.489	 ms 202.8	 loss 0.054635	 11.5s
Ep 354	 reward -14.529	 ms 203.4	 loss 0.163702	 11.2s
Ep 355	 reward -14.411	 ms 201.8	 loss 0.030720	 10.6s
Ep 356	 reward -14.511	 ms 203.2	 loss 0.061255	 11.3s
Ep 357	 reward -14.554	 ms 203.8	 loss 0.151725	 11.0s
Ep 358	 reward -14.729	 ms 206.2	 loss 0.192005	 11.1s
Ep 359	 reward -14.586	 ms 204.2	 loss 0.153012	 10.8s
Ep 360	 reward -14.539	 ms 203.6	 loss 0.158272	 11.2s
Ep 361	 reward -14.264	 ms 199.7	 loss 0.068766	 12.0s
Ep 362	 reward -14.282	 ms 199.9	 loss 0.002228	 12.1s
Ep 363	 reward -14.218	 ms 199.1	 loss 0.101468	 11.5s
Ep 364	 reward -14.329	 ms 200.6	 loss 0.127031	 11.9s
Ep 365	 reward -14.264	 ms 199.7	 loss -0.011213	 11.4s
Ep 366	 reward -14.196	 ms 198.8	 loss 0.006509	 11.1s
Ep 367	 reward -14.346	 ms 200.8	 loss 0.077006	 11.6s
Ep 368	 reward -14.304	 ms 200.2	 loss 0.066762	 10.9s
Ep 369	 reward -14.296	 ms 200.2	 loss 0.090083	 10.2s
Ep 370	 reward -14.200	 ms 198.8	 loss -0.004876	 11.6s
Ep 371	 reward -14.243	 ms 199.4	 loss -0.010074	 11.3s
Ep 372	 reward -14.332	 ms 200.7	 loss 0.023415	 10.6s
Ep 373	 reward -14.268	 ms 199.8	 loss 0.061265	 11.4s
Ep 374	 reward -14.296	 ms 200.2	 loss 0.012812	 11.6s
[vali @375] rel=0.8101 (best 0.8101)  S=194.8
Ep 375	 reward -14.243	 ms 199.4	 loss 0.036056	 19.1s
Ep 376	 reward -14.404	 ms 201.7	 loss 0.080302	 11.7s
Ep 377	 reward -14.250	 ms 199.5	 loss 0.041654	 11.9s
Ep 378	 reward -14.261	 ms 199.7	 loss 0.061661	 11.2s
Ep 379	 reward -14.225	 ms 199.2	 loss 0.191281	 11.9s
Ep 380	 reward -14.143	 ms 198.0	 loss -0.001481	 11.4s
Ep 381	 reward -14.050	 ms 196.7	 loss 0.337437	 11.3s
Ep 382	 reward -14.004	 ms 196.1	 loss 0.158754	 10.7s
Ep 383	 reward -14.179	 ms 198.5	 loss 0.249785	 11.5s
Ep 384	 reward -14.121	 ms 197.7	 loss 0.270965	 10.5s
Ep 385	 reward -14.082	 ms 197.2	 loss 0.166981	 11.7s
Ep 386	 reward -14.057	 ms 196.8	 loss 0.095664	 10.9s
Ep 387	 reward -14.068	 ms 196.9	 loss 0.246432	 11.5s
Ep 388	 reward -14.029	 ms 196.4	 loss 0.307713	 10.3s
Ep 389	 reward -14.032	 ms 196.4	 loss 0.187622	 11.6s
Ep 390	 reward -14.089	 ms 197.2	 loss 0.183957	 11.3s
Ep 391	 reward -13.882	 ms 194.3	 loss 0.198989	 14.8s
Ep 392	 reward -14.111	 ms 197.6	 loss 0.186883	 10.8s
Ep 393	 reward -13.932	 ms 195.1	 loss 0.226588	 13.8s
Ep 394	 reward -14.036	 ms 196.5	 loss 0.254949	 9.1s
Ep 395	 reward -13.982	 ms 195.8	 loss 0.148370	 10.9s
Ep 396	 reward -13.946	 ms 195.2	 loss 0.277188	 10.5s
Ep 397	 reward -14.086	 ms 197.2	 loss 0.129063	 10.9s
Ep 398	 reward -13.961	 ms 195.4	 loss 0.180908	 12.4s
Ep 399	 reward -14.021	 ms 196.3	 loss 0.138336	 12.6s
[vali @400] rel=0.8124 (best 0.8101)  S=195.3
Ep 400	 reward -13.986	 ms 195.8	 loss 0.184582	 19.0s
Ep 401	 reward -14.143	 ms 198.0	 loss 0.266628	 12.0s
Ep 402	 reward -14.118	 ms 197.7	 loss 0.221252	 11.4s
Ep 403	 reward -14.089	 ms 197.2	 loss 0.202000	 11.3s
Ep 404	 reward -14.075	 ms 197.1	 loss 0.182476	 11.8s
Ep 405	 reward -14.089	 ms 197.2	 loss 0.285661	 11.3s
Ep 406	 reward -14.086	 ms 197.2	 loss 0.252778	 12.5s
Ep 407	 reward -13.989	 ms 195.8	 loss 0.243991	 13.1s
Ep 408	 reward -14.136	 ms 197.9	 loss 0.306778	 11.5s
Ep 409	 reward -14.029	 ms 196.4	 loss 0.265832	 12.0s
Ep 410	 reward -13.993	 ms 195.9	 loss 0.212451	 10.7s
Ep 411	 reward -14.029	 ms 196.4	 loss 0.166472	 11.8s
Ep 412	 reward -14.032	 ms 196.4	 loss 0.261007	 11.7s
Ep 413	 reward -14.071	 ms 197.0	 loss 0.268929	 11.1s
Ep 414	 reward -14.014	 ms 196.2	 loss 0.229921	 12.2s
Ep 415	 reward -14.007	 ms 196.1	 loss 0.264864	 12.2s
Ep 416	 reward -14.046	 ms 196.7	 loss 0.282225	 11.5s
Ep 417	 reward -14.032	 ms 196.4	 loss 0.285177	 11.6s
Ep 418	 reward -14.036	 ms 196.5	 loss 0.223224	 11.5s
Ep 419	 reward -13.900	 ms 194.6	 loss 0.225120	 11.4s
Ep 420	 reward -13.979	 ms 195.7	 loss 0.167940	 10.2s
Ep 421	 reward -14.129	 ms 197.8	 loss 0.114443	 11.2s
Ep 422	 reward -14.139	 ms 197.9	 loss 0.013260	 11.7s
Ep 423	 reward -14.118	 ms 197.7	 loss 0.112180	 10.5s
Ep 424	 reward -14.168	 ms 198.3	 loss 0.151930	 12.1s
[vali @425] rel=0.8122 (best 0.8101)  S=195.2
Ep 425	 reward -14.104	 ms 197.4	 loss 0.250521	 20.0s
Ep 426	 reward -14.143	 ms 198.0	 loss 0.044301	 12.6s
Ep 427	 reward -14.275	 ms 199.8	 loss 0.234238	 12.7s
Ep 428	 reward -14.071	 ms 197.0	 loss 0.147089	 11.4s
Ep 429	 reward -14.311	 ms 200.3	 loss 0.107916	 11.6s
Ep 430	 reward -14.232	 ms 199.2	 loss 0.096457	 10.9s
Ep 431	 reward -14.229	 ms 199.2	 loss 0.119876	 12.3s
Ep 432	 reward -14.207	 ms 198.9	 loss 0.260320	 11.0s
Ep 433	 reward -14.107	 ms 197.5	 loss 0.077226	 11.5s
Ep 434	 reward -14.136	 ms 197.9	 loss -0.017300	 11.3s
Ep 435	 reward -14.200	 ms 198.8	 loss 0.082247	 12.1s
Ep 436	 reward -14.221	 ms 199.1	 loss 0.099543	 12.0s
Ep 437	 reward -14.186	 ms 198.6	 loss 0.255771	 13.7s
Ep 438	 reward -14.125	 ms 197.8	 loss 0.083638	 13.6s
Ep 439	 reward -14.225	 ms 199.2	 loss 0.056536	 11.4s
Ep 440	 reward -14.143	 ms 198.0	 loss -0.013994	 13.1s
Ep 441	 reward -14.421	 ms 201.9	 loss 0.094573	 12.7s
Ep 442	 reward -14.236	 ms 199.3	 loss 0.036491	 11.6s
Ep 443	 reward -14.225	 ms 199.2	 loss 0.035878	 13.1s
Ep 444	 reward -14.346	 ms 200.8	 loss -0.012291	 12.0s
Ep 445	 reward -14.368	 ms 201.2	 loss 0.134840	 10.8s
Ep 446	 reward -14.318	 ms 200.4	 loss 0.018647	 10.9s
Ep 447	 reward -14.186	 ms 198.6	 loss 0.007423	 12.9s
Ep 448	 reward -14.211	 ms 198.9	 loss -0.016904	 11.0s
Ep 449	 reward -14.236	 ms 199.3	 loss 0.031858	 15.1s
[vali @450] rel=0.8147 (best 0.8101)  S=195.8
Ep 450	 reward -14.275	 ms 199.8	 loss -0.030641	 20.2s
Ep 451	 reward -14.168	 ms 198.3	 loss 0.019638	 11.8s
Ep 452	 reward -14.304	 ms 200.2	 loss 0.085984	 11.8s
Ep 453	 reward -14.254	 ms 199.6	 loss 0.086837	 13.3s
Ep 454	 reward -14.218	 ms 199.1	 loss -0.034867	 13.1s
Ep 455	 reward -14.189	 ms 198.7	 loss -0.008212	 13.5s
Ep 456	 reward -14.307	 ms 200.3	 loss 0.020870	 11.2s
Ep 457	 reward -14.318	 ms 200.4	 loss 0.070374	 14.5s
Ep 458	 reward -14.339	 ms 200.8	 loss -0.016633	 11.0s
Ep 459	 reward -14.346	 ms 200.8	 loss 0.029556	 12.9s
Ep 460	 reward -14.161	 ms 198.2	 loss -0.005357	 11.3s
Ep 461	 reward -14.318	 ms 200.4	 loss 0.126924	 13.2s
Ep 462	 reward -14.439	 ms 202.2	 loss 0.149554	 15.4s
Ep 463	 reward -14.189	 ms 198.7	 loss 0.088350	 13.4s
Ep 464	 reward -14.275	 ms 199.8	 loss 0.191344	 11.5s
Ep 465	 reward -14.289	 ms 200.1	 loss 0.236786	 11.3s
Ep 466	 reward -14.321	 ms 200.5	 loss 0.070936	 11.5s
Ep 467	 reward -14.221	 ms 199.1	 loss 0.086422	 11.8s
Ep 468	 reward -14.275	 ms 199.8	 loss 0.166836	 10.7s
Ep 469	 reward -14.146	 ms 198.1	 loss 0.110119	 10.2s
Ep 470	 reward -14.204	 ms 198.8	 loss 0.140397	 11.4s
Ep 471	 reward -14.186	 ms 198.6	 loss 0.170715	 11.4s
Ep 472	 reward -14.171	 ms 198.4	 loss 0.184583	 11.0s
Ep 473	 reward -14.357	 ms 201.0	 loss 0.171714	 12.3s
Ep 474	 reward -14.139	 ms 197.9	 loss 0.131441	 11.1s
[vali @475] rel=0.8118 (best 0.8101)  S=195.2
Ep 475	 reward -14.332	 ms 200.7	 loss 0.231587	 19.2s
Ep 476	 reward -14.168	 ms 198.3	 loss 0.135984	 11.4s
Ep 477	 reward -14.243	 ms 199.4	 loss 0.168793	 12.5s
Ep 478	 reward -14.425	 ms 201.9	 loss 0.146020	 13.0s
Ep 479	 reward -14.246	 ms 199.4	 loss 0.083089	 11.1s
Ep 480	 reward -14.329	 ms 200.6	 loss 0.116548	 11.4s
Ep 481	 reward -14.179	 ms 198.5	 loss 0.267628	 11.0s
Ep 482	 reward -14.071	 ms 197.0	 loss 0.197161	 9.4s
Ep 483	 reward -14.114	 ms 197.6	 loss 0.289503	 10.1s
Ep 484	 reward -14.093	 ms 197.3	 loss 0.214443	 9.9s
Ep 485	 reward -14.057	 ms 196.8	 loss 0.231843	 9.8s
Ep 486	 reward -14.118	 ms 197.7	 loss 0.288595	 10.1s
Ep 487	 reward -14.021	 ms 196.3	 loss 0.220799	 9.8s
Ep 488	 reward -14.011	 ms 196.2	 loss 0.285756	 10.0s
Ep 489	 reward -14.021	 ms 196.3	 loss 0.287467	 11.3s
Ep 490	 reward -14.089	 ms 197.2	 loss 0.241893	 11.0s
Ep 491	 reward -14.050	 ms 196.7	 loss 0.242733	 11.6s
Ep 492	 reward -14.036	 ms 196.5	 loss 0.289484	 11.3s
Ep 493	 reward -14.164	 ms 198.3	 loss 0.242818	 12.1s
Ep 494	 reward -14.111	 ms 197.6	 loss 0.281620	 11.4s
Ep 495	 reward -13.982	 ms 195.8	 loss 0.280461	 9.6s
Ep 496	 reward -14.121	 ms 197.7	 loss 0.245335	 10.8s
Ep 497	 reward -14.071	 ms 197.0	 loss 0.274844	 11.0s
Ep 498	 reward -14.121	 ms 197.7	 loss 0.133069	 9.8s
Ep 499	 reward -13.982	 ms 195.8	 loss 0.304694	 10.7s
[vali @500] rel=0.8091 (best 0.8091)  S=194.5
Ep 500	 reward -14.136	 ms 197.9	 loss 0.284162	 15.8s
Ep 501	 reward -14.150	 ms 198.1	 loss 0.317054	 9.6s
Ep 502	 reward -14.043	 ms 196.6	 loss 0.245849	 11.1s
Ep 503	 reward -14.118	 ms 197.7	 loss 0.274261	 10.4s
Ep 504	 reward -14.039	 ms 196.6	 loss 0.347152	 10.2s
Ep 505	 reward -14.046	 ms 196.7	 loss 0.253264	 9.9s
Ep 506	 reward -14.125	 ms 197.8	 loss 0.093514	 11.0s
Ep 507	 reward -14.054	 ms 196.8	 loss 0.261813	 9.9s
Ep 508	 reward -14.039	 ms 196.6	 loss 0.205170	 9.3s
Ep 509	 reward -13.950	 ms 195.3	 loss 0.224994	 9.6s
Ep 510	 reward -14.096	 ms 197.3	 loss 0.198172	 9.3s
Ep 511	 reward -14.189	 ms 198.7	 loss 0.133991	 9.1s
Ep 512	 reward -14.018	 ms 196.2	 loss 0.123879	 9.3s
Ep 513	 reward -14.132	 ms 197.8	 loss 0.130743	 10.1s
Ep 514	 reward -14.114	 ms 197.6	 loss 0.188666	 10.2s
Ep 515	 reward -14.011	 ms 196.2	 loss 0.104137	 10.3s
Ep 516	 reward -14.111	 ms 197.6	 loss 0.212373	 10.4s
Ep 517	 reward -14.114	 ms 197.6	 loss 0.193124	 10.5s
Ep 518	 reward -14.143	 ms 198.0	 loss 0.077249	 10.0s
Ep 519	 reward -13.968	 ms 195.6	 loss 0.167940	 11.0s
Ep 520	 reward -14.014	 ms 196.2	 loss 0.254467	 11.2s
Ep 521	 reward -14.132	 ms 197.8	 loss 0.232312	 11.5s
Ep 522	 reward -14.093	 ms 197.3	 loss 0.192317	 10.9s
Ep 523	 reward -14.125	 ms 197.8	 loss 0.238306	 11.0s
Ep 524	 reward -14.021	 ms 196.3	 loss 0.224766	 10.2s
[vali @525] rel=0.8101 (best 0.8091)  S=194.8
Ep 525	 reward -14.200	 ms 198.8	 loss 0.214281	 16.6s
Ep 526	 reward -14.061	 ms 196.8	 loss 0.229833	 9.9s
Ep 527	 reward -14.093	 ms 197.3	 loss 0.177877	 10.8s
Ep 528	 reward -13.918	 ms 194.8	 loss 0.165288	 10.2s
Ep 529	 reward -14.000	 ms 196.0	 loss 0.162630	 10.8s
Ep 530	 reward -14.029	 ms 196.4	 loss 0.150052	 11.1s
Ep 531	 reward -14.093	 ms 197.3	 loss 0.238394	 10.5s
Ep 532	 reward -13.968	 ms 195.6	 loss 0.195477	 11.6s
Ep 533	 reward -13.982	 ms 195.8	 loss 0.198537	 10.6s
Ep 534	 reward -14.075	 ms 197.1	 loss 0.211084	 10.7s
Ep 535	 reward -14.057	 ms 196.8	 loss 0.191589	 10.3s
Ep 536	 reward -13.996	 ms 195.9	 loss 0.153715	 10.5s
Ep 537	 reward -14.054	 ms 196.8	 loss 0.175105	 9.9s
Ep 538	 reward -14.100	 ms 197.4	 loss 0.220167	 11.0s
Ep 539	 reward -14.082	 ms 197.2	 loss 0.213060	 10.8s
Ep 540	 reward -14.118	 ms 197.7	 loss 0.226989	 10.6s
Ep 541	 reward -14.321	 ms 200.5	 loss 0.250592	 10.9s
Ep 542	 reward -14.386	 ms 201.4	 loss 0.141954	 10.4s
Ep 543	 reward -14.382	 ms 201.3	 loss 0.202700	 11.8s
Ep 544	 reward -14.343	 ms 200.8	 loss 0.218683	 10.7s
Ep 545	 reward -14.293	 ms 200.1	 loss 0.203867	 10.4s
Ep 546	 reward -14.296	 ms 200.2	 loss 0.244547	 10.9s
Ep 547	 reward -14.371	 ms 201.2	 loss 0.189760	 12.0s
Ep 548	 reward -14.318	 ms 200.4	 loss 0.167520	 11.8s
Ep 549	 reward -14.332	 ms 200.7	 loss 0.216945	 10.8s
[vali @550] rel=0.8028 (best 0.8028)  S=193.0
Ep 550	 reward -14.346	 ms 200.8	 loss 0.209003	 17.7s
Ep 551	 reward -14.386	 ms 201.4	 loss 0.187931	 10.8s
Ep 552	 reward -14.454	 ms 202.3	 loss 0.173063	 11.2s
Ep 553	 reward -14.321	 ms 200.5	 loss 0.232434	 11.3s
Ep 554	 reward -14.461	 ms 202.4	 loss 0.189790	 11.3s
Ep 555	 reward -14.407	 ms 201.7	 loss 0.241349	 11.4s
Ep 556	 reward -14.343	 ms 200.8	 loss 0.224711	 11.4s
Ep 557	 reward -14.332	 ms 200.7	 loss 0.199765	 11.4s
Ep 558	 reward -14.461	 ms 202.4	 loss 0.256274	 11.5s
Ep 559	 reward -14.432	 ms 202.1	 loss 0.183436	 11.3s
Ep 560	 reward -14.307	 ms 200.3	 loss 0.136039	 10.8s
Ep 561	 reward -14.354	 ms 200.9	 loss 0.253651	 11.4s
Ep 562	 reward -14.446	 ms 202.2	 loss 0.233192	 11.0s
Ep 563	 reward -14.243	 ms 199.4	 loss 0.240179	 11.0s
Ep 564	 reward -14.286	 ms 200.0	 loss 0.220884	 11.0s
Ep 565	 reward -14.289	 ms 200.1	 loss 0.308809	 10.7s
Ep 566	 reward -14.318	 ms 200.4	 loss 0.235854	 11.0s
Ep 567	 reward -14.282	 ms 199.9	 loss 0.129102	 10.5s
Ep 568	 reward -14.329	 ms 200.6	 loss 0.186236	 10.5s
Ep 569	 reward -14.389	 ms 201.4	 loss 0.282478	 10.6s
Ep 570	 reward -14.425	 ms 201.9	 loss 0.197571	 10.9s
Ep 571	 reward -14.321	 ms 200.5	 loss 0.119724	 11.0s
Ep 572	 reward -14.407	 ms 201.7	 loss 0.173962	 10.8s
Ep 573	 reward -14.393	 ms 201.5	 loss 0.210510	 10.6s
Ep 574	 reward -14.439	 ms 202.2	 loss 0.218086	 11.6s
[vali @575] rel=0.8080 (best 0.8028)  S=194.2
Ep 575	 reward -14.357	 ms 201.0	 loss 0.232974	 18.4s
Ep 576	 reward -14.282	 ms 199.9	 loss 0.258513	 11.9s
Ep 577	 reward -14.368	 ms 201.2	 loss 0.203785	 11.1s
Ep 578	 reward -14.336	 ms 200.7	 loss 0.247107	 12.1s
Ep 579	 reward -14.389	 ms 201.4	 loss 0.225209	 13.1s
Ep 580	 reward -14.346	 ms 200.8	 loss 0.262192	 12.5s
Ep 581	 reward -14.236	 ms 199.3	 loss 0.038899	 11.8s
Ep 582	 reward -14.179	 ms 198.5	 loss 0.070870	 11.7s
Ep 583	 reward -14.264	 ms 199.7	 loss 0.055471	 12.4s
Ep 584	 reward -14.250	 ms 199.5	 loss 0.033798	 12.7s
Ep 585	 reward -14.075	 ms 197.1	 loss 0.001470	 11.5s
Ep 586	 reward -14.214	 ms 199.0	 loss 0.042165	 12.0s
Ep 587	 reward -14.154	 ms 198.2	 loss -0.025901	 11.5s
Ep 588	 reward -14.275	 ms 199.8	 loss 0.045170	 11.3s
Ep 589	 reward -14.132	 ms 197.8	 loss -0.030518	 11.5s
Ep 590	 reward -14.250	 ms 199.5	 loss 0.056950	 10.8s
Ep 591	 reward -14.196	 ms 198.8	 loss -0.016298	 11.6s
Ep 592	 reward -14.171	 ms 198.4	 loss 0.055189	 11.5s
Ep 593	 reward -14.204	 ms 198.8	 loss 0.043332	 11.3s
Ep 594	 reward -14.275	 ms 199.8	 loss 0.056702	 10.8s
Ep 595	 reward -14.332	 ms 200.7	 loss 0.021094	 10.9s
Ep 596	 reward -14.254	 ms 199.6	 loss 0.056990	 10.6s
Ep 597	 reward -14.179	 ms 198.5	 loss 0.018507	 10.7s
Ep 598	 reward -14.421	 ms 201.9	 loss 0.058056	 10.5s
Ep 599	 reward -14.325	 ms 200.6	 loss 0.051016	 10.5s
[vali @600] rel=0.8053 (best 0.8028)  S=193.6
Ep 600	 reward -14.357	 ms 201.0	 loss 0.094621	 19.4s
Ep 601	 reward -14.593	 ms 204.3	 loss 0.197386	 11.9s
Ep 602	 reward -14.411	 ms 201.8	 loss 0.270639	 11.3s
Ep 603	 reward -14.464	 ms 202.5	 loss 0.244680	 10.9s
Ep 604	 reward -14.461	 ms 202.4	 loss 0.250066	 12.3s
Ep 605	 reward -14.607	 ms 204.5	 loss 0.266943	 11.9s
Ep 606	 reward -14.464	 ms 202.5	 loss 0.246976	 11.7s
Ep 607	 reward -14.546	 ms 203.7	 loss 0.210727	 12.2s
Ep 608	 reward -14.550	 ms 203.7	 loss 0.272808	 12.0s
Ep 609	 reward -14.471	 ms 202.6	 loss 0.293414	 12.2s
Ep 610	 reward -14.536	 ms 203.5	 loss 0.247640	 12.5s
Ep 611	 reward -14.682	 ms 205.6	 loss 0.303850	 12.0s
Ep 612	 reward -14.511	 ms 203.2	 loss 0.253676	 12.4s
Ep 613	 reward -14.539	 ms 203.6	 loss 0.224427	 13.1s
Ep 614	 reward -14.514	 ms 203.2	 loss 0.254200	 11.0s
Ep 615	 reward -14.521	 ms 203.3	 loss 0.272133	 11.7s
Ep 616	 reward -14.489	 ms 202.8	 loss 0.231059	 11.8s
Ep 617	 reward -14.529	 ms 203.4	 loss 0.215460	 12.3s
Ep 618	 reward -14.561	 ms 203.8	 loss 0.168988	 11.5s
Ep 619	 reward -14.529	 ms 203.4	 loss 0.226212	 11.7s
Ep 620	 reward -14.514	 ms 203.2	 loss 0.262044	 11.4s
Ep 621	 reward -14.054	 ms 196.8	 loss 0.289442	 12.2s
Ep 622	 reward -14.093	 ms 197.3	 loss 0.228263	 12.0s
Ep 623	 reward -14.043	 ms 196.6	 loss 0.189376	 11.5s
Ep 624	 reward -14.104	 ms 197.4	 loss 0.236073	 11.0s
[vali @625] rel=0.8024 (best 0.8024)  S=192.9
Ep 625	 reward -14.014	 ms 196.2	 loss 0.078412	 19.3s
Ep 626	 reward -14.007	 ms 196.1	 loss 0.079623	 11.4s
Ep 627	 reward -14.029	 ms 196.4	 loss 0.261703	 11.2s
Ep 628	 reward -13.993	 ms 195.9	 loss 0.235591	 12.1s
Ep 629	 reward -13.946	 ms 195.2	 loss 0.204717	 11.9s
Ep 630	 reward -13.979	 ms 195.7	 loss 0.209913	 11.3s
Ep 631	 reward -14.050	 ms 196.7	 loss 0.220496	 11.7s
Ep 632	 reward -14.046	 ms 196.7	 loss 0.096112	 10.2s
Ep 633	 reward -14.064	 ms 196.9	 loss 0.119760	 11.0s
Ep 634	 reward -14.057	 ms 196.8	 loss 0.232368	 10.5s
Ep 635	 reward -13.882	 ms 194.3	 loss 0.181707	 11.2s
Ep 636	 reward -13.986	 ms 195.8	 loss 0.171189	 10.9s
Ep 637	 reward -14.011	 ms 196.2	 loss 0.084611	 10.9s
Ep 638	 reward -14.036	 ms 196.5	 loss 0.209420	 11.2s
Ep 639	 reward -14.189	 ms 198.7	 loss 0.207956	 10.8s
Ep 640	 reward -14.068	 ms 196.9	 loss 0.130804	 11.2s
Ep 641	 reward -14.518	 ms 203.2	 loss 0.134528	 10.9s
Ep 642	 reward -14.457	 ms 202.4	 loss 0.027079	 10.9s
Ep 643	 reward -14.439	 ms 202.2	 loss 0.025039	 11.5s
Ep 644	 reward -14.389	 ms 201.4	 loss -0.007695	 10.9s
Ep 645	 reward -14.414	 ms 201.8	 loss 0.073365	 10.9s
Ep 646	 reward -14.414	 ms 201.8	 loss 0.054373	 10.9s
Ep 647	 reward -14.364	 ms 201.1	 loss 0.048479	 10.9s
Ep 648	 reward -14.518	 ms 203.2	 loss 0.010855	 11.1s
Ep 649	 reward -14.482	 ms 202.8	 loss -0.035083	 10.9s
[vali @650] rel=0.8041 (best 0.8024)  S=193.3
Ep 650	 reward -14.411	 ms 201.8	 loss 0.067504	 16.6s
Ep 651	 reward -14.350	 ms 200.9	 loss -0.014152	 11.0s
Ep 652	 reward -14.429	 ms 202.0	 loss 0.033455	 11.0s
Ep 653	 reward -14.332	 ms 200.7	 loss 0.037642	 10.9s
Ep 654	 reward -14.357	 ms 201.0	 loss 0.072883	 11.1s
Ep 655	 reward -14.450	 ms 202.3	 loss 0.131476	 11.1s
Ep 656	 reward -14.382	 ms 201.3	 loss 0.040258	 11.6s
Ep 657	 reward -14.443	 ms 202.2	 loss 0.063105	 11.3s
Ep 658	 reward -14.500	 ms 203.0	 loss 0.023456	 11.5s
Ep 659	 reward -14.436	 ms 202.1	 loss 0.029911	 11.7s
Ep 660	 reward -14.389	 ms 201.4	 loss 0.109410	 12.7s
Ep 661	 reward -13.629	 ms 190.8	 loss 0.228933	 11.6s
Ep 662	 reward -13.479	 ms 188.7	 loss 0.218795	 12.1s
Ep 663	 reward -13.554	 ms 189.8	 loss 0.197735	 12.4s
Ep 664	 reward -13.582	 ms 190.2	 loss 0.234476	 12.2s
Ep 665	 reward -13.564	 ms 189.9	 loss 0.178035	 11.6s
Ep 666	 reward -13.636	 ms 190.9	 loss -0.111541	 11.3s
Ep 667	 reward -13.593	 ms 190.3	 loss 0.196058	 11.5s
Ep 668	 reward -13.600	 ms 190.4	 loss 0.141418	 11.1s
Ep 669	 reward -13.632	 ms 190.8	 loss 0.225520	 11.9s
Ep 670	 reward -13.646	 ms 191.1	 loss 0.190005	 12.1s
Ep 671	 reward -13.668	 ms 191.3	 loss 0.014455	 12.1s
Ep 672	 reward -13.732	 ms 192.2	 loss 0.138737	 11.7s
Ep 673	 reward -13.521	 ms 189.3	 loss 0.028200	 12.0s
Ep 674	 reward -13.521	 ms 189.3	 loss 0.178043	 12.1s
[vali @675] rel=0.8064 (best 0.8024)  S=193.8
Ep 675	 reward -13.614	 ms 190.6	 loss 0.157752	 18.8s
Ep 676	 reward -13.600	 ms 190.4	 loss 0.153909	 10.9s
Ep 677	 reward -13.536	 ms 189.5	 loss 0.128974	 10.8s
Ep 678	 reward -13.646	 ms 191.1	 loss 0.190950	 11.0s
Ep 679	 reward -13.579	 ms 190.1	 loss 0.155187	 10.4s
Ep 680	 reward -13.514	 ms 189.2	 loss 0.133562	 11.1s
Ep 681	 reward -14.379	 ms 201.3	 loss 0.263186	 10.4s
Ep 682	 reward -14.539	 ms 203.6	 loss 0.196400	 10.7s
Ep 683	 reward -14.386	 ms 201.4	 loss 0.259123	 10.6s
Ep 684	 reward -14.171	 ms 198.4	 loss 0.130946	 10.6s
Ep 685	 reward -14.404	 ms 201.7	 loss 0.285874	 11.2s
Ep 686	 reward -14.325	 ms 200.6	 loss 0.232379	 10.4s
Ep 687	 reward -14.368	 ms 201.2	 loss 0.277833	 10.7s
Ep 688	 reward -14.246	 ms 199.4	 loss 0.112075	 10.4s
Ep 689	 reward -14.404	 ms 201.7	 loss 0.149614	 10.8s
Ep 690	 reward -14.314	 ms 200.4	 loss 0.209530	 11.0s
Ep 691	 reward -14.343	 ms 200.8	 loss 0.073257	 10.9s
Ep 692	 reward -14.568	 ms 203.9	 loss 0.209670	 11.0s
Ep 693	 reward -14.493	 ms 202.9	 loss 0.165473	 10.9s
Ep 694	 reward -14.343	 ms 200.8	 loss 0.093676	 11.2s
Ep 695	 reward -14.375	 ms 201.2	 loss 0.224941	 11.0s
Ep 696	 reward -14.564	 ms 203.9	 loss 0.250005	 11.2s
Ep 697	 reward -14.371	 ms 201.2	 loss 0.142387	 11.3s
Ep 698	 reward -14.511	 ms 203.2	 loss 0.163123	 11.8s
Ep 699	 reward -14.293	 ms 200.1	 loss 0.185582	 11.7s
[vali @700] rel=0.8072 (best 0.8024)  S=194.1
Ep 700	 reward -14.436	 ms 202.1	 loss 0.193471	 18.4s
Ep 701	 reward -14.221	 ms 199.1	 loss 0.034737	 12.0s
Ep 702	 reward -14.207	 ms 198.9	 loss 0.054440	 11.7s
Ep 703	 reward -14.364	 ms 201.1	 loss 0.081142	 11.3s
Ep 704	 reward -14.254	 ms 199.6	 loss 0.021777	 11.6s
Ep 705	 reward -14.207	 ms 198.9	 loss 0.017305	 11.9s
Ep 706	 reward -14.286	 ms 200.0	 loss 0.057220	 12.7s
Ep 707	 reward -14.264	 ms 199.7	 loss -0.027048	 11.8s
Ep 708	 reward -14.225	 ms 199.2	 loss -0.003716	 12.2s
Ep 709	 reward -14.286	 ms 200.0	 loss 0.072689	 11.2s
Ep 710	 reward -14.207	 ms 198.9	 loss -0.007167	 11.0s
Ep 711	 reward -14.218	 ms 199.1	 loss 0.024641	 11.2s
Ep 712	 reward -14.214	 ms 199.0	 loss 0.002567	 11.8s
Ep 713	 reward -14.311	 ms 200.3	 loss 0.056566	 12.1s
Ep 714	 reward -14.250	 ms 199.5	 loss 0.022919	 11.7s
Ep 715	 reward -14.264	 ms 199.7	 loss 0.043394	 11.5s
Ep 716	 reward -14.164	 ms 198.3	 loss -0.030473	 12.1s
Ep 717	 reward -14.321	 ms 200.5	 loss 0.001743	 10.9s
Ep 718	 reward -14.286	 ms 200.0	 loss 0.033261	 10.6s
Ep 719	 reward -14.207	 ms 198.9	 loss 0.012577	 10.9s
Ep 720	 reward -14.289	 ms 200.1	 loss 0.059139	 11.2s
Ep 721	 reward -13.882	 ms 194.3	 loss 0.115514	 10.9s
Ep 722	 reward -13.964	 ms 195.5	 loss 0.048854	 11.1s
Ep 723	 reward -13.939	 ms 195.2	 loss 0.036792	 11.4s
Ep 724	 reward -14.036	 ms 196.5	 loss 0.207428	 10.9s
[vali @725] rel=0.8039 (best 0.8024)  S=193.2
Ep 725	 reward -13.950	 ms 195.3	 loss 0.018731	 17.7s
Ep 726	 reward -14.071	 ms 197.0	 loss 0.103981	 9.9s
Ep 727	 reward -13.889	 ms 194.4	 loss -0.044601	 10.3s
Ep 728	 reward -13.929	 ms 195.0	 loss 0.002699	 10.6s
Ep 729	 reward -13.932	 ms 195.1	 loss 0.046980	 10.3s
Ep 730	 reward -13.971	 ms 195.6	 loss 0.070441	 10.2s
Ep 731	 reward -13.996	 ms 195.9	 loss 0.127861	 10.4s
Ep 732	 reward -13.886	 ms 194.4	 loss 0.199253	 10.4s
Ep 733	 reward -13.843	 ms 193.8	 loss 0.049092	 10.7s
Ep 734	 reward -13.989	 ms 195.8	 loss 0.141070	 10.5s
Ep 735	 reward -14.011	 ms 196.2	 loss 0.090762	 10.4s
Ep 736	 reward -13.939	 ms 195.2	 loss 0.056761	 11.0s
Ep 737	 reward -13.946	 ms 195.2	 loss 0.156155	 10.4s
Ep 738	 reward -13.854	 ms 193.9	 loss -0.034082	 10.7s
Ep 739	 reward -13.925	 ms 194.9	 loss 0.090847	 10.0s
Ep 740	 reward -13.904	 ms 194.7	 loss 0.080495	 10.7s
Ep 741	 reward -13.811	 ms 193.3	 loss 0.080315	 9.5s
Ep 742	 reward -13.711	 ms 191.9	 loss 0.110657	 10.7s
Ep 743	 reward -13.711	 ms 191.9	 loss -0.033946	 10.3s
Ep 744	 reward -13.714	 ms 192.0	 loss 0.030987	 10.0s
Ep 745	 reward -13.750	 ms 192.5	 loss 0.072158	 10.0s
Ep 746	 reward -13.682	 ms 191.6	 loss -0.021179	 10.2s
Ep 747	 reward -13.779	 ms 192.9	 loss 0.022713	 10.5s
Ep 748	 reward -13.793	 ms 193.1	 loss 0.000510	 10.7s
Ep 749	 reward -13.761	 ms 192.7	 loss 0.034808	 10.4s
[vali @750] rel=0.8093 (best 0.8024)  S=194.6
Ep 750	 reward -13.704	 ms 191.8	 loss 0.042518	 17.2s
Ep 751	 reward -13.761	 ms 192.7	 loss -0.031417	 10.7s
Ep 752	 reward -13.854	 ms 193.9	 loss 0.149772	 10.7s
Ep 753	 reward -13.821	 ms 193.5	 loss 0.095452	 10.5s
Ep 754	 reward -13.821	 ms 193.5	 loss 0.104546	 10.0s
Ep 755	 reward -13.782	 ms 192.9	 loss -0.067047	 9.9s
Ep 756	 reward -13.636	 ms 190.9	 loss 0.040806	 10.4s
Ep 757	 reward -13.832	 ms 193.7	 loss 0.067787	 10.7s
Ep 758	 reward -13.700	 ms 191.8	 loss 0.054364	 10.6s
Ep 759	 reward -13.775	 ms 192.8	 loss -0.065923	 10.4s
Ep 760	 reward -13.768	 ms 192.8	 loss -0.058741	 10.9s
Ep 761	 reward -14.129	 ms 197.8	 loss 0.184957	 10.5s
Ep 762	 reward -14.121	 ms 197.7	 loss 0.157482	 10.7s
Ep 763	 reward -14.179	 ms 198.5	 loss 0.130288	 11.1s
Ep 764	 reward -14.196	 ms 198.8	 loss 0.107980	 10.5s
Ep 765	 reward -14.168	 ms 198.3	 loss 0.111605	 11.2s
Ep 766	 reward -14.189	 ms 198.7	 loss 0.073396	 11.4s
Ep 767	 reward -14.250	 ms 199.5	 loss 0.093412	 11.3s
Ep 768	 reward -14.129	 ms 197.8	 loss 0.116340	 11.5s
Ep 769	 reward -14.157	 ms 198.2	 loss 0.133787	 10.8s
Ep 770	 reward -14.136	 ms 197.9	 loss 0.045567	 11.7s
Ep 771	 reward -14.121	 ms 197.7	 loss 0.027141	 10.4s
Ep 772	 reward -14.211	 ms 198.9	 loss 0.031075	 10.6s
Ep 773	 reward -14.143	 ms 198.0	 loss 0.015935	 10.8s
Ep 774	 reward -14.161	 ms 198.2	 loss 0.181633	 10.7s
[vali @775] rel=0.8018 (best 0.8018)  S=192.8
Ep 775	 reward -14.164	 ms 198.3	 loss 0.086521	 17.7s
Ep 776	 reward -14.150	 ms 198.1	 loss -0.022396	 11.1s
Ep 777	 reward -14.146	 ms 198.1	 loss 0.117153	 11.0s
Ep 778	 reward -14.211	 ms 198.9	 loss -0.008407	 10.2s
Ep 779	 reward -14.129	 ms 197.8	 loss 0.150248	 10.3s
Ep 780	 reward -14.136	 ms 197.9	 loss 0.189999	 10.9s
Ep 781	 reward -14.243	 ms 199.4	 loss 0.093676	 11.4s
Ep 782	 reward -14.204	 ms 198.8	 loss 0.160444	 11.3s
Ep 783	 reward -14.157	 ms 198.2	 loss 0.092374	 11.1s
Ep 784	 reward -14.232	 ms 199.2	 loss 0.154033	 12.0s
Ep 785	 reward -14.132	 ms 197.8	 loss 0.100042	 11.7s
Ep 786	 reward -14.282	 ms 199.9	 loss 0.141840	 10.6s
Ep 787	 reward -14.218	 ms 199.1	 loss 0.091217	 11.1s
Ep 788	 reward -14.311	 ms 200.3	 loss 0.131149	 11.2s
Ep 789	 reward -14.254	 ms 199.6	 loss 0.130272	 11.7s
Ep 790	 reward -14.139	 ms 197.9	 loss 0.201603	 11.0s
Ep 791	 reward -14.196	 ms 198.8	 loss 0.191426	 10.9s
Ep 792	 reward -14.061	 ms 196.8	 loss 0.134284	 12.3s
Ep 793	 reward -14.139	 ms 197.9	 loss 0.037232	 13.8s
Ep 794	 reward -14.157	 ms 198.2	 loss 0.143800	 11.0s
Ep 795	 reward -14.207	 ms 198.9	 loss 0.145443	 13.0s
Ep 796	 reward -14.093	 ms 197.3	 loss 0.104803	 10.8s
Ep 797	 reward -14.018	 ms 196.2	 loss 0.074426	 10.0s
Ep 798	 reward -14.200	 ms 198.8	 loss 0.187996	 11.1s
Ep 799	 reward -14.079	 ms 197.1	 loss 0.060636	 12.6s
[vali @800] rel=0.7997 (best 0.7997)  S=192.2
Ep 800	 reward -14.118	 ms 197.7	 loss 0.147589	 18.0s
Ep 801	 reward -13.818	 ms 193.4	 loss 0.147775	 10.8s
Ep 802	 reward -13.821	 ms 193.5	 loss 0.105178	 11.7s
Ep 803	 reward -13.804	 ms 193.2	 loss -0.021363	 10.0s
Ep 804	 reward -13.657	 ms 191.2	 loss 0.095024	 11.6s
Ep 805	 reward -13.761	 ms 192.7	 loss 0.132337	 12.5s
Ep 806	 reward -13.839	 ms 193.8	 loss 0.204973	 11.1s
Ep 807	 reward -13.800	 ms 193.2	 loss 0.065784	 11.1s
Ep 808	 reward -13.807	 ms 193.3	 loss 0.151663	 11.2s
Ep 809	 reward -13.793	 ms 193.1	 loss 0.267897	 11.5s
Ep 810	 reward -13.800	 ms 193.2	 loss 0.034723	 11.8s
Ep 811	 reward -13.707	 ms 191.9	 loss 0.073886	 11.6s
Ep 812	 reward -13.721	 ms 192.1	 loss 0.096222	 11.4s
Ep 813	 reward -13.675	 ms 191.4	 loss 0.185190	 11.8s
Ep 814	 reward -13.700	 ms 191.8	 loss 0.183999	 11.3s
Ep 815	 reward -13.775	 ms 192.8	 loss 0.078082	 11.2s
Ep 816	 reward -13.725	 ms 192.2	 loss 0.138898	 11.3s
Ep 817	 reward -13.764	 ms 192.7	 loss -0.050117	 11.0s
Ep 818	 reward -13.689	 ms 191.7	 loss 0.181436	 11.5s
Ep 819	 reward -13.782	 ms 192.9	 loss 0.077283	 11.4s
Ep 820	 reward -13.689	 ms 191.7	 loss 0.069310	 11.3s
Ep 821	 reward -14.186	 ms 198.6	 loss 0.062522	 11.6s
Ep 822	 reward -14.071	 ms 197.0	 loss -0.009027	 12.0s
Ep 823	 reward -14.221	 ms 199.1	 loss 0.037653	 11.8s
Ep 824	 reward -14.168	 ms 198.3	 loss 0.087899	 11.0s
[vali @825] rel=0.8007 (best 0.7997)  S=192.5
Ep 825	 reward -14.196	 ms 198.8	 loss 0.046067	 17.2s
Ep 826	 reward -14.118	 ms 197.7	 loss -0.030450	 10.3s
Ep 827	 reward -14.114	 ms 197.6	 loss 0.053381	 11.9s
Ep 828	 reward -14.086	 ms 197.2	 loss 0.024518	 11.2s
Ep 829	 reward -14.143	 ms 198.0	 loss 0.135806	 10.2s
Ep 830	 reward -14.175	 ms 198.4	 loss 0.132849	 10.7s
Ep 831	 reward -14.157	 ms 198.2	 loss 0.045391	 10.5s
Ep 832	 reward -14.086	 ms 197.2	 loss 0.020204	 10.9s
Ep 833	 reward -14.136	 ms 197.9	 loss 0.005310	 11.3s
Ep 834	 reward -14.129	 ms 197.8	 loss 0.017778	 11.2s
Ep 835	 reward -14.154	 ms 198.2	 loss 0.055240	 11.8s
Ep 836	 reward -14.232	 ms 199.2	 loss 0.065943	 11.0s
Ep 837	 reward -14.164	 ms 198.3	 loss 0.047530	 11.2s
Ep 838	 reward -14.200	 ms 198.8	 loss 0.007057	 11.2s
Ep 839	 reward -14.121	 ms 197.7	 loss 0.034694	 11.6s
Ep 840	 reward -14.218	 ms 199.1	 loss 0.031503	 11.6s
Ep 841	 reward -13.764	 ms 192.7	 loss 0.224834	 11.2s
Ep 842	 reward -13.796	 ms 193.2	 loss 0.234699	 11.4s
Ep 843	 reward -13.729	 ms 192.2	 loss 0.050667	 10.7s
Ep 844	 reward -13.661	 ms 191.2	 loss -0.022990	 11.9s
Ep 845	 reward -13.775	 ms 192.8	 loss 0.068179	 11.3s
Ep 846	 reward -13.721	 ms 192.1	 loss 0.133608	 11.2s
Ep 847	 reward -13.821	 ms 193.5	 loss 0.039707	 11.5s
Ep 848	 reward -13.718	 ms 192.1	 loss 0.029371	 11.3s
Ep 849	 reward -13.664	 ms 191.3	 loss 0.108305	 11.0s
[vali @850] rel=0.8072 (best 0.7997)  S=194.1
Ep 850	 reward -13.836	 ms 193.7	 loss 0.061430	 19.2s
Ep 851	 reward -13.743	 ms 192.4	 loss 0.232473	 11.2s
Ep 852	 reward -13.679	 ms 191.5	 loss 0.008566	 11.3s
Ep 853	 reward -13.746	 ms 192.4	 loss -0.009532	 10.1s
Ep 854	 reward -13.825	 ms 193.6	 loss -0.009690	 11.3s
Ep 855	 reward -13.793	 ms 193.1	 loss 0.052480	 9.9s
Ep 856	 reward -13.896	 ms 194.6	 loss 0.085484	 10.7s
Ep 857	 reward -13.825	 ms 193.6	 loss -0.020771	 11.5s
Ep 858	 reward -13.829	 ms 193.6	 loss -0.045820	 10.7s
Ep 859	 reward -13.768	 ms 192.8	 loss 0.098137	 10.8s
Ep 860	 reward -13.761	 ms 192.7	 loss -0.032595	 11.1s
Ep 861	 reward -13.886	 ms 194.4	 loss 0.077264	 11.1s
Ep 862	 reward -13.871	 ms 194.2	 loss 0.062573	 11.1s
Ep 863	 reward -13.861	 ms 194.1	 loss 0.094646	 12.1s
Ep 864	 reward -13.811	 ms 193.3	 loss 0.032281	 11.8s
Ep 865	 reward -13.907	 ms 194.7	 loss 0.218280	 11.4s
Ep 866	 reward -13.936	 ms 195.1	 loss 0.074989	 11.2s
Ep 867	 reward -13.936	 ms 195.1	 loss 0.024438	 11.6s
Ep 868	 reward -13.946	 ms 195.2	 loss 0.089034	 10.9s
Ep 869	 reward -13.971	 ms 195.6	 loss 0.171122	 10.8s
Ep 870	 reward -13.918	 ms 194.8	 loss 0.024081	 11.5s
Ep 871	 reward -13.786	 ms 193.0	 loss 0.206138	 11.7s
Ep 872	 reward -13.918	 ms 194.8	 loss 0.143681	 11.3s
Ep 873	 reward -13.936	 ms 195.1	 loss 0.017890	 11.9s
Ep 874	 reward -13.946	 ms 195.2	 loss 0.153462	 11.1s
[vali @875] rel=0.8059 (best 0.7997)  S=193.8
Ep 875	 reward -13.989	 ms 195.8	 loss 0.116516	 18.2s
Ep 876	 reward -13.854	 ms 193.9	 loss 0.086187	 11.7s
Ep 877	 reward -14.032	 ms 196.4	 loss 0.038325	 11.6s
Ep 878	 reward -13.882	 ms 194.3	 loss -0.067687	 10.4s
Ep 879	 reward -13.971	 ms 195.6	 loss 0.114005	 9.2s
Ep 880	 reward -13.871	 ms 194.2	 loss 0.143204	 10.3s
Ep 881	 reward -14.196	 ms 198.8	 loss -0.025007	 10.0s
Ep 882	 reward -14.054	 ms 196.8	 loss -0.054452	 9.8s
Ep 883	 reward -14.204	 ms 198.8	 loss -0.059322	 9.0s
Ep 884	 reward -14.029	 ms 196.4	 loss -0.051603	 9.7s
Ep 885	 reward -14.214	 ms 199.0	 loss -0.052232	 10.4s
Ep 886	 reward -14.114	 ms 197.6	 loss -0.092396	 11.3s
Ep 887	 reward -14.268	 ms 199.8	 loss -0.065212	 11.3s
Ep 888	 reward -14.039	 ms 196.6	 loss -0.042157	 10.9s
Ep 889	 reward -14.007	 ms 196.1	 loss -0.045808	 11.2s
Ep 890	 reward -14.279	 ms 199.9	 loss -0.056821	 12.4s
Ep 891	 reward -14.086	 ms 197.2	 loss -0.046904	 11.4s
Ep 892	 reward -14.250	 ms 199.5	 loss -0.010614	 12.2s
Ep 893	 reward -14.029	 ms 196.4	 loss -0.071459	 12.0s
Ep 894	 reward -14.157	 ms 198.2	 loss -0.042384	 10.6s
Ep 895	 reward -14.118	 ms 197.7	 loss -0.050175	 11.1s
Ep 896	 reward -14.118	 ms 197.7	 loss -0.055604	 11.5s
Ep 897	 reward -14.054	 ms 196.8	 loss -0.070399	 11.1s
Ep 898	 reward -14.032	 ms 196.4	 loss -0.061483	 11.5s
Ep 899	 reward -14.093	 ms 197.3	 loss -0.051055	 10.8s
[vali @900] rel=0.8003 (best 0.7997)  S=192.4
Ep 900	 reward -14.154	 ms 198.2	 loss -0.082734	 18.3s
Ep 901	 reward -13.732	 ms 192.2	 loss 0.271873	 10.5s
Ep 902	 reward -13.871	 ms 194.2	 loss 0.258319	 12.4s
Ep 903	 reward -13.811	 ms 193.3	 loss 0.217017	 12.0s
Ep 904	 reward -13.764	 ms 192.7	 loss 0.283170	 12.5s
Ep 905	 reward -13.846	 ms 193.8	 loss 0.305640	 10.8s
Ep 906	 reward -13.832	 ms 193.7	 loss 0.237564	 12.6s
Ep 907	 reward -13.686	 ms 191.6	 loss 0.280503	 12.2s
Ep 908	 reward -13.671	 ms 191.4	 loss 0.259138	 10.6s
Ep 909	 reward -13.811	 ms 193.3	 loss 0.296861	 10.8s
Ep 910	 reward -13.707	 ms 191.9	 loss 0.199074	 11.3s
Ep 911	 reward -13.750	 ms 192.5	 loss 0.259779	 12.0s
Ep 912	 reward -13.636	 ms 190.9	 loss 0.005253	 11.1s
Ep 913	 reward -13.696	 ms 191.8	 loss 0.222089	 10.7s
Ep 914	 reward -13.664	 ms 191.3	 loss 0.209983	 10.9s
Ep 915	 reward -13.700	 ms 191.8	 loss 0.263723	 11.9s
Ep 916	 reward -13.886	 ms 194.4	 loss 0.279259	 12.5s
Ep 917	 reward -13.861	 ms 194.1	 loss 0.191157	 11.2s
Ep 918	 reward -13.807	 ms 193.3	 loss 0.197737	 11.5s
Ep 919	 reward -13.793	 ms 193.1	 loss 0.141760	 11.3s
Ep 920	 reward -13.804	 ms 193.2	 loss 0.246308	 11.6s
Ep 921	 reward -14.125	 ms 197.8	 loss 0.156634	 11.0s
Ep 922	 reward -14.107	 ms 197.5	 loss 0.109442	 11.0s
Ep 923	 reward -14.100	 ms 197.4	 loss 0.009568	 11.9s
Ep 924	 reward -14.029	 ms 196.4	 loss 0.266360	 11.0s
[vali @925] rel=0.8078 (best 0.7997)  S=194.2
Ep 925	 reward -14.004	 ms 196.1	 loss 0.231282	 19.5s
Ep 926	 reward -14.071	 ms 197.0	 loss 0.213232	 11.4s
Ep 927	 reward -14.068	 ms 196.9	 loss 0.174149	 10.1s
Ep 928	 reward -13.982	 ms 195.8	 loss 0.082026	 13.5s
Ep 929	 reward -14.093	 ms 197.3	 loss 0.216104	 12.7s
Ep 930	 reward -14.096	 ms 197.3	 loss 0.079823	 11.3s
Ep 931	 reward -14.007	 ms 196.1	 loss 0.198541	 12.0s
Ep 932	 reward -14.193	 ms 198.7	 loss 0.171031	 12.5s
Ep 933	 reward -14.111	 ms 197.6	 loss 0.037866	 12.4s
Ep 934	 reward -14.107	 ms 197.5	 loss 0.189450	 10.5s
Ep 935	 reward -14.068	 ms 196.9	 loss 0.080239	 11.4s
Ep 936	 reward -13.954	 ms 195.3	 loss 0.225477	 11.1s
Ep 937	 reward -14.154	 ms 198.2	 loss -0.072427	 11.2s
Ep 938	 reward -14.168	 ms 198.3	 loss 0.150987	 10.3s
Ep 939	 reward -14.029	 ms 196.4	 loss -0.020826	 10.7s
Ep 940	 reward -14.061	 ms 196.8	 loss -0.047059	 11.1s
Ep 941	 reward -13.671	 ms 191.4	 loss 0.232110	 10.5s
Ep 942	 reward -13.643	 ms 191.0	 loss 0.171698	 11.0s
Ep 943	 reward -13.786	 ms 193.0	 loss 0.239685	 11.1s
Ep 944	 reward -13.671	 ms 191.4	 loss 0.139448	 10.2s
Ep 945	 reward -13.664	 ms 191.3	 loss 0.061890	 10.5s
Ep 946	 reward -13.557	 ms 189.8	 loss 0.161606	 10.6s
Ep 947	 reward -13.739	 ms 192.3	 loss 0.211380	 10.3s
Ep 948	 reward -13.600	 ms 190.4	 loss 0.034377	 10.5s
Ep 949	 reward -13.654	 ms 191.2	 loss 0.175219	 11.3s
[vali @950] rel=0.8032 (best 0.7997)  S=193.1
Ep 950	 reward -13.711	 ms 191.9	 loss 0.126952	 16.7s
Ep 951	 reward -13.682	 ms 191.6	 loss 0.209849	 10.6s
Ep 952	 reward -13.621	 ms 190.7	 loss 0.115863	 11.1s
Ep 953	 reward -13.686	 ms 191.6	 loss 0.156883	 11.0s
Ep 954	 reward -13.571	 ms 190.0	 loss 0.082566	 11.1s
Ep 955	 reward -13.654	 ms 191.2	 loss 0.185210	 9.9s
Ep 956	 reward -13.736	 ms 192.3	 loss 0.106893	 10.3s
Ep 957	 reward -13.757	 ms 192.6	 loss 0.214391	 11.0s
Ep 958	 reward -13.686	 ms 191.6	 loss 0.095515	 10.2s
Ep 959	 reward -13.657	 ms 191.2	 loss 0.112253	 10.3s
Ep 960	 reward -13.650	 ms 191.1	 loss 0.207313	 10.9s
Ep 961	 reward -14.064	 ms 196.9	 loss 0.213988	 11.0s
Ep 962	 reward -14.007	 ms 196.1	 loss 0.243660	 10.6s
Ep 963	 reward -14.125	 ms 197.8	 loss 0.225403	 11.6s
Ep 964	 reward -14.193	 ms 198.7	 loss 0.221176	 10.6s
Ep 965	 reward -14.093	 ms 197.3	 loss 0.109217	 10.2s
Ep 966	 reward -14.168	 ms 198.3	 loss 0.111849	 11.1s
Ep 967	 reward -14.143	 ms 198.0	 loss 0.229666	 10.8s
Ep 968	 reward -14.129	 ms 197.8	 loss 0.254117	 10.1s
Ep 969	 reward -14.146	 ms 198.1	 loss 0.240612	 9.6s
Ep 970	 reward -14.086	 ms 197.2	 loss 0.167315	 10.0s
Ep 971	 reward -14.154	 ms 198.2	 loss 0.153955	 10.5s
Ep 972	 reward -14.000	 ms 196.0	 loss 0.196885	 10.2s
Ep 973	 reward -13.982	 ms 195.8	 loss 0.201413	 10.8s
Ep 974	 reward -14.100	 ms 197.4	 loss 0.199621	 10.6s
[vali @975] rel=0.8026 (best 0.7997)  S=192.9
Ep 975	 reward -14.068	 ms 196.9	 loss 0.177937	 17.4s
Ep 976	 reward -13.993	 ms 195.9	 loss 0.248821	 10.1s
Ep 977	 reward -14.011	 ms 196.2	 loss 0.250369	 11.7s
Ep 978	 reward -14.071	 ms 197.0	 loss 0.220720	 11.5s
Ep 979	 reward -14.143	 ms 198.0	 loss 0.238810	 11.0s
Ep 980	 reward -14.093	 ms 197.3	 loss 0.168784	 10.7s
Ep 981	 reward -14.289	 ms 200.1	 loss 0.047575	 10.4s
Ep 982	 reward -14.318	 ms 200.4	 loss 0.065434	 11.0s
Ep 983	 reward -14.221	 ms 199.1	 loss 0.053634	 10.9s
Ep 984	 reward -14.200	 ms 198.8	 loss 0.038508	 10.8s
Ep 985	 reward -14.325	 ms 200.6	 loss -0.019903	 10.5s
Ep 986	 reward -14.218	 ms 199.1	 loss 0.060994	 10.2s
Ep 987	 reward -14.332	 ms 200.7	 loss 0.031604	 11.7s
Ep 988	 reward -14.175	 ms 198.4	 loss -0.023327	 12.2s
Ep 989	 reward -14.339	 ms 200.8	 loss -0.013703	 11.5s
Ep 990	 reward -14.286	 ms 200.0	 loss -0.032118	 11.4s
Ep 991	 reward -14.221	 ms 199.1	 loss 0.002027	 11.7s
Ep 992	 reward -14.293	 ms 200.1	 loss 0.029182	 12.1s
Ep 993	 reward -14.300	 ms 200.2	 loss 0.100434	 11.1s
Ep 994	 reward -14.204	 ms 198.8	 loss 0.054637	 10.3s
Ep 995	 reward -14.296	 ms 200.2	 loss 0.014249	 11.7s
Ep 996	 reward -14.325	 ms 200.6	 loss 0.003264	 10.2s
Ep 997	 reward -14.214	 ms 199.0	 loss 0.014662	 10.2s
Ep 998	 reward -14.268	 ms 199.8	 loss 0.032933	 10.6s
Ep 999	 reward -14.271	 ms 199.8	 loss 0.055370	 11.0s
[vali @1000] rel=0.7997 (best 0.7997)  S=192.2
Ep 1000	 reward -14.250	 ms 199.5	 loss 0.071596	 19.3s
[train_family] done in 3.55 h; best rel=0.7997
