[vali] MWKR norms: L=226.9
[model] params total=32786  film=0 (0.00%)
[train_family] model=10x25+family+spec-L-s303 regimes=['L'] updates=1000
Ep 1	 reward -16.250	 ms 227.5	 loss 0.036353	 13.9s
Ep 2	 reward -16.143	 ms 226.0	 loss -0.064692	 13.6s
Ep 3	 reward -16.343	 ms 228.8	 loss 0.000890	 13.7s
Ep 4	 reward -16.325	 ms 228.6	 loss 0.042246	 17.2s
Ep 5	 reward -16.218	 ms 227.1	 loss -0.022575	 15.1s
Ep 6	 reward -16.082	 ms 225.2	 loss -0.014540	 17.3s
Ep 7	 reward -16.314	 ms 228.4	 loss 0.012300	 16.3s
Ep 8	 reward -16.332	 ms 228.7	 loss -0.020009	 17.7s
Ep 9	 reward -16.193	 ms 226.7	 loss -0.035114	 15.0s
Ep 10	 reward -16.186	 ms 226.6	 loss -0.002296	 16.0s
Ep 11	 reward -16.168	 ms 226.3	 loss -0.040720	 13.6s
Ep 12	 reward -16.186	 ms 226.6	 loss 0.018426	 14.9s
Ep 13	 reward -16.139	 ms 225.9	 loss 0.027236	 15.3s
Ep 14	 reward -16.150	 ms 226.1	 loss 0.007302	 15.8s
Ep 15	 reward -16.171	 ms 226.4	 loss -0.015122	 13.6s
Ep 16	 reward -15.921	 ms 222.9	 loss -0.012931	 14.5s
Ep 17	 reward -16.093	 ms 225.3	 loss -0.095761	 14.5s
Ep 18	 reward -16.004	 ms 224.1	 loss -0.043975	 15.6s
Ep 19	 reward -16.107	 ms 225.5	 loss -0.051627	 16.5s
Ep 20	 reward -15.993	 ms 223.9	 loss -0.044533	 17.3s
Ep 21	 reward -15.996	 ms 223.9	 loss 0.170376	 18.2s
Ep 22	 reward -16.061	 ms 224.8	 loss 0.047896	 14.6s
Ep 23	 reward -15.993	 ms 223.9	 loss 0.233636	 18.0s
Ep 24	 reward -16.043	 ms 224.6	 loss 0.129909	 17.3s
[vali @25] rel=0.9429 (best 0.9429)  L=214.0
Ep 25	 reward -15.964	 ms 223.5	 loss 0.022199	 27.9s
Ep 26	 reward -16.004	 ms 224.1	 loss 0.068442	 16.9s
Ep 27	 reward -16.136	 ms 225.9	 loss 0.059238	 16.4s
Ep 28	 reward -15.846	 ms 221.8	 loss 0.049929	 15.3s
Ep 29	 reward -15.961	 ms 223.4	 loss -0.024174	 15.8s
Ep 30	 reward -16.057	 ms 224.8	 loss 0.256509	 15.8s
Ep 31	 reward -16.118	 ms 225.7	 loss 0.061548	 16.7s
Ep 32	 reward -15.996	 ms 223.9	 loss 0.102564	 17.5s
Ep 33	 reward -16.111	 ms 225.6	 loss 0.237827	 17.5s
Ep 34	 reward -15.964	 ms 223.5	 loss 0.141306	 17.3s
Ep 35	 reward -15.946	 ms 223.2	 loss 0.132295	 16.4s
Ep 36	 reward -15.904	 ms 222.7	 loss 0.169110	 17.8s
Ep 37	 reward -16.104	 ms 225.4	 loss 0.036923	 15.3s
Ep 38	 reward -16.050	 ms 224.7	 loss 0.088285	 16.5s
Ep 39	 reward -15.825	 ms 221.6	 loss 0.051216	 15.4s
Ep 40	 reward -15.950	 ms 223.3	 loss -0.057505	 18.6s
Ep 41	 reward -16.075	 ms 225.1	 loss 0.042407	 14.6s
Ep 42	 reward -15.914	 ms 222.8	 loss 0.124223	 15.6s
Ep 43	 reward -15.882	 ms 222.3	 loss 0.025015	 16.0s
Ep 44	 reward -15.789	 ms 221.1	 loss 0.156246	 17.2s
Ep 45	 reward -15.986	 ms 223.8	 loss 0.045986	 14.5s
Ep 46	 reward -15.911	 ms 222.8	 loss 0.099561	 18.7s
Ep 47	 reward -15.836	 ms 221.7	 loss 0.055776	 18.5s
Ep 48	 reward -15.711	 ms 219.9	 loss 0.004684	 18.2s
Ep 49	 reward -15.725	 ms 220.2	 loss -0.038555	 18.2s
[vali @50] rel=0.9293 (best 0.9293)  L=210.9
Ep 50	 reward -15.729	 ms 220.2	 loss 0.058493	 31.5s
Ep 51	 reward -15.696	 ms 219.8	 loss 0.032126	 16.7s
Ep 52	 reward -15.811	 ms 221.3	 loss 0.000796	 16.1s
Ep 53	 reward -15.825	 ms 221.6	 loss 0.175597	 19.6s
Ep 54	 reward -15.754	 ms 220.6	 loss 0.009415	 16.2s
Ep 55	 reward -15.711	 ms 219.9	 loss -0.067045	 17.4s
Ep 56	 reward -15.732	 ms 220.2	 loss 0.067903	 16.0s
Ep 57	 reward -15.757	 ms 220.6	 loss -0.036384	 15.9s
Ep 58	 reward -15.768	 ms 220.8	 loss 0.019032	 16.0s
Ep 59	 reward -15.543	 ms 217.6	 loss 0.064118	 15.8s
Ep 60	 reward -15.629	 ms 218.8	 loss 0.060145	 15.4s
Ep 61	 reward -15.664	 ms 219.3	 loss 0.118072	 15.9s
Ep 62	 reward -15.621	 ms 218.7	 loss 0.130989	 17.0s
Ep 63	 reward -15.554	 ms 217.8	 loss 0.050888	 15.8s
Ep 64	 reward -15.543	 ms 217.6	 loss 0.139863	 17.0s
Ep 65	 reward -15.693	 ms 219.7	 loss 0.142364	 13.9s
Ep 66	 reward -15.575	 ms 218.1	 loss 0.201059	 16.5s
Ep 67	 reward -15.639	 ms 218.9	 loss 0.164794	 15.3s
Ep 68	 reward -15.457	 ms 216.4	 loss 0.158929	 16.5s
Ep 69	 reward -15.579	 ms 218.1	 loss 0.115514	 14.0s
Ep 70	 reward -15.575	 ms 218.1	 loss 0.131532	 14.5s
Ep 71	 reward -15.493	 ms 216.9	 loss 0.150396	 14.6s
Ep 72	 reward -15.593	 ms 218.3	 loss 0.119019	 16.9s
Ep 73	 reward -15.629	 ms 218.8	 loss 0.119782	 14.5s
Ep 74	 reward -15.493	 ms 216.9	 loss 0.164117	 16.8s
[vali @75] rel=0.9291 (best 0.9291)  L=210.8
Ep 75	 reward -15.479	 ms 216.7	 loss 0.164336	 26.2s
Ep 76	 reward -15.546	 ms 217.7	 loss 0.069520	 15.7s
Ep 77	 reward -15.557	 ms 217.8	 loss 0.062508	 16.7s
Ep 78	 reward -15.493	 ms 216.9	 loss 0.169966	 15.5s
Ep 79	 reward -15.507	 ms 217.1	 loss 0.155893	 16.1s
Ep 80	 reward -15.489	 ms 216.8	 loss 0.158836	 15.0s
Ep 81	 reward -15.446	 ms 216.2	 loss 0.203948	 15.3s
Ep 82	 reward -15.429	 ms 216.0	 loss 0.151276	 14.1s
Ep 83	 reward -15.529	 ms 217.4	 loss 0.205902	 12.9s
Ep 84	 reward -15.418	 ms 215.8	 loss 0.252206	 14.4s
Ep 85	 reward -15.268	 ms 213.8	 loss 0.200302	 13.0s
Ep 86	 reward -15.439	 ms 216.2	 loss 0.207080	 16.0s
Ep 87	 reward -15.414	 ms 215.8	 loss 0.151905	 11.3s
Ep 88	 reward -15.336	 ms 214.7	 loss 0.145042	 14.3s
Ep 89	 reward -15.282	 ms 213.9	 loss 0.134478	 13.4s
Ep 90	 reward -15.439	 ms 216.2	 loss 0.222368	 17.0s
Ep 91	 reward -15.361	 ms 215.1	 loss 0.225537	 14.1s
Ep 92	 reward -15.368	 ms 215.2	 loss 0.211650	 14.4s
Ep 93	 reward -15.479	 ms 216.7	 loss 0.240133	 13.5s
Ep 94	 reward -15.332	 ms 214.7	 loss 0.204637	 13.9s
Ep 95	 reward -15.443	 ms 216.2	 loss 0.313719	 14.7s
Ep 96	 reward -15.414	 ms 215.8	 loss 0.171125	 13.1s
Ep 97	 reward -15.411	 ms 215.8	 loss 0.262870	 15.2s
Ep 98	 reward -15.386	 ms 215.4	 loss 0.208105	 13.8s
Ep 99	 reward -15.307	 ms 214.3	 loss 0.160658	 14.4s
[vali @100] rel=0.9258 (best 0.9258)  L=210.1
Ep 100	 reward -15.354	 ms 214.9	 loss 0.086892	 21.6s
Ep 101	 reward -15.489	 ms 216.8	 loss -0.025322	 12.7s
Ep 102	 reward -15.396	 ms 215.6	 loss 0.017422	 9.3s
Ep 103	 reward -15.618	 ms 218.7	 loss -0.004822	 13.4s
Ep 104	 reward -15.600	 ms 218.4	 loss -0.025511	 11.9s
Ep 105	 reward -15.514	 ms 217.2	 loss -0.053420	 13.0s
Ep 106	 reward -15.389	 ms 215.4	 loss -0.003379	 17.0s
Ep 107	 reward -15.518	 ms 217.2	 loss 0.020926	 14.9s
Ep 108	 reward -15.614	 ms 218.6	 loss 0.085907	 15.4s
Ep 109	 reward -15.525	 ms 217.3	 loss -0.022299	 16.5s
Ep 110	 reward -15.646	 ms 219.1	 loss 0.048455	 14.5s
Ep 111	 reward -15.664	 ms 219.3	 loss 0.019156	 16.3s
Ep 112	 reward -15.471	 ms 216.6	 loss -0.029160	 14.5s
Ep 113	 reward -15.500	 ms 217.0	 loss -0.013615	 16.1s
Ep 114	 reward -15.496	 ms 216.9	 loss -0.021019	 15.0s
Ep 115	 reward -15.543	 ms 217.6	 loss -0.029916	 13.7s
Ep 116	 reward -15.421	 ms 215.9	 loss 0.100360	 15.0s
Ep 117	 reward -15.686	 ms 219.6	 loss 0.003615	 14.2s
Ep 118	 reward -15.479	 ms 216.7	 loss -0.029401	 16.0s
Ep 119	 reward -15.464	 ms 216.5	 loss 0.056531	 14.3s
Ep 120	 reward -15.336	 ms 214.7	 loss -0.060691	 15.0s
Ep 121	 reward -15.604	 ms 218.4	 loss 0.032786	 13.7s
Ep 122	 reward -15.579	 ms 218.1	 loss 0.064744	 16.1s
Ep 123	 reward -15.671	 ms 219.4	 loss 0.053996	 13.8s
Ep 124	 reward -15.718	 ms 220.1	 loss 0.252520	 17.1s
[vali @125] rel=0.9269 (best 0.9258)  L=210.3
Ep 125	 reward -15.411	 ms 215.8	 loss 0.159547	 25.8s
Ep 126	 reward -15.493	 ms 216.9	 loss 0.173011	 15.2s
Ep 127	 reward -15.421	 ms 215.9	 loss 0.143234	 15.5s
Ep 128	 reward -15.607	 ms 218.5	 loss -0.025126	 14.0s
Ep 129	 reward -15.632	 ms 218.8	 loss -0.027266	 19.2s
Ep 130	 reward -15.486	 ms 216.8	 loss -0.027306	 13.9s
Ep 131	 reward -15.564	 ms 217.9	 loss 0.111817	 15.4s
Ep 132	 reward -15.450	 ms 216.3	 loss 0.234976	 14.5s
Ep 133	 reward -15.439	 ms 216.2	 loss 0.072838	 16.6s
Ep 134	 reward -15.504	 ms 217.1	 loss 0.192505	 16.8s
Ep 135	 reward -15.543	 ms 217.6	 loss 0.192133	 18.5s
Ep 136	 reward -15.579	 ms 218.1	 loss 0.006206	 16.0s
Ep 137	 reward -15.536	 ms 217.5	 loss 0.223596	 17.6s
Ep 138	 reward -15.439	 ms 216.2	 loss -0.015586	 15.5s
Ep 139	 reward -15.536	 ms 217.5	 loss -0.017954	 16.7s
Ep 140	 reward -15.521	 ms 217.3	 loss 0.030456	 16.9s
Ep 141	 reward -15.536	 ms 217.5	 loss 0.017122	 15.7s
Ep 142	 reward -15.364	 ms 215.1	 loss -0.037106	 15.7s
Ep 143	 reward -15.493	 ms 216.9	 loss -0.036112	 15.7s
Ep 144	 reward -15.404	 ms 215.7	 loss 0.007810	 16.4s
Ep 145	 reward -15.493	 ms 216.9	 loss -0.017575	 15.3s
Ep 146	 reward -15.450	 ms 216.3	 loss -0.022640	 15.0s
Ep 147	 reward -15.379	 ms 215.3	 loss -0.003999	 15.7s
Ep 148	 reward -15.407	 ms 215.7	 loss 0.026309	 16.2s
Ep 149	 reward -15.514	 ms 217.2	 loss 0.048689	 16.6s
[vali @150] rel=0.9273 (best 0.9258)  L=210.4
Ep 150	 reward -15.425	 ms 215.9	 loss 0.025256	 30.0s
Ep 151	 reward -15.354	 ms 214.9	 loss 0.041454	 17.2s
Ep 152	 reward -15.443	 ms 216.2	 loss 0.006931	 15.3s
Ep 153	 reward -15.457	 ms 216.4	 loss -0.005100	 17.7s
Ep 154	 reward -15.496	 ms 216.9	 loss 0.053348	 14.0s
Ep 155	 reward -15.375	 ms 215.2	 loss -0.028731	 14.2s
Ep 156	 reward -15.343	 ms 214.8	 loss 0.040955	 15.0s
Ep 157	 reward -15.357	 ms 215.0	 loss 0.013009	 16.6s
Ep 158	 reward -15.386	 ms 215.4	 loss -0.010763	 15.5s
Ep 159	 reward -15.332	 ms 214.7	 loss 0.019686	 15.0s
Ep 160	 reward -15.461	 ms 216.4	 loss -0.000838	 16.2s
Ep 161	 reward -15.439	 ms 216.2	 loss 0.106755	 19.6s
Ep 162	 reward -15.443	 ms 216.2	 loss 0.162173	 14.2s
Ep 163	 reward -15.439	 ms 216.2	 loss 0.117470	 14.2s
Ep 164	 reward -15.293	 ms 214.1	 loss 0.046260	 14.8s
Ep 165	 reward -15.346	 ms 214.8	 loss 0.006566	 17.5s
Ep 166	 reward -15.389	 ms 215.4	 loss -0.026290	 14.1s
Ep 167	 reward -15.332	 ms 214.7	 loss 0.041716	 15.0s
Ep 168	 reward -15.375	 ms 215.2	 loss 0.007482	 14.4s
Ep 169	 reward -15.293	 ms 214.1	 loss 0.037337	 15.7s
Ep 170	 reward -15.357	 ms 215.0	 loss 0.078816	 13.7s
Ep 171	 reward -15.407	 ms 215.7	 loss 0.031440	 14.0s
Ep 172	 reward -15.354	 ms 214.9	 loss 0.084091	 12.4s
Ep 173	 reward -15.304	 ms 214.2	 loss -0.024679	 12.4s
Ep 174	 reward -15.364	 ms 215.1	 loss -0.022249	 14.3s
[vali @175] rel=0.9249 (best 0.9249)  L=209.9
Ep 175	 reward -15.407	 ms 215.7	 loss -0.066137	 24.4s
Ep 176	 reward -15.343	 ms 214.8	 loss -0.067635	 15.0s
Ep 177	 reward -15.436	 ms 216.1	 loss 0.028102	 16.0s
Ep 178	 reward -15.357	 ms 215.0	 loss 0.166447	 13.2s
Ep 179	 reward -15.414	 ms 215.8	 loss 0.053510	 13.4s
Ep 180	 reward -15.339	 ms 214.8	 loss 0.053383	 12.2s
Ep 181	 reward -15.189	 ms 212.7	 loss 0.066226	 12.0s
Ep 182	 reward -15.229	 ms 213.2	 loss 0.188603	 11.8s
Ep 183	 reward -15.214	 ms 213.0	 loss 0.094115	 13.7s
Ep 184	 reward -15.336	 ms 214.7	 loss 0.078449	 13.6s
Ep 185	 reward -15.261	 ms 213.7	 loss 0.185329	 15.4s
Ep 186	 reward -15.136	 ms 211.9	 loss 0.090278	 12.7s
Ep 187	 reward -15.154	 ms 212.2	 loss -0.001279	 13.6s
Ep 188	 reward -15.164	 ms 212.3	 loss -0.017425	 12.6s
Ep 189	 reward -15.200	 ms 212.8	 loss 0.149206	 13.8s
Ep 190	 reward -15.243	 ms 213.4	 loss 0.109703	 12.8s
Ep 191	 reward -15.268	 ms 213.8	 loss 0.187650	 12.9s
Ep 192	 reward -15.243	 ms 213.4	 loss 0.139966	 12.3s
Ep 193	 reward -15.168	 ms 212.3	 loss 0.137641	 13.8s
Ep 194	 reward -15.211	 ms 212.9	 loss 0.082250	 13.4s
Ep 195	 reward -15.207	 ms 212.9	 loss 0.189668	 13.8s
Ep 196	 reward -15.218	 ms 213.1	 loss 0.067883	 12.2s
Ep 197	 reward -15.257	 ms 213.6	 loss -0.019739	 13.7s
Ep 198	 reward -15.111	 ms 211.6	 loss 0.193187	 14.5s
Ep 199	 reward -15.118	 ms 211.7	 loss -0.004352	 14.5s
[vali @200] rel=0.9238 (best 0.9238)  L=209.7
Ep 200	 reward -15.175	 ms 212.4	 loss -0.027187	 21.8s
Ep 201	 reward -15.289	 ms 214.1	 loss 0.165757	 13.6s
Ep 202	 reward -15.250	 ms 213.5	 loss -0.035566	 12.9s
Ep 203	 reward -15.211	 ms 212.9	 loss 0.117976	 13.3s
Ep 204	 reward -15.243	 ms 213.4	 loss 0.176495	 13.4s
Ep 205	 reward -15.168	 ms 212.3	 loss 0.145390	 13.3s
Ep 206	 reward -15.161	 ms 212.2	 loss 0.068750	 13.2s
Ep 207	 reward -15.268	 ms 213.8	 loss -0.002753	 14.6s
Ep 208	 reward -15.257	 ms 213.6	 loss 0.063452	 14.2s
Ep 209	 reward -15.268	 ms 213.8	 loss 0.083999	 11.9s
Ep 210	 reward -15.214	 ms 213.0	 loss -0.019367	 14.6s
Ep 211	 reward -15.189	 ms 212.7	 loss 0.081459	 12.2s
Ep 212	 reward -15.129	 ms 211.8	 loss 0.066791	 15.2s
Ep 213	 reward -15.293	 ms 214.1	 loss -0.041315	 14.1s
Ep 214	 reward -15.118	 ms 211.7	 loss 0.068173	 15.6s
Ep 215	 reward -15.207	 ms 212.9	 loss 0.031692	 12.6s
Ep 216	 reward -15.279	 ms 213.9	 loss -0.027184	 12.7s
Ep 217	 reward -15.354	 ms 214.9	 loss 0.153866	 13.0s
Ep 218	 reward -15.168	 ms 212.3	 loss 0.095809	 16.6s
Ep 219	 reward -15.229	 ms 213.2	 loss 0.057750	 17.8s
Ep 220	 reward -15.232	 ms 213.2	 loss -0.082672	 18.5s
Ep 221	 reward -15.107	 ms 211.5	 loss 0.019955	 17.2s
Ep 222	 reward -15.171	 ms 212.4	 loss -0.112041	 15.3s
Ep 223	 reward -15.221	 ms 213.1	 loss -0.149221	 16.0s
Ep 224	 reward -15.186	 ms 212.6	 loss -0.136890	 14.8s
[vali @225] rel=0.9244 (best 0.9238)  L=209.8
Ep 225	 reward -15.179	 ms 212.5	 loss 0.090788	 27.6s
Ep 226	 reward -15.136	 ms 211.9	 loss -0.117693	 16.4s
Ep 227	 reward -15.182	 ms 212.6	 loss -0.046413	 18.5s
Ep 228	 reward -15.139	 ms 211.9	 loss 0.009033	 15.8s
Ep 229	 reward -15.150	 ms 212.1	 loss 0.142753	 17.1s
Ep 230	 reward -15.132	 ms 211.8	 loss -0.086643	 14.6s
Ep 231	 reward -15.143	 ms 212.0	 loss 0.002784	 17.0s
Ep 232	 reward -15.061	 ms 210.8	 loss -0.138395	 16.6s
Ep 233	 reward -15.118	 ms 211.7	 loss -0.091495	 15.3s
Ep 234	 reward -15.046	 ms 210.7	 loss -0.096645	 15.6s
Ep 235	 reward -15.114	 ms 211.6	 loss -0.108446	 15.2s
Ep 236	 reward -15.150	 ms 212.1	 loss -0.031933	 16.8s
Ep 237	 reward -15.218	 ms 213.1	 loss -0.074669	 13.9s
Ep 238	 reward -15.132	 ms 211.8	 loss -0.088561	 16.4s
Ep 239	 reward -15.196	 ms 212.8	 loss -0.117054	 15.7s
Ep 240	 reward -15.161	 ms 212.2	 loss -0.032266	 17.5s
Ep 241	 reward -15.418	 ms 215.8	 loss 0.133149	 14.5s
Ep 242	 reward -15.389	 ms 215.4	 loss 0.063005	 15.8s
Ep 243	 reward -15.382	 ms 215.3	 loss 0.087645	 15.8s
Ep 244	 reward -15.404	 ms 215.7	 loss 0.097419	 15.8s
Ep 245	 reward -15.468	 ms 216.6	 loss 0.107412	 13.0s
Ep 246	 reward -15.429	 ms 216.0	 loss 0.042816	 14.5s
Ep 247	 reward -15.468	 ms 216.6	 loss 0.042646	 15.8s
Ep 248	 reward -15.411	 ms 215.8	 loss 0.011862	 16.5s
Ep 249	 reward -15.525	 ms 217.3	 loss 0.007315	 17.8s
[vali @250] rel=0.9297 (best 0.9238)  L=211.0
Ep 250	 reward -15.418	 ms 215.8	 loss 0.107592	 25.7s
Ep 251	 reward -15.404	 ms 215.7	 loss 0.042134	 17.4s
Ep 252	 reward -15.421	 ms 215.9	 loss 0.112056	 16.5s
Ep 253	 reward -15.389	 ms 215.4	 loss 0.046225	 15.7s
Ep 254	 reward -15.443	 ms 216.2	 loss 0.006852	 18.2s
Ep 255	 reward -15.500	 ms 217.0	 loss 0.141463	 14.9s
Ep 256	 reward -15.468	 ms 216.6	 loss 0.226128	 17.6s
Ep 257	 reward -15.525	 ms 217.3	 loss 0.014764	 17.7s
Ep 258	 reward -15.589	 ms 218.2	 loss 0.130368	 16.7s
Ep 259	 reward -15.500	 ms 217.0	 loss 0.129615	 13.4s
Ep 260	 reward -15.479	 ms 216.7	 loss 0.046445	 16.7s
Ep 261	 reward -15.389	 ms 215.4	 loss 0.178982	 15.3s
Ep 262	 reward -15.293	 ms 214.1	 loss 0.127202	 16.3s
Ep 263	 reward -15.371	 ms 215.2	 loss 0.174903	 16.3s
Ep 264	 reward -15.336	 ms 214.7	 loss 0.082046	 18.0s
Ep 265	 reward -15.382	 ms 215.3	 loss 0.139066	 17.5s
Ep 266	 reward -15.346	 ms 214.8	 loss 0.017964	 15.4s
Ep 267	 reward -15.346	 ms 214.8	 loss 0.083133	 19.4s
Ep 268	 reward -15.429	 ms 216.0	 loss 0.119406	 14.5s
Ep 269	 reward -15.325	 ms 214.6	 loss 0.083253	 17.5s
Ep 270	 reward -15.282	 ms 213.9	 loss 0.108550	 17.8s
Ep 271	 reward -15.379	 ms 215.3	 loss 0.063602	 18.5s
Ep 272	 reward -15.289	 ms 214.1	 loss 0.121930	 15.4s
Ep 273	 reward -15.389	 ms 215.4	 loss 0.175003	 16.0s
Ep 274	 reward -15.286	 ms 214.0	 loss 0.090091	 17.4s
[vali @275] rel=0.9315 (best 0.9238)  L=211.4
Ep 275	 reward -15.279	 ms 213.9	 loss 0.103029	 26.9s
Ep 276	 reward -15.268	 ms 213.8	 loss 0.117696	 16.0s
Ep 277	 reward -15.350	 ms 214.9	 loss 0.146659	 16.6s
Ep 278	 reward -15.329	 ms 214.6	 loss 0.002484	 15.7s
Ep 279	 reward -15.393	 ms 215.5	 loss 0.115272	 16.7s
Ep 280	 reward -15.275	 ms 213.8	 loss 0.104827	 17.8s
Ep 281	 reward -15.286	 ms 214.0	 loss 0.121700	 17.5s
Ep 282	 reward -15.275	 ms 213.8	 loss 0.061431	 19.0s
Ep 283	 reward -15.246	 ms 213.4	 loss 0.001984	 17.0s
Ep 284	 reward -15.293	 ms 214.1	 loss -0.017201	 18.0s
Ep 285	 reward -15.296	 ms 214.2	 loss 0.015657	 16.1s
Ep 286	 reward -15.236	 ms 213.3	 loss -0.027384	 13.6s
Ep 287	 reward -15.196	 ms 212.8	 loss -0.005209	 15.0s
Ep 288	 reward -15.211	 ms 212.9	 loss -0.096481	 18.3s
Ep 289	 reward -15.304	 ms 214.2	 loss 0.024544	 15.1s
Ep 290	 reward -15.282	 ms 213.9	 loss 0.105920	 16.8s
Ep 291	 reward -15.336	 ms 214.7	 loss 0.057956	 19.5s
Ep 292	 reward -15.286	 ms 214.0	 loss 0.046808	 16.2s
Ep 293	 reward -15.350	 ms 214.9	 loss 0.049847	 18.0s
Ep 294	 reward -15.307	 ms 214.3	 loss 0.014366	 20.1s
Ep 295	 reward -15.257	 ms 213.6	 loss 0.035238	 15.7s
Ep 296	 reward -15.382	 ms 215.3	 loss 0.074792	 20.0s
Ep 297	 reward -15.293	 ms 214.1	 loss 0.087404	 14.7s
Ep 298	 reward -15.264	 ms 213.7	 loss -0.006438	 17.3s
Ep 299	 reward -15.257	 ms 213.6	 loss -0.012880	 17.3s
[vali @300] rel=0.9313 (best 0.9238)  L=211.3
Ep 300	 reward -15.250	 ms 213.5	 loss 0.029607	 30.0s
Ep 301	 reward -15.479	 ms 216.7	 loss 0.037201	 13.7s
Ep 302	 reward -15.368	 ms 215.2	 loss 0.110935	 15.8s
Ep 303	 reward -15.443	 ms 216.2	 loss 0.040843	 17.2s
Ep 304	 reward -15.332	 ms 214.7	 loss 0.095466	 17.1s
Ep 305	 reward -15.414	 ms 215.8	 loss 0.056429	 18.1s
Ep 306	 reward -15.343	 ms 214.8	 loss 0.161116	 16.8s
Ep 307	 reward -15.393	 ms 215.5	 loss 0.036779	 16.6s
Ep 308	 reward -15.507	 ms 217.1	 loss 0.003595	 13.9s
Ep 309	 reward -15.404	 ms 215.7	 loss 0.164163	 13.5s
Ep 310	 reward -15.429	 ms 216.0	 loss 0.024485	 17.3s
Ep 311	 reward -15.429	 ms 216.0	 loss 0.148144	 17.1s
Ep 312	 reward -15.300	 ms 214.2	 loss 0.097983	 17.3s
Ep 313	 reward -15.321	 ms 214.5	 loss 0.147949	 15.2s
Ep 314	 reward -15.307	 ms 214.3	 loss 0.058789	 16.8s
Ep 315	 reward -15.375	 ms 215.2	 loss -0.004532	 15.9s
Ep 316	 reward -15.418	 ms 215.8	 loss 0.056419	 15.5s
Ep 317	 reward -15.325	 ms 214.6	 loss 0.099887	 16.6s
Ep 318	 reward -15.368	 ms 215.2	 loss 0.141561	 14.8s
Ep 319	 reward -15.393	 ms 215.5	 loss 0.109856	 14.3s
Ep 320	 reward -15.425	 ms 215.9	 loss 0.081433	 17.6s
Ep 321	 reward -15.279	 ms 213.9	 loss -0.084429	 16.2s
Ep 322	 reward -15.371	 ms 215.2	 loss -0.056316	 17.4s
Ep 323	 reward -15.321	 ms 214.5	 loss -0.088261	 14.0s
Ep 324	 reward -15.343	 ms 214.8	 loss -0.066234	 17.7s
[vali @325] rel=0.9284 (best 0.9238)  L=210.7
Ep 325	 reward -15.254	 ms 213.6	 loss 0.111776	 23.6s
Ep 326	 reward -15.289	 ms 214.1	 loss -0.064699	 17.5s
Ep 327	 reward -15.236	 ms 213.3	 loss 0.190660	 18.0s
Ep 328	 reward -15.339	 ms 214.8	 loss -0.090135	 17.2s
Ep 329	 reward -15.321	 ms 214.5	 loss -0.081694	 18.9s
Ep 330	 reward -15.279	 ms 213.9	 loss -0.074610	 16.5s
Ep 331	 reward -15.286	 ms 214.0	 loss -0.098280	 16.1s
Ep 332	 reward -15.282	 ms 213.9	 loss -0.081662	 15.1s
Ep 333	 reward -15.271	 ms 213.8	 loss -0.080612	 14.1s
Ep 334	 reward -15.304	 ms 214.2	 loss 0.082887	 17.1s
Ep 335	 reward -15.275	 ms 213.8	 loss -0.027383	 14.4s
Ep 336	 reward -15.246	 ms 213.4	 loss -0.084865	 18.2s
Ep 337	 reward -15.211	 ms 212.9	 loss -0.091183	 15.5s
Ep 338	 reward -15.257	 ms 213.6	 loss -0.085311	 18.0s
Ep 339	 reward -15.350	 ms 214.9	 loss -0.107268	 14.3s
Ep 340	 reward -15.236	 ms 213.3	 loss 0.104367	 14.0s
Ep 341	 reward -15.246	 ms 213.4	 loss 0.004457	 16.8s
Ep 342	 reward -15.196	 ms 212.8	 loss -0.051327	 15.1s
Ep 343	 reward -15.261	 ms 213.7	 loss -0.038706	 14.9s
Ep 344	 reward -15.218	 ms 213.1	 loss -0.106398	 15.9s
Ep 345	 reward -15.189	 ms 212.7	 loss -0.089679	 13.7s
Ep 346	 reward -15.268	 ms 213.8	 loss -0.033128	 17.8s
Ep 347	 reward -15.254	 ms 213.6	 loss -0.004142	 13.8s
Ep 348	 reward -15.232	 ms 213.2	 loss -0.063773	 16.6s
Ep 349	 reward -15.264	 ms 213.7	 loss 0.029812	 15.3s
[vali @350] rel=0.9260 (best 0.9238)  L=210.2
Ep 350	 reward -15.250	 ms 213.5	 loss -0.021362	 27.4s
Ep 351	 reward -15.271	 ms 213.8	 loss -0.024437	 15.5s
Ep 352	 reward -15.268	 ms 213.8	 loss -0.000011	 16.1s
Ep 353	 reward -15.289	 ms 214.1	 loss -0.018244	 15.5s
Ep 354	 reward -15.257	 ms 213.6	 loss 0.039563	 17.9s
Ep 355	 reward -15.254	 ms 213.6	 loss 0.002380	 17.0s
Ep 356	 reward -15.282	 ms 213.9	 loss 0.017584	 16.8s
Ep 357	 reward -15.232	 ms 213.2	 loss 0.114730	 17.2s
Ep 358	 reward -15.264	 ms 213.7	 loss 0.198449	 13.3s
Ep 359	 reward -15.261	 ms 213.7	 loss -0.062169	 13.9s
Ep 360	 reward -15.186	 ms 212.6	 loss -0.029037	 13.3s
Ep 361	 reward -15.136	 ms 211.9	 loss 0.179402	 15.1s
Ep 362	 reward -15.164	 ms 212.3	 loss 0.039380	 12.8s
Ep 363	 reward -15.100	 ms 211.4	 loss 0.154142	 15.7s
Ep 364	 reward -15.068	 ms 210.9	 loss 0.165346	 14.3s
Ep 365	 reward -15.146	 ms 212.1	 loss -0.004246	 14.1s
Ep 366	 reward -15.096	 ms 211.3	 loss 0.104968	 13.2s
Ep 367	 reward -15.129	 ms 211.8	 loss 0.080697	 14.0s
Ep 368	 reward -15.139	 ms 211.9	 loss 0.177342	 15.8s
Ep 369	 reward -15.125	 ms 211.8	 loss 0.051642	 14.3s
Ep 370	 reward -15.111	 ms 211.6	 loss 0.115548	 14.9s
Ep 371	 reward -15.071	 ms 211.0	 loss 0.161094	 14.9s
Ep 372	 reward -15.100	 ms 211.4	 loss 0.034789	 13.6s
Ep 373	 reward -15.189	 ms 212.7	 loss 0.201479	 13.6s
Ep 374	 reward -15.150	 ms 212.1	 loss 0.060343	 15.1s
[vali @375] rel=0.9264 (best 0.9238)  L=210.2
Ep 375	 reward -15.050	 ms 210.7	 loss 0.127074	 27.9s
Ep 376	 reward -15.161	 ms 212.2	 loss 0.196385	 15.6s
Ep 377	 reward -15.068	 ms 210.9	 loss 0.208253	 13.9s
Ep 378	 reward -15.114	 ms 211.6	 loss 0.051343	 14.1s
Ep 379	 reward -15.139	 ms 211.9	 loss 0.049830	 15.3s
Ep 380	 reward -15.093	 ms 211.3	 loss 0.189943	 15.2s
Ep 381	 reward -15.368	 ms 215.2	 loss -0.087665	 14.9s
Ep 382	 reward -15.386	 ms 215.4	 loss -0.095135	 14.2s
Ep 383	 reward -15.418	 ms 215.8	 loss -0.103722	 14.1s
Ep 384	 reward -15.296	 ms 214.2	 loss -0.060342	 14.2s
Ep 385	 reward -15.368	 ms 215.2	 loss -0.078956	 14.1s
Ep 386	 reward -15.339	 ms 214.8	 loss -0.035114	 15.6s
Ep 387	 reward -15.354	 ms 214.9	 loss -0.086795	 14.0s
Ep 388	 reward -15.371	 ms 215.2	 loss -0.059903	 15.0s
Ep 389	 reward -15.386	 ms 215.4	 loss -0.070137	 14.8s
Ep 390	 reward -15.400	 ms 215.6	 loss -0.067142	 16.6s
Ep 391	 reward -15.389	 ms 215.4	 loss -0.094054	 14.0s
Ep 392	 reward -15.368	 ms 215.2	 loss -0.075130	 14.0s
Ep 393	 reward -15.475	 ms 216.7	 loss -0.030077	 14.1s
Ep 394	 reward -15.379	 ms 215.3	 loss -0.048807	 17.0s
Ep 395	 reward -15.439	 ms 216.2	 loss -0.070825	 14.0s
Ep 396	 reward -15.339	 ms 214.8	 loss -0.072465	 14.6s
Ep 397	 reward -15.389	 ms 215.4	 loss 0.128853	 15.4s
Ep 398	 reward -15.321	 ms 214.5	 loss -0.086036	 13.7s
Ep 399	 reward -15.389	 ms 215.4	 loss -0.082409	 13.4s
[vali @400] rel=0.9286 (best 0.9238)  L=210.8
Ep 400	 reward -15.446	 ms 216.2	 loss -0.038309	 24.9s
Ep 401	 reward -15.214	 ms 213.0	 loss 0.078019	 13.2s
Ep 402	 reward -15.257	 ms 213.6	 loss -0.049294	 13.9s
Ep 403	 reward -15.196	 ms 212.8	 loss -0.064616	 15.2s
Ep 404	 reward -15.207	 ms 212.9	 loss 0.145644	 16.2s
Ep 405	 reward -15.161	 ms 212.2	 loss -0.033209	 13.7s
Ep 406	 reward -15.261	 ms 213.7	 loss 0.037848	 15.2s
Ep 407	 reward -15.154	 ms 212.2	 loss 0.042646	 14.2s
Ep 408	 reward -15.254	 ms 213.6	 loss 0.132951	 14.4s
Ep 409	 reward -15.200	 ms 212.8	 loss 0.030229	 15.4s
Ep 410	 reward -15.239	 ms 213.3	 loss 0.032856	 15.3s
Ep 411	 reward -15.229	 ms 213.2	 loss -0.104353	 17.6s
Ep 412	 reward -15.186	 ms 212.6	 loss 0.183887	 15.3s
Ep 413	 reward -15.204	 ms 212.8	 loss -0.042831	 16.4s
Ep 414	 reward -15.304	 ms 214.2	 loss -0.051850	 14.0s
Ep 415	 reward -15.196	 ms 212.8	 loss 0.094756	 14.3s
Ep 416	 reward -15.214	 ms 213.0	 loss 0.071718	 13.6s
Ep 417	 reward -15.254	 ms 213.6	 loss -0.076785	 14.5s
Ep 418	 reward -15.236	 ms 213.3	 loss 0.093385	 14.3s
Ep 419	 reward -15.246	 ms 213.4	 loss -0.083461	 16.5s
Ep 420	 reward -15.175	 ms 212.4	 loss 0.112555	 14.8s
Ep 421	 reward -15.514	 ms 217.2	 loss 0.111665	 14.0s
Ep 422	 reward -15.525	 ms 217.3	 loss 0.192952	 15.2s
Ep 423	 reward -15.471	 ms 216.6	 loss 0.193920	 14.6s
Ep 424	 reward -15.529	 ms 217.4	 loss 0.178876	 15.2s
[vali @425] rel=0.9275 (best 0.9238)  L=210.5
Ep 425	 reward -15.479	 ms 216.7	 loss 0.165422	 23.4s
Ep 426	 reward -15.482	 ms 216.8	 loss 0.140851	 14.1s
Ep 427	 reward -15.489	 ms 216.8	 loss 0.186094	 13.6s
Ep 428	 reward -15.564	 ms 217.9	 loss 0.158711	 13.0s
Ep 429	 reward -15.564	 ms 217.9	 loss 0.237606	 11.9s
Ep 430	 reward -15.436	 ms 216.1	 loss 0.191893	 12.6s
Ep 431	 reward -15.504	 ms 217.1	 loss 0.183654	 11.8s
Ep 432	 reward -15.518	 ms 217.2	 loss 0.102392	 12.8s
Ep 433	 reward -15.536	 ms 217.5	 loss 0.159591	 12.6s
Ep 434	 reward -15.521	 ms 217.3	 loss 0.177552	 11.3s
Ep 435	 reward -15.471	 ms 216.6	 loss 0.188348	 11.3s
Ep 436	 reward -15.550	 ms 217.7	 loss 0.167008	 11.2s
Ep 437	 reward -15.539	 ms 217.6	 loss 0.152011	 11.8s
Ep 438	 reward -15.529	 ms 217.4	 loss 0.124647	 12.3s
Ep 439	 reward -15.611	 ms 218.6	 loss 0.157346	 12.3s
Ep 440	 reward -15.532	 ms 217.4	 loss 0.163242	 10.5s
Ep 441	 reward -15.264	 ms 213.7	 loss 0.080925	 11.3s
Ep 442	 reward -15.311	 ms 214.3	 loss -0.148218	 11.3s
Ep 443	 reward -15.286	 ms 214.0	 loss -0.122289	 12.5s
Ep 444	 reward -15.207	 ms 212.9	 loss -0.091154	 11.2s
Ep 445	 reward -15.289	 ms 214.1	 loss -0.133914	 11.6s
Ep 446	 reward -15.300	 ms 214.2	 loss -0.061388	 11.5s
Ep 447	 reward -15.318	 ms 214.4	 loss -0.116473	 11.6s
Ep 448	 reward -15.250	 ms 213.5	 loss -0.032834	 12.1s
Ep 449	 reward -15.229	 ms 213.2	 loss -0.025649	 11.5s
[vali @450] rel=0.9324 (best 0.9238)  L=211.6
Ep 450	 reward -15.304	 ms 214.2	 loss -0.110089	 20.0s
Ep 451	 reward -15.236	 ms 213.3	 loss -0.087551	 10.9s
Ep 452	 reward -15.225	 ms 213.2	 loss -0.094375	 11.7s
Ep 453	 reward -15.321	 ms 214.5	 loss -0.097865	 11.8s
Ep 454	 reward -15.257	 ms 213.6	 loss -0.113853	 11.2s
Ep 455	 reward -15.214	 ms 213.0	 loss -0.099684	 11.7s
Ep 456	 reward -15.207	 ms 212.9	 loss -0.084837	 12.6s
Ep 457	 reward -15.257	 ms 213.6	 loss -0.096873	 11.8s
Ep 458	 reward -15.261	 ms 213.7	 loss -0.120365	 11.6s
Ep 459	 reward -15.229	 ms 213.2	 loss -0.106850	 13.2s
Ep 460	 reward -15.261	 ms 213.7	 loss -0.097152	 11.1s
Ep 461	 reward -15.582	 ms 218.2	 loss -0.109183	 11.5s
Ep 462	 reward -15.489	 ms 216.8	 loss -0.095999	 13.0s
Ep 463	 reward -15.557	 ms 217.8	 loss -0.034608	 11.6s
Ep 464	 reward -15.536	 ms 217.5	 loss 0.094104	 14.3s
Ep 465	 reward -15.532	 ms 217.4	 loss -0.094897	 12.7s
Ep 466	 reward -15.582	 ms 218.2	 loss -0.051316	 11.6s
Ep 467	 reward -15.504	 ms 217.1	 loss -0.125637	 11.6s
Ep 468	 reward -15.543	 ms 217.6	 loss -0.111322	 12.5s
Ep 469	 reward -15.550	 ms 217.7	 loss 0.034972	 12.2s
Ep 470	 reward -15.518	 ms 217.2	 loss 0.217907	 11.8s
Ep 471	 reward -15.489	 ms 216.8	 loss -0.049346	 12.1s
Ep 472	 reward -15.518	 ms 217.2	 loss -0.036660	 11.7s
Ep 473	 reward -15.532	 ms 217.4	 loss 0.111515	 10.7s
Ep 474	 reward -15.539	 ms 217.6	 loss 0.147849	 9.4s
[vali @475] rel=0.9317 (best 0.9238)  L=211.4
Ep 475	 reward -15.521	 ms 217.3	 loss 0.040172	 21.5s
Ep 476	 reward -15.504	 ms 217.1	 loss 0.217465	 12.5s
Ep 477	 reward -15.564	 ms 217.9	 loss -0.009716	 11.9s
Ep 478	 reward -15.518	 ms 217.2	 loss 0.059531	 12.5s
Ep 479	 reward -15.629	 ms 218.8	 loss -0.046932	 11.4s
Ep 480	 reward -15.543	 ms 217.6	 loss -0.023044	 12.2s
Ep 481	 reward -15.571	 ms 218.0	 loss 0.057832	 12.6s
Ep 482	 reward -15.625	 ms 218.8	 loss -0.008168	 11.8s
Ep 483	 reward -15.489	 ms 216.8	 loss -0.051545	 11.3s
Ep 484	 reward -15.593	 ms 218.3	 loss -0.018791	 11.5s
Ep 485	 reward -15.536	 ms 217.5	 loss 0.059822	 11.4s
Ep 486	 reward -15.514	 ms 217.2	 loss 0.080794	 11.5s
Ep 487	 reward -15.532	 ms 217.4	 loss -0.009884	 12.3s
Ep 488	 reward -15.532	 ms 217.4	 loss 0.041010	 11.8s
Ep 489	 reward -15.525	 ms 217.3	 loss -0.000771	 11.0s
Ep 490	 reward -15.568	 ms 217.9	 loss 0.068477	 11.8s
Ep 491	 reward -15.539	 ms 217.6	 loss 0.036337	 12.3s
Ep 492	 reward -15.546	 ms 217.7	 loss -0.017094	 11.6s
Ep 493	 reward -15.579	 ms 218.1	 loss 0.017657	 11.6s
Ep 494	 reward -15.614	 ms 218.6	 loss -0.021907	 11.5s
Ep 495	 reward -15.546	 ms 217.7	 loss -0.061757	 12.4s
Ep 496	 reward -15.611	 ms 218.6	 loss 0.078827	 11.8s
Ep 497	 reward -15.575	 ms 218.1	 loss 0.104042	 11.9s
Ep 498	 reward -15.554	 ms 217.8	 loss 0.037397	 11.3s
Ep 499	 reward -15.529	 ms 217.4	 loss 0.002594	 10.7s
[vali @500] rel=0.9308 (best 0.9238)  L=211.2
Ep 500	 reward -15.461	 ms 216.4	 loss -0.028664	 20.3s
Ep 501	 reward -15.350	 ms 214.9	 loss -0.048530	 13.1s
Ep 502	 reward -15.418	 ms 215.8	 loss -0.020194	 11.0s
Ep 503	 reward -15.350	 ms 214.9	 loss 0.002889	 12.3s
Ep 504	 reward -15.371	 ms 215.2	 loss -0.015549	 11.3s
Ep 505	 reward -15.386	 ms 215.4	 loss -0.033704	 12.5s
Ep 506	 reward -15.375	 ms 215.2	 loss 0.007558	 11.8s
Ep 507	 reward -15.418	 ms 215.8	 loss -0.004487	 12.2s
Ep 508	 reward -15.396	 ms 215.6	 loss -0.031674	 11.1s
Ep 509	 reward -15.382	 ms 215.3	 loss -0.005740	 11.7s
Ep 510	 reward -15.321	 ms 214.5	 loss -0.018798	 11.2s
Ep 511	 reward -15.379	 ms 215.3	 loss 0.013632	 11.9s
Ep 512	 reward -15.432	 ms 216.1	 loss -0.021541	 11.5s
Ep 513	 reward -15.382	 ms 215.3	 loss 0.000687	 12.5s
Ep 514	 reward -15.396	 ms 215.6	 loss 0.032912	 11.2s
Ep 515	 reward -15.393	 ms 215.5	 loss -0.000511	 11.6s
Ep 516	 reward -15.354	 ms 214.9	 loss -0.025574	 11.9s
Ep 517	 reward -15.354	 ms 214.9	 loss -0.018887	 12.4s
Ep 518	 reward -15.307	 ms 214.3	 loss -0.039773	 12.3s
Ep 519	 reward -15.371	 ms 215.2	 loss -0.032664	 12.1s
Ep 520	 reward -15.386	 ms 215.4	 loss -0.016035	 12.4s
Ep 521	 reward -15.379	 ms 215.3	 loss 0.047677	 14.4s
Ep 522	 reward -15.418	 ms 215.8	 loss 0.072187	 12.1s
Ep 523	 reward -15.354	 ms 214.9	 loss 0.077163	 11.1s
Ep 524	 reward -15.411	 ms 215.8	 loss 0.148561	 12.7s
[vali @525] rel=0.9299 (best 0.9238)  L=211.1
Ep 525	 reward -15.325	 ms 214.6	 loss 0.157670	 21.2s
Ep 526	 reward -15.361	 ms 215.1	 loss 0.108981	 12.6s
Ep 527	 reward -15.389	 ms 215.4	 loss 0.066266	 15.3s
Ep 528	 reward -15.396	 ms 215.6	 loss 0.077963	 16.6s
Ep 529	 reward -15.354	 ms 214.9	 loss 0.113868	 14.1s
Ep 530	 reward -15.357	 ms 215.0	 loss 0.132532	 12.8s
Ep 531	 reward -15.300	 ms 214.2	 loss 0.059995	 12.6s
Ep 532	 reward -15.346	 ms 214.8	 loss 0.004268	 13.3s
Ep 533	 reward -15.400	 ms 215.6	 loss 0.180011	 14.0s
Ep 534	 reward -15.396	 ms 215.6	 loss 0.067625	 12.2s
Ep 535	 reward -15.357	 ms 215.0	 loss 0.129465	 12.1s
Ep 536	 reward -15.346	 ms 214.8	 loss 0.086615	 13.4s
Ep 537	 reward -15.368	 ms 215.2	 loss 0.101011	 11.9s
Ep 538	 reward -15.386	 ms 215.4	 loss -0.076185	 13.1s
Ep 539	 reward -15.400	 ms 215.6	 loss 0.107918	 12.2s
Ep 540	 reward -15.386	 ms 215.4	 loss 0.209689	 14.5s
Ep 541	 reward -15.675	 ms 219.4	 loss 0.218257	 12.1s
Ep 542	 reward -15.711	 ms 219.9	 loss 0.314901	 11.6s
Ep 543	 reward -15.746	 ms 220.4	 loss 0.290943	 12.8s
Ep 544	 reward -15.671	 ms 219.4	 loss 0.201307	 11.9s
Ep 545	 reward -15.654	 ms 219.2	 loss 0.005438	 11.6s
Ep 546	 reward -15.646	 ms 219.1	 loss 0.223667	 10.6s
Ep 547	 reward -15.693	 ms 219.7	 loss 0.277391	 13.1s
Ep 548	 reward -15.661	 ms 219.2	 loss 0.229513	 12.1s
Ep 549	 reward -15.611	 ms 218.6	 loss 0.264262	 11.5s
[vali @550] rel=0.9335 (best 0.9238)  L=211.8
Ep 550	 reward -15.632	 ms 218.8	 loss 0.029469	 19.3s
Ep 551	 reward -15.618	 ms 218.7	 loss 0.177700	 12.8s
Ep 552	 reward -15.646	 ms 219.1	 loss 0.213093	 13.0s
Ep 553	 reward -15.589	 ms 218.2	 loss 0.226694	 12.1s
Ep 554	 reward -15.600	 ms 218.4	 loss 0.250073	 11.5s
Ep 555	 reward -15.571	 ms 218.0	 loss 0.210535	 11.6s
Ep 556	 reward -15.600	 ms 218.4	 loss 0.219917	 11.6s
Ep 557	 reward -15.643	 ms 219.0	 loss 0.267278	 12.4s
Ep 558	 reward -15.636	 ms 218.9	 loss 0.218433	 11.3s
Ep 559	 reward -15.582	 ms 218.2	 loss 0.215345	 10.0s
Ep 560	 reward -15.650	 ms 219.1	 loss 0.212456	 10.5s
Ep 561	 reward -15.196	 ms 212.8	 loss 0.082968	 10.0s
Ep 562	 reward -15.186	 ms 212.6	 loss 0.129695	 9.8s
Ep 563	 reward -15.175	 ms 212.4	 loss 0.139148	 11.8s
Ep 564	 reward -15.250	 ms 213.5	 loss 0.137273	 10.0s
Ep 565	 reward -15.264	 ms 213.7	 loss 0.181396	 10.1s
Ep 566	 reward -15.264	 ms 213.7	 loss -0.023101	 10.9s
Ep 567	 reward -15.239	 ms 213.3	 loss 0.138153	 11.2s
Ep 568	 reward -15.204	 ms 212.8	 loss 0.076487	 11.7s
Ep 569	 reward -15.257	 ms 213.6	 loss 0.167577	 11.5s
Ep 570	 reward -15.204	 ms 212.8	 loss 0.138950	 10.9s
Ep 571	 reward -15.211	 ms 212.9	 loss 0.138503	 11.0s
Ep 572	 reward -15.225	 ms 213.2	 loss 0.080340	 10.4s
Ep 573	 reward -15.236	 ms 213.3	 loss 0.158071	 12.4s
Ep 574	 reward -15.271	 ms 213.8	 loss 0.161747	 11.6s
[vali @575] rel=0.9341 (best 0.9238)  L=212.0
Ep 575	 reward -15.264	 ms 213.7	 loss 0.137286	 18.5s
Ep 576	 reward -15.254	 ms 213.6	 loss 0.113849	 10.0s
Ep 577	 reward -15.271	 ms 213.8	 loss 0.130382	 9.6s
Ep 578	 reward -15.221	 ms 213.1	 loss 0.115633	 10.2s
Ep 579	 reward -15.307	 ms 214.3	 loss 0.165897	 10.7s
Ep 580	 reward -15.264	 ms 213.7	 loss 0.095852	 11.6s
Ep 581	 reward -15.171	 ms 212.4	 loss 0.074751	 12.0s
Ep 582	 reward -15.129	 ms 211.8	 loss 0.011527	 11.1s
Ep 583	 reward -15.200	 ms 212.8	 loss 0.062785	 9.4s
Ep 584	 reward -15.200	 ms 212.8	 loss 0.105227	 9.6s
Ep 585	 reward -15.214	 ms 213.0	 loss 0.176054	 9.4s
Ep 586	 reward -15.186	 ms 212.6	 loss -0.029513	 9.8s
Ep 587	 reward -15.193	 ms 212.7	 loss 0.090908	 8.9s
Ep 588	 reward -15.175	 ms 212.4	 loss 0.049476	 9.6s
Ep 589	 reward -15.268	 ms 213.8	 loss 0.146959	 10.9s
Ep 590	 reward -15.175	 ms 212.4	 loss -0.090136	 10.7s
Ep 591	 reward -15.150	 ms 212.1	 loss 0.069180	 12.0s
Ep 592	 reward -15.146	 ms 212.1	 loss 0.148366	 10.7s
Ep 593	 reward -15.239	 ms 213.3	 loss 0.117705	 10.9s
Ep 594	 reward -15.236	 ms 213.3	 loss 0.080763	 12.6s
Ep 595	 reward -15.214	 ms 213.0	 loss 0.044340	 10.5s
Ep 596	 reward -15.296	 ms 214.2	 loss 0.120557	 11.0s
Ep 597	 reward -15.243	 ms 213.4	 loss 0.101974	 11.2s
Ep 598	 reward -15.311	 ms 214.3	 loss 0.069894	 10.9s
Ep 599	 reward -15.286	 ms 214.0	 loss -0.006551	 10.0s
[vali @600] rel=0.9315 (best 0.9238)  L=211.4
Ep 600	 reward -15.207	 ms 212.9	 loss 0.135758	 19.5s
Ep 601	 reward -15.057	 ms 210.8	 loss 0.167723	 11.1s
Ep 602	 reward -15.129	 ms 211.8	 loss 0.131953	 11.0s
Ep 603	 reward -15.139	 ms 211.9	 loss 0.186462	 11.0s
Ep 604	 reward -15.129	 ms 211.8	 loss 0.136450	 10.5s
Ep 605	 reward -15.086	 ms 211.2	 loss 0.082766	 10.9s
Ep 606	 reward -15.079	 ms 211.1	 loss 0.116828	 10.9s
Ep 607	 reward -15.111	 ms 211.6	 loss 0.101097	 10.8s
Ep 608	 reward -15.121	 ms 211.7	 loss 0.066418	 11.8s
Ep 609	 reward -15.061	 ms 210.8	 loss 0.140328	 11.4s
Ep 610	 reward -15.118	 ms 211.7	 loss 0.078104	 10.3s
Ep 611	 reward -15.068	 ms 210.9	 loss 0.173221	 10.7s
Ep 612	 reward -15.132	 ms 211.8	 loss 0.106299	 10.5s
Ep 613	 reward -14.975	 ms 209.7	 loss 0.109247	 11.0s
Ep 614	 reward -15.125	 ms 211.8	 loss 0.139410	 10.1s
Ep 615	 reward -15.089	 ms 211.2	 loss 0.073451	 10.9s
Ep 616	 reward -15.036	 ms 210.5	 loss 0.086295	 10.6s
Ep 617	 reward -15.082	 ms 211.2	 loss 0.124773	 11.3s
Ep 618	 reward -15.100	 ms 211.4	 loss 0.149171	 11.5s
Ep 619	 reward -15.061	 ms 210.8	 loss 0.106838	 11.1s
Ep 620	 reward -15.139	 ms 211.9	 loss 0.117327	 10.7s
Ep 621	 reward -15.432	 ms 216.1	 loss -0.096005	 11.5s
Ep 622	 reward -15.479	 ms 216.7	 loss 0.101692	 12.2s
Ep 623	 reward -15.482	 ms 216.8	 loss 0.086110	 11.7s
Ep 624	 reward -15.511	 ms 217.2	 loss 0.192673	 11.1s
[vali @625] rel=0.9277 (best 0.9238)  L=210.6
Ep 625	 reward -15.496	 ms 216.9	 loss -0.052914	 18.0s
Ep 626	 reward -15.489	 ms 216.8	 loss 0.131538	 11.5s
Ep 627	 reward -15.425	 ms 215.9	 loss 0.016482	 11.5s
Ep 628	 reward -15.532	 ms 217.4	 loss 0.050706	 11.5s
Ep 629	 reward -15.418	 ms 215.8	 loss -0.048667	 11.2s
Ep 630	 reward -15.457	 ms 216.4	 loss -0.089591	 11.4s
Ep 631	 reward -15.425	 ms 215.9	 loss 0.059105	 11.5s
Ep 632	 reward -15.461	 ms 216.4	 loss 0.170335	 11.6s
Ep 633	 reward -15.539	 ms 217.6	 loss -0.100398	 11.5s
Ep 634	 reward -15.425	 ms 215.9	 loss 0.105474	 11.0s
Ep 635	 reward -15.486	 ms 216.8	 loss 0.122011	 11.0s
Ep 636	 reward -15.464	 ms 216.5	 loss -0.069956	 11.4s
Ep 637	 reward -15.454	 ms 216.3	 loss -0.083246	 10.8s
Ep 638	 reward -15.486	 ms 216.8	 loss 0.034984	 11.1s
Ep 639	 reward -15.436	 ms 216.1	 loss 0.038318	 10.6s
Ep 640	 reward -15.475	 ms 216.7	 loss 0.009173	 11.1s
Ep 641	 reward -15.471	 ms 216.6	 loss -0.074284	 10.8s
Ep 642	 reward -15.486	 ms 216.8	 loss 0.210169	 10.8s
Ep 643	 reward -15.500	 ms 217.0	 loss 0.187186	 10.7s
Ep 644	 reward -15.443	 ms 216.2	 loss 0.219835	 10.7s
Ep 645	 reward -15.436	 ms 216.1	 loss 0.112409	 11.8s
Ep 646	 reward -15.464	 ms 216.5	 loss 0.034787	 10.8s
Ep 647	 reward -15.468	 ms 216.6	 loss 0.133689	 11.4s
Ep 648	 reward -15.457	 ms 216.4	 loss 0.136698	 12.3s
Ep 649	 reward -15.479	 ms 216.7	 loss 0.079820	 12.2s
[vali @650] rel=0.9295 (best 0.9238)  L=210.9
Ep 650	 reward -15.457	 ms 216.4	 loss 0.141507	 20.3s
Ep 651	 reward -15.436	 ms 216.1	 loss 0.075609	 12.2s
Ep 652	 reward -15.446	 ms 216.2	 loss 0.154294	 12.1s
Ep 653	 reward -15.439	 ms 216.2	 loss 0.071737	 11.6s
Ep 654	 reward -15.404	 ms 215.7	 loss 0.027474	 12.3s
Ep 655	 reward -15.493	 ms 216.9	 loss 0.177404	 12.0s
Ep 656	 reward -15.464	 ms 216.5	 loss 0.054227	 11.9s
Ep 657	 reward -15.496	 ms 216.9	 loss 0.087225	 12.7s
Ep 658	 reward -15.425	 ms 215.9	 loss 0.168236	 12.8s
Ep 659	 reward -15.404	 ms 215.7	 loss 0.148045	 12.1s
Ep 660	 reward -15.407	 ms 215.7	 loss 0.128415	 12.7s
Ep 661	 reward -15.450	 ms 216.3	 loss 0.056296	 12.4s
Ep 662	 reward -15.346	 ms 214.8	 loss 0.054268	 11.9s
Ep 663	 reward -15.364	 ms 215.1	 loss 0.023510	 12.7s
Ep 664	 reward -15.382	 ms 215.3	 loss 0.150080	 13.5s
Ep 665	 reward -15.361	 ms 215.1	 loss 0.162560	 12.9s
Ep 666	 reward -15.404	 ms 215.7	 loss -0.013450	 11.5s
Ep 667	 reward -15.361	 ms 215.1	 loss -0.007062	 10.9s
Ep 668	 reward -15.429	 ms 216.0	 loss -0.077600	 11.0s
Ep 669	 reward -15.379	 ms 215.3	 loss 0.125642	 10.7s
Ep 670	 reward -15.350	 ms 214.9	 loss 0.072918	 10.8s
Ep 671	 reward -15.450	 ms 216.3	 loss 0.168764	 10.5s
Ep 672	 reward -15.379	 ms 215.3	 loss 0.021508	 10.5s
Ep 673	 reward -15.411	 ms 215.8	 loss 0.185207	 12.8s
Ep 674	 reward -15.457	 ms 216.4	 loss -0.010313	 11.2s
[vali @675] rel=0.9304 (best 0.9238)  L=211.2
Ep 675	 reward -15.407	 ms 215.7	 loss 0.124842	 20.1s
Ep 676	 reward -15.411	 ms 215.8	 loss -0.040296	 11.5s
Ep 677	 reward -15.511	 ms 217.2	 loss 0.031170	 12.3s
Ep 678	 reward -15.414	 ms 215.8	 loss 0.062599	 11.6s
Ep 679	 reward -15.396	 ms 215.6	 loss -0.002365	 12.3s
Ep 680	 reward -15.354	 ms 214.9	 loss 0.020914	 11.5s
Ep 681	 reward -15.164	 ms 212.3	 loss 0.056389	 13.2s
Ep 682	 reward -15.132	 ms 211.8	 loss 0.007170	 12.2s
Ep 683	 reward -15.189	 ms 212.7	 loss 0.070162	 13.0s
Ep 684	 reward -15.154	 ms 212.2	 loss 0.044611	 12.0s
Ep 685	 reward -15.121	 ms 211.7	 loss 0.026862	 12.5s
Ep 686	 reward -15.168	 ms 212.3	 loss 0.029927	 12.6s
Ep 687	 reward -15.118	 ms 211.7	 loss -0.104107	 11.4s
Ep 688	 reward -15.136	 ms 211.9	 loss 0.054489	 12.1s
Ep 689	 reward -15.204	 ms 212.8	 loss 0.111118	 11.8s
Ep 690	 reward -15.146	 ms 212.1	 loss 0.154421	 12.1s
Ep 691	 reward -15.132	 ms 211.8	 loss 0.130745	 12.0s
Ep 692	 reward -15.157	 ms 212.2	 loss 0.137237	 12.2s
Ep 693	 reward -15.139	 ms 211.9	 loss 0.067187	 11.5s
Ep 694	 reward -15.164	 ms 212.3	 loss 0.114858	 12.0s
Ep 695	 reward -15.196	 ms 212.8	 loss -0.062241	 11.7s
Ep 696	 reward -15.161	 ms 212.2	 loss 0.081143	 11.8s
Ep 697	 reward -15.111	 ms 211.6	 loss 0.156742	 12.3s
Ep 698	 reward -15.157	 ms 212.2	 loss 0.070041	 12.1s
Ep 699	 reward -15.182	 ms 212.6	 loss 0.013989	 10.8s
[vali @700] rel=0.9321 (best 0.9238)  L=211.6
Ep 700	 reward -15.157	 ms 212.2	 loss 0.029087	 19.9s
Ep 701	 reward -15.200	 ms 212.8	 loss 0.009025	 12.3s
Ep 702	 reward -15.243	 ms 213.4	 loss 0.086068	 11.2s
Ep 703	 reward -15.243	 ms 213.4	 loss -0.001600	 11.8s
Ep 704	 reward -15.225	 ms 213.2	 loss 0.160255	 11.0s
Ep 705	 reward -15.229	 ms 213.2	 loss 0.059980	 10.9s
Ep 706	 reward -15.232	 ms 213.2	 loss -0.071361	 11.2s
Ep 707	 reward -15.229	 ms 213.2	 loss -0.062844	 11.4s
Ep 708	 reward -15.218	 ms 213.1	 loss 0.065055	 11.1s
Ep 709	 reward -15.275	 ms 213.8	 loss -0.085645	 11.1s
Ep 710	 reward -15.289	 ms 214.1	 loss -0.056902	 11.0s
Ep 711	 reward -15.311	 ms 214.3	 loss 0.060242	 11.3s
Ep 712	 reward -15.229	 ms 213.2	 loss 0.093167	 10.4s
Ep 713	 reward -15.236	 ms 213.3	 loss 0.019110	 10.8s
Ep 714	 reward -15.264	 ms 213.7	 loss 0.112657	 11.0s
Ep 715	 reward -15.275	 ms 213.8	 loss 0.056499	 11.1s
Ep 716	 reward -15.254	 ms 213.6	 loss 0.052223	 11.5s
Ep 717	 reward -15.261	 ms 213.7	 loss 0.079835	 11.0s
Ep 718	 reward -15.304	 ms 214.2	 loss 0.047884	 11.0s
Ep 719	 reward -15.289	 ms 214.1	 loss 0.042116	 11.1s
Ep 720	 reward -15.225	 ms 213.2	 loss 0.070226	 11.0s
Ep 721	 reward -15.329	 ms 214.6	 loss -0.023054	 11.5s
Ep 722	 reward -15.379	 ms 215.3	 loss 0.053810	 10.5s
Ep 723	 reward -15.346	 ms 214.8	 loss 0.061234	 11.1s
Ep 724	 reward -15.425	 ms 215.9	 loss 0.104631	 11.0s
[vali @725] rel=0.9302 (best 0.9238)  L=211.1
Ep 725	 reward -15.379	 ms 215.3	 loss 0.171256	 17.7s
Ep 726	 reward -15.314	 ms 214.4	 loss 0.022827	 11.9s
Ep 727	 reward -15.346	 ms 214.8	 loss -0.043992	 12.0s
Ep 728	 reward -15.379	 ms 215.3	 loss -0.055908	 11.8s
Ep 729	 reward -15.364	 ms 215.1	 loss -0.054376	 14.0s
Ep 730	 reward -15.393	 ms 215.5	 loss 0.039885	 11.8s
Ep 731	 reward -15.282	 ms 213.9	 loss 0.049946	 11.9s
Ep 732	 reward -15.464	 ms 216.5	 loss -0.049511	 12.0s
Ep 733	 reward -15.300	 ms 214.2	 loss -0.083690	 11.9s
Ep 734	 reward -15.389	 ms 215.4	 loss -0.064059	 13.1s
Ep 735	 reward -15.350	 ms 214.9	 loss 0.033310	 12.2s
Ep 736	 reward -15.329	 ms 214.6	 loss -0.077451	 12.6s
Ep 737	 reward -15.350	 ms 214.9	 loss -0.037051	 11.9s
Ep 738	 reward -15.389	 ms 215.4	 loss -0.074774	 12.5s
Ep 739	 reward -15.432	 ms 216.1	 loss -0.059092	 12.0s
Ep 740	 reward -15.346	 ms 214.8	 loss -0.015738	 12.3s
Ep 741	 reward -15.229	 ms 213.2	 loss 0.138648	 12.1s
Ep 742	 reward -15.254	 ms 213.6	 loss 0.058984	 11.8s
Ep 743	 reward -15.296	 ms 214.2	 loss 0.014766	 12.2s
Ep 744	 reward -15.264	 ms 213.7	 loss -0.095253	 12.3s
Ep 745	 reward -15.250	 ms 213.5	 loss 0.121778	 11.6s
Ep 746	 reward -15.243	 ms 213.4	 loss -0.031515	 11.8s
Ep 747	 reward -15.254	 ms 213.6	 loss 0.075660	 11.1s
Ep 748	 reward -15.225	 ms 213.2	 loss 0.017735	 10.5s
Ep 749	 reward -15.250	 ms 213.5	 loss 0.151975	 11.1s
[vali @750] rel=0.9324 (best 0.9238)  L=211.6
Ep 750	 reward -15.232	 ms 213.2	 loss -0.158774	 17.9s
Ep 751	 reward -15.196	 ms 212.8	 loss 0.104033	 10.4s
Ep 752	 reward -15.243	 ms 213.4	 loss 0.079310	 11.0s
Ep 753	 reward -15.250	 ms 213.5	 loss 0.088834	 10.5s
Ep 754	 reward -15.261	 ms 213.7	 loss 0.139517	 10.9s
Ep 755	 reward -15.196	 ms 212.8	 loss 0.150123	 10.6s
Ep 756	 reward -15.250	 ms 213.5	 loss 0.151566	 11.2s
Ep 757	 reward -15.243	 ms 213.4	 loss -0.025897	 11.0s
Ep 758	 reward -15.268	 ms 213.8	 loss 0.002716	 10.5s
Ep 759	 reward -15.207	 ms 212.9	 loss 0.100599	 10.9s
Ep 760	 reward -15.189	 ms 212.7	 loss 0.064339	 10.8s
Ep 761	 reward -15.389	 ms 215.4	 loss 0.109141	 11.0s
Ep 762	 reward -15.329	 ms 214.6	 loss -0.017101	 10.5s
Ep 763	 reward -15.393	 ms 215.5	 loss 0.060755	 11.4s
Ep 764	 reward -15.339	 ms 214.8	 loss 0.054561	 11.0s
Ep 765	 reward -15.379	 ms 215.3	 loss 0.169972	 11.3s
Ep 766	 reward -15.346	 ms 214.8	 loss 0.164556	 11.0s
Ep 767	 reward -15.371	 ms 215.2	 loss 0.048961	 11.3s
Ep 768	 reward -15.357	 ms 215.0	 loss 0.199123	 11.1s
Ep 769	 reward -15.396	 ms 215.6	 loss -0.030706	 11.6s
Ep 770	 reward -15.396	 ms 215.6	 loss -0.121522	 11.7s
Ep 771	 reward -15.336	 ms 214.7	 loss -0.003946	 11.5s
Ep 772	 reward -15.346	 ms 214.8	 loss 0.060113	 11.5s
Ep 773	 reward -15.396	 ms 215.6	 loss 0.111130	 11.7s
Ep 774	 reward -15.350	 ms 214.9	 loss 0.113212	 12.0s
[vali @775] rel=0.9295 (best 0.9238)  L=210.9
Ep 775	 reward -15.361	 ms 215.1	 loss 0.249851	 19.2s
Ep 776	 reward -15.300	 ms 214.2	 loss -0.004599	 12.2s
Ep 777	 reward -15.318	 ms 214.4	 loss -0.004501	 12.1s
Ep 778	 reward -15.354	 ms 214.9	 loss 0.162171	 12.6s
Ep 779	 reward -15.354	 ms 214.9	 loss -0.095504	 12.4s
Ep 780	 reward -15.314	 ms 214.4	 loss 0.196822	 12.0s
Ep 781	 reward -15.186	 ms 212.6	 loss 0.122436	 11.7s
Ep 782	 reward -15.200	 ms 212.8	 loss 0.036191	 12.6s
Ep 783	 reward -15.214	 ms 213.0	 loss 0.067489	 13.0s
Ep 784	 reward -15.214	 ms 213.0	 loss 0.009056	 12.2s
Ep 785	 reward -15.182	 ms 212.6	 loss 0.073882	 11.9s
Ep 786	 reward -15.250	 ms 213.5	 loss 0.145785	 11.7s
Ep 787	 reward -15.143	 ms 212.0	 loss 0.145147	 11.2s
Ep 788	 reward -15.286	 ms 214.0	 loss 0.180271	 11.3s
Ep 789	 reward -15.250	 ms 213.5	 loss 0.101349	 10.7s
Ep 790	 reward -15.325	 ms 214.6	 loss 0.104036	 11.0s
Ep 791	 reward -15.282	 ms 213.9	 loss 0.175193	 11.1s
Ep 792	 reward -15.354	 ms 214.9	 loss 0.048796	 10.9s
Ep 793	 reward -15.239	 ms 213.3	 loss 0.137758	 11.1s
Ep 794	 reward -15.279	 ms 213.9	 loss 0.212002	 11.3s
Ep 795	 reward -15.257	 ms 213.6	 loss 0.101454	 11.0s
Ep 796	 reward -15.246	 ms 213.4	 loss 0.099613	 11.3s
Ep 797	 reward -15.357	 ms 215.0	 loss 0.068379	 10.2s
Ep 798	 reward -15.268	 ms 213.8	 loss -0.062523	 10.4s
Ep 799	 reward -15.257	 ms 213.6	 loss 0.093190	 10.5s
[vali @800] rel=0.9330 (best 0.9238)  L=211.8
Ep 800	 reward -15.311	 ms 214.3	 loss 0.130154	 16.9s
Ep 801	 reward -15.014	 ms 210.2	 loss 0.032261	 10.7s
Ep 802	 reward -15.007	 ms 210.1	 loss 0.087904	 10.5s
Ep 803	 reward -14.996	 ms 209.9	 loss 0.057964	 10.7s
Ep 804	 reward -14.964	 ms 209.5	 loss 0.022654	 10.5s
Ep 805	 reward -14.979	 ms 209.7	 loss -0.051356	 10.5s
Ep 806	 reward -15.021	 ms 210.3	 loss 0.005345	 10.9s
Ep 807	 reward -15.011	 ms 210.2	 loss 0.045532	 10.5s
Ep 808	 reward -15.004	 ms 210.1	 loss -0.007089	 10.6s
Ep 809	 reward -15.061	 ms 210.8	 loss -0.150999	 10.7s
Ep 810	 reward -15.004	 ms 210.1	 loss 0.064857	 10.3s
Ep 811	 reward -14.950	 ms 209.3	 loss 0.013410	 10.7s
Ep 812	 reward -14.957	 ms 209.4	 loss 0.060865	 9.7s
Ep 813	 reward -14.982	 ms 209.8	 loss 0.085962	 11.0s
Ep 814	 reward -14.979	 ms 209.7	 loss 0.123782	 10.1s
Ep 815	 reward -14.925	 ms 208.9	 loss 0.032600	 10.0s
Ep 816	 reward -14.971	 ms 209.6	 loss 0.112535	 10.0s
Ep 817	 reward -15.039	 ms 210.6	 loss -0.070515	 10.2s
Ep 818	 reward -14.968	 ms 209.6	 loss 0.002189	 10.5s
Ep 819	 reward -14.936	 ms 209.1	 loss -0.014402	 10.8s
Ep 820	 reward -14.979	 ms 209.7	 loss 0.016702	 10.5s
Ep 821	 reward -15.357	 ms 215.0	 loss -0.080529	 11.2s
Ep 822	 reward -15.411	 ms 215.8	 loss -0.041205	 10.2s
Ep 823	 reward -15.350	 ms 214.9	 loss 0.045149	 10.8s
Ep 824	 reward -15.318	 ms 214.4	 loss 0.140098	 10.6s
[vali @825] rel=0.9302 (best 0.9238)  L=211.1
Ep 825	 reward -15.282	 ms 213.9	 loss -0.096246	 16.4s
Ep 826	 reward -15.268	 ms 213.8	 loss 0.107151	 10.6s
Ep 827	 reward -15.300	 ms 214.2	 loss 0.167004	 10.8s
Ep 828	 reward -15.189	 ms 212.7	 loss 0.023948	 10.6s
Ep 829	 reward -15.318	 ms 214.4	 loss -0.093239	 10.8s
Ep 830	 reward -15.289	 ms 214.1	 loss -0.001725	 10.8s
Ep 831	 reward -15.261	 ms 213.7	 loss -0.090288	 10.7s
Ep 832	 reward -15.311	 ms 214.3	 loss -0.106642	 10.7s
Ep 833	 reward -15.239	 ms 213.3	 loss 0.126156	 10.8s
Ep 834	 reward -15.343	 ms 214.8	 loss -0.097051	 11.0s
Ep 835	 reward -15.307	 ms 214.3	 loss 0.179971	 11.1s
Ep 836	 reward -15.289	 ms 214.1	 loss 0.063321	 11.3s
Ep 837	 reward -15.332	 ms 214.7	 loss 0.123387	 10.1s
Ep 838	 reward -15.311	 ms 214.3	 loss -0.041648	 12.1s
Ep 839	 reward -15.350	 ms 214.9	 loss -0.053455	 11.8s
Ep 840	 reward -15.314	 ms 214.4	 loss 0.080901	 11.2s
Ep 841	 reward -15.300	 ms 214.2	 loss 0.085365	 11.1s
Ep 842	 reward -15.282	 ms 213.9	 loss 0.000451	 10.8s
Ep 843	 reward -15.304	 ms 214.2	 loss 0.078427	 11.1s
Ep 844	 reward -15.296	 ms 214.2	 loss 0.072152	 10.7s
Ep 845	 reward -15.336	 ms 214.7	 loss 0.105746	 11.2s
Ep 846	 reward -15.296	 ms 214.2	 loss 0.062585	 11.8s
Ep 847	 reward -15.282	 ms 213.9	 loss 0.123508	 11.9s
Ep 848	 reward -15.336	 ms 214.7	 loss -0.033145	 11.4s
Ep 849	 reward -15.300	 ms 214.2	 loss 0.033027	 10.9s
[vali @850] rel=0.9330 (best 0.9238)  L=211.8
Ep 850	 reward -15.282	 ms 213.9	 loss 0.128207	 17.4s
Ep 851	 reward -15.300	 ms 214.2	 loss 0.202507	 11.1s
Ep 852	 reward -15.286	 ms 214.0	 loss 0.161666	 10.9s
Ep 853	 reward -15.307	 ms 214.3	 loss 0.119068	 11.7s
Ep 854	 reward -15.257	 ms 213.6	 loss 0.057227	 12.0s
Ep 855	 reward -15.261	 ms 213.7	 loss 0.078090	 11.3s
Ep 856	 reward -15.264	 ms 213.7	 loss 0.080213	 12.4s
Ep 857	 reward -15.289	 ms 214.1	 loss -0.041912	 12.4s
Ep 858	 reward -15.261	 ms 213.7	 loss 0.018037	 11.6s
Ep 859	 reward -15.361	 ms 215.1	 loss -0.037939	 11.1s
Ep 860	 reward -15.336	 ms 214.7	 loss 0.190266	 10.6s
Ep 861	 reward -15.604	 ms 218.4	 loss -0.010638	 11.2s
Ep 862	 reward -15.650	 ms 219.1	 loss 0.014390	 10.2s
Ep 863	 reward -15.604	 ms 218.4	 loss -0.013512	 11.8s
Ep 864	 reward -15.625	 ms 218.8	 loss -0.013359	 11.9s
Ep 865	 reward -15.604	 ms 218.4	 loss -0.029567	 11.2s
Ep 866	 reward -15.636	 ms 218.9	 loss -0.021705	 11.2s
Ep 867	 reward -15.604	 ms 218.4	 loss 0.001421	 11.0s
Ep 868	 reward -15.668	 ms 219.3	 loss 0.018459	 11.4s
Ep 869	 reward -15.704	 ms 219.8	 loss 0.005228	 11.6s
Ep 870	 reward -15.614	 ms 218.6	 loss -0.009500	 11.6s
Ep 871	 reward -15.579	 ms 218.1	 loss 0.003571	 13.0s
Ep 872	 reward -15.675	 ms 219.4	 loss 0.040207	 10.8s
Ep 873	 reward -15.611	 ms 218.6	 loss -0.013480	 11.8s
Ep 874	 reward -15.621	 ms 218.7	 loss -0.024228	 10.7s
[vali @875] rel=0.9335 (best 0.9238)  L=211.8
Ep 875	 reward -15.661	 ms 219.2	 loss -0.045353	 18.8s
Ep 876	 reward -15.679	 ms 219.5	 loss -0.011299	 11.4s
Ep 877	 reward -15.668	 ms 219.3	 loss 0.018471	 11.8s
Ep 878	 reward -15.650	 ms 219.1	 loss -0.039202	 12.6s
Ep 879	 reward -15.721	 ms 220.1	 loss -0.025024	 11.4s
Ep 880	 reward -15.682	 ms 219.6	 loss 0.028939	 11.8s
Ep 881	 reward -15.496	 ms 216.9	 loss 0.163494	 11.9s
Ep 882	 reward -15.414	 ms 215.8	 loss 0.183484	 11.6s
Ep 883	 reward -15.464	 ms 216.5	 loss -0.092456	 12.0s
Ep 884	 reward -15.479	 ms 216.7	 loss 0.108710	 11.7s
Ep 885	 reward -15.521	 ms 217.3	 loss 0.111151	 11.8s
Ep 886	 reward -15.504	 ms 217.1	 loss 0.132134	 11.7s
Ep 887	 reward -15.443	 ms 216.2	 loss -0.054971	 12.3s
Ep 888	 reward -15.532	 ms 217.4	 loss -0.008014	 12.0s
Ep 889	 reward -15.411	 ms 215.8	 loss 0.109148	 11.1s
Ep 890	 reward -15.443	 ms 216.2	 loss 0.173428	 12.0s
Ep 891	 reward -15.429	 ms 216.0	 loss 0.047877	 11.6s
Ep 892	 reward -15.432	 ms 216.1	 loss 0.070246	 11.5s
Ep 893	 reward -15.446	 ms 216.2	 loss -0.085936	 11.5s
Ep 894	 reward -15.450	 ms 216.3	 loss -0.068946	 11.1s
Ep 895	 reward -15.461	 ms 216.4	 loss 0.062258	 10.8s
Ep 896	 reward -15.432	 ms 216.1	 loss 0.091885	 9.9s
Ep 897	 reward -15.407	 ms 215.7	 loss 0.004646	 11.3s
Ep 898	 reward -15.393	 ms 215.5	 loss 0.018604	 11.5s
Ep 899	 reward -15.471	 ms 216.6	 loss -0.038137	 10.8s
[vali @900] rel=0.9346 (best 0.9238)  L=212.1
Ep 900	 reward -15.400	 ms 215.6	 loss 0.069101	 22.0s
Ep 901	 reward -15.261	 ms 213.7	 loss 0.030146	 11.1s
Ep 902	 reward -15.264	 ms 213.7	 loss 0.090163	 11.1s
Ep 903	 reward -15.304	 ms 214.2	 loss -0.026555	 11.6s
Ep 904	 reward -15.250	 ms 213.5	 loss 0.049217	 11.6s
Ep 905	 reward -15.268	 ms 213.8	 loss 0.187762	 11.7s
Ep 906	 reward -15.293	 ms 214.1	 loss 0.074031	 11.7s
Ep 907	 reward -15.250	 ms 213.5	 loss 0.042674	 11.9s
Ep 908	 reward -15.279	 ms 213.9	 loss 0.172294	 12.1s
Ep 909	 reward -15.225	 ms 213.2	 loss 0.102332	 11.8s
Ep 910	 reward -15.196	 ms 212.8	 loss 0.104294	 11.6s
Ep 911	 reward -15.275	 ms 213.8	 loss 0.131192	 11.7s
Ep 912	 reward -15.257	 ms 213.6	 loss 0.178792	 12.7s
Ep 913	 reward -15.261	 ms 213.7	 loss 0.051666	 11.5s
Ep 914	 reward -15.275	 ms 213.8	 loss 0.037948	 11.3s
Ep 915	 reward -15.218	 ms 213.1	 loss 0.134344	 12.0s
Ep 916	 reward -15.232	 ms 213.2	 loss 0.153383	 10.6s
Ep 917	 reward -15.329	 ms 214.6	 loss 0.123656	 11.3s
Ep 918	 reward -15.246	 ms 213.4	 loss 0.168086	 11.6s
Ep 919	 reward -15.239	 ms 213.3	 loss 0.030629	 11.0s
Ep 920	 reward -15.289	 ms 214.1	 loss 0.133208	 10.7s
Ep 921	 reward -15.418	 ms 215.8	 loss 0.160208	 11.6s
Ep 922	 reward -15.339	 ms 214.8	 loss 0.048426	 11.1s
Ep 923	 reward -15.407	 ms 215.7	 loss 0.150535	 11.2s
Ep 924	 reward -15.411	 ms 215.8	 loss 0.202920	 10.8s
[vali @925] rel=0.9321 (best 0.9238)  L=211.6
Ep 925	 reward -15.382	 ms 215.3	 loss 0.155036	 18.8s
Ep 926	 reward -15.311	 ms 214.3	 loss 0.208663	 10.8s
Ep 927	 reward -15.382	 ms 215.3	 loss -0.118451	 10.8s
Ep 928	 reward -15.318	 ms 214.4	 loss 0.198478	 11.1s
Ep 929	 reward -15.425	 ms 215.9	 loss 0.203706	 11.2s
Ep 930	 reward -15.350	 ms 214.9	 loss 0.226462	 11.7s
Ep 931	 reward -15.329	 ms 214.6	 loss -0.055988	 11.4s
Ep 932	 reward -15.354	 ms 214.9	 loss 0.175201	 11.4s
Ep 933	 reward -15.361	 ms 215.1	 loss 0.148190	 11.6s
Ep 934	 reward -15.325	 ms 214.6	 loss 0.192694	 11.8s
Ep 935	 reward -15.275	 ms 213.8	 loss 0.175586	 11.1s
Ep 936	 reward -15.393	 ms 215.5	 loss -0.053842	 11.2s
Ep 937	 reward -15.418	 ms 215.8	 loss 0.199645	 12.1s
Ep 938	 reward -15.375	 ms 215.2	 loss 0.125483	 11.7s
Ep 939	 reward -15.318	 ms 214.4	 loss 0.088675	 11.8s
Ep 940	 reward -15.357	 ms 215.0	 loss -0.079524	 11.4s
Ep 941	 reward -15.164	 ms 212.3	 loss 0.211313	 11.8s
Ep 942	 reward -15.186	 ms 212.6	 loss 0.261992	 12.3s
Ep 943	 reward -15.182	 ms 212.6	 loss 0.190834	 11.2s
Ep 944	 reward -15.143	 ms 212.0	 loss 0.195133	 11.9s
Ep 945	 reward -15.071	 ms 211.0	 loss 0.093785	 11.1s
Ep 946	 reward -15.161	 ms 212.2	 loss 0.211994	 11.2s
Ep 947	 reward -15.150	 ms 212.1	 loss 0.119758	 11.9s
Ep 948	 reward -15.114	 ms 211.6	 loss 0.185411	 10.4s
Ep 949	 reward -15.279	 ms 213.9	 loss 0.079193	 10.1s
[vali @950] rel=0.9332 (best 0.9238)  L=211.8
Ep 950	 reward -15.211	 ms 212.9	 loss 0.167901	 17.3s
Ep 951	 reward -15.168	 ms 212.3	 loss 0.042226	 9.7s
Ep 952	 reward -15.182	 ms 212.6	 loss 0.208644	 10.1s
Ep 953	 reward -15.125	 ms 211.8	 loss 0.135199	 11.2s
Ep 954	 reward -15.111	 ms 211.6	 loss 0.121178	 12.0s
Ep 955	 reward -15.139	 ms 211.9	 loss 0.175021	 10.9s
Ep 956	 reward -15.175	 ms 212.4	 loss 0.165126	 11.3s
Ep 957	 reward -15.096	 ms 211.3	 loss 0.108514	 12.0s
Ep 958	 reward -15.121	 ms 211.7	 loss 0.152572	 11.0s
Ep 959	 reward -15.150	 ms 212.1	 loss 0.185698	 11.7s
Ep 960	 reward -15.164	 ms 212.3	 loss 0.079367	 11.6s
Ep 961	 reward -15.532	 ms 217.4	 loss -0.162290	 12.2s
Ep 962	 reward -15.536	 ms 217.5	 loss -0.139468	 11.1s
Ep 963	 reward -15.579	 ms 218.1	 loss 0.098043	 11.4s
Ep 964	 reward -15.582	 ms 218.2	 loss -0.084381	 11.7s
Ep 965	 reward -15.582	 ms 218.2	 loss 0.000644	 12.4s
Ep 966	 reward -15.550	 ms 217.7	 loss -0.196337	 11.5s
Ep 967	 reward -15.450	 ms 216.3	 loss -0.139077	 12.1s
Ep 968	 reward -15.511	 ms 217.2	 loss -0.147462	 11.1s
Ep 969	 reward -15.571	 ms 218.0	 loss -0.164434	 11.4s
Ep 970	 reward -15.468	 ms 216.6	 loss -0.156135	 10.8s
Ep 971	 reward -15.543	 ms 217.6	 loss -0.150047	 13.8s
Ep 972	 reward -15.561	 ms 217.8	 loss -0.136359	 11.1s
Ep 973	 reward -15.543	 ms 217.6	 loss -0.035840	 12.3s
Ep 974	 reward -15.589	 ms 218.2	 loss -0.156835	 11.5s
[vali @975] rel=0.9324 (best 0.9238)  L=211.6
Ep 975	 reward -15.611	 ms 218.6	 loss -0.096491	 18.6s
Ep 976	 reward -15.457	 ms 216.4	 loss -0.004391	 12.0s
Ep 977	 reward -15.600	 ms 218.4	 loss -0.169376	 11.2s
Ep 978	 reward -15.443	 ms 216.2	 loss -0.172986	 10.7s
Ep 979	 reward -15.550	 ms 217.7	 loss -0.135155	 11.2s
Ep 980	 reward -15.561	 ms 217.8	 loss -0.163058	 11.6s
Ep 981	 reward -15.675	 ms 219.4	 loss -0.007024	 11.4s
Ep 982	 reward -15.711	 ms 219.9	 loss -0.035838	 11.7s
Ep 983	 reward -15.714	 ms 220.0	 loss -0.076088	 11.1s
Ep 984	 reward -15.729	 ms 220.2	 loss -0.052482	 12.3s
Ep 985	 reward -15.739	 ms 220.3	 loss -0.078520	 12.0s
Ep 986	 reward -15.686	 ms 219.6	 loss -0.086846	 10.8s
Ep 987	 reward -15.650	 ms 219.1	 loss -0.008523	 11.4s
Ep 988	 reward -15.786	 ms 221.0	 loss -0.046364	 11.6s
Ep 989	 reward -15.654	 ms 219.2	 loss -0.054162	 11.4s
Ep 990	 reward -15.625	 ms 218.8	 loss -0.033196	 12.4s
Ep 991	 reward -15.671	 ms 219.4	 loss -0.075086	 11.5s
Ep 992	 reward -15.725	 ms 220.2	 loss -0.026293	 11.8s
Ep 993	 reward -15.596	 ms 218.3	 loss -0.008073	 11.4s
Ep 994	 reward -15.639	 ms 218.9	 loss -0.048715	 12.1s
Ep 995	 reward -15.704	 ms 219.8	 loss -0.046765	 11.4s
Ep 996	 reward -15.654	 ms 219.2	 loss -0.012866	 12.3s
Ep 997	 reward -15.600	 ms 218.4	 loss -0.030683	 12.1s
Ep 998	 reward -15.675	 ms 219.4	 loss -0.052981	 11.9s
Ep 999	 reward -15.568	 ms 217.9	 loss 0.082792	 12.7s
[vali @1000] rel=0.9271 (best 0.9238)  L=210.4
Ep 1000	 reward -15.621	 ms 218.7	 loss -0.065837	 19.4s
[train_family] done in 3.76 h; best rel=0.9238
