[vali] MWKR norms: LS=305.9
[model] params total=32786  film=0 (0.00%)
[train_family] model=10x25+family+spec-LS regimes=['LS'] updates=1000
Ep 1	 reward -20.275	 ms 283.9	 loss 0.592636	 39.8s
Ep 2	 reward -20.325	 ms 284.6	 loss 0.473250	 36.3s
Ep 3	 reward -20.196	 ms 282.8	 loss 0.380044	 36.2s
Ep 4	 reward -20.221	 ms 283.1	 loss 0.458084	 41.6s
Ep 5	 reward -20.029	 ms 280.4	 loss 0.383224	 33.0s
Ep 6	 reward -20.200	 ms 282.8	 loss 0.513278	 35.7s
Ep 7	 reward -20.239	 ms 283.4	 loss 0.358800	 34.4s
Ep 8	 reward -20.200	 ms 282.8	 loss 0.290607	 38.2s
Ep 9	 reward -20.104	 ms 281.4	 loss 0.270847	 29.9s
Ep 10	 reward -20.218	 ms 283.1	 loss 0.435878	 39.7s
Ep 11	 reward -20.143	 ms 282.0	 loss 0.497652	 39.5s
Ep 12	 reward -20.143	 ms 282.0	 loss 0.319996	 39.4s
Ep 13	 reward -20.154	 ms 282.1	 loss 0.260787	 32.8s
Ep 14	 reward -20.157	 ms 282.2	 loss 0.171331	 39.2s
Ep 15	 reward -20.236	 ms 283.3	 loss 0.364519	 35.6s
Ep 16	 reward -20.171	 ms 282.4	 loss 0.173733	 39.0s
Ep 17	 reward -20.157	 ms 282.2	 loss 0.257660	 42.2s
Ep 18	 reward -20.125	 ms 281.8	 loss 0.094418	 38.3s
Ep 19	 reward -19.986	 ms 279.8	 loss 0.269129	 32.9s
Ep 20	 reward -20.039	 ms 280.6	 loss 0.257774	 35.6s
Ep 21	 reward -19.964	 ms 279.5	 loss 0.127153	 32.9s
Ep 22	 reward -20.061	 ms 280.9	 loss 0.229688	 35.9s
Ep 23	 reward -20.039	 ms 280.6	 loss 0.370765	 31.1s
Ep 24	 reward -19.896	 ms 278.6	 loss 0.319833	 38.7s
[vali @25] rel=0.8944 (best 0.8944)  LS=273.6
Ep 25	 reward -19.961	 ms 279.4	 loss 0.306930	 73.2s
Ep 26	 reward -20.139	 ms 281.9	 loss 0.428246	 34.4s
Ep 27	 reward -19.936	 ms 279.1	 loss 0.198108	 34.9s
Ep 28	 reward -19.961	 ms 279.4	 loss 0.353128	 41.4s
Ep 29	 reward -20.089	 ms 281.2	 loss 0.240394	 40.1s
Ep 30	 reward -19.964	 ms 279.5	 loss 0.155727	 37.8s
Ep 31	 reward -19.989	 ms 279.9	 loss 0.202798	 36.4s
Ep 32	 reward -20.239	 ms 283.4	 loss 0.385227	 42.8s
Ep 33	 reward -20.043	 ms 280.6	 loss 0.136954	 50.9s
Ep 34	 reward -19.961	 ms 279.4	 loss 0.385429	 41.4s
Ep 35	 reward -20.071	 ms 281.0	 loss 0.166868	 44.9s
Ep 36	 reward -20.032	 ms 280.4	 loss 0.332451	 46.1s
Ep 37	 reward -19.921	 ms 278.9	 loss 0.263720	 39.8s
Ep 38	 reward -20.186	 ms 282.6	 loss 0.231795	 38.9s
Ep 39	 reward -19.921	 ms 278.9	 loss 0.138291	 34.9s
Ep 40	 reward -19.950	 ms 279.3	 loss 0.202687	 35.2s
Ep 41	 reward -20.000	 ms 280.0	 loss 0.447380	 35.0s
Ep 42	 reward -20.000	 ms 280.0	 loss 0.345829	 32.5s
Ep 43	 reward -19.882	 ms 278.4	 loss 0.351786	 35.7s
Ep 44	 reward -19.900	 ms 278.6	 loss 0.334812	 30.8s
Ep 45	 reward -20.082	 ms 281.1	 loss 0.402338	 29.3s
Ep 46	 reward -19.989	 ms 279.9	 loss 0.333298	 32.5s
Ep 47	 reward -19.882	 ms 278.4	 loss 0.246982	 31.0s
Ep 48	 reward -19.868	 ms 278.1	 loss 0.317169	 32.4s
Ep 49	 reward -19.811	 ms 277.4	 loss 0.439989	 30.9s
[vali @50] rel=0.8800 (best 0.8800)  LS=269.1
Ep 50	 reward -19.911	 ms 278.8	 loss 0.191158	 65.3s
Ep 51	 reward -19.943	 ms 279.2	 loss 0.268171	 34.5s
Ep 52	 reward -19.836	 ms 277.7	 loss 0.223326	 33.6s
Ep 53	 reward -19.718	 ms 276.1	 loss 0.381420	 40.0s
Ep 54	 reward -19.914	 ms 278.8	 loss 0.259471	 33.6s
Ep 55	 reward -20.146	 ms 282.1	 loss 0.375091	 36.9s
Ep 56	 reward -19.864	 ms 278.1	 loss 0.416077	 38.2s
Ep 57	 reward -19.764	 ms 276.7	 loss 0.332700	 36.0s
Ep 58	 reward -20.054	 ms 280.8	 loss 0.433194	 38.2s
Ep 59	 reward -19.729	 ms 276.2	 loss 0.391118	 40.4s
Ep 60	 reward -20.014	 ms 280.2	 loss 0.345616	 38.3s
Ep 61	 reward -19.739	 ms 276.4	 loss 0.090890	 39.5s
Ep 62	 reward -19.750	 ms 276.5	 loss 0.156816	 32.0s
Ep 63	 reward -19.882	 ms 278.4	 loss 0.121911	 31.2s
Ep 64	 reward -19.836	 ms 277.7	 loss 0.186788	 35.5s
Ep 65	 reward -19.871	 ms 278.2	 loss 0.108987	 32.4s
Ep 66	 reward -19.800	 ms 277.2	 loss 0.129708	 32.0s
Ep 67	 reward -19.793	 ms 277.1	 loss 0.130741	 36.1s
Ep 68	 reward -19.879	 ms 278.3	 loss 0.103701	 33.9s
Ep 69	 reward -19.829	 ms 277.6	 loss 0.153385	 37.4s
Ep 70	 reward -19.736	 ms 276.3	 loss 0.139735	 30.2s
Ep 71	 reward -19.800	 ms 277.2	 loss 0.096679	 33.7s
Ep 72	 reward -19.796	 ms 277.1	 loss 0.159376	 34.7s
Ep 73	 reward -19.782	 ms 276.9	 loss 0.146227	 30.7s
Ep 74	 reward -19.604	 ms 274.4	 loss 0.133413	 36.3s
[vali @75] rel=0.8862 (best 0.8800)  LS=271.1
Ep 75	 reward -19.743	 ms 276.4	 loss 0.088081	 60.6s
Ep 76	 reward -19.768	 ms 276.8	 loss 0.131334	 31.3s
Ep 77	 reward -19.771	 ms 276.8	 loss 0.092037	 35.1s
Ep 78	 reward -19.693	 ms 275.7	 loss 0.170150	 32.6s
Ep 79	 reward -19.679	 ms 275.5	 loss 0.169591	 36.1s
Ep 80	 reward -19.875	 ms 278.2	 loss 0.177088	 33.9s
Ep 81	 reward -19.689	 ms 275.6	 loss 0.339097	 35.1s
Ep 82	 reward -19.589	 ms 274.2	 loss 0.211324	 35.2s
Ep 83	 reward -19.700	 ms 275.8	 loss 0.269686	 34.2s
Ep 84	 reward -19.539	 ms 273.6	 loss 0.030944	 37.2s
Ep 85	 reward -19.582	 ms 274.1	 loss 0.236993	 39.1s
Ep 86	 reward -19.518	 ms 273.2	 loss 0.284357	 40.8s
Ep 87	 reward -19.671	 ms 275.4	 loss 0.090332	 33.2s
Ep 88	 reward -19.539	 ms 273.6	 loss 0.071536	 35.3s
Ep 89	 reward -19.593	 ms 274.3	 loss 0.206929	 37.2s
Ep 90	 reward -19.743	 ms 276.4	 loss 0.104155	 35.1s
Ep 91	 reward -19.561	 ms 273.9	 loss 0.208799	 34.4s
Ep 92	 reward -19.625	 ms 274.8	 loss 0.090524	 40.5s
Ep 93	 reward -19.618	 ms 274.6	 loss 0.039292	 35.8s
Ep 94	 reward -19.646	 ms 275.1	 loss 0.097518	 40.4s
Ep 95	 reward -19.593	 ms 274.3	 loss 0.031637	 34.7s
Ep 96	 reward -19.550	 ms 273.7	 loss 0.118933	 35.2s
Ep 97	 reward -19.464	 ms 272.5	 loss 0.214081	 32.3s
Ep 98	 reward -19.629	 ms 274.8	 loss 0.048384	 36.3s
Ep 99	 reward -19.629	 ms 274.8	 loss 0.141389	 33.2s
[vali @100] rel=0.8841 (best 0.8800)  LS=270.4
Ep 100	 reward -19.507	 ms 273.1	 loss 0.231856	 75.8s
Ep 101	 reward -19.714	 ms 276.0	 loss 0.148865	 33.4s
Ep 102	 reward -19.668	 ms 275.4	 loss 0.155673	 46.1s
Ep 103	 reward -19.725	 ms 276.1	 loss 0.119373	 31.0s
Ep 104	 reward -19.693	 ms 275.7	 loss 0.235823	 29.4s
Ep 105	 reward -19.782	 ms 276.9	 loss 0.447447	 27.7s
Ep 106	 reward -19.882	 ms 278.4	 loss 0.331722	 32.1s
Ep 107	 reward -19.696	 ms 275.8	 loss 0.370058	 29.7s
Ep 108	 reward -19.661	 ms 275.2	 loss 0.072999	 29.7s
Ep 109	 reward -19.854	 ms 277.9	 loss 0.243734	 29.7s
Ep 110	 reward -19.593	 ms 274.3	 loss 0.392388	 37.8s
Ep 111	 reward -19.807	 ms 277.3	 loss 0.143805	 30.3s
Ep 112	 reward -19.689	 ms 275.6	 loss 0.464306	 26.6s
Ep 113	 reward -19.604	 ms 274.4	 loss 0.263768	 29.8s
Ep 114	 reward -19.721	 ms 276.1	 loss 0.230576	 30.7s
Ep 115	 reward -19.643	 ms 275.0	 loss 0.378437	 29.6s
Ep 116	 reward -19.714	 ms 276.0	 loss 0.108068	 32.6s
Ep 117	 reward -19.732	 ms 276.2	 loss 0.371435	 32.0s
Ep 118	 reward -19.646	 ms 275.1	 loss 0.333301	 31.7s
Ep 119	 reward -19.646	 ms 275.1	 loss 0.418018	 23.7s
Ep 120	 reward -19.700	 ms 275.8	 loss 0.110359	 28.0s
Ep 121	 reward -19.511	 ms 273.1	 loss 0.309024	 38.0s
Ep 122	 reward -19.379	 ms 271.3	 loss 0.387350	 29.2s
Ep 123	 reward -19.411	 ms 271.8	 loss 0.433330	 31.4s
Ep 124	 reward -19.393	 ms 271.5	 loss 0.389673	 29.3s
[vali @125] rel=0.8854 (best 0.8800)  LS=270.8
Ep 125	 reward -19.686	 ms 275.6	 loss 0.280798	 58.5s
Ep 126	 reward -19.496	 ms 272.9	 loss 0.450457	 33.2s
Ep 127	 reward -19.411	 ms 271.8	 loss 0.313278	 31.2s
Ep 128	 reward -19.375	 ms 271.2	 loss 0.488736	 32.7s
Ep 129	 reward -19.325	 ms 270.6	 loss 0.439203	 42.3s
Ep 130	 reward -19.421	 ms 271.9	 loss 0.367958	 36.9s
Ep 131	 reward -19.411	 ms 271.8	 loss 0.157061	 33.5s
Ep 132	 reward -19.457	 ms 272.4	 loss 0.310984	 38.6s
Ep 133	 reward -19.354	 ms 270.9	 loss 0.302330	 36.5s
Ep 134	 reward -19.654	 ms 275.1	 loss 0.328576	 36.6s
Ep 135	 reward -19.411	 ms 271.8	 loss 0.168951	 33.1s
Ep 136	 reward -19.693	 ms 275.7	 loss 0.610954	 33.4s
Ep 137	 reward -19.536	 ms 273.5	 loss 0.583220	 36.1s
Ep 138	 reward -19.571	 ms 274.0	 loss 0.307395	 38.7s
Ep 139	 reward -19.471	 ms 272.6	 loss 0.246423	 32.5s
Ep 140	 reward -19.429	 ms 272.0	 loss 0.116221	 35.6s
Ep 141	 reward -19.911	 ms 278.8	 loss 0.213433	 30.3s
Ep 142	 reward -19.736	 ms 276.3	 loss 0.321525	 33.8s
Ep 143	 reward -19.814	 ms 277.4	 loss 0.365343	 23.1s
Ep 144	 reward -19.804	 ms 277.2	 loss 0.251435	 26.6s
Ep 145	 reward -19.911	 ms 278.8	 loss 0.213871	 22.1s
Ep 146	 reward -19.732	 ms 276.2	 loss 0.182004	 37.6s
Ep 147	 reward -19.736	 ms 276.3	 loss 0.230316	 32.3s
Ep 148	 reward -19.796	 ms 277.1	 loss 0.194006	 25.5s
Ep 149	 reward -19.786	 ms 277.0	 loss 0.241559	 34.0s
[vali @150] rel=0.8870 (best 0.8800)  LS=271.3
Ep 150	 reward -19.914	 ms 278.8	 loss 0.216792	 72.4s
Ep 151	 reward -19.779	 ms 276.9	 loss 0.213545	 30.6s
Ep 152	 reward -19.843	 ms 277.8	 loss 0.133507	 30.9s
Ep 153	 reward -19.932	 ms 279.1	 loss 0.255767	 31.1s
Ep 154	 reward -19.775	 ms 276.9	 loss 0.280737	 44.2s
Ep 155	 reward -19.689	 ms 275.6	 loss 0.493157	 35.5s
Ep 156	 reward -19.664	 ms 275.3	 loss 0.110418	 46.6s
Ep 157	 reward -19.689	 ms 275.6	 loss 0.260635	 33.7s
Ep 158	 reward -19.843	 ms 277.8	 loss 0.441141	 32.2s
Ep 159	 reward -19.807	 ms 277.3	 loss 0.234676	 31.4s
Ep 160	 reward -19.664	 ms 275.3	 loss 0.406327	 31.5s
Ep 161	 reward -19.850	 ms 277.9	 loss 0.310250	 28.4s
Ep 162	 reward -19.750	 ms 276.5	 loss 0.223006	 31.3s
Ep 163	 reward -19.932	 ms 279.1	 loss 0.385240	 32.2s
Ep 164	 reward -19.811	 ms 277.4	 loss 0.408295	 34.6s
Ep 165	 reward -19.839	 ms 277.8	 loss 0.327749	 45.4s
Ep 166	 reward -19.818	 ms 277.4	 loss 0.355690	 35.8s
Ep 167	 reward -19.821	 ms 277.5	 loss 0.165921	 38.4s
Ep 168	 reward -19.893	 ms 278.5	 loss 0.185341	 29.7s
Ep 169	 reward -19.821	 ms 277.5	 loss 0.242312	 30.4s
Ep 170	 reward -19.754	 ms 276.6	 loss 0.197040	 29.7s
Ep 171	 reward -19.714	 ms 276.0	 loss 0.438701	 33.4s
Ep 172	 reward -19.929	 ms 279.0	 loss 0.413748	 34.1s
Ep 173	 reward -19.707	 ms 275.9	 loss 0.287674	 42.7s
Ep 174	 reward -19.707	 ms 275.9	 loss 0.220004	 33.9s
[vali @175] rel=0.8813 (best 0.8800)  LS=269.6
Ep 175	 reward -19.854	 ms 277.9	 loss 0.414476	 77.4s
Ep 176	 reward -19.675	 ms 275.4	 loss 0.312902	 35.7s
Ep 177	 reward -19.721	 ms 276.1	 loss 0.236730	 24.3s
Ep 178	 reward -19.796	 ms 277.1	 loss 0.254217	 25.0s
Ep 179	 reward -19.854	 ms 277.9	 loss 0.399485	 29.3s
Ep 180	 reward -19.864	 ms 278.1	 loss 0.433503	 39.2s
Ep 181	 reward -19.682	 ms 275.6	 loss 0.338219	 28.6s
Ep 182	 reward -19.650	 ms 275.1	 loss 0.197800	 33.2s
Ep 183	 reward -19.646	 ms 275.1	 loss 0.231934	 44.4s
Ep 184	 reward -19.714	 ms 276.0	 loss 0.195816	 28.5s
Ep 185	 reward -19.725	 ms 276.1	 loss 0.210068	 29.8s
Ep 186	 reward -19.696	 ms 275.8	 loss 0.375103	 32.1s
Ep 187	 reward -19.686	 ms 275.6	 loss 0.323850	 34.1s
Ep 188	 reward -19.846	 ms 277.9	 loss 0.291569	 36.8s
Ep 189	 reward -19.693	 ms 275.7	 loss 0.356254	 38.4s
Ep 190	 reward -19.604	 ms 274.4	 loss 0.338803	 38.0s
Ep 191	 reward -19.679	 ms 275.5	 loss 0.343628	 32.4s
Ep 192	 reward -19.646	 ms 275.1	 loss 0.198120	 37.8s
Ep 193	 reward -19.654	 ms 275.1	 loss 0.172033	 36.1s
Ep 194	 reward -19.611	 ms 274.6	 loss 0.326154	 37.6s
Ep 195	 reward -19.582	 ms 274.1	 loss 0.136966	 49.1s
Ep 196	 reward -19.814	 ms 277.4	 loss 0.297381	 34.7s
Ep 197	 reward -19.561	 ms 273.9	 loss 0.350451	 24.2s
Ep 198	 reward -19.589	 ms 274.2	 loss 0.136278	 33.6s
Ep 199	 reward -19.564	 ms 273.9	 loss 0.289871	 30.8s
[vali @200] rel=0.8833 (best 0.8800)  LS=270.1
Ep 200	 reward -19.546	 ms 273.6	 loss 0.186529	 65.9s
Ep 201	 reward -19.714	 ms 276.0	 loss 0.249810	 37.2s
Ep 202	 reward -19.625	 ms 274.8	 loss 0.210846	 35.3s
Ep 203	 reward -19.571	 ms 274.0	 loss 0.190292	 36.5s
Ep 204	 reward -19.575	 ms 274.1	 loss 0.163363	 30.5s
Ep 205	 reward -19.539	 ms 273.6	 loss 0.090856	 42.8s
Ep 206	 reward -19.554	 ms 273.8	 loss 0.121509	 31.9s
Ep 207	 reward -19.668	 ms 275.4	 loss 0.088929	 41.1s
Ep 208	 reward -19.657	 ms 275.2	 loss 0.117502	 34.7s
Ep 209	 reward -19.618	 ms 274.6	 loss 0.068717	 39.1s
Ep 210	 reward -19.693	 ms 275.7	 loss 0.129424	 44.4s
Ep 211	 reward -19.614	 ms 274.6	 loss 0.061419	 37.1s
Ep 212	 reward -19.661	 ms 275.2	 loss 0.128612	 36.3s
Ep 213	 reward -19.521	 ms 273.3	 loss 0.125711	 37.3s
Ep 214	 reward -19.618	 ms 274.6	 loss 0.223245	 34.1s
Ep 215	 reward -19.743	 ms 276.4	 loss 0.288759	 35.8s
Ep 216	 reward -19.621	 ms 274.7	 loss 0.168006	 31.5s
Ep 217	 reward -19.775	 ms 276.9	 loss 0.210303	 50.8s
Ep 218	 reward -19.686	 ms 275.6	 loss 0.077978	 32.5s
Ep 219	 reward -19.639	 ms 274.9	 loss 0.156745	 33.7s
Ep 220	 reward -19.607	 ms 274.5	 loss 0.145106	 34.2s
Ep 221	 reward -19.811	 ms 277.4	 loss 0.167052	 37.1s
Ep 222	 reward -19.829	 ms 277.6	 loss 0.159371	 31.4s
Ep 223	 reward -19.871	 ms 278.2	 loss 0.051067	 39.0s
Ep 224	 reward -19.921	 ms 278.9	 loss 0.193716	 49.7s
[vali @225] rel=0.8829 (best 0.8800)  LS=270.1
Ep 225	 reward -19.886	 ms 278.4	 loss 0.316592	 79.1s
Ep 226	 reward -19.804	 ms 277.2	 loss 0.140627	 30.7s
Ep 227	 reward -19.832	 ms 277.6	 loss 0.256979	 33.9s
Ep 228	 reward -19.711	 ms 275.9	 loss 0.227302	 28.5s
Ep 229	 reward -19.782	 ms 276.9	 loss 0.328868	 41.8s
Ep 230	 reward -19.893	 ms 278.5	 loss 0.379925	 33.3s
Ep 231	 reward -19.932	 ms 279.1	 loss 0.086119	 40.3s
Ep 232	 reward -19.761	 ms 276.6	 loss 0.081204	 41.9s
Ep 233	 reward -19.875	 ms 278.2	 loss 0.196690	 32.0s
Ep 234	 reward -19.657	 ms 275.2	 loss 0.095855	 30.6s
Ep 235	 reward -19.736	 ms 276.3	 loss 0.265057	 31.8s
Ep 236	 reward -19.736	 ms 276.3	 loss 0.065163	 33.8s
Ep 237	 reward -19.725	 ms 276.1	 loss 0.101671	 28.7s
Ep 238	 reward -19.939	 ms 279.1	 loss 0.357199	 30.3s
Ep 239	 reward -19.782	 ms 276.9	 loss 0.136596	 37.0s
Ep 240	 reward -19.839	 ms 277.8	 loss 0.081940	 30.8s
Ep 241	 reward -19.686	 ms 275.6	 loss 0.296109	 35.6s
Ep 242	 reward -19.889	 ms 278.4	 loss 0.202446	 35.4s
Ep 243	 reward -19.911	 ms 278.8	 loss 0.211348	 31.2s
Ep 244	 reward -19.993	 ms 279.9	 loss 0.449249	 34.5s
Ep 245	 reward -19.775	 ms 276.9	 loss 0.265327	 39.3s
Ep 246	 reward -19.775	 ms 276.9	 loss 0.161179	 36.9s
Ep 247	 reward -19.882	 ms 278.4	 loss 0.220774	 36.3s
Ep 248	 reward -19.725	 ms 276.1	 loss 0.258435	 35.3s
Ep 249	 reward -19.768	 ms 276.8	 loss 0.311785	 30.4s
[vali @250] rel=0.8764 (best 0.8764)  LS=268.1
Ep 250	 reward -19.543	 ms 273.6	 loss 0.216030	 74.5s
Ep 251	 reward -19.757	 ms 276.6	 loss 0.201995	 33.2s
Ep 252	 reward -19.768	 ms 276.8	 loss 0.175330	 31.0s
Ep 253	 reward -19.846	 ms 277.9	 loss 0.156347	 34.7s
Ep 254	 reward -19.700	 ms 275.8	 loss 0.202863	 41.7s
Ep 255	 reward -19.782	 ms 276.9	 loss 0.163756	 35.6s
Ep 256	 reward -19.836	 ms 277.7	 loss 0.188202	 38.1s
Ep 257	 reward -19.664	 ms 275.3	 loss 0.175206	 34.0s
Ep 258	 reward -19.875	 ms 278.2	 loss 0.200123	 33.9s
Ep 259	 reward -19.929	 ms 279.0	 loss 0.180921	 35.9s
Ep 260	 reward -19.789	 ms 277.1	 loss 0.174938	 42.4s
Ep 261	 reward -19.536	 ms 273.5	 loss 0.333133	 29.8s
Ep 262	 reward -19.518	 ms 273.2	 loss 0.443597	 48.6s
Ep 263	 reward -19.500	 ms 273.0	 loss 0.346381	 36.4s
Ep 264	 reward -19.529	 ms 273.4	 loss 0.457548	 38.2s
Ep 265	 reward -19.518	 ms 273.2	 loss 0.309035	 38.1s
Ep 266	 reward -19.475	 ms 272.6	 loss 0.386997	 34.0s
Ep 267	 reward -19.504	 ms 273.1	 loss 0.422002	 33.1s
Ep 268	 reward -19.386	 ms 271.4	 loss 0.213939	 39.6s
Ep 269	 reward -19.636	 ms 274.9	 loss 0.281525	 45.1s
Ep 270	 reward -19.450	 ms 272.3	 loss 0.446027	 40.9s
Ep 271	 reward -19.571	 ms 274.0	 loss 0.400965	 38.1s
Ep 272	 reward -19.532	 ms 273.4	 loss 0.339964	 36.5s
Ep 273	 reward -19.493	 ms 272.9	 loss 0.377674	 29.2s
Ep 274	 reward -19.475	 ms 272.6	 loss 0.436700	 38.5s
[vali @275] rel=0.8772 (best 0.8764)  LS=268.3
Ep 275	 reward -19.536	 ms 273.5	 loss 0.232696	 75.1s
Ep 276	 reward -19.457	 ms 272.4	 loss 0.377570	 33.3s
Ep 277	 reward -19.393	 ms 271.5	 loss 0.288035	 40.6s
Ep 278	 reward -19.471	 ms 272.6	 loss 0.161682	 33.9s
Ep 279	 reward -19.496	 ms 272.9	 loss 0.266985	 38.2s
Ep 280	 reward -19.393	 ms 271.5	 loss 0.446554	 43.6s
Ep 281	 reward -19.468	 ms 272.6	 loss 0.302363	 37.5s
Ep 282	 reward -19.586	 ms 274.2	 loss 0.205736	 31.7s
Ep 283	 reward -19.436	 ms 272.1	 loss 0.320057	 29.8s
Ep 284	 reward -19.536	 ms 273.5	 loss 0.240312	 41.4s
Ep 285	 reward -19.482	 ms 272.8	 loss 0.277152	 47.8s
Ep 286	 reward -19.525	 ms 273.4	 loss 0.214816	 32.7s
Ep 287	 reward -19.468	 ms 272.6	 loss 0.217640	 38.2s
Ep 288	 reward -19.557	 ms 273.8	 loss 0.147509	 37.7s
Ep 289	 reward -19.529	 ms 273.4	 loss 0.163750	 45.4s
Ep 290	 reward -19.546	 ms 273.6	 loss 0.165013	 33.3s
Ep 291	 reward -19.386	 ms 271.4	 loss 0.255306	 37.0s
Ep 292	 reward -19.536	 ms 273.5	 loss 0.130888	 40.5s
Ep 293	 reward -19.514	 ms 273.2	 loss 0.207331	 43.0s
Ep 294	 reward -19.439	 ms 272.1	 loss 0.241827	 40.9s
Ep 295	 reward -19.468	 ms 272.6	 loss 0.360998	 31.3s
Ep 296	 reward -19.564	 ms 273.9	 loss 0.183669	 40.5s
Ep 297	 reward -19.464	 ms 272.5	 loss 0.149025	 31.4s
Ep 298	 reward -19.489	 ms 272.9	 loss 0.145275	 34.5s
Ep 299	 reward -19.404	 ms 271.6	 loss 0.145647	 40.1s
[vali @300] rel=0.8777 (best 0.8764)  LS=268.4
Ep 300	 reward -19.332	 ms 270.6	 loss 0.331802	 83.0s
Ep 301	 reward -19.664	 ms 275.3	 loss 0.214156	 37.1s
Ep 302	 reward -19.571	 ms 274.0	 loss 0.171563	 38.6s
Ep 303	 reward -19.636	 ms 274.9	 loss 0.245676	 43.8s
Ep 304	 reward -19.614	 ms 274.6	 loss 0.183943	 39.4s
Ep 305	 reward -19.604	 ms 274.4	 loss 0.146030	 37.9s
Ep 306	 reward -19.604	 ms 274.4	 loss 0.104063	 37.6s
Ep 307	 reward -19.693	 ms 275.7	 loss 0.175209	 41.6s
Ep 308	 reward -19.707	 ms 275.9	 loss 0.186406	 35.6s
Ep 309	 reward -19.696	 ms 275.8	 loss 0.196502	 42.8s
Ep 310	 reward -19.654	 ms 275.1	 loss 0.132603	 45.6s
Ep 311	 reward -19.657	 ms 275.2	 loss 0.104702	 33.8s
Ep 312	 reward -19.746	 ms 276.4	 loss 0.239602	 37.1s
Ep 313	 reward -19.700	 ms 275.8	 loss 0.125880	 41.7s
Ep 314	 reward -19.689	 ms 275.6	 loss 0.136412	 39.4s
Ep 315	 reward -19.721	 ms 276.1	 loss 0.158493	 45.5s
Ep 316	 reward -19.654	 ms 275.1	 loss 0.104024	 38.4s
Ep 317	 reward -19.661	 ms 275.2	 loss 0.073705	 41.8s
Ep 318	 reward -19.736	 ms 276.3	 loss 0.156197	 36.2s
Ep 319	 reward -19.646	 ms 275.1	 loss 0.192314	 40.3s
Ep 320	 reward -19.732	 ms 276.2	 loss 0.149480	 38.9s
Ep 321	 reward -19.818	 ms 277.4	 loss 0.208029	 40.2s
Ep 322	 reward -19.689	 ms 275.6	 loss 0.105307	 38.9s
Ep 323	 reward -19.882	 ms 278.4	 loss 0.185482	 34.8s
Ep 324	 reward -19.761	 ms 276.6	 loss 0.194048	 37.4s
[vali @325] rel=0.8874 (best 0.8764)  LS=271.4
Ep 325	 reward -19.832	 ms 277.6	 loss 0.334365	 72.6s
Ep 326	 reward -19.757	 ms 276.6	 loss 0.097237	 40.8s
Ep 327	 reward -19.882	 ms 278.4	 loss 0.352903	 38.8s
Ep 328	 reward -19.825	 ms 277.6	 loss 0.316026	 39.7s
Ep 329	 reward -19.904	 ms 278.6	 loss 0.153531	 37.9s
Ep 330	 reward -19.925	 ms 278.9	 loss 0.398149	 42.7s
Ep 331	 reward -19.846	 ms 277.9	 loss 0.125219	 44.0s
Ep 332	 reward -19.786	 ms 277.0	 loss 0.096343	 34.8s
Ep 333	 reward -19.750	 ms 276.5	 loss 0.168388	 40.3s
Ep 334	 reward -19.964	 ms 279.5	 loss 0.214582	 37.5s
Ep 335	 reward -19.807	 ms 277.3	 loss 0.161745	 37.4s
Ep 336	 reward -19.757	 ms 276.6	 loss 0.214893	 31.9s
Ep 337	 reward -19.939	 ms 279.1	 loss 0.404418	 38.7s
Ep 338	 reward -19.907	 ms 278.7	 loss 0.398232	 36.3s
Ep 339	 reward -19.857	 ms 278.0	 loss 0.131610	 38.7s
Ep 340	 reward -19.864	 ms 278.1	 loss 0.247591	 45.2s
Ep 341	 reward -19.529	 ms 273.4	 loss 0.297048	 42.9s
Ep 342	 reward -19.604	 ms 274.4	 loss 0.376940	 31.0s
Ep 343	 reward -19.554	 ms 273.8	 loss 0.341154	 35.8s
Ep 344	 reward -19.500	 ms 273.0	 loss 0.270419	 35.4s
Ep 345	 reward -19.450	 ms 272.3	 loss 0.252022	 35.5s
Ep 346	 reward -19.550	 ms 273.7	 loss 0.213708	 38.1s
Ep 347	 reward -19.543	 ms 273.6	 loss 0.411149	 38.3s
Ep 348	 reward -19.561	 ms 273.9	 loss 0.195528	 36.2s
Ep 349	 reward -19.593	 ms 274.3	 loss 0.258898	 35.4s
[vali @350] rel=0.8844 (best 0.8764)  LS=270.5
Ep 350	 reward -19.582	 ms 274.1	 loss 0.192783	 66.9s
Ep 351	 reward -19.457	 ms 272.4	 loss 0.360779	 38.8s
Ep 352	 reward -19.496	 ms 272.9	 loss 0.283257	 48.3s
Ep 353	 reward -19.511	 ms 273.1	 loss 0.236052	 33.5s
Ep 354	 reward -19.525	 ms 273.4	 loss 0.287050	 34.3s
Ep 355	 reward -19.496	 ms 272.9	 loss 0.276889	 43.7s
Ep 356	 reward -19.529	 ms 273.4	 loss 0.386030	 43.3s
Ep 357	 reward -19.550	 ms 273.7	 loss 0.259039	 42.6s
Ep 358	 reward -19.496	 ms 272.9	 loss 0.313266	 35.7s
Ep 359	 reward -19.457	 ms 272.4	 loss 0.102569	 44.0s
Ep 360	 reward -19.496	 ms 272.9	 loss 0.173826	 42.2s
Ep 361	 reward -19.514	 ms 273.2	 loss 0.237695	 44.4s
Ep 362	 reward -19.714	 ms 276.0	 loss 0.217403	 43.3s
Ep 363	 reward -19.575	 ms 274.1	 loss 0.112500	 37.9s
Ep 364	 reward -19.546	 ms 273.6	 loss 0.190207	 41.6s
Ep 365	 reward -19.564	 ms 273.9	 loss 0.195666	 44.8s
Ep 366	 reward -19.600	 ms 274.4	 loss 0.232445	 38.4s
Ep 367	 reward -19.657	 ms 275.2	 loss 0.288960	 43.1s
Ep 368	 reward -19.575	 ms 274.1	 loss 0.166959	 37.8s
Ep 369	 reward -19.639	 ms 274.9	 loss 0.194699	 43.6s
Ep 370	 reward -19.675	 ms 275.4	 loss 0.085642	 37.4s
Ep 371	 reward -19.614	 ms 274.6	 loss 0.032316	 36.2s
Ep 372	 reward -19.568	 ms 273.9	 loss 0.049989	 41.2s
Ep 373	 reward -19.696	 ms 275.8	 loss 0.122840	 36.8s
Ep 374	 reward -19.632	 ms 274.9	 loss 0.112552	 41.6s
[vali @375] rel=0.8818 (best 0.8764)  LS=269.7
Ep 375	 reward -19.596	 ms 274.4	 loss 0.063920	 76.0s
Ep 376	 reward -19.600	 ms 274.4	 loss 0.073406	 36.5s
Ep 377	 reward -19.743	 ms 276.4	 loss 0.110768	 36.6s
Ep 378	 reward -19.493	 ms 272.9	 loss 0.164252	 36.7s
Ep 379	 reward -19.671	 ms 275.4	 loss 0.147276	 37.8s
Ep 380	 reward -19.614	 ms 274.6	 loss 0.054100	 33.9s
Ep 381	 reward -19.643	 ms 275.0	 loss 0.182966	 41.4s
Ep 382	 reward -19.586	 ms 274.2	 loss 0.187709	 36.1s
Ep 383	 reward -19.711	 ms 275.9	 loss 0.281276	 39.9s
Ep 384	 reward -19.543	 ms 273.6	 loss 0.277501	 45.1s
Ep 385	 reward -19.614	 ms 274.6	 loss 0.296632	 46.2s
Ep 386	 reward -19.546	 ms 273.6	 loss 0.175390	 41.8s
Ep 387	 reward -19.643	 ms 275.0	 loss 0.053362	 33.9s
Ep 388	 reward -19.682	 ms 275.6	 loss 0.169707	 42.2s
Ep 389	 reward -19.721	 ms 276.1	 loss 0.198602	 43.4s
Ep 390	 reward -19.586	 ms 274.2	 loss 0.200996	 37.6s
Ep 391	 reward -19.632	 ms 274.9	 loss 0.114808	 38.3s
Ep 392	 reward -19.589	 ms 274.2	 loss 0.075142	 42.5s
Ep 393	 reward -19.625	 ms 274.8	 loss 0.142619	 32.2s
Ep 394	 reward -19.600	 ms 274.4	 loss 0.266554	 38.5s
Ep 395	 reward -19.732	 ms 276.2	 loss 0.039817	 43.5s
Ep 396	 reward -19.582	 ms 274.1	 loss 0.170972	 35.8s
Ep 397	 reward -19.593	 ms 274.3	 loss 0.127208	 41.1s
Ep 398	 reward -19.521	 ms 273.3	 loss 0.107034	 38.7s
Ep 399	 reward -19.571	 ms 274.0	 loss 0.116739	 44.1s
[vali @400] rel=0.8812 (best 0.8764)  LS=269.5
Ep 400	 reward -19.439	 ms 272.1	 loss 0.018063	 70.2s
Ep 401	 reward -19.550	 ms 273.7	 loss 0.102951	 36.8s
Ep 402	 reward -19.464	 ms 272.5	 loss 0.154976	 32.9s
Ep 403	 reward -19.529	 ms 273.4	 loss 0.138065	 37.0s
Ep 404	 reward -19.411	 ms 271.8	 loss 0.177545	 37.2s
Ep 405	 reward -19.629	 ms 274.8	 loss 0.329879	 35.6s
Ep 406	 reward -19.461	 ms 272.4	 loss 0.153962	 36.9s
Ep 407	 reward -19.500	 ms 273.0	 loss 0.103038	 34.4s
Ep 408	 reward -19.529	 ms 273.4	 loss 0.099231	 36.4s
Ep 409	 reward -19.632	 ms 274.9	 loss 0.080014	 37.4s
Ep 410	 reward -19.554	 ms 273.8	 loss 0.189705	 35.1s
Ep 411	 reward -19.496	 ms 272.9	 loss 0.213918	 30.1s
Ep 412	 reward -19.607	 ms 274.5	 loss 0.127897	 32.4s
Ep 413	 reward -19.486	 ms 272.8	 loss 0.052127	 33.9s
Ep 414	 reward -19.550	 ms 273.7	 loss 0.178620	 32.2s
Ep 415	 reward -19.543	 ms 273.6	 loss 0.041832	 31.5s
Ep 416	 reward -19.557	 ms 273.8	 loss 0.137295	 31.4s
Ep 417	 reward -19.564	 ms 273.9	 loss 0.113155	 32.5s
Ep 418	 reward -19.654	 ms 275.1	 loss 0.184567	 29.5s
Ep 419	 reward -19.604	 ms 274.4	 loss 0.100034	 31.4s
Ep 420	 reward -19.575	 ms 274.1	 loss 0.052694	 32.2s
Ep 421	 reward -19.468	 ms 272.6	 loss 0.337305	 31.3s
Ep 422	 reward -19.500	 ms 273.0	 loss 0.372556	 31.6s
Ep 423	 reward -19.411	 ms 271.8	 loss 0.224793	 30.0s
Ep 424	 reward -19.450	 ms 272.3	 loss 0.157747	 33.0s
[vali @425] rel=0.8852 (best 0.8764)  LS=270.8
Ep 425	 reward -19.379	 ms 271.3	 loss 0.288568	 59.7s
Ep 426	 reward -19.582	 ms 274.1	 loss 0.362337	 30.4s
Ep 427	 reward -19.489	 ms 272.9	 loss 0.203014	 30.0s
Ep 428	 reward -19.321	 ms 270.5	 loss 0.227872	 32.3s
Ep 429	 reward -19.318	 ms 270.4	 loss 0.169300	 37.3s
Ep 430	 reward -19.450	 ms 272.3	 loss 0.180029	 35.4s
Ep 431	 reward -19.400	 ms 271.6	 loss 0.145573	 33.0s
Ep 432	 reward -19.407	 ms 271.7	 loss 0.347258	 39.5s
Ep 433	 reward -19.393	 ms 271.5	 loss 0.214392	 32.7s
Ep 434	 reward -19.329	 ms 270.6	 loss 0.233004	 40.6s
Ep 435	 reward -19.550	 ms 273.7	 loss 0.198227	 38.5s
Ep 436	 reward -19.468	 ms 272.6	 loss 0.265830	 31.6s
Ep 437	 reward -19.482	 ms 272.8	 loss 0.188437	 36.3s
Ep 438	 reward -19.461	 ms 272.4	 loss 0.178647	 34.5s
Ep 439	 reward -19.432	 ms 272.1	 loss 0.308399	 37.3s
Ep 440	 reward -19.429	 ms 272.0	 loss 0.167214	 42.3s
Ep 441	 reward -19.557	 ms 273.8	 loss 0.125429	 28.6s
Ep 442	 reward -19.557	 ms 273.8	 loss 0.240167	 45.1s
Ep 443	 reward -19.582	 ms 274.1	 loss 0.038771	 33.4s
Ep 444	 reward -19.750	 ms 276.5	 loss 0.186312	 39.6s
Ep 445	 reward -19.739	 ms 276.4	 loss 0.216351	 32.4s
Ep 446	 reward -19.729	 ms 276.2	 loss 0.163237	 34.5s
Ep 447	 reward -19.725	 ms 276.1	 loss 0.094969	 33.8s
Ep 448	 reward -19.689	 ms 275.6	 loss 0.113946	 37.8s
Ep 449	 reward -19.639	 ms 274.9	 loss 0.202247	 39.2s
[vali @450] rel=0.8833 (best 0.8764)  LS=270.1
Ep 450	 reward -19.614	 ms 274.6	 loss 0.083780	 67.0s
Ep 451	 reward -19.675	 ms 275.4	 loss 0.146049	 37.5s
Ep 452	 reward -19.750	 ms 276.5	 loss 0.146431	 28.6s
Ep 453	 reward -19.704	 ms 275.9	 loss 0.251743	 37.5s
Ep 454	 reward -19.636	 ms 274.9	 loss 0.219120	 33.4s
Ep 455	 reward -19.668	 ms 275.4	 loss 0.197896	 37.4s
Ep 456	 reward -19.571	 ms 274.0	 loss 0.082712	 31.4s
Ep 457	 reward -19.636	 ms 274.9	 loss 0.221909	 30.4s
Ep 458	 reward -19.632	 ms 274.9	 loss 0.130840	 31.0s
Ep 459	 reward -19.636	 ms 274.9	 loss 0.188033	 34.7s
Ep 460	 reward -19.689	 ms 275.6	 loss 0.123982	 44.4s
Ep 461	 reward -19.518	 ms 273.2	 loss 0.377078	 35.5s
Ep 462	 reward -19.414	 ms 271.8	 loss 0.367528	 38.6s
Ep 463	 reward -19.464	 ms 272.5	 loss 0.403540	 37.6s
Ep 464	 reward -19.643	 ms 275.0	 loss 0.319700	 42.4s
Ep 465	 reward -19.496	 ms 272.9	 loss 0.335633	 39.0s
Ep 466	 reward -19.536	 ms 273.5	 loss 0.395027	 37.5s
Ep 467	 reward -19.536	 ms 273.5	 loss 0.324589	 37.7s
Ep 468	 reward -19.425	 ms 271.9	 loss 0.274745	 41.8s
Ep 469	 reward -19.429	 ms 272.0	 loss 0.351026	 38.8s
Ep 470	 reward -19.446	 ms 272.2	 loss 0.325680	 39.9s
Ep 471	 reward -19.521	 ms 273.3	 loss 0.317848	 45.2s
Ep 472	 reward -19.436	 ms 272.1	 loss 0.308298	 33.4s
Ep 473	 reward -19.561	 ms 273.9	 loss 0.239640	 23.9s
Ep 474	 reward -19.450	 ms 272.3	 loss 0.260642	 40.5s
[vali @475] rel=0.8813 (best 0.8764)  LS=269.6
Ep 475	 reward -19.450	 ms 272.3	 loss 0.231800	 65.5s
Ep 476	 reward -19.529	 ms 273.4	 loss 0.198693	 34.9s
Ep 477	 reward -19.679	 ms 275.5	 loss 0.291889	 37.1s
Ep 478	 reward -19.679	 ms 275.5	 loss 0.315994	 38.9s
Ep 479	 reward -19.611	 ms 274.6	 loss 0.302814	 35.5s
Ep 480	 reward -19.461	 ms 272.4	 loss 0.233483	 33.6s
Ep 481	 reward -19.439	 ms 272.1	 loss 0.377881	 32.2s
Ep 482	 reward -19.432	 ms 272.1	 loss 0.230392	 35.9s
Ep 483	 reward -19.361	 ms 271.1	 loss 0.221402	 32.5s
Ep 484	 reward -19.429	 ms 272.0	 loss 0.314709	 38.1s
Ep 485	 reward -19.446	 ms 272.2	 loss 0.252364	 42.6s
Ep 486	 reward -19.332	 ms 270.6	 loss 0.103474	 37.7s
Ep 487	 reward -19.436	 ms 272.1	 loss 0.201784	 37.6s
Ep 488	 reward -19.361	 ms 271.1	 loss 0.176952	 37.3s
Ep 489	 reward -19.346	 ms 270.9	 loss 0.262268	 32.1s
Ep 490	 reward -19.361	 ms 271.1	 loss 0.249882	 40.7s
Ep 491	 reward -19.411	 ms 271.8	 loss 0.251982	 34.6s
Ep 492	 reward -19.443	 ms 272.2	 loss 0.252407	 33.8s
Ep 493	 reward -19.418	 ms 271.9	 loss 0.171696	 39.4s
Ep 494	 reward -19.343	 ms 270.8	 loss 0.250257	 37.0s
Ep 495	 reward -19.457	 ms 272.4	 loss 0.230854	 32.1s
Ep 496	 reward -19.350	 ms 270.9	 loss 0.103679	 37.3s
Ep 497	 reward -19.286	 ms 270.0	 loss 0.130039	 44.4s
Ep 498	 reward -19.471	 ms 272.6	 loss 0.274585	 37.7s
Ep 499	 reward -19.304	 ms 270.2	 loss 0.254372	 32.4s
[vali @500] rel=0.8841 (best 0.8764)  LS=270.4
Ep 500	 reward -19.396	 ms 271.6	 loss 0.232498	 85.5s
Ep 501	 reward -19.561	 ms 273.9	 loss 0.073302	 39.1s
Ep 502	 reward -19.561	 ms 273.9	 loss 0.044282	 44.8s
Ep 503	 reward -19.525	 ms 273.4	 loss -0.045536	 30.5s
Ep 504	 reward -19.518	 ms 273.2	 loss -0.010225	 41.7s
Ep 505	 reward -19.518	 ms 273.2	 loss 0.035997	 32.8s
Ep 506	 reward -19.593	 ms 274.3	 loss 0.104173	 30.3s
Ep 507	 reward -19.589	 ms 274.2	 loss 0.001370	 37.4s
Ep 508	 reward -19.486	 ms 272.8	 loss 0.047069	 39.6s
Ep 509	 reward -19.400	 ms 271.6	 loss -0.017172	 32.0s
Ep 510	 reward -19.564	 ms 273.9	 loss 0.086514	 42.7s
Ep 511	 reward -19.482	 ms 272.8	 loss -0.014330	 30.9s
Ep 512	 reward -19.461	 ms 272.4	 loss 0.030735	 35.6s
Ep 513	 reward -19.543	 ms 273.6	 loss 0.073032	 31.9s
Ep 514	 reward -19.457	 ms 272.4	 loss 0.013456	 38.5s
Ep 515	 reward -19.554	 ms 273.8	 loss 0.046997	 32.9s
Ep 516	 reward -19.436	 ms 272.1	 loss 0.113764	 32.9s
Ep 517	 reward -19.546	 ms 273.6	 loss 0.092875	 35.5s
Ep 518	 reward -19.486	 ms 272.8	 loss 0.026693	 42.6s
Ep 519	 reward -19.404	 ms 271.6	 loss -0.067548	 32.8s
Ep 520	 reward -19.486	 ms 272.8	 loss 0.019133	 30.7s
Ep 521	 reward -19.379	 ms 271.3	 loss 0.295139	 44.8s
Ep 522	 reward -19.382	 ms 271.4	 loss 0.037164	 34.1s
Ep 523	 reward -19.432	 ms 272.1	 loss 0.251666	 35.8s
Ep 524	 reward -19.386	 ms 271.4	 loss 0.179299	 30.1s
[vali @525] rel=0.8831 (best 0.8764)  LS=270.1
Ep 525	 reward -19.496	 ms 272.9	 loss 0.227643	 70.5s
Ep 526	 reward -19.414	 ms 271.8	 loss 0.075703	 38.4s
Ep 527	 reward -19.468	 ms 272.6	 loss 0.382354	 43.1s
Ep 528	 reward -19.571	 ms 274.0	 loss 0.330560	 31.9s
Ep 529	 reward -19.429	 ms 272.0	 loss 0.240815	 34.3s
Ep 530	 reward -19.482	 ms 272.8	 loss 0.242635	 31.8s
Ep 531	 reward -19.561	 ms 273.9	 loss 0.028568	 43.9s
Ep 532	 reward -19.536	 ms 273.5	 loss 0.241378	 39.3s
Ep 533	 reward -19.393	 ms 271.5	 loss 0.107126	 35.4s
Ep 534	 reward -19.339	 ms 270.8	 loss 0.328497	 32.4s
Ep 535	 reward -19.589	 ms 274.2	 loss 0.259719	 37.5s
Ep 536	 reward -19.546	 ms 273.6	 loss 0.030530	 33.0s
Ep 537	 reward -19.500	 ms 273.0	 loss 0.151074	 41.2s
Ep 538	 reward -19.379	 ms 271.3	 loss 0.052732	 32.8s
Ep 539	 reward -19.461	 ms 272.4	 loss 0.047722	 34.7s
Ep 540	 reward -19.457	 ms 272.4	 loss 0.243802	 38.6s
Ep 541	 reward -19.368	 ms 271.1	 loss 0.012874	 33.0s
Ep 542	 reward -19.507	 ms 273.1	 loss 0.086302	 37.6s
Ep 543	 reward -19.339	 ms 270.8	 loss -0.011872	 42.9s
Ep 544	 reward -19.414	 ms 271.8	 loss 0.097792	 35.7s
Ep 545	 reward -19.404	 ms 271.6	 loss 0.014965	 32.1s
Ep 546	 reward -19.471	 ms 272.6	 loss -0.032458	 33.9s
Ep 547	 reward -19.404	 ms 271.6	 loss 0.098341	 30.2s
Ep 548	 reward -19.396	 ms 271.6	 loss -0.018496	 40.6s
Ep 549	 reward -19.279	 ms 269.9	 loss -0.010048	 34.3s
[vali @550] rel=0.8844 (best 0.8764)  LS=270.5
Ep 550	 reward -19.461	 ms 272.4	 loss 0.222986	 73.1s
Ep 551	 reward -19.489	 ms 272.9	 loss -0.052101	 41.1s
Ep 552	 reward -19.450	 ms 272.3	 loss 0.115808	 33.4s
Ep 553	 reward -19.486	 ms 272.8	 loss -0.010776	 32.3s
Ep 554	 reward -19.307	 ms 270.3	 loss -0.004689	 32.8s
Ep 555	 reward -19.525	 ms 273.4	 loss 0.000288	 39.8s
Ep 556	 reward -19.425	 ms 271.9	 loss 0.113920	 35.0s
Ep 557	 reward -19.464	 ms 272.5	 loss 0.028857	 46.1s
Ep 558	 reward -19.429	 ms 272.0	 loss 0.161758	 39.7s
Ep 559	 reward -19.475	 ms 272.6	 loss 0.023325	 33.6s
Ep 560	 reward -19.446	 ms 272.2	 loss 0.050189	 38.9s
Ep 561	 reward -19.136	 ms 267.9	 loss 0.178990	 32.2s
Ep 562	 reward -19.257	 ms 269.6	 loss 0.218154	 36.8s
Ep 563	 reward -19.221	 ms 269.1	 loss 0.090688	 31.5s
Ep 564	 reward -19.168	 ms 268.4	 loss 0.062630	 35.9s
Ep 565	 reward -19.186	 ms 268.6	 loss 0.301502	 34.1s
Ep 566	 reward -19.154	 ms 268.1	 loss 0.178883	 34.3s
Ep 567	 reward -19.161	 ms 268.2	 loss 0.096136	 35.6s
Ep 568	 reward -19.189	 ms 268.6	 loss 0.229167	 32.9s
Ep 569	 reward -19.279	 ms 269.9	 loss 0.194246	 36.3s
Ep 570	 reward -19.143	 ms 268.0	 loss 0.187484	 37.0s
Ep 571	 reward -19.068	 ms 266.9	 loss 0.114575	 33.1s
Ep 572	 reward -19.096	 ms 267.4	 loss 0.156697	 36.8s
Ep 573	 reward -19.218	 ms 269.1	 loss 0.121256	 31.8s
Ep 574	 reward -19.104	 ms 267.4	 loss 0.176324	 39.1s
[vali @575] rel=0.8820 (best 0.8764)  LS=269.8
Ep 575	 reward -19.079	 ms 267.1	 loss 0.074502	 59.5s
Ep 576	 reward -19.189	 ms 268.6	 loss 0.026034	 35.5s
Ep 577	 reward -19.218	 ms 269.1	 loss 0.235916	 35.0s
Ep 578	 reward -19.179	 ms 268.5	 loss 0.119522	 38.8s
Ep 579	 reward -19.129	 ms 267.8	 loss 0.049523	 32.3s
Ep 580	 reward -19.196	 ms 268.8	 loss 0.237977	 34.1s
Ep 581	 reward -19.461	 ms 272.4	 loss 0.192160	 32.4s
Ep 582	 reward -19.543	 ms 273.6	 loss 0.254254	 33.6s
Ep 583	 reward -19.507	 ms 273.1	 loss 0.288836	 38.5s
Ep 584	 reward -19.507	 ms 273.1	 loss 0.306499	 27.3s
Ep 585	 reward -19.425	 ms 271.9	 loss 0.079735	 30.9s
Ep 586	 reward -19.632	 ms 274.9	 loss 0.109502	 28.1s
Ep 587	 reward -19.596	 ms 274.4	 loss 0.162939	 30.9s
Ep 588	 reward -19.554	 ms 273.8	 loss 0.286445	 35.0s
Ep 589	 reward -19.543	 ms 273.6	 loss 0.006840	 33.0s
Ep 590	 reward -19.675	 ms 275.4	 loss 0.064001	 31.6s
Ep 591	 reward -19.514	 ms 273.2	 loss 0.281875	 36.7s
Ep 592	 reward -19.432	 ms 272.1	 loss 0.101467	 37.8s
Ep 593	 reward -19.436	 ms 272.1	 loss -0.014683	 36.6s
Ep 594	 reward -19.532	 ms 273.4	 loss 0.133950	 32.9s
Ep 595	 reward -19.536	 ms 273.5	 loss 0.310482	 34.4s
Ep 596	 reward -19.375	 ms 271.2	 loss 0.089309	 30.3s
Ep 597	 reward -19.554	 ms 273.8	 loss 0.221133	 34.9s
Ep 598	 reward -19.604	 ms 274.4	 loss 0.047673	 32.3s
Ep 599	 reward -19.536	 ms 273.5	 loss 0.032584	 38.3s
[vali @600] rel=0.8826 (best 0.8764)  LS=269.9
Ep 600	 reward -19.518	 ms 273.2	 loss 0.005922	 69.1s
Ep 601	 reward -19.607	 ms 274.5	 loss 0.376859	 40.8s
Ep 602	 reward -19.596	 ms 274.4	 loss 0.117302	 42.3s
Ep 603	 reward -19.571	 ms 274.0	 loss 0.298268	 26.7s
Ep 604	 reward -19.679	 ms 275.5	 loss 0.202829	 33.6s
Ep 605	 reward -19.611	 ms 274.6	 loss 0.143483	 41.3s
Ep 606	 reward -19.539	 ms 273.6	 loss 0.128792	 30.4s
Ep 607	 reward -19.632	 ms 274.9	 loss 0.032292	 38.3s
Ep 608	 reward -19.479	 ms 272.7	 loss 0.228895	 37.4s
Ep 609	 reward -19.625	 ms 274.8	 loss 0.479884	 37.2s
Ep 610	 reward -19.489	 ms 272.9	 loss 0.231703	 36.3s
Ep 611	 reward -19.632	 ms 274.9	 loss 0.413485	 33.2s
Ep 612	 reward -19.611	 ms 274.6	 loss 0.261587	 35.1s
Ep 613	 reward -19.582	 ms 274.1	 loss 0.120416	 36.6s
Ep 614	 reward -19.689	 ms 275.6	 loss 0.273286	 34.6s
Ep 615	 reward -19.596	 ms 274.4	 loss 0.073477	 33.4s
Ep 616	 reward -19.629	 ms 274.8	 loss 0.140648	 30.9s
Ep 617	 reward -19.550	 ms 273.7	 loss 0.252017	 39.9s
Ep 618	 reward -19.579	 ms 274.1	 loss 0.132774	 38.5s
Ep 619	 reward -19.639	 ms 274.9	 loss 0.283600	 34.6s
Ep 620	 reward -19.779	 ms 276.9	 loss 0.224761	 31.3s
Ep 621	 reward -19.593	 ms 274.3	 loss 0.228412	 34.9s
Ep 622	 reward -19.564	 ms 273.9	 loss 0.245105	 36.1s
Ep 623	 reward -19.579	 ms 274.1	 loss 0.313222	 28.9s
Ep 624	 reward -19.550	 ms 273.7	 loss 0.122661	 30.6s
[vali @625] rel=0.8828 (best 0.8764)  LS=270.0
Ep 625	 reward -19.543	 ms 273.6	 loss 0.129568	 43.9s
Ep 626	 reward -19.564	 ms 273.9	 loss 0.109870	 34.5s
Ep 627	 reward -19.514	 ms 273.2	 loss 0.047643	 33.1s
Ep 628	 reward -19.536	 ms 273.5	 loss -0.034468	 34.6s
Ep 629	 reward -19.554	 ms 273.8	 loss 0.058370	 33.1s
Ep 630	 reward -19.550	 ms 273.7	 loss 0.073301	 35.3s
Ep 631	 reward -19.546	 ms 273.6	 loss 0.199115	 30.0s
Ep 632	 reward -19.550	 ms 273.7	 loss 0.123281	 30.8s
Ep 633	 reward -19.654	 ms 275.1	 loss 0.207961	 36.2s
Ep 634	 reward -19.514	 ms 273.2	 loss 0.031641	 31.1s
Ep 635	 reward -19.543	 ms 273.6	 loss 0.123449	 33.8s
Ep 636	 reward -19.632	 ms 274.9	 loss 0.099742	 41.3s
Ep 637	 reward -19.539	 ms 273.6	 loss 0.183192	 41.0s
Ep 638	 reward -19.521	 ms 273.3	 loss 0.215368	 39.6s
Ep 639	 reward -19.539	 ms 273.6	 loss 0.237061	 28.4s
Ep 640	 reward -19.718	 ms 276.1	 loss 0.303613	 26.1s
Ep 641	 reward -19.671	 ms 275.4	 loss 0.074499	 23.7s
Ep 642	 reward -19.604	 ms 274.4	 loss 0.021797	 24.8s
Ep 643	 reward -19.625	 ms 274.8	 loss 0.035248	 28.2s
Ep 644	 reward -19.614	 ms 274.6	 loss 0.029636	 26.2s
Ep 645	 reward -19.579	 ms 274.1	 loss 0.017646	 27.9s
Ep 646	 reward -19.579	 ms 274.1	 loss 0.170375	 27.6s
Ep 647	 reward -19.646	 ms 275.1	 loss 0.110789	 25.7s
Ep 648	 reward -19.693	 ms 275.7	 loss 0.130754	 24.7s
Ep 649	 reward -19.707	 ms 275.9	 loss 0.051799	 26.8s
[vali @650] rel=0.8843 (best 0.8764)  LS=270.4
Ep 650	 reward -19.664	 ms 275.3	 loss 0.019581	 68.1s
Ep 651	 reward -19.686	 ms 275.6	 loss 0.098204	 42.3s
Ep 652	 reward -19.693	 ms 275.7	 loss 0.030238	 35.6s
Ep 653	 reward -19.646	 ms 275.1	 loss 0.013953	 34.1s
Ep 654	 reward -19.693	 ms 275.7	 loss 0.057402	 35.6s
Ep 655	 reward -19.614	 ms 274.6	 loss 0.071861	 29.5s
Ep 656	 reward -19.675	 ms 275.4	 loss 0.025844	 39.4s
Ep 657	 reward -19.775	 ms 276.9	 loss 0.123866	 31.1s
Ep 658	 reward -19.807	 ms 277.3	 loss 0.043998	 35.3s
Ep 659	 reward -19.679	 ms 275.5	 loss 0.052659	 39.4s
Ep 660	 reward -19.761	 ms 276.6	 loss 0.028181	 39.1s
Ep 661	 reward -19.768	 ms 276.8	 loss 0.101774	 38.5s
Ep 662	 reward -19.711	 ms 275.9	 loss 0.120903	 26.8s
Ep 663	 reward -19.900	 ms 278.6	 loss 0.195875	 32.8s
Ep 664	 reward -19.679	 ms 275.5	 loss 0.191191	 32.3s
Ep 665	 reward -19.811	 ms 277.4	 loss 0.234372	 37.9s
Ep 666	 reward -19.736	 ms 276.3	 loss 0.078055	 37.4s
Ep 667	 reward -19.868	 ms 278.1	 loss 0.040935	 40.3s
Ep 668	 reward -19.811	 ms 277.4	 loss 0.130679	 33.6s
Ep 669	 reward -19.857	 ms 278.0	 loss 0.039638	 35.9s
Ep 670	 reward -19.814	 ms 277.4	 loss 0.100308	 36.4s
Ep 671	 reward -19.764	 ms 276.7	 loss 0.217130	 36.1s
Ep 672	 reward -19.764	 ms 276.7	 loss 0.044336	 36.0s
Ep 673	 reward -19.789	 ms 277.1	 loss 0.104556	 33.6s
Ep 674	 reward -19.814	 ms 277.4	 loss 0.137486	 34.2s
[vali @675] rel=0.8829 (best 0.8764)  LS=270.1
Ep 675	 reward -19.804	 ms 277.2	 loss 0.134545	 59.7s
Ep 676	 reward -19.779	 ms 276.9	 loss 0.147741	 42.6s
Ep 677	 reward -19.796	 ms 277.1	 loss 0.002566	 32.3s
Ep 678	 reward -19.807	 ms 277.3	 loss 0.154319	 40.9s
Ep 679	 reward -19.789	 ms 277.1	 loss 0.158237	 29.7s
Ep 680	 reward -19.836	 ms 277.7	 loss 0.108776	 31.0s
Ep 681	 reward -19.346	 ms 270.9	 loss 0.189871	 33.1s
Ep 682	 reward -19.350	 ms 270.9	 loss 0.100990	 37.7s
Ep 683	 reward -19.446	 ms 272.2	 loss 0.151037	 41.0s
Ep 684	 reward -19.439	 ms 272.1	 loss -0.014930	 33.0s
Ep 685	 reward -19.568	 ms 273.9	 loss 0.070159	 30.2s
Ep 686	 reward -19.575	 ms 274.1	 loss 0.044931	 33.1s
Ep 687	 reward -19.543	 ms 273.6	 loss 0.171388	 28.8s
Ep 688	 reward -19.439	 ms 272.1	 loss 0.222906	 36.7s
Ep 689	 reward -19.414	 ms 271.8	 loss 0.035423	 41.0s
Ep 690	 reward -19.525	 ms 273.4	 loss 0.104190	 39.5s
Ep 691	 reward -19.411	 ms 271.8	 loss 0.315702	 36.2s
Ep 692	 reward -19.407	 ms 271.7	 loss 0.201382	 38.6s
Ep 693	 reward -19.429	 ms 272.0	 loss 0.271528	 29.3s
Ep 694	 reward -19.332	 ms 270.6	 loss 0.167020	 35.1s
Ep 695	 reward -19.364	 ms 271.1	 loss 0.194386	 41.8s
Ep 696	 reward -19.382	 ms 271.4	 loss 0.089577	 34.9s
Ep 697	 reward -19.286	 ms 270.0	 loss 0.103483	 35.9s
Ep 698	 reward -19.521	 ms 273.3	 loss 0.200144	 36.8s
Ep 699	 reward -19.279	 ms 269.9	 loss 0.253793	 37.0s
[vali @700] rel=0.8844 (best 0.8764)  LS=270.5
Ep 700	 reward -19.314	 ms 270.4	 loss 0.169657	 76.6s
Ep 701	 reward -19.393	 ms 271.5	 loss 0.098772	 29.8s
Ep 702	 reward -19.350	 ms 270.9	 loss 0.253728	 29.0s
Ep 703	 reward -19.311	 ms 270.4	 loss 0.150151	 36.0s
Ep 704	 reward -19.475	 ms 272.6	 loss 0.129730	 37.9s
Ep 705	 reward -19.371	 ms 271.2	 loss 0.170563	 39.7s
Ep 706	 reward -19.350	 ms 270.9	 loss 0.102425	 32.8s
Ep 707	 reward -19.389	 ms 271.4	 loss 0.115989	 30.9s
Ep 708	 reward -19.354	 ms 270.9	 loss 0.104927	 39.1s
Ep 709	 reward -19.418	 ms 271.9	 loss 0.277929	 38.5s
Ep 710	 reward -19.354	 ms 270.9	 loss 0.231013	 31.7s
Ep 711	 reward -19.386	 ms 271.4	 loss 0.049471	 39.4s
Ep 712	 reward -19.411	 ms 271.8	 loss 0.092681	 28.5s
Ep 713	 reward -19.461	 ms 272.4	 loss 0.135760	 33.3s
Ep 714	 reward -19.518	 ms 273.2	 loss 0.190094	 41.9s
Ep 715	 reward -19.382	 ms 271.4	 loss 0.124737	 33.6s
Ep 716	 reward -19.457	 ms 272.4	 loss 0.170702	 31.7s
Ep 717	 reward -19.257	 ms 269.6	 loss 0.120841	 34.2s
Ep 718	 reward -19.389	 ms 271.4	 loss 0.113135	 37.1s
Ep 719	 reward -19.332	 ms 270.6	 loss 0.135846	 35.3s
Ep 720	 reward -19.443	 ms 272.2	 loss 0.121430	 36.4s
Ep 721	 reward -19.321	 ms 270.5	 loss 0.144344	 36.3s
Ep 722	 reward -19.407	 ms 271.7	 loss 0.123321	 34.8s
Ep 723	 reward -19.300	 ms 270.2	 loss 0.043828	 45.2s
Ep 724	 reward -19.382	 ms 271.4	 loss 0.040857	 33.5s
[vali @725] rel=0.8893 (best 0.8764)  LS=272.0
Ep 725	 reward -19.429	 ms 272.0	 loss 0.253956	 65.0s
Ep 726	 reward -19.468	 ms 272.6	 loss 0.123589	 33.5s
Ep 727	 reward -19.411	 ms 271.8	 loss 0.156611	 33.1s
Ep 728	 reward -19.364	 ms 271.1	 loss 0.116435	 30.6s
Ep 729	 reward -19.386	 ms 271.4	 loss 0.087311	 31.3s
Ep 730	 reward -19.361	 ms 271.1	 loss 0.090142	 36.4s
Ep 731	 reward -19.486	 ms 272.8	 loss 0.203304	 44.8s
Ep 732	 reward -19.443	 ms 272.2	 loss 0.196901	 34.4s
Ep 733	 reward -19.529	 ms 273.4	 loss 0.231301	 34.1s
Ep 734	 reward -19.421	 ms 271.9	 loss 0.180586	 36.8s
Ep 735	 reward -19.496	 ms 272.9	 loss 0.193122	 39.2s
Ep 736	 reward -19.418	 ms 271.9	 loss 0.038676	 42.3s
Ep 737	 reward -19.568	 ms 273.9	 loss 0.129462	 32.5s
Ep 738	 reward -19.432	 ms 272.1	 loss 0.136378	 30.5s
Ep 739	 reward -19.404	 ms 271.6	 loss 0.025400	 29.4s
Ep 740	 reward -19.568	 ms 273.9	 loss 0.111206	 35.0s
Ep 741	 reward -19.068	 ms 266.9	 loss 0.207724	 36.0s
Ep 742	 reward -19.057	 ms 266.8	 loss 0.206649	 38.8s
Ep 743	 reward -19.011	 ms 266.1	 loss 0.126843	 32.0s
Ep 744	 reward -19.093	 ms 267.3	 loss 0.107055	 31.0s
Ep 745	 reward -18.954	 ms 265.4	 loss 0.116203	 40.9s
Ep 746	 reward -19.032	 ms 266.4	 loss 0.178934	 45.2s
Ep 747	 reward -19.046	 ms 266.6	 loss 0.150398	 32.6s
Ep 748	 reward -19.111	 ms 267.6	 loss 0.140510	 31.3s
Ep 749	 reward -18.975	 ms 265.6	 loss 0.198247	 29.4s
[vali @750] rel=0.8828 (best 0.8764)  LS=270.0
Ep 750	 reward -19.014	 ms 266.2	 loss 0.022463	 73.8s
Ep 751	 reward -19.046	 ms 266.6	 loss 0.130668	 41.5s
Ep 752	 reward -19.046	 ms 266.6	 loss -0.009500	 35.0s
Ep 753	 reward -18.979	 ms 265.7	 loss 0.071712	 37.1s
Ep 754	 reward -19.064	 ms 266.9	 loss 0.147695	 39.4s
Ep 755	 reward -19.043	 ms 266.6	 loss 0.009877	 31.0s
Ep 756	 reward -18.964	 ms 265.5	 loss 0.163990	 31.7s
Ep 757	 reward -19.136	 ms 267.9	 loss 0.122075	 31.9s
Ep 758	 reward -19.157	 ms 268.2	 loss 0.053133	 40.4s
Ep 759	 reward -19.139	 ms 267.9	 loss 0.110080	 35.4s
Ep 760	 reward -19.075	 ms 267.1	 loss 0.110943	 41.6s
Ep 761	 reward -19.414	 ms 271.8	 loss 0.262806	 33.4s
Ep 762	 reward -19.375	 ms 271.2	 loss 0.240423	 39.4s
Ep 763	 reward -19.414	 ms 271.8	 loss 0.201816	 36.6s
Ep 764	 reward -19.357	 ms 271.0	 loss 0.163499	 35.6s
Ep 765	 reward -19.386	 ms 271.4	 loss 0.262059	 43.8s
Ep 766	 reward -19.500	 ms 273.0	 loss 0.252963	 31.4s
Ep 767	 reward -19.279	 ms 269.9	 loss 0.158577	 33.9s
Ep 768	 reward -19.361	 ms 271.1	 loss 0.205976	 39.6s
Ep 769	 reward -19.439	 ms 272.1	 loss 0.272053	 37.4s
Ep 770	 reward -19.350	 ms 270.9	 loss 0.259400	 34.6s
Ep 771	 reward -19.339	 ms 270.8	 loss 0.270120	 32.3s
Ep 772	 reward -19.521	 ms 273.3	 loss 0.179349	 31.9s
Ep 773	 reward -19.364	 ms 271.1	 loss 0.264513	 36.2s
Ep 774	 reward -19.304	 ms 270.2	 loss 0.251304	 40.9s
[vali @775] rel=0.8812 (best 0.8764)  LS=269.5
Ep 775	 reward -19.332	 ms 270.6	 loss 0.287831	 55.4s
Ep 776	 reward -19.589	 ms 274.2	 loss 0.235790	 33.6s
Ep 777	 reward -19.393	 ms 271.5	 loss 0.232420	 32.1s
Ep 778	 reward -19.350	 ms 270.9	 loss 0.132051	 37.6s
Ep 779	 reward -19.161	 ms 268.2	 loss 0.115589	 39.5s
Ep 780	 reward -19.343	 ms 270.8	 loss 0.197414	 31.9s
Ep 781	 reward -19.261	 ms 269.6	 loss 0.072330	 42.2s
Ep 782	 reward -19.300	 ms 270.2	 loss 0.231545	 37.2s
Ep 783	 reward -19.421	 ms 271.9	 loss 0.196071	 32.4s
Ep 784	 reward -19.250	 ms 269.5	 loss 0.218978	 33.3s
Ep 785	 reward -19.371	 ms 271.2	 loss 0.157925	 31.2s
Ep 786	 reward -19.271	 ms 269.8	 loss 0.145586	 35.1s
Ep 787	 reward -19.286	 ms 270.0	 loss 0.223988	 32.5s
Ep 788	 reward -19.232	 ms 269.2	 loss 0.096568	 41.6s
Ep 789	 reward -19.346	 ms 270.9	 loss 0.130767	 32.8s
Ep 790	 reward -19.464	 ms 272.5	 loss 0.224356	 34.5s
Ep 791	 reward -19.354	 ms 270.9	 loss 0.191237	 35.6s
Ep 792	 reward -19.261	 ms 269.6	 loss 0.121324	 32.5s
Ep 793	 reward -19.339	 ms 270.8	 loss 0.122858	 36.0s
Ep 794	 reward -19.257	 ms 269.6	 loss 0.029716	 31.6s
Ep 795	 reward -19.314	 ms 270.4	 loss 0.060114	 30.3s
Ep 796	 reward -19.361	 ms 271.1	 loss 0.251002	 36.5s
Ep 797	 reward -19.286	 ms 270.0	 loss 0.039102	 32.0s
Ep 798	 reward -19.239	 ms 269.4	 loss 0.088404	 35.2s
Ep 799	 reward -19.214	 ms 269.0	 loss 0.108437	 45.6s
[vali @800] rel=0.8846 (best 0.8764)  LS=270.6
Ep 800	 reward -19.304	 ms 270.2	 loss 0.198142	 59.7s
Ep 801	 reward -19.639	 ms 274.9	 loss 0.091404	 39.4s
Ep 802	 reward -19.686	 ms 275.6	 loss 0.087113	 33.8s
Ep 803	 reward -19.625	 ms 274.8	 loss 0.356721	 39.6s
Ep 804	 reward -19.529	 ms 273.4	 loss 0.100766	 41.2s
Ep 805	 reward -19.518	 ms 273.2	 loss 0.152971	 35.4s
Ep 806	 reward -19.625	 ms 274.8	 loss 0.256099	 29.2s
Ep 807	 reward -19.654	 ms 275.1	 loss 0.053345	 33.6s
Ep 808	 reward -19.618	 ms 274.6	 loss -0.000164	 38.0s
Ep 809	 reward -19.661	 ms 275.2	 loss 0.259807	 40.0s
Ep 810	 reward -19.675	 ms 275.4	 loss 0.117359	 36.2s
Ep 811	 reward -19.625	 ms 274.8	 loss 0.031657	 37.0s
Ep 812	 reward -19.646	 ms 275.1	 loss 0.029209	 33.5s
Ep 813	 reward -19.482	 ms 272.8	 loss 0.093064	 34.8s
Ep 814	 reward -19.711	 ms 275.9	 loss 0.287178	 33.5s
Ep 815	 reward -19.675	 ms 275.4	 loss 0.103048	 36.3s
Ep 816	 reward -19.596	 ms 274.4	 loss 0.118724	 39.8s
Ep 817	 reward -19.514	 ms 273.2	 loss 0.201603	 35.6s
Ep 818	 reward -19.604	 ms 274.4	 loss 0.051846	 38.0s
Ep 819	 reward -19.561	 ms 273.9	 loss -0.008210	 32.7s
Ep 820	 reward -19.568	 ms 273.9	 loss -0.003147	 40.5s
Ep 821	 reward -19.496	 ms 272.9	 loss 0.136438	 40.3s
Ep 822	 reward -19.436	 ms 272.1	 loss 0.282710	 42.6s
Ep 823	 reward -19.500	 ms 273.0	 loss 0.158050	 36.6s
Ep 824	 reward -19.536	 ms 273.5	 loss 0.241402	 32.4s
[vali @825] rel=0.8874 (best 0.8764)  LS=271.4
Ep 825	 reward -19.461	 ms 272.4	 loss 0.099948	 70.5s
Ep 826	 reward -19.582	 ms 274.1	 loss 0.189825	 41.6s
Ep 827	 reward -19.493	 ms 272.9	 loss 0.175290	 38.4s
Ep 828	 reward -19.475	 ms 272.6	 loss 0.208595	 36.7s
Ep 829	 reward -19.471	 ms 272.6	 loss 0.292431	 36.6s
Ep 830	 reward -19.411	 ms 271.8	 loss 0.087431	 27.4s
Ep 831	 reward -19.486	 ms 272.8	 loss 0.142832	 30.8s
Ep 832	 reward -19.568	 ms 273.9	 loss 0.106352	 42.2s
Ep 833	 reward -19.539	 ms 273.6	 loss 0.279669	 36.6s
Ep 834	 reward -19.596	 ms 274.4	 loss 0.221640	 35.3s
Ep 835	 reward -19.479	 ms 272.7	 loss 0.121423	 40.8s
Ep 836	 reward -19.429	 ms 272.0	 loss 0.187447	 41.5s
Ep 837	 reward -19.386	 ms 271.4	 loss 0.235045	 41.0s
Ep 838	 reward -19.329	 ms 270.6	 loss 0.109833	 35.2s
Ep 839	 reward -19.489	 ms 272.9	 loss 0.113770	 38.6s
Ep 840	 reward -19.454	 ms 272.4	 loss 0.175791	 32.3s
Ep 841	 reward -19.371	 ms 271.2	 loss 0.244551	 43.0s
Ep 842	 reward -19.379	 ms 271.3	 loss 0.010152	 36.1s
Ep 843	 reward -19.386	 ms 271.4	 loss 0.054078	 35.9s
Ep 844	 reward -19.339	 ms 270.8	 loss 0.052905	 31.5s
Ep 845	 reward -19.361	 ms 271.1	 loss 0.015428	 40.7s
Ep 846	 reward -19.450	 ms 272.3	 loss 0.120324	 35.3s
Ep 847	 reward -19.307	 ms 270.3	 loss 0.045327	 37.6s
Ep 848	 reward -19.493	 ms 272.9	 loss 0.154254	 34.9s
Ep 849	 reward -19.396	 ms 271.6	 loss 0.124360	 40.4s
[vali @850] rel=0.8818 (best 0.8764)  LS=269.7
Ep 850	 reward -19.414	 ms 271.8	 loss 0.072935	 71.4s
Ep 851	 reward -19.346	 ms 270.9	 loss 0.065089	 38.2s
Ep 852	 reward -19.446	 ms 272.2	 loss 0.069907	 41.7s
Ep 853	 reward -19.461	 ms 272.4	 loss 0.099169	 34.9s
Ep 854	 reward -19.450	 ms 272.3	 loss 0.062103	 32.9s
Ep 855	 reward -19.457	 ms 272.4	 loss 0.032624	 35.3s
Ep 856	 reward -19.368	 ms 271.1	 loss 0.031151	 33.4s
Ep 857	 reward -19.371	 ms 271.2	 loss 0.102624	 41.8s
Ep 858	 reward -19.343	 ms 270.8	 loss 0.107474	 31.5s
Ep 859	 reward -19.439	 ms 272.1	 loss 0.113170	 41.3s
Ep 860	 reward -19.404	 ms 271.6	 loss 0.167441	 38.3s
Ep 861	 reward -19.479	 ms 272.7	 loss 0.105434	 40.5s
Ep 862	 reward -19.411	 ms 271.8	 loss 0.092229	 41.0s
Ep 863	 reward -19.336	 ms 270.7	 loss 0.111993	 38.9s
Ep 864	 reward -19.404	 ms 271.6	 loss 0.155291	 34.5s
Ep 865	 reward -19.311	 ms 270.4	 loss 0.188281	 36.0s
Ep 866	 reward -19.414	 ms 271.8	 loss 0.100744	 36.5s
Ep 867	 reward -19.454	 ms 272.4	 loss 0.160349	 34.4s
Ep 868	 reward -19.293	 ms 270.1	 loss 0.092225	 39.3s
Ep 869	 reward -19.321	 ms 270.5	 loss 0.160774	 38.8s
Ep 870	 reward -19.464	 ms 272.5	 loss 0.265816	 36.9s
Ep 871	 reward -19.425	 ms 271.9	 loss 0.147370	 31.0s
Ep 872	 reward -19.454	 ms 272.4	 loss 0.103227	 29.9s
Ep 873	 reward -19.350	 ms 270.9	 loss 0.210671	 34.9s
Ep 874	 reward -19.346	 ms 270.9	 loss 0.140901	 41.3s
[vali @875] rel=0.8844 (best 0.8764)  LS=270.5
Ep 875	 reward -19.464	 ms 272.5	 loss 0.158279	 69.1s
Ep 876	 reward -19.336	 ms 270.7	 loss 0.126237	 35.3s
Ep 877	 reward -19.468	 ms 272.6	 loss 0.068705	 36.2s
Ep 878	 reward -19.361	 ms 271.1	 loss 0.170543	 37.2s
Ep 879	 reward -19.375	 ms 271.2	 loss 0.092154	 39.3s
Ep 880	 reward -19.325	 ms 270.6	 loss 0.164555	 32.5s
Ep 881	 reward -19.646	 ms 275.1	 loss 0.182703	 38.4s
Ep 882	 reward -19.629	 ms 274.8	 loss 0.163112	 36.6s
Ep 883	 reward -19.486	 ms 272.8	 loss 0.073706	 39.3s
Ep 884	 reward -19.525	 ms 273.4	 loss 0.121616	 33.1s
Ep 885	 reward -19.539	 ms 273.6	 loss 0.060560	 41.9s
Ep 886	 reward -19.568	 ms 273.9	 loss 0.097813	 42.8s
Ep 887	 reward -19.493	 ms 272.9	 loss 0.120714	 35.8s
Ep 888	 reward -19.461	 ms 272.4	 loss 0.087957	 33.6s
Ep 889	 reward -19.461	 ms 272.4	 loss 0.097728	 36.0s
Ep 890	 reward -19.529	 ms 273.4	 loss 0.096373	 37.3s
Ep 891	 reward -19.575	 ms 274.1	 loss 0.093473	 38.8s
Ep 892	 reward -19.607	 ms 274.5	 loss 0.078332	 34.6s
Ep 893	 reward -19.514	 ms 273.2	 loss 0.054781	 30.0s
Ep 894	 reward -19.514	 ms 273.2	 loss 0.068462	 37.2s
Ep 895	 reward -19.504	 ms 273.1	 loss 0.071467	 37.3s
Ep 896	 reward -19.489	 ms 272.9	 loss 0.048214	 43.3s
Ep 897	 reward -19.582	 ms 274.1	 loss 0.079373	 29.5s
Ep 898	 reward -19.604	 ms 274.4	 loss 0.040313	 38.8s
Ep 899	 reward -19.668	 ms 275.4	 loss 0.045221	 37.6s
[vali @900] rel=0.8829 (best 0.8764)  LS=270.1
Ep 900	 reward -19.550	 ms 273.7	 loss 0.049946	 73.9s
Ep 901	 reward -19.439	 ms 272.1	 loss 0.160356	 33.2s
Ep 902	 reward -19.539	 ms 273.6	 loss 0.135157	 32.1s
Ep 903	 reward -19.521	 ms 273.3	 loss 0.140281	 35.4s
Ep 904	 reward -19.396	 ms 271.6	 loss 0.064579	 36.1s
Ep 905	 reward -19.582	 ms 274.1	 loss 0.154053	 34.2s
Ep 906	 reward -19.493	 ms 272.9	 loss 0.100905	 41.8s
Ep 907	 reward -19.439	 ms 272.1	 loss 0.083372	 34.9s
Ep 908	 reward -19.421	 ms 271.9	 loss 0.043420	 34.4s
Ep 909	 reward -19.432	 ms 272.1	 loss 0.101318	 31.9s
Ep 910	 reward -19.446	 ms 272.2	 loss 0.103985	 36.2s
Ep 911	 reward -19.464	 ms 272.5	 loss 0.002796	 38.9s
Ep 912	 reward -19.557	 ms 273.8	 loss 0.049748	 38.6s
Ep 913	 reward -19.439	 ms 272.1	 loss 0.014021	 35.0s
Ep 914	 reward -19.439	 ms 272.1	 loss 0.001301	 41.1s
Ep 915	 reward -19.518	 ms 273.2	 loss 0.040864	 48.2s
Ep 916	 reward -19.432	 ms 272.1	 loss 0.055440	 39.3s
Ep 917	 reward -19.454	 ms 272.4	 loss 0.036901	 41.8s
Ep 918	 reward -19.496	 ms 272.9	 loss 0.079678	 30.9s
Ep 919	 reward -19.407	 ms 271.7	 loss -0.017867	 39.1s
Ep 920	 reward -19.371	 ms 271.2	 loss -0.023619	 31.9s
Ep 921	 reward -19.350	 ms 270.9	 loss 0.097279	 34.5s
Ep 922	 reward -19.254	 ms 269.6	 loss 0.168651	 35.4s
Ep 923	 reward -19.243	 ms 269.4	 loss 0.071722	 43.6s
Ep 924	 reward -19.264	 ms 269.7	 loss 0.138582	 36.9s
[vali @925] rel=0.8798 (best 0.8764)  LS=269.1
Ep 925	 reward -19.257	 ms 269.6	 loss 0.124817	 78.1s
Ep 926	 reward -19.279	 ms 269.9	 loss 0.028722	 36.2s
Ep 927	 reward -19.221	 ms 269.1	 loss 0.141108	 38.0s
Ep 928	 reward -19.400	 ms 271.6	 loss 0.059490	 32.2s
Ep 929	 reward -19.364	 ms 271.1	 loss 0.123422	 33.2s
Ep 930	 reward -19.318	 ms 270.4	 loss 0.107948	 40.1s
Ep 931	 reward -19.275	 ms 269.9	 loss 0.102059	 38.4s
Ep 932	 reward -19.221	 ms 269.1	 loss 0.048137	 36.7s
Ep 933	 reward -19.332	 ms 270.6	 loss 0.149394	 37.9s
Ep 934	 reward -19.157	 ms 268.2	 loss -0.044781	 32.6s
Ep 935	 reward -19.289	 ms 270.1	 loss 0.019610	 29.3s
Ep 936	 reward -19.339	 ms 270.8	 loss 0.056354	 41.4s
Ep 937	 reward -19.336	 ms 270.7	 loss -0.002812	 37.1s
Ep 938	 reward -19.304	 ms 270.2	 loss 0.091103	 29.2s
Ep 939	 reward -19.393	 ms 271.5	 loss 0.088137	 37.4s
Ep 940	 reward -19.271	 ms 269.8	 loss 0.162743	 41.0s
Ep 941	 reward -19.386	 ms 271.4	 loss 0.091458	 46.5s
Ep 942	 reward -19.314	 ms 270.4	 loss 0.203931	 31.8s
Ep 943	 reward -19.343	 ms 270.8	 loss 0.161517	 32.9s
Ep 944	 reward -19.364	 ms 271.1	 loss 0.191650	 37.0s
Ep 945	 reward -19.350	 ms 270.9	 loss 0.130545	 38.2s
Ep 946	 reward -19.389	 ms 271.4	 loss 0.132678	 36.7s
Ep 947	 reward -19.443	 ms 272.2	 loss 0.031620	 34.6s
Ep 948	 reward -19.454	 ms 272.4	 loss 0.060601	 36.7s
Ep 949	 reward -19.429	 ms 272.0	 loss 0.120751	 35.5s
[vali @950] rel=0.8865 (best 0.8764)  LS=271.1
Ep 950	 reward -19.457	 ms 272.4	 loss 0.135731	 67.3s
Ep 951	 reward -19.439	 ms 272.1	 loss 0.101910	 31.0s
Ep 952	 reward -19.421	 ms 271.9	 loss 0.089069	 41.4s
Ep 953	 reward -19.389	 ms 271.4	 loss 0.055835	 34.3s
Ep 954	 reward -19.411	 ms 271.8	 loss 0.104308	 40.8s
Ep 955	 reward -19.475	 ms 272.6	 loss 0.228380	 41.6s
Ep 956	 reward -19.354	 ms 270.9	 loss 0.119000	 40.5s
Ep 957	 reward -19.300	 ms 270.2	 loss 0.127576	 35.4s
Ep 958	 reward -19.464	 ms 272.5	 loss 0.138364	 41.3s
Ep 959	 reward -19.500	 ms 273.0	 loss 0.029625	 39.3s
Ep 960	 reward -19.393	 ms 271.5	 loss 0.148397	 42.2s
Ep 961	 reward -19.275	 ms 269.9	 loss 0.092587	 36.5s
Ep 962	 reward -19.396	 ms 271.6	 loss 0.060787	 34.1s
Ep 963	 reward -19.361	 ms 271.1	 loss 0.085318	 37.6s
Ep 964	 reward -19.429	 ms 272.0	 loss 0.074729	 35.4s
Ep 965	 reward -19.382	 ms 271.4	 loss 0.021485	 38.5s
Ep 966	 reward -19.364	 ms 271.1	 loss 0.122773	 33.7s
Ep 967	 reward -19.432	 ms 272.1	 loss 0.108825	 33.9s
Ep 968	 reward -19.311	 ms 270.4	 loss -0.000219	 33.8s
Ep 969	 reward -19.289	 ms 270.1	 loss 0.091245	 36.3s
Ep 970	 reward -19.325	 ms 270.6	 loss -0.032747	 38.8s
Ep 971	 reward -19.339	 ms 270.8	 loss 0.026018	 39.7s
Ep 972	 reward -19.346	 ms 270.9	 loss 0.048667	 34.1s
Ep 973	 reward -19.354	 ms 270.9	 loss 0.034168	 33.9s
Ep 974	 reward -19.357	 ms 271.0	 loss 0.057058	 36.3s
[vali @975] rel=0.8800 (best 0.8764)  LS=269.1
Ep 975	 reward -19.336	 ms 270.7	 loss 0.083315	 71.1s
Ep 976	 reward -19.257	 ms 269.6	 loss 0.039912	 36.1s
Ep 977	 reward -19.257	 ms 269.6	 loss -0.010704	 32.2s
Ep 978	 reward -19.264	 ms 269.7	 loss -0.000292	 37.6s
Ep 979	 reward -19.314	 ms 270.4	 loss 0.087993	 35.3s
Ep 980	 reward -19.432	 ms 272.1	 loss 0.195987	 39.0s
Ep 981	 reward -19.554	 ms 273.8	 loss 0.271607	 37.5s
Ep 982	 reward -19.518	 ms 273.2	 loss 0.212368	 38.0s
Ep 983	 reward -19.393	 ms 271.5	 loss 0.202461	 40.8s
Ep 984	 reward -19.546	 ms 273.6	 loss 0.204183	 27.1s
Ep 985	 reward -19.311	 ms 270.4	 loss 0.234353	 34.6s
Ep 986	 reward -19.468	 ms 272.6	 loss 0.196219	 34.7s
Ep 987	 reward -19.354	 ms 270.9	 loss 0.145705	 39.3s
Ep 988	 reward -19.486	 ms 272.8	 loss 0.204332	 32.8s
Ep 989	 reward -19.382	 ms 271.4	 loss 0.229440	 39.2s
Ep 990	 reward -19.468	 ms 272.6	 loss 0.271522	 38.7s
Ep 991	 reward -19.407	 ms 271.7	 loss 0.318034	 35.0s
Ep 992	 reward -19.446	 ms 272.2	 loss 0.173691	 36.7s
Ep 993	 reward -19.425	 ms 271.9	 loss 0.221250	 33.7s
Ep 994	 reward -19.482	 ms 272.8	 loss 0.181392	 31.9s
Ep 995	 reward -19.371	 ms 271.2	 loss 0.204178	 37.3s
Ep 996	 reward -19.489	 ms 272.9	 loss 0.128984	 34.0s
Ep 997	 reward -19.414	 ms 271.8	 loss 0.257208	 38.3s
Ep 998	 reward -19.421	 ms 271.9	 loss 0.269895	 34.7s
Ep 999	 reward -19.357	 ms 271.0	 loss 0.184764	 40.3s
[vali @1000] rel=0.8810 (best 0.8764)  LS=269.4
Ep 1000	 reward -19.450	 ms 272.3	 loss 0.202487	 72.7s
[train_family] done in 10.35 h; best rel=0.8764
