[vali] MWKR norms: N=156.6
[model] params total=32786  film=0 (0.00%)
[train_family] model=10x25+family+spec-N-s302 regimes=['N'] updates=1000
Ep 1	 reward -10.550	 ms 147.7	 loss 0.613671	 9.1s
Ep 2	 reward -10.661	 ms 149.2	 loss 0.655502	 8.7s
Ep 3	 reward -10.521	 ms 147.3	 loss 0.704886	 9.5s
Ep 4	 reward -10.489	 ms 146.8	 loss 0.544145	 8.1s
Ep 5	 reward -10.661	 ms 149.2	 loss 0.345428	 8.1s
Ep 6	 reward -10.554	 ms 147.8	 loss 0.555022	 8.3s
Ep 7	 reward -10.650	 ms 149.1	 loss 0.576464	 9.9s
Ep 8	 reward -10.518	 ms 147.2	 loss 0.411069	 10.2s
Ep 9	 reward -10.543	 ms 147.6	 loss 0.338664	 8.2s
Ep 10	 reward -10.539	 ms 147.6	 loss 0.367529	 9.1s
Ep 11	 reward -10.721	 ms 150.1	 loss 0.324208	 8.7s
Ep 12	 reward -10.511	 ms 147.2	 loss 0.163821	 10.5s
Ep 13	 reward -10.543	 ms 147.6	 loss 0.242779	 10.3s
Ep 14	 reward -10.496	 ms 146.9	 loss 0.121360	 10.1s
Ep 15	 reward -10.564	 ms 147.9	 loss 0.181735	 9.8s
Ep 16	 reward -10.568	 ms 147.9	 loss 0.088396	 9.9s
Ep 17	 reward -10.586	 ms 148.2	 loss 0.102935	 10.5s
Ep 18	 reward -10.589	 ms 148.2	 loss 0.138679	 11.3s
Ep 19	 reward -10.639	 ms 148.9	 loss 0.224240	 10.4s
Ep 20	 reward -10.432	 ms 146.1	 loss 0.172395	 10.8s
Ep 21	 reward -10.446	 ms 146.2	 loss 0.115559	 11.3s
Ep 22	 reward -10.329	 ms 144.6	 loss 0.233298	 13.1s
Ep 23	 reward -10.400	 ms 145.6	 loss 0.241209	 11.8s
Ep 24	 reward -10.425	 ms 145.9	 loss 0.241657	 10.3s
[vali @25] rel=0.8716 (best 0.8716)  N=136.5
Ep 25	 reward -10.371	 ms 145.2	 loss 0.043055	 17.5s
Ep 26	 reward -10.375	 ms 145.2	 loss 0.127670	 13.9s
Ep 27	 reward -10.389	 ms 145.4	 loss 0.165430	 10.4s
Ep 28	 reward -10.525	 ms 147.3	 loss 0.180573	 9.8s
Ep 29	 reward -10.396	 ms 145.6	 loss 0.029555	 10.1s
Ep 30	 reward -10.311	 ms 144.3	 loss 0.170865	 12.6s
Ep 31	 reward -10.325	 ms 144.6	 loss 0.169811	 11.9s
Ep 32	 reward -10.332	 ms 144.7	 loss 0.066972	 10.5s
Ep 33	 reward -10.611	 ms 148.6	 loss 0.120239	 11.3s
Ep 34	 reward -10.339	 ms 144.8	 loss 0.121634	 11.5s
Ep 35	 reward -10.329	 ms 144.6	 loss 0.164986	 12.0s
Ep 36	 reward -10.346	 ms 144.8	 loss 0.138867	 11.5s
Ep 37	 reward -10.211	 ms 142.9	 loss 0.098431	 11.4s
Ep 38	 reward -10.200	 ms 142.8	 loss 0.100438	 11.9s
Ep 39	 reward -10.189	 ms 142.7	 loss 0.174414	 11.7s
Ep 40	 reward -10.071	 ms 141.0	 loss 0.088441	 11.6s
Ep 41	 reward -10.154	 ms 142.2	 loss 0.078361	 11.7s
Ep 42	 reward -10.100	 ms 141.4	 loss 0.025293	 11.2s
Ep 43	 reward -10.029	 ms 140.4	 loss 0.122497	 11.5s
Ep 44	 reward -9.896	 ms 138.6	 loss 0.042680	 11.8s
Ep 45	 reward -9.943	 ms 139.2	 loss 0.095976	 11.1s
Ep 46	 reward -10.007	 ms 140.1	 loss 0.082419	 11.3s
Ep 47	 reward -10.011	 ms 140.2	 loss 0.121285	 11.8s
Ep 48	 reward -9.939	 ms 139.2	 loss 0.111666	 12.0s
Ep 49	 reward -9.904	 ms 138.7	 loss 0.156133	 11.7s
[vali @50] rel=0.8522 (best 0.8522)  N=133.4
Ep 50	 reward -9.907	 ms 138.7	 loss 0.022213	 18.9s
Ep 51	 reward -9.839	 ms 137.8	 loss 0.015431	 11.2s
Ep 52	 reward -9.868	 ms 138.2	 loss 0.072166	 11.5s
Ep 53	 reward -9.811	 ms 137.3	 loss 0.058060	 11.4s
Ep 54	 reward -9.911	 ms 138.8	 loss 0.131301	 11.2s
Ep 55	 reward -9.879	 ms 138.3	 loss 0.102873	 11.5s
Ep 56	 reward -9.882	 ms 138.3	 loss 0.099268	 11.0s
Ep 57	 reward -9.882	 ms 138.3	 loss 0.060136	 11.4s
Ep 58	 reward -9.921	 ms 138.9	 loss 0.128783	 11.2s
Ep 59	 reward -9.857	 ms 138.0	 loss 0.030760	 11.6s
Ep 60	 reward -9.839	 ms 137.8	 loss 0.093864	 11.7s
Ep 61	 reward -9.854	 ms 137.9	 loss -0.075594	 11.6s
Ep 62	 reward -9.796	 ms 137.2	 loss -0.102776	 10.9s
Ep 63	 reward -9.768	 ms 136.8	 loss -0.044062	 11.3s
Ep 64	 reward -9.875	 ms 138.2	 loss -0.059570	 11.5s
Ep 65	 reward -9.861	 ms 138.1	 loss -0.080024	 11.5s
Ep 66	 reward -9.750	 ms 136.5	 loss 0.003597	 11.5s
Ep 67	 reward -9.796	 ms 137.2	 loss -0.004625	 10.3s
Ep 68	 reward -9.832	 ms 137.7	 loss -0.056965	 11.3s
Ep 69	 reward -9.832	 ms 137.7	 loss -0.002678	 11.6s
Ep 70	 reward -9.861	 ms 138.1	 loss -0.154140	 10.9s
Ep 71	 reward -9.818	 ms 137.4	 loss -0.071670	 11.1s
Ep 72	 reward -9.879	 ms 138.3	 loss -0.071156	 11.8s
Ep 73	 reward -9.804	 ms 137.2	 loss -0.104277	 11.9s
Ep 74	 reward -9.771	 ms 136.8	 loss -0.067349	 13.3s
[vali @75] rel=0.8477 (best 0.8477)  N=132.8
Ep 75	 reward -9.807	 ms 137.3	 loss -0.095413	 20.9s
Ep 76	 reward -9.832	 ms 137.7	 loss -0.112901	 12.9s
Ep 77	 reward -9.775	 ms 136.8	 loss -0.122995	 12.4s
Ep 78	 reward -9.786	 ms 137.0	 loss -0.102521	 11.6s
Ep 79	 reward -9.771	 ms 136.8	 loss -0.108383	 11.5s
Ep 80	 reward -9.689	 ms 135.7	 loss -0.086207	 12.3s
Ep 81	 reward -9.954	 ms 139.3	 loss 0.071486	 11.9s
Ep 82	 reward -9.957	 ms 139.4	 loss 0.099489	 11.9s
Ep 83	 reward -9.939	 ms 139.2	 loss 0.028732	 11.6s
Ep 84	 reward -9.921	 ms 138.9	 loss 0.030202	 12.3s
Ep 85	 reward -9.921	 ms 138.9	 loss 0.091514	 14.3s
Ep 86	 reward -9.893	 ms 138.5	 loss -0.000685	 12.6s
Ep 87	 reward -9.907	 ms 138.7	 loss 0.002538	 13.1s
Ep 88	 reward -9.939	 ms 139.2	 loss 0.008356	 12.7s
Ep 89	 reward -9.825	 ms 137.6	 loss -0.011618	 12.4s
Ep 90	 reward -9.800	 ms 137.2	 loss -0.037236	 12.0s
Ep 91	 reward -9.961	 ms 139.4	 loss 0.054102	 12.2s
Ep 92	 reward -9.893	 ms 138.5	 loss -0.020291	 12.3s
Ep 93	 reward -9.921	 ms 138.9	 loss -0.010596	 11.7s
Ep 94	 reward -9.946	 ms 139.2	 loss -0.019107	 12.0s
Ep 95	 reward -10.014	 ms 140.2	 loss 0.102343	 12.4s
Ep 96	 reward -10.018	 ms 140.2	 loss 0.034846	 12.3s
Ep 97	 reward -9.954	 ms 139.3	 loss 0.027029	 12.0s
Ep 98	 reward -9.996	 ms 139.9	 loss 0.064015	 11.3s
Ep 99	 reward -9.961	 ms 139.4	 loss -0.033207	 12.8s
[vali @100] rel=0.8582 (best 0.8477)  N=134.4
Ep 100	 reward -9.843	 ms 137.8	 loss 0.055807	 20.7s
Ep 101	 reward -10.046	 ms 140.7	 loss 0.089533	 12.5s
Ep 102	 reward -9.936	 ms 139.1	 loss 0.139300	 12.3s
Ep 103	 reward -10.075	 ms 141.1	 loss 0.111477	 11.8s
Ep 104	 reward -9.893	 ms 138.5	 loss 0.067046	 12.4s
Ep 105	 reward -9.879	 ms 138.3	 loss 0.065729	 11.9s
Ep 106	 reward -9.893	 ms 138.5	 loss 0.102303	 12.3s
Ep 107	 reward -9.864	 ms 138.1	 loss 0.136842	 11.6s
Ep 108	 reward -9.864	 ms 138.1	 loss 0.139080	 13.1s
Ep 109	 reward -9.896	 ms 138.6	 loss 0.147125	 12.7s
Ep 110	 reward -9.721	 ms 136.1	 loss 0.118268	 12.2s
Ep 111	 reward -9.829	 ms 137.6	 loss 0.123273	 13.8s
Ep 112	 reward -9.718	 ms 136.1	 loss 0.152096	 12.7s
Ep 113	 reward -9.814	 ms 137.4	 loss 0.094689	 13.1s
Ep 114	 reward -9.711	 ms 135.9	 loss 0.133612	 11.7s
Ep 115	 reward -9.750	 ms 136.5	 loss 0.099563	 12.7s
Ep 116	 reward -9.679	 ms 135.5	 loss 0.069436	 12.2s
Ep 117	 reward -9.704	 ms 135.8	 loss 0.096829	 13.4s
Ep 118	 reward -9.721	 ms 136.1	 loss 0.084155	 14.2s
Ep 119	 reward -9.668	 ms 135.3	 loss 0.077273	 10.9s
Ep 120	 reward -9.750	 ms 136.5	 loss 0.060174	 13.6s
Ep 121	 reward -9.971	 ms 139.6	 loss 0.101006	 13.2s
Ep 122	 reward -9.921	 ms 138.9	 loss 0.031936	 12.3s
Ep 123	 reward -9.793	 ms 137.1	 loss 0.037005	 11.4s
Ep 124	 reward -9.864	 ms 138.1	 loss 0.107972	 11.8s
[vali @125] rel=0.8381 (best 0.8381)  N=131.2
Ep 125	 reward -9.750	 ms 136.5	 loss 0.007909	 20.1s
Ep 126	 reward -9.854	 ms 137.9	 loss 0.035168	 12.6s
Ep 127	 reward -9.950	 ms 139.3	 loss 0.067311	 11.6s
Ep 128	 reward -9.950	 ms 139.3	 loss 0.114300	 12.9s
Ep 129	 reward -9.918	 ms 138.8	 loss 0.014699	 12.7s
Ep 130	 reward -9.754	 ms 136.6	 loss -0.004110	 11.7s
Ep 131	 reward -9.829	 ms 137.6	 loss 0.065568	 12.6s
Ep 132	 reward -9.807	 ms 137.3	 loss -0.021679	 11.5s
Ep 133	 reward -9.889	 ms 138.4	 loss 0.031467	 12.0s
Ep 134	 reward -9.879	 ms 138.3	 loss 0.116182	 13.9s
Ep 135	 reward -9.904	 ms 138.7	 loss 0.049228	 12.0s
Ep 136	 reward -9.814	 ms 137.4	 loss 0.069553	 12.0s
Ep 137	 reward -9.768	 ms 136.8	 loss 0.028906	 13.1s
Ep 138	 reward -9.832	 ms 137.7	 loss -0.021505	 12.8s
Ep 139	 reward -9.893	 ms 138.5	 loss 0.062266	 12.1s
Ep 140	 reward -9.907	 ms 138.7	 loss 0.087414	 11.6s
Ep 141	 reward -9.664	 ms 135.3	 loss -0.074371	 12.3s
Ep 142	 reward -9.654	 ms 135.2	 loss -0.007361	 11.6s
Ep 143	 reward -9.636	 ms 134.9	 loss -0.014587	 12.1s
Ep 144	 reward -9.668	 ms 135.3	 loss -0.088992	 12.6s
Ep 145	 reward -9.707	 ms 135.9	 loss -0.071097	 12.3s
Ep 146	 reward -9.650	 ms 135.1	 loss -0.014664	 12.1s
Ep 147	 reward -9.704	 ms 135.8	 loss -0.017530	 13.1s
Ep 148	 reward -9.636	 ms 134.9	 loss -0.009176	 11.1s
Ep 149	 reward -9.671	 ms 135.4	 loss -0.012314	 10.9s
[vali @150] rel=0.8442 (best 0.8381)  N=132.2
Ep 150	 reward -9.671	 ms 135.4	 loss 0.093986	 21.1s
Ep 151	 reward -9.657	 ms 135.2	 loss -0.010789	 11.8s
Ep 152	 reward -9.786	 ms 137.0	 loss 0.003874	 11.8s
Ep 153	 reward -9.689	 ms 135.7	 loss -0.009360	 12.3s
Ep 154	 reward -9.629	 ms 134.8	 loss 0.032852	 12.3s
Ep 155	 reward -9.661	 ms 135.2	 loss -0.037839	 12.3s
Ep 156	 reward -9.775	 ms 136.8	 loss -0.006979	 13.1s
Ep 157	 reward -9.636	 ms 134.9	 loss -0.079479	 13.1s
Ep 158	 reward -9.682	 ms 135.6	 loss -0.019269	 11.9s
Ep 159	 reward -9.689	 ms 135.7	 loss -0.027061	 11.9s
Ep 160	 reward -9.654	 ms 135.2	 loss 0.046325	 11.9s
Ep 161	 reward -9.954	 ms 139.3	 loss 0.123553	 13.7s
Ep 162	 reward -9.875	 ms 138.2	 loss 0.088765	 12.2s
Ep 163	 reward -9.886	 ms 138.4	 loss 0.079597	 11.7s
Ep 164	 reward -9.989	 ms 139.8	 loss 0.081815	 12.6s
Ep 165	 reward -9.936	 ms 139.1	 loss 0.040873	 13.0s
Ep 166	 reward -9.857	 ms 138.0	 loss -0.029625	 12.5s
Ep 167	 reward -10.000	 ms 140.0	 loss 0.096234	 11.0s
Ep 168	 reward -9.946	 ms 139.2	 loss 0.010352	 11.3s
Ep 169	 reward -9.925	 ms 138.9	 loss 0.013748	 11.9s
Ep 170	 reward -9.971	 ms 139.6	 loss 0.059637	 13.7s
Ep 171	 reward -9.957	 ms 139.4	 loss 0.002502	 12.1s
Ep 172	 reward -9.979	 ms 139.7	 loss 0.076963	 12.8s
Ep 173	 reward -9.914	 ms 138.8	 loss 0.071716	 12.9s
Ep 174	 reward -9.957	 ms 139.4	 loss 0.075860	 11.7s
[vali @175] rel=0.8467 (best 0.8381)  N=132.6
Ep 175	 reward -9.943	 ms 139.2	 loss 0.004729	 21.7s
Ep 176	 reward -9.986	 ms 139.8	 loss 0.089043	 11.9s
Ep 177	 reward -9.896	 ms 138.6	 loss 0.063779	 12.3s
Ep 178	 reward -9.889	 ms 138.4	 loss 0.011975	 13.6s
Ep 179	 reward -9.921	 ms 138.9	 loss 0.062502	 12.6s
Ep 180	 reward -9.889	 ms 138.4	 loss -0.050158	 13.3s
Ep 181	 reward -9.493	 ms 132.9	 loss 0.139591	 12.7s
Ep 182	 reward -9.496	 ms 132.9	 loss -0.000454	 13.0s
Ep 183	 reward -9.471	 ms 132.6	 loss 0.093410	 11.4s
Ep 184	 reward -9.586	 ms 134.2	 loss 0.162523	 13.0s
Ep 185	 reward -9.493	 ms 132.9	 loss 0.047861	 13.2s
Ep 186	 reward -9.575	 ms 134.1	 loss -0.016845	 12.2s
Ep 187	 reward -9.582	 ms 134.2	 loss 0.119960	 12.3s
Ep 188	 reward -9.568	 ms 133.9	 loss 0.047264	 13.1s
Ep 189	 reward -9.532	 ms 133.4	 loss 0.067815	 12.8s
Ep 190	 reward -9.546	 ms 133.7	 loss 0.078270	 12.5s
Ep 191	 reward -9.561	 ms 133.8	 loss 0.055917	 13.2s
Ep 192	 reward -9.546	 ms 133.7	 loss 0.081600	 12.2s
Ep 193	 reward -9.575	 ms 134.1	 loss 0.130706	 12.6s
Ep 194	 reward -9.554	 ms 133.8	 loss -0.033344	 11.6s
Ep 195	 reward -9.532	 ms 133.4	 loss 0.050106	 11.5s
Ep 196	 reward -9.496	 ms 132.9	 loss 0.058474	 12.4s
Ep 197	 reward -9.571	 ms 134.0	 loss 0.055827	 12.8s
Ep 198	 reward -9.486	 ms 132.8	 loss 0.053999	 13.0s
Ep 199	 reward -9.564	 ms 133.9	 loss 0.100364	 11.5s
[vali @200] rel=0.8464 (best 0.8381)  N=132.6
Ep 200	 reward -9.521	 ms 133.3	 loss 0.047148	 21.7s
Ep 201	 reward -9.568	 ms 133.9	 loss -0.059916	 11.5s
Ep 202	 reward -9.593	 ms 134.3	 loss -0.011609	 11.2s
Ep 203	 reward -9.579	 ms 134.1	 loss -0.028337	 11.5s
Ep 204	 reward -9.571	 ms 134.0	 loss -0.011112	 10.7s
Ep 205	 reward -9.604	 ms 134.4	 loss -0.083848	 11.3s
Ep 206	 reward -9.546	 ms 133.7	 loss 0.005115	 11.6s
Ep 207	 reward -9.614	 ms 134.6	 loss -0.013714	 11.4s
Ep 208	 reward -9.575	 ms 134.1	 loss 0.039820	 11.9s
Ep 209	 reward -9.607	 ms 134.5	 loss -0.072037	 12.4s
Ep 210	 reward -9.529	 ms 133.4	 loss -0.021499	 12.3s
Ep 211	 reward -9.614	 ms 134.6	 loss -0.077325	 12.5s
Ep 212	 reward -9.586	 ms 134.2	 loss -0.083146	 11.1s
Ep 213	 reward -9.604	 ms 134.4	 loss -0.038711	 10.9s
Ep 214	 reward -9.561	 ms 133.8	 loss -0.021930	 11.7s
Ep 215	 reward -9.604	 ms 134.4	 loss -0.101035	 12.1s
Ep 216	 reward -9.550	 ms 133.7	 loss 0.017805	 12.9s
Ep 217	 reward -9.543	 ms 133.6	 loss 0.007121	 12.0s
Ep 218	 reward -9.479	 ms 132.7	 loss -0.039137	 13.5s
Ep 219	 reward -9.504	 ms 133.1	 loss -0.091417	 11.4s
Ep 220	 reward -9.532	 ms 133.4	 loss -0.100221	 13.2s
Ep 221	 reward -9.725	 ms 136.2	 loss 0.051073	 12.8s
Ep 222	 reward -9.675	 ms 135.4	 loss 0.050929	 14.4s
Ep 223	 reward -9.639	 ms 134.9	 loss 0.115901	 11.3s
Ep 224	 reward -9.632	 ms 134.8	 loss 0.098002	 13.1s
[vali @225] rel=0.8420 (best 0.8381)  N=131.8
Ep 225	 reward -9.668	 ms 135.3	 loss 0.124691	 19.7s
Ep 226	 reward -9.596	 ms 134.3	 loss 0.089164	 12.2s
Ep 227	 reward -9.714	 ms 136.0	 loss 0.058383	 12.3s
Ep 228	 reward -9.621	 ms 134.7	 loss 0.111402	 12.4s
Ep 229	 reward -9.654	 ms 135.2	 loss 0.093871	 11.8s
Ep 230	 reward -9.564	 ms 133.9	 loss 0.059775	 12.0s
Ep 231	 reward -9.696	 ms 135.8	 loss 0.085435	 11.2s
Ep 232	 reward -9.682	 ms 135.6	 loss 0.063631	 11.6s
Ep 233	 reward -9.721	 ms 136.1	 loss 0.064053	 12.4s
Ep 234	 reward -9.718	 ms 136.1	 loss 0.130181	 11.8s
Ep 235	 reward -9.675	 ms 135.4	 loss 0.067955	 11.5s
Ep 236	 reward -9.611	 ms 134.6	 loss 0.106745	 11.7s
Ep 237	 reward -9.711	 ms 135.9	 loss 0.097765	 12.0s
Ep 238	 reward -9.654	 ms 135.2	 loss 0.049504	 11.3s
Ep 239	 reward -9.629	 ms 134.8	 loss 0.107936	 11.4s
Ep 240	 reward -9.625	 ms 134.8	 loss 0.137273	 11.8s
Ep 241	 reward -9.650	 ms 135.1	 loss 0.108314	 11.6s
Ep 242	 reward -9.654	 ms 135.2	 loss -0.038912	 11.5s
Ep 243	 reward -9.618	 ms 134.7	 loss 0.167729	 11.2s
Ep 244	 reward -9.593	 ms 134.3	 loss 0.084139	 10.4s
Ep 245	 reward -9.639	 ms 134.9	 loss 0.133214	 11.3s
Ep 246	 reward -9.707	 ms 135.9	 loss 0.020602	 11.9s
Ep 247	 reward -9.564	 ms 133.9	 loss 0.073545	 11.5s
Ep 248	 reward -9.682	 ms 135.6	 loss 0.004719	 11.2s
Ep 249	 reward -9.621	 ms 134.7	 loss 0.110427	 11.4s
[vali @250] rel=0.8410 (best 0.8381)  N=131.7
Ep 250	 reward -9.600	 ms 134.4	 loss 0.058833	 19.7s
Ep 251	 reward -9.618	 ms 134.7	 loss -0.021445	 11.8s
Ep 252	 reward -9.561	 ms 133.8	 loss 0.090698	 11.1s
Ep 253	 reward -9.589	 ms 134.2	 loss 0.049354	 11.4s
Ep 254	 reward -9.593	 ms 134.3	 loss 0.121749	 10.8s
Ep 255	 reward -9.639	 ms 134.9	 loss 0.022726	 11.6s
Ep 256	 reward -9.621	 ms 134.7	 loss 0.072705	 11.3s
Ep 257	 reward -9.664	 ms 135.3	 loss -0.034732	 11.9s
Ep 258	 reward -9.621	 ms 134.7	 loss 0.132556	 11.8s
Ep 259	 reward -9.679	 ms 135.5	 loss 0.104026	 11.5s
Ep 260	 reward -9.671	 ms 135.4	 loss 0.116463	 11.4s
Ep 261	 reward -9.646	 ms 135.1	 loss -0.020260	 12.1s
Ep 262	 reward -9.664	 ms 135.3	 loss 0.016767	 11.8s
Ep 263	 reward -9.664	 ms 135.3	 loss -0.002858	 10.9s
Ep 264	 reward -9.707	 ms 135.9	 loss 0.005590	 11.6s
Ep 265	 reward -9.654	 ms 135.2	 loss 0.048885	 11.9s
Ep 266	 reward -9.607	 ms 134.5	 loss 0.016757	 11.9s
Ep 267	 reward -9.657	 ms 135.2	 loss 0.035595	 12.0s
Ep 268	 reward -9.668	 ms 135.3	 loss 0.046777	 10.5s
Ep 269	 reward -9.611	 ms 134.6	 loss 0.002731	 11.0s
Ep 270	 reward -9.518	 ms 133.2	 loss -0.036311	 11.8s
Ep 271	 reward -9.661	 ms 135.2	 loss 0.012962	 11.8s
Ep 272	 reward -9.664	 ms 135.3	 loss 0.112996	 11.6s
Ep 273	 reward -9.589	 ms 134.2	 loss 0.099685	 11.8s
Ep 274	 reward -9.614	 ms 134.6	 loss -0.021137	 12.4s
[vali @275] rel=0.8448 (best 0.8381)  N=132.3
Ep 275	 reward -9.575	 ms 134.1	 loss 0.023329	 20.1s
Ep 276	 reward -9.668	 ms 135.3	 loss 0.099586	 13.4s
Ep 277	 reward -9.682	 ms 135.6	 loss -0.020423	 13.0s
Ep 278	 reward -9.639	 ms 134.9	 loss 0.121325	 15.2s
Ep 279	 reward -9.693	 ms 135.7	 loss 0.078148	 12.4s
Ep 280	 reward -9.671	 ms 135.4	 loss 0.108133	 12.9s
Ep 281	 reward -9.625	 ms 134.8	 loss -0.003838	 11.4s
Ep 282	 reward -9.596	 ms 134.3	 loss 0.028636	 11.7s
Ep 283	 reward -9.643	 ms 135.0	 loss 0.047888	 12.1s
Ep 284	 reward -9.671	 ms 135.4	 loss 0.032221	 11.8s
Ep 285	 reward -9.671	 ms 135.4	 loss 0.023901	 12.0s
Ep 286	 reward -9.643	 ms 135.0	 loss -0.022040	 12.1s
Ep 287	 reward -9.668	 ms 135.3	 loss -0.055112	 11.9s
Ep 288	 reward -9.568	 ms 133.9	 loss -0.117153	 11.4s
Ep 289	 reward -9.643	 ms 135.0	 loss 0.039065	 12.3s
Ep 290	 reward -9.618	 ms 134.7	 loss -0.013126	 12.9s
Ep 291	 reward -9.646	 ms 135.1	 loss -0.067223	 12.2s
Ep 292	 reward -9.632	 ms 134.8	 loss 0.011153	 11.9s
Ep 293	 reward -9.664	 ms 135.3	 loss -0.018253	 10.9s
Ep 294	 reward -9.625	 ms 134.8	 loss 0.038511	 11.4s
Ep 295	 reward -9.664	 ms 135.3	 loss -0.119946	 12.4s
Ep 296	 reward -9.675	 ms 135.4	 loss 0.055770	 12.0s
Ep 297	 reward -9.643	 ms 135.0	 loss -0.046496	 11.7s
Ep 298	 reward -9.657	 ms 135.2	 loss 0.064483	 12.1s
Ep 299	 reward -9.621	 ms 134.7	 loss -0.037554	 12.0s
[vali @300] rel=0.8471 (best 0.8381)  N=132.7
Ep 300	 reward -9.614	 ms 134.6	 loss -0.019623	 20.1s
Ep 301	 reward -9.721	 ms 136.1	 loss 0.036178	 11.7s
Ep 302	 reward -9.654	 ms 135.2	 loss 0.014160	 11.8s
Ep 303	 reward -9.639	 ms 134.9	 loss -0.025362	 12.2s
Ep 304	 reward -9.725	 ms 136.2	 loss 0.002086	 11.9s
Ep 305	 reward -9.654	 ms 135.2	 loss 0.007899	 11.9s
Ep 306	 reward -9.643	 ms 135.0	 loss -0.043836	 12.0s
Ep 307	 reward -9.729	 ms 136.2	 loss -0.041457	 12.2s
Ep 308	 reward -9.654	 ms 135.2	 loss -0.002058	 12.2s
Ep 309	 reward -9.586	 ms 134.2	 loss 0.003948	 12.5s
Ep 310	 reward -9.582	 ms 134.2	 loss -0.003821	 11.8s
Ep 311	 reward -9.632	 ms 134.8	 loss 0.025530	 12.1s
Ep 312	 reward -9.779	 ms 136.9	 loss 0.033810	 11.6s
Ep 313	 reward -9.671	 ms 135.4	 loss -0.041007	 11.6s
Ep 314	 reward -9.714	 ms 136.0	 loss 0.028053	 11.9s
Ep 315	 reward -9.604	 ms 134.4	 loss 0.016671	 12.4s
Ep 316	 reward -9.671	 ms 135.4	 loss 0.055195	 12.3s
Ep 317	 reward -9.707	 ms 135.9	 loss 0.057497	 12.2s
Ep 318	 reward -9.600	 ms 134.4	 loss -0.014245	 11.5s
Ep 319	 reward -9.650	 ms 135.1	 loss 0.065303	 12.2s
Ep 320	 reward -9.611	 ms 134.6	 loss 0.030408	 12.7s
Ep 321	 reward -9.618	 ms 134.7	 loss 0.017772	 12.8s
Ep 322	 reward -9.582	 ms 134.2	 loss -0.067872	 12.9s
Ep 323	 reward -9.529	 ms 133.4	 loss -0.067802	 12.7s
Ep 324	 reward -9.593	 ms 134.3	 loss -0.101542	 12.9s
[vali @325] rel=0.8400 (best 0.8381)  N=131.6
Ep 325	 reward -9.543	 ms 133.6	 loss -0.071417	 21.8s
Ep 326	 reward -9.589	 ms 134.2	 loss -0.095953	 12.7s
Ep 327	 reward -9.554	 ms 133.8	 loss -0.079792	 12.7s
Ep 328	 reward -9.539	 ms 133.6	 loss -0.084513	 12.8s
Ep 329	 reward -9.564	 ms 133.9	 loss -0.027072	 12.7s
Ep 330	 reward -9.529	 ms 133.4	 loss -0.053609	 12.9s
Ep 331	 reward -9.557	 ms 133.8	 loss -0.054104	 13.0s
Ep 332	 reward -9.539	 ms 133.6	 loss -0.075572	 12.4s
Ep 333	 reward -9.579	 ms 134.1	 loss -0.050125	 13.1s
Ep 334	 reward -9.536	 ms 133.5	 loss -0.086634	 12.7s
Ep 335	 reward -9.543	 ms 133.6	 loss -0.077208	 13.1s
Ep 336	 reward -9.536	 ms 133.5	 loss -0.079878	 12.7s
Ep 337	 reward -9.550	 ms 133.7	 loss -0.105009	 12.8s
Ep 338	 reward -9.643	 ms 135.0	 loss -0.122288	 13.2s
Ep 339	 reward -9.596	 ms 134.3	 loss -0.128504	 13.3s
Ep 340	 reward -9.571	 ms 134.0	 loss -0.093698	 13.6s
Ep 341	 reward -9.496	 ms 132.9	 loss -0.066428	 13.4s
Ep 342	 reward -9.471	 ms 132.6	 loss 0.034890	 13.3s
Ep 343	 reward -9.418	 ms 131.8	 loss -0.010232	 13.4s
Ep 344	 reward -9.464	 ms 132.5	 loss -0.034367	 16.9s
Ep 345	 reward -9.393	 ms 131.5	 loss -0.049170	 15.8s
Ep 346	 reward -9.486	 ms 132.8	 loss -0.025661	 16.2s
Ep 347	 reward -9.396	 ms 131.6	 loss -0.074459	 14.6s
Ep 348	 reward -9.468	 ms 132.6	 loss -0.024674	 13.3s
Ep 349	 reward -9.511	 ms 133.2	 loss -0.091249	 13.2s
[vali @350] rel=0.8375 (best 0.8375)  N=131.2
Ep 350	 reward -9.550	 ms 133.7	 loss -0.136264	 21.9s
Ep 351	 reward -9.468	 ms 132.6	 loss -0.141768	 14.0s
Ep 352	 reward -9.507	 ms 133.1	 loss -0.025259	 13.5s
Ep 353	 reward -9.489	 ms 132.8	 loss 0.092976	 13.3s
Ep 354	 reward -9.411	 ms 131.8	 loss 0.044716	 13.5s
Ep 355	 reward -9.432	 ms 132.1	 loss -0.014442	 14.1s
Ep 356	 reward -9.446	 ms 132.2	 loss 0.093502	 13.5s
Ep 357	 reward -9.496	 ms 132.9	 loss 0.027814	 13.0s
Ep 358	 reward -9.436	 ms 132.1	 loss -0.020624	 12.8s
Ep 359	 reward -9.468	 ms 132.6	 loss -0.014291	 12.9s
Ep 360	 reward -9.493	 ms 132.9	 loss -0.130934	 13.0s
Ep 361	 reward -9.529	 ms 133.4	 loss 0.083064	 12.8s
Ep 362	 reward -9.504	 ms 133.1	 loss 0.062443	 12.2s
Ep 363	 reward -9.457	 ms 132.4	 loss 0.099447	 12.2s
Ep 364	 reward -9.489	 ms 132.8	 loss 0.001885	 12.6s
Ep 365	 reward -9.486	 ms 132.8	 loss 0.100088	 13.2s
Ep 366	 reward -9.489	 ms 132.8	 loss 0.027348	 12.2s
Ep 367	 reward -9.514	 ms 133.2	 loss 0.023205	 13.0s
Ep 368	 reward -9.529	 ms 133.4	 loss 0.063896	 13.3s
Ep 369	 reward -9.500	 ms 133.0	 loss 0.079184	 13.0s
Ep 370	 reward -9.493	 ms 132.9	 loss -0.016463	 18.2s
Ep 371	 reward -9.457	 ms 132.4	 loss 0.061762	 14.2s
Ep 372	 reward -9.471	 ms 132.6	 loss 0.045316	 14.3s
Ep 373	 reward -9.471	 ms 132.6	 loss 0.080240	 14.9s
Ep 374	 reward -9.504	 ms 133.1	 loss 0.085272	 13.4s
[vali @375] rel=0.8368 (best 0.8368)  N=131.1
Ep 375	 reward -9.450	 ms 132.3	 loss 0.133961	 21.0s
Ep 376	 reward -9.479	 ms 132.7	 loss -0.049909	 12.8s
Ep 377	 reward -9.486	 ms 132.8	 loss 0.024272	 13.0s
Ep 378	 reward -9.482	 ms 132.8	 loss -0.001238	 12.6s
Ep 379	 reward -9.461	 ms 132.4	 loss -0.051542	 13.0s
Ep 380	 reward -9.468	 ms 132.6	 loss 0.001188	 13.4s
Ep 381	 reward -9.579	 ms 134.1	 loss 0.076376	 13.3s
Ep 382	 reward -9.604	 ms 134.4	 loss 0.001570	 13.0s
Ep 383	 reward -9.611	 ms 134.6	 loss 0.039369	 13.2s
Ep 384	 reward -9.664	 ms 135.3	 loss 0.062549	 13.2s
Ep 385	 reward -9.639	 ms 134.9	 loss 0.123781	 13.1s
Ep 386	 reward -9.632	 ms 134.8	 loss 0.185805	 13.1s
Ep 387	 reward -9.632	 ms 134.8	 loss 0.108406	 13.0s
Ep 388	 reward -9.621	 ms 134.7	 loss 0.140318	 13.0s
Ep 389	 reward -9.607	 ms 134.5	 loss 0.155072	 13.0s
Ep 390	 reward -9.593	 ms 134.3	 loss 0.098806	 13.1s
Ep 391	 reward -9.554	 ms 133.8	 loss 0.074721	 13.3s
Ep 392	 reward -9.600	 ms 134.4	 loss 0.081623	 13.3s
Ep 393	 reward -9.604	 ms 134.4	 loss 0.130115	 12.6s
Ep 394	 reward -9.589	 ms 134.2	 loss 0.073025	 13.0s
Ep 395	 reward -9.621	 ms 134.7	 loss 0.148593	 13.2s
Ep 396	 reward -9.618	 ms 134.7	 loss 0.166916	 12.5s
Ep 397	 reward -9.554	 ms 133.8	 loss 0.056221	 12.7s
Ep 398	 reward -9.564	 ms 133.9	 loss 0.155256	 12.0s
Ep 399	 reward -9.589	 ms 134.2	 loss 0.074473	 12.8s
[vali @400] rel=0.8400 (best 0.8368)  N=131.6
Ep 400	 reward -9.568	 ms 133.9	 loss 0.108453	 20.2s
Ep 401	 reward -9.579	 ms 134.1	 loss 0.141685	 11.9s
Ep 402	 reward -9.593	 ms 134.3	 loss 0.077507	 11.9s
Ep 403	 reward -9.571	 ms 134.0	 loss 0.049622	 12.3s
Ep 404	 reward -9.575	 ms 134.1	 loss 0.057153	 11.8s
Ep 405	 reward -9.582	 ms 134.2	 loss 0.128930	 11.8s
Ep 406	 reward -9.593	 ms 134.3	 loss 0.011204	 12.4s
Ep 407	 reward -9.600	 ms 134.4	 loss 0.077945	 11.7s
Ep 408	 reward -9.539	 ms 133.6	 loss 0.133682	 11.7s
Ep 409	 reward -9.554	 ms 133.8	 loss -0.052979	 11.6s
Ep 410	 reward -9.607	 ms 134.5	 loss 0.102785	 11.2s
Ep 411	 reward -9.557	 ms 133.8	 loss 0.052915	 11.0s
Ep 412	 reward -9.646	 ms 135.1	 loss 0.019735	 11.0s
Ep 413	 reward -9.525	 ms 133.3	 loss 0.121171	 10.7s
Ep 414	 reward -9.550	 ms 133.7	 loss 0.029505	 11.5s
Ep 415	 reward -9.611	 ms 134.6	 loss 0.035794	 11.2s
Ep 416	 reward -9.625	 ms 134.8	 loss 0.124509	 12.0s
Ep 417	 reward -9.571	 ms 134.0	 loss 0.063701	 11.8s
Ep 418	 reward -9.650	 ms 135.1	 loss 0.060985	 11.1s
Ep 419	 reward -9.607	 ms 134.5	 loss 0.013323	 11.3s
Ep 420	 reward -9.589	 ms 134.2	 loss 0.075810	 11.6s
Ep 421	 reward -9.507	 ms 133.1	 loss 0.041130	 11.3s
Ep 422	 reward -9.464	 ms 132.5	 loss 0.056109	 11.9s
Ep 423	 reward -9.475	 ms 132.7	 loss -0.044372	 11.9s
Ep 424	 reward -9.511	 ms 133.2	 loss 0.073049	 12.0s
[vali @425] rel=0.8343 (best 0.8343)  N=130.7
Ep 425	 reward -9.489	 ms 132.8	 loss 0.038608	 19.9s
Ep 426	 reward -9.557	 ms 133.8	 loss 0.026384	 12.4s
Ep 427	 reward -9.454	 ms 132.3	 loss 0.005819	 12.0s
Ep 428	 reward -9.468	 ms 132.6	 loss -0.025201	 11.9s
Ep 429	 reward -9.479	 ms 132.7	 loss -0.017762	 12.0s
Ep 430	 reward -9.457	 ms 132.4	 loss 0.034827	 10.9s
Ep 431	 reward -9.464	 ms 132.5	 loss 0.085200	 11.3s
Ep 432	 reward -9.575	 ms 134.1	 loss 0.032665	 11.6s
Ep 433	 reward -9.536	 ms 133.5	 loss -0.019261	 16.0s
Ep 434	 reward -9.532	 ms 133.4	 loss -0.030933	 12.3s
Ep 435	 reward -9.518	 ms 133.2	 loss 0.003682	 12.9s
Ep 436	 reward -9.493	 ms 132.9	 loss -0.090173	 11.9s
Ep 437	 reward -9.471	 ms 132.6	 loss 0.030117	 15.9s
Ep 438	 reward -9.489	 ms 132.8	 loss -0.018503	 15.9s
Ep 439	 reward -9.425	 ms 131.9	 loss -0.055692	 14.9s
Ep 440	 reward -9.525	 ms 133.3	 loss -0.006872	 12.6s
Ep 441	 reward -9.400	 ms 131.6	 loss 0.017947	 16.3s
Ep 442	 reward -9.414	 ms 131.8	 loss -0.024178	 16.1s
Ep 443	 reward -9.421	 ms 131.9	 loss 0.007155	 13.3s
Ep 444	 reward -9.468	 ms 132.6	 loss 0.052895	 17.3s
Ep 445	 reward -9.418	 ms 131.8	 loss 0.107402	 14.8s
Ep 446	 reward -9.475	 ms 132.7	 loss 0.051123	 16.5s
Ep 447	 reward -9.468	 ms 132.6	 loss 0.128948	 14.9s
Ep 448	 reward -9.411	 ms 131.8	 loss -0.006671	 16.3s
Ep 449	 reward -9.461	 ms 132.4	 loss 0.010165	 17.5s
[vali @450] rel=0.8378 (best 0.8343)  N=131.2
Ep 450	 reward -9.382	 ms 131.3	 loss 0.107351	 28.1s
Ep 451	 reward -9.486	 ms 132.8	 loss 0.024036	 15.4s
Ep 452	 reward -9.461	 ms 132.4	 loss 0.138966	 16.6s
Ep 453	 reward -9.357	 ms 131.0	 loss 0.111339	 16.8s
Ep 454	 reward -9.404	 ms 131.7	 loss 0.066253	 17.9s
Ep 455	 reward -9.421	 ms 131.9	 loss -0.041951	 15.8s
Ep 456	 reward -9.443	 ms 132.2	 loss 0.070742	 18.0s
Ep 457	 reward -9.511	 ms 133.2	 loss 0.039767	 16.9s
Ep 458	 reward -9.425	 ms 131.9	 loss 0.046431	 16.1s
Ep 459	 reward -9.425	 ms 131.9	 loss 0.076392	 15.3s
Ep 460	 reward -9.468	 ms 132.6	 loss 0.128631	 18.8s
Ep 461	 reward -9.646	 ms 135.1	 loss -0.106233	 17.9s
Ep 462	 reward -9.686	 ms 135.6	 loss -0.088791	 15.7s
Ep 463	 reward -9.671	 ms 135.4	 loss -0.173143	 14.9s
Ep 464	 reward -9.639	 ms 134.9	 loss -0.065370	 16.2s
Ep 465	 reward -9.657	 ms 135.2	 loss -0.128385	 18.1s
Ep 466	 reward -9.654	 ms 135.2	 loss -0.058124	 16.8s
Ep 467	 reward -9.686	 ms 135.6	 loss -0.123209	 15.0s
Ep 468	 reward -9.596	 ms 134.3	 loss -0.072788	 14.5s
Ep 469	 reward -9.650	 ms 135.1	 loss -0.050324	 14.6s
Ep 470	 reward -9.571	 ms 134.0	 loss -0.071224	 15.4s
Ep 471	 reward -9.714	 ms 136.0	 loss -0.110182	 14.5s
Ep 472	 reward -9.675	 ms 135.4	 loss -0.109128	 18.7s
Ep 473	 reward -9.632	 ms 134.8	 loss -0.112035	 18.2s
Ep 474	 reward -9.625	 ms 134.8	 loss -0.110041	 13.1s
[vali @475] rel=0.8375 (best 0.8343)  N=131.2
Ep 475	 reward -9.582	 ms 134.2	 loss -0.053985	 25.6s
Ep 476	 reward -9.632	 ms 134.8	 loss -0.111836	 18.4s
Ep 477	 reward -9.621	 ms 134.7	 loss -0.070345	 17.3s
Ep 478	 reward -9.607	 ms 134.5	 loss -0.073172	 17.0s
Ep 479	 reward -9.575	 ms 134.1	 loss -0.063464	 16.6s
Ep 480	 reward -9.575	 ms 134.1	 loss -0.112304	 15.3s
Ep 481	 reward -9.432	 ms 132.1	 loss -0.072167	 18.3s
Ep 482	 reward -9.425	 ms 131.9	 loss -0.163284	 18.5s
Ep 483	 reward -9.496	 ms 132.9	 loss -0.094506	 17.0s
Ep 484	 reward -9.550	 ms 133.7	 loss -0.154561	 20.4s
Ep 485	 reward -9.407	 ms 131.7	 loss -0.160874	 17.5s
Ep 486	 reward -9.518	 ms 133.2	 loss -0.141237	 17.7s
Ep 487	 reward -9.446	 ms 132.2	 loss -0.156969	 16.9s
Ep 488	 reward -9.443	 ms 132.2	 loss -0.129619	 17.6s
Ep 489	 reward -9.411	 ms 131.8	 loss -0.094609	 16.8s
Ep 490	 reward -9.482	 ms 132.8	 loss -0.125130	 16.8s
Ep 491	 reward -9.468	 ms 132.6	 loss -0.146115	 15.6s
Ep 492	 reward -9.596	 ms 134.3	 loss -0.026906	 14.2s
Ep 493	 reward -9.507	 ms 133.1	 loss -0.115912	 15.8s
Ep 494	 reward -9.468	 ms 132.6	 loss -0.100665	 16.4s
Ep 495	 reward -9.486	 ms 132.8	 loss -0.064075	 14.7s
Ep 496	 reward -9.468	 ms 132.6	 loss -0.124411	 16.2s
Ep 497	 reward -9.446	 ms 132.2	 loss -0.157555	 15.1s
Ep 498	 reward -9.496	 ms 132.9	 loss -0.140935	 13.9s
Ep 499	 reward -9.471	 ms 132.6	 loss -0.107346	 14.8s
[vali @500] rel=0.8381 (best 0.8343)  N=131.2
Ep 500	 reward -9.486	 ms 132.8	 loss -0.080112	 27.3s
Ep 501	 reward -9.393	 ms 131.5	 loss 0.093417	 16.4s
Ep 502	 reward -9.407	 ms 131.7	 loss 0.048049	 15.2s
Ep 503	 reward -9.496	 ms 132.9	 loss 0.075276	 14.9s
Ep 504	 reward -9.314	 ms 130.4	 loss 0.067313	 15.6s
Ep 505	 reward -9.443	 ms 132.2	 loss 0.036771	 16.0s
Ep 506	 reward -9.457	 ms 132.4	 loss 0.083819	 15.0s
Ep 507	 reward -9.421	 ms 131.9	 loss 0.162409	 16.5s
Ep 508	 reward -9.407	 ms 131.7	 loss 0.038852	 16.4s
Ep 509	 reward -9.432	 ms 132.1	 loss 0.028972	 15.4s
Ep 510	 reward -9.489	 ms 132.8	 loss 0.164030	 14.7s
Ep 511	 reward -9.429	 ms 132.0	 loss 0.137398	 16.1s
Ep 512	 reward -9.454	 ms 132.3	 loss 0.145623	 14.2s
Ep 513	 reward -9.368	 ms 131.2	 loss 0.070749	 16.3s
Ep 514	 reward -9.371	 ms 131.2	 loss 0.052351	 15.8s
Ep 515	 reward -9.361	 ms 131.1	 loss 0.122742	 14.3s
Ep 516	 reward -9.396	 ms 131.6	 loss 0.063178	 16.1s
Ep 517	 reward -9.386	 ms 131.4	 loss 0.085466	 13.3s
Ep 518	 reward -9.400	 ms 131.6	 loss 0.009778	 15.2s
Ep 519	 reward -9.336	 ms 130.7	 loss 0.008381	 15.1s
Ep 520	 reward -9.411	 ms 131.8	 loss 0.126585	 13.6s
Ep 521	 reward -9.386	 ms 131.4	 loss -0.161700	 12.5s
Ep 522	 reward -9.511	 ms 133.2	 loss -0.171633	 12.6s
Ep 523	 reward -9.496	 ms 132.9	 loss -0.148857	 12.2s
Ep 524	 reward -9.504	 ms 133.1	 loss -0.156261	 16.1s
[vali @525] rel=0.8343 (best 0.8343)  N=130.7
Ep 525	 reward -9.464	 ms 132.5	 loss -0.108549	 24.9s
Ep 526	 reward -9.489	 ms 132.8	 loss -0.152883	 13.9s
Ep 527	 reward -9.436	 ms 132.1	 loss -0.122978	 13.0s
Ep 528	 reward -9.525	 ms 133.3	 loss -0.131937	 15.6s
Ep 529	 reward -9.418	 ms 131.8	 loss -0.166082	 12.3s
Ep 530	 reward -9.493	 ms 132.9	 loss -0.115459	 16.2s
Ep 531	 reward -9.532	 ms 133.4	 loss -0.137970	 14.1s
Ep 532	 reward -9.464	 ms 132.5	 loss -0.173821	 14.5s
Ep 533	 reward -9.493	 ms 132.9	 loss -0.171185	 13.6s
Ep 534	 reward -9.500	 ms 133.0	 loss -0.161818	 15.3s
Ep 535	 reward -9.443	 ms 132.2	 loss -0.150417	 12.5s
Ep 536	 reward -9.496	 ms 132.9	 loss -0.191941	 12.9s
Ep 537	 reward -9.457	 ms 132.4	 loss -0.175764	 13.2s
Ep 538	 reward -9.479	 ms 132.7	 loss -0.103426	 12.6s
Ep 539	 reward -9.482	 ms 132.8	 loss -0.155547	 15.6s
Ep 540	 reward -9.407	 ms 131.7	 loss -0.164887	 12.6s
Ep 541	 reward -9.439	 ms 132.2	 loss 0.119301	 14.1s
Ep 542	 reward -9.450	 ms 132.3	 loss 0.122108	 14.0s
Ep 543	 reward -9.518	 ms 133.2	 loss 0.026568	 15.4s
Ep 544	 reward -9.404	 ms 131.7	 loss 0.062223	 14.8s
Ep 545	 reward -9.500	 ms 133.0	 loss -0.039999	 17.2s
Ep 546	 reward -9.454	 ms 132.3	 loss 0.034447	 14.3s
Ep 547	 reward -9.454	 ms 132.3	 loss -0.010061	 16.1s
Ep 548	 reward -9.382	 ms 131.3	 loss 0.121073	 15.0s
Ep 549	 reward -9.421	 ms 131.9	 loss -0.114988	 15.7s
[vali @550] rel=0.8362 (best 0.8343)  N=130.9
Ep 550	 reward -9.396	 ms 131.6	 loss 0.176381	 25.2s
Ep 551	 reward -9.429	 ms 132.0	 loss 0.066877	 14.7s
Ep 552	 reward -9.350	 ms 130.9	 loss 0.024155	 13.9s
Ep 553	 reward -9.500	 ms 133.0	 loss 0.103782	 15.7s
Ep 554	 reward -9.361	 ms 131.1	 loss 0.115158	 13.1s
Ep 555	 reward -9.429	 ms 132.0	 loss 0.100708	 14.8s
Ep 556	 reward -9.443	 ms 132.2	 loss -0.087088	 14.0s
Ep 557	 reward -9.354	 ms 130.9	 loss 0.030735	 14.1s
Ep 558	 reward -9.407	 ms 131.7	 loss -0.028232	 14.4s
Ep 559	 reward -9.375	 ms 131.2	 loss 0.062552	 16.6s
Ep 560	 reward -9.418	 ms 131.8	 loss 0.055945	 13.6s
Ep 561	 reward -9.346	 ms 130.8	 loss 0.107030	 18.0s
Ep 562	 reward -9.354	 ms 130.9	 loss 0.133114	 14.9s
Ep 563	 reward -9.304	 ms 130.2	 loss 0.085220	 16.7s
Ep 564	 reward -9.396	 ms 131.6	 loss 0.068721	 13.9s
Ep 565	 reward -9.371	 ms 131.2	 loss 0.077165	 16.7s
Ep 566	 reward -9.300	 ms 130.2	 loss 0.109119	 13.6s
Ep 567	 reward -9.343	 ms 130.8	 loss 0.010926	 17.8s
Ep 568	 reward -9.321	 ms 130.5	 loss 0.118418	 15.0s
Ep 569	 reward -9.336	 ms 130.7	 loss 0.148075	 17.5s
Ep 570	 reward -9.368	 ms 131.2	 loss 0.048257	 14.7s
Ep 571	 reward -9.339	 ms 130.8	 loss 0.046666	 18.3s
Ep 572	 reward -9.354	 ms 130.9	 loss 0.161088	 15.4s
Ep 573	 reward -9.350	 ms 130.9	 loss 0.080525	 14.9s
Ep 574	 reward -9.343	 ms 130.8	 loss 0.171736	 15.1s
[vali @575] rel=0.8381 (best 0.8343)  N=131.2
Ep 575	 reward -9.354	 ms 130.9	 loss 0.115870	 27.1s
Ep 576	 reward -9.314	 ms 130.4	 loss 0.034710	 15.1s
Ep 577	 reward -9.336	 ms 130.7	 loss 0.116884	 13.0s
Ep 578	 reward -9.311	 ms 130.3	 loss 0.067900	 17.1s
Ep 579	 reward -9.321	 ms 130.5	 loss 0.137324	 14.5s
Ep 580	 reward -9.321	 ms 130.5	 loss 0.052822	 14.8s
Ep 581	 reward -9.307	 ms 130.3	 loss -0.041890	 14.9s
Ep 582	 reward -9.396	 ms 131.6	 loss -0.010526	 17.7s
Ep 583	 reward -9.279	 ms 129.9	 loss 0.011923	 15.6s
Ep 584	 reward -9.368	 ms 131.2	 loss 0.030308	 17.9s
Ep 585	 reward -9.364	 ms 131.1	 loss -0.011814	 15.8s
Ep 586	 reward -9.357	 ms 131.0	 loss -0.093377	 17.5s
Ep 587	 reward -9.339	 ms 130.8	 loss 0.021775	 13.9s
Ep 588	 reward -9.368	 ms 131.2	 loss -0.028697	 17.6s
Ep 589	 reward -9.357	 ms 131.0	 loss 0.044508	 15.4s
Ep 590	 reward -9.396	 ms 131.6	 loss 0.035521	 16.1s
Ep 591	 reward -9.354	 ms 130.9	 loss -0.048312	 14.0s
Ep 592	 reward -9.354	 ms 130.9	 loss -0.001818	 16.6s
Ep 593	 reward -9.336	 ms 130.7	 loss 0.105552	 15.0s
Ep 594	 reward -9.346	 ms 130.8	 loss 0.017902	 17.7s
Ep 595	 reward -9.318	 ms 130.4	 loss 0.003659	 13.7s
Ep 596	 reward -9.336	 ms 130.7	 loss 0.053597	 16.2s
Ep 597	 reward -9.414	 ms 131.8	 loss 0.066875	 16.1s
Ep 598	 reward -9.343	 ms 130.8	 loss -0.020876	 15.7s
Ep 599	 reward -9.314	 ms 130.4	 loss -0.000888	 13.6s
[vali @600] rel=0.8330 (best 0.8330)  N=130.4
Ep 600	 reward -9.346	 ms 130.8	 loss 0.048251	 23.4s
Ep 601	 reward -9.393	 ms 131.5	 loss 0.001432	 16.5s
Ep 602	 reward -9.371	 ms 131.2	 loss 0.005942	 13.0s
Ep 603	 reward -9.371	 ms 131.2	 loss -0.004304	 14.5s
Ep 604	 reward -9.379	 ms 131.3	 loss 0.017206	 13.3s
Ep 605	 reward -9.393	 ms 131.5	 loss 0.002727	 13.2s
Ep 606	 reward -9.346	 ms 130.8	 loss -0.020357	 12.8s
Ep 607	 reward -9.357	 ms 131.0	 loss -0.038269	 11.3s
Ep 608	 reward -9.346	 ms 130.8	 loss -0.017149	 13.1s
Ep 609	 reward -9.414	 ms 131.8	 loss 0.013858	 12.3s
Ep 610	 reward -9.325	 ms 130.6	 loss 0.030104	 12.8s
Ep 611	 reward -9.311	 ms 130.3	 loss 0.099629	 15.1s
Ep 612	 reward -9.354	 ms 130.9	 loss -0.082083	 13.7s
Ep 613	 reward -9.329	 ms 130.6	 loss 0.041027	 11.3s
Ep 614	 reward -9.371	 ms 131.2	 loss 0.011469	 15.0s
Ep 615	 reward -9.307	 ms 130.3	 loss 0.037739	 13.1s
Ep 616	 reward -9.361	 ms 131.1	 loss -0.001931	 13.5s
Ep 617	 reward -9.311	 ms 130.3	 loss -0.037962	 14.3s
Ep 618	 reward -9.407	 ms 131.7	 loss 0.054430	 13.6s
Ep 619	 reward -9.346	 ms 130.8	 loss 0.020211	 12.5s
Ep 620	 reward -9.343	 ms 130.8	 loss -0.020127	 11.8s
Ep 621	 reward -9.489	 ms 132.8	 loss -0.085222	 13.1s
Ep 622	 reward -9.532	 ms 133.4	 loss -0.126551	 12.7s
Ep 623	 reward -9.479	 ms 132.7	 loss -0.139779	 13.2s
Ep 624	 reward -9.511	 ms 133.2	 loss -0.120719	 13.5s
[vali @625] rel=0.8314 (best 0.8314)  N=130.2
Ep 625	 reward -9.525	 ms 133.3	 loss -0.104137	 22.8s
Ep 626	 reward -9.525	 ms 133.3	 loss -0.138975	 14.1s
Ep 627	 reward -9.579	 ms 134.1	 loss -0.129689	 12.9s
Ep 628	 reward -9.582	 ms 134.2	 loss -0.120514	 14.3s
Ep 629	 reward -9.489	 ms 132.8	 loss -0.146738	 14.3s
Ep 630	 reward -9.529	 ms 133.4	 loss -0.136591	 14.7s
Ep 631	 reward -9.536	 ms 133.5	 loss -0.133812	 15.3s
Ep 632	 reward -9.518	 ms 133.2	 loss -0.143331	 13.8s
Ep 633	 reward -9.475	 ms 132.7	 loss -0.121812	 12.4s
Ep 634	 reward -9.536	 ms 133.5	 loss -0.111317	 15.7s
Ep 635	 reward -9.564	 ms 133.9	 loss -0.087387	 14.4s
Ep 636	 reward -9.482	 ms 132.8	 loss -0.073135	 14.7s
Ep 637	 reward -9.504	 ms 133.1	 loss -0.132505	 13.0s
Ep 638	 reward -9.550	 ms 133.7	 loss -0.160142	 15.2s
Ep 639	 reward -9.446	 ms 132.2	 loss -0.126357	 14.3s
Ep 640	 reward -9.546	 ms 133.7	 loss -0.061417	 15.0s
Ep 641	 reward -9.700	 ms 135.8	 loss -0.025336	 12.8s
Ep 642	 reward -9.632	 ms 134.8	 loss 0.064473	 13.2s
Ep 643	 reward -9.679	 ms 135.5	 loss -0.109190	 12.8s
Ep 644	 reward -9.664	 ms 135.3	 loss -0.008549	 14.9s
Ep 645	 reward -9.714	 ms 136.0	 loss -0.015393	 13.6s
Ep 646	 reward -9.618	 ms 134.7	 loss -0.044182	 14.9s
Ep 647	 reward -9.671	 ms 135.4	 loss 0.033955	 14.3s
Ep 648	 reward -9.629	 ms 134.8	 loss 0.036062	 12.4s
Ep 649	 reward -9.704	 ms 135.8	 loss 0.047763	 13.2s
[vali @650] rel=0.8317 (best 0.8314)  N=130.2
Ep 650	 reward -9.664	 ms 135.3	 loss -0.022484	 20.3s
Ep 651	 reward -9.721	 ms 136.1	 loss 0.024569	 12.8s
Ep 652	 reward -9.689	 ms 135.7	 loss -0.042176	 13.5s
Ep 653	 reward -9.661	 ms 135.2	 loss 0.021505	 14.7s
Ep 654	 reward -9.632	 ms 134.8	 loss -0.010669	 14.9s
Ep 655	 reward -9.664	 ms 135.3	 loss 0.055269	 15.7s
Ep 656	 reward -9.675	 ms 135.4	 loss -0.035097	 17.8s
Ep 657	 reward -9.629	 ms 134.8	 loss -0.038766	 16.8s
Ep 658	 reward -9.657	 ms 135.2	 loss -0.016185	 16.6s
Ep 659	 reward -9.682	 ms 135.6	 loss -0.074978	 14.5s
Ep 660	 reward -9.696	 ms 135.8	 loss -0.048536	 14.9s
Ep 661	 reward -9.336	 ms 130.7	 loss 0.069521	 15.5s
Ep 662	 reward -9.318	 ms 130.4	 loss 0.089294	 15.9s
Ep 663	 reward -9.321	 ms 130.5	 loss 0.147772	 13.7s
Ep 664	 reward -9.375	 ms 131.2	 loss 0.106826	 16.2s
Ep 665	 reward -9.364	 ms 131.1	 loss 0.056467	 16.3s
Ep 666	 reward -9.382	 ms 131.3	 loss 0.161312	 17.2s
Ep 667	 reward -9.379	 ms 131.3	 loss 0.132946	 15.1s
Ep 668	 reward -9.425	 ms 131.9	 loss 0.028219	 17.6s
Ep 669	 reward -9.386	 ms 131.4	 loss 0.096570	 18.5s
Ep 670	 reward -9.450	 ms 132.3	 loss 0.158067	 13.1s
Ep 671	 reward -9.407	 ms 131.7	 loss 0.099451	 16.6s
Ep 672	 reward -9.450	 ms 132.3	 loss 0.124546	 15.4s
Ep 673	 reward -9.411	 ms 131.8	 loss 0.060185	 15.7s
Ep 674	 reward -9.421	 ms 131.9	 loss 0.049096	 14.3s
[vali @675] rel=0.8327 (best 0.8314)  N=130.4
Ep 675	 reward -9.454	 ms 132.3	 loss 0.130926	 28.9s
Ep 676	 reward -9.461	 ms 132.4	 loss 0.108850	 17.7s
Ep 677	 reward -9.389	 ms 131.4	 loss 0.034319	 15.4s
Ep 678	 reward -9.493	 ms 132.9	 loss 0.197730	 15.7s
Ep 679	 reward -9.357	 ms 131.0	 loss 0.045512	 15.9s
Ep 680	 reward -9.400	 ms 131.6	 loss 0.167908	 15.6s
Ep 681	 reward -9.721	 ms 136.1	 loss -0.078779	 14.4s
Ep 682	 reward -9.689	 ms 135.7	 loss -0.049748	 14.7s
Ep 683	 reward -9.625	 ms 134.8	 loss -0.072259	 15.2s
Ep 684	 reward -9.657	 ms 135.2	 loss -0.045832	 14.9s
Ep 685	 reward -9.614	 ms 134.6	 loss 0.001647	 16.1s
Ep 686	 reward -9.646	 ms 135.1	 loss -0.076847	 15.8s
Ep 687	 reward -9.579	 ms 134.1	 loss 0.015915	 17.9s
Ep 688	 reward -9.664	 ms 135.3	 loss 0.070152	 19.0s
Ep 689	 reward -9.579	 ms 134.1	 loss -0.079533	 16.5s
Ep 690	 reward -9.643	 ms 135.0	 loss 0.030998	 17.5s
Ep 691	 reward -9.646	 ms 135.1	 loss 0.001979	 17.8s
Ep 692	 reward -9.536	 ms 133.5	 loss -0.140478	 17.0s
Ep 693	 reward -9.636	 ms 134.9	 loss 0.013960	 16.9s
Ep 694	 reward -9.607	 ms 134.5	 loss -0.043558	 15.9s
Ep 695	 reward -9.632	 ms 134.8	 loss 0.048084	 18.0s
Ep 696	 reward -9.661	 ms 135.2	 loss -0.076955	 18.4s
Ep 697	 reward -9.607	 ms 134.5	 loss 0.029777	 18.6s
Ep 698	 reward -9.646	 ms 135.1	 loss 0.036987	 19.3s
Ep 699	 reward -9.593	 ms 134.3	 loss 0.027522	 18.0s
[vali @700] rel=0.8266 (best 0.8266)  N=129.4
Ep 700	 reward -9.543	 ms 133.6	 loss -0.048722	 27.2s
Ep 701	 reward -9.475	 ms 132.7	 loss 0.083421	 14.9s
Ep 702	 reward -9.525	 ms 133.3	 loss 0.019232	 15.5s
Ep 703	 reward -9.511	 ms 133.2	 loss 0.014945	 15.7s
Ep 704	 reward -9.493	 ms 132.9	 loss -0.054948	 18.3s
Ep 705	 reward -9.439	 ms 132.2	 loss -0.018046	 17.6s
Ep 706	 reward -9.464	 ms 132.5	 loss 0.050699	 17.4s
Ep 707	 reward -9.450	 ms 132.3	 loss 0.045422	 16.7s
Ep 708	 reward -9.418	 ms 131.8	 loss -0.106153	 16.6s
Ep 709	 reward -9.486	 ms 132.8	 loss -0.004119	 17.4s
Ep 710	 reward -9.486	 ms 132.8	 loss -0.054988	 14.7s
Ep 711	 reward -9.450	 ms 132.3	 loss 0.115087	 13.5s
Ep 712	 reward -9.493	 ms 132.9	 loss 0.010995	 16.0s
Ep 713	 reward -9.518	 ms 133.2	 loss 0.075682	 14.2s
Ep 714	 reward -9.436	 ms 132.1	 loss -0.066582	 16.3s
Ep 715	 reward -9.482	 ms 132.8	 loss -0.039153	 15.7s
Ep 716	 reward -9.550	 ms 133.7	 loss 0.057650	 15.5s
Ep 717	 reward -9.496	 ms 132.9	 loss 0.029773	 15.3s
Ep 718	 reward -9.514	 ms 133.2	 loss 0.073630	 16.5s
Ep 719	 reward -9.493	 ms 132.9	 loss 0.019525	 16.8s
Ep 720	 reward -9.468	 ms 132.6	 loss 0.051194	 16.7s
Ep 721	 reward -9.404	 ms 131.7	 loss -0.075822	 17.5s
Ep 722	 reward -9.357	 ms 131.0	 loss -0.078000	 14.0s
Ep 723	 reward -9.443	 ms 132.2	 loss -0.052449	 15.5s
Ep 724	 reward -9.375	 ms 131.2	 loss 0.061151	 18.6s
[vali @725] rel=0.8349 (best 0.8266)  N=130.8
Ep 725	 reward -9.350	 ms 130.9	 loss 0.017838	 27.7s
Ep 726	 reward -9.393	 ms 131.5	 loss 0.112026	 16.4s
Ep 727	 reward -9.436	 ms 132.1	 loss -0.021391	 18.4s
Ep 728	 reward -9.357	 ms 131.0	 loss 0.000899	 17.1s
Ep 729	 reward -9.386	 ms 131.4	 loss 0.028703	 17.9s
Ep 730	 reward -9.421	 ms 131.9	 loss -0.017378	 15.8s
Ep 731	 reward -9.400	 ms 131.6	 loss -0.053394	 17.9s
Ep 732	 reward -9.386	 ms 131.4	 loss -0.035941	 16.3s
Ep 733	 reward -9.432	 ms 132.1	 loss 0.092608	 17.5s
Ep 734	 reward -9.357	 ms 131.0	 loss -0.156670	 17.5s
Ep 735	 reward -9.443	 ms 132.2	 loss 0.055129	 15.7s
Ep 736	 reward -9.407	 ms 131.7	 loss 0.008358	 12.8s
Ep 737	 reward -9.411	 ms 131.8	 loss 0.011496	 16.4s
Ep 738	 reward -9.386	 ms 131.4	 loss -0.017293	 15.7s
Ep 739	 reward -9.450	 ms 132.3	 loss -0.086913	 15.4s
Ep 740	 reward -9.457	 ms 132.4	 loss -0.081039	 16.7s
Ep 741	 reward -9.571	 ms 134.0	 loss 0.029496	 16.4s
Ep 742	 reward -9.486	 ms 132.8	 loss 0.120238	 17.2s
Ep 743	 reward -9.518	 ms 133.2	 loss 0.065969	 15.6s
Ep 744	 reward -9.407	 ms 131.7	 loss -0.014457	 16.5s
Ep 745	 reward -9.500	 ms 133.0	 loss -0.002038	 15.8s
Ep 746	 reward -9.468	 ms 132.6	 loss -0.100522	 14.7s
Ep 747	 reward -9.500	 ms 133.0	 loss 0.009583	 17.7s
Ep 748	 reward -9.489	 ms 132.8	 loss 0.064480	 16.8s
Ep 749	 reward -9.486	 ms 132.8	 loss 0.023729	 17.2s
[vali @750] rel=0.8337 (best 0.8266)  N=130.6
Ep 750	 reward -9.425	 ms 131.9	 loss 0.105915	 31.5s
Ep 751	 reward -9.500	 ms 133.0	 loss 0.032152	 14.9s
Ep 752	 reward -9.443	 ms 132.2	 loss 0.051215	 16.3s
Ep 753	 reward -9.489	 ms 132.8	 loss 0.040100	 18.4s
Ep 754	 reward -9.439	 ms 132.2	 loss 0.082492	 15.3s
Ep 755	 reward -9.354	 ms 130.9	 loss 0.010994	 15.7s
Ep 756	 reward -9.379	 ms 131.3	 loss 0.156539	 16.6s
Ep 757	 reward -9.414	 ms 131.8	 loss -0.006709	 17.2s
Ep 758	 reward -9.443	 ms 132.2	 loss 0.135508	 16.4s
Ep 759	 reward -9.464	 ms 132.5	 loss 0.082650	 16.7s
Ep 760	 reward -9.446	 ms 132.2	 loss -0.003447	 16.8s
Ep 761	 reward -9.450	 ms 132.3	 loss -0.008502	 17.6s
Ep 762	 reward -9.475	 ms 132.7	 loss 0.004957	 16.8s
Ep 763	 reward -9.550	 ms 133.7	 loss 0.029912	 16.7s
Ep 764	 reward -9.525	 ms 133.3	 loss -0.018552	 15.8s
Ep 765	 reward -9.557	 ms 133.8	 loss 0.043295	 15.1s
Ep 766	 reward -9.561	 ms 133.8	 loss 0.035207	 19.1s
Ep 767	 reward -9.518	 ms 133.2	 loss 0.096704	 14.6s
Ep 768	 reward -9.536	 ms 133.5	 loss 0.057223	 16.5s
Ep 769	 reward -9.593	 ms 134.3	 loss 0.096388	 16.1s
Ep 770	 reward -9.596	 ms 134.3	 loss 0.064968	 16.2s
Ep 771	 reward -9.532	 ms 133.4	 loss 0.064840	 16.4s
Ep 772	 reward -9.479	 ms 132.7	 loss 0.082168	 15.5s
Ep 773	 reward -9.568	 ms 133.9	 loss 0.091080	 17.4s
Ep 774	 reward -9.511	 ms 133.2	 loss 0.107866	 16.3s
[vali @775] rel=0.8397 (best 0.8266)  N=131.5
Ep 775	 reward -9.604	 ms 134.4	 loss 0.137532	 28.8s
Ep 776	 reward -9.575	 ms 134.1	 loss 0.067057	 15.5s
Ep 777	 reward -9.575	 ms 134.1	 loss 0.054777	 17.9s
Ep 778	 reward -9.504	 ms 133.1	 loss 0.044614	 15.9s
Ep 779	 reward -9.561	 ms 133.8	 loss 0.113246	 15.5s
Ep 780	 reward -9.568	 ms 133.9	 loss 0.042837	 16.5s
Ep 781	 reward -9.471	 ms 132.6	 loss 0.108837	 15.7s
Ep 782	 reward -9.514	 ms 133.2	 loss 0.150975	 15.0s
Ep 783	 reward -9.450	 ms 132.3	 loss -0.025019	 15.8s
Ep 784	 reward -9.429	 ms 132.0	 loss 0.092987	 17.3s
Ep 785	 reward -9.486	 ms 132.8	 loss 0.142439	 14.5s
Ep 786	 reward -9.404	 ms 131.7	 loss 0.053838	 16.1s
Ep 787	 reward -9.443	 ms 132.2	 loss 0.078857	 16.0s
Ep 788	 reward -9.371	 ms 131.2	 loss 0.076089	 15.1s
Ep 789	 reward -9.411	 ms 131.8	 loss 0.096093	 15.0s
Ep 790	 reward -9.404	 ms 131.7	 loss 0.103614	 15.9s
Ep 791	 reward -9.396	 ms 131.6	 loss 0.102472	 16.1s
Ep 792	 reward -9.443	 ms 132.2	 loss -0.044451	 15.8s
Ep 793	 reward -9.429	 ms 132.0	 loss 0.143721	 13.7s
Ep 794	 reward -9.468	 ms 132.6	 loss 0.053952	 15.6s
Ep 795	 reward -9.457	 ms 132.4	 loss 0.086585	 15.6s
Ep 796	 reward -9.450	 ms 132.3	 loss 0.119375	 15.1s
Ep 797	 reward -9.432	 ms 132.1	 loss 0.068656	 16.0s
Ep 798	 reward -9.471	 ms 132.6	 loss 0.123136	 15.5s
Ep 799	 reward -9.521	 ms 133.3	 loss 0.099554	 13.1s
[vali @800] rel=0.8346 (best 0.8266)  N=130.7
Ep 800	 reward -9.443	 ms 132.2	 loss 0.126243	 25.1s
Ep 801	 reward -9.518	 ms 133.2	 loss -0.066194	 14.1s
Ep 802	 reward -9.507	 ms 133.1	 loss 0.020940	 13.1s
Ep 803	 reward -9.511	 ms 133.2	 loss 0.098108	 14.4s
Ep 804	 reward -9.454	 ms 132.3	 loss 0.069857	 14.9s
Ep 805	 reward -9.436	 ms 132.1	 loss 0.000566	 13.0s
Ep 806	 reward -9.500	 ms 133.0	 loss 0.066725	 15.9s
Ep 807	 reward -9.504	 ms 133.1	 loss 0.048501	 14.9s
Ep 808	 reward -9.464	 ms 132.5	 loss -0.051171	 16.5s
Ep 809	 reward -9.514	 ms 133.2	 loss 0.111873	 14.7s
Ep 810	 reward -9.396	 ms 131.6	 loss 0.092102	 12.8s
Ep 811	 reward -9.404	 ms 131.7	 loss 0.019324	 12.7s
Ep 812	 reward -9.400	 ms 131.6	 loss 0.078608	 14.3s
Ep 813	 reward -9.446	 ms 132.2	 loss 0.064822	 13.2s
Ep 814	 reward -9.368	 ms 131.2	 loss 0.013358	 13.5s
Ep 815	 reward -9.375	 ms 131.2	 loss 0.061924	 14.1s
Ep 816	 reward -9.389	 ms 131.4	 loss -0.025837	 15.1s
Ep 817	 reward -9.411	 ms 131.8	 loss -0.006867	 14.9s
Ep 818	 reward -9.425	 ms 131.9	 loss 0.057898	 12.6s
Ep 819	 reward -9.407	 ms 131.7	 loss -0.081086	 14.0s
Ep 820	 reward -9.421	 ms 131.9	 loss 0.062255	 14.5s
Ep 821	 reward -9.382	 ms 131.3	 loss 0.040942	 14.3s
Ep 822	 reward -9.443	 ms 132.2	 loss 0.048857	 15.6s
Ep 823	 reward -9.343	 ms 130.8	 loss 0.018024	 16.2s
Ep 824	 reward -9.321	 ms 130.5	 loss -0.007393	 13.6s
[vali @825] rel=0.8337 (best 0.8266)  N=130.6
Ep 825	 reward -9.361	 ms 131.1	 loss 0.018985	 22.9s
Ep 826	 reward -9.350	 ms 130.9	 loss -0.097660	 15.8s
Ep 827	 reward -9.332	 ms 130.7	 loss -0.079979	 13.7s
Ep 828	 reward -9.296	 ms 130.2	 loss 0.059030	 13.7s
Ep 829	 reward -9.304	 ms 130.2	 loss -0.003349	 14.3s
Ep 830	 reward -9.396	 ms 131.6	 loss -0.061313	 17.8s
Ep 831	 reward -9.368	 ms 131.2	 loss -0.022842	 12.4s
Ep 832	 reward -9.404	 ms 131.7	 loss 0.063770	 16.0s
Ep 833	 reward -9.311	 ms 130.3	 loss -0.043384	 12.2s
Ep 834	 reward -9.336	 ms 130.7	 loss -0.045775	 13.6s
Ep 835	 reward -9.375	 ms 131.2	 loss -0.056680	 14.5s
Ep 836	 reward -9.382	 ms 131.3	 loss 0.001530	 15.0s
Ep 837	 reward -9.296	 ms 130.2	 loss 0.022858	 14.0s
Ep 838	 reward -9.307	 ms 130.3	 loss 0.004245	 14.1s
Ep 839	 reward -9.354	 ms 130.9	 loss -0.024385	 13.3s
Ep 840	 reward -9.357	 ms 131.0	 loss -0.026289	 15.6s
Ep 841	 reward -9.421	 ms 131.9	 loss 0.042572	 14.8s
Ep 842	 reward -9.411	 ms 131.8	 loss 0.038025	 12.6s
Ep 843	 reward -9.479	 ms 132.7	 loss -0.006169	 14.6s
Ep 844	 reward -9.429	 ms 132.0	 loss 0.080557	 15.8s
Ep 845	 reward -9.421	 ms 131.9	 loss 0.045070	 14.4s
Ep 846	 reward -9.404	 ms 131.7	 loss 0.029684	 13.8s
Ep 847	 reward -9.407	 ms 131.7	 loss 0.125559	 14.5s
Ep 848	 reward -9.468	 ms 132.6	 loss 0.044205	 12.7s
Ep 849	 reward -9.418	 ms 131.8	 loss 0.096084	 15.8s
[vali @850] rel=0.8375 (best 0.8266)  N=131.2
Ep 850	 reward -9.421	 ms 131.9	 loss 0.027839	 25.3s
Ep 851	 reward -9.343	 ms 130.8	 loss 0.087172	 14.6s
Ep 852	 reward -9.457	 ms 132.4	 loss 0.011412	 15.0s
Ep 853	 reward -9.464	 ms 132.5	 loss 0.077925	 13.2s
Ep 854	 reward -9.489	 ms 132.8	 loss 0.156700	 14.9s
Ep 855	 reward -9.489	 ms 132.8	 loss 0.059612	 14.3s
Ep 856	 reward -9.482	 ms 132.8	 loss -0.053959	 15.8s
Ep 857	 reward -9.514	 ms 133.2	 loss 0.124520	 13.2s
Ep 858	 reward -9.525	 ms 133.3	 loss 0.067911	 14.1s
Ep 859	 reward -9.543	 ms 133.6	 loss 0.064944	 14.4s
Ep 860	 reward -9.482	 ms 132.8	 loss -0.010136	 16.4s
Ep 861	 reward -9.389	 ms 131.4	 loss -0.049337	 15.2s
Ep 862	 reward -9.379	 ms 131.3	 loss 0.093938	 14.9s
Ep 863	 reward -9.393	 ms 131.5	 loss 0.044296	 13.0s
Ep 864	 reward -9.418	 ms 131.8	 loss -0.020615	 13.8s
Ep 865	 reward -9.461	 ms 132.4	 loss -0.077902	 14.9s
Ep 866	 reward -9.479	 ms 132.7	 loss -0.036928	 12.4s
Ep 867	 reward -9.432	 ms 132.1	 loss -0.078253	 13.2s
Ep 868	 reward -9.479	 ms 132.7	 loss 0.062904	 12.2s
Ep 869	 reward -9.439	 ms 132.2	 loss -0.066437	 12.6s
Ep 870	 reward -9.439	 ms 132.2	 loss 0.092758	 12.0s
Ep 871	 reward -9.407	 ms 131.7	 loss -0.003468	 11.7s
Ep 872	 reward -9.418	 ms 131.8	 loss -0.044194	 11.8s
Ep 873	 reward -9.475	 ms 132.7	 loss 0.006142	 11.2s
Ep 874	 reward -9.325	 ms 130.6	 loss 0.063720	 10.9s
[vali @875] rel=0.8413 (best 0.8266)  N=131.8
Ep 875	 reward -9.396	 ms 131.6	 loss -0.114038	 18.9s
Ep 876	 reward -9.429	 ms 132.0	 loss -0.077572	 11.0s
Ep 877	 reward -9.418	 ms 131.8	 loss -0.083247	 11.1s
Ep 878	 reward -9.432	 ms 132.1	 loss 0.030340	 10.8s
Ep 879	 reward -9.386	 ms 131.4	 loss -0.073901	 11.3s
Ep 880	 reward -9.396	 ms 131.6	 loss 0.066327	 11.3s
Ep 881	 reward -9.461	 ms 132.4	 loss -0.050251	 11.2s
Ep 882	 reward -9.450	 ms 132.3	 loss -0.014825	 11.3s
Ep 883	 reward -9.414	 ms 131.8	 loss -0.061923	 12.0s
Ep 884	 reward -9.411	 ms 131.8	 loss -0.022356	 11.2s
Ep 885	 reward -9.414	 ms 131.8	 loss -0.110616	 11.5s
Ep 886	 reward -9.439	 ms 132.2	 loss -0.008617	 11.2s
Ep 887	 reward -9.457	 ms 132.4	 loss 0.052635	 10.8s
Ep 888	 reward -9.404	 ms 131.7	 loss 0.028557	 11.7s
Ep 889	 reward -9.421	 ms 131.9	 loss 0.076493	 11.5s
Ep 890	 reward -9.393	 ms 131.5	 loss 0.000683	 10.8s
Ep 891	 reward -9.411	 ms 131.8	 loss 0.102127	 11.4s
Ep 892	 reward -9.464	 ms 132.5	 loss 0.028203	 11.7s
Ep 893	 reward -9.368	 ms 131.2	 loss 0.045253	 11.1s
Ep 894	 reward -9.432	 ms 132.1	 loss 0.109652	 11.7s
Ep 895	 reward -9.425	 ms 131.9	 loss 0.044994	 12.1s
Ep 896	 reward -9.368	 ms 131.2	 loss 0.055014	 11.7s
Ep 897	 reward -9.404	 ms 131.7	 loss -0.083636	 11.3s
Ep 898	 reward -9.439	 ms 132.2	 loss 0.065920	 12.7s
Ep 899	 reward -9.379	 ms 131.3	 loss 0.091554	 11.4s
[vali @900] rel=0.8289 (best 0.8266)  N=129.8
Ep 900	 reward -9.382	 ms 131.3	 loss 0.076958	 19.4s
Ep 901	 reward -9.286	 ms 130.0	 loss 0.120318	 11.6s
Ep 902	 reward -9.329	 ms 130.6	 loss 0.057045	 11.4s
Ep 903	 reward -9.282	 ms 129.9	 loss 0.001484	 11.5s
Ep 904	 reward -9.239	 ms 129.3	 loss 0.095172	 10.9s
Ep 905	 reward -9.321	 ms 130.5	 loss 0.107873	 11.6s
Ep 906	 reward -9.293	 ms 130.1	 loss 0.126551	 11.6s
Ep 907	 reward -9.329	 ms 130.6	 loss 0.093904	 12.5s
Ep 908	 reward -9.311	 ms 130.3	 loss 0.110683	 11.8s
Ep 909	 reward -9.279	 ms 129.9	 loss -0.031533	 11.7s
Ep 910	 reward -9.304	 ms 130.2	 loss 0.046212	 12.2s
Ep 911	 reward -9.254	 ms 129.6	 loss 0.064078	 11.9s
Ep 912	 reward -9.289	 ms 130.1	 loss 0.073479	 12.1s
Ep 913	 reward -9.221	 ms 129.1	 loss 0.116189	 11.7s
Ep 914	 reward -9.268	 ms 129.8	 loss -0.067642	 11.4s
Ep 915	 reward -9.289	 ms 130.1	 loss 0.007086	 10.5s
Ep 916	 reward -9.268	 ms 129.8	 loss 0.075347	 12.0s
Ep 917	 reward -9.257	 ms 129.6	 loss 0.130381	 11.8s
Ep 918	 reward -9.289	 ms 130.1	 loss 0.086055	 12.1s
Ep 919	 reward -9.332	 ms 130.7	 loss -0.012583	 11.1s
Ep 920	 reward -9.286	 ms 130.0	 loss -0.041203	 11.5s
Ep 921	 reward -9.271	 ms 129.8	 loss 0.095032	 11.0s
Ep 922	 reward -9.293	 ms 130.1	 loss -0.007029	 11.2s
Ep 923	 reward -9.264	 ms 129.7	 loss 0.032041	 12.0s
Ep 924	 reward -9.311	 ms 130.3	 loss 0.061997	 11.3s
[vali @925] rel=0.8330 (best 0.8266)  N=130.4
Ep 925	 reward -9.311	 ms 130.3	 loss 0.085600	 17.7s
Ep 926	 reward -9.293	 ms 130.1	 loss 0.040174	 11.2s
Ep 927	 reward -9.236	 ms 129.3	 loss -0.015727	 12.3s
Ep 928	 reward -9.286	 ms 130.0	 loss -0.000069	 12.0s
Ep 929	 reward -9.336	 ms 130.7	 loss 0.055242	 11.8s
Ep 930	 reward -9.307	 ms 130.3	 loss 0.113019	 11.3s
Ep 931	 reward -9.279	 ms 129.9	 loss 0.015290	 11.8s
Ep 932	 reward -9.307	 ms 130.3	 loss 0.002437	 11.2s
Ep 933	 reward -9.289	 ms 130.1	 loss 0.049397	 11.2s
Ep 934	 reward -9.300	 ms 130.2	 loss 0.049748	 11.8s
Ep 935	 reward -9.400	 ms 131.6	 loss 0.088922	 11.8s
Ep 936	 reward -9.368	 ms 131.2	 loss 0.016015	 12.0s
Ep 937	 reward -9.311	 ms 130.3	 loss -0.020362	 12.2s
Ep 938	 reward -9.300	 ms 130.2	 loss 0.067655	 11.2s
Ep 939	 reward -9.364	 ms 131.1	 loss 0.085996	 11.6s
Ep 940	 reward -9.339	 ms 130.8	 loss 0.045151	 12.0s
Ep 941	 reward -9.450	 ms 132.3	 loss -0.109634	 11.1s
Ep 942	 reward -9.425	 ms 131.9	 loss -0.048382	 11.4s
Ep 943	 reward -9.393	 ms 131.5	 loss 0.133964	 11.6s
Ep 944	 reward -9.450	 ms 132.3	 loss -0.117191	 11.0s
Ep 945	 reward -9.486	 ms 132.8	 loss -0.015072	 11.5s
Ep 946	 reward -9.511	 ms 133.2	 loss -0.097764	 11.3s
Ep 947	 reward -9.521	 ms 133.3	 loss -0.128563	 11.7s
Ep 948	 reward -9.468	 ms 132.6	 loss -0.060922	 11.6s
Ep 949	 reward -9.507	 ms 133.1	 loss 0.009516	 11.3s
[vali @950] rel=0.8305 (best 0.8266)  N=130.1
Ep 950	 reward -9.489	 ms 132.8	 loss -0.096332	 19.3s
Ep 951	 reward -9.486	 ms 132.8	 loss -0.096550	 11.5s
Ep 952	 reward -9.439	 ms 132.2	 loss -0.074222	 12.2s
Ep 953	 reward -9.489	 ms 132.8	 loss -0.120123	 11.4s
Ep 954	 reward -9.486	 ms 132.8	 loss -0.072446	 12.3s
Ep 955	 reward -9.482	 ms 132.8	 loss -0.066236	 13.9s
Ep 956	 reward -9.518	 ms 133.2	 loss 0.011273	 12.2s
Ep 957	 reward -9.493	 ms 132.9	 loss -0.068724	 14.5s
Ep 958	 reward -9.479	 ms 132.7	 loss -0.124651	 12.2s
Ep 959	 reward -9.561	 ms 133.8	 loss -0.073493	 10.9s
Ep 960	 reward -9.532	 ms 133.4	 loss -0.001092	 11.7s
Ep 961	 reward -9.536	 ms 133.5	 loss 0.064306	 12.8s
Ep 962	 reward -9.436	 ms 132.1	 loss -0.027778	 13.5s
Ep 963	 reward -9.411	 ms 131.8	 loss -0.012572	 11.2s
Ep 964	 reward -9.450	 ms 132.3	 loss 0.022761	 14.2s
Ep 965	 reward -9.454	 ms 132.3	 loss -0.066252	 12.5s
Ep 966	 reward -9.432	 ms 132.1	 loss 0.045121	 11.1s
Ep 967	 reward -9.496	 ms 132.9	 loss 0.037622	 12.1s
Ep 968	 reward -9.486	 ms 132.8	 loss -0.019925	 12.3s
Ep 969	 reward -9.475	 ms 132.7	 loss -0.035184	 11.0s
Ep 970	 reward -9.511	 ms 133.2	 loss 0.003780	 12.4s
Ep 971	 reward -9.457	 ms 132.4	 loss -0.029027	 11.2s
Ep 972	 reward -9.471	 ms 132.6	 loss 0.045976	 11.4s
Ep 973	 reward -9.454	 ms 132.3	 loss 0.044314	 12.3s
Ep 974	 reward -9.457	 ms 132.4	 loss 0.048228	 13.5s
[vali @975] rel=0.8378 (best 0.8266)  N=131.2
Ep 975	 reward -9.475	 ms 132.7	 loss 0.090484	 22.1s
Ep 976	 reward -9.446	 ms 132.2	 loss -0.029396	 12.7s
Ep 977	 reward -9.436	 ms 132.1	 loss 0.021305	 12.5s
Ep 978	 reward -9.457	 ms 132.4	 loss 0.016809	 11.7s
Ep 979	 reward -9.446	 ms 132.2	 loss -0.050170	 12.1s
Ep 980	 reward -9.439	 ms 132.2	 loss -0.044783	 12.7s
Ep 981	 reward -9.411	 ms 131.8	 loss 0.072058	 10.7s
Ep 982	 reward -9.404	 ms 131.7	 loss 0.051632	 12.2s
Ep 983	 reward -9.393	 ms 131.5	 loss -0.019960	 11.2s
Ep 984	 reward -9.396	 ms 131.6	 loss 0.051977	 11.5s
Ep 985	 reward -9.346	 ms 130.8	 loss 0.040400	 11.5s
Ep 986	 reward -9.404	 ms 131.7	 loss 0.072390	 11.8s
Ep 987	 reward -9.482	 ms 132.8	 loss -0.006107	 11.9s
Ep 988	 reward -9.414	 ms 131.8	 loss -0.010898	 10.6s
Ep 989	 reward -9.432	 ms 132.1	 loss 0.014263	 11.5s
Ep 990	 reward -9.411	 ms 131.8	 loss 0.098363	 11.9s
Ep 991	 reward -9.386	 ms 131.4	 loss 0.118403	 10.9s
Ep 992	 reward -9.432	 ms 132.1	 loss 0.050567	 11.4s
Ep 993	 reward -9.389	 ms 131.4	 loss 0.093416	 11.2s
Ep 994	 reward -9.425	 ms 131.9	 loss 0.093527	 11.3s
Ep 995	 reward -9.325	 ms 130.6	 loss 0.039048	 11.2s
Ep 996	 reward -9.375	 ms 131.2	 loss 0.036051	 11.4s
Ep 997	 reward -9.396	 ms 131.6	 loss 0.092927	 11.3s
Ep 998	 reward -9.443	 ms 132.2	 loss -0.053219	 11.4s
Ep 999	 reward -9.400	 ms 131.6	 loss -0.031778	 11.7s
[vali @1000] rel=0.8327 (best 0.8266)  N=130.4
Ep 1000	 reward -9.361	 ms 131.1	 loss 0.076840	 19.1s
[train_family] done in 3.84 h; best rel=0.8266
