[vali] MWKR norms: LS=305.9
[model] params total=32786  film=0 (0.00%)
[train_family] model=10x25+family+spec-LS-s302 regimes=['LS'] updates=1000
Ep 1	 reward -20.011	 ms 280.1	 loss 0.751179	 46.9s
Ep 2	 reward -20.229	 ms 283.2	 loss 0.582915	 41.6s
Ep 3	 reward -19.979	 ms 279.7	 loss 0.424647	 39.9s
Ep 4	 reward -20.221	 ms 283.1	 loss 0.439542	 43.9s
Ep 5	 reward -20.146	 ms 282.1	 loss 0.460082	 42.9s
Ep 6	 reward -19.911	 ms 278.8	 loss 0.565517	 38.1s
Ep 7	 reward -20.021	 ms 280.3	 loss 0.386931	 38.6s
Ep 8	 reward -19.904	 ms 278.6	 loss 0.493162	 41.5s
Ep 9	 reward -20.086	 ms 281.2	 loss 0.239237	 40.0s
Ep 10	 reward -20.104	 ms 281.4	 loss 0.515454	 43.8s
Ep 11	 reward -19.946	 ms 279.2	 loss 0.577021	 43.9s
Ep 12	 reward -19.893	 ms 278.5	 loss 0.376395	 45.4s
Ep 13	 reward -19.964	 ms 279.5	 loss 0.548715	 42.1s
Ep 14	 reward -20.193	 ms 282.7	 loss 0.412396	 45.3s
Ep 15	 reward -20.161	 ms 282.2	 loss 0.336384	 47.0s
Ep 16	 reward -20.168	 ms 282.4	 loss 0.358017	 45.5s
Ep 17	 reward -19.911	 ms 278.8	 loss 0.471951	 45.9s
Ep 18	 reward -19.800	 ms 277.2	 loss 0.379053	 46.1s
Ep 19	 reward -20.132	 ms 281.9	 loss 0.447164	 43.5s
Ep 20	 reward -19.943	 ms 279.2	 loss 0.192411	 47.0s
Ep 21	 reward -19.982	 ms 279.8	 loss 0.138394	 40.6s
Ep 22	 reward -20.061	 ms 280.9	 loss 0.354805	 42.2s
Ep 23	 reward -20.021	 ms 280.3	 loss 0.414797	 42.3s
Ep 24	 reward -20.011	 ms 280.1	 loss 0.365849	 41.8s
[vali @25] rel=0.8915 (best 0.8915)  LS=272.6
Ep 25	 reward -20.121	 ms 281.7	 loss 0.394246	 85.3s
Ep 26	 reward -19.961	 ms 279.4	 loss 0.407265	 45.6s
Ep 27	 reward -20.025	 ms 280.4	 loss 0.509544	 46.5s
Ep 28	 reward -20.132	 ms 281.9	 loss 0.347334	 47.3s
Ep 29	 reward -20.271	 ms 283.8	 loss 0.367440	 44.7s
Ep 30	 reward -20.054	 ms 280.8	 loss 0.300699	 45.3s
Ep 31	 reward -20.082	 ms 281.1	 loss 0.351985	 43.9s
Ep 32	 reward -20.200	 ms 282.8	 loss 0.414339	 40.7s
Ep 33	 reward -20.082	 ms 281.1	 loss 0.424027	 39.2s
Ep 34	 reward -19.821	 ms 277.5	 loss 0.358815	 38.6s
Ep 35	 reward -19.961	 ms 279.4	 loss 0.428317	 38.5s
Ep 36	 reward -19.957	 ms 279.4	 loss 0.383130	 38.4s
Ep 37	 reward -20.114	 ms 281.6	 loss 0.361066	 36.2s
Ep 38	 reward -20.189	 ms 282.6	 loss 0.395780	 38.2s
Ep 39	 reward -19.893	 ms 278.5	 loss 0.353402	 38.1s
Ep 40	 reward -20.207	 ms 282.9	 loss 0.183703	 35.5s
Ep 41	 reward -20.364	 ms 285.1	 loss 0.408329	 37.5s
Ep 42	 reward -20.329	 ms 284.6	 loss 0.348989	 37.7s
Ep 43	 reward -20.371	 ms 285.2	 loss 0.178194	 37.3s
Ep 44	 reward -20.436	 ms 286.1	 loss 0.350697	 36.6s
Ep 45	 reward -20.339	 ms 284.8	 loss 0.363757	 40.0s
Ep 46	 reward -20.300	 ms 284.2	 loss 0.357096	 37.7s
Ep 47	 reward -20.500	 ms 287.0	 loss 0.260683	 38.6s
Ep 48	 reward -20.246	 ms 283.4	 loss 0.312633	 40.2s
Ep 49	 reward -20.200	 ms 282.8	 loss 0.205739	 39.7s
[vali @50] rel=0.9071 (best 0.8915)  LS=277.4
Ep 50	 reward -20.261	 ms 283.6	 loss 0.230602	 73.1s
Ep 51	 reward -20.354	 ms 284.9	 loss 0.286238	 36.6s
Ep 52	 reward -20.204	 ms 282.9	 loss 0.340494	 36.0s
Ep 53	 reward -20.196	 ms 282.8	 loss 0.208899	 37.6s
Ep 54	 reward -20.300	 ms 284.2	 loss 0.241316	 36.7s
Ep 55	 reward -20.168	 ms 282.4	 loss 0.336913	 39.0s
Ep 56	 reward -20.279	 ms 283.9	 loss 0.193638	 38.3s
Ep 57	 reward -20.329	 ms 284.6	 loss 0.190381	 37.5s
Ep 58	 reward -20.396	 ms 285.6	 loss 0.266931	 40.8s
Ep 59	 reward -20.500	 ms 287.0	 loss 0.409124	 40.3s
Ep 60	 reward -20.336	 ms 284.7	 loss 0.266353	 42.7s
Ep 61	 reward -20.111	 ms 281.6	 loss 0.213563	 44.8s
Ep 62	 reward -19.986	 ms 279.8	 loss 0.168013	 43.0s
Ep 63	 reward -20.079	 ms 281.1	 loss 0.158430	 45.4s
Ep 64	 reward -20.136	 ms 281.9	 loss 0.146469	 44.3s
Ep 65	 reward -20.089	 ms 281.2	 loss 0.212912	 39.3s
Ep 66	 reward -19.925	 ms 278.9	 loss 0.166615	 40.5s
Ep 67	 reward -19.921	 ms 278.9	 loss 0.200059	 43.4s
Ep 68	 reward -19.979	 ms 279.7	 loss 0.180046	 40.3s
Ep 69	 reward -19.886	 ms 278.4	 loss 0.202026	 41.0s
Ep 70	 reward -19.925	 ms 278.9	 loss 0.187513	 40.4s
Ep 71	 reward -19.793	 ms 277.1	 loss 0.162587	 38.8s
Ep 72	 reward -19.932	 ms 279.1	 loss 0.214099	 40.7s
Ep 73	 reward -19.814	 ms 277.4	 loss 0.118938	 46.8s
Ep 74	 reward -19.836	 ms 277.7	 loss 0.158353	 39.2s
[vali @75] rel=0.8898 (best 0.8898)  LS=272.1
Ep 75	 reward -19.771	 ms 276.8	 loss 0.195038	 85.7s
Ep 76	 reward -19.854	 ms 277.9	 loss 0.209110	 41.6s
Ep 77	 reward -19.757	 ms 276.6	 loss 0.203964	 43.8s
Ep 78	 reward -19.786	 ms 277.0	 loss 0.111214	 41.4s
Ep 79	 reward -19.896	 ms 278.6	 loss 0.103456	 39.7s
Ep 80	 reward -19.864	 ms 278.1	 loss 0.100496	 43.8s
Ep 81	 reward -19.846	 ms 277.9	 loss 0.445725	 39.1s
Ep 82	 reward -19.946	 ms 279.2	 loss 0.444939	 41.9s
Ep 83	 reward -19.850	 ms 277.9	 loss 0.373909	 39.9s
Ep 84	 reward -19.893	 ms 278.5	 loss 0.431888	 39.0s
Ep 85	 reward -20.079	 ms 281.1	 loss 0.416707	 41.4s
Ep 86	 reward -19.911	 ms 278.8	 loss 0.355385	 41.7s
Ep 87	 reward -19.604	 ms 274.4	 loss 0.285930	 45.5s
Ep 88	 reward -19.675	 ms 275.4	 loss 0.332551	 43.0s
Ep 89	 reward -19.614	 ms 274.6	 loss 0.353718	 40.8s
Ep 90	 reward -19.686	 ms 275.6	 loss 0.354432	 41.5s
Ep 91	 reward -19.511	 ms 273.1	 loss 0.381663	 40.4s
Ep 92	 reward -19.739	 ms 276.4	 loss 0.179428	 43.4s
Ep 93	 reward -19.782	 ms 276.9	 loss 0.409582	 42.8s
Ep 94	 reward -19.768	 ms 276.8	 loss 0.375812	 38.3s
Ep 95	 reward -19.811	 ms 277.4	 loss 0.327829	 42.4s
Ep 96	 reward -19.789	 ms 277.1	 loss 0.372101	 38.7s
Ep 97	 reward -19.607	 ms 274.5	 loss 0.380079	 40.7s
Ep 98	 reward -19.925	 ms 278.9	 loss 0.413705	 43.3s
Ep 99	 reward -19.736	 ms 276.3	 loss 0.400440	 36.8s
[vali @100] rel=0.8895 (best 0.8895)  LS=272.1
Ep 100	 reward -19.725	 ms 276.1	 loss 0.315000	 78.1s
Ep 101	 reward -19.507	 ms 273.1	 loss 0.393776	 44.6s
Ep 102	 reward -19.596	 ms 274.4	 loss 0.111246	 46.3s
Ep 103	 reward -19.607	 ms 274.5	 loss 0.137500	 42.0s
Ep 104	 reward -19.621	 ms 274.7	 loss 0.182728	 41.1s
Ep 105	 reward -19.625	 ms 274.8	 loss 0.188955	 42.4s
Ep 106	 reward -19.482	 ms 272.8	 loss 0.260756	 40.2s
Ep 107	 reward -19.661	 ms 275.2	 loss 0.249188	 37.8s
Ep 108	 reward -19.450	 ms 272.3	 loss 0.311518	 39.2s
Ep 109	 reward -19.586	 ms 274.2	 loss 0.353410	 37.3s
Ep 110	 reward -19.611	 ms 274.6	 loss 0.275313	 43.5s
Ep 111	 reward -19.482	 ms 272.8	 loss 0.030185	 44.8s
Ep 112	 reward -19.679	 ms 275.5	 loss 0.353620	 41.7s
Ep 113	 reward -19.511	 ms 273.1	 loss 0.355266	 41.2s
Ep 114	 reward -19.450	 ms 272.3	 loss 0.411432	 39.9s
Ep 115	 reward -19.575	 ms 274.1	 loss 0.177220	 46.3s
Ep 116	 reward -19.489	 ms 272.9	 loss 0.256932	 43.5s
Ep 117	 reward -19.479	 ms 272.7	 loss 0.363858	 43.6s
Ep 118	 reward -19.596	 ms 274.4	 loss 0.281785	 44.3s
Ep 119	 reward -19.525	 ms 273.4	 loss 0.197141	 44.2s
Ep 120	 reward -19.511	 ms 273.1	 loss 0.246153	 38.8s
Ep 121	 reward -20.239	 ms 283.4	 loss 0.620321	 41.5s
Ep 122	 reward -20.136	 ms 281.9	 loss 0.627526	 40.3s
Ep 123	 reward -20.125	 ms 281.8	 loss 0.661874	 39.7s
Ep 124	 reward -20.054	 ms 280.8	 loss 0.487575	 38.0s
[vali @125] rel=0.8929 (best 0.8895)  LS=273.1
Ep 125	 reward -20.082	 ms 281.1	 loss 0.417272	 76.7s
Ep 126	 reward -20.161	 ms 282.2	 loss 0.422332	 43.3s
Ep 127	 reward -20.161	 ms 282.2	 loss 0.499342	 41.5s
Ep 128	 reward -20.207	 ms 282.9	 loss 0.504099	 41.6s
Ep 129	 reward -20.282	 ms 283.9	 loss 0.444907	 41.3s
Ep 130	 reward -20.193	 ms 282.7	 loss 0.489780	 41.6s
Ep 131	 reward -20.061	 ms 280.9	 loss 0.570688	 40.7s
Ep 132	 reward -20.071	 ms 281.0	 loss 0.393631	 39.1s
Ep 133	 reward -20.204	 ms 282.9	 loss 0.469732	 41.5s
Ep 134	 reward -20.046	 ms 280.6	 loss 0.498372	 42.5s
Ep 135	 reward -20.050	 ms 280.7	 loss 0.419760	 42.3s
Ep 136	 reward -20.036	 ms 280.5	 loss 0.417136	 44.8s
Ep 137	 reward -20.043	 ms 280.6	 loss 0.350766	 43.6s
Ep 138	 reward -20.236	 ms 283.3	 loss 0.512193	 42.3s
Ep 139	 reward -19.979	 ms 279.7	 loss 0.369238	 43.5s
Ep 140	 reward -20.236	 ms 283.3	 loss 0.441234	 40.9s
Ep 141	 reward -20.000	 ms 280.0	 loss 0.360504	 41.2s
Ep 142	 reward -19.829	 ms 277.6	 loss 0.226605	 43.2s
Ep 143	 reward -19.929	 ms 279.0	 loss 0.254994	 42.2s
Ep 144	 reward -19.996	 ms 279.9	 loss 0.264273	 42.9s
Ep 145	 reward -19.986	 ms 279.8	 loss 0.220599	 43.6s
Ep 146	 reward -19.932	 ms 279.1	 loss 0.270488	 38.2s
Ep 147	 reward -19.821	 ms 277.5	 loss 0.256151	 37.4s
Ep 148	 reward -19.961	 ms 279.4	 loss 0.245961	 45.4s
Ep 149	 reward -19.989	 ms 279.9	 loss 0.282893	 42.0s
[vali @150] rel=0.8926 (best 0.8895)  LS=273.0
Ep 150	 reward -19.925	 ms 278.9	 loss 0.291888	 79.7s
Ep 151	 reward -19.789	 ms 277.1	 loss 0.272183	 42.4s
Ep 152	 reward -19.929	 ms 279.0	 loss 0.226314	 43.3s
Ep 153	 reward -19.800	 ms 277.2	 loss 0.256523	 43.4s
Ep 154	 reward -19.729	 ms 276.2	 loss 0.221972	 42.4s
Ep 155	 reward -19.764	 ms 276.7	 loss 0.311605	 43.5s
Ep 156	 reward -19.796	 ms 277.1	 loss 0.303075	 41.2s
Ep 157	 reward -19.686	 ms 275.6	 loss 0.263952	 40.2s
Ep 158	 reward -19.868	 ms 278.1	 loss 0.258871	 38.9s
Ep 159	 reward -19.850	 ms 277.9	 loss 0.188682	 39.9s
Ep 160	 reward -19.846	 ms 277.9	 loss 0.182027	 42.5s
Ep 161	 reward -19.925	 ms 278.9	 loss 0.475181	 43.8s
Ep 162	 reward -19.943	 ms 279.2	 loss 0.276750	 39.6s
Ep 163	 reward -19.846	 ms 277.9	 loss 0.406279	 38.3s
Ep 164	 reward -19.896	 ms 278.6	 loss 0.313904	 41.2s
Ep 165	 reward -19.936	 ms 279.1	 loss 0.470957	 38.1s
Ep 166	 reward -19.896	 ms 278.6	 loss 0.244164	 37.2s
Ep 167	 reward -20.036	 ms 280.5	 loss 0.244270	 41.9s
Ep 168	 reward -19.943	 ms 279.2	 loss 0.424731	 43.7s
Ep 169	 reward -19.918	 ms 278.9	 loss 0.230467	 43.8s
Ep 170	 reward -19.857	 ms 278.0	 loss 0.218022	 40.6s
Ep 171	 reward -19.961	 ms 279.4	 loss 0.254430	 41.6s
Ep 172	 reward -19.914	 ms 278.8	 loss 0.241675	 41.3s
Ep 173	 reward -19.921	 ms 278.9	 loss 0.278379	 39.9s
Ep 174	 reward -19.914	 ms 278.8	 loss 0.257951	 36.4s
[vali @175] rel=0.8897 (best 0.8895)  LS=272.1
Ep 175	 reward -19.961	 ms 279.4	 loss 0.311964	 70.2s
Ep 176	 reward -19.936	 ms 279.1	 loss 0.241628	 39.9s
Ep 177	 reward -19.889	 ms 278.4	 loss 0.256803	 35.9s
Ep 178	 reward -19.875	 ms 278.2	 loss 0.372343	 35.5s
Ep 179	 reward -19.829	 ms 277.6	 loss 0.275182	 36.0s
Ep 180	 reward -19.857	 ms 278.0	 loss 0.292244	 35.5s
Ep 181	 reward -20.004	 ms 280.1	 loss 0.406449	 35.7s
Ep 182	 reward -20.211	 ms 282.9	 loss 0.374207	 38.7s
Ep 183	 reward -19.993	 ms 279.9	 loss 0.326159	 38.6s
Ep 184	 reward -20.064	 ms 280.9	 loss 0.300495	 34.2s
Ep 185	 reward -20.061	 ms 280.9	 loss 0.334913	 39.7s
Ep 186	 reward -20.118	 ms 281.6	 loss 0.292594	 37.7s
Ep 187	 reward -20.057	 ms 280.8	 loss 0.379367	 37.8s
Ep 188	 reward -19.982	 ms 279.8	 loss 0.367969	 36.4s
Ep 189	 reward -19.968	 ms 279.6	 loss 0.272232	 36.8s
Ep 190	 reward -20.057	 ms 280.8	 loss 0.416670	 39.1s
Ep 191	 reward -19.921	 ms 278.9	 loss 0.369523	 36.7s
Ep 192	 reward -20.036	 ms 280.5	 loss 0.305517	 34.7s
Ep 193	 reward -20.029	 ms 280.4	 loss 0.342880	 37.4s
Ep 194	 reward -19.971	 ms 279.6	 loss 0.383590	 38.9s
Ep 195	 reward -19.939	 ms 279.1	 loss 0.370802	 39.0s
Ep 196	 reward -20.039	 ms 280.6	 loss 0.329806	 39.0s
Ep 197	 reward -20.054	 ms 280.8	 loss 0.375266	 39.4s
Ep 198	 reward -19.932	 ms 279.1	 loss 0.389377	 36.8s
Ep 199	 reward -20.025	 ms 280.4	 loss 0.390225	 39.8s
[vali @200] rel=0.8882 (best 0.8882)  LS=271.6
Ep 200	 reward -19.886	 ms 278.4	 loss 0.359186	 69.6s
Ep 201	 reward -19.550	 ms 273.7	 loss 0.374794	 37.0s
Ep 202	 reward -19.579	 ms 274.1	 loss 0.392634	 36.6s
Ep 203	 reward -19.500	 ms 273.0	 loss 0.345481	 35.2s
Ep 204	 reward -19.318	 ms 270.4	 loss 0.361414	 39.2s
Ep 205	 reward -19.382	 ms 271.4	 loss 0.372385	 36.5s
Ep 206	 reward -19.393	 ms 271.5	 loss 0.300190	 39.0s
Ep 207	 reward -19.414	 ms 271.8	 loss 0.262049	 37.5s
Ep 208	 reward -19.254	 ms 269.6	 loss 0.361004	 36.6s
Ep 209	 reward -19.279	 ms 269.9	 loss 0.281816	 37.6s
Ep 210	 reward -19.521	 ms 273.3	 loss 0.379773	 37.4s
Ep 211	 reward -19.421	 ms 271.9	 loss 0.340235	 35.9s
Ep 212	 reward -19.536	 ms 273.5	 loss 0.187251	 37.0s
Ep 213	 reward -19.246	 ms 269.4	 loss 0.368002	 41.7s
Ep 214	 reward -19.411	 ms 271.8	 loss 0.341489	 38.0s
Ep 215	 reward -19.389	 ms 271.4	 loss 0.309839	 36.8s
Ep 216	 reward -19.400	 ms 271.6	 loss 0.185618	 34.6s
Ep 217	 reward -19.389	 ms 271.4	 loss 0.214295	 36.8s
Ep 218	 reward -19.446	 ms 272.2	 loss 0.338396	 38.5s
Ep 219	 reward -19.407	 ms 271.7	 loss 0.311716	 36.3s
Ep 220	 reward -19.421	 ms 271.9	 loss 0.230669	 37.1s
Ep 221	 reward -19.929	 ms 279.0	 loss 0.425749	 36.6s
Ep 222	 reward -19.954	 ms 279.4	 loss 0.391883	 36.7s
Ep 223	 reward -19.754	 ms 276.6	 loss 0.216510	 35.8s
Ep 224	 reward -19.861	 ms 278.1	 loss 0.155068	 36.6s
[vali @225] rel=0.8869 (best 0.8869)  LS=271.2
Ep 225	 reward -19.882	 ms 278.4	 loss 0.364004	 70.3s
Ep 226	 reward -19.900	 ms 278.6	 loss 0.127036	 36.5s
Ep 227	 reward -19.896	 ms 278.6	 loss 0.173643	 34.7s
Ep 228	 reward -19.739	 ms 276.4	 loss 0.206914	 38.9s
Ep 229	 reward -19.839	 ms 277.8	 loss 0.208695	 37.5s
Ep 230	 reward -19.804	 ms 277.2	 loss 0.217258	 39.4s
Ep 231	 reward -19.936	 ms 279.1	 loss 0.190623	 35.7s
Ep 232	 reward -19.936	 ms 279.1	 loss 0.259148	 36.3s
Ep 233	 reward -19.746	 ms 276.4	 loss 0.185403	 34.8s
Ep 234	 reward -19.875	 ms 278.2	 loss 0.359639	 35.9s
Ep 235	 reward -19.821	 ms 277.5	 loss 0.357659	 37.9s
Ep 236	 reward -20.032	 ms 280.4	 loss 0.245384	 36.0s
Ep 237	 reward -19.818	 ms 277.4	 loss 0.194911	 37.0s
Ep 238	 reward -19.793	 ms 277.1	 loss 0.335141	 39.4s
Ep 239	 reward -19.857	 ms 278.0	 loss 0.229577	 37.4s
Ep 240	 reward -19.811	 ms 277.4	 loss 0.120338	 37.9s
Ep 241	 reward -19.554	 ms 273.8	 loss 0.124137	 37.7s
Ep 242	 reward -19.643	 ms 275.0	 loss 0.069093	 34.1s
Ep 243	 reward -19.543	 ms 273.6	 loss 0.109609	 36.3s
Ep 244	 reward -19.514	 ms 273.2	 loss 0.176682	 40.3s
Ep 245	 reward -19.464	 ms 272.5	 loss 0.080380	 37.1s
Ep 246	 reward -19.629	 ms 274.8	 loss 0.133801	 36.7s
Ep 247	 reward -19.582	 ms 274.1	 loss 0.090746	 37.2s
Ep 248	 reward -19.743	 ms 276.4	 loss 0.180112	 37.2s
Ep 249	 reward -19.604	 ms 274.4	 loss 0.123457	 37.6s
[vali @250] rel=0.8877 (best 0.8869)  LS=271.5
Ep 250	 reward -19.529	 ms 273.4	 loss 0.083725	 70.0s
Ep 251	 reward -19.579	 ms 274.1	 loss 0.126035	 39.6s
Ep 252	 reward -19.518	 ms 273.2	 loss 0.082702	 35.5s
Ep 253	 reward -19.600	 ms 274.4	 loss 0.129165	 35.7s
Ep 254	 reward -19.589	 ms 274.2	 loss 0.116545	 38.5s
Ep 255	 reward -19.511	 ms 273.1	 loss 0.031133	 38.3s
Ep 256	 reward -19.711	 ms 275.9	 loss 0.144215	 38.0s
Ep 257	 reward -19.493	 ms 272.9	 loss 0.059205	 37.8s
Ep 258	 reward -19.457	 ms 272.4	 loss 0.049901	 37.8s
Ep 259	 reward -19.518	 ms 273.2	 loss 0.089680	 37.0s
Ep 260	 reward -19.514	 ms 273.2	 loss 0.066566	 40.7s
Ep 261	 reward -19.693	 ms 275.7	 loss 0.314470	 37.1s
Ep 262	 reward -19.725	 ms 276.1	 loss 0.224646	 40.8s
Ep 263	 reward -19.796	 ms 277.1	 loss 0.248456	 39.4s
Ep 264	 reward -19.764	 ms 276.7	 loss 0.158162	 35.6s
Ep 265	 reward -19.804	 ms 277.2	 loss 0.192492	 38.0s
Ep 266	 reward -19.846	 ms 277.9	 loss 0.309409	 35.4s
Ep 267	 reward -19.682	 ms 275.6	 loss 0.131268	 37.3s
Ep 268	 reward -19.939	 ms 279.1	 loss 0.180603	 37.3s
Ep 269	 reward -19.821	 ms 277.5	 loss 0.273168	 35.3s
Ep 270	 reward -19.718	 ms 276.1	 loss 0.312712	 36.6s
Ep 271	 reward -19.711	 ms 275.9	 loss 0.172812	 35.0s
Ep 272	 reward -19.768	 ms 276.8	 loss 0.236601	 36.3s
Ep 273	 reward -19.893	 ms 278.5	 loss 0.321181	 36.8s
Ep 274	 reward -19.750	 ms 276.5	 loss 0.241771	 36.9s
[vali @275] rel=0.8887 (best 0.8869)  LS=271.8
Ep 275	 reward -19.732	 ms 276.2	 loss 0.253012	 69.6s
Ep 276	 reward -19.782	 ms 276.9	 loss 0.348175	 36.3s
Ep 277	 reward -19.732	 ms 276.2	 loss 0.314048	 36.4s
Ep 278	 reward -19.686	 ms 275.6	 loss 0.279938	 36.7s
Ep 279	 reward -19.861	 ms 278.1	 loss 0.279804	 36.5s
Ep 280	 reward -19.725	 ms 276.1	 loss 0.178837	 37.0s
Ep 281	 reward -19.539	 ms 273.6	 loss 0.154804	 37.8s
Ep 282	 reward -19.689	 ms 275.6	 loss 0.274824	 36.8s
Ep 283	 reward -19.600	 ms 274.4	 loss 0.267457	 35.6s
Ep 284	 reward -19.586	 ms 274.2	 loss 0.354244	 34.5s
Ep 285	 reward -19.543	 ms 273.6	 loss 0.199137	 39.6s
Ep 286	 reward -19.582	 ms 274.1	 loss 0.201954	 38.3s
Ep 287	 reward -19.550	 ms 273.7	 loss 0.291437	 38.0s
Ep 288	 reward -19.593	 ms 274.3	 loss 0.168012	 34.9s
Ep 289	 reward -19.500	 ms 273.0	 loss 0.121471	 39.8s
Ep 290	 reward -19.611	 ms 274.6	 loss 0.219583	 36.0s
Ep 291	 reward -19.600	 ms 274.4	 loss 0.339127	 37.8s
Ep 292	 reward -19.529	 ms 273.4	 loss 0.182573	 38.6s
Ep 293	 reward -19.575	 ms 274.1	 loss 0.176204	 37.7s
Ep 294	 reward -19.550	 ms 273.7	 loss 0.214423	 37.9s
Ep 295	 reward -19.664	 ms 275.3	 loss 0.211924	 39.3s
Ep 296	 reward -19.625	 ms 274.8	 loss 0.217086	 34.9s
Ep 297	 reward -19.564	 ms 273.9	 loss 0.227005	 38.6s
Ep 298	 reward -19.557	 ms 273.8	 loss 0.142198	 37.3s
Ep 299	 reward -19.536	 ms 273.5	 loss 0.322955	 38.0s
[vali @300] rel=0.8870 (best 0.8869)  LS=271.3
Ep 300	 reward -19.539	 ms 273.6	 loss 0.208827	 72.0s
Ep 301	 reward -19.446	 ms 272.2	 loss 0.201487	 37.4s
Ep 302	 reward -19.554	 ms 273.8	 loss 0.250835	 37.4s
Ep 303	 reward -19.532	 ms 273.4	 loss 0.091215	 35.6s
Ep 304	 reward -19.554	 ms 273.8	 loss 0.207209	 37.0s
Ep 305	 reward -19.561	 ms 273.9	 loss 0.231217	 36.3s
Ep 306	 reward -19.461	 ms 272.4	 loss 0.144318	 35.1s
Ep 307	 reward -19.493	 ms 272.9	 loss 0.270501	 35.5s
Ep 308	 reward -19.475	 ms 272.6	 loss 0.162795	 35.2s
Ep 309	 reward -19.421	 ms 271.9	 loss 0.170359	 36.8s
Ep 310	 reward -19.361	 ms 271.1	 loss 0.187699	 36.8s
Ep 311	 reward -19.404	 ms 271.6	 loss 0.299803	 39.2s
Ep 312	 reward -19.425	 ms 271.9	 loss 0.129235	 38.3s
Ep 313	 reward -19.446	 ms 272.2	 loss 0.191010	 39.3s
Ep 314	 reward -19.371	 ms 271.2	 loss 0.231911	 35.5s
Ep 315	 reward -19.325	 ms 270.6	 loss 0.130536	 37.2s
Ep 316	 reward -19.564	 ms 273.9	 loss 0.219033	 36.5s
Ep 317	 reward -19.529	 ms 273.4	 loss 0.221343	 38.5s
Ep 318	 reward -19.393	 ms 271.5	 loss 0.101389	 40.0s
Ep 319	 reward -19.425	 ms 271.9	 loss 0.154708	 36.6s
Ep 320	 reward -19.418	 ms 271.9	 loss 0.274797	 36.1s
Ep 321	 reward -19.561	 ms 273.9	 loss 0.228696	 37.8s
Ep 322	 reward -19.425	 ms 271.9	 loss 0.129703	 40.2s
Ep 323	 reward -19.429	 ms 272.0	 loss 0.178937	 38.5s
Ep 324	 reward -19.443	 ms 272.2	 loss 0.197849	 36.0s
[vali @325] rel=0.8883 (best 0.8869)  LS=271.7
Ep 325	 reward -19.493	 ms 272.9	 loss 0.247259	 72.0s
Ep 326	 reward -19.518	 ms 273.2	 loss 0.162994	 36.7s
Ep 327	 reward -19.500	 ms 273.0	 loss 0.230358	 39.2s
Ep 328	 reward -19.593	 ms 274.3	 loss 0.205537	 38.3s
Ep 329	 reward -19.489	 ms 272.9	 loss 0.262765	 38.1s
Ep 330	 reward -19.454	 ms 272.4	 loss 0.099986	 37.1s
Ep 331	 reward -19.432	 ms 272.1	 loss 0.130387	 40.1s
Ep 332	 reward -19.389	 ms 271.4	 loss 0.121365	 35.6s
Ep 333	 reward -19.493	 ms 272.9	 loss 0.190998	 35.6s
Ep 334	 reward -19.500	 ms 273.0	 loss 0.115266	 36.6s
Ep 335	 reward -19.543	 ms 273.6	 loss 0.259453	 36.5s
Ep 336	 reward -19.586	 ms 274.2	 loss 0.283994	 38.2s
Ep 337	 reward -19.450	 ms 272.3	 loss 0.232705	 40.8s
Ep 338	 reward -19.543	 ms 273.6	 loss 0.125726	 34.7s
Ep 339	 reward -19.357	 ms 271.0	 loss 0.157343	 39.7s
Ep 340	 reward -19.575	 ms 274.1	 loss 0.143824	 36.4s
Ep 341	 reward -19.664	 ms 275.3	 loss 0.346483	 37.1s
Ep 342	 reward -19.600	 ms 274.4	 loss 0.292249	 33.3s
Ep 343	 reward -19.632	 ms 274.9	 loss 0.322940	 38.0s
Ep 344	 reward -19.689	 ms 275.6	 loss 0.165067	 37.9s
Ep 345	 reward -19.707	 ms 275.9	 loss 0.319166	 39.2s
Ep 346	 reward -19.600	 ms 274.4	 loss 0.287465	 36.3s
Ep 347	 reward -19.461	 ms 272.4	 loss 0.181197	 37.9s
Ep 348	 reward -19.686	 ms 275.6	 loss 0.278829	 40.6s
Ep 349	 reward -19.661	 ms 275.2	 loss 0.370867	 39.1s
[vali @350] rel=0.8890 (best 0.8869)  LS=271.9
Ep 350	 reward -19.589	 ms 274.2	 loss 0.260522	 70.7s
Ep 351	 reward -19.525	 ms 273.4	 loss 0.224260	 37.3s
Ep 352	 reward -19.600	 ms 274.4	 loss 0.197700	 36.9s
Ep 353	 reward -19.771	 ms 276.8	 loss 0.336238	 36.5s
Ep 354	 reward -19.507	 ms 273.1	 loss 0.333494	 35.4s
Ep 355	 reward -19.668	 ms 275.4	 loss 0.361062	 38.8s
Ep 356	 reward -19.600	 ms 274.4	 loss 0.264913	 36.5s
Ep 357	 reward -19.679	 ms 275.5	 loss 0.280615	 34.8s
Ep 358	 reward -19.654	 ms 275.1	 loss 0.254530	 36.1s
Ep 359	 reward -19.521	 ms 273.3	 loss 0.375724	 37.2s
Ep 360	 reward -19.621	 ms 274.7	 loss 0.355912	 37.1s
Ep 361	 reward -19.696	 ms 275.8	 loss 0.285833	 37.9s
Ep 362	 reward -19.589	 ms 274.2	 loss 0.248203	 46.5s
Ep 363	 reward -19.686	 ms 275.6	 loss 0.213847	 48.1s
Ep 364	 reward -19.625	 ms 274.8	 loss 0.146706	 45.6s
Ep 365	 reward -19.679	 ms 275.5	 loss 0.165036	 45.0s
Ep 366	 reward -19.511	 ms 273.1	 loss 0.258826	 49.7s
Ep 367	 reward -19.639	 ms 274.9	 loss 0.345212	 45.6s
Ep 368	 reward -19.554	 ms 273.8	 loss 0.221577	 42.1s
Ep 369	 reward -19.686	 ms 275.6	 loss 0.131088	 44.0s
Ep 370	 reward -19.629	 ms 274.8	 loss 0.111813	 42.1s
Ep 371	 reward -19.664	 ms 275.3	 loss 0.156763	 42.5s
Ep 372	 reward -19.643	 ms 275.0	 loss 0.274556	 48.0s
Ep 373	 reward -19.557	 ms 273.8	 loss 0.184533	 45.0s
Ep 374	 reward -19.561	 ms 273.9	 loss 0.125225	 49.8s
[vali @375] rel=0.8887 (best 0.8869)  LS=271.8
Ep 375	 reward -19.550	 ms 273.7	 loss 0.201077	 83.8s
Ep 376	 reward -19.611	 ms 274.6	 loss 0.256278	 43.6s
Ep 377	 reward -19.582	 ms 274.1	 loss 0.222504	 46.7s
Ep 378	 reward -19.611	 ms 274.6	 loss 0.240808	 41.7s
Ep 379	 reward -19.604	 ms 274.4	 loss 0.129443	 42.4s
Ep 380	 reward -19.475	 ms 272.6	 loss 0.226403	 47.2s
Ep 381	 reward -19.850	 ms 277.9	 loss 0.403871	 43.1s
Ep 382	 reward -19.893	 ms 278.5	 loss 0.190929	 48.1s
Ep 383	 reward -20.046	 ms 280.6	 loss 0.487131	 47.8s
Ep 384	 reward -19.743	 ms 276.4	 loss 0.299795	 44.7s
Ep 385	 reward -19.871	 ms 278.2	 loss 0.394326	 46.8s
Ep 386	 reward -19.775	 ms 276.9	 loss 0.368988	 45.0s
Ep 387	 reward -19.857	 ms 278.0	 loss 0.399016	 39.7s
Ep 388	 reward -20.004	 ms 280.1	 loss 0.111566	 45.6s
Ep 389	 reward -19.943	 ms 279.2	 loss 0.447482	 44.1s
Ep 390	 reward -19.900	 ms 278.6	 loss 0.339539	 49.6s
Ep 391	 reward -19.879	 ms 278.3	 loss 0.283783	 46.2s
Ep 392	 reward -19.946	 ms 279.2	 loss 0.409615	 43.0s
Ep 393	 reward -19.804	 ms 277.2	 loss 0.258140	 44.5s
Ep 394	 reward -19.871	 ms 278.2	 loss 0.343008	 43.6s
Ep 395	 reward -19.896	 ms 278.6	 loss 0.348986	 47.1s
Ep 396	 reward -20.021	 ms 280.3	 loss 0.390923	 46.3s
Ep 397	 reward -19.882	 ms 278.4	 loss 0.304999	 44.6s
Ep 398	 reward -19.814	 ms 277.4	 loss 0.220166	 44.4s
Ep 399	 reward -19.950	 ms 279.3	 loss 0.382584	 45.1s
[vali @400] rel=0.8818 (best 0.8818)  LS=269.7
Ep 400	 reward -19.871	 ms 278.2	 loss 0.345264	 84.6s
Ep 401	 reward -19.507	 ms 273.1	 loss 0.228458	 45.0s
Ep 402	 reward -19.511	 ms 273.1	 loss 0.299941	 48.8s
Ep 403	 reward -19.661	 ms 275.2	 loss 0.110889	 43.0s
Ep 404	 reward -19.664	 ms 275.3	 loss 0.313698	 41.6s
Ep 405	 reward -19.800	 ms 277.2	 loss 0.266536	 38.8s
Ep 406	 reward -19.621	 ms 274.7	 loss 0.252694	 49.1s
Ep 407	 reward -19.564	 ms 273.9	 loss 0.114525	 43.4s
Ep 408	 reward -19.618	 ms 274.6	 loss 0.195459	 44.1s
Ep 409	 reward -19.564	 ms 273.9	 loss 0.136231	 46.1s
Ep 410	 reward -19.786	 ms 277.0	 loss 0.093956	 49.0s
Ep 411	 reward -19.621	 ms 274.7	 loss 0.189648	 40.6s
Ep 412	 reward -19.789	 ms 277.1	 loss 0.232581	 47.2s
Ep 413	 reward -19.782	 ms 276.9	 loss 0.209717	 46.0s
Ep 414	 reward -19.746	 ms 276.4	 loss 0.186665	 43.9s
Ep 415	 reward -19.718	 ms 276.1	 loss 0.063091	 42.3s
Ep 416	 reward -19.679	 ms 275.5	 loss 0.118636	 40.6s
Ep 417	 reward -19.704	 ms 275.9	 loss 0.157811	 42.9s
Ep 418	 reward -19.611	 ms 274.6	 loss 0.123519	 46.4s
Ep 419	 reward -19.607	 ms 274.5	 loss 0.202324	 41.6s
Ep 420	 reward -19.621	 ms 274.7	 loss 0.076239	 42.4s
Ep 421	 reward -19.411	 ms 271.8	 loss 0.230058	 47.1s
Ep 422	 reward -19.446	 ms 272.2	 loss 0.180618	 43.1s
Ep 423	 reward -19.382	 ms 271.4	 loss 0.163221	 42.7s
Ep 424	 reward -19.321	 ms 270.5	 loss 0.151021	 45.2s
[vali @425] rel=0.8843 (best 0.8818)  LS=270.4
Ep 425	 reward -19.375	 ms 271.2	 loss 0.277196	 85.3s
Ep 426	 reward -19.432	 ms 272.1	 loss 0.301759	 45.4s
Ep 427	 reward -19.343	 ms 270.8	 loss 0.238708	 41.3s
Ep 428	 reward -19.411	 ms 271.8	 loss 0.284347	 43.9s
Ep 429	 reward -19.368	 ms 271.1	 loss 0.248746	 46.9s
Ep 430	 reward -19.382	 ms 271.4	 loss 0.223501	 46.3s
Ep 431	 reward -19.457	 ms 272.4	 loss 0.241678	 43.8s
Ep 432	 reward -19.446	 ms 272.2	 loss 0.266098	 43.9s
Ep 433	 reward -19.393	 ms 271.5	 loss 0.276399	 44.0s
Ep 434	 reward -19.464	 ms 272.5	 loss 0.158968	 44.1s
Ep 435	 reward -19.393	 ms 271.5	 loss 0.199508	 44.2s
Ep 436	 reward -19.407	 ms 271.7	 loss 0.151810	 44.8s
Ep 437	 reward -19.382	 ms 271.4	 loss 0.173867	 43.9s
Ep 438	 reward -19.418	 ms 271.9	 loss 0.354827	 46.9s
Ep 439	 reward -19.425	 ms 271.9	 loss 0.236481	 43.4s
Ep 440	 reward -19.389	 ms 271.4	 loss 0.203149	 43.9s
Ep 441	 reward -19.396	 ms 271.6	 loss 0.311797	 43.5s
Ep 442	 reward -19.471	 ms 272.6	 loss 0.358359	 44.5s
Ep 443	 reward -19.546	 ms 273.6	 loss 0.310805	 45.9s
Ep 444	 reward -19.436	 ms 272.1	 loss 0.228781	 42.5s
Ep 445	 reward -19.404	 ms 271.6	 loss 0.332211	 43.7s
Ep 446	 reward -19.432	 ms 272.1	 loss 0.210936	 45.1s
Ep 447	 reward -19.575	 ms 274.1	 loss 0.233564	 43.3s
Ep 448	 reward -19.511	 ms 273.1	 loss 0.251569	 43.4s
Ep 449	 reward -19.571	 ms 274.0	 loss 0.322756	 47.3s
[vali @450] rel=0.8820 (best 0.8818)  LS=269.8
Ep 450	 reward -19.500	 ms 273.0	 loss 0.301758	 80.2s
Ep 451	 reward -19.646	 ms 275.1	 loss 0.217731	 46.6s
Ep 452	 reward -19.468	 ms 272.6	 loss 0.287640	 46.9s
Ep 453	 reward -19.529	 ms 273.4	 loss 0.122773	 44.4s
Ep 454	 reward -19.425	 ms 271.9	 loss 0.246203	 48.2s
Ep 455	 reward -19.514	 ms 273.2	 loss 0.248686	 48.1s
Ep 456	 reward -19.500	 ms 273.0	 loss 0.306979	 43.5s
Ep 457	 reward -19.571	 ms 274.0	 loss 0.122238	 44.2s
Ep 458	 reward -19.525	 ms 273.4	 loss 0.284936	 42.4s
Ep 459	 reward -19.529	 ms 273.4	 loss 0.259307	 48.4s
Ep 460	 reward -19.554	 ms 273.8	 loss 0.191598	 45.5s
Ep 461	 reward -19.293	 ms 270.1	 loss 0.126059	 46.8s
Ep 462	 reward -19.332	 ms 270.6	 loss 0.093618	 45.2s
Ep 463	 reward -19.311	 ms 270.4	 loss 0.111147	 43.9s
Ep 464	 reward -19.271	 ms 269.8	 loss 0.135708	 45.2s
Ep 465	 reward -19.314	 ms 270.4	 loss 0.081283	 46.8s
Ep 466	 reward -19.225	 ms 269.1	 loss 0.071904	 44.5s
Ep 467	 reward -19.307	 ms 270.3	 loss 0.060001	 43.5s
Ep 468	 reward -19.229	 ms 269.2	 loss 0.087495	 45.7s
Ep 469	 reward -19.396	 ms 271.6	 loss 0.208687	 45.3s
Ep 470	 reward -19.221	 ms 269.1	 loss 0.109803	 45.0s
Ep 471	 reward -19.425	 ms 271.9	 loss 0.081134	 45.6s
Ep 472	 reward -19.339	 ms 270.8	 loss 0.071489	 44.0s
Ep 473	 reward -19.239	 ms 269.4	 loss 0.079199	 43.6s
Ep 474	 reward -19.350	 ms 270.9	 loss 0.081188	 45.9s
[vali @475] rel=0.8825 (best 0.8818)  LS=269.9
Ep 475	 reward -19.425	 ms 271.9	 loss 0.172299	 84.0s
Ep 476	 reward -19.389	 ms 271.4	 loss 0.133788	 44.4s
Ep 477	 reward -19.379	 ms 271.3	 loss 0.039226	 42.8s
Ep 478	 reward -19.196	 ms 268.8	 loss 0.082485	 45.2s
Ep 479	 reward -19.389	 ms 271.4	 loss 0.100138	 43.5s
Ep 480	 reward -19.279	 ms 269.9	 loss 0.077942	 48.7s
Ep 481	 reward -19.550	 ms 273.7	 loss 0.109876	 44.4s
Ep 482	 reward -19.589	 ms 274.2	 loss 0.128898	 46.3s
Ep 483	 reward -19.414	 ms 271.8	 loss 0.150237	 43.5s
Ep 484	 reward -19.361	 ms 271.1	 loss 0.075436	 47.3s
Ep 485	 reward -19.521	 ms 273.3	 loss 0.068813	 42.3s
Ep 486	 reward -19.425	 ms 271.9	 loss 0.083990	 43.7s
Ep 487	 reward -19.307	 ms 270.3	 loss 0.123977	 42.2s
Ep 488	 reward -19.500	 ms 273.0	 loss 0.115817	 46.3s
Ep 489	 reward -19.386	 ms 271.4	 loss 0.112745	 42.1s
Ep 490	 reward -19.429	 ms 272.0	 loss 0.093313	 46.4s
Ep 491	 reward -19.543	 ms 273.6	 loss 0.096510	 43.3s
Ep 492	 reward -19.379	 ms 271.3	 loss 0.147496	 40.5s
Ep 493	 reward -19.500	 ms 273.0	 loss 0.105196	 45.2s
Ep 494	 reward -19.429	 ms 272.0	 loss 0.055272	 45.3s
Ep 495	 reward -19.396	 ms 271.6	 loss 0.106658	 42.1s
Ep 496	 reward -19.436	 ms 272.1	 loss 0.109581	 44.7s
Ep 497	 reward -19.511	 ms 273.1	 loss 0.131175	 46.9s
Ep 498	 reward -19.371	 ms 271.2	 loss 0.113929	 43.7s
Ep 499	 reward -19.432	 ms 272.1	 loss 0.079011	 41.6s
[vali @500] rel=0.8821 (best 0.8818)  LS=269.8
Ep 500	 reward -19.400	 ms 271.6	 loss 0.104481	 81.2s
Ep 501	 reward -19.136	 ms 267.9	 loss 0.235359	 41.3s
Ep 502	 reward -19.229	 ms 269.2	 loss 0.373280	 46.2s
Ep 503	 reward -19.325	 ms 270.6	 loss 0.258517	 44.1s
Ep 504	 reward -19.268	 ms 269.8	 loss 0.204115	 43.5s
Ep 505	 reward -19.314	 ms 270.4	 loss 0.122585	 44.4s
Ep 506	 reward -19.432	 ms 272.1	 loss 0.213661	 44.3s
Ep 507	 reward -19.304	 ms 270.2	 loss 0.228176	 45.4s
Ep 508	 reward -19.336	 ms 270.7	 loss 0.272065	 43.3s
Ep 509	 reward -19.236	 ms 269.3	 loss 0.299243	 44.0s
Ep 510	 reward -19.332	 ms 270.6	 loss 0.257971	 43.3s
Ep 511	 reward -19.186	 ms 268.6	 loss 0.274979	 45.9s
Ep 512	 reward -19.364	 ms 271.1	 loss 0.276192	 42.1s
Ep 513	 reward -19.343	 ms 270.8	 loss 0.343523	 43.7s
Ep 514	 reward -19.207	 ms 268.9	 loss 0.245265	 44.7s
Ep 515	 reward -19.286	 ms 270.0	 loss 0.289015	 44.5s
Ep 516	 reward -19.189	 ms 268.6	 loss 0.224282	 42.8s
Ep 517	 reward -19.204	 ms 268.9	 loss 0.210395	 44.8s
Ep 518	 reward -19.257	 ms 269.6	 loss 0.255751	 44.2s
Ep 519	 reward -19.250	 ms 269.5	 loss 0.244817	 44.7s
Ep 520	 reward -19.329	 ms 270.6	 loss 0.246286	 41.6s
Ep 521	 reward -19.893	 ms 278.5	 loss 0.196121	 42.5s
Ep 522	 reward -19.886	 ms 278.4	 loss 0.231241	 49.5s
Ep 523	 reward -19.879	 ms 278.3	 loss 0.277487	 43.2s
Ep 524	 reward -19.864	 ms 278.1	 loss 0.224400	 47.0s
[vali @525] rel=0.8857 (best 0.8818)  LS=270.9
Ep 525	 reward -19.854	 ms 277.9	 loss 0.306735	 85.3s
Ep 526	 reward -19.929	 ms 279.0	 loss 0.157617	 41.6s
Ep 527	 reward -19.811	 ms 277.4	 loss 0.170737	 47.6s
Ep 528	 reward -19.879	 ms 278.3	 loss 0.333805	 45.2s
Ep 529	 reward -19.957	 ms 279.4	 loss 0.034824	 47.7s
Ep 530	 reward -19.982	 ms 279.8	 loss 0.239311	 42.8s
Ep 531	 reward -19.704	 ms 275.9	 loss 0.266449	 47.1s
Ep 532	 reward -19.821	 ms 277.5	 loss 0.227388	 41.3s
Ep 533	 reward -19.968	 ms 279.6	 loss 0.162059	 45.9s
Ep 534	 reward -19.750	 ms 276.5	 loss 0.212556	 43.4s
Ep 535	 reward -19.936	 ms 279.1	 loss 0.191710	 41.5s
Ep 536	 reward -19.832	 ms 277.6	 loss 0.202046	 46.4s
Ep 537	 reward -19.921	 ms 278.9	 loss 0.064303	 45.8s
Ep 538	 reward -19.900	 ms 278.6	 loss 0.139309	 40.5s
Ep 539	 reward -19.864	 ms 278.1	 loss 0.207676	 43.0s
Ep 540	 reward -19.925	 ms 278.9	 loss 0.066105	 41.3s
Ep 541	 reward -19.268	 ms 269.8	 loss 0.322712	 44.7s
Ep 542	 reward -19.404	 ms 271.6	 loss 0.313272	 47.8s
Ep 543	 reward -19.321	 ms 270.5	 loss 0.203579	 44.6s
Ep 544	 reward -19.407	 ms 271.7	 loss 0.166349	 44.3s
Ep 545	 reward -19.386	 ms 271.4	 loss 0.161893	 42.9s
Ep 546	 reward -19.411	 ms 271.8	 loss 0.089626	 44.3s
Ep 547	 reward -19.304	 ms 270.2	 loss 0.079005	 46.8s
Ep 548	 reward -19.264	 ms 269.7	 loss 0.181497	 40.7s
Ep 549	 reward -19.339	 ms 270.8	 loss 0.146984	 42.9s
[vali @550] rel=0.8875 (best 0.8818)  LS=271.4
Ep 550	 reward -19.418	 ms 271.9	 loss 0.104337	 89.3s
Ep 551	 reward -19.357	 ms 271.0	 loss 0.042420	 42.3s
Ep 552	 reward -19.318	 ms 270.4	 loss -0.001577	 45.0s
Ep 553	 reward -19.404	 ms 271.6	 loss 0.094537	 42.0s
Ep 554	 reward -19.475	 ms 272.6	 loss 0.065057	 45.0s
Ep 555	 reward -19.336	 ms 270.7	 loss 0.135117	 47.0s
Ep 556	 reward -19.404	 ms 271.6	 loss 0.048258	 44.9s
Ep 557	 reward -19.346	 ms 270.9	 loss 0.040751	 44.3s
Ep 558	 reward -19.389	 ms 271.4	 loss 0.105788	 45.8s
Ep 559	 reward -19.393	 ms 271.5	 loss 0.146620	 41.8s
Ep 560	 reward -19.379	 ms 271.3	 loss 0.070802	 40.6s
Ep 561	 reward -19.214	 ms 269.0	 loss 0.066857	 45.4s
Ep 562	 reward -19.346	 ms 270.9	 loss 0.196276	 43.8s
Ep 563	 reward -19.343	 ms 270.8	 loss 0.370638	 43.4s
Ep 564	 reward -19.275	 ms 269.9	 loss 0.008581	 45.2s
Ep 565	 reward -19.386	 ms 271.4	 loss 0.271899	 44.7s
Ep 566	 reward -19.346	 ms 270.9	 loss 0.288420	 46.6s
Ep 567	 reward -19.164	 ms 268.3	 loss 0.298135	 44.5s
Ep 568	 reward -19.261	 ms 269.6	 loss 0.228939	 47.3s
Ep 569	 reward -19.304	 ms 270.2	 loss 0.291799	 41.3s
Ep 570	 reward -19.275	 ms 269.9	 loss 0.026350	 40.3s
Ep 571	 reward -19.321	 ms 270.5	 loss 0.303171	 44.6s
Ep 572	 reward -19.254	 ms 269.6	 loss 0.076462	 46.5s
Ep 573	 reward -19.207	 ms 268.9	 loss 0.158150	 42.9s
Ep 574	 reward -19.129	 ms 267.8	 loss 0.143430	 45.0s
[vali @575] rel=0.8836 (best 0.8818)  LS=270.2
Ep 575	 reward -19.286	 ms 270.0	 loss 0.283899	 88.0s
Ep 576	 reward -19.221	 ms 269.1	 loss 0.132706	 41.8s
Ep 577	 reward -19.139	 ms 267.9	 loss 0.240024	 44.4s
Ep 578	 reward -19.264	 ms 269.7	 loss 0.252125	 39.5s
Ep 579	 reward -19.379	 ms 271.3	 loss 0.296135	 41.3s
Ep 580	 reward -19.239	 ms 269.4	 loss 0.279843	 43.4s
Ep 581	 reward -19.732	 ms 276.2	 loss 0.276234	 43.8s
Ep 582	 reward -19.625	 ms 274.8	 loss 0.204209	 42.6s
Ep 583	 reward -19.736	 ms 276.3	 loss 0.254739	 44.0s
Ep 584	 reward -19.839	 ms 277.8	 loss 0.345653	 43.8s
Ep 585	 reward -19.707	 ms 275.9	 loss 0.210290	 41.3s
Ep 586	 reward -19.718	 ms 276.1	 loss 0.359682	 47.0s
Ep 587	 reward -19.564	 ms 273.9	 loss 0.240142	 41.6s
Ep 588	 reward -19.543	 ms 273.6	 loss 0.215149	 44.6s
Ep 589	 reward -19.646	 ms 275.1	 loss 0.261726	 43.2s
Ep 590	 reward -19.636	 ms 274.9	 loss 0.053993	 45.7s
Ep 591	 reward -19.621	 ms 274.7	 loss 0.240442	 45.4s
Ep 592	 reward -19.561	 ms 273.9	 loss 0.163652	 42.6s
Ep 593	 reward -19.621	 ms 274.7	 loss 0.290442	 46.6s
Ep 594	 reward -19.704	 ms 275.9	 loss 0.149746	 41.7s
Ep 595	 reward -19.750	 ms 276.5	 loss 0.362853	 42.5s
Ep 596	 reward -19.675	 ms 275.4	 loss 0.274687	 45.7s
Ep 597	 reward -19.696	 ms 275.8	 loss 0.254877	 44.5s
Ep 598	 reward -19.804	 ms 277.2	 loss 0.096877	 45.6s
Ep 599	 reward -19.739	 ms 276.4	 loss 0.140130	 41.0s
[vali @600] rel=0.8823 (best 0.8818)  LS=269.9
Ep 600	 reward -19.721	 ms 276.1	 loss 0.318666	 81.4s
Ep 601	 reward -19.704	 ms 275.9	 loss 0.213669	 44.3s
Ep 602	 reward -19.686	 ms 275.6	 loss 0.103689	 42.3s
Ep 603	 reward -19.707	 ms 275.9	 loss 0.076808	 47.7s
Ep 604	 reward -19.675	 ms 275.4	 loss 0.147723	 41.2s
Ep 605	 reward -19.593	 ms 274.3	 loss 0.050658	 45.0s
Ep 606	 reward -19.811	 ms 277.4	 loss 0.083015	 40.0s
Ep 607	 reward -19.636	 ms 274.9	 loss 0.079542	 43.4s
Ep 608	 reward -19.643	 ms 275.0	 loss 0.046076	 45.1s
Ep 609	 reward -19.575	 ms 274.1	 loss 0.094305	 41.6s
Ep 610	 reward -19.621	 ms 274.7	 loss 0.090482	 44.7s
Ep 611	 reward -19.643	 ms 275.0	 loss 0.027939	 42.0s
Ep 612	 reward -19.725	 ms 276.1	 loss 0.085830	 44.3s
Ep 613	 reward -19.589	 ms 274.2	 loss -0.001428	 42.6s
Ep 614	 reward -19.550	 ms 273.7	 loss -0.006580	 43.3s
Ep 615	 reward -19.571	 ms 274.0	 loss 0.009506	 43.3s
Ep 616	 reward -19.586	 ms 274.2	 loss 0.038886	 41.7s
Ep 617	 reward -19.554	 ms 273.8	 loss 0.081228	 41.3s
Ep 618	 reward -19.593	 ms 274.3	 loss -0.010505	 41.3s
Ep 619	 reward -19.564	 ms 273.9	 loss -0.006819	 44.4s
Ep 620	 reward -19.600	 ms 274.4	 loss 0.005413	 42.8s
Ep 621	 reward -19.350	 ms 270.9	 loss 0.263535	 43.2s
Ep 622	 reward -19.200	 ms 268.8	 loss 0.233529	 42.4s
Ep 623	 reward -19.364	 ms 271.1	 loss 0.113007	 41.8s
Ep 624	 reward -19.429	 ms 272.0	 loss 0.013618	 44.6s
[vali @625] rel=0.8797 (best 0.8797)  LS=269.1
Ep 625	 reward -19.325	 ms 270.6	 loss 0.174524	 81.0s
Ep 626	 reward -19.382	 ms 271.4	 loss 0.114675	 43.7s
Ep 627	 reward -19.386	 ms 271.4	 loss 0.295757	 42.5s
Ep 628	 reward -19.436	 ms 272.1	 loss 0.257610	 46.3s
Ep 629	 reward -19.332	 ms 270.6	 loss 0.186065	 38.6s
Ep 630	 reward -19.325	 ms 270.6	 loss 0.230737	 39.6s
Ep 631	 reward -19.393	 ms 271.5	 loss 0.282876	 42.1s
Ep 632	 reward -19.275	 ms 269.9	 loss 0.147686	 45.9s
Ep 633	 reward -19.300	 ms 270.2	 loss 0.096565	 45.8s
Ep 634	 reward -19.389	 ms 271.4	 loss 0.097007	 44.9s
Ep 635	 reward -19.404	 ms 271.6	 loss 0.167660	 46.6s
Ep 636	 reward -19.375	 ms 271.2	 loss 0.259338	 44.5s
Ep 637	 reward -19.214	 ms 269.0	 loss 0.294005	 45.8s
Ep 638	 reward -19.400	 ms 271.6	 loss 0.265362	 46.6s
Ep 639	 reward -19.329	 ms 270.6	 loss 0.127318	 42.3s
Ep 640	 reward -19.286	 ms 270.0	 loss 0.135605	 45.3s
Ep 641	 reward -19.661	 ms 275.2	 loss 0.112955	 46.0s
Ep 642	 reward -19.621	 ms 274.7	 loss 0.124402	 45.3s
Ep 643	 reward -19.686	 ms 275.6	 loss 0.180941	 44.0s
Ep 644	 reward -19.639	 ms 274.9	 loss 0.109849	 42.3s
Ep 645	 reward -19.654	 ms 275.1	 loss 0.019464	 41.3s
Ep 646	 reward -19.696	 ms 275.8	 loss 0.137032	 41.0s
Ep 647	 reward -19.632	 ms 274.9	 loss 0.184375	 43.3s
Ep 648	 reward -19.525	 ms 273.4	 loss 0.111754	 46.6s
Ep 649	 reward -19.621	 ms 274.7	 loss 0.087420	 42.6s
[vali @650] rel=0.8828 (best 0.8797)  LS=270.0
Ep 650	 reward -19.646	 ms 275.1	 loss 0.145209	 80.7s
Ep 651	 reward -19.654	 ms 275.1	 loss 0.138423	 45.2s
Ep 652	 reward -19.696	 ms 275.8	 loss 0.151143	 41.4s
Ep 653	 reward -19.639	 ms 274.9	 loss 0.084240	 44.1s
Ep 654	 reward -19.568	 ms 273.9	 loss 0.142592	 44.0s
Ep 655	 reward -19.654	 ms 275.1	 loss 0.126474	 45.9s
Ep 656	 reward -19.725	 ms 276.1	 loss 0.112518	 44.1s
Ep 657	 reward -19.679	 ms 275.5	 loss 0.136012	 48.3s
Ep 658	 reward -19.582	 ms 274.1	 loss 0.102130	 46.6s
Ep 659	 reward -19.621	 ms 274.7	 loss 0.096958	 43.0s
Ep 660	 reward -19.539	 ms 273.6	 loss 0.191468	 42.6s
Ep 661	 reward -19.257	 ms 269.6	 loss 0.085154	 44.1s
Ep 662	 reward -19.071	 ms 267.0	 loss 0.051673	 46.4s
Ep 663	 reward -19.261	 ms 269.6	 loss 0.037821	 42.0s
Ep 664	 reward -19.114	 ms 267.6	 loss 0.080622	 41.4s
Ep 665	 reward -19.132	 ms 267.9	 loss 0.052309	 49.3s
Ep 666	 reward -19.082	 ms 267.1	 loss 0.075259	 44.4s
Ep 667	 reward -19.014	 ms 266.2	 loss 0.027897	 42.9s
Ep 668	 reward -19.068	 ms 266.9	 loss 0.037617	 42.0s
Ep 669	 reward -19.107	 ms 267.5	 loss 0.188457	 43.9s
Ep 670	 reward -19.114	 ms 267.6	 loss -0.013341	 44.0s
Ep 671	 reward -19.046	 ms 266.6	 loss 0.148257	 43.5s
Ep 672	 reward -19.000	 ms 266.0	 loss 0.028421	 42.9s
Ep 673	 reward -19.157	 ms 268.2	 loss 0.061588	 43.5s
Ep 674	 reward -19.186	 ms 268.6	 loss 0.021756	 40.4s
[vali @675] rel=0.8743 (best 0.8743)  LS=267.4
Ep 675	 reward -19.121	 ms 267.7	 loss 0.297152	 83.2s
Ep 676	 reward -19.189	 ms 268.6	 loss 0.011318	 42.9s
Ep 677	 reward -18.971	 ms 265.6	 loss 0.039121	 43.8s
Ep 678	 reward -19.061	 ms 266.9	 loss 0.042781	 44.0s
Ep 679	 reward -19.061	 ms 266.9	 loss 0.047760	 39.5s
Ep 680	 reward -19.121	 ms 267.7	 loss 0.120909	 41.8s
Ep 681	 reward -19.743	 ms 276.4	 loss 0.213214	 46.4s
Ep 682	 reward -19.657	 ms 275.2	 loss 0.159282	 43.0s
Ep 683	 reward -19.611	 ms 274.6	 loss 0.107332	 41.8s
Ep 684	 reward -19.714	 ms 276.0	 loss 0.060472	 42.4s
Ep 685	 reward -19.607	 ms 274.5	 loss 0.147552	 45.1s
Ep 686	 reward -19.732	 ms 276.2	 loss 0.036217	 41.3s
Ep 687	 reward -19.629	 ms 274.8	 loss 0.098183	 48.1s
Ep 688	 reward -19.636	 ms 274.9	 loss 0.037888	 43.6s
Ep 689	 reward -19.671	 ms 275.4	 loss -0.017255	 43.6s
Ep 690	 reward -19.643	 ms 275.0	 loss 0.070300	 42.8s
Ep 691	 reward -19.629	 ms 274.8	 loss 0.227304	 46.1s
Ep 692	 reward -19.696	 ms 275.8	 loss 0.113507	 44.7s
Ep 693	 reward -19.686	 ms 275.6	 loss 0.008512	 37.5s
Ep 694	 reward -19.671	 ms 275.4	 loss 0.102236	 40.9s
Ep 695	 reward -19.714	 ms 276.0	 loss 0.153706	 42.2s
Ep 696	 reward -19.636	 ms 274.9	 loss 0.021238	 46.4s
Ep 697	 reward -19.789	 ms 277.1	 loss 0.045643	 42.6s
Ep 698	 reward -19.629	 ms 274.8	 loss -0.020339	 45.5s
Ep 699	 reward -19.611	 ms 274.6	 loss 0.179803	 44.1s
[vali @700] rel=0.8780 (best 0.8743)  LS=268.6
Ep 700	 reward -19.725	 ms 276.1	 loss 0.120677	 83.6s
Ep 701	 reward -19.168	 ms 268.4	 loss 0.074951	 44.9s
Ep 702	 reward -19.207	 ms 268.9	 loss 0.091389	 44.4s
Ep 703	 reward -19.193	 ms 268.7	 loss 0.088298	 44.3s
Ep 704	 reward -19.254	 ms 269.6	 loss 0.073432	 45.9s
Ep 705	 reward -19.221	 ms 269.1	 loss 0.042295	 42.6s
Ep 706	 reward -19.225	 ms 269.1	 loss 0.074842	 41.0s
Ep 707	 reward -19.204	 ms 268.9	 loss 0.063994	 42.6s
Ep 708	 reward -19.275	 ms 269.9	 loss 0.031978	 50.9s
Ep 709	 reward -19.243	 ms 269.4	 loss 0.058505	 45.4s
Ep 710	 reward -19.171	 ms 268.4	 loss 0.031201	 42.7s
Ep 711	 reward -19.264	 ms 269.7	 loss 0.041958	 47.5s
Ep 712	 reward -19.300	 ms 270.2	 loss 0.063597	 43.3s
Ep 713	 reward -19.211	 ms 268.9	 loss 0.055645	 38.9s
Ep 714	 reward -19.107	 ms 267.5	 loss 0.074486	 45.5s
Ep 715	 reward -19.214	 ms 269.0	 loss 0.037238	 43.1s
Ep 716	 reward -19.246	 ms 269.4	 loss 0.089459	 43.2s
Ep 717	 reward -19.257	 ms 269.6	 loss 0.048729	 45.4s
Ep 718	 reward -19.129	 ms 267.8	 loss 0.029059	 44.4s
Ep 719	 reward -19.254	 ms 269.6	 loss 0.145956	 42.2s
Ep 720	 reward -19.321	 ms 270.5	 loss 0.045392	 42.4s
Ep 721	 reward -19.311	 ms 270.4	 loss 0.135483	 46.1s
Ep 722	 reward -19.418	 ms 271.9	 loss 0.153073	 42.4s
Ep 723	 reward -19.432	 ms 272.1	 loss 0.154325	 42.7s
Ep 724	 reward -19.321	 ms 270.5	 loss 0.187548	 45.7s
[vali @725] rel=0.8821 (best 0.8743)  LS=269.8
Ep 725	 reward -19.371	 ms 271.2	 loss 0.045342	 80.3s
Ep 726	 reward -19.386	 ms 271.4	 loss 0.130557	 43.8s
Ep 727	 reward -19.382	 ms 271.4	 loss 0.123526	 44.8s
Ep 728	 reward -19.246	 ms 269.4	 loss 0.200177	 45.0s
Ep 729	 reward -19.293	 ms 270.1	 loss 0.191820	 40.3s
Ep 730	 reward -19.361	 ms 271.1	 loss 0.256969	 44.7s
Ep 731	 reward -19.343	 ms 270.8	 loss 0.287893	 39.3s
Ep 732	 reward -19.339	 ms 270.8	 loss 0.161553	 41.2s
Ep 733	 reward -19.318	 ms 270.4	 loss 0.073887	 37.6s
Ep 734	 reward -19.364	 ms 271.1	 loss 0.041540	 43.3s
Ep 735	 reward -19.307	 ms 270.3	 loss 0.232438	 44.9s
Ep 736	 reward -19.350	 ms 270.9	 loss 0.292328	 41.9s
Ep 737	 reward -19.400	 ms 271.6	 loss 0.204047	 49.8s
Ep 738	 reward -19.279	 ms 269.9	 loss 0.263656	 41.6s
Ep 739	 reward -19.457	 ms 272.4	 loss 0.323888	 44.1s
Ep 740	 reward -19.496	 ms 272.9	 loss 0.363958	 38.2s
Ep 741	 reward -19.246	 ms 269.4	 loss 0.145388	 45.4s
Ep 742	 reward -19.221	 ms 269.1	 loss 0.043723	 41.6s
Ep 743	 reward -19.179	 ms 268.5	 loss 0.144062	 43.6s
Ep 744	 reward -19.189	 ms 268.6	 loss 0.087871	 42.6s
Ep 745	 reward -19.289	 ms 270.1	 loss 0.172412	 44.6s
Ep 746	 reward -19.243	 ms 269.4	 loss 0.193796	 44.0s
Ep 747	 reward -19.261	 ms 269.6	 loss 0.081703	 42.8s
Ep 748	 reward -19.332	 ms 270.6	 loss 0.215593	 44.2s
Ep 749	 reward -19.282	 ms 269.9	 loss 0.023662	 46.2s
[vali @750] rel=0.8798 (best 0.8743)  LS=269.1
Ep 750	 reward -19.243	 ms 269.4	 loss 0.176404	 78.2s
Ep 751	 reward -19.286	 ms 270.0	 loss 0.186660	 44.8s
Ep 752	 reward -19.368	 ms 271.1	 loss 0.038478	 50.2s
Ep 753	 reward -19.332	 ms 270.6	 loss 0.196622	 42.6s
Ep 754	 reward -19.229	 ms 269.2	 loss 0.084385	 45.4s
Ep 755	 reward -19.200	 ms 268.8	 loss 0.146424	 45.3s
Ep 756	 reward -19.382	 ms 271.4	 loss 0.080367	 42.2s
Ep 757	 reward -19.296	 ms 270.1	 loss 0.180579	 47.8s
Ep 758	 reward -19.161	 ms 268.2	 loss 0.098222	 47.3s
Ep 759	 reward -19.218	 ms 269.1	 loss 0.114104	 48.9s
Ep 760	 reward -19.175	 ms 268.4	 loss 0.114488	 41.6s
Ep 761	 reward -19.975	 ms 279.6	 loss 0.083260	 46.6s
Ep 762	 reward -19.961	 ms 279.4	 loss 0.072545	 42.4s
Ep 763	 reward -19.829	 ms 277.6	 loss 0.047135	 44.6s
Ep 764	 reward -20.043	 ms 280.6	 loss 0.181989	 45.5s
Ep 765	 reward -19.796	 ms 277.1	 loss 0.099644	 44.4s
Ep 766	 reward -19.854	 ms 277.9	 loss 0.052656	 41.2s
Ep 767	 reward -19.779	 ms 276.9	 loss 0.034874	 43.4s
Ep 768	 reward -19.854	 ms 277.9	 loss 0.125202	 45.7s
Ep 769	 reward -19.893	 ms 278.5	 loss 0.185652	 45.9s
Ep 770	 reward -19.868	 ms 278.1	 loss 0.049979	 45.3s
Ep 771	 reward -19.836	 ms 277.7	 loss 0.122016	 46.6s
Ep 772	 reward -19.843	 ms 277.8	 loss 0.036580	 43.2s
Ep 773	 reward -19.918	 ms 278.9	 loss 0.025322	 40.2s
Ep 774	 reward -19.879	 ms 278.3	 loss 0.107854	 41.4s
[vali @775] rel=0.8865 (best 0.8743)  LS=271.1
Ep 775	 reward -19.868	 ms 278.1	 loss 0.135994	 87.4s
Ep 776	 reward -19.936	 ms 279.1	 loss -0.028730	 42.7s
Ep 777	 reward -20.011	 ms 280.1	 loss 0.052321	 40.6s
Ep 778	 reward -19.957	 ms 279.4	 loss 0.094045	 44.1s
Ep 779	 reward -19.904	 ms 278.6	 loss -0.003929	 42.6s
Ep 780	 reward -19.925	 ms 278.9	 loss 0.087946	 45.2s
Ep 781	 reward -19.729	 ms 276.2	 loss 0.168180	 42.2s
Ep 782	 reward -19.754	 ms 276.6	 loss 0.066854	 43.0s
Ep 783	 reward -19.807	 ms 277.3	 loss 0.149303	 46.6s
Ep 784	 reward -19.675	 ms 275.4	 loss 0.209430	 44.6s
Ep 785	 reward -19.704	 ms 275.9	 loss 0.034808	 41.7s
Ep 786	 reward -19.721	 ms 276.1	 loss 0.094735	 38.7s
Ep 787	 reward -19.796	 ms 277.1	 loss 0.067010	 37.8s
Ep 788	 reward -19.682	 ms 275.6	 loss 0.061801	 40.5s
Ep 789	 reward -19.811	 ms 277.4	 loss -0.016656	 43.4s
Ep 790	 reward -19.750	 ms 276.5	 loss 0.063353	 42.7s
Ep 791	 reward -19.736	 ms 276.3	 loss 0.064515	 45.3s
Ep 792	 reward -19.807	 ms 277.3	 loss 0.166472	 41.6s
Ep 793	 reward -19.714	 ms 276.0	 loss 0.252356	 42.6s
Ep 794	 reward -19.825	 ms 277.6	 loss -0.027398	 38.8s
Ep 795	 reward -19.818	 ms 277.4	 loss 0.084115	 43.2s
Ep 796	 reward -19.711	 ms 275.9	 loss -0.026700	 41.5s
Ep 797	 reward -19.786	 ms 277.0	 loss 0.128601	 43.9s
Ep 798	 reward -19.911	 ms 278.8	 loss 0.060496	 47.5s
Ep 799	 reward -19.825	 ms 277.6	 loss 0.140950	 42.7s
[vali @800] rel=0.8890 (best 0.8743)  LS=271.9
Ep 800	 reward -19.704	 ms 275.9	 loss 0.087221	 81.6s
Ep 801	 reward -19.411	 ms 271.8	 loss 0.022752	 47.7s
Ep 802	 reward -19.354	 ms 270.9	 loss 0.244149	 41.5s
Ep 803	 reward -19.168	 ms 268.4	 loss 0.184168	 47.3s
Ep 804	 reward -19.232	 ms 269.2	 loss 0.023316	 47.7s
Ep 805	 reward -19.304	 ms 270.2	 loss -0.036064	 44.6s
Ep 806	 reward -19.464	 ms 272.5	 loss 0.015999	 44.6s
Ep 807	 reward -19.339	 ms 270.8	 loss -0.020861	 42.3s
Ep 808	 reward -19.314	 ms 270.4	 loss 0.039258	 48.9s
Ep 809	 reward -19.414	 ms 271.8	 loss 0.228624	 45.5s
Ep 810	 reward -19.407	 ms 271.7	 loss 0.021818	 45.0s
Ep 811	 reward -19.400	 ms 271.6	 loss 0.001479	 47.0s
Ep 812	 reward -19.436	 ms 272.1	 loss 0.088556	 46.7s
Ep 813	 reward -19.386	 ms 271.4	 loss 0.007784	 40.9s
Ep 814	 reward -19.296	 ms 270.1	 loss 0.127570	 49.1s
Ep 815	 reward -19.489	 ms 272.9	 loss 0.074907	 41.5s
Ep 816	 reward -19.336	 ms 270.7	 loss -0.001206	 44.4s
Ep 817	 reward -19.232	 ms 269.2	 loss 0.143045	 44.2s
Ep 818	 reward -19.304	 ms 270.2	 loss -0.047614	 44.6s
Ep 819	 reward -19.286	 ms 270.0	 loss 0.069179	 43.5s
Ep 820	 reward -19.300	 ms 270.2	 loss 0.268385	 40.4s
Ep 821	 reward -19.693	 ms 275.7	 loss 0.228070	 41.3s
Ep 822	 reward -19.586	 ms 274.2	 loss 0.005415	 43.8s
Ep 823	 reward -19.607	 ms 274.5	 loss 0.123002	 40.8s
Ep 824	 reward -19.625	 ms 274.8	 loss 0.045137	 44.8s
[vali @825] rel=0.8847 (best 0.8743)  LS=270.6
Ep 825	 reward -19.732	 ms 276.2	 loss 0.206834	 85.4s
Ep 826	 reward -19.646	 ms 275.1	 loss 0.299311	 39.3s
Ep 827	 reward -19.604	 ms 274.4	 loss 0.159948	 39.9s
Ep 828	 reward -19.729	 ms 276.2	 loss 0.194234	 45.3s
Ep 829	 reward -19.650	 ms 275.1	 loss 0.215510	 41.0s
Ep 830	 reward -19.661	 ms 275.2	 loss 0.271220	 43.5s
Ep 831	 reward -19.754	 ms 276.6	 loss 0.215533	 44.4s
Ep 832	 reward -19.779	 ms 276.9	 loss 0.135040	 47.3s
Ep 833	 reward -19.707	 ms 275.9	 loss 0.202848	 40.8s
Ep 834	 reward -19.757	 ms 276.6	 loss 0.226101	 45.1s
Ep 835	 reward -19.661	 ms 275.2	 loss 0.138299	 44.4s
Ep 836	 reward -19.754	 ms 276.6	 loss 0.126808	 44.4s
Ep 837	 reward -19.775	 ms 276.9	 loss 0.203031	 45.3s
Ep 838	 reward -19.832	 ms 277.6	 loss 0.057435	 44.6s
Ep 839	 reward -19.689	 ms 275.6	 loss 0.219121	 42.4s
Ep 840	 reward -19.714	 ms 276.0	 loss 0.225730	 43.2s
Ep 841	 reward -19.543	 ms 273.6	 loss 0.232567	 44.6s
Ep 842	 reward -19.639	 ms 274.9	 loss 0.203937	 43.6s
Ep 843	 reward -19.564	 ms 273.9	 loss 0.178504	 45.7s
Ep 844	 reward -19.664	 ms 275.3	 loss 0.020190	 49.1s
Ep 845	 reward -19.618	 ms 274.6	 loss 0.262830	 43.8s
Ep 846	 reward -19.589	 ms 274.2	 loss 0.121330	 45.5s
Ep 847	 reward -19.750	 ms 276.5	 loss 0.096253	 43.9s
Ep 848	 reward -19.514	 ms 273.2	 loss 0.275854	 44.0s
Ep 849	 reward -19.457	 ms 272.4	 loss 0.294303	 43.9s
[vali @850] rel=0.8789 (best 0.8743)  LS=268.8
Ep 850	 reward -19.454	 ms 272.4	 loss 0.254091	 82.8s
Ep 851	 reward -19.461	 ms 272.4	 loss 0.292618	 47.8s
Ep 852	 reward -19.507	 ms 273.1	 loss 0.124789	 45.3s
Ep 853	 reward -19.561	 ms 273.9	 loss 0.158979	 39.8s
Ep 854	 reward -19.546	 ms 273.6	 loss 0.115056	 48.2s
Ep 855	 reward -19.561	 ms 273.9	 loss 0.081576	 42.0s
Ep 856	 reward -19.457	 ms 272.4	 loss 0.135578	 42.6s
Ep 857	 reward -19.489	 ms 272.9	 loss 0.250231	 46.0s
Ep 858	 reward -19.536	 ms 273.5	 loss 0.066985	 42.8s
Ep 859	 reward -19.621	 ms 274.7	 loss 0.220998	 45.4s
Ep 860	 reward -19.625	 ms 274.8	 loss 0.262849	 38.5s
Ep 861	 reward -19.554	 ms 273.8	 loss 0.310984	 45.0s
Ep 862	 reward -19.596	 ms 274.4	 loss 0.060871	 43.2s
Ep 863	 reward -19.621	 ms 274.7	 loss 0.216775	 46.7s
Ep 864	 reward -19.457	 ms 272.4	 loss 0.198232	 42.0s
Ep 865	 reward -19.511	 ms 273.1	 loss 0.040670	 42.3s
Ep 866	 reward -19.546	 ms 273.6	 loss 0.029462	 43.9s
Ep 867	 reward -19.543	 ms 273.6	 loss 0.007069	 42.0s
Ep 868	 reward -19.579	 ms 274.1	 loss 0.185534	 44.2s
Ep 869	 reward -19.546	 ms 273.6	 loss 0.063711	 43.5s
Ep 870	 reward -19.461	 ms 272.4	 loss -0.021954	 45.2s
Ep 871	 reward -19.689	 ms 275.6	 loss 0.073011	 43.0s
Ep 872	 reward -19.464	 ms 272.5	 loss 0.089736	 45.5s
Ep 873	 reward -19.407	 ms 271.7	 loss 0.165366	 43.1s
Ep 874	 reward -19.504	 ms 273.1	 loss 0.263582	 38.9s
[vali @875] rel=0.8823 (best 0.8743)  LS=269.9
Ep 875	 reward -19.550	 ms 273.7	 loss 0.313815	 90.0s
Ep 876	 reward -19.600	 ms 274.4	 loss 0.155506	 44.9s
Ep 877	 reward -19.479	 ms 272.7	 loss -0.025343	 47.8s
Ep 878	 reward -19.493	 ms 272.9	 loss 0.047337	 42.1s
Ep 879	 reward -19.471	 ms 272.6	 loss 0.059354	 45.5s
Ep 880	 reward -19.361	 ms 271.1	 loss 0.023115	 43.5s
Ep 881	 reward -19.425	 ms 271.9	 loss 0.330218	 41.7s
Ep 882	 reward -19.482	 ms 272.8	 loss 0.245909	 42.0s
Ep 883	 reward -19.414	 ms 271.8	 loss 0.209597	 43.1s
Ep 884	 reward -19.443	 ms 272.2	 loss 0.311611	 42.4s
Ep 885	 reward -19.336	 ms 270.7	 loss 0.278972	 46.3s
Ep 886	 reward -19.421	 ms 271.9	 loss 0.077397	 43.0s
Ep 887	 reward -19.418	 ms 271.9	 loss 0.078256	 40.8s
Ep 888	 reward -19.414	 ms 271.8	 loss 0.323330	 46.1s
Ep 889	 reward -19.393	 ms 271.5	 loss 0.243280	 43.1s
Ep 890	 reward -19.475	 ms 272.6	 loss 0.259697	 45.0s
Ep 891	 reward -19.407	 ms 271.7	 loss 0.229292	 44.5s
Ep 892	 reward -19.336	 ms 270.7	 loss 0.057515	 39.1s
Ep 893	 reward -19.268	 ms 269.8	 loss 0.203615	 44.5s
Ep 894	 reward -19.421	 ms 271.9	 loss 0.101893	 43.2s
Ep 895	 reward -19.282	 ms 269.9	 loss 0.226456	 43.1s
Ep 896	 reward -19.396	 ms 271.6	 loss 0.233120	 41.4s
Ep 897	 reward -19.282	 ms 269.9	 loss 0.066437	 46.9s
Ep 898	 reward -19.464	 ms 272.5	 loss 0.051762	 42.9s
Ep 899	 reward -19.400	 ms 271.6	 loss 0.230638	 43.8s
[vali @900] rel=0.8792 (best 0.8743)  LS=268.9
Ep 900	 reward -19.350	 ms 270.9	 loss 0.275074	 84.3s
Ep 901	 reward -19.361	 ms 271.1	 loss 0.117056	 45.9s
Ep 902	 reward -19.379	 ms 271.3	 loss 0.191376	 43.4s
Ep 903	 reward -19.375	 ms 271.2	 loss 0.060695	 45.8s
Ep 904	 reward -19.314	 ms 270.4	 loss 0.153745	 47.7s
Ep 905	 reward -19.371	 ms 271.2	 loss 0.218867	 46.7s
Ep 906	 reward -19.336	 ms 270.7	 loss 0.094969	 41.7s
Ep 907	 reward -19.257	 ms 269.6	 loss 0.149443	 39.1s
Ep 908	 reward -19.329	 ms 270.6	 loss 0.141521	 45.2s
Ep 909	 reward -19.382	 ms 271.4	 loss 0.195125	 44.0s
Ep 910	 reward -19.254	 ms 269.6	 loss 0.188083	 48.5s
Ep 911	 reward -19.221	 ms 269.1	 loss 0.081078	 42.8s
Ep 912	 reward -19.218	 ms 269.1	 loss 0.032343	 43.9s
Ep 913	 reward -19.261	 ms 269.6	 loss 0.131860	 42.1s
Ep 914	 reward -19.354	 ms 270.9	 loss 0.153215	 42.9s
Ep 915	 reward -19.243	 ms 269.4	 loss 0.138822	 45.5s
Ep 916	 reward -19.296	 ms 270.1	 loss 0.073489	 45.8s
Ep 917	 reward -19.246	 ms 269.4	 loss 0.192604	 43.8s
Ep 918	 reward -19.254	 ms 269.6	 loss 0.161419	 47.2s
Ep 919	 reward -19.264	 ms 269.7	 loss 0.137942	 43.5s
Ep 920	 reward -19.279	 ms 269.9	 loss 0.087443	 41.0s
Ep 921	 reward -19.000	 ms 266.0	 loss 0.165339	 42.5s
Ep 922	 reward -18.943	 ms 265.2	 loss 0.275475	 45.9s
Ep 923	 reward -18.839	 ms 263.8	 loss 0.219326	 47.4s
Ep 924	 reward -18.761	 ms 262.6	 loss 0.167915	 42.3s
[vali @925] rel=0.8784 (best 0.8743)  LS=268.6
Ep 925	 reward -18.821	 ms 263.5	 loss 0.207975	 80.5s
Ep 926	 reward -18.879	 ms 264.3	 loss 0.283771	 41.4s
Ep 927	 reward -18.900	 ms 264.6	 loss 0.279383	 42.4s
Ep 928	 reward -18.839	 ms 263.8	 loss 0.290117	 43.4s
Ep 929	 reward -18.918	 ms 264.9	 loss 0.235085	 44.1s
Ep 930	 reward -18.893	 ms 264.5	 loss 0.221253	 42.1s
Ep 931	 reward -18.875	 ms 264.2	 loss 0.262443	 44.9s
Ep 932	 reward -18.882	 ms 264.4	 loss 0.230001	 43.6s
Ep 933	 reward -18.775	 ms 262.9	 loss 0.124413	 42.2s
Ep 934	 reward -18.793	 ms 263.1	 loss 0.194726	 40.0s
Ep 935	 reward -18.932	 ms 265.1	 loss 0.230053	 44.1s
Ep 936	 reward -18.939	 ms 265.1	 loss 0.121521	 45.1s
Ep 937	 reward -18.854	 ms 263.9	 loss 0.277132	 46.2s
Ep 938	 reward -18.986	 ms 265.8	 loss 0.294673	 46.8s
Ep 939	 reward -18.811	 ms 263.4	 loss 0.225972	 45.0s
Ep 940	 reward -18.875	 ms 264.2	 loss -0.022511	 43.9s
Ep 941	 reward -19.329	 ms 270.6	 loss 0.246437	 44.3s
Ep 942	 reward -19.325	 ms 270.6	 loss 0.168299	 47.3s
Ep 943	 reward -19.318	 ms 270.4	 loss 0.141758	 43.5s
Ep 944	 reward -19.343	 ms 270.8	 loss 0.279678	 47.8s
Ep 945	 reward -19.432	 ms 272.1	 loss 0.268792	 47.5s
Ep 946	 reward -19.425	 ms 271.9	 loss 0.274854	 46.6s
Ep 947	 reward -19.389	 ms 271.4	 loss 0.322318	 40.2s
Ep 948	 reward -19.314	 ms 270.4	 loss 0.232174	 43.9s
Ep 949	 reward -19.293	 ms 270.1	 loss 0.293701	 41.4s
[vali @950] rel=0.8779 (best 0.8743)  LS=268.5
Ep 950	 reward -19.443	 ms 272.2	 loss 0.300091	 81.2s
Ep 951	 reward -19.496	 ms 272.9	 loss 0.292685	 47.3s
Ep 952	 reward -19.414	 ms 271.8	 loss 0.262801	 46.2s
Ep 953	 reward -19.386	 ms 271.4	 loss 0.283589	 42.2s
Ep 954	 reward -19.311	 ms 270.4	 loss 0.205038	 43.4s
Ep 955	 reward -19.318	 ms 270.4	 loss 0.296979	 42.5s
Ep 956	 reward -19.346	 ms 270.9	 loss 0.267974	 40.8s
Ep 957	 reward -19.382	 ms 271.4	 loss 0.163345	 43.7s
Ep 958	 reward -19.354	 ms 270.9	 loss 0.215932	 39.6s
Ep 959	 reward -19.429	 ms 272.0	 loss 0.288969	 44.8s
Ep 960	 reward -19.404	 ms 271.6	 loss 0.160218	 40.3s
Ep 961	 reward -19.568	 ms 273.9	 loss 0.072872	 44.9s
Ep 962	 reward -19.457	 ms 272.4	 loss 0.152295	 43.5s
Ep 963	 reward -19.679	 ms 275.5	 loss 0.132794	 44.8s
Ep 964	 reward -19.504	 ms 273.1	 loss 0.150787	 46.0s
Ep 965	 reward -19.721	 ms 276.1	 loss 0.058328	 44.9s
Ep 966	 reward -19.661	 ms 275.2	 loss 0.127370	 42.7s
Ep 967	 reward -19.604	 ms 274.4	 loss 0.061253	 45.1s
Ep 968	 reward -19.625	 ms 274.8	 loss 0.103141	 44.1s
Ep 969	 reward -19.611	 ms 274.6	 loss 0.152889	 40.8s
Ep 970	 reward -19.536	 ms 273.5	 loss 0.083623	 44.4s
Ep 971	 reward -19.568	 ms 273.9	 loss 0.152239	 45.6s
Ep 972	 reward -19.561	 ms 273.9	 loss 0.083226	 43.7s
Ep 973	 reward -19.557	 ms 273.8	 loss 0.158610	 44.6s
Ep 974	 reward -19.575	 ms 274.1	 loss 0.059852	 43.6s
[vali @975] rel=0.8774 (best 0.8743)  LS=268.4
Ep 975	 reward -19.632	 ms 274.9	 loss 0.065327	 81.1s
Ep 976	 reward -19.614	 ms 274.6	 loss 0.090176	 42.5s
Ep 977	 reward -19.643	 ms 275.0	 loss 0.122272	 45.7s
Ep 978	 reward -19.525	 ms 273.4	 loss 0.142960	 43.9s
Ep 979	 reward -19.482	 ms 272.8	 loss 0.093378	 42.4s
Ep 980	 reward -19.471	 ms 272.6	 loss -0.093561	 39.8s
Ep 981	 reward -19.000	 ms 266.0	 loss 0.028242	 41.9s
Ep 982	 reward -19.021	 ms 266.3	 loss -0.020548	 45.7s
Ep 983	 reward -19.057	 ms 266.8	 loss 0.090963	 46.9s
Ep 984	 reward -19.168	 ms 268.4	 loss 0.191505	 44.1s
Ep 985	 reward -19.046	 ms 266.6	 loss 0.104221	 40.1s
Ep 986	 reward -18.925	 ms 264.9	 loss 0.030686	 43.8s
Ep 987	 reward -18.939	 ms 265.1	 loss 0.071687	 46.7s
Ep 988	 reward -19.061	 ms 266.9	 loss 0.130581	 44.8s
Ep 989	 reward -18.975	 ms 265.6	 loss 0.034036	 44.0s
Ep 990	 reward -18.968	 ms 265.6	 loss 0.106218	 44.4s
Ep 991	 reward -18.932	 ms 265.1	 loss 0.050808	 46.8s
Ep 992	 reward -19.025	 ms 266.4	 loss 0.165180	 45.3s
Ep 993	 reward -18.914	 ms 264.8	 loss 0.055217	 42.4s
Ep 994	 reward -18.986	 ms 265.8	 loss 0.124162	 40.5s
Ep 995	 reward -18.968	 ms 265.6	 loss 0.076843	 39.1s
Ep 996	 reward -19.046	 ms 266.6	 loss 0.081080	 39.2s
Ep 997	 reward -18.968	 ms 265.6	 loss 0.065887	 37.8s
Ep 998	 reward -18.893	 ms 264.5	 loss 0.049471	 42.2s
Ep 999	 reward -18.946	 ms 265.2	 loss 0.034278	 41.3s
[vali @1000] rel=0.8769 (best 0.8743)  LS=268.2
Ep 1000	 reward -18.957	 ms 265.4	 loss 0.130898	 71.8s
[train_family] done in 12.17 h; best rel=0.8743
