[vali] MWKR norms: LSW=338.1
[model] params total=32786  film=0 (0.00%)
[train_family] model=10x25+family+spec-LSW-s302 regimes=['LSW'] updates=1000
Ep 1	 reward -21.218	 ms 297.1	 loss 1.297688	 6.5s
Ep 2	 reward -21.386	 ms 299.4	 loss 1.151854	 6.0s
Ep 3	 reward -21.100	 ms 295.4	 loss 1.232655	 6.7s
Ep 4	 reward -21.268	 ms 297.8	 loss 0.918595	 6.5s
Ep 5	 reward -21.264	 ms 297.7	 loss 0.941587	 6.9s
Ep 6	 reward -21.100	 ms 295.4	 loss 1.076534	 6.4s
Ep 7	 reward -21.229	 ms 297.2	 loss 0.800266	 5.9s
Ep 8	 reward -21.300	 ms 298.2	 loss 0.837671	 6.8s
Ep 9	 reward -21.246	 ms 297.4	 loss 0.810709	 7.1s
Ep 10	 reward -21.232	 ms 297.2	 loss 0.777450	 7.6s
Ep 11	 reward -21.082	 ms 295.1	 loss 0.828058	 7.2s
Ep 12	 reward -21.136	 ms 295.9	 loss 0.677147	 6.8s
Ep 13	 reward -21.107	 ms 295.5	 loss 0.662859	 7.3s
Ep 14	 reward -21.161	 ms 296.2	 loss 0.704832	 8.5s
Ep 15	 reward -21.139	 ms 295.9	 loss 0.530065	 8.3s
Ep 16	 reward -21.057	 ms 294.8	 loss 0.603717	 7.3s
Ep 17	 reward -21.193	 ms 296.7	 loss 0.672639	 7.6s
Ep 18	 reward -21.111	 ms 295.6	 loss 0.550804	 7.2s
Ep 19	 reward -21.164	 ms 296.3	 loss 0.692072	 7.1s
Ep 20	 reward -21.225	 ms 297.1	 loss 0.466292	 8.1s
Ep 21	 reward -21.436	 ms 300.1	 loss 0.450141	 7.7s
Ep 22	 reward -21.279	 ms 297.9	 loss 0.440814	 7.1s
Ep 23	 reward -21.389	 ms 299.4	 loss 0.830329	 7.3s
Ep 24	 reward -21.425	 ms 299.9	 loss 0.393408	 7.1s
[vali @25] rel=0.8549 (best 0.8549)  LSW=289.1
Ep 25	 reward -21.586	 ms 302.2	 loss 0.648283	 11.0s
Ep 26	 reward -21.314	 ms 298.4	 loss 0.505345	 7.3s
Ep 27	 reward -21.343	 ms 298.8	 loss 0.753039	 8.4s
Ep 28	 reward -21.418	 ms 299.9	 loss 0.594342	 8.1s
Ep 29	 reward -21.611	 ms 302.6	 loss 0.545852	 8.3s
Ep 30	 reward -21.711	 ms 303.9	 loss 0.357988	 8.2s
Ep 31	 reward -21.464	 ms 300.5	 loss 0.326810	 7.5s
Ep 32	 reward -21.211	 ms 296.9	 loss 0.707471	 7.2s
Ep 33	 reward -21.368	 ms 299.1	 loss 0.754364	 7.5s
Ep 34	 reward -21.264	 ms 297.7	 loss 0.617946	 6.7s
Ep 35	 reward -21.114	 ms 295.6	 loss 0.410723	 9.1s
Ep 36	 reward -21.318	 ms 298.4	 loss 0.362642	 6.4s
Ep 37	 reward -21.421	 ms 299.9	 loss 0.591417	 7.7s
Ep 38	 reward -21.357	 ms 299.0	 loss 0.476218	 8.6s
Ep 39	 reward -21.175	 ms 296.4	 loss 0.394817	 8.9s
Ep 40	 reward -20.961	 ms 293.4	 loss 0.438160	 6.9s
Ep 41	 reward -21.471	 ms 300.6	 loss 0.566693	 7.4s
Ep 42	 reward -21.393	 ms 299.5	 loss 0.340241	 6.5s
Ep 43	 reward -21.232	 ms 297.2	 loss 0.310383	 7.1s
Ep 44	 reward -21.707	 ms 303.9	 loss 0.433790	 6.7s
Ep 45	 reward -21.807	 ms 305.3	 loss 0.401067	 6.5s
Ep 46	 reward -21.500	 ms 301.0	 loss 0.404637	 7.6s
Ep 47	 reward -21.618	 ms 302.6	 loss 0.368330	 6.4s
Ep 48	 reward -21.404	 ms 299.6	 loss 0.476956	 7.1s
Ep 49	 reward -21.089	 ms 295.2	 loss 0.525071	 6.5s
[vali @50] rel=0.8554 (best 0.8549)  LSW=289.2
Ep 50	 reward -21.296	 ms 298.1	 loss 0.386049	 12.5s
Ep 51	 reward -21.511	 ms 301.1	 loss 0.467808	 7.1s
Ep 52	 reward -21.236	 ms 297.3	 loss 0.338451	 8.4s
Ep 53	 reward -21.207	 ms 296.9	 loss 0.252068	 7.0s
Ep 54	 reward -21.271	 ms 297.8	 loss 0.550074	 7.4s
Ep 55	 reward -21.050	 ms 294.7	 loss 0.538192	 7.3s
Ep 56	 reward -21.196	 ms 296.8	 loss 0.401644	 7.1s
Ep 57	 reward -21.143	 ms 296.0	 loss 0.337346	 7.8s
Ep 58	 reward -21.032	 ms 294.4	 loss 0.498605	 7.4s
Ep 59	 reward -21.200	 ms 296.8	 loss 0.373483	 7.5s
Ep 60	 reward -21.186	 ms 296.6	 loss 0.228699	 7.6s
Ep 61	 reward -20.850	 ms 291.9	 loss 0.309742	 7.6s
Ep 62	 reward -20.796	 ms 291.1	 loss 0.315787	 8.2s
Ep 63	 reward -20.771	 ms 290.8	 loss 0.322278	 8.0s
Ep 64	 reward -20.929	 ms 293.0	 loss 0.388136	 8.4s
Ep 65	 reward -21.004	 ms 294.1	 loss 0.353858	 8.6s
Ep 66	 reward -20.839	 ms 291.8	 loss 0.256135	 8.5s
Ep 67	 reward -21.146	 ms 296.1	 loss 0.412432	 8.1s
Ep 68	 reward -21.018	 ms 294.2	 loss 0.316778	 8.3s
Ep 69	 reward -20.686	 ms 289.6	 loss 0.351000	 8.9s
Ep 70	 reward -20.729	 ms 290.2	 loss 0.272986	 8.4s
Ep 71	 reward -20.729	 ms 290.2	 loss 0.298592	 9.3s
Ep 72	 reward -20.725	 ms 290.1	 loss 0.340293	 8.9s
Ep 73	 reward -20.704	 ms 289.9	 loss 0.236878	 9.2s
Ep 74	 reward -20.671	 ms 289.4	 loss 0.263333	 10.1s
[vali @75] rel=0.8637 (best 0.8549)  LSW=292.1
Ep 75	 reward -20.725	 ms 290.1	 loss 0.324708	 14.3s
Ep 76	 reward -20.771	 ms 290.8	 loss 0.250681	 8.4s
Ep 77	 reward -20.711	 ms 289.9	 loss 0.317147	 8.2s
Ep 78	 reward -20.854	 ms 291.9	 loss 0.268245	 8.4s
Ep 79	 reward -20.864	 ms 292.1	 loss 0.318559	 8.5s
Ep 80	 reward -20.850	 ms 291.9	 loss 0.306810	 9.5s
Ep 81	 reward -20.704	 ms 289.9	 loss 0.508871	 8.2s
Ep 82	 reward -20.811	 ms 291.4	 loss 0.491404	 8.8s
Ep 83	 reward -20.811	 ms 291.4	 loss 0.406158	 8.7s
Ep 84	 reward -20.914	 ms 292.8	 loss 0.467848	 8.8s
Ep 85	 reward -20.768	 ms 290.8	 loss 0.439245	 8.7s
Ep 86	 reward -20.821	 ms 291.5	 loss 0.476616	 8.9s
Ep 87	 reward -20.693	 ms 289.7	 loss 0.311119	 8.7s
Ep 88	 reward -20.889	 ms 292.4	 loss 0.439688	 9.2s
Ep 89	 reward -20.743	 ms 290.4	 loss 0.344563	 9.1s
Ep 90	 reward -20.839	 ms 291.8	 loss 0.316079	 8.7s
Ep 91	 reward -21.093	 ms 295.3	 loss 0.519997	 9.6s
Ep 92	 reward -21.261	 ms 297.6	 loss 0.551043	 9.2s
Ep 93	 reward -20.839	 ms 291.8	 loss 0.600805	 9.0s
Ep 94	 reward -20.729	 ms 290.2	 loss 0.323226	 8.9s
Ep 95	 reward -20.789	 ms 291.1	 loss 0.426897	 9.3s
Ep 96	 reward -20.914	 ms 292.8	 loss 0.529357	 8.9s
Ep 97	 reward -20.743	 ms 290.4	 loss 0.436723	 9.2s
Ep 98	 reward -20.932	 ms 293.1	 loss 0.514325	 9.3s
Ep 99	 reward -20.843	 ms 291.8	 loss 0.386988	 9.3s
[vali @100] rel=0.8561 (best 0.8549)  LSW=289.5
Ep 100	 reward -20.900	 ms 292.6	 loss 0.466146	 15.1s
Ep 101	 reward -20.654	 ms 289.1	 loss 0.445605	 9.8s
Ep 102	 reward -20.839	 ms 291.8	 loss 0.437876	 10.6s
Ep 103	 reward -20.746	 ms 290.4	 loss 0.470407	 7.8s
Ep 104	 reward -20.950	 ms 293.3	 loss 0.388416	 8.3s
Ep 105	 reward -20.725	 ms 290.1	 loss 0.412781	 8.4s
Ep 106	 reward -20.950	 ms 293.3	 loss 0.563922	 8.5s
Ep 107	 reward -20.961	 ms 293.4	 loss 0.364932	 8.8s
Ep 108	 reward -20.543	 ms 287.6	 loss 0.216970	 9.5s
Ep 109	 reward -20.757	 ms 290.6	 loss 0.394579	 9.7s
Ep 110	 reward -20.721	 ms 290.1	 loss 0.433859	 9.1s
Ep 111	 reward -20.529	 ms 287.4	 loss 0.473945	 9.0s
Ep 112	 reward -20.536	 ms 287.5	 loss 0.317430	 8.4s
Ep 113	 reward -20.679	 ms 289.5	 loss 0.455393	 9.6s
Ep 114	 reward -20.600	 ms 288.4	 loss 0.429170	 10.4s
Ep 115	 reward -20.868	 ms 292.1	 loss 0.338693	 12.0s
Ep 116	 reward -20.782	 ms 290.9	 loss 0.408197	 11.3s
Ep 117	 reward -20.629	 ms 288.8	 loss 0.299501	 11.6s
Ep 118	 reward -20.875	 ms 292.2	 loss 0.384698	 12.6s
Ep 119	 reward -20.543	 ms 287.6	 loss 0.365395	 11.3s
Ep 120	 reward -20.689	 ms 289.6	 loss 0.393881	 11.9s
Ep 121	 reward -21.168	 ms 296.4	 loss 0.655801	 12.0s
Ep 122	 reward -21.121	 ms 295.7	 loss 0.736416	 11.1s
Ep 123	 reward -20.821	 ms 291.5	 loss 0.710486	 12.5s
Ep 124	 reward -21.125	 ms 295.8	 loss 0.702893	 11.6s
[vali @125] rel=0.8524 (best 0.8524)  LSW=288.2
Ep 125	 reward -21.025	 ms 294.4	 loss 0.611275	 19.2s
Ep 126	 reward -21.096	 ms 295.4	 loss 0.637635	 11.7s
Ep 127	 reward -20.986	 ms 293.8	 loss 0.619491	 11.4s
Ep 128	 reward -21.000	 ms 294.0	 loss 0.711156	 11.8s
Ep 129	 reward -21.068	 ms 294.9	 loss 0.616346	 12.1s
Ep 130	 reward -20.914	 ms 292.8	 loss 0.620308	 11.8s
Ep 131	 reward -21.239	 ms 297.4	 loss 0.521689	 12.2s
Ep 132	 reward -21.225	 ms 297.1	 loss 0.542666	 12.0s
Ep 133	 reward -21.196	 ms 296.8	 loss 0.557595	 11.7s
Ep 134	 reward -20.832	 ms 291.6	 loss 0.491202	 11.4s
Ep 135	 reward -20.814	 ms 291.4	 loss 0.492468	 10.6s
Ep 136	 reward -20.875	 ms 292.2	 loss 0.561659	 11.2s
Ep 137	 reward -20.882	 ms 292.4	 loss 0.524891	 10.8s
Ep 138	 reward -21.057	 ms 294.8	 loss 0.532677	 11.0s
Ep 139	 reward -21.043	 ms 294.6	 loss 0.462656	 9.8s
Ep 140	 reward -21.100	 ms 295.4	 loss 0.498026	 10.5s
Ep 141	 reward -20.725	 ms 290.1	 loss 0.530035	 10.1s
Ep 142	 reward -20.854	 ms 291.9	 loss 0.370364	 11.7s
Ep 143	 reward -20.925	 ms 292.9	 loss 0.350225	 11.3s
Ep 144	 reward -20.850	 ms 291.9	 loss 0.368775	 11.7s
Ep 145	 reward -20.689	 ms 289.6	 loss 0.360072	 11.5s
Ep 146	 reward -20.818	 ms 291.4	 loss 0.394305	 11.4s
Ep 147	 reward -20.861	 ms 292.1	 loss 0.299889	 10.9s
Ep 148	 reward -20.796	 ms 291.1	 loss 0.363324	 11.1s
Ep 149	 reward -20.614	 ms 288.6	 loss 0.316340	 10.9s
[vali @150] rel=0.8478 (best 0.8478)  LSW=286.7
Ep 150	 reward -20.732	 ms 290.2	 loss 0.241819	 17.6s
Ep 151	 reward -20.943	 ms 293.2	 loss 0.453590	 10.7s
Ep 152	 reward -20.632	 ms 288.9	 loss 0.379543	 11.1s
Ep 153	 reward -20.754	 ms 290.6	 loss 0.342445	 10.8s
Ep 154	 reward -20.693	 ms 289.7	 loss 0.311982	 10.8s
Ep 155	 reward -20.850	 ms 291.9	 loss 0.368039	 11.6s
Ep 156	 reward -20.929	 ms 293.0	 loss 0.364437	 11.2s
Ep 157	 reward -20.846	 ms 291.9	 loss 0.421864	 11.0s
Ep 158	 reward -20.804	 ms 291.2	 loss 0.388567	 11.4s
Ep 159	 reward -20.982	 ms 293.8	 loss 0.378063	 10.9s
Ep 160	 reward -20.736	 ms 290.3	 loss 0.358373	 11.1s
Ep 161	 reward -20.839	 ms 291.8	 loss 0.376422	 10.7s
Ep 162	 reward -20.725	 ms 290.1	 loss 0.377017	 10.9s
Ep 163	 reward -20.854	 ms 291.9	 loss 0.399856	 9.6s
Ep 164	 reward -20.793	 ms 291.1	 loss 0.416918	 9.9s
Ep 165	 reward -21.050	 ms 294.7	 loss 0.266469	 10.6s
Ep 166	 reward -21.029	 ms 294.4	 loss 0.274880	 10.7s
Ep 167	 reward -20.875	 ms 292.2	 loss 0.259475	 10.4s
Ep 168	 reward -20.850	 ms 291.9	 loss 0.458308	 10.6s
Ep 169	 reward -20.821	 ms 291.5	 loss 0.303395	 9.7s
Ep 170	 reward -20.989	 ms 293.9	 loss 0.585980	 10.2s
Ep 171	 reward -21.011	 ms 294.1	 loss 0.175508	 11.0s
Ep 172	 reward -20.846	 ms 291.9	 loss 0.352156	 11.0s
Ep 173	 reward -20.939	 ms 293.1	 loss 0.305070	 11.4s
Ep 174	 reward -20.993	 ms 293.9	 loss 0.372544	 11.1s
[vali @175] rel=0.8493 (best 0.8478)  LSW=287.2
Ep 175	 reward -20.829	 ms 291.6	 loss 0.190685	 18.3s
Ep 176	 reward -20.900	 ms 292.6	 loss 0.343520	 10.8s
Ep 177	 reward -20.832	 ms 291.6	 loss 0.254447	 10.9s
Ep 178	 reward -20.850	 ms 291.9	 loss 0.459677	 11.4s
Ep 179	 reward -20.911	 ms 292.8	 loss 0.236740	 11.1s
Ep 180	 reward -21.186	 ms 296.6	 loss 0.399056	 10.9s
Ep 181	 reward -21.086	 ms 295.2	 loss 0.540729	 11.2s
Ep 182	 reward -21.425	 ms 299.9	 loss 0.615984	 11.0s
Ep 183	 reward -21.264	 ms 297.7	 loss 0.521866	 11.0s
Ep 184	 reward -21.100	 ms 295.4	 loss 0.385469	 11.1s
Ep 185	 reward -21.086	 ms 295.2	 loss 0.531468	 10.9s
Ep 186	 reward -21.182	 ms 296.6	 loss 0.422048	 11.1s
Ep 187	 reward -21.121	 ms 295.7	 loss 0.517079	 10.9s
Ep 188	 reward -21.193	 ms 296.7	 loss 0.422966	 10.7s
Ep 189	 reward -21.325	 ms 298.6	 loss 0.405442	 10.3s
Ep 190	 reward -21.168	 ms 296.4	 loss 0.421715	 10.8s
Ep 191	 reward -21.196	 ms 296.8	 loss 0.483888	 10.1s
Ep 192	 reward -21.046	 ms 294.6	 loss 0.451332	 10.0s
Ep 193	 reward -21.257	 ms 297.6	 loss 0.505092	 10.8s
Ep 194	 reward -21.175	 ms 296.4	 loss 0.460889	 10.2s
Ep 195	 reward -21.000	 ms 294.0	 loss 0.390787	 10.6s
Ep 196	 reward -21.129	 ms 295.8	 loss 0.495658	 10.1s
Ep 197	 reward -21.293	 ms 298.1	 loss 0.506168	 10.1s
Ep 198	 reward -21.225	 ms 297.1	 loss 0.406549	 10.9s
Ep 199	 reward -21.132	 ms 295.9	 loss 0.318556	 10.9s
[vali @200] rel=0.8526 (best 0.8478)  LSW=288.3
Ep 200	 reward -21.179	 ms 296.5	 loss 0.435338	 19.1s
Ep 201	 reward -20.475	 ms 286.6	 loss 0.398581	 11.5s
Ep 202	 reward -20.539	 ms 287.6	 loss 0.433388	 11.5s
Ep 203	 reward -20.632	 ms 288.9	 loss 0.518312	 11.7s
Ep 204	 reward -20.468	 ms 286.6	 loss 0.464115	 11.0s
Ep 205	 reward -20.561	 ms 287.9	 loss 0.353565	 11.3s
Ep 206	 reward -20.571	 ms 288.0	 loss 0.392070	 11.3s
Ep 207	 reward -20.696	 ms 289.8	 loss 0.341640	 11.1s
Ep 208	 reward -20.504	 ms 287.1	 loss 0.516208	 11.1s
Ep 209	 reward -20.271	 ms 283.8	 loss 0.343861	 11.5s
Ep 210	 reward -20.329	 ms 284.6	 loss 0.431766	 11.6s
Ep 211	 reward -20.496	 ms 286.9	 loss 0.294625	 10.9s
Ep 212	 reward -20.500	 ms 287.0	 loss 0.392774	 11.1s
Ep 213	 reward -20.525	 ms 287.4	 loss 0.350235	 11.0s
Ep 214	 reward -20.446	 ms 286.2	 loss 0.315196	 10.7s
Ep 215	 reward -20.500	 ms 287.0	 loss 0.215509	 11.2s
Ep 216	 reward -20.550	 ms 287.7	 loss 0.353820	 11.2s
Ep 217	 reward -20.279	 ms 283.9	 loss 0.446901	 11.2s
Ep 218	 reward -20.489	 ms 286.9	 loss 0.516078	 10.7s
Ep 219	 reward -20.593	 ms 288.3	 loss 0.452153	 10.7s
Ep 220	 reward -20.532	 ms 287.4	 loss 0.415109	 10.0s
Ep 221	 reward -20.868	 ms 292.1	 loss 0.461072	 10.7s
Ep 222	 reward -21.039	 ms 294.6	 loss 0.593823	 10.8s
Ep 223	 reward -20.921	 ms 292.9	 loss 0.483023	 10.9s
Ep 224	 reward -20.779	 ms 290.9	 loss 0.445841	 10.6s
[vali @225] rel=0.8517 (best 0.8478)  LSW=288.0
Ep 225	 reward -20.764	 ms 290.7	 loss 0.363425	 17.7s
Ep 226	 reward -20.886	 ms 292.4	 loss 0.336172	 10.8s
Ep 227	 reward -20.936	 ms 293.1	 loss 0.282163	 11.1s
Ep 228	 reward -20.768	 ms 290.8	 loss 0.489619	 11.6s
Ep 229	 reward -20.768	 ms 290.8	 loss 0.429824	 11.5s
Ep 230	 reward -20.807	 ms 291.3	 loss 0.518684	 11.7s
Ep 231	 reward -20.725	 ms 290.1	 loss 0.463445	 11.7s
Ep 232	 reward -20.782	 ms 290.9	 loss 0.436730	 11.4s
Ep 233	 reward -20.843	 ms 291.8	 loss 0.444326	 11.9s
Ep 234	 reward -20.825	 ms 291.6	 loss 0.296449	 12.1s
Ep 235	 reward -20.761	 ms 290.6	 loss 0.341781	 11.9s
Ep 236	 reward -20.950	 ms 293.3	 loss 0.405052	 11.9s
Ep 237	 reward -20.925	 ms 292.9	 loss 0.480164	 12.0s
Ep 238	 reward -20.804	 ms 291.2	 loss 0.324427	 12.0s
Ep 239	 reward -20.868	 ms 292.1	 loss 0.503590	 11.1s
Ep 240	 reward -20.807	 ms 291.3	 loss 0.477780	 11.9s
Ep 241	 reward -20.504	 ms 287.1	 loss 0.201332	 11.8s
Ep 242	 reward -20.325	 ms 284.6	 loss 0.306710	 11.7s
Ep 243	 reward -20.582	 ms 288.1	 loss 0.221087	 11.7s
Ep 244	 reward -20.650	 ms 289.1	 loss 0.250939	 11.8s
Ep 245	 reward -20.386	 ms 285.4	 loss 0.169373	 11.3s
Ep 246	 reward -20.561	 ms 287.9	 loss 0.221401	 11.6s
Ep 247	 reward -20.493	 ms 286.9	 loss 0.170916	 11.1s
Ep 248	 reward -20.418	 ms 285.9	 loss 0.221564	 10.7s
Ep 249	 reward -20.382	 ms 285.4	 loss 0.230534	 10.3s
[vali @250] rel=0.8442 (best 0.8442)  LSW=285.4
Ep 250	 reward -20.425	 ms 285.9	 loss 0.226753	 18.4s
Ep 251	 reward -20.371	 ms 285.2	 loss 0.210056	 11.1s
Ep 252	 reward -20.361	 ms 285.1	 loss 0.276705	 10.9s
Ep 253	 reward -20.329	 ms 284.6	 loss 0.102122	 10.6s
Ep 254	 reward -20.450	 ms 286.3	 loss 0.260232	 11.2s
Ep 255	 reward -20.564	 ms 287.9	 loss 0.175119	 11.1s
Ep 256	 reward -20.418	 ms 285.9	 loss 0.170005	 11.5s
Ep 257	 reward -20.507	 ms 287.1	 loss 0.106890	 9.9s
Ep 258	 reward -20.461	 ms 286.4	 loss 0.160966	 11.0s
Ep 259	 reward -20.429	 ms 286.0	 loss 0.174870	 11.0s
Ep 260	 reward -20.414	 ms 285.8	 loss 0.288550	 11.1s
Ep 261	 reward -20.850	 ms 291.9	 loss 0.240252	 11.2s
Ep 262	 reward -20.696	 ms 289.8	 loss 0.377706	 11.2s
Ep 263	 reward -20.939	 ms 293.1	 loss 0.560001	 11.3s
Ep 264	 reward -20.575	 ms 288.1	 loss 0.378685	 10.3s
Ep 265	 reward -20.746	 ms 290.4	 loss 0.279828	 11.1s
Ep 266	 reward -20.739	 ms 290.4	 loss 0.193014	 11.2s
Ep 267	 reward -20.761	 ms 290.6	 loss 0.253662	 11.2s
Ep 268	 reward -20.714	 ms 290.0	 loss 0.170843	 11.2s
Ep 269	 reward -20.800	 ms 291.2	 loss 0.341789	 11.1s
Ep 270	 reward -20.707	 ms 289.9	 loss 0.408242	 11.5s
Ep 271	 reward -20.811	 ms 291.4	 loss 0.339043	 11.4s
Ep 272	 reward -20.746	 ms 290.4	 loss 0.301728	 11.5s
Ep 273	 reward -20.711	 ms 289.9	 loss 0.323454	 11.8s
Ep 274	 reward -20.771	 ms 290.8	 loss 0.395110	 11.2s
[vali @275] rel=0.8474 (best 0.8442)  LSW=286.6
Ep 275	 reward -20.793	 ms 291.1	 loss 0.444910	 18.6s
Ep 276	 reward -20.843	 ms 291.8	 loss 0.386235	 10.7s
Ep 277	 reward -20.832	 ms 291.6	 loss 0.288965	 11.3s
Ep 278	 reward -20.725	 ms 290.1	 loss 0.318604	 11.3s
Ep 279	 reward -20.757	 ms 290.6	 loss 0.410854	 10.4s
Ep 280	 reward -20.639	 ms 288.9	 loss 0.193615	 10.3s
Ep 281	 reward -20.936	 ms 293.1	 loss 0.400529	 10.4s
Ep 282	 reward -20.786	 ms 291.0	 loss 0.297424	 10.6s
Ep 283	 reward -20.761	 ms 290.6	 loss 0.275976	 11.0s
Ep 284	 reward -20.829	 ms 291.6	 loss 0.304942	 10.7s
Ep 285	 reward -20.875	 ms 292.2	 loss 0.259453	 11.6s
Ep 286	 reward -20.786	 ms 291.0	 loss 0.399198	 12.0s
Ep 287	 reward -20.879	 ms 292.3	 loss 0.456174	 11.7s
Ep 288	 reward -20.768	 ms 290.8	 loss 0.164088	 11.3s
Ep 289	 reward -20.907	 ms 292.7	 loss 0.271457	 11.8s
Ep 290	 reward -20.843	 ms 291.8	 loss 0.324866	 11.5s
Ep 291	 reward -20.936	 ms 293.1	 loss 0.148109	 11.4s
Ep 292	 reward -20.825	 ms 291.6	 loss 0.259508	 11.3s
Ep 293	 reward -20.729	 ms 290.2	 loss 0.218405	 12.1s
Ep 294	 reward -20.725	 ms 290.1	 loss 0.284277	 11.6s
Ep 295	 reward -20.846	 ms 291.9	 loss 0.293137	 11.9s
Ep 296	 reward -20.943	 ms 293.2	 loss 0.290380	 11.5s
Ep 297	 reward -20.811	 ms 291.4	 loss 0.145570	 11.7s
Ep 298	 reward -20.682	 ms 289.6	 loss 0.132849	 12.0s
Ep 299	 reward -20.679	 ms 289.5	 loss 0.235741	 12.1s
[vali @300] rel=0.8484 (best 0.8442)  LSW=286.9
Ep 300	 reward -20.796	 ms 291.1	 loss 0.179760	 18.8s
Ep 301	 reward -20.779	 ms 290.9	 loss 0.303041	 12.2s
Ep 302	 reward -20.643	 ms 289.0	 loss 0.245228	 11.4s
Ep 303	 reward -20.868	 ms 292.1	 loss 0.296767	 11.1s
Ep 304	 reward -20.696	 ms 289.8	 loss 0.376292	 10.9s
Ep 305	 reward -20.671	 ms 289.4	 loss 0.228541	 11.8s
Ep 306	 reward -20.739	 ms 290.4	 loss 0.194466	 10.9s
Ep 307	 reward -20.664	 ms 289.3	 loss 0.229434	 10.6s
Ep 308	 reward -20.618	 ms 288.6	 loss 0.266896	 10.6s
Ep 309	 reward -20.529	 ms 287.4	 loss 0.283266	 11.0s
Ep 310	 reward -20.796	 ms 291.1	 loss 0.348330	 11.9s
Ep 311	 reward -20.721	 ms 290.1	 loss 0.290005	 11.3s
Ep 312	 reward -20.743	 ms 290.4	 loss 0.244194	 11.3s
Ep 313	 reward -20.618	 ms 288.6	 loss 0.335091	 10.7s
Ep 314	 reward -20.800	 ms 291.2	 loss 0.217661	 12.3s
Ep 315	 reward -20.786	 ms 291.0	 loss 0.224045	 11.6s
Ep 316	 reward -20.657	 ms 289.2	 loss 0.251440	 12.1s
Ep 317	 reward -20.746	 ms 290.4	 loss 0.320054	 11.6s
Ep 318	 reward -20.961	 ms 293.4	 loss 0.300870	 12.0s
Ep 319	 reward -20.746	 ms 290.4	 loss 0.268213	 11.3s
Ep 320	 reward -20.589	 ms 288.2	 loss 0.340719	 11.9s
Ep 321	 reward -20.864	 ms 292.1	 loss 0.374433	 11.4s
Ep 322	 reward -20.904	 ms 292.6	 loss 0.341458	 11.8s
Ep 323	 reward -20.871	 ms 292.2	 loss 0.234423	 12.0s
Ep 324	 reward -20.839	 ms 291.8	 loss 0.313105	 11.9s
[vali @325] rel=0.8481 (best 0.8442)  LSW=286.8
Ep 325	 reward -20.811	 ms 291.4	 loss 0.402636	 18.9s
Ep 326	 reward -20.746	 ms 290.4	 loss 0.237401	 11.7s
Ep 327	 reward -20.804	 ms 291.2	 loss 0.378874	 12.0s
Ep 328	 reward -20.943	 ms 293.2	 loss 0.320823	 11.6s
Ep 329	 reward -20.879	 ms 292.3	 loss 0.282350	 11.6s
Ep 330	 reward -20.900	 ms 292.6	 loss 0.300335	 11.9s
Ep 331	 reward -20.771	 ms 290.8	 loss 0.269249	 11.4s
Ep 332	 reward -20.729	 ms 290.2	 loss 0.383455	 11.3s
Ep 333	 reward -20.821	 ms 291.5	 loss 0.452520	 10.8s
Ep 334	 reward -20.775	 ms 290.9	 loss 0.430149	 10.8s
Ep 335	 reward -20.654	 ms 289.1	 loss 0.273460	 11.5s
Ep 336	 reward -20.839	 ms 291.8	 loss 0.319716	 10.6s
Ep 337	 reward -20.836	 ms 291.7	 loss 0.376259	 11.4s
Ep 338	 reward -20.846	 ms 291.9	 loss 0.295322	 10.5s
Ep 339	 reward -20.682	 ms 289.6	 loss 0.193659	 11.1s
Ep 340	 reward -20.725	 ms 290.1	 loss 0.390211	 11.2s
Ep 341	 reward -20.521	 ms 287.3	 loss 0.405590	 11.4s
Ep 342	 reward -20.639	 ms 288.9	 loss 0.477238	 11.7s
Ep 343	 reward -20.607	 ms 288.5	 loss 0.311312	 11.5s
Ep 344	 reward -20.775	 ms 290.9	 loss 0.440446	 10.7s
Ep 345	 reward -20.657	 ms 289.2	 loss 0.441051	 11.3s
Ep 346	 reward -20.521	 ms 287.3	 loss 0.385558	 12.0s
Ep 347	 reward -20.586	 ms 288.2	 loss 0.271291	 11.5s
Ep 348	 reward -20.568	 ms 287.9	 loss 0.369381	 11.7s
Ep 349	 reward -20.686	 ms 289.6	 loss 0.283905	 11.5s
[vali @350] rel=0.8490 (best 0.8442)  LSW=287.1
Ep 350	 reward -20.643	 ms 289.0	 loss 0.262573	 19.2s
Ep 351	 reward -20.739	 ms 290.4	 loss 0.393802	 11.7s
Ep 352	 reward -20.761	 ms 290.6	 loss 0.366557	 12.2s
Ep 353	 reward -20.571	 ms 288.0	 loss 0.241037	 11.6s
Ep 354	 reward -20.825	 ms 291.6	 loss 0.308340	 11.6s
Ep 355	 reward -20.768	 ms 290.8	 loss 0.349615	 11.7s
Ep 356	 reward -20.711	 ms 289.9	 loss 0.178269	 11.9s
Ep 357	 reward -20.725	 ms 290.1	 loss 0.250310	 11.7s
Ep 358	 reward -20.704	 ms 289.9	 loss 0.229471	 11.6s
Ep 359	 reward -20.629	 ms 288.8	 loss 0.109516	 11.8s
Ep 360	 reward -20.686	 ms 289.6	 loss 0.285108	 11.1s
Ep 361	 reward -20.846	 ms 291.9	 loss 0.204368	 11.3s
Ep 362	 reward -20.936	 ms 293.1	 loss 0.183548	 10.9s
Ep 363	 reward -20.825	 ms 291.6	 loss 0.124247	 11.0s
Ep 364	 reward -20.968	 ms 293.6	 loss 0.324160	 10.6s
Ep 365	 reward -20.921	 ms 292.9	 loss 0.208511	 11.1s
Ep 366	 reward -21.046	 ms 294.6	 loss 0.274065	 10.9s
Ep 367	 reward -20.979	 ms 293.7	 loss 0.410651	 10.6s
Ep 368	 reward -20.943	 ms 293.2	 loss 0.268951	 11.2s
Ep 369	 reward -20.929	 ms 293.0	 loss 0.195987	 10.6s
Ep 370	 reward -20.804	 ms 291.2	 loss 0.207481	 11.0s
Ep 371	 reward -21.000	 ms 294.0	 loss 0.238624	 11.7s
Ep 372	 reward -21.096	 ms 295.4	 loss 0.389735	 11.6s
Ep 373	 reward -21.004	 ms 294.1	 loss 0.291878	 11.8s
Ep 374	 reward -21.043	 ms 294.6	 loss 0.235313	 12.1s
[vali @375] rel=0.8467 (best 0.8442)  LSW=286.3
Ep 375	 reward -20.929	 ms 293.0	 loss 0.198775	 18.2s
Ep 376	 reward -21.043	 ms 294.6	 loss 0.164443	 11.6s
Ep 377	 reward -21.111	 ms 295.6	 loss 0.253733	 11.8s
Ep 378	 reward -20.868	 ms 292.1	 loss 0.228595	 11.4s
Ep 379	 reward -21.036	 ms 294.5	 loss 0.187985	 12.5s
Ep 380	 reward -20.879	 ms 292.3	 loss 0.196757	 11.5s
Ep 381	 reward -20.996	 ms 293.9	 loss 0.418303	 11.7s
Ep 382	 reward -20.929	 ms 293.0	 loss 0.274530	 11.8s
Ep 383	 reward -21.089	 ms 295.2	 loss 0.569374	 11.4s
Ep 384	 reward -21.071	 ms 295.0	 loss 0.269815	 11.9s
Ep 385	 reward -21.157	 ms 296.2	 loss 0.501417	 12.0s
Ep 386	 reward -21.293	 ms 298.1	 loss 0.371732	 11.7s
Ep 387	 reward -21.050	 ms 294.7	 loss 0.421205	 11.8s
Ep 388	 reward -21.196	 ms 296.8	 loss 0.406202	 10.8s
Ep 389	 reward -21.054	 ms 294.8	 loss 0.482992	 11.4s
Ep 390	 reward -21.211	 ms 296.9	 loss 0.465058	 10.8s
Ep 391	 reward -20.946	 ms 293.2	 loss 0.320188	 10.5s
Ep 392	 reward -20.968	 ms 293.6	 loss 0.391986	 10.9s
Ep 393	 reward -20.993	 ms 293.9	 loss 0.425582	 10.4s
Ep 394	 reward -21.086	 ms 295.2	 loss 0.435679	 10.5s
Ep 395	 reward -20.943	 ms 293.2	 loss 0.355934	 11.3s
Ep 396	 reward -21.054	 ms 294.8	 loss 0.233199	 10.6s
Ep 397	 reward -21.143	 ms 296.0	 loss 0.366070	 10.7s
Ep 398	 reward -21.218	 ms 297.1	 loss 0.508187	 11.7s
Ep 399	 reward -21.261	 ms 297.6	 loss 0.188069	 11.9s
[vali @400] rel=0.8468 (best 0.8442)  LSW=286.4
Ep 400	 reward -21.043	 ms 294.6	 loss 0.338272	 18.9s
Ep 401	 reward -20.782	 ms 290.9	 loss 0.408113	 11.7s
Ep 402	 reward -20.804	 ms 291.2	 loss 0.303895	 12.2s
Ep 403	 reward -21.064	 ms 294.9	 loss 0.514323	 11.9s
Ep 404	 reward -20.954	 ms 293.4	 loss 0.265619	 11.6s
Ep 405	 reward -20.889	 ms 292.4	 loss 0.330636	 11.5s
Ep 406	 reward -20.889	 ms 292.4	 loss 0.199651	 11.4s
Ep 407	 reward -20.750	 ms 290.5	 loss 0.460307	 11.4s
Ep 408	 reward -20.946	 ms 293.2	 loss 0.435337	 11.8s
Ep 409	 reward -21.007	 ms 294.1	 loss 0.269569	 10.8s
Ep 410	 reward -20.814	 ms 291.4	 loss 0.257154	 12.3s
Ep 411	 reward -20.829	 ms 291.6	 loss 0.258984	 11.9s
Ep 412	 reward -20.900	 ms 292.6	 loss 0.274453	 11.9s
Ep 413	 reward -20.964	 ms 293.5	 loss 0.242914	 11.3s
Ep 414	 reward -20.875	 ms 292.2	 loss 0.213916	 11.6s
Ep 415	 reward -20.846	 ms 291.9	 loss 0.333436	 12.0s
Ep 416	 reward -21.018	 ms 294.2	 loss 0.407080	 11.7s
Ep 417	 reward -20.846	 ms 291.9	 loss 0.289774	 11.3s
Ep 418	 reward -20.879	 ms 292.3	 loss 0.205418	 10.7s
Ep 419	 reward -21.164	 ms 296.3	 loss 0.223428	 10.7s
Ep 420	 reward -21.039	 ms 294.6	 loss 0.390317	 10.6s
Ep 421	 reward -20.771	 ms 290.8	 loss 0.359664	 11.0s
Ep 422	 reward -20.771	 ms 290.8	 loss 0.353466	 10.5s
Ep 423	 reward -20.675	 ms 289.4	 loss 0.242521	 11.0s
Ep 424	 reward -20.757	 ms 290.6	 loss 0.338115	 11.5s
[vali @425] rel=0.8557 (best 0.8442)  LSW=289.4
Ep 425	 reward -20.568	 ms 287.9	 loss 0.269665	 19.0s
Ep 426	 reward -20.604	 ms 288.4	 loss 0.314834	 10.7s
Ep 427	 reward -20.654	 ms 289.1	 loss 0.334965	 11.6s
Ep 428	 reward -20.721	 ms 290.1	 loss 0.357916	 12.7s
Ep 429	 reward -20.943	 ms 293.2	 loss 0.386796	 11.6s
Ep 430	 reward -20.643	 ms 289.0	 loss 0.345916	 11.4s
Ep 431	 reward -20.539	 ms 287.6	 loss 0.222727	 11.4s
Ep 432	 reward -20.729	 ms 290.2	 loss 0.338129	 12.1s
Ep 433	 reward -20.789	 ms 291.1	 loss 0.318644	 11.5s
Ep 434	 reward -20.536	 ms 287.5	 loss 0.279370	 12.2s
Ep 435	 reward -20.582	 ms 288.1	 loss 0.194364	 11.9s
Ep 436	 reward -20.543	 ms 287.6	 loss 0.238566	 11.8s
Ep 437	 reward -20.643	 ms 289.0	 loss 0.280654	 12.1s
Ep 438	 reward -20.600	 ms 288.4	 loss 0.272801	 11.4s
Ep 439	 reward -20.525	 ms 287.4	 loss 0.271708	 11.8s
Ep 440	 reward -20.579	 ms 288.1	 loss 0.339649	 11.7s
Ep 441	 reward -20.711	 ms 289.9	 loss 0.185456	 12.1s
Ep 442	 reward -20.586	 ms 288.2	 loss 0.340543	 11.7s
Ep 443	 reward -20.639	 ms 288.9	 loss 0.227445	 11.5s
Ep 444	 reward -20.693	 ms 289.7	 loss 0.363921	 11.8s
Ep 445	 reward -20.621	 ms 288.7	 loss 0.282655	 12.1s
Ep 446	 reward -20.618	 ms 288.6	 loss 0.230719	 11.4s
Ep 447	 reward -20.561	 ms 287.9	 loss 0.283724	 10.9s
Ep 448	 reward -20.675	 ms 289.4	 loss 0.278357	 11.4s
Ep 449	 reward -20.546	 ms 287.6	 loss 0.314173	 11.1s
[vali @450] rel=0.8481 (best 0.8442)  LSW=286.8
Ep 450	 reward -20.596	 ms 288.4	 loss 0.269581	 18.0s
Ep 451	 reward -20.564	 ms 287.9	 loss 0.105856	 11.5s
Ep 452	 reward -20.629	 ms 288.8	 loss 0.303586	 11.7s
Ep 453	 reward -20.650	 ms 289.1	 loss 0.238268	 10.6s
Ep 454	 reward -20.700	 ms 289.8	 loss 0.180504	 11.1s
Ep 455	 reward -20.579	 ms 288.1	 loss 0.136723	 10.4s
Ep 456	 reward -20.689	 ms 289.6	 loss 0.317195	 11.4s
Ep 457	 reward -20.579	 ms 288.1	 loss 0.309470	 11.5s
Ep 458	 reward -20.636	 ms 288.9	 loss 0.295137	 11.9s
Ep 459	 reward -20.604	 ms 288.4	 loss 0.281235	 11.7s
Ep 460	 reward -20.707	 ms 289.9	 loss 0.257428	 11.6s
Ep 461	 reward -20.643	 ms 289.0	 loss 0.144240	 12.0s
Ep 462	 reward -20.854	 ms 291.9	 loss 0.255487	 11.7s
Ep 463	 reward -20.729	 ms 290.2	 loss 0.164032	 11.3s
Ep 464	 reward -20.600	 ms 288.4	 loss 0.219435	 11.6s
Ep 465	 reward -20.711	 ms 289.9	 loss 0.150691	 11.7s
Ep 466	 reward -20.721	 ms 290.1	 loss 0.142273	 11.5s
Ep 467	 reward -20.750	 ms 290.5	 loss 0.159900	 11.5s
Ep 468	 reward -20.618	 ms 288.6	 loss 0.071911	 11.4s
Ep 469	 reward -20.636	 ms 288.9	 loss 0.181487	 11.2s
Ep 470	 reward -20.582	 ms 288.1	 loss 0.133549	 11.2s
Ep 471	 reward -20.571	 ms 288.0	 loss 0.212577	 11.7s
Ep 472	 reward -20.868	 ms 292.1	 loss 0.237699	 11.4s
Ep 473	 reward -20.936	 ms 293.1	 loss 0.132869	 11.9s
Ep 474	 reward -20.836	 ms 291.7	 loss 0.149141	 11.2s
[vali @475] rel=0.8510 (best 0.8442)  LSW=287.8
Ep 475	 reward -20.675	 ms 289.4	 loss 0.176495	 18.7s
Ep 476	 reward -20.732	 ms 290.2	 loss 0.205217	 10.5s
Ep 477	 reward -20.846	 ms 291.9	 loss 0.193020	 11.0s
Ep 478	 reward -20.904	 ms 292.6	 loss 0.131253	 10.9s
Ep 479	 reward -20.664	 ms 289.3	 loss 0.167514	 11.5s
Ep 480	 reward -20.679	 ms 289.5	 loss 0.159961	 11.1s
Ep 481	 reward -20.600	 ms 288.4	 loss 0.241813	 11.5s
Ep 482	 reward -20.629	 ms 288.8	 loss 0.229056	 10.8s
Ep 483	 reward -20.611	 ms 288.6	 loss 0.199747	 11.1s
Ep 484	 reward -20.479	 ms 286.7	 loss 0.169935	 11.6s
Ep 485	 reward -20.689	 ms 289.6	 loss 0.196753	 11.0s
Ep 486	 reward -20.604	 ms 288.4	 loss 0.142428	 11.8s
Ep 487	 reward -20.579	 ms 288.1	 loss 0.135417	 11.7s
Ep 488	 reward -20.500	 ms 287.0	 loss 0.188761	 11.4s
Ep 489	 reward -20.604	 ms 288.4	 loss 0.205949	 12.4s
Ep 490	 reward -20.511	 ms 287.1	 loss 0.175350	 12.1s
Ep 491	 reward -20.536	 ms 287.5	 loss 0.175953	 11.8s
Ep 492	 reward -20.561	 ms 287.9	 loss 0.194828	 11.6s
Ep 493	 reward -20.604	 ms 288.4	 loss 0.248332	 11.6s
Ep 494	 reward -20.561	 ms 287.9	 loss 0.142500	 11.9s
Ep 495	 reward -20.586	 ms 288.2	 loss 0.195380	 12.1s
Ep 496	 reward -20.625	 ms 288.8	 loss 0.231429	 11.9s
Ep 497	 reward -20.643	 ms 289.0	 loss 0.156796	 11.3s
Ep 498	 reward -20.711	 ms 289.9	 loss 0.129718	 12.4s
Ep 499	 reward -20.475	 ms 286.6	 loss 0.145042	 12.0s
[vali @500] rel=0.8476 (best 0.8442)  LSW=286.6
Ep 500	 reward -20.586	 ms 288.2	 loss 0.156290	 18.6s
Ep 501	 reward -20.461	 ms 286.4	 loss 0.482445	 11.5s
Ep 502	 reward -20.479	 ms 286.7	 loss 0.394085	 10.9s
Ep 503	 reward -20.443	 ms 286.2	 loss 0.451501	 11.6s
Ep 504	 reward -20.479	 ms 286.7	 loss 0.406131	 11.2s
Ep 505	 reward -20.604	 ms 288.4	 loss 0.415343	 10.9s
Ep 506	 reward -20.429	 ms 286.0	 loss 0.378244	 11.4s
Ep 507	 reward -20.486	 ms 286.8	 loss 0.413076	 10.8s
Ep 508	 reward -20.379	 ms 285.3	 loss 0.381357	 11.1s
Ep 509	 reward -20.546	 ms 287.6	 loss 0.491741	 10.8s
Ep 510	 reward -20.432	 ms 286.1	 loss 0.404215	 10.6s
Ep 511	 reward -20.471	 ms 286.6	 loss 0.367544	 11.1s
Ep 512	 reward -20.586	 ms 288.2	 loss 0.341374	 11.3s
Ep 513	 reward -20.514	 ms 287.2	 loss 0.396721	 10.7s
Ep 514	 reward -20.461	 ms 286.4	 loss 0.398472	 11.5s
Ep 515	 reward -20.400	 ms 285.6	 loss 0.411175	 12.4s
Ep 516	 reward -20.425	 ms 285.9	 loss 0.424149	 11.2s
Ep 517	 reward -20.539	 ms 287.6	 loss 0.392952	 11.9s
Ep 518	 reward -20.529	 ms 287.4	 loss 0.359588	 11.4s
Ep 519	 reward -20.425	 ms 285.9	 loss 0.401226	 12.1s
Ep 520	 reward -20.389	 ms 285.4	 loss 0.439627	 11.2s
Ep 521	 reward -21.004	 ms 294.1	 loss 0.215922	 11.6s
Ep 522	 reward -21.025	 ms 294.4	 loss 0.141816	 11.8s
Ep 523	 reward -20.943	 ms 293.2	 loss 0.172451	 11.6s
Ep 524	 reward -21.018	 ms 294.2	 loss 0.181148	 12.5s
[vali @525] rel=0.8520 (best 0.8442)  LSW=288.1
Ep 525	 reward -21.032	 ms 294.4	 loss 0.112328	 19.8s
Ep 526	 reward -20.889	 ms 292.4	 loss 0.202512	 11.4s
Ep 527	 reward -20.868	 ms 292.1	 loss 0.150144	 11.9s
Ep 528	 reward -20.939	 ms 293.1	 loss 0.135258	 11.7s
Ep 529	 reward -21.100	 ms 295.4	 loss 0.248988	 11.7s
Ep 530	 reward -20.914	 ms 292.8	 loss 0.232295	 11.7s
Ep 531	 reward -20.961	 ms 293.4	 loss 0.113668	 11.4s
Ep 532	 reward -20.875	 ms 292.2	 loss 0.159819	 12.2s
Ep 533	 reward -20.954	 ms 293.4	 loss 0.108618	 11.4s
Ep 534	 reward -20.904	 ms 292.6	 loss 0.078394	 10.5s
Ep 535	 reward -20.925	 ms 292.9	 loss 0.195925	 11.1s
Ep 536	 reward -20.936	 ms 293.1	 loss 0.135430	 10.8s
Ep 537	 reward -21.054	 ms 294.8	 loss 0.142254	 10.6s
Ep 538	 reward -21.196	 ms 296.8	 loss 0.160379	 11.2s
Ep 539	 reward -21.071	 ms 295.0	 loss 0.222054	 10.7s
Ep 540	 reward -21.000	 ms 294.0	 loss 0.132325	 11.4s
Ep 541	 reward -20.468	 ms 286.6	 loss 0.335205	 11.1s
Ep 542	 reward -20.646	 ms 289.1	 loss 0.184639	 11.2s
Ep 543	 reward -20.575	 ms 288.1	 loss 0.345510	 11.2s
Ep 544	 reward -20.596	 ms 288.4	 loss 0.411227	 12.0s
Ep 545	 reward -20.614	 ms 288.6	 loss 0.115027	 11.2s
Ep 546	 reward -20.582	 ms 288.1	 loss 0.088009	 11.8s
Ep 547	 reward -20.525	 ms 287.4	 loss 0.272564	 11.5s
Ep 548	 reward -20.654	 ms 289.1	 loss 0.138056	 11.6s
Ep 549	 reward -20.575	 ms 288.1	 loss 0.095540	 12.9s
[vali @550] rel=0.8523 (best 0.8442)  LSW=288.2
Ep 550	 reward -20.632	 ms 288.9	 loss 0.184989	 18.8s
Ep 551	 reward -20.475	 ms 286.6	 loss 0.326081	 11.3s
Ep 552	 reward -20.525	 ms 287.4	 loss 0.254792	 11.9s
Ep 553	 reward -20.550	 ms 287.7	 loss 0.169604	 12.1s
Ep 554	 reward -20.600	 ms 288.4	 loss 0.210646	 11.9s
Ep 555	 reward -20.568	 ms 287.9	 loss 0.285640	 11.6s
Ep 556	 reward -20.689	 ms 289.6	 loss 0.146320	 12.6s
Ep 557	 reward -20.618	 ms 288.6	 loss 0.190369	 12.6s
Ep 558	 reward -20.600	 ms 288.4	 loss 0.076939	 11.6s
Ep 559	 reward -20.700	 ms 289.8	 loss 0.248471	 11.1s
Ep 560	 reward -20.607	 ms 288.5	 loss 0.103587	 11.4s
Ep 561	 reward -20.814	 ms 291.4	 loss 0.351094	 11.5s
Ep 562	 reward -20.586	 ms 288.2	 loss 0.424829	 10.7s
Ep 563	 reward -20.539	 ms 287.6	 loss 0.345264	 10.6s
Ep 564	 reward -20.668	 ms 289.4	 loss 0.372144	 11.2s
Ep 565	 reward -20.679	 ms 289.5	 loss 0.218292	 10.9s
Ep 566	 reward -20.593	 ms 288.3	 loss 0.317027	 10.2s
Ep 567	 reward -20.707	 ms 289.9	 loss 0.382216	 11.2s
Ep 568	 reward -20.675	 ms 289.4	 loss 0.377973	 11.3s
Ep 569	 reward -20.621	 ms 288.7	 loss 0.329983	 11.0s
Ep 570	 reward -20.750	 ms 290.5	 loss 0.286509	 11.5s
Ep 571	 reward -20.621	 ms 288.7	 loss 0.303842	 10.7s
Ep 572	 reward -20.643	 ms 289.0	 loss 0.283251	 11.3s
Ep 573	 reward -20.639	 ms 288.9	 loss 0.247097	 12.8s
Ep 574	 reward -20.561	 ms 287.9	 loss 0.249034	 12.2s
[vali @575] rel=0.8505 (best 0.8442)  LSW=287.6
Ep 575	 reward -20.861	 ms 292.1	 loss 0.345910	 20.1s
Ep 576	 reward -20.539	 ms 287.6	 loss 0.287979	 11.5s
Ep 577	 reward -20.700	 ms 289.8	 loss 0.247854	 12.1s
Ep 578	 reward -20.607	 ms 288.5	 loss 0.311399	 11.8s
Ep 579	 reward -20.600	 ms 288.4	 loss 0.315743	 11.7s
Ep 580	 reward -20.557	 ms 287.8	 loss 0.344661	 11.3s
Ep 581	 reward -20.757	 ms 290.6	 loss 0.223616	 13.0s
Ep 582	 reward -20.811	 ms 291.4	 loss 0.329268	 11.8s
Ep 583	 reward -20.643	 ms 289.0	 loss 0.243618	 11.7s
Ep 584	 reward -20.736	 ms 290.3	 loss 0.263426	 11.5s
Ep 585	 reward -20.868	 ms 292.1	 loss 0.311517	 11.8s
Ep 586	 reward -20.789	 ms 291.1	 loss 0.321136	 11.8s
Ep 587	 reward -20.868	 ms 292.1	 loss 0.179032	 11.5s
Ep 588	 reward -20.739	 ms 290.4	 loss 0.301563	 11.2s
Ep 589	 reward -20.546	 ms 287.6	 loss 0.160504	 11.7s
Ep 590	 reward -20.921	 ms 292.9	 loss 0.278691	 11.3s
Ep 591	 reward -20.829	 ms 291.6	 loss 0.289953	 10.3s
Ep 592	 reward -20.739	 ms 290.4	 loss 0.392008	 9.9s
Ep 593	 reward -20.761	 ms 290.6	 loss 0.254601	 10.2s
Ep 594	 reward -20.739	 ms 290.4	 loss 0.396083	 7.2s
Ep 595	 reward -20.839	 ms 291.8	 loss 0.126008	 7.6s
Ep 596	 reward -20.689	 ms 289.6	 loss 0.286741	 7.2s
Ep 597	 reward -20.850	 ms 291.9	 loss 0.272787	 7.5s
Ep 598	 reward -20.757	 ms 290.6	 loss 0.204814	 7.8s
Ep 599	 reward -20.707	 ms 289.9	 loss 0.187609	 7.8s
[vali @600] rel=0.8487 (best 0.8442)  LSW=287.0
Ep 600	 reward -20.782	 ms 290.9	 loss 0.343617	 11.6s
Ep 601	 reward -20.829	 ms 291.6	 loss 0.214340	 7.9s
Ep 602	 reward -20.739	 ms 290.4	 loss 0.373235	 7.9s
Ep 603	 reward -20.875	 ms 292.2	 loss 0.199130	 9.1s
Ep 604	 reward -20.800	 ms 291.2	 loss 0.268586	 8.9s
Ep 605	 reward -20.857	 ms 292.0	 loss 0.367944	 8.6s
Ep 606	 reward -20.746	 ms 290.4	 loss 0.221936	 9.0s
Ep 607	 reward -20.675	 ms 289.4	 loss 0.271353	 9.1s
Ep 608	 reward -20.696	 ms 289.8	 loss 0.319918	 9.6s
Ep 609	 reward -20.821	 ms 291.5	 loss 0.242299	 10.3s
Ep 610	 reward -20.657	 ms 289.2	 loss 0.180628	 10.4s
Ep 611	 reward -20.757	 ms 290.6	 loss 0.153388	 11.0s
Ep 612	 reward -20.893	 ms 292.5	 loss 0.141429	 10.4s
Ep 613	 reward -20.800	 ms 291.2	 loss 0.247398	 10.5s
Ep 614	 reward -20.871	 ms 292.2	 loss 0.262790	 10.9s
Ep 615	 reward -20.982	 ms 293.8	 loss 0.318379	 11.4s
Ep 616	 reward -20.893	 ms 292.5	 loss 0.273528	 10.3s
Ep 617	 reward -20.732	 ms 290.2	 loss 0.217267	 11.3s
Ep 618	 reward -20.921	 ms 292.9	 loss 0.243453	 11.0s
Ep 619	 reward -20.871	 ms 292.2	 loss 0.141862	 11.8s
Ep 620	 reward -20.914	 ms 292.8	 loss 0.115273	 12.2s
Ep 621	 reward -20.404	 ms 285.6	 loss 0.305541	 11.8s
Ep 622	 reward -20.514	 ms 287.2	 loss 0.240654	 11.0s
Ep 623	 reward -20.429	 ms 286.0	 loss 0.150322	 11.5s
Ep 624	 reward -20.536	 ms 287.5	 loss 0.063829	 12.0s
[vali @625] rel=0.8499 (best 0.8442)  LSW=287.4
Ep 625	 reward -20.568	 ms 287.9	 loss 0.175774	 19.9s
Ep 626	 reward -20.507	 ms 287.1	 loss 0.174220	 11.3s
Ep 627	 reward -20.579	 ms 288.1	 loss 0.131475	 13.3s
Ep 628	 reward -20.668	 ms 289.4	 loss 0.140196	 12.0s
Ep 629	 reward -20.589	 ms 288.2	 loss 0.090384	 11.5s
Ep 630	 reward -20.464	 ms 286.5	 loss 0.099065	 11.2s
Ep 631	 reward -20.614	 ms 288.6	 loss 0.275005	 11.0s
Ep 632	 reward -20.421	 ms 285.9	 loss 0.094315	 11.8s
Ep 633	 reward -20.471	 ms 286.6	 loss 0.118351	 11.4s
Ep 634	 reward -20.432	 ms 286.1	 loss 0.226423	 11.5s
Ep 635	 reward -20.450	 ms 286.3	 loss 0.141708	 11.9s
Ep 636	 reward -20.557	 ms 287.8	 loss 0.266843	 11.6s
Ep 637	 reward -20.396	 ms 285.6	 loss 0.121404	 11.3s
Ep 638	 reward -20.371	 ms 285.2	 loss 0.093245	 11.9s
Ep 639	 reward -20.550	 ms 287.7	 loss 0.054495	 11.8s
Ep 640	 reward -20.543	 ms 287.6	 loss 0.136467	 11.7s
Ep 641	 reward -20.846	 ms 291.9	 loss 0.271095	 11.0s
Ep 642	 reward -20.875	 ms 292.2	 loss 0.224809	 11.1s
Ep 643	 reward -20.836	 ms 291.7	 loss 0.253137	 11.7s
Ep 644	 reward -20.929	 ms 293.0	 loss 0.221170	 11.5s
Ep 645	 reward -20.786	 ms 291.0	 loss 0.253130	 11.5s
Ep 646	 reward -20.836	 ms 291.7	 loss 0.293443	 11.4s
Ep 647	 reward -20.675	 ms 289.4	 loss 0.209451	 11.5s
Ep 648	 reward -20.768	 ms 290.8	 loss 0.181523	 11.6s
Ep 649	 reward -20.771	 ms 290.8	 loss 0.155522	 11.6s
[vali @650] rel=0.8439 (best 0.8439)  LSW=285.4
Ep 650	 reward -20.679	 ms 289.5	 loss 0.155540	 18.4s
Ep 651	 reward -20.807	 ms 291.3	 loss 0.205657	 11.6s
Ep 652	 reward -20.846	 ms 291.9	 loss 0.171187	 11.4s
Ep 653	 reward -20.925	 ms 292.9	 loss 0.233895	 11.3s
Ep 654	 reward -20.779	 ms 290.9	 loss 0.169543	 11.4s
Ep 655	 reward -20.871	 ms 292.2	 loss 0.130847	 11.5s
Ep 656	 reward -20.750	 ms 290.5	 loss 0.171948	 11.6s
Ep 657	 reward -20.818	 ms 291.4	 loss 0.156569	 11.5s
Ep 658	 reward -20.786	 ms 291.0	 loss 0.149335	 11.2s
Ep 659	 reward -20.832	 ms 291.6	 loss 0.163187	 11.2s
Ep 660	 reward -20.857	 ms 292.0	 loss 0.240500	 11.6s
Ep 661	 reward -20.143	 ms 282.0	 loss 0.335421	 11.7s
Ep 662	 reward -20.354	 ms 284.9	 loss 0.105937	 10.9s
Ep 663	 reward -20.132	 ms 281.9	 loss 0.210806	 11.7s
Ep 664	 reward -20.254	 ms 283.6	 loss 0.224193	 11.4s
Ep 665	 reward -20.182	 ms 282.6	 loss 0.024907	 11.4s
Ep 666	 reward -20.296	 ms 284.1	 loss 0.214955	 11.5s
Ep 667	 reward -20.350	 ms 284.9	 loss 0.090374	 11.0s
Ep 668	 reward -20.182	 ms 282.6	 loss 0.057765	 11.7s
Ep 669	 reward -20.264	 ms 283.7	 loss 0.237535	 11.6s
Ep 670	 reward -20.196	 ms 282.8	 loss 0.248867	 11.5s
Ep 671	 reward -20.311	 ms 284.4	 loss 0.188865	 11.1s
Ep 672	 reward -20.350	 ms 284.9	 loss 0.211279	 12.0s
Ep 673	 reward -20.293	 ms 284.1	 loss 0.177920	 12.5s
Ep 674	 reward -20.189	 ms 282.6	 loss 0.222905	 12.3s
[vali @675] rel=0.8480 (best 0.8439)  LSW=286.8
Ep 675	 reward -20.343	 ms 284.8	 loss 0.287142	 19.3s
Ep 676	 reward -20.221	 ms 283.1	 loss 0.061011	 12.5s
Ep 677	 reward -20.368	 ms 285.1	 loss 0.256489	 11.8s
Ep 678	 reward -20.254	 ms 283.6	 loss 0.037672	 11.6s
Ep 679	 reward -20.421	 ms 285.9	 loss 0.092916	 11.9s
Ep 680	 reward -20.329	 ms 284.6	 loss 0.115539	 11.6s
Ep 681	 reward -20.775	 ms 290.9	 loss 0.145217	 12.8s
Ep 682	 reward -20.889	 ms 292.4	 loss 0.086557	 13.6s
Ep 683	 reward -21.064	 ms 294.9	 loss 0.141345	 11.2s
Ep 684	 reward -20.879	 ms 292.3	 loss 0.092267	 12.0s
Ep 685	 reward -20.914	 ms 292.8	 loss 0.270788	 12.3s
Ep 686	 reward -20.889	 ms 292.4	 loss 0.193270	 12.0s
Ep 687	 reward -20.879	 ms 292.3	 loss 0.091686	 11.1s
Ep 688	 reward -20.889	 ms 292.4	 loss 0.232409	 12.3s
Ep 689	 reward -20.804	 ms 291.2	 loss 0.086073	 12.8s
Ep 690	 reward -20.982	 ms 293.8	 loss 0.135662	 12.8s
Ep 691	 reward -20.732	 ms 290.2	 loss 0.123449	 13.2s
Ep 692	 reward -20.696	 ms 289.8	 loss 0.062931	 12.6s
Ep 693	 reward -20.879	 ms 292.3	 loss 0.183184	 11.9s
Ep 694	 reward -20.889	 ms 292.4	 loss 0.135686	 11.9s
Ep 695	 reward -20.993	 ms 293.9	 loss 0.264611	 12.0s
Ep 696	 reward -20.843	 ms 291.8	 loss 0.160801	 12.4s
Ep 697	 reward -20.818	 ms 291.4	 loss 0.178605	 12.3s
Ep 698	 reward -20.768	 ms 290.8	 loss 0.024569	 12.2s
Ep 699	 reward -20.811	 ms 291.4	 loss 0.078650	 11.9s
[vali @700] rel=0.8427 (best 0.8427)  LSW=284.9
Ep 700	 reward -20.868	 ms 292.1	 loss 0.190578	 22.2s
Ep 701	 reward -20.632	 ms 288.9	 loss 0.148258	 12.2s
Ep 702	 reward -20.454	 ms 286.4	 loss 0.149210	 13.0s
Ep 703	 reward -20.354	 ms 284.9	 loss 0.084890	 11.4s
Ep 704	 reward -20.436	 ms 286.1	 loss 0.123144	 13.3s
Ep 705	 reward -20.546	 ms 287.6	 loss 0.176388	 11.5s
Ep 706	 reward -20.471	 ms 286.6	 loss 0.153540	 12.2s
Ep 707	 reward -20.446	 ms 286.2	 loss 0.205885	 11.7s
Ep 708	 reward -20.343	 ms 284.8	 loss 0.192605	 12.8s
Ep 709	 reward -20.375	 ms 285.2	 loss 0.108732	 12.6s
Ep 710	 reward -20.407	 ms 285.7	 loss 0.070741	 12.1s
Ep 711	 reward -20.525	 ms 287.4	 loss 0.216104	 12.7s
Ep 712	 reward -20.464	 ms 286.5	 loss 0.102373	 11.5s
Ep 713	 reward -20.457	 ms 286.4	 loss 0.160494	 12.0s
Ep 714	 reward -20.489	 ms 286.9	 loss 0.110402	 11.7s
Ep 715	 reward -20.379	 ms 285.3	 loss 0.105733	 12.4s
Ep 716	 reward -20.443	 ms 286.2	 loss 0.153067	 13.9s
Ep 717	 reward -20.446	 ms 286.2	 loss 0.132695	 12.6s
Ep 718	 reward -20.368	 ms 285.1	 loss 0.148110	 12.1s
Ep 719	 reward -20.586	 ms 288.2	 loss 0.137818	 11.0s
Ep 720	 reward -20.346	 ms 284.9	 loss 0.122187	 12.4s
Ep 721	 reward -20.532	 ms 287.4	 loss 0.232271	 12.1s
Ep 722	 reward -20.579	 ms 288.1	 loss 0.365222	 12.2s
Ep 723	 reward -20.668	 ms 289.4	 loss 0.403765	 12.0s
Ep 724	 reward -20.586	 ms 288.2	 loss 0.334260	 12.6s
[vali @725] rel=0.8481 (best 0.8427)  LSW=286.8
Ep 725	 reward -20.489	 ms 286.9	 loss 0.301901	 20.8s
Ep 726	 reward -20.511	 ms 287.1	 loss 0.291052	 11.5s
Ep 727	 reward -20.639	 ms 288.9	 loss 0.346517	 11.1s
Ep 728	 reward -20.614	 ms 288.6	 loss 0.294619	 12.9s
Ep 729	 reward -20.579	 ms 288.1	 loss 0.261368	 13.6s
Ep 730	 reward -20.600	 ms 288.4	 loss 0.412383	 11.6s
Ep 731	 reward -20.571	 ms 288.0	 loss 0.196807	 12.1s
Ep 732	 reward -20.614	 ms 288.6	 loss 0.365980	 14.2s
Ep 733	 reward -20.618	 ms 288.6	 loss 0.392114	 12.3s
Ep 734	 reward -20.632	 ms 288.9	 loss 0.275037	 13.9s
Ep 735	 reward -20.550	 ms 287.7	 loss 0.130994	 12.0s
Ep 736	 reward -20.596	 ms 288.4	 loss 0.311294	 12.2s
Ep 737	 reward -20.554	 ms 287.8	 loss 0.280007	 11.4s
Ep 738	 reward -20.486	 ms 286.8	 loss 0.298995	 12.0s
Ep 739	 reward -20.686	 ms 289.6	 loss 0.158385	 12.8s
Ep 740	 reward -20.489	 ms 286.9	 loss 0.220211	 11.9s
Ep 741	 reward -20.443	 ms 286.2	 loss 0.150712	 12.5s
Ep 742	 reward -20.475	 ms 286.6	 loss 0.115994	 11.4s
Ep 743	 reward -20.411	 ms 285.8	 loss 0.160335	 11.6s
Ep 744	 reward -20.493	 ms 286.9	 loss 0.228660	 12.8s
Ep 745	 reward -20.554	 ms 287.8	 loss 0.280299	 13.1s
Ep 746	 reward -20.518	 ms 287.2	 loss 0.145251	 13.4s
Ep 747	 reward -20.489	 ms 286.9	 loss 0.322425	 12.7s
Ep 748	 reward -20.604	 ms 288.4	 loss 0.157756	 12.6s
Ep 749	 reward -20.496	 ms 286.9	 loss 0.109986	 12.5s
[vali @750] rel=0.8444 (best 0.8427)  LSW=285.6
Ep 750	 reward -20.543	 ms 287.6	 loss 0.168042	 18.7s
Ep 751	 reward -20.389	 ms 285.4	 loss 0.179169	 12.8s
Ep 752	 reward -20.429	 ms 286.0	 loss 0.217673	 13.2s
Ep 753	 reward -20.471	 ms 286.6	 loss 0.096069	 11.8s
Ep 754	 reward -20.371	 ms 285.2	 loss 0.258787	 12.1s
Ep 755	 reward -20.382	 ms 285.4	 loss 0.187182	 11.5s
Ep 756	 reward -20.454	 ms 286.4	 loss 0.160333	 12.7s
Ep 757	 reward -20.446	 ms 286.2	 loss 0.204861	 12.2s
Ep 758	 reward -20.443	 ms 286.2	 loss 0.059180	 11.8s
Ep 759	 reward -20.518	 ms 287.2	 loss 0.163829	 12.8s
Ep 760	 reward -20.379	 ms 285.3	 loss 0.192823	 13.8s
Ep 761	 reward -21.200	 ms 296.8	 loss 0.398925	 13.1s
Ep 762	 reward -21.007	 ms 294.1	 loss 0.189897	 12.3s
Ep 763	 reward -20.993	 ms 293.9	 loss 0.074884	 11.8s
Ep 764	 reward -21.154	 ms 296.1	 loss 0.120954	 13.6s
Ep 765	 reward -20.929	 ms 293.0	 loss 0.068593	 12.4s
Ep 766	 reward -21.043	 ms 294.6	 loss 0.138876	 11.9s
Ep 767	 reward -21.011	 ms 294.1	 loss 0.167644	 10.8s
Ep 768	 reward -21.107	 ms 295.5	 loss 0.118692	 12.7s
Ep 769	 reward -20.950	 ms 293.3	 loss 0.200594	 12.6s
Ep 770	 reward -21.075	 ms 295.1	 loss 0.323649	 12.1s
Ep 771	 reward -20.982	 ms 293.8	 loss 0.080634	 13.0s
Ep 772	 reward -21.218	 ms 297.1	 loss 0.149830	 12.9s
Ep 773	 reward -20.871	 ms 292.2	 loss 0.165253	 14.0s
Ep 774	 reward -20.975	 ms 293.6	 loss 0.139729	 11.7s
[vali @775] rel=0.8505 (best 0.8427)  LSW=287.6
Ep 775	 reward -21.036	 ms 294.5	 loss 0.208975	 21.8s
Ep 776	 reward -20.979	 ms 293.7	 loss 0.149396	 12.5s
Ep 777	 reward -21.050	 ms 294.7	 loss 0.212937	 12.2s
Ep 778	 reward -21.011	 ms 294.1	 loss 0.091631	 14.3s
Ep 779	 reward -21.086	 ms 295.2	 loss 0.051523	 12.8s
Ep 780	 reward -20.979	 ms 293.7	 loss 0.126462	 13.3s
Ep 781	 reward -20.918	 ms 292.9	 loss 0.036713	 12.1s
Ep 782	 reward -20.843	 ms 291.8	 loss 0.039226	 12.1s
Ep 783	 reward -20.768	 ms 290.8	 loss 0.024265	 11.3s
Ep 784	 reward -20.829	 ms 291.6	 loss 0.063039	 13.1s
Ep 785	 reward -20.993	 ms 293.9	 loss 0.085270	 12.8s
Ep 786	 reward -21.029	 ms 294.4	 loss 0.067302	 12.8s
Ep 787	 reward -20.868	 ms 292.1	 loss 0.270676	 10.9s
Ep 788	 reward -21.061	 ms 294.9	 loss 0.236806	 13.3s
Ep 789	 reward -20.939	 ms 293.1	 loss 0.025299	 12.9s
Ep 790	 reward -21.004	 ms 294.1	 loss 0.235770	 12.7s
Ep 791	 reward -20.971	 ms 293.6	 loss 0.072132	 12.9s
Ep 792	 reward -20.921	 ms 292.9	 loss 0.253906	 12.5s
Ep 793	 reward -20.889	 ms 292.4	 loss 0.026855	 11.9s
Ep 794	 reward -20.775	 ms 290.9	 loss 0.029119	 11.5s
Ep 795	 reward -21.018	 ms 294.2	 loss 0.037863	 11.4s
Ep 796	 reward -21.139	 ms 295.9	 loss 0.091526	 12.2s
Ep 797	 reward -20.989	 ms 293.9	 loss 0.030565	 12.1s
Ep 798	 reward -20.896	 ms 292.6	 loss 0.047655	 12.2s
Ep 799	 reward -21.000	 ms 294.0	 loss 0.066233	 11.9s
[vali @800] rel=0.8474 (best 0.8427)  LSW=286.6
Ep 800	 reward -21.139	 ms 295.9	 loss 0.021232	 21.2s
Ep 801	 reward -20.646	 ms 289.1	 loss 0.121504	 11.7s
Ep 802	 reward -20.761	 ms 290.6	 loss 0.242720	 13.2s
Ep 803	 reward -20.818	 ms 291.4	 loss 0.228572	 11.6s
Ep 804	 reward -20.671	 ms 289.4	 loss 0.152494	 12.1s
Ep 805	 reward -20.686	 ms 289.6	 loss 0.093614	 11.7s
Ep 806	 reward -20.693	 ms 289.7	 loss 0.090112	 10.7s
Ep 807	 reward -20.736	 ms 290.3	 loss 0.299889	 11.3s
Ep 808	 reward -20.779	 ms 290.9	 loss 0.129652	 11.3s
Ep 809	 reward -20.696	 ms 289.8	 loss 0.090886	 11.5s
Ep 810	 reward -20.764	 ms 290.7	 loss 0.319209	 11.9s
Ep 811	 reward -20.746	 ms 290.4	 loss 0.143514	 11.6s
Ep 812	 reward -20.796	 ms 291.1	 loss 0.287558	 11.0s
Ep 813	 reward -20.793	 ms 291.1	 loss 0.225695	 10.9s
Ep 814	 reward -20.789	 ms 291.1	 loss 0.061275	 12.2s
Ep 815	 reward -20.768	 ms 290.8	 loss 0.286119	 12.1s
Ep 816	 reward -20.661	 ms 289.2	 loss 0.256988	 11.7s
Ep 817	 reward -20.671	 ms 289.4	 loss 0.095158	 12.3s
Ep 818	 reward -20.804	 ms 291.2	 loss 0.126636	 11.7s
Ep 819	 reward -20.639	 ms 288.9	 loss 0.040729	 11.9s
Ep 820	 reward -20.596	 ms 288.4	 loss 0.089098	 12.3s
Ep 821	 reward -20.807	 ms 291.3	 loss 0.111663	 12.8s
Ep 822	 reward -20.818	 ms 291.4	 loss 0.277095	 12.1s
Ep 823	 reward -20.893	 ms 292.5	 loss 0.181954	 12.1s
Ep 824	 reward -20.846	 ms 291.9	 loss 0.317150	 11.8s
[vali @825] rel=0.8496 (best 0.8427)  LSW=287.3
Ep 825	 reward -20.943	 ms 293.2	 loss 0.200021	 22.1s
Ep 826	 reward -20.832	 ms 291.6	 loss 0.096216	 11.8s
Ep 827	 reward -20.932	 ms 293.1	 loss 0.094699	 12.8s
Ep 828	 reward -20.889	 ms 292.4	 loss 0.249074	 12.6s
Ep 829	 reward -20.986	 ms 293.8	 loss 0.290619	 12.0s
Ep 830	 reward -21.018	 ms 294.2	 loss 0.071975	 11.3s
Ep 831	 reward -20.850	 ms 291.9	 loss 0.258143	 11.4s
Ep 832	 reward -20.846	 ms 291.9	 loss 0.304036	 11.9s
Ep 833	 reward -20.971	 ms 293.6	 loss 0.128807	 12.7s
Ep 834	 reward -20.843	 ms 291.8	 loss 0.068673	 11.9s
Ep 835	 reward -20.800	 ms 291.2	 loss 0.273631	 11.6s
Ep 836	 reward -20.782	 ms 290.9	 loss 0.345266	 11.6s
Ep 837	 reward -20.793	 ms 291.1	 loss 0.184682	 12.0s
Ep 838	 reward -20.800	 ms 291.2	 loss 0.130037	 11.1s
Ep 839	 reward -20.764	 ms 290.7	 loss 0.245343	 11.4s
Ep 840	 reward -20.664	 ms 289.3	 loss 0.155978	 11.6s
Ep 841	 reward -20.864	 ms 292.1	 loss 0.346549	 11.4s
Ep 842	 reward -20.779	 ms 290.9	 loss 0.366972	 11.6s
Ep 843	 reward -20.854	 ms 291.9	 loss 0.279214	 10.6s
Ep 844	 reward -20.868	 ms 292.1	 loss 0.187024	 11.1s
Ep 845	 reward -20.743	 ms 290.4	 loss 0.260123	 12.1s
Ep 846	 reward -20.907	 ms 292.7	 loss 0.166339	 11.3s
Ep 847	 reward -20.618	 ms 288.6	 loss 0.150451	 11.4s
Ep 848	 reward -20.643	 ms 289.0	 loss 0.278211	 11.1s
Ep 849	 reward -20.689	 ms 289.6	 loss 0.234668	 11.6s
[vali @850] rel=0.8481 (best 0.8427)  LSW=286.8
Ep 850	 reward -20.671	 ms 289.4	 loss 0.237239	 19.8s
Ep 851	 reward -20.814	 ms 291.4	 loss 0.165270	 11.4s
Ep 852	 reward -20.796	 ms 291.1	 loss 0.120028	 11.1s
Ep 853	 reward -20.789	 ms 291.1	 loss 0.079701	 11.6s
Ep 854	 reward -20.675	 ms 289.4	 loss 0.048368	 11.7s
Ep 855	 reward -20.804	 ms 291.2	 loss 0.106452	 11.4s
Ep 856	 reward -20.707	 ms 289.9	 loss 0.103800	 11.5s
Ep 857	 reward -20.854	 ms 291.9	 loss 0.251117	 11.4s
Ep 858	 reward -20.714	 ms 290.0	 loss 0.205389	 11.3s
Ep 859	 reward -20.654	 ms 289.1	 loss 0.208327	 11.5s
Ep 860	 reward -20.786	 ms 291.0	 loss 0.247492	 11.4s
Ep 861	 reward -20.814	 ms 291.4	 loss 0.284033	 11.9s
Ep 862	 reward -20.954	 ms 293.4	 loss 0.051751	 11.9s
Ep 863	 reward -20.829	 ms 291.6	 loss 0.036707	 12.5s
Ep 864	 reward -20.961	 ms 293.4	 loss 0.162758	 11.6s
Ep 865	 reward -20.829	 ms 291.6	 loss 0.117656	 10.7s
Ep 866	 reward -20.875	 ms 292.2	 loss 0.144672	 11.4s
Ep 867	 reward -20.925	 ms 292.9	 loss 0.273173	 11.7s
Ep 868	 reward -20.804	 ms 291.2	 loss 0.101530	 10.4s
Ep 869	 reward -20.775	 ms 290.9	 loss 0.120920	 10.8s
Ep 870	 reward -21.025	 ms 294.4	 loss 0.261744	 11.6s
Ep 871	 reward -20.739	 ms 290.4	 loss 0.050325	 11.7s
Ep 872	 reward -20.907	 ms 292.7	 loss 0.101066	 11.9s
Ep 873	 reward -20.754	 ms 290.6	 loss 0.008537	 11.7s
Ep 874	 reward -20.786	 ms 291.0	 loss 0.044328	 11.9s
[vali @875] rel=0.8483 (best 0.8427)  LSW=286.9
Ep 875	 reward -20.950	 ms 293.3	 loss 0.118778	 20.3s
Ep 876	 reward -20.900	 ms 292.6	 loss 0.054787	 12.5s
Ep 877	 reward -20.957	 ms 293.4	 loss 0.130383	 12.9s
Ep 878	 reward -20.893	 ms 292.5	 loss 0.119865	 15.1s
Ep 879	 reward -21.193	 ms 296.7	 loss 0.197155	 12.7s
Ep 880	 reward -20.839	 ms 291.8	 loss 0.095740	 12.8s
Ep 881	 reward -20.793	 ms 291.1	 loss 0.150122	 12.2s
Ep 882	 reward -21.132	 ms 295.9	 loss 0.213281	 11.6s
Ep 883	 reward -20.871	 ms 292.2	 loss 0.139048	 12.3s
Ep 884	 reward -20.971	 ms 293.6	 loss 0.164347	 11.8s
Ep 885	 reward -20.900	 ms 292.6	 loss 0.270303	 12.0s
Ep 886	 reward -20.979	 ms 293.7	 loss 0.079746	 12.4s
Ep 887	 reward -20.907	 ms 292.7	 loss 0.137561	 12.0s
Ep 888	 reward -20.896	 ms 292.6	 loss 0.182185	 11.5s
Ep 889	 reward -20.832	 ms 291.6	 loss 0.144768	 12.4s
Ep 890	 reward -21.014	 ms 294.2	 loss 0.174706	 12.1s
Ep 891	 reward -20.854	 ms 291.9	 loss 0.136606	 12.1s
Ep 892	 reward -20.936	 ms 293.1	 loss 0.185907	 12.2s
Ep 893	 reward -21.043	 ms 294.6	 loss 0.161023	 11.2s
Ep 894	 reward -20.854	 ms 291.9	 loss 0.158036	 11.6s
Ep 895	 reward -20.846	 ms 291.9	 loss 0.155029	 12.2s
Ep 896	 reward -20.971	 ms 293.6	 loss 0.135042	 12.1s
Ep 897	 reward -21.000	 ms 294.0	 loss 0.081938	 11.7s
Ep 898	 reward -21.075	 ms 295.1	 loss 0.141363	 11.9s
Ep 899	 reward -20.846	 ms 291.9	 loss 0.088039	 12.5s
[vali @900] rel=0.8431 (best 0.8427)  LSW=285.1
Ep 900	 reward -20.946	 ms 293.2	 loss 0.131214	 19.7s
Ep 901	 reward -20.414	 ms 285.8	 loss 0.148006	 11.5s
Ep 902	 reward -20.539	 ms 287.6	 loss 0.348258	 11.7s
Ep 903	 reward -20.496	 ms 286.9	 loss 0.096467	 12.2s
Ep 904	 reward -20.318	 ms 284.4	 loss 0.126084	 12.0s
Ep 905	 reward -20.579	 ms 288.1	 loss 0.185341	 12.0s
Ep 906	 reward -20.561	 ms 287.9	 loss 0.150897	 12.0s
Ep 907	 reward -20.514	 ms 287.2	 loss 0.108741	 12.2s
Ep 908	 reward -20.411	 ms 285.8	 loss 0.124217	 11.7s
Ep 909	 reward -20.582	 ms 288.1	 loss 0.136762	 12.5s
Ep 910	 reward -20.561	 ms 287.9	 loss 0.163718	 11.6s
Ep 911	 reward -20.446	 ms 286.2	 loss 0.171918	 12.1s
Ep 912	 reward -20.554	 ms 287.8	 loss 0.276526	 11.9s
Ep 913	 reward -20.386	 ms 285.4	 loss 0.219505	 11.6s
Ep 914	 reward -20.325	 ms 284.6	 loss 0.115284	 11.9s
Ep 915	 reward -20.404	 ms 285.6	 loss 0.153149	 12.3s
Ep 916	 reward -20.432	 ms 286.1	 loss 0.097052	 12.2s
Ep 917	 reward -20.357	 ms 285.0	 loss 0.161369	 12.1s
Ep 918	 reward -20.411	 ms 285.8	 loss 0.176544	 12.5s
Ep 919	 reward -20.364	 ms 285.1	 loss 0.149847	 12.2s
Ep 920	 reward -20.486	 ms 286.8	 loss 0.105787	 13.0s
Ep 921	 reward -20.089	 ms 281.2	 loss -0.041196	 12.8s
Ep 922	 reward -19.968	 ms 279.6	 loss -0.034784	 12.8s
Ep 923	 reward -20.146	 ms 282.1	 loss 0.108157	 12.9s
Ep 924	 reward -19.989	 ms 279.9	 loss 0.155184	 12.7s
[vali @925] rel=0.8444 (best 0.8427)  LSW=285.6
Ep 925	 reward -20.193	 ms 282.7	 loss 0.192756	 21.8s
Ep 926	 reward -20.193	 ms 282.7	 loss 0.349719	 12.2s
Ep 927	 reward -20.089	 ms 281.2	 loss 0.202614	 12.7s
Ep 928	 reward -20.104	 ms 281.4	 loss -0.005526	 12.8s
Ep 929	 reward -19.957	 ms 279.4	 loss 0.018396	 12.7s
Ep 930	 reward -20.043	 ms 280.6	 loss 0.302429	 13.0s
Ep 931	 reward -19.986	 ms 279.8	 loss 0.066942	 12.9s
Ep 932	 reward -20.064	 ms 280.9	 loss 0.084650	 12.8s
Ep 933	 reward -19.996	 ms 279.9	 loss 0.059670	 13.1s
Ep 934	 reward -20.057	 ms 280.8	 loss 0.188862	 12.8s
Ep 935	 reward -20.179	 ms 282.5	 loss 0.301530	 13.0s
Ep 936	 reward -20.032	 ms 280.4	 loss 0.063404	 13.0s
Ep 937	 reward -20.096	 ms 281.4	 loss 0.235981	 12.8s
Ep 938	 reward -19.986	 ms 279.8	 loss -0.017793	 13.0s
Ep 939	 reward -20.129	 ms 281.8	 loss 0.185132	 13.2s
Ep 940	 reward -20.157	 ms 282.2	 loss 0.228012	 13.6s
Ep 941	 reward -20.868	 ms 292.1	 loss 0.306288	 13.4s
Ep 942	 reward -20.968	 ms 293.6	 loss 0.244996	 13.2s
Ep 943	 reward -20.757	 ms 290.6	 loss 0.306780	 12.9s
Ep 944	 reward -20.843	 ms 291.8	 loss 0.206378	 16.5s
Ep 945	 reward -20.868	 ms 292.1	 loss 0.257772	 16.8s
Ep 946	 reward -21.021	 ms 294.3	 loss 0.398279	 18.3s
Ep 947	 reward -20.661	 ms 289.2	 loss 0.251163	 13.7s
Ep 948	 reward -20.964	 ms 293.5	 loss 0.261854	 13.2s
Ep 949	 reward -20.793	 ms 291.1	 loss 0.193330	 13.3s
[vali @950] rel=0.8483 (best 0.8427)  LSW=286.9
Ep 950	 reward -20.871	 ms 292.2	 loss 0.206722	 22.0s
Ep 951	 reward -20.811	 ms 291.4	 loss 0.359715	 13.1s
Ep 952	 reward -20.800	 ms 291.2	 loss 0.342545	 13.4s
Ep 953	 reward -20.700	 ms 289.8	 loss 0.162192	 14.0s
Ep 954	 reward -20.807	 ms 291.3	 loss 0.237065	 13.5s
Ep 955	 reward -20.782	 ms 290.9	 loss 0.277186	 14.3s
Ep 956	 reward -20.839	 ms 291.8	 loss 0.251312	 13.3s
Ep 957	 reward -20.754	 ms 290.6	 loss 0.310761	 13.1s
Ep 958	 reward -20.768	 ms 290.8	 loss 0.278585	 12.7s
Ep 959	 reward -20.825	 ms 291.6	 loss 0.222866	 12.7s
Ep 960	 reward -20.714	 ms 290.0	 loss 0.276879	 13.0s
Ep 961	 reward -20.979	 ms 293.7	 loss 0.127780	 12.8s
Ep 962	 reward -21.011	 ms 294.1	 loss 0.156346	 13.2s
Ep 963	 reward -21.043	 ms 294.6	 loss 0.245749	 12.1s
Ep 964	 reward -21.089	 ms 295.2	 loss 0.304606	 12.8s
Ep 965	 reward -20.821	 ms 291.5	 loss 0.141590	 12.9s
Ep 966	 reward -21.050	 ms 294.7	 loss 0.103268	 12.9s
Ep 967	 reward -21.032	 ms 294.4	 loss 0.184773	 12.8s
Ep 968	 reward -21.021	 ms 294.3	 loss 0.222539	 12.3s
Ep 969	 reward -20.943	 ms 293.2	 loss 0.138095	 14.5s
Ep 970	 reward -20.936	 ms 293.1	 loss 0.216077	 17.3s
Ep 971	 reward -21.032	 ms 294.4	 loss 0.137443	 16.3s
Ep 972	 reward -21.018	 ms 294.2	 loss 0.231347	 14.3s
Ep 973	 reward -21.032	 ms 294.4	 loss 0.113166	 13.8s
Ep 974	 reward -21.046	 ms 294.6	 loss 0.206250	 13.2s
[vali @975] rel=0.8501 (best 0.8427)  LSW=287.4
Ep 975	 reward -21.011	 ms 294.1	 loss 0.098904	 21.0s
Ep 976	 reward -20.964	 ms 293.5	 loss 0.255379	 13.1s
Ep 977	 reward -20.879	 ms 292.3	 loss 0.194668	 12.9s
Ep 978	 reward -21.043	 ms 294.6	 loss 0.139368	 12.6s
Ep 979	 reward -20.979	 ms 293.7	 loss 0.109554	 12.9s
Ep 980	 reward -21.046	 ms 294.6	 loss 0.239696	 13.2s
Ep 981	 reward -20.293	 ms 284.1	 loss 0.183405	 13.3s
Ep 982	 reward -20.304	 ms 284.2	 loss 0.130945	 12.9s
Ep 983	 reward -20.525	 ms 287.4	 loss 0.017029	 13.2s
Ep 984	 reward -20.429	 ms 286.0	 loss 0.171395	 13.0s
Ep 985	 reward -20.246	 ms 283.4	 loss 0.141169	 13.1s
Ep 986	 reward -20.339	 ms 284.8	 loss 0.295808	 13.0s
Ep 987	 reward -20.357	 ms 285.0	 loss 0.254261	 13.1s
Ep 988	 reward -20.286	 ms 284.0	 loss 0.095836	 13.0s
Ep 989	 reward -20.286	 ms 284.0	 loss 0.208766	 12.9s
Ep 990	 reward -20.343	 ms 284.8	 loss 0.172543	 12.9s
Ep 991	 reward -20.429	 ms 286.0	 loss 0.219710	 13.2s
Ep 992	 reward -20.300	 ms 284.2	 loss 0.062044	 13.4s
Ep 993	 reward -20.436	 ms 286.1	 loss 0.157059	 12.8s
Ep 994	 reward -20.389	 ms 285.4	 loss 0.048659	 13.3s
Ep 995	 reward -20.318	 ms 284.4	 loss 0.299659	 13.2s
Ep 996	 reward -20.379	 ms 285.3	 loss 0.245973	 12.6s
Ep 997	 reward -20.389	 ms 285.4	 loss 0.195139	 12.9s
Ep 998	 reward -20.357	 ms 285.0	 loss -0.002957	 12.6s
Ep 999	 reward -20.339	 ms 284.8	 loss 0.111102	 12.7s
[vali @1000] rel=0.8535 (best 0.8427)  LSW=288.6
Ep 1000	 reward -20.457	 ms 286.4	 loss 0.244650	 20.3s
[train_family] done in 3.21 h; best rel=0.8427
