[vali] MWKR norms: LW=252.9
[model] params total=32786  film=0 (0.00%)
[train_family] model=10x25+family+spec-LW regimes=['LW'] updates=1000
Ep 1	 reward -17.282	 ms 241.9	 loss 0.238281	 35.5s
Ep 2	 reward -17.089	 ms 239.2	 loss 0.280747	 36.4s
Ep 3	 reward -16.979	 ms 237.7	 loss 0.179845	 31.1s
Ep 4	 reward -17.136	 ms 239.9	 loss 0.170873	 36.0s
Ep 5	 reward -16.957	 ms 237.4	 loss 0.315295	 40.6s
Ep 6	 reward -17.061	 ms 238.8	 loss 0.238846	 36.0s
Ep 7	 reward -17.086	 ms 239.2	 loss 0.355407	 36.1s
Ep 8	 reward -17.029	 ms 238.4	 loss 0.326867	 30.0s
Ep 9	 reward -16.964	 ms 237.5	 loss 0.341162	 38.1s
Ep 10	 reward -16.868	 ms 236.2	 loss 0.370121	 35.8s
Ep 11	 reward -16.971	 ms 237.6	 loss 0.295710	 29.6s
Ep 12	 reward -16.982	 ms 237.8	 loss 0.161603	 37.9s
Ep 13	 reward -16.864	 ms 236.1	 loss 0.326828	 29.7s
Ep 14	 reward -16.829	 ms 235.6	 loss 0.101132	 29.4s
Ep 15	 reward -17.139	 ms 239.9	 loss 0.249664	 23.1s
Ep 16	 reward -16.779	 ms 234.9	 loss 0.160768	 30.2s
Ep 17	 reward -16.675	 ms 233.4	 loss 0.002453	 25.8s
Ep 18	 reward -17.050	 ms 238.7	 loss 0.165219	 23.7s
Ep 19	 reward -16.800	 ms 235.2	 loss 0.275181	 29.5s
Ep 20	 reward -16.864	 ms 236.1	 loss 0.243882	 24.0s
Ep 21	 reward -16.700	 ms 233.8	 loss 0.201800	 23.7s
Ep 22	 reward -16.650	 ms 233.1	 loss 0.172259	 24.1s
Ep 23	 reward -16.668	 ms 233.3	 loss 0.357314	 20.0s
Ep 24	 reward -16.707	 ms 233.9	 loss 0.088051	 24.4s
[vali @25] rel=0.8891 (best 0.8891)  LW=224.9
Ep 25	 reward -16.775	 ms 234.8	 loss 0.147045	 55.7s
Ep 26	 reward -16.754	 ms 234.6	 loss 0.231273	 32.8s
Ep 27	 reward -16.696	 ms 233.8	 loss 0.125128	 34.6s
Ep 28	 reward -16.718	 ms 234.1	 loss 0.209806	 30.9s
Ep 29	 reward -16.814	 ms 235.4	 loss 0.279068	 32.4s
Ep 30	 reward -16.629	 ms 232.8	 loss 0.079669	 34.3s
Ep 31	 reward -16.604	 ms 232.4	 loss 0.053799	 38.7s
Ep 32	 reward -16.525	 ms 231.3	 loss 0.119840	 28.3s
Ep 33	 reward -16.482	 ms 230.8	 loss 0.052390	 30.8s
Ep 34	 reward -16.571	 ms 232.0	 loss 0.324132	 33.4s
Ep 35	 reward -16.407	 ms 229.7	 loss 0.013200	 33.4s
Ep 36	 reward -16.407	 ms 229.7	 loss 0.009161	 37.6s
Ep 37	 reward -16.693	 ms 233.7	 loss 0.229781	 38.6s
Ep 38	 reward -16.311	 ms 228.3	 loss 0.203948	 30.6s
Ep 39	 reward -16.529	 ms 231.4	 loss 0.234975	 36.3s
Ep 40	 reward -16.475	 ms 230.7	 loss 0.255478	 32.8s
Ep 41	 reward -16.525	 ms 231.3	 loss 0.151852	 42.6s
Ep 42	 reward -16.561	 ms 231.8	 loss 0.087553	 34.6s
Ep 43	 reward -16.500	 ms 231.0	 loss 0.050112	 31.7s
Ep 44	 reward -16.554	 ms 231.8	 loss 0.118150	 34.6s
Ep 45	 reward -16.479	 ms 230.7	 loss 0.089190	 31.0s
Ep 46	 reward -16.604	 ms 232.4	 loss 0.046284	 37.1s
Ep 47	 reward -16.543	 ms 231.6	 loss 0.113022	 26.3s
Ep 48	 reward -16.618	 ms 232.7	 loss 0.093201	 41.0s
Ep 49	 reward -16.529	 ms 231.4	 loss 0.226810	 35.4s
[vali @50] rel=0.8832 (best 0.8832)  LW=223.4
Ep 50	 reward -16.586	 ms 232.2	 loss 0.271418	 65.7s
Ep 51	 reward -16.446	 ms 230.2	 loss 0.066258	 34.6s
Ep 52	 reward -16.443	 ms 230.2	 loss 0.129714	 41.8s
Ep 53	 reward -16.464	 ms 230.5	 loss 0.102148	 26.5s
Ep 54	 reward -16.482	 ms 230.8	 loss 0.094004	 34.7s
Ep 55	 reward -16.429	 ms 230.0	 loss 0.188680	 40.2s
Ep 56	 reward -16.450	 ms 230.3	 loss 0.033733	 38.1s
Ep 57	 reward -16.482	 ms 230.8	 loss 0.050953	 37.7s
Ep 58	 reward -16.518	 ms 231.2	 loss 0.208757	 32.4s
Ep 59	 reward -16.461	 ms 230.4	 loss 0.161644	 34.0s
Ep 60	 reward -16.404	 ms 229.7	 loss 0.248713	 30.4s
Ep 61	 reward -16.511	 ms 231.2	 loss 0.104089	 38.6s
Ep 62	 reward -16.411	 ms 229.8	 loss 0.208024	 44.4s
Ep 63	 reward -16.400	 ms 229.6	 loss 0.096636	 33.1s
Ep 64	 reward -16.607	 ms 232.5	 loss 0.124133	 37.8s
Ep 65	 reward -16.507	 ms 231.1	 loss 0.138633	 29.7s
Ep 66	 reward -16.379	 ms 229.3	 loss 0.119320	 37.6s
Ep 67	 reward -16.479	 ms 230.7	 loss 0.081157	 34.0s
Ep 68	 reward -16.486	 ms 230.8	 loss 0.183138	 34.3s
Ep 69	 reward -16.343	 ms 228.8	 loss 0.167415	 36.0s
Ep 70	 reward -16.507	 ms 231.1	 loss 0.163123	 28.5s
Ep 71	 reward -16.375	 ms 229.2	 loss 0.091881	 35.3s
Ep 72	 reward -16.421	 ms 229.9	 loss 0.146970	 31.7s
Ep 73	 reward -16.396	 ms 229.6	 loss 0.070912	 36.6s
Ep 74	 reward -16.321	 ms 228.5	 loss 0.104412	 41.5s
[vali @75] rel=0.8952 (best 0.8832)  LW=226.4
Ep 75	 reward -16.539	 ms 231.6	 loss 0.091252	 63.9s
Ep 76	 reward -16.521	 ms 231.3	 loss 0.137675	 34.7s
Ep 77	 reward -16.511	 ms 231.2	 loss 0.102218	 30.7s
Ep 78	 reward -16.557	 ms 231.8	 loss 0.131460	 35.5s
Ep 79	 reward -16.554	 ms 231.8	 loss 0.058992	 34.7s
Ep 80	 reward -16.261	 ms 227.7	 loss 0.238919	 34.9s
Ep 81	 reward -16.121	 ms 225.7	 loss 0.286454	 27.9s
Ep 82	 reward -16.211	 ms 226.9	 loss 0.090843	 34.8s
Ep 83	 reward -16.304	 ms 228.2	 loss 0.205386	 41.9s
Ep 84	 reward -16.325	 ms 228.6	 loss 0.163269	 33.1s
Ep 85	 reward -16.264	 ms 227.7	 loss 0.090094	 39.4s
Ep 86	 reward -16.271	 ms 227.8	 loss 0.133967	 33.9s
Ep 87	 reward -16.196	 ms 226.8	 loss 0.115760	 40.2s
Ep 88	 reward -16.046	 ms 224.7	 loss 0.057186	 28.4s
Ep 89	 reward -16.304	 ms 228.2	 loss 0.272033	 31.7s
Ep 90	 reward -16.257	 ms 227.6	 loss 0.023639	 34.3s
Ep 91	 reward -16.179	 ms 226.5	 loss 0.096939	 34.0s
Ep 92	 reward -16.196	 ms 226.8	 loss 0.104917	 38.4s
Ep 93	 reward -16.229	 ms 227.2	 loss 0.119261	 35.2s
Ep 94	 reward -16.204	 ms 226.8	 loss 0.079474	 38.5s
Ep 95	 reward -16.111	 ms 225.6	 loss 0.233526	 27.1s
Ep 96	 reward -16.257	 ms 227.6	 loss 0.084173	 34.1s
Ep 97	 reward -16.150	 ms 226.1	 loss 0.198717	 38.8s
Ep 98	 reward -16.132	 ms 225.8	 loss 0.048925	 33.4s
Ep 99	 reward -16.332	 ms 228.7	 loss 0.037607	 34.5s
[vali @100] rel=0.8885 (best 0.8832)  LW=224.8
Ep 100	 reward -16.282	 ms 227.9	 loss 0.165736	 58.7s
Ep 101	 reward -16.300	 ms 228.2	 loss 0.260337	 39.2s
Ep 102	 reward -16.357	 ms 229.0	 loss 0.336436	 38.8s
Ep 103	 reward -16.375	 ms 229.2	 loss 0.151107	 33.7s
Ep 104	 reward -16.468	 ms 230.6	 loss 0.086587	 36.4s
Ep 105	 reward -16.429	 ms 230.0	 loss 0.149777	 38.8s
Ep 106	 reward -16.350	 ms 228.9	 loss 0.375507	 29.7s
Ep 107	 reward -16.293	 ms 228.1	 loss 0.188769	 36.9s
Ep 108	 reward -16.393	 ms 229.5	 loss 0.136565	 26.5s
Ep 109	 reward -16.296	 ms 228.2	 loss 0.272664	 37.6s
Ep 110	 reward -16.511	 ms 231.2	 loss 0.301430	 42.5s
Ep 111	 reward -16.339	 ms 228.8	 loss 0.130041	 35.4s
Ep 112	 reward -16.354	 ms 228.9	 loss 0.107238	 40.2s
Ep 113	 reward -16.329	 ms 228.6	 loss 0.182321	 31.0s
Ep 114	 reward -16.500	 ms 231.0	 loss 0.224363	 36.1s
Ep 115	 reward -16.368	 ms 229.2	 loss 0.160468	 41.6s
Ep 116	 reward -16.379	 ms 229.3	 loss 0.326535	 31.2s
Ep 117	 reward -16.332	 ms 228.7	 loss 0.211926	 41.2s
Ep 118	 reward -16.350	 ms 228.9	 loss 0.214297	 38.0s
Ep 119	 reward -16.218	 ms 227.1	 loss 0.172825	 37.0s
Ep 120	 reward -16.275	 ms 227.8	 loss 0.191836	 33.1s
Ep 121	 reward -15.971	 ms 223.6	 loss 0.183300	 40.9s
Ep 122	 reward -16.164	 ms 226.3	 loss 0.200943	 38.5s
Ep 123	 reward -16.100	 ms 225.4	 loss 0.148201	 27.9s
Ep 124	 reward -16.089	 ms 225.2	 loss 0.087501	 42.4s
[vali @125] rel=0.8701 (best 0.8701)  LW=220.1
Ep 125	 reward -16.100	 ms 225.4	 loss 0.075703	 72.0s
Ep 126	 reward -16.171	 ms 226.4	 loss 0.190922	 31.9s
Ep 127	 reward -16.082	 ms 225.2	 loss 0.171351	 34.2s
Ep 128	 reward -16.189	 ms 226.7	 loss 0.101391	 30.2s
Ep 129	 reward -16.104	 ms 225.4	 loss 0.151465	 35.9s
Ep 130	 reward -16.089	 ms 225.2	 loss 0.188821	 38.7s
Ep 131	 reward -16.221	 ms 227.1	 loss 0.118514	 35.0s
Ep 132	 reward -16.164	 ms 226.3	 loss 0.108729	 29.8s
Ep 133	 reward -16.139	 ms 225.9	 loss 0.136254	 39.3s
Ep 134	 reward -16.121	 ms 225.7	 loss 0.126112	 34.0s
Ep 135	 reward -16.111	 ms 225.6	 loss 0.177738	 35.4s
Ep 136	 reward -16.200	 ms 226.8	 loss 0.141613	 36.2s
Ep 137	 reward -16.121	 ms 225.7	 loss 0.204268	 34.1s
Ep 138	 reward -16.071	 ms 225.0	 loss 0.176918	 31.7s
Ep 139	 reward -16.129	 ms 225.8	 loss 0.105489	 37.7s
Ep 140	 reward -16.182	 ms 226.6	 loss 0.133481	 38.1s
Ep 141	 reward -16.129	 ms 225.8	 loss 0.340127	 40.6s
Ep 142	 reward -16.196	 ms 226.8	 loss 0.115918	 31.3s
Ep 143	 reward -15.950	 ms 223.3	 loss 0.195021	 31.7s
Ep 144	 reward -16.082	 ms 225.2	 loss 0.068270	 34.5s
Ep 145	 reward -16.114	 ms 225.6	 loss 0.150143	 34.2s
Ep 146	 reward -16.107	 ms 225.5	 loss 0.304868	 30.2s
Ep 147	 reward -16.254	 ms 227.6	 loss 0.151287	 27.8s
Ep 148	 reward -16.089	 ms 225.2	 loss 0.212463	 30.3s
Ep 149	 reward -16.193	 ms 226.7	 loss 0.167136	 43.3s
[vali @150] rel=0.8859 (best 0.8701)  LW=224.1
Ep 150	 reward -16.086	 ms 225.2	 loss 0.089786	 62.6s
Ep 151	 reward -16.179	 ms 226.5	 loss 0.124278	 31.0s
Ep 152	 reward -16.014	 ms 224.2	 loss 0.130966	 34.7s
Ep 153	 reward -16.182	 ms 226.6	 loss 0.167849	 40.4s
Ep 154	 reward -16.300	 ms 228.2	 loss 0.079401	 33.8s
Ep 155	 reward -16.111	 ms 225.6	 loss 0.064882	 35.0s
Ep 156	 reward -16.271	 ms 227.8	 loss 0.180276	 32.5s
Ep 157	 reward -16.082	 ms 225.2	 loss 0.131347	 32.8s
Ep 158	 reward -15.975	 ms 223.7	 loss -0.017383	 36.4s
Ep 159	 reward -15.989	 ms 223.8	 loss 0.081712	 31.6s
Ep 160	 reward -16.196	 ms 226.8	 loss 0.124148	 31.2s
Ep 161	 reward -16.314	 ms 228.4	 loss 0.305541	 32.4s
Ep 162	 reward -16.239	 ms 227.3	 loss 0.260887	 39.2s
Ep 163	 reward -16.164	 ms 226.3	 loss 0.214957	 31.2s
Ep 164	 reward -16.218	 ms 227.1	 loss 0.176027	 41.5s
Ep 165	 reward -16.307	 ms 228.3	 loss 0.238999	 38.6s
Ep 166	 reward -16.236	 ms 227.3	 loss 0.278796	 32.9s
Ep 167	 reward -16.286	 ms 228.0	 loss 0.243430	 42.4s
Ep 168	 reward -16.271	 ms 227.8	 loss 0.141163	 36.5s
Ep 169	 reward -16.304	 ms 228.2	 loss 0.289330	 38.3s
Ep 170	 reward -16.193	 ms 226.7	 loss 0.279825	 34.9s
Ep 171	 reward -16.132	 ms 225.8	 loss 0.265969	 50.6s
Ep 172	 reward -16.264	 ms 227.7	 loss 0.284984	 36.6s
Ep 173	 reward -16.100	 ms 225.4	 loss 0.298831	 36.2s
Ep 174	 reward -16.104	 ms 225.4	 loss 0.105147	 39.4s
[vali @175] rel=0.8759 (best 0.8701)  LW=221.6
Ep 175	 reward -16.043	 ms 224.6	 loss 0.240405	 67.2s
Ep 176	 reward -16.275	 ms 227.8	 loss 0.267987	 31.0s
Ep 177	 reward -16.175	 ms 226.4	 loss 0.226435	 37.4s
Ep 178	 reward -16.164	 ms 226.3	 loss 0.219639	 37.7s
Ep 179	 reward -16.250	 ms 227.5	 loss 0.300590	 36.7s
Ep 180	 reward -16.318	 ms 228.4	 loss 0.176282	 35.4s
Ep 181	 reward -15.993	 ms 223.9	 loss 0.164937	 37.1s
Ep 182	 reward -16.064	 ms 224.9	 loss 0.113980	 35.6s
Ep 183	 reward -16.054	 ms 224.8	 loss -0.059259	 45.1s
Ep 184	 reward -16.075	 ms 225.1	 loss 0.044880	 31.5s
Ep 185	 reward -15.932	 ms 223.1	 loss 0.004416	 33.9s
Ep 186	 reward -16.061	 ms 224.8	 loss 0.018724	 35.9s
Ep 187	 reward -16.061	 ms 224.8	 loss 0.133649	 36.4s
Ep 188	 reward -16.018	 ms 224.2	 loss -0.022437	 35.9s
Ep 189	 reward -15.932	 ms 223.1	 loss 0.127074	 40.1s
Ep 190	 reward -15.918	 ms 222.8	 loss -0.034342	 40.2s
Ep 191	 reward -15.961	 ms 223.4	 loss 0.034675	 37.0s
Ep 192	 reward -15.996	 ms 223.9	 loss -0.020349	 36.2s
Ep 193	 reward -15.975	 ms 223.7	 loss 0.151992	 36.9s
Ep 194	 reward -16.007	 ms 224.1	 loss 0.106173	 42.4s
Ep 195	 reward -15.979	 ms 223.7	 loss 0.179692	 36.0s
Ep 196	 reward -16.061	 ms 224.8	 loss 0.064967	 36.9s
Ep 197	 reward -16.057	 ms 224.8	 loss 0.097798	 39.6s
Ep 198	 reward -15.964	 ms 223.5	 loss 0.047755	 37.6s
Ep 199	 reward -16.011	 ms 224.2	 loss 0.213627	 40.7s
[vali @200] rel=0.8711 (best 0.8701)  LW=220.3
Ep 200	 reward -16.000	 ms 224.0	 loss -0.041279	 71.7s
Ep 201	 reward -15.946	 ms 223.2	 loss 0.153474	 40.1s
Ep 202	 reward -15.839	 ms 221.8	 loss 0.074122	 31.9s
Ep 203	 reward -15.829	 ms 221.6	 loss 0.021094	 39.2s
Ep 204	 reward -15.839	 ms 221.8	 loss -0.019517	 33.9s
Ep 205	 reward -15.764	 ms 220.7	 loss 0.210169	 36.9s
Ep 206	 reward -15.946	 ms 223.2	 loss -0.013574	 32.0s
Ep 207	 reward -15.896	 ms 222.6	 loss -0.021124	 36.6s
Ep 208	 reward -15.796	 ms 221.2	 loss 0.013513	 37.7s
Ep 209	 reward -15.757	 ms 220.6	 loss 0.020954	 43.8s
Ep 210	 reward -15.875	 ms 222.2	 loss 0.013329	 35.6s
Ep 211	 reward -15.843	 ms 221.8	 loss 0.041723	 40.0s
Ep 212	 reward -15.886	 ms 222.4	 loss 0.018734	 34.6s
Ep 213	 reward -15.836	 ms 221.7	 loss -0.024720	 39.4s
Ep 214	 reward -15.861	 ms 222.1	 loss 0.044311	 32.4s
Ep 215	 reward -15.771	 ms 220.8	 loss 0.001464	 32.3s
Ep 216	 reward -15.839	 ms 221.8	 loss 0.010234	 42.5s
Ep 217	 reward -15.739	 ms 220.3	 loss 0.064242	 33.7s
Ep 218	 reward -15.789	 ms 221.1	 loss 0.004467	 36.8s
Ep 219	 reward -15.739	 ms 220.3	 loss 0.053983	 37.0s
Ep 220	 reward -15.875	 ms 222.2	 loss -0.001496	 31.3s
Ep 221	 reward -15.929	 ms 223.0	 loss 0.128675	 30.6s
Ep 222	 reward -15.939	 ms 223.2	 loss -0.022956	 28.3s
Ep 223	 reward -15.968	 ms 223.6	 loss -0.143722	 36.5s
Ep 224	 reward -15.918	 ms 222.8	 loss -0.021876	 32.2s
[vali @225] rel=0.8664 (best 0.8664)  LW=219.2
Ep 225	 reward -15.979	 ms 223.7	 loss 0.037961	 63.6s
Ep 226	 reward -15.961	 ms 223.4	 loss 0.009790	 33.9s
Ep 227	 reward -15.996	 ms 223.9	 loss 0.027909	 42.1s
Ep 228	 reward -15.907	 ms 222.7	 loss 0.086418	 35.5s
Ep 229	 reward -15.875	 ms 222.2	 loss 0.010102	 37.9s
Ep 230	 reward -15.868	 ms 222.2	 loss -0.012515	 34.5s
Ep 231	 reward -16.025	 ms 224.3	 loss -0.033362	 28.9s
Ep 232	 reward -16.046	 ms 224.7	 loss -0.047723	 35.7s
Ep 233	 reward -15.968	 ms 223.6	 loss -0.022226	 31.7s
Ep 234	 reward -15.850	 ms 221.9	 loss -0.002943	 29.5s
Ep 235	 reward -15.943	 ms 223.2	 loss 0.151220	 35.7s
Ep 236	 reward -15.882	 ms 222.3	 loss -0.050645	 38.1s
Ep 237	 reward -16.043	 ms 224.6	 loss -0.045875	 32.0s
Ep 238	 reward -15.857	 ms 222.0	 loss 0.026196	 34.1s
Ep 239	 reward -16.061	 ms 224.8	 loss -0.021497	 30.9s
Ep 240	 reward -15.989	 ms 223.8	 loss 0.001082	 31.4s
Ep 241	 reward -16.346	 ms 228.8	 loss 0.085558	 33.3s
Ep 242	 reward -16.179	 ms 226.5	 loss 0.092467	 36.0s
Ep 243	 reward -16.225	 ms 227.2	 loss 0.121598	 34.8s
Ep 244	 reward -16.229	 ms 227.2	 loss 0.098771	 41.4s
Ep 245	 reward -16.314	 ms 228.4	 loss 0.236482	 41.9s
Ep 246	 reward -16.293	 ms 228.1	 loss 0.255771	 35.8s
Ep 247	 reward -16.225	 ms 227.2	 loss 0.091056	 31.7s
Ep 248	 reward -16.186	 ms 226.6	 loss 0.191311	 47.5s
Ep 249	 reward -16.296	 ms 228.2	 loss 0.044585	 38.5s
[vali @250] rel=0.8660 (best 0.8660)  LW=219.1
Ep 250	 reward -16.193	 ms 226.7	 loss 0.067647	 65.7s
Ep 251	 reward -16.354	 ms 228.9	 loss 0.035396	 45.2s
Ep 252	 reward -16.268	 ms 227.8	 loss 0.116373	 37.4s
Ep 253	 reward -16.339	 ms 228.8	 loss 0.059107	 49.1s
Ep 254	 reward -16.286	 ms 228.0	 loss 0.112125	 40.7s
Ep 255	 reward -16.225	 ms 227.2	 loss 0.075426	 33.8s
Ep 256	 reward -16.232	 ms 227.2	 loss 0.091623	 39.5s
Ep 257	 reward -16.336	 ms 228.7	 loss 0.085121	 34.7s
Ep 258	 reward -16.186	 ms 226.6	 loss 0.149027	 32.5s
Ep 259	 reward -16.339	 ms 228.8	 loss 0.050882	 37.9s
Ep 260	 reward -16.196	 ms 226.8	 loss 0.064783	 40.6s
Ep 261	 reward -16.054	 ms 224.8	 loss 0.109591	 36.5s
Ep 262	 reward -16.036	 ms 224.5	 loss 0.044619	 34.9s
Ep 263	 reward -15.961	 ms 223.4	 loss 0.038961	 32.6s
Ep 264	 reward -16.086	 ms 225.2	 loss 0.068309	 37.3s
Ep 265	 reward -15.993	 ms 223.9	 loss 0.012327	 37.8s
Ep 266	 reward -15.982	 ms 223.8	 loss 0.039163	 36.5s
Ep 267	 reward -16.046	 ms 224.7	 loss 0.057940	 34.4s
Ep 268	 reward -15.918	 ms 222.8	 loss -0.072969	 34.3s
Ep 269	 reward -16.036	 ms 224.5	 loss 0.006828	 38.1s
Ep 270	 reward -15.979	 ms 223.7	 loss -0.043710	 39.6s
Ep 271	 reward -15.882	 ms 222.3	 loss -0.092784	 36.8s
Ep 272	 reward -16.104	 ms 225.4	 loss 0.093826	 38.7s
Ep 273	 reward -15.964	 ms 223.5	 loss 0.056631	 33.0s
Ep 274	 reward -15.914	 ms 222.8	 loss 0.029582	 41.2s
[vali @275] rel=0.8701 (best 0.8660)  LW=220.1
Ep 275	 reward -16.196	 ms 226.8	 loss 0.103403	 68.7s
Ep 276	 reward -15.911	 ms 222.8	 loss -0.064713	 33.0s
Ep 277	 reward -15.936	 ms 223.1	 loss 0.070797	 28.2s
Ep 278	 reward -15.986	 ms 223.8	 loss 0.011557	 36.9s
Ep 279	 reward -15.893	 ms 222.5	 loss 0.016361	 36.0s
Ep 280	 reward -15.954	 ms 223.3	 loss -0.012432	 35.0s
Ep 281	 reward -15.893	 ms 222.5	 loss 0.179899	 45.3s
Ep 282	 reward -15.825	 ms 221.6	 loss 0.160056	 33.7s
Ep 283	 reward -15.811	 ms 221.3	 loss 0.275844	 35.3s
Ep 284	 reward -15.879	 ms 222.3	 loss -0.021960	 36.6s
Ep 285	 reward -15.996	 ms 223.9	 loss 0.040595	 43.4s
Ep 286	 reward -15.807	 ms 221.3	 loss 0.221198	 32.9s
Ep 287	 reward -15.896	 ms 222.6	 loss 0.218684	 43.1s
Ep 288	 reward -15.796	 ms 221.2	 loss 0.204326	 40.7s
Ep 289	 reward -15.829	 ms 221.6	 loss 0.172358	 39.0s
Ep 290	 reward -15.936	 ms 223.1	 loss 0.164735	 36.7s
Ep 291	 reward -15.939	 ms 223.2	 loss 0.093241	 36.3s
Ep 292	 reward -15.971	 ms 223.6	 loss 0.189367	 38.9s
Ep 293	 reward -15.811	 ms 221.3	 loss 0.163347	 36.1s
Ep 294	 reward -15.882	 ms 222.3	 loss 0.252511	 38.5s
Ep 295	 reward -15.843	 ms 221.8	 loss 0.148667	 40.7s
Ep 296	 reward -15.850	 ms 221.9	 loss 0.168658	 38.2s
Ep 297	 reward -15.889	 ms 222.4	 loss 0.180258	 34.9s
Ep 298	 reward -15.929	 ms 223.0	 loss 0.167424	 33.5s
Ep 299	 reward -15.793	 ms 221.1	 loss 0.175834	 39.6s
[vali @300] rel=0.8727 (best 0.8660)  LW=220.8
Ep 300	 reward -15.839	 ms 221.8	 loss 0.161075	 78.2s
Ep 301	 reward -15.932	 ms 223.1	 loss -0.024458	 33.3s
Ep 302	 reward -15.868	 ms 222.2	 loss -0.001614	 34.8s
Ep 303	 reward -15.979	 ms 223.7	 loss -0.013282	 37.8s
Ep 304	 reward -15.871	 ms 222.2	 loss 0.028209	 35.7s
Ep 305	 reward -15.843	 ms 221.8	 loss -0.029882	 37.8s
Ep 306	 reward -15.882	 ms 222.3	 loss 0.013312	 34.9s
Ep 307	 reward -15.961	 ms 223.4	 loss -0.025134	 33.1s
Ep 308	 reward -15.900	 ms 222.6	 loss 0.018822	 39.0s
Ep 309	 reward -15.854	 ms 221.9	 loss -0.010660	 37.1s
Ep 310	 reward -15.825	 ms 221.6	 loss -0.027013	 40.2s
Ep 311	 reward -15.929	 ms 223.0	 loss 0.017858	 33.3s
Ep 312	 reward -15.896	 ms 222.6	 loss -0.043749	 36.1s
Ep 313	 reward -15.964	 ms 223.5	 loss -0.040304	 37.0s
Ep 314	 reward -15.854	 ms 221.9	 loss 0.008637	 37.2s
Ep 315	 reward -15.854	 ms 221.9	 loss -0.022866	 37.8s
Ep 316	 reward -15.936	 ms 223.1	 loss -0.039403	 39.9s
Ep 317	 reward -15.939	 ms 223.2	 loss 0.022069	 34.3s
Ep 318	 reward -15.843	 ms 221.8	 loss 0.014207	 38.5s
Ep 319	 reward -15.911	 ms 222.8	 loss -0.062057	 31.4s
Ep 320	 reward -15.893	 ms 222.5	 loss 0.011492	 31.8s
Ep 321	 reward -16.043	 ms 224.6	 loss 0.159733	 38.8s
Ep 322	 reward -15.993	 ms 223.9	 loss 0.112952	 44.1s
Ep 323	 reward -16.079	 ms 225.1	 loss 0.163304	 39.9s
Ep 324	 reward -16.089	 ms 225.2	 loss 0.175524	 37.8s
[vali @325] rel=0.8715 (best 0.8660)  LW=220.4
Ep 325	 reward -15.989	 ms 223.8	 loss 0.091840	 76.2s
Ep 326	 reward -16.018	 ms 224.2	 loss 0.099519	 38.8s
Ep 327	 reward -16.011	 ms 224.2	 loss 0.049672	 32.9s
Ep 328	 reward -16.032	 ms 224.4	 loss 0.116838	 42.9s
Ep 329	 reward -16.011	 ms 224.2	 loss 0.092518	 37.1s
Ep 330	 reward -15.950	 ms 223.3	 loss 0.105955	 35.8s
Ep 331	 reward -16.050	 ms 224.7	 loss 0.079546	 30.6s
Ep 332	 reward -15.982	 ms 223.8	 loss 0.115134	 32.5s
Ep 333	 reward -15.989	 ms 223.8	 loss 0.214867	 36.6s
Ep 334	 reward -16.025	 ms 224.3	 loss 0.063932	 34.6s
Ep 335	 reward -16.071	 ms 225.0	 loss 0.094552	 39.8s
Ep 336	 reward -16.032	 ms 224.4	 loss 0.089538	 38.2s
Ep 337	 reward -15.932	 ms 223.1	 loss 0.153874	 32.3s
Ep 338	 reward -15.925	 ms 222.9	 loss 0.151628	 28.6s
Ep 339	 reward -15.961	 ms 223.4	 loss 0.202326	 40.5s
Ep 340	 reward -15.993	 ms 223.9	 loss 0.044397	 38.2s
Ep 341	 reward -15.921	 ms 222.9	 loss 0.098181	 39.0s
Ep 342	 reward -15.839	 ms 221.8	 loss 0.030126	 39.6s
Ep 343	 reward -15.871	 ms 222.2	 loss -0.000983	 39.9s
Ep 344	 reward -15.864	 ms 222.1	 loss 0.120000	 42.2s
Ep 345	 reward -15.814	 ms 221.4	 loss 0.200562	 33.4s
Ep 346	 reward -15.843	 ms 221.8	 loss 0.042923	 36.6s
Ep 347	 reward -15.850	 ms 221.9	 loss 0.258052	 37.8s
Ep 348	 reward -15.879	 ms 222.3	 loss 0.010656	 37.2s
Ep 349	 reward -15.829	 ms 221.6	 loss 0.116573	 38.1s
[vali @350] rel=0.8729 (best 0.8660)  LW=220.8
Ep 350	 reward -15.882	 ms 222.3	 loss -0.059616	 71.8s
Ep 351	 reward -15.904	 ms 222.7	 loss 0.134843	 38.9s
Ep 352	 reward -15.839	 ms 221.8	 loss 0.095616	 37.5s
Ep 353	 reward -15.811	 ms 221.3	 loss 0.072315	 41.8s
Ep 354	 reward -15.882	 ms 222.3	 loss 0.057834	 36.2s
Ep 355	 reward -15.843	 ms 221.8	 loss 0.236505	 33.2s
Ep 356	 reward -15.843	 ms 221.8	 loss -0.036924	 37.8s
Ep 357	 reward -15.811	 ms 221.3	 loss 0.029812	 34.6s
Ep 358	 reward -15.775	 ms 220.8	 loss 0.087503	 36.2s
Ep 359	 reward -15.864	 ms 222.1	 loss 0.206850	 35.0s
Ep 360	 reward -15.846	 ms 221.8	 loss -0.037309	 30.5s
Ep 361	 reward -15.893	 ms 222.5	 loss 0.093084	 32.5s
Ep 362	 reward -15.979	 ms 223.7	 loss -0.001048	 35.9s
Ep 363	 reward -15.850	 ms 221.9	 loss 0.072968	 41.1s
Ep 364	 reward -15.932	 ms 223.1	 loss 0.102993	 37.8s
Ep 365	 reward -16.039	 ms 224.6	 loss -0.078331	 33.8s
Ep 366	 reward -15.971	 ms 223.6	 loss 0.058658	 36.5s
Ep 367	 reward -15.964	 ms 223.5	 loss 0.140919	 42.3s
Ep 368	 reward -15.893	 ms 222.5	 loss 0.010274	 30.5s
Ep 369	 reward -15.914	 ms 222.8	 loss 0.054104	 43.1s
Ep 370	 reward -15.954	 ms 223.3	 loss -0.023556	 36.9s
Ep 371	 reward -15.954	 ms 223.3	 loss 0.013110	 41.7s
Ep 372	 reward -15.961	 ms 223.4	 loss 0.035702	 37.7s
Ep 373	 reward -15.918	 ms 222.8	 loss 0.096210	 33.8s
Ep 374	 reward -15.982	 ms 223.8	 loss -0.065383	 38.5s
[vali @375] rel=0.8755 (best 0.8660)  LW=221.4
Ep 375	 reward -15.993	 ms 223.9	 loss 0.175104	 70.4s
Ep 376	 reward -15.907	 ms 222.7	 loss 0.095419	 34.0s
Ep 377	 reward -15.879	 ms 222.3	 loss -0.035513	 33.2s
Ep 378	 reward -15.943	 ms 223.2	 loss 0.077784	 31.4s
Ep 379	 reward -15.975	 ms 223.7	 loss -0.002891	 27.9s
Ep 380	 reward -15.846	 ms 221.8	 loss 0.033804	 26.8s
Ep 381	 reward -16.054	 ms 224.8	 loss 0.123350	 25.0s
Ep 382	 reward -15.964	 ms 223.5	 loss 0.152076	 26.7s
Ep 383	 reward -15.932	 ms 223.1	 loss 0.261082	 25.6s
Ep 384	 reward -15.975	 ms 223.7	 loss 0.106545	 30.4s
Ep 385	 reward -16.000	 ms 224.0	 loss 0.209031	 29.8s
Ep 386	 reward -16.039	 ms 224.6	 loss 0.262813	 26.7s
Ep 387	 reward -15.896	 ms 222.6	 loss 0.162023	 23.9s
Ep 388	 reward -15.854	 ms 221.9	 loss 0.187222	 29.2s
Ep 389	 reward -15.946	 ms 223.2	 loss 0.177668	 29.4s
Ep 390	 reward -15.943	 ms 223.2	 loss 0.213051	 21.4s
Ep 391	 reward -15.957	 ms 223.4	 loss 0.193142	 25.5s
Ep 392	 reward -15.957	 ms 223.4	 loss 0.167946	 33.9s
Ep 393	 reward -16.039	 ms 224.6	 loss 0.203211	 28.5s
Ep 394	 reward -15.932	 ms 223.1	 loss 0.152570	 33.8s
Ep 395	 reward -15.961	 ms 223.4	 loss 0.124791	 33.4s
Ep 396	 reward -15.854	 ms 221.9	 loss 0.214624	 42.7s
Ep 397	 reward -16.000	 ms 224.0	 loss 0.216802	 37.3s
Ep 398	 reward -15.825	 ms 221.6	 loss 0.222404	 34.3s
Ep 399	 reward -15.836	 ms 221.7	 loss 0.071427	 32.0s
[vali @400] rel=0.8739 (best 0.8660)  LW=221.1
Ep 400	 reward -15.957	 ms 223.4	 loss 0.219052	 70.6s
Ep 401	 reward -16.014	 ms 224.2	 loss 0.132826	 42.9s
Ep 402	 reward -15.996	 ms 223.9	 loss 0.114451	 41.8s
Ep 403	 reward -15.921	 ms 222.9	 loss 0.270181	 42.0s
Ep 404	 reward -15.921	 ms 222.9	 loss 0.186959	 39.0s
Ep 405	 reward -15.864	 ms 222.1	 loss 0.168348	 38.1s
Ep 406	 reward -15.886	 ms 222.4	 loss 0.014884	 32.2s
Ep 407	 reward -15.975	 ms 223.7	 loss 0.082423	 34.1s
Ep 408	 reward -15.939	 ms 223.2	 loss 0.203125	 37.2s
Ep 409	 reward -15.900	 ms 222.6	 loss 0.225259	 36.2s
Ep 410	 reward -16.011	 ms 224.2	 loss 0.213965	 33.7s
Ep 411	 reward -16.032	 ms 224.4	 loss 0.213323	 30.8s
Ep 412	 reward -16.029	 ms 224.4	 loss 0.236442	 39.1s
Ep 413	 reward -15.925	 ms 222.9	 loss 0.115395	 40.3s
Ep 414	 reward -15.929	 ms 223.0	 loss 0.121956	 34.4s
Ep 415	 reward -15.839	 ms 221.8	 loss 0.074974	 34.8s
Ep 416	 reward -15.932	 ms 223.1	 loss 0.068224	 40.4s
Ep 417	 reward -15.843	 ms 221.8	 loss 0.118619	 39.6s
Ep 418	 reward -16.007	 ms 224.1	 loss 0.197968	 41.3s
Ep 419	 reward -15.975	 ms 223.7	 loss 0.021843	 36.5s
Ep 420	 reward -15.950	 ms 223.3	 loss 0.030970	 26.0s
Ep 421	 reward -15.632	 ms 218.8	 loss 0.150870	 41.5s
Ep 422	 reward -15.746	 ms 220.4	 loss 0.162770	 38.1s
Ep 423	 reward -15.729	 ms 220.2	 loss 0.093055	 31.5s
Ep 424	 reward -15.711	 ms 219.9	 loss 0.247462	 32.7s
[vali @425] rel=0.8701 (best 0.8660)  LW=220.1
Ep 425	 reward -15.696	 ms 219.8	 loss 0.113371	 71.5s
Ep 426	 reward -15.654	 ms 219.2	 loss 0.191533	 37.0s
Ep 427	 reward -15.768	 ms 220.8	 loss 0.070713	 30.7s
Ep 428	 reward -15.693	 ms 219.7	 loss 0.057844	 38.4s
Ep 429	 reward -15.721	 ms 220.1	 loss 0.127858	 37.9s
Ep 430	 reward -15.679	 ms 219.5	 loss 0.195084	 32.4s
Ep 431	 reward -15.718	 ms 220.1	 loss 0.040715	 36.6s
Ep 432	 reward -15.746	 ms 220.4	 loss 0.145350	 41.2s
Ep 433	 reward -15.664	 ms 219.3	 loss 0.018697	 36.4s
Ep 434	 reward -15.611	 ms 218.6	 loss 0.065341	 30.2s
Ep 435	 reward -15.714	 ms 220.0	 loss 0.095461	 37.5s
Ep 436	 reward -15.732	 ms 220.2	 loss 0.093669	 36.7s
Ep 437	 reward -15.704	 ms 219.8	 loss 0.142596	 29.6s
Ep 438	 reward -15.682	 ms 219.6	 loss 0.037524	 35.9s
Ep 439	 reward -15.661	 ms 219.2	 loss 0.127812	 36.6s
Ep 440	 reward -15.632	 ms 218.8	 loss 0.074386	 36.0s
Ep 441	 reward -15.811	 ms 221.3	 loss 0.196420	 34.1s
Ep 442	 reward -15.925	 ms 222.9	 loss 0.026577	 36.5s
Ep 443	 reward -15.850	 ms 221.9	 loss 0.150720	 33.8s
Ep 444	 reward -15.911	 ms 222.8	 loss -0.008260	 34.4s
Ep 445	 reward -15.871	 ms 222.2	 loss 0.162984	 40.1s
Ep 446	 reward -15.943	 ms 223.2	 loss 0.204951	 34.6s
Ep 447	 reward -15.871	 ms 222.2	 loss 0.035316	 37.8s
Ep 448	 reward -15.929	 ms 223.0	 loss 0.212808	 29.9s
Ep 449	 reward -15.957	 ms 223.4	 loss 0.007213	 34.2s
[vali @450] rel=0.8691 (best 0.8660)  LW=219.8
Ep 450	 reward -15.986	 ms 223.8	 loss 0.104732	 66.0s
Ep 451	 reward -15.982	 ms 223.8	 loss 0.222588	 37.9s
Ep 452	 reward -15.836	 ms 221.7	 loss 0.215845	 35.3s
Ep 453	 reward -15.793	 ms 221.1	 loss 0.163236	 32.2s
Ep 454	 reward -15.861	 ms 222.1	 loss 0.089550	 38.8s
Ep 455	 reward -15.914	 ms 222.8	 loss 0.192899	 35.9s
Ep 456	 reward -15.836	 ms 221.7	 loss 0.205177	 34.1s
Ep 457	 reward -15.846	 ms 221.8	 loss 0.070027	 41.1s
Ep 458	 reward -15.886	 ms 222.4	 loss 0.130983	 39.9s
Ep 459	 reward -15.832	 ms 221.7	 loss 0.054731	 37.1s
Ep 460	 reward -15.864	 ms 222.1	 loss 0.168493	 33.8s
Ep 461	 reward -16.075	 ms 225.1	 loss -0.003167	 33.6s
Ep 462	 reward -15.954	 ms 223.3	 loss 0.223947	 36.7s
Ep 463	 reward -15.882	 ms 222.3	 loss 0.242461	 40.6s
Ep 464	 reward -16.089	 ms 225.2	 loss 0.069605	 33.8s
Ep 465	 reward -16.021	 ms 224.3	 loss 0.012542	 39.6s
Ep 466	 reward -15.993	 ms 223.9	 loss 0.135358	 35.5s
Ep 467	 reward -16.007	 ms 224.1	 loss 0.068510	 38.7s
Ep 468	 reward -16.043	 ms 224.6	 loss 0.049729	 31.6s
Ep 469	 reward -16.061	 ms 224.8	 loss 0.013883	 38.9s
Ep 470	 reward -16.007	 ms 224.1	 loss 0.185839	 43.0s
Ep 471	 reward -16.007	 ms 224.1	 loss 0.220864	 35.5s
Ep 472	 reward -15.943	 ms 223.2	 loss 0.024110	 34.8s
Ep 473	 reward -15.957	 ms 223.4	 loss 0.006098	 34.5s
Ep 474	 reward -15.961	 ms 223.4	 loss -0.003471	 37.1s
[vali @475] rel=0.8668 (best 0.8660)  LW=219.2
Ep 475	 reward -16.093	 ms 225.3	 loss 0.109619	 67.3s
Ep 476	 reward -16.021	 ms 224.3	 loss 0.234669	 32.7s
Ep 477	 reward -15.918	 ms 222.8	 loss 0.237642	 45.6s
Ep 478	 reward -16.046	 ms 224.7	 loss 0.036028	 33.6s
Ep 479	 reward -16.129	 ms 225.8	 loss 0.124585	 37.2s
Ep 480	 reward -15.907	 ms 222.7	 loss 0.209536	 43.3s
Ep 481	 reward -15.932	 ms 223.1	 loss 0.250968	 36.0s
Ep 482	 reward -15.982	 ms 223.8	 loss 0.272440	 46.3s
Ep 483	 reward -15.896	 ms 222.6	 loss 0.130366	 37.0s
Ep 484	 reward -15.975	 ms 223.7	 loss 0.147326	 36.8s
Ep 485	 reward -15.982	 ms 223.8	 loss 0.137200	 34.3s
Ep 486	 reward -16.018	 ms 224.2	 loss 0.064229	 38.9s
Ep 487	 reward -15.975	 ms 223.7	 loss 0.068649	 27.8s
Ep 488	 reward -16.039	 ms 224.6	 loss 0.249086	 33.8s
Ep 489	 reward -15.929	 ms 223.0	 loss 0.237990	 34.2s
Ep 490	 reward -15.918	 ms 222.8	 loss 0.188812	 38.7s
Ep 491	 reward -15.964	 ms 223.5	 loss 0.138643	 40.2s
Ep 492	 reward -15.989	 ms 223.8	 loss 0.062210	 38.3s
Ep 493	 reward -15.921	 ms 222.9	 loss 0.199848	 40.5s
Ep 494	 reward -15.943	 ms 223.2	 loss 0.205617	 32.0s
Ep 495	 reward -15.954	 ms 223.3	 loss 0.291828	 37.9s
Ep 496	 reward -16.007	 ms 224.1	 loss 0.211501	 38.8s
Ep 497	 reward -16.000	 ms 224.0	 loss 0.084011	 35.5s
Ep 498	 reward -15.989	 ms 223.8	 loss 0.025157	 37.5s
Ep 499	 reward -16.004	 ms 224.1	 loss 0.166278	 36.5s
[vali @500] rel=0.8658 (best 0.8658)  LW=219.0
Ep 500	 reward -16.029	 ms 224.4	 loss 0.128494	 62.2s
Ep 501	 reward -15.868	 ms 222.2	 loss 0.126007	 32.8s
Ep 502	 reward -15.832	 ms 221.7	 loss 0.064348	 36.7s
Ep 503	 reward -15.864	 ms 222.1	 loss -0.089614	 32.6s
Ep 504	 reward -15.907	 ms 222.7	 loss 0.073233	 35.7s
Ep 505	 reward -15.986	 ms 223.8	 loss -0.045943	 39.4s
Ep 506	 reward -15.939	 ms 223.2	 loss 0.128217	 33.5s
Ep 507	 reward -15.900	 ms 222.6	 loss -0.012934	 38.7s
Ep 508	 reward -15.843	 ms 221.8	 loss 0.024987	 34.9s
Ep 509	 reward -15.807	 ms 221.3	 loss 0.025316	 39.4s
Ep 510	 reward -16.029	 ms 224.4	 loss -0.014419	 33.9s
Ep 511	 reward -15.950	 ms 223.3	 loss -0.004123	 39.2s
Ep 512	 reward -16.004	 ms 224.1	 loss 0.025699	 34.5s
Ep 513	 reward -15.889	 ms 222.4	 loss 0.013053	 30.7s
Ep 514	 reward -15.925	 ms 222.9	 loss -0.024887	 35.4s
Ep 515	 reward -15.904	 ms 222.7	 loss 0.005713	 36.6s
Ep 516	 reward -15.757	 ms 220.6	 loss -0.010511	 40.0s
Ep 517	 reward -15.993	 ms 223.9	 loss 0.037100	 32.7s
Ep 518	 reward -15.789	 ms 221.1	 loss -0.103656	 33.0s
Ep 519	 reward -15.918	 ms 222.8	 loss -0.020837	 29.2s
Ep 520	 reward -15.904	 ms 222.7	 loss -0.086951	 38.0s
Ep 521	 reward -15.996	 ms 223.9	 loss -0.030313	 38.6s
Ep 522	 reward -16.100	 ms 225.4	 loss 0.090245	 50.2s
Ep 523	 reward -16.068	 ms 224.9	 loss 0.167472	 38.6s
Ep 524	 reward -16.107	 ms 225.5	 loss 0.200408	 30.7s
[vali @525] rel=0.8729 (best 0.8658)  LW=220.8
Ep 525	 reward -16.093	 ms 225.3	 loss 0.262106	 69.7s
Ep 526	 reward -16.046	 ms 224.7	 loss 0.283064	 39.3s
Ep 527	 reward -16.050	 ms 224.7	 loss 0.254787	 33.4s
Ep 528	 reward -16.036	 ms 224.5	 loss 0.104680	 33.5s
Ep 529	 reward -16.071	 ms 225.0	 loss 0.139982	 39.5s
Ep 530	 reward -15.982	 ms 223.8	 loss 0.053948	 32.6s
Ep 531	 reward -15.986	 ms 223.8	 loss 0.095887	 34.3s
Ep 532	 reward -16.032	 ms 224.4	 loss 0.083383	 36.9s
Ep 533	 reward -16.111	 ms 225.6	 loss 0.180301	 41.9s
Ep 534	 reward -16.046	 ms 224.7	 loss -0.036048	 35.0s
Ep 535	 reward -16.021	 ms 224.3	 loss 0.206141	 32.4s
Ep 536	 reward -16.043	 ms 224.6	 loss 0.122519	 39.0s
Ep 537	 reward -16.057	 ms 224.8	 loss 0.033488	 41.3s
Ep 538	 reward -16.068	 ms 224.9	 loss 0.026618	 33.5s
Ep 539	 reward -16.075	 ms 225.1	 loss 0.167819	 38.4s
Ep 540	 reward -16.079	 ms 225.1	 loss -0.005932	 41.8s
Ep 541	 reward -15.893	 ms 222.5	 loss 0.131908	 29.1s
Ep 542	 reward -15.964	 ms 223.5	 loss -0.017222	 38.6s
Ep 543	 reward -15.818	 ms 221.4	 loss -0.017353	 39.4s
Ep 544	 reward -15.943	 ms 223.2	 loss 0.010580	 37.7s
Ep 545	 reward -15.864	 ms 222.1	 loss -0.004488	 39.9s
Ep 546	 reward -15.768	 ms 220.8	 loss -0.012037	 38.0s
Ep 547	 reward -15.732	 ms 220.2	 loss -0.019652	 38.1s
Ep 548	 reward -15.918	 ms 222.8	 loss 0.024753	 39.0s
Ep 549	 reward -15.918	 ms 222.8	 loss -0.030579	 39.7s
[vali @550] rel=0.8743 (best 0.8658)  LW=221.2
Ep 550	 reward -15.943	 ms 223.2	 loss -0.061914	 71.6s
Ep 551	 reward -15.771	 ms 220.8	 loss 0.036134	 36.1s
Ep 552	 reward -15.861	 ms 222.1	 loss -0.060205	 32.7s
Ep 553	 reward -15.925	 ms 222.9	 loss -0.037959	 30.0s
Ep 554	 reward -15.889	 ms 222.4	 loss -0.021596	 35.4s
Ep 555	 reward -15.936	 ms 223.1	 loss 0.119856	 33.3s
Ep 556	 reward -15.850	 ms 221.9	 loss -0.015878	 39.6s
Ep 557	 reward -15.850	 ms 221.9	 loss 0.017354	 37.7s
Ep 558	 reward -15.854	 ms 221.9	 loss 0.099296	 36.4s
Ep 559	 reward -15.875	 ms 222.2	 loss 0.003180	 37.2s
Ep 560	 reward -15.907	 ms 222.7	 loss 0.167463	 35.8s
Ep 561	 reward -15.918	 ms 222.8	 loss -0.095936	 40.7s
Ep 562	 reward -15.907	 ms 222.7	 loss -0.016185	 41.7s
Ep 563	 reward -15.918	 ms 222.8	 loss 0.179777	 35.5s
Ep 564	 reward -16.011	 ms 224.2	 loss 0.227605	 36.5s
Ep 565	 reward -15.957	 ms 223.4	 loss 0.147625	 34.1s
Ep 566	 reward -15.882	 ms 222.3	 loss -0.128073	 37.9s
Ep 567	 reward -15.979	 ms 223.7	 loss 0.063821	 29.8s
Ep 568	 reward -15.964	 ms 223.5	 loss 0.161158	 41.4s
Ep 569	 reward -15.854	 ms 221.9	 loss 0.136754	 33.6s
Ep 570	 reward -15.943	 ms 223.2	 loss 0.005542	 31.4s
Ep 571	 reward -15.864	 ms 222.1	 loss 0.158035	 32.6s
Ep 572	 reward -15.979	 ms 223.7	 loss -0.115221	 38.4s
Ep 573	 reward -16.011	 ms 224.2	 loss -0.072867	 32.9s
Ep 574	 reward -15.843	 ms 221.8	 loss 0.083597	 37.3s
[vali @575] rel=0.8765 (best 0.8658)  LW=221.7
Ep 575	 reward -15.900	 ms 222.6	 loss 0.066469	 68.2s
Ep 576	 reward -15.868	 ms 222.2	 loss 0.177910	 35.1s
Ep 577	 reward -15.964	 ms 223.5	 loss 0.169093	 43.4s
Ep 578	 reward -15.864	 ms 222.1	 loss 0.030014	 34.5s
Ep 579	 reward -15.921	 ms 222.9	 loss -0.149548	 43.2s
Ep 580	 reward -15.843	 ms 221.8	 loss -0.127058	 37.8s
Ep 581	 reward -15.925	 ms 222.9	 loss 0.138860	 37.2s
Ep 582	 reward -15.936	 ms 223.1	 loss 0.157203	 32.2s
Ep 583	 reward -15.893	 ms 222.5	 loss 0.213327	 35.1s
Ep 584	 reward -15.882	 ms 222.3	 loss 0.242518	 27.4s
Ep 585	 reward -15.868	 ms 222.2	 loss 0.217096	 32.9s
Ep 586	 reward -15.957	 ms 223.4	 loss 0.286262	 39.4s
Ep 587	 reward -15.907	 ms 222.7	 loss 0.126745	 40.5s
Ep 588	 reward -15.993	 ms 223.9	 loss 0.031531	 30.4s
Ep 589	 reward -15.950	 ms 223.3	 loss 0.100333	 41.5s
Ep 590	 reward -15.889	 ms 222.4	 loss 0.167371	 31.9s
Ep 591	 reward -15.832	 ms 221.7	 loss 0.030260	 40.7s
Ep 592	 reward -15.854	 ms 221.9	 loss 0.219719	 31.9s
Ep 593	 reward -15.807	 ms 221.3	 loss 0.070188	 39.2s
Ep 594	 reward -15.857	 ms 222.0	 loss 0.172872	 32.9s
Ep 595	 reward -15.954	 ms 223.3	 loss 0.217922	 33.8s
Ep 596	 reward -15.857	 ms 222.0	 loss 0.143296	 29.3s
Ep 597	 reward -15.993	 ms 223.9	 loss 0.170043	 25.6s
Ep 598	 reward -15.932	 ms 223.1	 loss 0.192156	 37.1s
Ep 599	 reward -15.921	 ms 222.9	 loss 0.178312	 37.4s
[vali @600] rel=0.8717 (best 0.8658)  LW=220.5
Ep 600	 reward -15.929	 ms 223.0	 loss 0.048485	 61.9s
Ep 601	 reward -16.118	 ms 225.7	 loss 0.068917	 41.3s
Ep 602	 reward -16.107	 ms 225.5	 loss 0.235471	 37.3s
Ep 603	 reward -16.154	 ms 226.2	 loss 0.277466	 38.2s
Ep 604	 reward -16.036	 ms 224.5	 loss 0.202770	 35.0s
Ep 605	 reward -16.068	 ms 224.9	 loss -0.041236	 32.7s
Ep 606	 reward -15.975	 ms 223.7	 loss 0.060504	 39.4s
Ep 607	 reward -15.996	 ms 223.9	 loss -0.035278	 42.4s
Ep 608	 reward -16.068	 ms 224.9	 loss 0.076190	 35.2s
Ep 609	 reward -16.082	 ms 225.2	 loss 0.173152	 45.1s
Ep 610	 reward -16.064	 ms 224.9	 loss 0.030631	 36.9s
Ep 611	 reward -16.039	 ms 224.6	 loss 0.046635	 33.4s
Ep 612	 reward -16.107	 ms 225.5	 loss 0.161032	 39.3s
Ep 613	 reward -16.018	 ms 224.2	 loss -0.004768	 34.5s
Ep 614	 reward -16.068	 ms 224.9	 loss 0.222660	 31.6s
Ep 615	 reward -16.029	 ms 224.4	 loss 0.025077	 36.9s
Ep 616	 reward -16.029	 ms 224.4	 loss -0.034544	 37.5s
Ep 617	 reward -16.082	 ms 225.2	 loss 0.085897	 36.5s
Ep 618	 reward -16.025	 ms 224.3	 loss 0.177190	 38.9s
Ep 619	 reward -15.993	 ms 223.9	 loss 0.179666	 38.5s
Ep 620	 reward -16.071	 ms 225.0	 loss 0.229132	 28.3s
Ep 621	 reward -16.000	 ms 224.0	 loss 0.002961	 29.3s
Ep 622	 reward -15.989	 ms 223.8	 loss 0.012400	 29.7s
Ep 623	 reward -16.000	 ms 224.0	 loss -0.026302	 28.7s
Ep 624	 reward -16.064	 ms 224.9	 loss -0.048091	 30.8s
[vali @625] rel=0.8711 (best 0.8658)  LW=220.3
Ep 625	 reward -16.036	 ms 224.5	 loss -0.018088	 56.3s
Ep 626	 reward -16.011	 ms 224.2	 loss -0.036526	 30.1s
Ep 627	 reward -16.004	 ms 224.1	 loss 0.041914	 27.8s
Ep 628	 reward -16.004	 ms 224.1	 loss -0.024998	 28.5s
Ep 629	 reward -16.004	 ms 224.1	 loss -0.103221	 29.2s
Ep 630	 reward -16.021	 ms 224.3	 loss -0.002227	 29.9s
Ep 631	 reward -15.986	 ms 223.8	 loss -0.075634	 28.8s
Ep 632	 reward -15.964	 ms 223.5	 loss -0.101566	 27.8s
Ep 633	 reward -16.021	 ms 224.3	 loss -0.014388	 28.3s
Ep 634	 reward -16.021	 ms 224.3	 loss 0.026017	 28.7s
Ep 635	 reward -15.968	 ms 223.6	 loss -0.003958	 29.6s
Ep 636	 reward -16.004	 ms 224.1	 loss -0.073860	 31.4s
Ep 637	 reward -16.100	 ms 225.4	 loss -0.002257	 31.1s
Ep 638	 reward -16.004	 ms 224.1	 loss -0.034580	 31.1s
Ep 639	 reward -16.007	 ms 224.1	 loss -0.090859	 30.0s
Ep 640	 reward -16.043	 ms 224.6	 loss -0.048574	 28.2s
Ep 641	 reward -16.071	 ms 225.0	 loss -0.064205	 28.1s
Ep 642	 reward -15.986	 ms 223.8	 loss -0.079962	 27.2s
Ep 643	 reward -15.957	 ms 223.4	 loss 0.033790	 28.0s
Ep 644	 reward -16.014	 ms 224.2	 loss -0.052817	 27.6s
Ep 645	 reward -15.936	 ms 223.1	 loss 0.075197	 27.6s
Ep 646	 reward -16.054	 ms 224.8	 loss -0.053981	 28.6s
Ep 647	 reward -15.975	 ms 223.7	 loss -0.043150	 26.8s
Ep 648	 reward -15.993	 ms 223.9	 loss -0.093754	 29.5s
Ep 649	 reward -15.964	 ms 223.5	 loss -0.056290	 30.2s
[vali @650] rel=0.8715 (best 0.8658)  LW=220.4
Ep 650	 reward -16.068	 ms 224.9	 loss 0.213111	 52.8s
Ep 651	 reward -15.989	 ms 223.8	 loss 0.006382	 28.8s
Ep 652	 reward -15.964	 ms 223.5	 loss -0.041299	 32.3s
Ep 653	 reward -15.986	 ms 223.8	 loss -0.124949	 29.1s
Ep 654	 reward -16.046	 ms 224.7	 loss -0.059574	 31.1s
Ep 655	 reward -15.964	 ms 223.5	 loss -0.084754	 30.3s
Ep 656	 reward -16.004	 ms 224.1	 loss 0.061689	 28.8s
Ep 657	 reward -15.964	 ms 223.5	 loss -0.061131	 28.9s
Ep 658	 reward -16.014	 ms 224.2	 loss -0.114048	 28.8s
Ep 659	 reward -15.932	 ms 223.1	 loss -0.137551	 27.7s
Ep 660	 reward -16.061	 ms 224.8	 loss -0.131252	 28.2s
Ep 661	 reward -16.250	 ms 227.5	 loss 0.035864	 29.1s
Ep 662	 reward -16.246	 ms 227.4	 loss 0.084920	 27.9s
Ep 663	 reward -16.236	 ms 227.3	 loss 0.109600	 31.2s
Ep 664	 reward -16.250	 ms 227.5	 loss 0.013659	 30.9s
Ep 665	 reward -16.143	 ms 226.0	 loss 0.022176	 30.4s
Ep 666	 reward -16.189	 ms 226.7	 loss 0.034801	 30.1s
Ep 667	 reward -16.257	 ms 227.6	 loss 0.035170	 28.3s
Ep 668	 reward -16.243	 ms 227.4	 loss 0.029060	 29.0s
Ep 669	 reward -16.289	 ms 228.1	 loss 0.026663	 26.5s
Ep 670	 reward -16.211	 ms 226.9	 loss 0.027984	 27.5s
Ep 671	 reward -16.264	 ms 227.7	 loss 0.021425	 28.1s
Ep 672	 reward -16.289	 ms 228.1	 loss -0.038651	 27.7s
Ep 673	 reward -16.229	 ms 227.2	 loss -0.008557	 27.4s
Ep 674	 reward -16.321	 ms 228.5	 loss 0.052914	 28.7s
[vali @675] rel=0.8771 (best 0.8658)  LW=221.8
Ep 675	 reward -16.307	 ms 228.3	 loss -0.019041	 50.6s
Ep 676	 reward -16.282	 ms 227.9	 loss -0.020668	 28.7s
Ep 677	 reward -16.296	 ms 228.2	 loss 0.057641	 28.0s
Ep 678	 reward -16.311	 ms 228.3	 loss -0.032871	 30.6s
Ep 679	 reward -16.257	 ms 227.6	 loss -0.019072	 28.7s
Ep 680	 reward -16.246	 ms 227.4	 loss 0.003096	 29.6s
Ep 681	 reward -15.454	 ms 216.3	 loss 0.125096	 30.9s
Ep 682	 reward -15.464	 ms 216.5	 loss 0.149606	 30.9s
Ep 683	 reward -15.550	 ms 217.7	 loss 0.030720	 27.9s
Ep 684	 reward -15.482	 ms 216.8	 loss 0.104481	 30.1s
Ep 685	 reward -15.586	 ms 218.2	 loss 0.198325	 29.1s
Ep 686	 reward -15.468	 ms 216.6	 loss 0.118245	 27.9s
Ep 687	 reward -15.482	 ms 216.8	 loss 0.177553	 29.0s
Ep 688	 reward -15.504	 ms 217.1	 loss 0.135454	 29.2s
Ep 689	 reward -15.489	 ms 216.8	 loss 0.178161	 28.0s
Ep 690	 reward -15.521	 ms 217.3	 loss 0.052094	 29.0s
Ep 691	 reward -15.489	 ms 216.8	 loss 0.224542	 28.0s
Ep 692	 reward -15.454	 ms 216.3	 loss 0.171307	 29.2s
Ep 693	 reward -15.454	 ms 216.3	 loss 0.130791	 32.4s
Ep 694	 reward -15.471	 ms 216.6	 loss 0.166839	 31.2s
Ep 695	 reward -15.439	 ms 216.2	 loss 0.134295	 30.1s
Ep 696	 reward -15.421	 ms 215.9	 loss 0.222976	 29.7s
Ep 697	 reward -15.525	 ms 217.3	 loss 0.065060	 29.5s
Ep 698	 reward -15.411	 ms 215.8	 loss 0.067952	 29.3s
Ep 699	 reward -15.457	 ms 216.4	 loss 0.174620	 28.7s
[vali @700] rel=0.8788 (best 0.8658)  LW=222.3
Ep 700	 reward -15.464	 ms 216.5	 loss 0.008094	 52.0s
Ep 701	 reward -15.861	 ms 222.1	 loss 0.131284	 27.8s
Ep 702	 reward -15.957	 ms 223.4	 loss 0.077325	 28.4s
Ep 703	 reward -15.918	 ms 222.8	 loss 0.071221	 28.4s
Ep 704	 reward -15.943	 ms 223.2	 loss 0.171208	 29.5s
Ep 705	 reward -15.839	 ms 221.8	 loss 0.084121	 27.6s
Ep 706	 reward -15.775	 ms 220.8	 loss 0.090542	 28.2s
Ep 707	 reward -15.861	 ms 222.1	 loss -0.001511	 29.7s
Ep 708	 reward -15.889	 ms 222.4	 loss 0.113843	 28.6s
Ep 709	 reward -15.818	 ms 221.4	 loss 0.124370	 29.3s
Ep 710	 reward -15.893	 ms 222.5	 loss 0.162138	 28.6s
Ep 711	 reward -15.871	 ms 222.2	 loss 0.159215	 30.0s
Ep 712	 reward -15.829	 ms 221.6	 loss 0.098377	 30.1s
Ep 713	 reward -15.796	 ms 221.2	 loss 0.184756	 28.7s
Ep 714	 reward -15.846	 ms 221.8	 loss 0.158428	 29.3s
Ep 715	 reward -15.850	 ms 221.9	 loss 0.150106	 28.1s
Ep 716	 reward -15.814	 ms 221.4	 loss 0.023274	 29.1s
Ep 717	 reward -15.889	 ms 222.4	 loss 0.060331	 30.7s
Ep 718	 reward -15.925	 ms 222.9	 loss 0.180007	 30.2s
Ep 719	 reward -15.879	 ms 222.3	 loss 0.023047	 30.8s
Ep 720	 reward -15.857	 ms 222.0	 loss 0.167595	 29.1s
Ep 721	 reward -16.196	 ms 226.8	 loss 0.173001	 29.2s
Ep 722	 reward -16.214	 ms 227.0	 loss 0.167578	 31.0s
Ep 723	 reward -16.204	 ms 226.8	 loss 0.180575	 29.5s
Ep 724	 reward -16.229	 ms 227.2	 loss 0.188441	 29.9s
[vali @725] rel=0.8707 (best 0.8658)  LW=220.2
Ep 725	 reward -16.111	 ms 225.6	 loss 0.233458	 54.8s
Ep 726	 reward -16.239	 ms 227.3	 loss 0.192725	 28.8s
Ep 727	 reward -16.239	 ms 227.3	 loss 0.207487	 28.2s
Ep 728	 reward -16.168	 ms 226.3	 loss 0.160698	 27.5s
Ep 729	 reward -16.225	 ms 227.2	 loss 0.187769	 27.4s
Ep 730	 reward -16.214	 ms 227.0	 loss 0.259059	 27.8s
Ep 731	 reward -16.193	 ms 226.7	 loss 0.166829	 29.9s
Ep 732	 reward -16.286	 ms 228.0	 loss 0.111398	 29.5s
Ep 733	 reward -16.196	 ms 226.8	 loss 0.135497	 28.8s
Ep 734	 reward -16.296	 ms 228.2	 loss 0.194377	 30.1s
Ep 735	 reward -16.136	 ms 225.9	 loss 0.207058	 27.8s
Ep 736	 reward -16.239	 ms 227.3	 loss 0.208332	 27.3s
Ep 737	 reward -16.279	 ms 227.9	 loss 0.210176	 28.2s
Ep 738	 reward -16.271	 ms 227.8	 loss 0.127288	 28.0s
Ep 739	 reward -16.243	 ms 227.4	 loss 0.229178	 29.0s
Ep 740	 reward -16.214	 ms 227.0	 loss 0.195115	 31.4s
Ep 741	 reward -16.004	 ms 224.1	 loss 0.069685	 30.0s
Ep 742	 reward -15.982	 ms 223.8	 loss 0.093947	 29.1s
Ep 743	 reward -15.996	 ms 223.9	 loss 0.020310	 28.0s
Ep 744	 reward -15.982	 ms 223.8	 loss 0.121178	 28.9s
Ep 745	 reward -15.986	 ms 223.8	 loss -0.030661	 28.1s
Ep 746	 reward -16.039	 ms 224.6	 loss 0.057588	 27.6s
Ep 747	 reward -15.968	 ms 223.6	 loss 0.066835	 29.2s
Ep 748	 reward -16.064	 ms 224.9	 loss 0.016865	 27.4s
Ep 749	 reward -16.000	 ms 224.0	 loss 0.142148	 27.9s
[vali @750] rel=0.8735 (best 0.8658)  LW=220.9
Ep 750	 reward -15.982	 ms 223.8	 loss -0.026721	 50.3s
Ep 751	 reward -15.982	 ms 223.8	 loss 0.138307	 31.7s
Ep 752	 reward -16.036	 ms 224.5	 loss 0.026256	 30.7s
Ep 753	 reward -16.011	 ms 224.2	 loss 0.017529	 31.0s
Ep 754	 reward -16.054	 ms 224.8	 loss 0.029756	 31.3s
Ep 755	 reward -16.007	 ms 224.1	 loss -0.022338	 28.6s
Ep 756	 reward -15.929	 ms 223.0	 loss 0.112369	 28.6s
Ep 757	 reward -15.961	 ms 223.4	 loss 0.024766	 28.4s
Ep 758	 reward -15.996	 ms 223.9	 loss -0.000245	 27.1s
Ep 759	 reward -16.014	 ms 224.2	 loss 0.182103	 28.1s
Ep 760	 reward -16.007	 ms 224.1	 loss -0.023106	 28.2s
Ep 761	 reward -15.864	 ms 222.1	 loss -0.138681	 28.5s
Ep 762	 reward -15.857	 ms 222.0	 loss -0.101498	 28.5s
Ep 763	 reward -15.914	 ms 222.8	 loss -0.093036	 28.9s
Ep 764	 reward -15.939	 ms 223.2	 loss -0.063428	 29.4s
Ep 765	 reward -15.893	 ms 222.5	 loss 0.052296	 29.6s
Ep 766	 reward -15.864	 ms 222.1	 loss -0.023288	 28.2s
Ep 767	 reward -15.893	 ms 222.5	 loss -0.066195	 29.5s
Ep 768	 reward -15.889	 ms 222.4	 loss 0.029808	 30.7s
Ep 769	 reward -15.875	 ms 222.2	 loss -0.058017	 31.6s
Ep 770	 reward -15.886	 ms 222.4	 loss -0.151107	 29.7s
Ep 771	 reward -15.861	 ms 222.1	 loss -0.073985	 28.1s
Ep 772	 reward -15.886	 ms 222.4	 loss -0.103466	 27.5s
Ep 773	 reward -15.850	 ms 221.9	 loss -0.100146	 28.6s
Ep 774	 reward -15.921	 ms 222.9	 loss 0.039771	 28.7s
[vali @775] rel=0.8684 (best 0.8658)  LW=219.7
Ep 775	 reward -15.861	 ms 222.1	 loss -0.096990	 50.7s
Ep 776	 reward -15.821	 ms 221.5	 loss -0.116117	 29.2s
Ep 777	 reward -15.889	 ms 222.4	 loss -0.071829	 27.2s
Ep 778	 reward -15.889	 ms 222.4	 loss -0.056545	 29.0s
Ep 779	 reward -15.914	 ms 222.8	 loss -0.123453	 30.4s
Ep 780	 reward -15.825	 ms 221.6	 loss -0.134192	 31.1s
Ep 781	 reward -15.879	 ms 222.3	 loss 0.125261	 29.9s
Ep 782	 reward -15.789	 ms 221.1	 loss -0.055680	 30.1s
Ep 783	 reward -15.786	 ms 221.0	 loss 0.172032	 29.2s
Ep 784	 reward -15.882	 ms 222.3	 loss 0.019926	 29.2s
Ep 785	 reward -15.850	 ms 221.9	 loss 0.009629	 28.5s
Ep 786	 reward -15.764	 ms 220.7	 loss 0.086465	 30.3s
Ep 787	 reward -15.882	 ms 222.3	 loss 0.011687	 28.9s
Ep 788	 reward -15.754	 ms 220.6	 loss 0.129733	 28.5s
Ep 789	 reward -15.768	 ms 220.8	 loss -0.011202	 27.6s
Ep 790	 reward -15.764	 ms 220.7	 loss 0.021113	 28.2s
Ep 791	 reward -15.832	 ms 221.7	 loss 0.218535	 28.9s
Ep 792	 reward -15.871	 ms 222.2	 loss -0.012941	 29.1s
Ep 793	 reward -15.800	 ms 221.2	 loss 0.161625	 27.6s
Ep 794	 reward -15.832	 ms 221.7	 loss 0.168506	 28.9s
Ep 795	 reward -15.782	 ms 220.9	 loss 0.179466	 29.0s
Ep 796	 reward -15.796	 ms 221.2	 loss 0.179771	 30.7s
Ep 797	 reward -15.861	 ms 222.1	 loss 0.218576	 30.5s
Ep 798	 reward -15.825	 ms 221.6	 loss 0.175364	 30.1s
Ep 799	 reward -15.811	 ms 221.3	 loss 0.039544	 30.5s
[vali @800] rel=0.8705 (best 0.8658)  LW=220.2
Ep 800	 reward -15.818	 ms 221.4	 loss 0.178165	 54.6s
Ep 801	 reward -16.118	 ms 225.7	 loss 0.133227	 28.6s
Ep 802	 reward -16.043	 ms 224.6	 loss 0.062752	 27.2s
Ep 803	 reward -16.082	 ms 225.2	 loss 0.146836	 28.3s
Ep 804	 reward -16.100	 ms 225.4	 loss 0.149268	 28.0s
Ep 805	 reward -16.004	 ms 224.1	 loss 0.079679	 28.4s
Ep 806	 reward -16.039	 ms 224.6	 loss 0.107207	 29.2s
Ep 807	 reward -15.886	 ms 222.4	 loss -0.059380	 28.2s
Ep 808	 reward -15.907	 ms 222.7	 loss 0.103713	 28.8s
Ep 809	 reward -16.086	 ms 225.2	 loss 0.151794	 28.3s
Ep 810	 reward -15.979	 ms 223.7	 loss 0.082869	 29.9s
Ep 811	 reward -16.004	 ms 224.1	 loss 0.057012	 29.5s
Ep 812	 reward -15.968	 ms 223.6	 loss 0.096363	 28.9s
Ep 813	 reward -15.929	 ms 223.0	 loss 0.075054	 27.4s
Ep 814	 reward -15.961	 ms 223.4	 loss 0.082138	 29.5s
Ep 815	 reward -15.989	 ms 223.8	 loss -0.014776	 29.3s
Ep 816	 reward -15.918	 ms 222.8	 loss -0.042427	 29.0s
Ep 817	 reward -15.986	 ms 223.8	 loss 0.135620	 29.5s
Ep 818	 reward -16.082	 ms 225.2	 loss 0.027966	 28.0s
Ep 819	 reward -15.954	 ms 223.3	 loss 0.149924	 28.2s
Ep 820	 reward -15.993	 ms 223.9	 loss 0.121466	 29.4s
Ep 821	 reward -15.989	 ms 223.8	 loss 0.133458	 28.8s
Ep 822	 reward -16.046	 ms 224.7	 loss -0.098624	 28.2s
Ep 823	 reward -16.018	 ms 224.2	 loss 0.110223	 27.3s
Ep 824	 reward -16.082	 ms 225.2	 loss 0.225988	 30.2s
[vali @825] rel=0.8693 (best 0.8658)  LW=219.9
Ep 825	 reward -16.118	 ms 225.7	 loss -0.044601	 53.8s
Ep 826	 reward -16.036	 ms 224.5	 loss 0.064874	 30.6s
Ep 827	 reward -15.961	 ms 223.4	 loss 0.227776	 31.1s
Ep 828	 reward -16.075	 ms 225.1	 loss -0.041347	 29.3s
Ep 829	 reward -16.079	 ms 225.1	 loss 0.181339	 28.4s
Ep 830	 reward -16.107	 ms 225.5	 loss 0.161021	 28.9s
Ep 831	 reward -16.039	 ms 224.6	 loss 0.148599	 27.8s
Ep 832	 reward -15.993	 ms 223.9	 loss 0.141690	 28.7s
Ep 833	 reward -16.064	 ms 224.9	 loss -0.092768	 29.3s
Ep 834	 reward -15.993	 ms 223.9	 loss 0.097808	 28.6s
Ep 835	 reward -15.989	 ms 223.8	 loss 0.045336	 28.5s
Ep 836	 reward -16.125	 ms 225.8	 loss -0.036700	 27.7s
Ep 837	 reward -16.057	 ms 224.8	 loss -0.074749	 27.8s
Ep 838	 reward -16.039	 ms 224.6	 loss 0.071662	 29.8s
Ep 839	 reward -16.079	 ms 225.1	 loss 0.165195	 28.7s
Ep 840	 reward -16.121	 ms 225.7	 loss 0.191057	 31.3s
Ep 841	 reward -15.964	 ms 223.5	 loss 0.048799	 33.3s
Ep 842	 reward -16.032	 ms 224.4	 loss 0.159572	 30.1s
Ep 843	 reward -16.025	 ms 224.3	 loss -0.099535	 29.7s
Ep 844	 reward -16.007	 ms 224.1	 loss 0.052828	 29.8s
Ep 845	 reward -16.050	 ms 224.7	 loss 0.078663	 27.8s
Ep 846	 reward -15.961	 ms 223.4	 loss 0.043555	 28.0s
Ep 847	 reward -15.982	 ms 223.8	 loss 0.139619	 28.6s
Ep 848	 reward -16.014	 ms 224.2	 loss -0.098118	 28.6s
Ep 849	 reward -15.996	 ms 223.9	 loss 0.056232	 29.9s
[vali @850] rel=0.8687 (best 0.8658)  LW=219.8
Ep 850	 reward -16.061	 ms 224.8	 loss -0.076512	 52.5s
Ep 851	 reward -15.979	 ms 223.7	 loss 0.175707	 28.3s
Ep 852	 reward -16.086	 ms 225.2	 loss 0.163529	 29.3s
Ep 853	 reward -16.089	 ms 225.2	 loss 0.138517	 28.0s
Ep 854	 reward -15.993	 ms 223.9	 loss 0.252149	 29.2s
Ep 855	 reward -15.939	 ms 223.2	 loss -0.055733	 31.3s
Ep 856	 reward -15.925	 ms 222.9	 loss 0.057930	 29.5s
Ep 857	 reward -16.054	 ms 224.8	 loss -0.017042	 27.8s
Ep 858	 reward -15.957	 ms 223.4	 loss -0.072026	 29.4s
Ep 859	 reward -15.954	 ms 223.3	 loss 0.154177	 26.9s
Ep 860	 reward -16.057	 ms 224.8	 loss 0.011434	 27.9s
Ep 861	 reward -15.746	 ms 220.4	 loss -0.051318	 27.3s
Ep 862	 reward -15.679	 ms 219.5	 loss -0.109061	 28.5s
Ep 863	 reward -15.664	 ms 219.3	 loss -0.124248	 30.3s
Ep 864	 reward -15.721	 ms 220.1	 loss -0.103252	 27.8s
Ep 865	 reward -15.811	 ms 221.3	 loss -0.043971	 29.5s
Ep 866	 reward -15.771	 ms 220.8	 loss -0.113791	 30.2s
Ep 867	 reward -15.704	 ms 219.8	 loss -0.000313	 29.1s
Ep 868	 reward -15.754	 ms 220.6	 loss -0.051437	 29.2s
Ep 869	 reward -15.725	 ms 220.2	 loss -0.055733	 29.7s
Ep 870	 reward -15.714	 ms 220.0	 loss -0.076988	 29.6s
Ep 871	 reward -15.721	 ms 220.1	 loss -0.073667	 29.2s
Ep 872	 reward -15.654	 ms 219.2	 loss -0.050063	 30.9s
Ep 873	 reward -15.611	 ms 218.6	 loss -0.061853	 29.4s
Ep 874	 reward -15.743	 ms 220.4	 loss 0.031548	 30.1s
[vali @875] rel=0.8715 (best 0.8658)  LW=220.4
Ep 875	 reward -15.743	 ms 220.4	 loss -0.062023	 49.9s
Ep 876	 reward -15.696	 ms 219.8	 loss -0.043049	 27.8s
Ep 877	 reward -15.661	 ms 219.2	 loss 0.012768	 30.8s
Ep 878	 reward -15.768	 ms 220.8	 loss -0.064864	 29.2s
Ep 879	 reward -15.704	 ms 219.8	 loss 0.165068	 29.3s
Ep 880	 reward -15.782	 ms 220.9	 loss -0.073268	 27.8s
Ep 881	 reward -16.014	 ms 224.2	 loss -0.024206	 28.9s
Ep 882	 reward -16.004	 ms 224.1	 loss 0.009273	 28.8s
Ep 883	 reward -16.025	 ms 224.3	 loss 0.005194	 29.1s
Ep 884	 reward -16.125	 ms 225.8	 loss -0.031287	 29.6s
Ep 885	 reward -15.946	 ms 223.2	 loss -0.020717	 30.1s
Ep 886	 reward -16.125	 ms 225.8	 loss 0.019551	 29.4s
Ep 887	 reward -15.968	 ms 223.6	 loss 0.095484	 28.9s
Ep 888	 reward -16.007	 ms 224.1	 loss -0.023544	 28.9s
Ep 889	 reward -16.054	 ms 224.8	 loss -0.034621	 28.5s
Ep 890	 reward -16.093	 ms 225.3	 loss -0.032563	 28.2s
Ep 891	 reward -15.954	 ms 223.3	 loss 0.013338	 28.7s
Ep 892	 reward -15.979	 ms 223.7	 loss -0.015603	 29.6s
Ep 893	 reward -15.936	 ms 223.1	 loss -0.032101	 28.8s
Ep 894	 reward -16.046	 ms 224.7	 loss 0.002150	 27.6s
Ep 895	 reward -15.979	 ms 223.7	 loss -0.043872	 28.0s
Ep 896	 reward -16.082	 ms 225.2	 loss -0.051568	 29.8s
Ep 897	 reward -16.046	 ms 224.7	 loss -0.036585	 31.9s
Ep 898	 reward -16.036	 ms 224.5	 loss -0.030346	 28.5s
Ep 899	 reward -16.021	 ms 224.3	 loss -0.011158	 30.0s
[vali @900] rel=0.8741 (best 0.8658)  LW=221.1
Ep 900	 reward -16.025	 ms 224.3	 loss -0.034703	 53.6s
Ep 901	 reward -15.964	 ms 223.5	 loss 0.061032	 29.3s
Ep 902	 reward -15.918	 ms 222.8	 loss 0.138483	 27.9s
Ep 903	 reward -16.039	 ms 224.6	 loss 0.115532	 28.0s
Ep 904	 reward -15.950	 ms 223.3	 loss 0.172704	 29.3s
Ep 905	 reward -15.936	 ms 223.1	 loss 0.074372	 29.0s
Ep 906	 reward -16.021	 ms 224.3	 loss 0.102571	 28.9s
Ep 907	 reward -16.007	 ms 224.1	 loss 0.050357	 29.2s
Ep 908	 reward -16.050	 ms 224.7	 loss 0.150950	 29.5s
Ep 909	 reward -15.964	 ms 223.5	 loss 0.029989	 28.2s
Ep 910	 reward -15.961	 ms 223.4	 loss 0.152771	 29.7s
Ep 911	 reward -16.075	 ms 225.1	 loss 0.110874	 27.8s
Ep 912	 reward -15.979	 ms 223.7	 loss 0.114258	 27.8s
Ep 913	 reward -15.993	 ms 223.9	 loss 0.043713	 32.8s
Ep 914	 reward -16.029	 ms 224.4	 loss 0.026859	 31.2s
Ep 915	 reward -15.986	 ms 223.8	 loss 0.049762	 29.4s
Ep 916	 reward -16.054	 ms 224.8	 loss 0.139899	 32.0s
Ep 917	 reward -15.996	 ms 223.9	 loss 0.066888	 27.7s
Ep 918	 reward -16.004	 ms 224.1	 loss 0.113031	 27.6s
Ep 919	 reward -15.975	 ms 223.7	 loss 0.060826	 28.3s
Ep 920	 reward -15.939	 ms 223.2	 loss 0.015860	 28.1s
Ep 921	 reward -15.975	 ms 223.7	 loss 0.027786	 28.0s
Ep 922	 reward -16.036	 ms 224.5	 loss 0.040543	 27.5s
Ep 923	 reward -16.071	 ms 225.0	 loss 0.250655	 28.6s
Ep 924	 reward -16.014	 ms 224.2	 loss 0.105820	 29.8s
[vali @925] rel=0.8765 (best 0.8658)  LW=221.7
Ep 925	 reward -15.839	 ms 221.8	 loss 0.048912	 52.0s
Ep 926	 reward -16.004	 ms 224.1	 loss 0.028580	 30.9s
Ep 927	 reward -15.929	 ms 223.0	 loss 0.162751	 30.8s
Ep 928	 reward -15.939	 ms 223.2	 loss -0.018362	 29.8s
Ep 929	 reward -15.957	 ms 223.4	 loss 0.057331	 27.3s
Ep 930	 reward -15.907	 ms 222.7	 loss 0.033626	 27.9s
Ep 931	 reward -15.989	 ms 223.8	 loss -0.001187	 29.8s
Ep 932	 reward -15.964	 ms 223.5	 loss 0.012281	 28.1s
Ep 933	 reward -15.871	 ms 222.2	 loss 0.072547	 28.9s
Ep 934	 reward -15.989	 ms 223.8	 loss 0.076193	 28.5s
Ep 935	 reward -15.979	 ms 223.7	 loss 0.024289	 27.7s
Ep 936	 reward -16.000	 ms 224.0	 loss 0.089392	 29.2s
Ep 937	 reward -15.939	 ms 223.2	 loss 0.019755	 27.7s
Ep 938	 reward -15.950	 ms 223.3	 loss 0.010101	 27.3s
Ep 939	 reward -15.986	 ms 223.8	 loss 0.029677	 28.8s
Ep 940	 reward -15.982	 ms 223.8	 loss 0.052936	 28.9s
Ep 941	 reward -15.818	 ms 221.4	 loss 0.056472	 30.3s
Ep 942	 reward -15.804	 ms 221.2	 loss -0.057006	 30.0s
Ep 943	 reward -15.875	 ms 222.2	 loss 0.012603	 30.1s
Ep 944	 reward -15.811	 ms 221.3	 loss 0.095048	 32.4s
Ep 945	 reward -15.846	 ms 221.8	 loss 0.136489	 29.6s
Ep 946	 reward -15.914	 ms 222.8	 loss -0.008248	 29.3s
Ep 947	 reward -15.782	 ms 220.9	 loss 0.010698	 28.0s
Ep 948	 reward -15.782	 ms 220.9	 loss -0.025590	 29.5s
Ep 949	 reward -15.789	 ms 221.1	 loss 0.047769	 28.8s
[vali @950] rel=0.8701 (best 0.8658)  LW=220.1
Ep 950	 reward -15.864	 ms 222.1	 loss 0.149507	 49.5s
Ep 951	 reward -15.904	 ms 222.7	 loss -0.043838	 29.3s
Ep 952	 reward -15.879	 ms 222.3	 loss -0.043395	 29.5s
Ep 953	 reward -15.850	 ms 221.9	 loss 0.179841	 28.9s
Ep 954	 reward -15.900	 ms 222.6	 loss -0.039952	 29.1s
Ep 955	 reward -15.893	 ms 222.5	 loss 0.025138	 29.7s
Ep 956	 reward -15.950	 ms 223.3	 loss 0.237560	 29.6s
Ep 957	 reward -15.868	 ms 222.2	 loss -0.014689	 28.9s
Ep 958	 reward -15.886	 ms 222.4	 loss 0.012583	 28.3s
Ep 959	 reward -15.850	 ms 221.9	 loss 0.027622	 27.5s
Ep 960	 reward -15.786	 ms 221.0	 loss 0.073074	 29.2s
Ep 961	 reward -16.050	 ms 224.7	 loss 0.028461	 26.9s
Ep 962	 reward -16.014	 ms 224.2	 loss 0.051204	 28.9s
Ep 963	 reward -16.104	 ms 225.4	 loss -0.024759	 26.6s
Ep 964	 reward -16.104	 ms 225.4	 loss 0.122998	 31.4s
Ep 965	 reward -16.129	 ms 225.8	 loss 0.130191	 30.5s
Ep 966	 reward -16.068	 ms 224.9	 loss 0.034198	 30.4s
Ep 967	 reward -16.086	 ms 225.2	 loss 0.009995	 28.5s
Ep 968	 reward -16.096	 ms 225.3	 loss 0.005030	 28.1s
Ep 969	 reward -16.161	 ms 226.2	 loss 0.076721	 28.1s
Ep 970	 reward -16.061	 ms 224.8	 loss 0.090355	 27.5s
Ep 971	 reward -16.029	 ms 224.4	 loss -0.003543	 28.9s
Ep 972	 reward -16.111	 ms 225.6	 loss 0.109342	 28.2s
Ep 973	 reward -16.039	 ms 224.6	 loss 0.057321	 29.7s
Ep 974	 reward -16.007	 ms 224.1	 loss 0.129628	 29.7s
[vali @975] rel=0.8707 (best 0.8658)  LW=220.2
Ep 975	 reward -16.086	 ms 225.2	 loss 0.121498	 50.8s
Ep 976	 reward -16.132	 ms 225.8	 loss 0.126545	 29.9s
Ep 977	 reward -16.018	 ms 224.2	 loss -0.010314	 30.3s
Ep 978	 reward -16.021	 ms 224.3	 loss 0.158962	 29.4s
Ep 979	 reward -16.050	 ms 224.7	 loss 0.132570	 27.1s
Ep 980	 reward -15.986	 ms 223.8	 loss 0.028527	 29.9s
Ep 981	 reward -15.854	 ms 221.9	 loss 0.185817	 28.5s
Ep 982	 reward -15.886	 ms 222.4	 loss 0.218977	 29.5s
Ep 983	 reward -15.871	 ms 222.2	 loss 0.156359	 31.2s
Ep 984	 reward -15.832	 ms 221.7	 loss 0.104621	 30.5s
Ep 985	 reward -15.836	 ms 221.7	 loss 0.199578	 30.1s
Ep 986	 reward -15.882	 ms 222.3	 loss 0.225792	 30.3s
Ep 987	 reward -15.900	 ms 222.6	 loss 0.198982	 28.4s
Ep 988	 reward -15.796	 ms 221.2	 loss 0.257610	 29.1s
Ep 989	 reward -15.889	 ms 222.4	 loss 0.227029	 28.8s
Ep 990	 reward -15.836	 ms 221.7	 loss 0.003937	 29.0s
Ep 991	 reward -15.761	 ms 220.7	 loss 0.196324	 28.8s
Ep 992	 reward -15.764	 ms 220.7	 loss 0.052894	 29.9s
Ep 993	 reward -15.789	 ms 221.1	 loss 0.243164	 28.3s
Ep 994	 reward -15.836	 ms 221.7	 loss 0.111965	 28.6s
Ep 995	 reward -15.864	 ms 222.1	 loss 0.072930	 28.4s
Ep 996	 reward -15.779	 ms 220.9	 loss 0.203613	 28.3s
Ep 997	 reward -15.786	 ms 221.0	 loss 0.179370	 27.8s
Ep 998	 reward -15.911	 ms 222.8	 loss 0.238715	 29.6s
Ep 999	 reward -15.818	 ms 221.4	 loss 0.186982	 29.8s
[vali @1000] rel=0.8727 (best 0.8658)  LW=220.8
Ep 1000	 reward -15.839	 ms 221.8	 loss 0.158072	 56.9s
[train_family] done in 9.54 h; best rel=0.8658
