[vali] MWKR norms: LW=243.4
[model] params total=32786  film=0 (0.00%)
[train_family] model=10x25+family+spec-LW-s303 regimes=['LW'] updates=1000
Ep 1	 reward -17.139	 ms 239.9	 loss 0.289869	 13.1s
Ep 2	 reward -16.789	 ms 235.1	 loss 0.143404	 11.3s
Ep 3	 reward -16.836	 ms 235.7	 loss 0.100737	 11.5s
Ep 4	 reward -17.154	 ms 240.2	 loss 0.189461	 10.7s
Ep 5	 reward -16.893	 ms 236.5	 loss 0.116900	 11.1s
Ep 6	 reward -17.079	 ms 239.1	 loss 0.145289	 10.8s
Ep 7	 reward -16.982	 ms 237.8	 loss 0.142915	 9.7s
Ep 8	 reward -16.979	 ms 237.7	 loss 0.125201	 10.2s
Ep 9	 reward -16.846	 ms 235.8	 loss 0.175397	 11.6s
Ep 10	 reward -17.139	 ms 239.9	 loss 0.122236	 10.7s
Ep 11	 reward -16.889	 ms 236.4	 loss 0.096061	 10.3s
Ep 12	 reward -16.954	 ms 237.3	 loss 0.104091	 11.1s
Ep 13	 reward -16.829	 ms 235.6	 loss 0.049162	 10.6s
Ep 14	 reward -17.136	 ms 239.9	 loss 0.057815	 9.5s
Ep 15	 reward -17.050	 ms 238.7	 loss 0.084544	 9.8s
Ep 16	 reward -17.100	 ms 239.4	 loss 0.169475	 9.5s
Ep 17	 reward -17.068	 ms 238.9	 loss 0.081585	 9.9s
Ep 18	 reward -17.079	 ms 239.1	 loss 0.084975	 9.5s
Ep 19	 reward -16.850	 ms 235.9	 loss 0.070930	 10.4s
Ep 20	 reward -16.936	 ms 237.1	 loss 0.086474	 10.3s
Ep 21	 reward -16.868	 ms 236.2	 loss 0.143919	 10.8s
Ep 22	 reward -16.721	 ms 234.1	 loss 0.061992	 11.1s
Ep 23	 reward -16.832	 ms 235.7	 loss 0.340729	 11.4s
Ep 24	 reward -16.929	 ms 237.0	 loss 0.015623	 12.1s
[vali @25] rel=0.9226 (best 0.9226)  LW=224.6
Ep 25	 reward -16.893	 ms 236.5	 loss 0.093685	 17.9s
Ep 26	 reward -16.757	 ms 234.6	 loss 0.195897	 11.6s
Ep 27	 reward -16.771	 ms 234.8	 loss 0.081199	 10.4s
Ep 28	 reward -16.696	 ms 233.8	 loss 0.062152	 12.4s
Ep 29	 reward -16.596	 ms 232.3	 loss 0.055643	 12.3s
Ep 30	 reward -16.618	 ms 232.7	 loss 0.052007	 11.6s
Ep 31	 reward -16.675	 ms 233.4	 loss 0.143692	 9.7s
Ep 32	 reward -16.496	 ms 230.9	 loss 0.143714	 11.3s
Ep 33	 reward -16.768	 ms 234.8	 loss 0.129985	 10.9s
Ep 34	 reward -16.657	 ms 233.2	 loss 0.133402	 11.2s
Ep 35	 reward -16.782	 ms 234.9	 loss 0.121570	 10.1s
Ep 36	 reward -16.639	 ms 232.9	 loss 0.153958	 11.2s
Ep 37	 reward -16.561	 ms 231.8	 loss 0.102707	 11.1s
Ep 38	 reward -16.625	 ms 232.8	 loss 0.148062	 11.4s
Ep 39	 reward -16.575	 ms 232.1	 loss 0.078207	 11.1s
Ep 40	 reward -16.550	 ms 231.7	 loss 0.113669	 10.6s
Ep 41	 reward -16.671	 ms 233.4	 loss 0.047044	 10.7s
Ep 42	 reward -16.725	 ms 234.2	 loss 0.049282	 10.6s
Ep 43	 reward -16.714	 ms 234.0	 loss 0.093674	 11.0s
Ep 44	 reward -16.714	 ms 234.0	 loss 0.148265	 11.1s
Ep 45	 reward -16.664	 ms 233.3	 loss 0.203619	 11.1s
Ep 46	 reward -16.689	 ms 233.7	 loss 0.075379	 11.8s
Ep 47	 reward -16.711	 ms 233.9	 loss 0.151620	 11.5s
Ep 48	 reward -16.575	 ms 232.1	 loss 0.164353	 11.2s
Ep 49	 reward -16.632	 ms 232.8	 loss 0.172252	 11.2s
[vali @50] rel=0.9028 (best 0.9028)  LW=219.8
Ep 50	 reward -16.689	 ms 233.7	 loss 0.054541	 19.3s
Ep 51	 reward -16.754	 ms 234.6	 loss 0.310660	 11.7s
Ep 52	 reward -16.657	 ms 233.2	 loss 0.154251	 12.0s
Ep 53	 reward -16.457	 ms 230.4	 loss 0.067724	 11.7s
Ep 54	 reward -16.543	 ms 231.6	 loss 0.047803	 11.0s
Ep 55	 reward -16.732	 ms 234.2	 loss 0.254469	 11.2s
Ep 56	 reward -16.618	 ms 232.7	 loss 0.210175	 11.1s
Ep 57	 reward -16.525	 ms 231.3	 loss 0.139639	 11.6s
Ep 58	 reward -16.718	 ms 234.1	 loss 0.211884	 11.5s
Ep 59	 reward -16.439	 ms 230.2	 loss 0.090116	 11.1s
Ep 60	 reward -16.532	 ms 231.4	 loss 0.128245	 11.4s
Ep 61	 reward -16.521	 ms 231.3	 loss 0.062864	 11.6s
Ep 62	 reward -16.361	 ms 229.1	 loss 0.258708	 11.6s
Ep 63	 reward -16.232	 ms 227.2	 loss 0.166626	 11.4s
Ep 64	 reward -16.425	 ms 229.9	 loss 0.090473	 11.2s
Ep 65	 reward -16.354	 ms 228.9	 loss 0.242280	 11.1s
Ep 66	 reward -16.282	 ms 227.9	 loss 0.234590	 11.6s
Ep 67	 reward -16.225	 ms 227.2	 loss 0.089216	 11.0s
Ep 68	 reward -16.368	 ms 229.2	 loss 0.217476	 11.3s
Ep 69	 reward -16.414	 ms 229.8	 loss 0.034625	 10.9s
Ep 70	 reward -16.314	 ms 228.4	 loss 0.272960	 11.0s
Ep 71	 reward -16.354	 ms 228.9	 loss 0.108499	 10.7s
Ep 72	 reward -16.425	 ms 229.9	 loss 0.289765	 10.9s
Ep 73	 reward -16.271	 ms 227.8	 loss 0.270844	 10.7s
Ep 74	 reward -16.343	 ms 228.8	 loss 0.226230	 10.7s
[vali @75] rel=0.9119 (best 0.9028)  LW=221.9
Ep 75	 reward -16.443	 ms 230.2	 loss 0.124960	 20.0s
Ep 76	 reward -16.343	 ms 228.8	 loss 0.273612	 12.0s
Ep 77	 reward -16.400	 ms 229.6	 loss 0.118305	 12.9s
Ep 78	 reward -16.346	 ms 228.8	 loss 0.195278	 12.9s
Ep 79	 reward -16.286	 ms 228.0	 loss 0.267980	 13.0s
Ep 80	 reward -16.182	 ms 226.6	 loss 0.238195	 12.3s
Ep 81	 reward -16.339	 ms 228.8	 loss 0.026886	 12.3s
Ep 82	 reward -16.321	 ms 228.5	 loss 0.302663	 12.6s
Ep 83	 reward -16.304	 ms 228.2	 loss 0.278305	 12.3s
Ep 84	 reward -16.246	 ms 227.4	 loss 0.302253	 13.1s
Ep 85	 reward -16.286	 ms 228.0	 loss 0.367388	 12.0s
Ep 86	 reward -16.207	 ms 226.9	 loss 0.381141	 11.5s
Ep 87	 reward -16.129	 ms 225.8	 loss 0.288089	 12.2s
Ep 88	 reward -16.089	 ms 225.2	 loss 0.282511	 12.6s
Ep 89	 reward -16.193	 ms 226.7	 loss 0.187378	 11.7s
Ep 90	 reward -16.250	 ms 227.5	 loss 0.395504	 12.1s
Ep 91	 reward -16.296	 ms 228.2	 loss 0.361995	 12.7s
Ep 92	 reward -16.239	 ms 227.3	 loss 0.273739	 12.0s
Ep 93	 reward -16.136	 ms 225.9	 loss 0.261399	 12.0s
Ep 94	 reward -16.271	 ms 227.8	 loss 0.275697	 12.2s
Ep 95	 reward -16.239	 ms 227.3	 loss 0.210369	 12.7s
Ep 96	 reward -16.050	 ms 224.7	 loss 0.247425	 11.6s
Ep 97	 reward -16.171	 ms 226.4	 loss 0.367609	 11.1s
Ep 98	 reward -16.161	 ms 226.2	 loss 0.270644	 11.1s
Ep 99	 reward -16.111	 ms 225.6	 loss 0.248867	 10.8s
[vali @100] rel=0.9043 (best 0.9028)  LW=220.1
Ep 100	 reward -16.175	 ms 226.4	 loss 0.281244	 17.0s
Ep 101	 reward -16.168	 ms 226.3	 loss 0.063371	 10.8s
Ep 102	 reward -16.204	 ms 226.8	 loss 0.057140	 12.0s
Ep 103	 reward -16.239	 ms 227.3	 loss 0.035097	 12.1s
Ep 104	 reward -16.264	 ms 227.7	 loss 0.016408	 11.9s
Ep 105	 reward -16.382	 ms 229.3	 loss 0.270361	 11.7s
Ep 106	 reward -16.357	 ms 229.0	 loss 0.118387	 12.1s
Ep 107	 reward -16.200	 ms 226.8	 loss 0.121144	 11.9s
Ep 108	 reward -16.182	 ms 226.6	 loss -0.058238	 12.0s
Ep 109	 reward -16.393	 ms 229.5	 loss 0.136334	 12.2s
Ep 110	 reward -16.307	 ms 228.3	 loss -0.045679	 12.0s
Ep 111	 reward -16.500	 ms 231.0	 loss 0.103694	 12.0s
Ep 112	 reward -16.464	 ms 230.5	 loss 0.328456	 12.3s
Ep 113	 reward -16.450	 ms 230.3	 loss 0.205133	 12.7s
Ep 114	 reward -16.325	 ms 228.6	 loss 0.083609	 11.9s
Ep 115	 reward -16.461	 ms 230.4	 loss 0.061027	 12.6s
Ep 116	 reward -16.364	 ms 229.1	 loss 0.092996	 11.9s
Ep 117	 reward -16.339	 ms 228.8	 loss 0.035601	 13.9s
Ep 118	 reward -16.196	 ms 226.8	 loss 0.183206	 11.5s
Ep 119	 reward -16.311	 ms 228.3	 loss 0.008341	 12.3s
Ep 120	 reward -16.271	 ms 227.8	 loss 0.126499	 11.9s
Ep 121	 reward -16.146	 ms 226.1	 loss 0.136192	 12.5s
Ep 122	 reward -16.143	 ms 226.0	 loss 0.132541	 12.0s
Ep 123	 reward -16.143	 ms 226.0	 loss 0.036034	 12.0s
Ep 124	 reward -16.064	 ms 224.9	 loss 0.216983	 12.1s
[vali @125] rel=0.9049 (best 0.9028)  LW=220.2
Ep 125	 reward -16.121	 ms 225.7	 loss 0.195579	 20.6s
Ep 126	 reward -16.182	 ms 226.6	 loss 0.087118	 12.1s
Ep 127	 reward -16.179	 ms 226.5	 loss 0.015636	 11.8s
Ep 128	 reward -16.079	 ms 225.1	 loss 0.186627	 11.3s
Ep 129	 reward -16.089	 ms 225.2	 loss 0.099359	 11.5s
Ep 130	 reward -16.321	 ms 228.5	 loss 0.240484	 12.8s
Ep 131	 reward -16.061	 ms 224.8	 loss 0.128657	 12.3s
Ep 132	 reward -16.104	 ms 225.4	 loss -0.008068	 12.5s
Ep 133	 reward -16.211	 ms 226.9	 loss 0.307252	 11.5s
Ep 134	 reward -16.175	 ms 226.4	 loss 0.086876	 10.7s
Ep 135	 reward -16.189	 ms 226.7	 loss 0.232005	 11.4s
Ep 136	 reward -16.125	 ms 225.8	 loss 0.096269	 11.6s
Ep 137	 reward -16.114	 ms 225.6	 loss 0.207320	 11.3s
Ep 138	 reward -16.114	 ms 225.6	 loss 0.131560	 11.1s
Ep 139	 reward -16.118	 ms 225.7	 loss 0.134132	 11.1s
Ep 140	 reward -16.118	 ms 225.7	 loss -0.048748	 11.3s
Ep 141	 reward -16.179	 ms 226.5	 loss 0.065385	 10.6s
Ep 142	 reward -16.275	 ms 227.8	 loss 0.125956	 11.3s
Ep 143	 reward -16.336	 ms 228.7	 loss 0.167793	 11.0s
Ep 144	 reward -16.104	 ms 225.4	 loss 0.114769	 11.0s
Ep 145	 reward -16.182	 ms 226.6	 loss 0.073784	 11.6s
Ep 146	 reward -16.207	 ms 226.9	 loss 0.098303	 11.0s
Ep 147	 reward -16.175	 ms 226.4	 loss 0.093543	 11.0s
Ep 148	 reward -16.189	 ms 226.7	 loss 0.062495	 11.2s
Ep 149	 reward -16.071	 ms 225.0	 loss 0.053857	 11.1s
[vali @150] rel=0.9174 (best 0.9028)  LW=223.3
Ep 150	 reward -16.139	 ms 225.9	 loss 0.102198	 19.1s
Ep 151	 reward -16.175	 ms 226.4	 loss 0.038690	 11.2s
Ep 152	 reward -16.136	 ms 225.9	 loss 0.083233	 10.6s
Ep 153	 reward -16.204	 ms 226.8	 loss 0.114359	 11.2s
Ep 154	 reward -16.100	 ms 225.4	 loss 0.098911	 11.0s
Ep 155	 reward -16.182	 ms 226.6	 loss 0.079542	 10.8s
Ep 156	 reward -16.264	 ms 227.7	 loss 0.180141	 11.7s
Ep 157	 reward -16.136	 ms 225.9	 loss 0.029894	 11.6s
Ep 158	 reward -16.254	 ms 227.6	 loss 0.132458	 13.1s
Ep 159	 reward -16.189	 ms 226.7	 loss 0.091218	 12.5s
Ep 160	 reward -16.075	 ms 225.1	 loss 0.049900	 12.4s
Ep 161	 reward -16.225	 ms 227.2	 loss 0.294609	 11.5s
Ep 162	 reward -16.275	 ms 227.8	 loss 0.336481	 11.8s
Ep 163	 reward -16.139	 ms 225.9	 loss 0.151536	 11.6s
Ep 164	 reward -16.154	 ms 226.2	 loss 0.252442	 12.6s
Ep 165	 reward -16.225	 ms 227.2	 loss 0.273539	 13.5s
Ep 166	 reward -16.321	 ms 228.5	 loss 0.095170	 11.9s
Ep 167	 reward -16.171	 ms 226.4	 loss 0.244838	 12.3s
Ep 168	 reward -16.311	 ms 228.3	 loss 0.277254	 12.2s
Ep 169	 reward -16.304	 ms 228.2	 loss 0.108803	 12.0s
Ep 170	 reward -16.150	 ms 226.1	 loss 0.252385	 12.6s
Ep 171	 reward -16.150	 ms 226.1	 loss 0.284525	 12.6s
Ep 172	 reward -16.254	 ms 227.6	 loss 0.337044	 13.0s
Ep 173	 reward -16.236	 ms 227.3	 loss 0.294501	 11.7s
Ep 174	 reward -16.271	 ms 227.8	 loss 0.246039	 12.2s
[vali @175] rel=0.9197 (best 0.9028)  LW=223.8
Ep 175	 reward -16.182	 ms 226.6	 loss 0.105916	 19.1s
Ep 176	 reward -16.368	 ms 229.2	 loss 0.310091	 11.2s
Ep 177	 reward -16.296	 ms 228.2	 loss 0.275808	 10.9s
Ep 178	 reward -16.246	 ms 227.4	 loss 0.211849	 11.3s
Ep 179	 reward -16.268	 ms 227.8	 loss 0.198738	 11.0s
Ep 180	 reward -16.225	 ms 227.2	 loss 0.210749	 10.1s
Ep 181	 reward -16.207	 ms 226.9	 loss 0.093005	 11.6s
Ep 182	 reward -16.089	 ms 225.2	 loss 0.125177	 10.6s
Ep 183	 reward -16.168	 ms 226.3	 loss 0.063299	 10.9s
Ep 184	 reward -16.175	 ms 226.4	 loss -0.017725	 10.6s
Ep 185	 reward -16.211	 ms 226.9	 loss -0.035669	 11.2s
Ep 186	 reward -16.257	 ms 227.6	 loss -0.051193	 11.0s
Ep 187	 reward -16.129	 ms 225.8	 loss 0.012759	 10.6s
Ep 188	 reward -16.057	 ms 224.8	 loss 0.066186	 10.9s
Ep 189	 reward -16.261	 ms 227.7	 loss 0.010507	 10.8s
Ep 190	 reward -16.175	 ms 226.4	 loss -0.077761	 10.8s
Ep 191	 reward -16.196	 ms 226.8	 loss -0.066445	 10.5s
Ep 192	 reward -16.139	 ms 225.9	 loss -0.048804	 11.4s
Ep 193	 reward -16.175	 ms 226.4	 loss 0.106960	 11.1s
Ep 194	 reward -16.018	 ms 224.2	 loss 0.222120	 11.3s
Ep 195	 reward -16.186	 ms 226.6	 loss 0.032899	 11.1s
Ep 196	 reward -16.100	 ms 225.4	 loss 0.163920	 11.6s
Ep 197	 reward -16.157	 ms 226.2	 loss 0.152346	 11.2s
Ep 198	 reward -16.254	 ms 227.6	 loss 0.021259	 11.8s
Ep 199	 reward -16.086	 ms 225.2	 loss 0.017905	 12.3s
[vali @200] rel=0.9242 (best 0.9028)  LW=224.9
Ep 200	 reward -16.143	 ms 226.0	 loss -0.044198	 20.2s
Ep 201	 reward -16.207	 ms 226.9	 loss 0.085906	 12.9s
Ep 202	 reward -16.221	 ms 227.1	 loss 0.094379	 12.3s
Ep 203	 reward -16.221	 ms 227.1	 loss 0.063377	 13.1s
Ep 204	 reward -16.232	 ms 227.2	 loss 0.070982	 11.4s
Ep 205	 reward -16.268	 ms 227.8	 loss 0.159245	 12.3s
Ep 206	 reward -16.339	 ms 228.8	 loss 0.179152	 12.4s
Ep 207	 reward -16.200	 ms 226.8	 loss 0.107596	 12.0s
Ep 208	 reward -16.336	 ms 228.7	 loss 0.109594	 12.5s
Ep 209	 reward -16.221	 ms 227.1	 loss 0.130489	 11.9s
Ep 210	 reward -16.429	 ms 230.0	 loss 0.026770	 11.5s
Ep 211	 reward -16.186	 ms 226.6	 loss 0.216491	 11.9s
Ep 212	 reward -16.221	 ms 227.1	 loss 0.087543	 12.2s
Ep 213	 reward -16.271	 ms 227.8	 loss 0.016910	 12.4s
Ep 214	 reward -16.379	 ms 229.3	 loss 0.022215	 12.0s
Ep 215	 reward -16.221	 ms 227.1	 loss 0.081665	 11.5s
Ep 216	 reward -16.229	 ms 227.2	 loss -0.027876	 10.3s
Ep 217	 reward -16.314	 ms 228.4	 loss 0.038184	 11.2s
Ep 218	 reward -16.214	 ms 227.0	 loss 0.003055	 10.9s
Ep 219	 reward -16.243	 ms 227.4	 loss 0.046227	 11.1s
Ep 220	 reward -16.246	 ms 227.4	 loss 0.031025	 11.2s
Ep 221	 reward -15.950	 ms 223.3	 loss 0.061601	 11.0s
Ep 222	 reward -15.914	 ms 222.8	 loss 0.055203	 11.3s
Ep 223	 reward -15.932	 ms 223.1	 loss -0.025988	 11.5s
Ep 224	 reward -15.907	 ms 222.7	 loss 0.010471	 11.0s
[vali @225] rel=0.9111 (best 0.9028)  LW=221.8
Ep 225	 reward -15.879	 ms 222.3	 loss 0.026261	 17.3s
Ep 226	 reward -15.946	 ms 223.2	 loss 0.071227	 10.4s
Ep 227	 reward -15.954	 ms 223.3	 loss -0.016941	 10.4s
Ep 228	 reward -15.907	 ms 222.7	 loss 0.008805	 10.8s
Ep 229	 reward -15.882	 ms 222.3	 loss -0.015411	 10.1s
Ep 230	 reward -15.914	 ms 222.8	 loss 0.163400	 10.8s
Ep 231	 reward -15.821	 ms 221.5	 loss -0.000745	 10.5s
Ep 232	 reward -15.754	 ms 220.6	 loss 0.005922	 10.8s
Ep 233	 reward -15.857	 ms 222.0	 loss 0.111288	 10.6s
Ep 234	 reward -15.839	 ms 221.8	 loss -0.013258	 10.5s
Ep 235	 reward -16.032	 ms 224.4	 loss 0.080110	 11.1s
Ep 236	 reward -15.864	 ms 222.1	 loss 0.035017	 10.5s
Ep 237	 reward -15.854	 ms 221.9	 loss 0.000571	 10.7s
Ep 238	 reward -15.911	 ms 222.8	 loss 0.026475	 10.2s
Ep 239	 reward -15.925	 ms 222.9	 loss -0.059787	 10.6s
Ep 240	 reward -15.893	 ms 222.5	 loss 0.002324	 10.4s
Ep 241	 reward -16.257	 ms 227.6	 loss 0.066233	 10.5s
Ep 242	 reward -16.182	 ms 226.6	 loss 0.171841	 10.9s
Ep 243	 reward -16.204	 ms 226.8	 loss 0.301369	 10.0s
Ep 244	 reward -16.264	 ms 227.7	 loss 0.349390	 10.1s
Ep 245	 reward -16.200	 ms 226.8	 loss 0.332632	 10.0s
Ep 246	 reward -16.193	 ms 226.7	 loss 0.216477	 10.4s
Ep 247	 reward -16.104	 ms 225.4	 loss 0.037398	 10.8s
Ep 248	 reward -16.111	 ms 225.6	 loss 0.266984	 10.6s
Ep 249	 reward -16.186	 ms 226.6	 loss 0.310713	 10.5s
[vali @250] rel=0.9137 (best 0.9028)  LW=222.4
Ep 250	 reward -16.125	 ms 225.8	 loss 0.331486	 17.0s
Ep 251	 reward -16.232	 ms 227.2	 loss 0.235920	 10.9s
Ep 252	 reward -16.182	 ms 226.6	 loss 0.114369	 10.5s
Ep 253	 reward -16.236	 ms 227.3	 loss 0.312548	 10.6s
Ep 254	 reward -16.154	 ms 226.2	 loss 0.177891	 10.4s
Ep 255	 reward -16.121	 ms 225.7	 loss 0.309043	 10.5s
Ep 256	 reward -16.204	 ms 226.8	 loss 0.231772	 10.8s
Ep 257	 reward -16.264	 ms 227.7	 loss 0.317535	 10.7s
Ep 258	 reward -16.104	 ms 225.4	 loss 0.194106	 10.5s
Ep 259	 reward -16.171	 ms 226.4	 loss 0.174573	 10.9s
Ep 260	 reward -16.225	 ms 227.2	 loss 0.192351	 10.7s
Ep 261	 reward -16.132	 ms 225.8	 loss 0.151755	 10.9s
Ep 262	 reward -16.079	 ms 225.1	 loss 0.157434	 11.2s
Ep 263	 reward -16.054	 ms 224.8	 loss 0.129846	 10.9s
Ep 264	 reward -16.086	 ms 225.2	 loss 0.135691	 12.1s
Ep 265	 reward -16.082	 ms 225.2	 loss 0.113169	 10.7s
Ep 266	 reward -16.146	 ms 226.1	 loss 0.070806	 10.9s
Ep 267	 reward -16.189	 ms 226.7	 loss 0.152213	 11.3s
Ep 268	 reward -16.032	 ms 224.4	 loss 0.115790	 12.1s
Ep 269	 reward -16.054	 ms 224.8	 loss 0.130654	 11.5s
Ep 270	 reward -16.107	 ms 225.5	 loss 0.147155	 12.1s
Ep 271	 reward -15.986	 ms 223.8	 loss 0.082922	 11.2s
Ep 272	 reward -16.118	 ms 225.7	 loss 0.044301	 10.9s
Ep 273	 reward -16.182	 ms 226.6	 loss 0.157854	 11.0s
Ep 274	 reward -16.132	 ms 225.8	 loss 0.144476	 10.5s
[vali @275] rel=0.9102 (best 0.9028)  LW=221.6
Ep 275	 reward -16.093	 ms 225.3	 loss 0.081962	 19.1s
Ep 276	 reward -16.068	 ms 224.9	 loss 0.087992	 11.5s
Ep 277	 reward -16.096	 ms 225.3	 loss 0.096281	 11.9s
Ep 278	 reward -16.114	 ms 225.6	 loss 0.113570	 12.0s
Ep 279	 reward -16.136	 ms 225.9	 loss 0.150429	 11.8s
Ep 280	 reward -16.079	 ms 225.1	 loss 0.131042	 11.4s
Ep 281	 reward -15.871	 ms 222.2	 loss 0.237146	 11.5s
Ep 282	 reward -15.961	 ms 223.4	 loss 0.141419	 11.0s
Ep 283	 reward -15.850	 ms 221.9	 loss 0.123426	 11.9s
Ep 284	 reward -16.000	 ms 224.0	 loss 0.189385	 11.4s
Ep 285	 reward -15.946	 ms 223.2	 loss 0.001400	 11.5s
Ep 286	 reward -15.896	 ms 222.6	 loss 0.130649	 11.7s
Ep 287	 reward -15.993	 ms 223.9	 loss 0.054394	 11.8s
Ep 288	 reward -15.918	 ms 222.8	 loss 0.093618	 11.9s
Ep 289	 reward -15.907	 ms 222.7	 loss 0.082155	 11.7s
Ep 290	 reward -15.871	 ms 222.2	 loss 0.212659	 9.8s
Ep 291	 reward -15.821	 ms 221.5	 loss -0.028304	 12.0s
Ep 292	 reward -15.954	 ms 223.3	 loss 0.237289	 11.8s
Ep 293	 reward -15.879	 ms 222.3	 loss 0.151095	 11.7s
Ep 294	 reward -15.946	 ms 223.2	 loss 0.030021	 11.1s
Ep 295	 reward -15.846	 ms 221.8	 loss 0.042800	 12.0s
Ep 296	 reward -15.882	 ms 222.3	 loss 0.108406	 13.2s
Ep 297	 reward -15.836	 ms 221.7	 loss 0.079482	 12.4s
Ep 298	 reward -15.861	 ms 222.1	 loss 0.079468	 11.7s
Ep 299	 reward -15.861	 ms 222.1	 loss 0.096097	 11.9s
[vali @300] rel=0.9076 (best 0.9028)  LW=220.9
Ep 300	 reward -15.775	 ms 220.8	 loss 0.040044	 19.4s
Ep 301	 reward -16.114	 ms 225.6	 loss 0.070081	 10.6s
Ep 302	 reward -16.018	 ms 224.2	 loss 0.187909	 12.3s
Ep 303	 reward -16.071	 ms 225.0	 loss 0.186299	 11.9s
Ep 304	 reward -16.132	 ms 225.8	 loss 0.291216	 11.8s
Ep 305	 reward -15.979	 ms 223.7	 loss 0.215379	 11.6s
Ep 306	 reward -16.079	 ms 225.1	 loss 0.218208	 12.1s
Ep 307	 reward -16.086	 ms 225.2	 loss 0.191767	 11.8s
Ep 308	 reward -16.082	 ms 225.2	 loss 0.244575	 11.8s
Ep 309	 reward -16.111	 ms 225.6	 loss 0.281231	 12.1s
Ep 310	 reward -15.979	 ms 223.7	 loss 0.185394	 12.3s
Ep 311	 reward -16.025	 ms 224.3	 loss 0.064562	 11.7s
Ep 312	 reward -15.975	 ms 223.7	 loss 0.194871	 11.8s
Ep 313	 reward -16.075	 ms 225.1	 loss 0.172807	 12.0s
Ep 314	 reward -16.082	 ms 225.2	 loss 0.178734	 11.1s
Ep 315	 reward -16.046	 ms 224.7	 loss 0.107434	 11.9s
Ep 316	 reward -16.018	 ms 224.2	 loss 0.003514	 11.6s
Ep 317	 reward -16.246	 ms 227.4	 loss 0.122768	 11.5s
Ep 318	 reward -16.054	 ms 224.8	 loss -0.071130	 12.5s
Ep 319	 reward -16.068	 ms 224.9	 loss -0.012078	 11.6s
Ep 320	 reward -16.046	 ms 224.7	 loss 0.139772	 12.1s
Ep 321	 reward -16.104	 ms 225.4	 loss -0.015568	 12.0s
Ep 322	 reward -16.032	 ms 224.4	 loss 0.004955	 11.2s
Ep 323	 reward -16.050	 ms 224.7	 loss -0.050681	 10.8s
Ep 324	 reward -16.057	 ms 224.8	 loss 0.037540	 11.5s
[vali @325] rel=0.9057 (best 0.9028)  LW=220.4
Ep 325	 reward -16.021	 ms 224.3	 loss 0.089455	 19.4s
Ep 326	 reward -16.050	 ms 224.7	 loss -0.081574	 11.2s
Ep 327	 reward -16.164	 ms 226.3	 loss -0.003355	 11.4s
Ep 328	 reward -16.068	 ms 224.9	 loss -0.023070	 11.0s
Ep 329	 reward -15.979	 ms 223.7	 loss 0.066146	 11.5s
Ep 330	 reward -16.089	 ms 225.2	 loss -0.012172	 11.7s
Ep 331	 reward -16.007	 ms 224.1	 loss -0.035588	 11.6s
Ep 332	 reward -16.096	 ms 225.3	 loss -0.053332	 11.7s
Ep 333	 reward -16.064	 ms 224.9	 loss -0.018369	 11.7s
Ep 334	 reward -16.111	 ms 225.6	 loss 0.013585	 11.7s
Ep 335	 reward -16.079	 ms 225.1	 loss -0.034778	 11.9s
Ep 336	 reward -16.096	 ms 225.3	 loss -0.012865	 13.0s
Ep 337	 reward -15.993	 ms 223.9	 loss 0.045616	 12.3s
Ep 338	 reward -16.075	 ms 225.1	 loss 0.003679	 12.0s
Ep 339	 reward -16.089	 ms 225.2	 loss -0.055607	 11.2s
Ep 340	 reward -16.000	 ms 224.0	 loss 0.073925	 12.3s
Ep 341	 reward -15.857	 ms 222.0	 loss 0.026196	 13.1s
Ep 342	 reward -15.936	 ms 223.1	 loss 0.047707	 11.7s
Ep 343	 reward -15.879	 ms 222.3	 loss 0.018223	 11.4s
Ep 344	 reward -15.871	 ms 222.2	 loss 0.028987	 11.7s
Ep 345	 reward -15.882	 ms 222.3	 loss -0.087338	 11.4s
Ep 346	 reward -15.886	 ms 222.4	 loss -0.054678	 11.6s
Ep 347	 reward -15.993	 ms 223.9	 loss 0.047472	 11.4s
Ep 348	 reward -15.857	 ms 222.0	 loss -0.059003	 11.6s
Ep 349	 reward -15.861	 ms 222.1	 loss -0.044502	 11.6s
[vali @350] rel=0.9067 (best 0.9028)  LW=220.7
Ep 350	 reward -15.943	 ms 223.2	 loss -0.028945	 20.2s
Ep 351	 reward -15.946	 ms 223.2	 loss -0.004829	 11.0s
Ep 352	 reward -15.864	 ms 222.1	 loss 0.020325	 11.3s
Ep 353	 reward -15.871	 ms 222.2	 loss 0.018221	 11.1s
Ep 354	 reward -15.864	 ms 222.1	 loss -0.079547	 11.1s
Ep 355	 reward -15.939	 ms 223.2	 loss -0.034832	 12.1s
Ep 356	 reward -15.900	 ms 222.6	 loss 0.007789	 11.3s
Ep 357	 reward -15.889	 ms 222.4	 loss -0.053907	 11.5s
Ep 358	 reward -15.914	 ms 222.8	 loss 0.021437	 11.7s
Ep 359	 reward -15.936	 ms 223.1	 loss -0.081899	 11.5s
Ep 360	 reward -15.929	 ms 223.0	 loss -0.021001	 11.6s
Ep 361	 reward -15.939	 ms 223.2	 loss 0.186514	 11.8s
Ep 362	 reward -15.961	 ms 223.4	 loss 0.279158	 11.5s
Ep 363	 reward -15.929	 ms 223.0	 loss 0.198785	 11.3s
Ep 364	 reward -16.025	 ms 224.3	 loss 0.215785	 11.3s
Ep 365	 reward -16.018	 ms 224.2	 loss 0.191187	 11.7s
Ep 366	 reward -15.836	 ms 221.7	 loss 0.146636	 12.1s
Ep 367	 reward -15.893	 ms 222.5	 loss 0.197810	 11.7s
Ep 368	 reward -15.921	 ms 222.9	 loss 0.265522	 11.9s
Ep 369	 reward -15.896	 ms 222.6	 loss 0.166524	 11.4s
Ep 370	 reward -15.982	 ms 223.8	 loss 0.043647	 12.5s
Ep 371	 reward -15.889	 ms 222.4	 loss 0.073513	 11.2s
Ep 372	 reward -15.996	 ms 223.9	 loss 0.175174	 12.3s
Ep 373	 reward -15.914	 ms 222.8	 loss 0.241483	 11.5s
Ep 374	 reward -15.939	 ms 223.2	 loss 0.131512	 10.2s
[vali @375] rel=0.9104 (best 0.9028)  LW=221.6
Ep 375	 reward -16.000	 ms 224.0	 loss 0.178936	 17.5s
Ep 376	 reward -16.000	 ms 224.0	 loss 0.179671	 9.8s
Ep 377	 reward -15.889	 ms 222.4	 loss 0.218905	 10.3s
Ep 378	 reward -15.993	 ms 223.9	 loss 0.141460	 10.3s
Ep 379	 reward -16.007	 ms 224.1	 loss 0.231623	 10.4s
Ep 380	 reward -15.857	 ms 222.0	 loss 0.214127	 11.7s
Ep 381	 reward -16.082	 ms 225.2	 loss -0.078574	 12.2s
Ep 382	 reward -16.186	 ms 226.6	 loss 0.073704	 12.8s
Ep 383	 reward -16.193	 ms 226.7	 loss -0.001734	 11.8s
Ep 384	 reward -16.114	 ms 225.6	 loss -0.012872	 11.2s
Ep 385	 reward -16.125	 ms 225.8	 loss 0.021004	 11.4s
Ep 386	 reward -16.243	 ms 227.4	 loss 0.042364	 11.7s
Ep 387	 reward -16.157	 ms 226.2	 loss -0.003089	 11.9s
Ep 388	 reward -16.254	 ms 227.6	 loss -0.031316	 11.4s
Ep 389	 reward -16.193	 ms 226.7	 loss -0.016046	 11.6s
Ep 390	 reward -16.261	 ms 227.7	 loss -0.069806	 12.2s
Ep 391	 reward -16.125	 ms 225.8	 loss 0.061684	 11.9s
Ep 392	 reward -16.100	 ms 225.4	 loss 0.004032	 12.2s
Ep 393	 reward -16.261	 ms 227.7	 loss 0.001649	 12.0s
Ep 394	 reward -16.150	 ms 226.1	 loss -0.029813	 11.1s
Ep 395	 reward -16.139	 ms 225.9	 loss 0.032731	 11.8s
Ep 396	 reward -16.218	 ms 227.1	 loss 0.214358	 11.5s
Ep 397	 reward -16.157	 ms 226.2	 loss 0.136858	 11.6s
Ep 398	 reward -16.279	 ms 227.9	 loss -0.034551	 11.6s
Ep 399	 reward -16.107	 ms 225.5	 loss -0.084526	 12.1s
[vali @400] rel=0.9100 (best 0.9028)  LW=221.5
Ep 400	 reward -16.150	 ms 226.1	 loss 0.033686	 19.9s
Ep 401	 reward -15.979	 ms 223.7	 loss -0.045159	 11.6s
Ep 402	 reward -15.864	 ms 222.1	 loss 0.070058	 11.1s
Ep 403	 reward -15.954	 ms 223.3	 loss -0.005623	 11.5s
Ep 404	 reward -15.929	 ms 223.0	 loss -0.053889	 11.3s
Ep 405	 reward -15.982	 ms 223.8	 loss -0.001156	 10.9s
Ep 406	 reward -15.936	 ms 223.1	 loss 0.097923	 11.3s
Ep 407	 reward -15.914	 ms 222.8	 loss -0.075512	 11.2s
Ep 408	 reward -15.936	 ms 223.1	 loss -0.057510	 11.7s
Ep 409	 reward -15.889	 ms 222.4	 loss -0.100128	 11.0s
Ep 410	 reward -16.000	 ms 224.0	 loss -0.042906	 11.4s
Ep 411	 reward -15.950	 ms 223.3	 loss -0.050338	 12.1s
Ep 412	 reward -16.046	 ms 224.7	 loss 0.000447	 11.1s
Ep 413	 reward -15.954	 ms 223.3	 loss -0.065937	 10.5s
Ep 414	 reward -15.968	 ms 223.6	 loss -0.045059	 11.3s
Ep 415	 reward -16.018	 ms 224.2	 loss -0.074766	 11.5s
Ep 416	 reward -15.971	 ms 223.6	 loss -0.017202	 11.0s
Ep 417	 reward -15.979	 ms 223.7	 loss -0.019260	 12.4s
Ep 418	 reward -16.004	 ms 224.1	 loss -0.048745	 11.7s
Ep 419	 reward -15.943	 ms 223.2	 loss -0.051900	 11.7s
Ep 420	 reward -15.921	 ms 222.9	 loss -0.051830	 11.5s
Ep 421	 reward -16.157	 ms 226.2	 loss 0.195719	 12.3s
Ep 422	 reward -16.157	 ms 226.2	 loss 0.192648	 11.2s
Ep 423	 reward -16.196	 ms 226.8	 loss 0.185294	 12.5s
Ep 424	 reward -16.121	 ms 225.7	 loss 0.196734	 12.3s
[vali @425] rel=0.9086 (best 0.9028)  LW=221.2
Ep 425	 reward -16.225	 ms 227.2	 loss 0.218085	 21.5s
Ep 426	 reward -16.168	 ms 226.3	 loss 0.200512	 12.0s
Ep 427	 reward -16.189	 ms 226.7	 loss 0.195205	 11.3s
Ep 428	 reward -16.179	 ms 226.5	 loss 0.202735	 11.0s
Ep 429	 reward -16.107	 ms 225.5	 loss 0.221730	 11.6s
Ep 430	 reward -16.068	 ms 224.9	 loss 0.169786	 11.3s
Ep 431	 reward -16.050	 ms 224.7	 loss 0.148155	 11.6s
Ep 432	 reward -16.204	 ms 226.8	 loss 0.203758	 10.4s
Ep 433	 reward -16.164	 ms 226.3	 loss 0.186563	 11.2s
Ep 434	 reward -16.136	 ms 225.9	 loss 0.180316	 10.8s
Ep 435	 reward -16.136	 ms 225.9	 loss 0.216114	 10.9s
Ep 436	 reward -16.082	 ms 225.2	 loss 0.175323	 10.8s
Ep 437	 reward -16.111	 ms 225.6	 loss 0.162031	 10.6s
Ep 438	 reward -16.143	 ms 226.0	 loss 0.193020	 10.5s
Ep 439	 reward -16.050	 ms 224.7	 loss 0.149045	 10.8s
Ep 440	 reward -16.204	 ms 226.8	 loss 0.194698	 10.4s
Ep 441	 reward -16.004	 ms 224.1	 loss 0.127864	 11.6s
Ep 442	 reward -15.825	 ms 221.6	 loss 0.075150	 11.7s
Ep 443	 reward -15.911	 ms 222.8	 loss -0.024096	 11.2s
Ep 444	 reward -15.957	 ms 223.4	 loss -0.055896	 11.6s
Ep 445	 reward -15.889	 ms 222.4	 loss 0.119092	 12.9s
Ep 446	 reward -15.907	 ms 222.7	 loss 0.043501	 11.1s
Ep 447	 reward -15.914	 ms 222.8	 loss 0.049730	 10.2s
Ep 448	 reward -15.961	 ms 223.4	 loss -0.008538	 10.7s
Ep 449	 reward -15.900	 ms 222.6	 loss -0.025554	 10.4s
[vali @450] rel=0.9063 (best 0.9028)  LW=220.6
Ep 450	 reward -15.850	 ms 221.9	 loss 0.041225	 18.5s
Ep 451	 reward -15.914	 ms 222.8	 loss 0.142543	 11.3s
Ep 452	 reward -15.907	 ms 222.7	 loss -0.014004	 10.6s
Ep 453	 reward -15.829	 ms 221.6	 loss -0.053745	 11.4s
Ep 454	 reward -15.946	 ms 223.2	 loss 0.051041	 11.3s
Ep 455	 reward -15.871	 ms 222.2	 loss 0.104692	 10.6s
Ep 456	 reward -15.964	 ms 223.5	 loss -0.032195	 11.0s
Ep 457	 reward -15.943	 ms 223.2	 loss 0.108313	 11.5s
Ep 458	 reward -15.932	 ms 223.1	 loss 0.008777	 11.1s
Ep 459	 reward -15.846	 ms 221.8	 loss 0.085692	 10.8s
Ep 460	 reward -15.868	 ms 222.2	 loss 0.195423	 11.1s
Ep 461	 reward -16.286	 ms 228.0	 loss 0.116065	 10.9s
Ep 462	 reward -16.296	 ms 228.2	 loss 0.236204	 10.5s
Ep 463	 reward -16.300	 ms 228.2	 loss 0.294574	 10.6s
Ep 464	 reward -16.214	 ms 227.0	 loss 0.098744	 11.2s
Ep 465	 reward -16.229	 ms 227.2	 loss 0.336264	 10.6s
Ep 466	 reward -16.382	 ms 229.3	 loss 0.243867	 10.6s
Ep 467	 reward -16.111	 ms 225.6	 loss 0.154746	 10.4s
Ep 468	 reward -16.289	 ms 228.1	 loss 0.055732	 10.6s
Ep 469	 reward -16.314	 ms 228.4	 loss 0.299203	 11.0s
Ep 470	 reward -16.311	 ms 228.3	 loss 0.239763	 11.2s
Ep 471	 reward -16.289	 ms 228.1	 loss 0.318320	 11.3s
Ep 472	 reward -16.243	 ms 227.4	 loss 0.163251	 10.9s
Ep 473	 reward -16.468	 ms 230.6	 loss 0.281223	 10.9s
Ep 474	 reward -16.300	 ms 228.2	 loss 0.240344	 11.5s
[vali @475] rel=0.9065 (best 0.9028)  LW=220.7
Ep 475	 reward -16.282	 ms 227.9	 loss 0.236666	 18.0s
Ep 476	 reward -16.279	 ms 227.9	 loss 0.107472	 11.5s
Ep 477	 reward -16.325	 ms 228.6	 loss 0.275978	 11.4s
Ep 478	 reward -16.264	 ms 227.7	 loss 0.218868	 11.1s
Ep 479	 reward -16.207	 ms 226.9	 loss 0.226820	 12.0s
Ep 480	 reward -16.304	 ms 228.2	 loss 0.277087	 13.0s
Ep 481	 reward -16.071	 ms 225.0	 loss 0.069357	 12.8s
Ep 482	 reward -16.107	 ms 225.5	 loss 0.096262	 11.8s
Ep 483	 reward -16.214	 ms 227.0	 loss 0.166467	 12.3s
Ep 484	 reward -16.136	 ms 225.9	 loss 0.054326	 12.0s
Ep 485	 reward -16.104	 ms 225.4	 loss 0.117983	 12.1s
Ep 486	 reward -16.068	 ms 224.9	 loss 0.019202	 10.7s
Ep 487	 reward -16.171	 ms 226.4	 loss 0.003008	 11.0s
Ep 488	 reward -16.214	 ms 227.0	 loss 0.173459	 10.9s
Ep 489	 reward -16.154	 ms 226.2	 loss 0.130476	 10.9s
Ep 490	 reward -16.139	 ms 225.9	 loss 0.012471	 10.7s
Ep 491	 reward -16.132	 ms 225.8	 loss 0.013887	 13.7s
Ep 492	 reward -16.157	 ms 226.2	 loss 0.166126	 11.9s
Ep 493	 reward -16.132	 ms 225.8	 loss 0.063588	 10.0s
Ep 494	 reward -16.082	 ms 225.2	 loss 0.010293	 9.8s
Ep 495	 reward -16.139	 ms 225.9	 loss 0.180881	 9.8s
Ep 496	 reward -16.100	 ms 225.4	 loss 0.114420	 10.2s
Ep 497	 reward -16.193	 ms 226.7	 loss 0.112007	 10.9s
Ep 498	 reward -16.093	 ms 225.3	 loss 0.153431	 10.9s
Ep 499	 reward -16.161	 ms 226.2	 loss 0.225481	 10.7s
[vali @500] rel=0.9030 (best 0.9028)  LW=219.8
Ep 500	 reward -16.075	 ms 225.1	 loss 0.039678	 17.2s
Ep 501	 reward -16.132	 ms 225.8	 loss 0.058999	 10.2s
Ep 502	 reward -16.154	 ms 226.2	 loss 0.045628	 10.9s
Ep 503	 reward -16.096	 ms 225.3	 loss 0.113005	 10.4s
Ep 504	 reward -16.164	 ms 226.3	 loss 0.107404	 9.6s
Ep 505	 reward -16.161	 ms 226.2	 loss 0.128646	 10.0s
Ep 506	 reward -16.107	 ms 225.5	 loss 0.105170	 10.8s
Ep 507	 reward -16.186	 ms 226.6	 loss 0.062819	 10.4s
Ep 508	 reward -16.064	 ms 224.9	 loss 0.127779	 10.5s
Ep 509	 reward -16.175	 ms 226.4	 loss 0.087861	 10.6s
Ep 510	 reward -16.207	 ms 226.9	 loss 0.145454	 11.0s
Ep 511	 reward -16.079	 ms 225.1	 loss 0.115957	 10.3s
Ep 512	 reward -16.143	 ms 226.0	 loss 0.106032	 10.1s
Ep 513	 reward -16.182	 ms 226.6	 loss 0.044764	 9.7s
Ep 514	 reward -16.139	 ms 225.9	 loss 0.036449	 9.1s
Ep 515	 reward -16.143	 ms 226.0	 loss 0.039994	 9.7s
Ep 516	 reward -16.189	 ms 226.7	 loss 0.065043	 9.2s
Ep 517	 reward -16.132	 ms 225.8	 loss 0.062041	 9.8s
Ep 518	 reward -16.132	 ms 225.8	 loss 0.063246	 9.4s
Ep 519	 reward -16.118	 ms 225.7	 loss 0.052600	 9.9s
Ep 520	 reward -16.096	 ms 225.3	 loss 0.101335	 10.0s
Ep 521	 reward -15.968	 ms 223.6	 loss 0.082891	 9.5s
Ep 522	 reward -15.989	 ms 223.8	 loss 0.058188	 9.2s
Ep 523	 reward -16.082	 ms 225.2	 loss 0.079062	 10.3s
Ep 524	 reward -15.971	 ms 223.6	 loss 0.109491	 9.9s
[vali @525] rel=0.9055 (best 0.9028)  LW=220.4
Ep 525	 reward -16.039	 ms 224.6	 loss 0.073970	 16.0s
Ep 526	 reward -16.036	 ms 224.5	 loss 0.102043	 9.5s
Ep 527	 reward -16.089	 ms 225.2	 loss 0.096974	 10.0s
Ep 528	 reward -16.029	 ms 224.4	 loss 0.034162	 10.2s
Ep 529	 reward -16.025	 ms 224.3	 loss 0.120774	 9.5s
Ep 530	 reward -16.004	 ms 224.1	 loss 0.032499	 10.3s
Ep 531	 reward -15.957	 ms 223.4	 loss 0.074475	 9.7s
Ep 532	 reward -15.979	 ms 223.7	 loss 0.145429	 9.2s
Ep 533	 reward -16.089	 ms 225.2	 loss 0.070674	 10.0s
Ep 534	 reward -15.989	 ms 223.8	 loss 0.077318	 8.5s
Ep 535	 reward -15.982	 ms 223.8	 loss 0.084399	 10.4s
Ep 536	 reward -15.914	 ms 222.8	 loss 0.058158	 10.3s
Ep 537	 reward -15.957	 ms 223.4	 loss 0.096243	 9.7s
Ep 538	 reward -15.914	 ms 222.8	 loss 0.032619	 10.4s
Ep 539	 reward -15.954	 ms 223.3	 loss 0.107415	 10.2s
Ep 540	 reward -16.057	 ms 224.8	 loss 0.011886	 11.1s
Ep 541	 reward -16.157	 ms 226.2	 loss 0.226684	 11.0s
Ep 542	 reward -16.200	 ms 226.8	 loss 0.167218	 10.7s
Ep 543	 reward -16.129	 ms 225.8	 loss 0.265390	 10.4s
Ep 544	 reward -16.204	 ms 226.8	 loss 0.294870	 11.5s
Ep 545	 reward -16.243	 ms 227.4	 loss 0.067019	 10.7s
Ep 546	 reward -16.168	 ms 226.3	 loss 0.188276	 11.2s
Ep 547	 reward -16.307	 ms 228.3	 loss 0.068930	 11.4s
Ep 548	 reward -16.282	 ms 227.9	 loss 0.240655	 11.9s
Ep 549	 reward -16.200	 ms 226.8	 loss 0.146881	 10.9s
[vali @550] rel=0.9086 (best 0.9028)  LW=221.2
Ep 550	 reward -16.264	 ms 227.7	 loss 0.234225	 16.7s
Ep 551	 reward -16.289	 ms 228.1	 loss 0.254032	 10.9s
Ep 552	 reward -16.179	 ms 226.5	 loss 0.185582	 11.3s
Ep 553	 reward -16.200	 ms 226.8	 loss 0.220655	 11.1s
Ep 554	 reward -16.221	 ms 227.1	 loss 0.147254	 11.9s
Ep 555	 reward -16.232	 ms 227.2	 loss 0.212685	 11.2s
Ep 556	 reward -16.221	 ms 227.1	 loss 0.222635	 11.0s
Ep 557	 reward -16.239	 ms 227.3	 loss 0.027666	 11.9s
Ep 558	 reward -16.161	 ms 226.2	 loss 0.112556	 11.7s
Ep 559	 reward -16.107	 ms 225.5	 loss 0.232328	 11.7s
Ep 560	 reward -16.196	 ms 226.8	 loss 0.219773	 10.8s
Ep 561	 reward -15.904	 ms 222.7	 loss 0.055236	 10.5s
Ep 562	 reward -15.961	 ms 223.4	 loss -0.012719	 11.5s
Ep 563	 reward -15.836	 ms 221.7	 loss -0.023164	 11.3s
Ep 564	 reward -15.896	 ms 222.6	 loss -0.016966	 11.8s
Ep 565	 reward -15.875	 ms 222.2	 loss -0.006117	 13.1s
Ep 566	 reward -15.904	 ms 222.7	 loss -0.009410	 12.3s
Ep 567	 reward -15.782	 ms 220.9	 loss 0.110544	 10.9s
Ep 568	 reward -15.886	 ms 222.4	 loss 0.118393	 12.2s
Ep 569	 reward -15.932	 ms 223.1	 loss -0.013036	 12.2s
Ep 570	 reward -15.900	 ms 222.6	 loss -0.066508	 11.3s
Ep 571	 reward -15.861	 ms 222.1	 loss 0.057723	 12.1s
Ep 572	 reward -15.782	 ms 220.9	 loss 0.196294	 11.2s
Ep 573	 reward -15.850	 ms 221.9	 loss -0.006717	 12.3s
Ep 574	 reward -15.896	 ms 222.6	 loss -0.022583	 12.2s
[vali @575] rel=0.9014 (best 0.9014)  LW=219.4
Ep 575	 reward -15.914	 ms 222.8	 loss 0.013981	 20.9s
Ep 576	 reward -15.879	 ms 222.3	 loss 0.065738	 12.4s
Ep 577	 reward -15.864	 ms 222.1	 loss 0.049498	 12.4s
Ep 578	 reward -15.850	 ms 221.9	 loss 0.043571	 11.8s
Ep 579	 reward -15.825	 ms 221.6	 loss 0.045775	 13.2s
Ep 580	 reward -15.871	 ms 222.2	 loss 0.002012	 13.2s
Ep 581	 reward -15.839	 ms 221.8	 loss 0.034332	 12.6s
Ep 582	 reward -15.811	 ms 221.3	 loss 0.247708	 13.2s
Ep 583	 reward -15.796	 ms 221.2	 loss 0.173309	 12.8s
Ep 584	 reward -15.882	 ms 222.3	 loss -0.069322	 13.1s
Ep 585	 reward -15.925	 ms 222.9	 loss -0.092618	 12.3s
Ep 586	 reward -15.925	 ms 222.9	 loss 0.260192	 12.5s
Ep 587	 reward -15.846	 ms 221.8	 loss 0.201618	 11.4s
Ep 588	 reward -15.821	 ms 221.5	 loss 0.192021	 11.0s
Ep 589	 reward -15.889	 ms 222.4	 loss 0.069495	 12.5s
Ep 590	 reward -15.921	 ms 222.9	 loss 0.259856	 11.5s
Ep 591	 reward -15.896	 ms 222.6	 loss 0.037008	 11.8s
Ep 592	 reward -15.789	 ms 221.1	 loss 0.201659	 12.3s
Ep 593	 reward -15.889	 ms 222.4	 loss 0.213653	 11.9s
Ep 594	 reward -15.786	 ms 221.0	 loss 0.140404	 11.8s
Ep 595	 reward -15.825	 ms 221.6	 loss 0.198603	 12.2s
Ep 596	 reward -15.911	 ms 222.8	 loss -0.048917	 12.0s
Ep 597	 reward -15.843	 ms 221.8	 loss -0.012258	 12.2s
Ep 598	 reward -15.811	 ms 221.3	 loss 0.253990	 12.0s
Ep 599	 reward -15.789	 ms 221.1	 loss -0.031245	 11.8s
[vali @600] rel=0.9045 (best 0.9014)  LW=220.2
Ep 600	 reward -15.864	 ms 222.1	 loss 0.218610	 21.1s
Ep 601	 reward -15.904	 ms 222.7	 loss 0.194449	 12.9s
Ep 602	 reward -15.971	 ms 223.6	 loss 0.269282	 12.5s
Ep 603	 reward -15.964	 ms 223.5	 loss 0.187307	 11.9s
Ep 604	 reward -15.854	 ms 221.9	 loss 0.230538	 12.1s
Ep 605	 reward -15.871	 ms 222.2	 loss 0.210436	 12.1s
Ep 606	 reward -15.896	 ms 222.6	 loss 0.247740	 12.0s
Ep 607	 reward -15.861	 ms 222.1	 loss 0.093188	 11.9s
Ep 608	 reward -15.904	 ms 222.7	 loss 0.146721	 12.8s
Ep 609	 reward -15.868	 ms 222.2	 loss 0.218121	 12.5s
Ep 610	 reward -15.914	 ms 222.8	 loss 0.236014	 12.5s
Ep 611	 reward -15.757	 ms 220.6	 loss 0.126973	 12.5s
Ep 612	 reward -15.907	 ms 222.7	 loss 0.270132	 12.6s
Ep 613	 reward -15.857	 ms 222.0	 loss 0.168691	 11.9s
Ep 614	 reward -15.829	 ms 221.6	 loss 0.040655	 12.8s
Ep 615	 reward -15.896	 ms 222.6	 loss 0.113512	 12.1s
Ep 616	 reward -15.825	 ms 221.6	 loss 0.120669	 10.9s
Ep 617	 reward -15.821	 ms 221.5	 loss 0.149842	 11.3s
Ep 618	 reward -15.882	 ms 222.3	 loss 0.093050	 11.6s
Ep 619	 reward -15.811	 ms 221.3	 loss 0.081385	 11.8s
Ep 620	 reward -15.825	 ms 221.6	 loss 0.169943	 12.3s
Ep 621	 reward -16.079	 ms 225.1	 loss 0.141503	 12.9s
Ep 622	 reward -16.107	 ms 225.5	 loss 0.226556	 13.0s
Ep 623	 reward -16.261	 ms 227.7	 loss 0.084058	 11.7s
Ep 624	 reward -16.093	 ms 225.3	 loss 0.202308	 11.4s
[vali @625] rel=0.9032 (best 0.9014)  LW=219.8
Ep 625	 reward -16.179	 ms 226.5	 loss 0.102351	 20.9s
Ep 626	 reward -16.279	 ms 227.9	 loss 0.229735	 11.8s
Ep 627	 reward -16.268	 ms 227.8	 loss 0.298581	 11.8s
Ep 628	 reward -16.279	 ms 227.9	 loss 0.243731	 12.7s
Ep 629	 reward -16.089	 ms 225.2	 loss 0.215870	 12.4s
Ep 630	 reward -16.218	 ms 227.1	 loss 0.081537	 12.9s
Ep 631	 reward -16.129	 ms 225.8	 loss 0.196452	 12.0s
Ep 632	 reward -16.161	 ms 226.2	 loss 0.140867	 12.1s
Ep 633	 reward -16.182	 ms 226.6	 loss 0.197323	 12.5s
Ep 634	 reward -16.118	 ms 225.7	 loss 0.199778	 11.9s
Ep 635	 reward -16.193	 ms 226.7	 loss 0.200520	 12.2s
Ep 636	 reward -16.200	 ms 226.8	 loss 0.111085	 13.1s
Ep 637	 reward -16.218	 ms 227.1	 loss 0.138714	 12.8s
Ep 638	 reward -16.079	 ms 225.1	 loss 0.199999	 12.5s
Ep 639	 reward -16.121	 ms 225.7	 loss 0.153451	 11.6s
Ep 640	 reward -16.157	 ms 226.2	 loss -0.000157	 12.8s
Ep 641	 reward -16.146	 ms 226.1	 loss 0.308872	 13.1s
Ep 642	 reward -16.000	 ms 224.0	 loss 0.206626	 12.9s
Ep 643	 reward -16.096	 ms 225.3	 loss 0.249095	 11.4s
Ep 644	 reward -16.107	 ms 225.5	 loss 0.176362	 11.4s
Ep 645	 reward -16.164	 ms 226.3	 loss 0.246670	 11.3s
Ep 646	 reward -16.157	 ms 226.2	 loss 0.200417	 11.4s
Ep 647	 reward -16.061	 ms 224.8	 loss 0.107654	 11.4s
Ep 648	 reward -16.157	 ms 226.2	 loss 0.189449	 11.6s
Ep 649	 reward -16.171	 ms 226.4	 loss 0.101514	 12.5s
[vali @650] rel=0.9020 (best 0.9014)  LW=219.6
Ep 650	 reward -16.054	 ms 224.8	 loss 0.085581	 18.9s
Ep 651	 reward -16.039	 ms 224.6	 loss 0.218959	 12.6s
Ep 652	 reward -16.186	 ms 226.6	 loss 0.115347	 11.8s
Ep 653	 reward -16.214	 ms 227.0	 loss 0.191590	 11.3s
Ep 654	 reward -16.043	 ms 224.6	 loss 0.125485	 11.8s
Ep 655	 reward -16.107	 ms 225.5	 loss 0.095405	 11.4s
Ep 656	 reward -16.100	 ms 225.4	 loss 0.199837	 13.2s
Ep 657	 reward -16.100	 ms 225.4	 loss 0.114021	 12.0s
Ep 658	 reward -16.075	 ms 225.1	 loss 0.113747	 11.5s
Ep 659	 reward -16.154	 ms 226.2	 loss 0.205194	 11.3s
Ep 660	 reward -16.064	 ms 224.9	 loss 0.067095	 11.3s
Ep 661	 reward -16.229	 ms 227.2	 loss -0.050760	 11.4s
Ep 662	 reward -16.236	 ms 227.3	 loss -0.019459	 11.6s
Ep 663	 reward -16.329	 ms 228.6	 loss -0.030430	 12.2s
Ep 664	 reward -16.200	 ms 226.8	 loss 0.163756	 11.8s
Ep 665	 reward -16.168	 ms 226.3	 loss -0.038965	 11.5s
Ep 666	 reward -16.200	 ms 226.8	 loss -0.051771	 11.4s
Ep 667	 reward -16.136	 ms 225.9	 loss 0.011623	 12.1s
Ep 668	 reward -16.211	 ms 226.9	 loss 0.136458	 11.5s
Ep 669	 reward -16.175	 ms 226.4	 loss 0.026003	 11.4s
Ep 670	 reward -16.214	 ms 227.0	 loss -0.037073	 11.4s
Ep 671	 reward -16.107	 ms 225.5	 loss 0.204279	 11.2s
Ep 672	 reward -16.171	 ms 226.4	 loss -0.031211	 11.1s
Ep 673	 reward -16.186	 ms 226.6	 loss 0.016040	 11.9s
Ep 674	 reward -16.107	 ms 225.5	 loss 0.024020	 10.4s
[vali @675] rel=0.9057 (best 0.9014)  LW=220.4
Ep 675	 reward -16.107	 ms 225.5	 loss 0.185291	 19.4s
Ep 676	 reward -16.125	 ms 225.8	 loss -0.036747	 10.5s
Ep 677	 reward -16.182	 ms 226.6	 loss -0.030855	 10.8s
Ep 678	 reward -16.239	 ms 227.3	 loss -0.016205	 11.1s
Ep 679	 reward -16.146	 ms 226.1	 loss -0.048859	 9.9s
Ep 680	 reward -16.114	 ms 225.6	 loss -0.056401	 10.9s
Ep 681	 reward -15.757	 ms 220.6	 loss 0.215396	 11.2s
Ep 682	 reward -15.839	 ms 221.8	 loss 0.196303	 11.2s
Ep 683	 reward -15.775	 ms 220.8	 loss 0.226141	 12.6s
Ep 684	 reward -15.789	 ms 221.1	 loss 0.200824	 13.2s
Ep 685	 reward -15.746	 ms 220.4	 loss 0.153171	 11.6s
Ep 686	 reward -15.764	 ms 220.7	 loss 0.232607	 11.0s
Ep 687	 reward -15.729	 ms 220.2	 loss 0.211252	 11.2s
Ep 688	 reward -15.836	 ms 221.7	 loss 0.095480	 11.2s
Ep 689	 reward -15.850	 ms 221.9	 loss 0.217072	 11.3s
Ep 690	 reward -15.757	 ms 220.6	 loss 0.175956	 12.1s
Ep 691	 reward -15.789	 ms 221.1	 loss 0.153988	 11.7s
Ep 692	 reward -15.821	 ms 221.5	 loss 0.211613	 11.6s
Ep 693	 reward -15.811	 ms 221.3	 loss 0.188882	 11.3s
Ep 694	 reward -15.764	 ms 220.7	 loss 0.114845	 11.8s
Ep 695	 reward -15.782	 ms 220.9	 loss 0.198663	 11.7s
Ep 696	 reward -15.796	 ms 221.2	 loss 0.176638	 11.3s
Ep 697	 reward -15.711	 ms 219.9	 loss 0.179034	 10.9s
Ep 698	 reward -15.789	 ms 221.1	 loss 0.154381	 11.3s
Ep 699	 reward -15.821	 ms 221.5	 loss 0.211740	 11.0s
[vali @700] rel=0.9098 (best 0.9014)  LW=221.4
Ep 700	 reward -15.764	 ms 220.7	 loss 0.183429	 18.5s
Ep 701	 reward -15.979	 ms 223.7	 loss -0.099695	 11.2s
Ep 702	 reward -15.939	 ms 223.2	 loss 0.045199	 10.6s
Ep 703	 reward -15.911	 ms 222.8	 loss 0.111847	 10.8s
Ep 704	 reward -15.925	 ms 222.9	 loss -0.088092	 10.8s
Ep 705	 reward -15.843	 ms 221.8	 loss 0.091245	 10.9s
Ep 706	 reward -15.821	 ms 221.5	 loss 0.103262	 10.5s
Ep 707	 reward -15.900	 ms 222.6	 loss 0.091646	 10.5s
Ep 708	 reward -15.879	 ms 222.3	 loss 0.167465	 10.4s
Ep 709	 reward -15.804	 ms 221.2	 loss -0.011743	 10.6s
Ep 710	 reward -15.943	 ms 223.2	 loss 0.098741	 10.8s
Ep 711	 reward -15.936	 ms 223.1	 loss 0.005207	 11.0s
Ep 712	 reward -15.925	 ms 222.9	 loss -0.104659	 11.9s
Ep 713	 reward -15.925	 ms 222.9	 loss 0.169825	 11.9s
Ep 714	 reward -15.879	 ms 222.3	 loss 0.019752	 11.3s
Ep 715	 reward -15.936	 ms 223.1	 loss 0.194846	 10.4s
Ep 716	 reward -15.979	 ms 223.7	 loss 0.108972	 10.9s
Ep 717	 reward -15.854	 ms 221.9	 loss 0.192412	 10.6s
Ep 718	 reward -15.832	 ms 221.7	 loss -0.073373	 11.5s
Ep 719	 reward -15.900	 ms 222.6	 loss 0.008414	 10.7s
Ep 720	 reward -15.861	 ms 222.1	 loss 0.024273	 11.5s
Ep 721	 reward -16.011	 ms 224.2	 loss -0.035653	 11.3s
Ep 722	 reward -16.111	 ms 225.6	 loss 0.051281	 10.9s
Ep 723	 reward -15.954	 ms 223.3	 loss -0.042236	 11.1s
Ep 724	 reward -16.039	 ms 224.6	 loss -0.070213	 11.8s
[vali @725] rel=0.9084 (best 0.9014)  LW=221.1
Ep 725	 reward -16.029	 ms 224.4	 loss 0.005984	 18.0s
Ep 726	 reward -16.025	 ms 224.3	 loss 0.029156	 10.9s
Ep 727	 reward -16.004	 ms 224.1	 loss -0.020545	 10.4s
Ep 728	 reward -16.036	 ms 224.5	 loss 0.059865	 11.2s
Ep 729	 reward -16.071	 ms 225.0	 loss -0.047535	 10.8s
Ep 730	 reward -16.043	 ms 224.6	 loss 0.129368	 11.0s
Ep 731	 reward -16.043	 ms 224.6	 loss 0.026236	 10.6s
Ep 732	 reward -16.096	 ms 225.3	 loss 0.003706	 11.8s
Ep 733	 reward -16.036	 ms 224.5	 loss 0.118328	 11.0s
Ep 734	 reward -16.079	 ms 225.1	 loss 0.134370	 11.3s
Ep 735	 reward -16.082	 ms 225.2	 loss -0.023821	 9.8s
Ep 736	 reward -16.004	 ms 224.1	 loss 0.013283	 11.9s
Ep 737	 reward -16.032	 ms 224.4	 loss -0.028416	 10.2s
Ep 738	 reward -16.029	 ms 224.4	 loss 0.005701	 10.6s
Ep 739	 reward -16.007	 ms 224.1	 loss -0.002573	 11.6s
Ep 740	 reward -16.111	 ms 225.6	 loss -0.034630	 11.5s
Ep 741	 reward -15.832	 ms 221.7	 loss -0.028457	 11.6s
Ep 742	 reward -15.979	 ms 223.7	 loss 0.115534	 11.2s
Ep 743	 reward -15.900	 ms 222.6	 loss -0.075684	 10.8s
Ep 744	 reward -15.957	 ms 223.4	 loss -0.027850	 10.9s
Ep 745	 reward -15.889	 ms 222.4	 loss 0.210887	 10.9s
Ep 746	 reward -15.957	 ms 223.4	 loss -0.097155	 11.1s
Ep 747	 reward -15.829	 ms 221.6	 loss 0.157790	 11.7s
Ep 748	 reward -15.832	 ms 221.7	 loss -0.081842	 11.3s
Ep 749	 reward -15.932	 ms 223.1	 loss -0.067207	 11.1s
[vali @750] rel=0.9047 (best 0.9014)  LW=220.2
Ep 750	 reward -15.964	 ms 223.5	 loss -0.062831	 19.1s
Ep 751	 reward -15.971	 ms 223.6	 loss -0.049342	 11.0s
Ep 752	 reward -15.875	 ms 222.2	 loss -0.050604	 10.9s
Ep 753	 reward -15.896	 ms 222.6	 loss -0.060518	 10.8s
Ep 754	 reward -15.879	 ms 222.3	 loss -0.059228	 11.0s
Ep 755	 reward -15.893	 ms 222.5	 loss -0.071432	 10.7s
Ep 756	 reward -15.907	 ms 222.7	 loss 0.022025	 11.8s
Ep 757	 reward -15.879	 ms 222.3	 loss -0.062624	 11.4s
Ep 758	 reward -15.864	 ms 222.1	 loss 0.157235	 10.9s
Ep 759	 reward -15.961	 ms 223.4	 loss -0.087368	 10.8s
Ep 760	 reward -15.950	 ms 223.3	 loss -0.106241	 11.5s
Ep 761	 reward -15.896	 ms 222.6	 loss 0.066335	 10.7s
Ep 762	 reward -15.843	 ms 221.8	 loss -0.017300	 10.3s
Ep 763	 reward -15.829	 ms 221.6	 loss 0.153413	 10.0s
Ep 764	 reward -15.839	 ms 221.8	 loss 0.102054	 9.8s
Ep 765	 reward -15.843	 ms 221.8	 loss -0.110537	 10.4s
Ep 766	 reward -15.786	 ms 221.0	 loss -0.047155	 11.4s
Ep 767	 reward -15.911	 ms 222.8	 loss -0.084088	 11.2s
Ep 768	 reward -15.761	 ms 220.7	 loss 0.220424	 11.5s
Ep 769	 reward -15.825	 ms 221.6	 loss 0.032283	 11.4s
Ep 770	 reward -15.857	 ms 222.0	 loss -0.054071	 11.3s
Ep 771	 reward -15.875	 ms 222.2	 loss 0.107580	 10.5s
Ep 772	 reward -15.782	 ms 220.9	 loss 0.035790	 11.5s
Ep 773	 reward -15.775	 ms 220.8	 loss 0.128041	 11.0s
Ep 774	 reward -15.743	 ms 220.4	 loss -0.092319	 11.2s
[vali @775] rel=0.9127 (best 0.9014)  LW=222.2
Ep 775	 reward -15.825	 ms 221.6	 loss -0.003815	 17.4s
Ep 776	 reward -15.746	 ms 220.4	 loss -0.048854	 10.8s
Ep 777	 reward -15.768	 ms 220.8	 loss 0.080818	 12.0s
Ep 778	 reward -15.850	 ms 221.9	 loss 0.219626	 12.1s
Ep 779	 reward -15.725	 ms 220.2	 loss 0.003209	 11.6s
Ep 780	 reward -15.739	 ms 220.3	 loss -0.030218	 10.6s
Ep 781	 reward -15.932	 ms 223.1	 loss -0.011605	 11.0s
Ep 782	 reward -15.929	 ms 223.0	 loss 0.114136	 11.7s
Ep 783	 reward -15.982	 ms 223.8	 loss 0.057035	 10.9s
Ep 784	 reward -15.918	 ms 222.8	 loss 0.189859	 11.5s
Ep 785	 reward -15.943	 ms 223.2	 loss -0.004398	 12.1s
Ep 786	 reward -15.936	 ms 223.1	 loss 0.016063	 10.9s
Ep 787	 reward -15.904	 ms 222.7	 loss 0.000493	 11.6s
Ep 788	 reward -15.814	 ms 221.4	 loss 0.027826	 10.4s
Ep 789	 reward -15.939	 ms 223.2	 loss 0.138679	 11.4s
Ep 790	 reward -15.936	 ms 223.1	 loss 0.150553	 10.7s
Ep 791	 reward -15.996	 ms 223.9	 loss 0.244481	 10.1s
Ep 792	 reward -15.896	 ms 222.6	 loss -0.022830	 10.6s
Ep 793	 reward -15.900	 ms 222.6	 loss -0.046640	 10.4s
Ep 794	 reward -15.871	 ms 222.2	 loss 0.013593	 11.0s
Ep 795	 reward -16.046	 ms 224.7	 loss 0.184418	 10.7s
Ep 796	 reward -16.039	 ms 224.6	 loss 0.156005	 11.6s
Ep 797	 reward -15.971	 ms 223.6	 loss 0.118430	 12.5s
Ep 798	 reward -15.839	 ms 221.8	 loss 0.129125	 11.6s
Ep 799	 reward -15.871	 ms 222.2	 loss 0.183196	 10.8s
[vali @800] rel=0.9084 (best 0.9014)  LW=221.1
Ep 800	 reward -15.825	 ms 221.6	 loss 0.160639	 19.9s
Ep 801	 reward -15.625	 ms 218.8	 loss 0.185547	 11.9s
Ep 802	 reward -15.629	 ms 218.8	 loss 0.154375	 11.5s
Ep 803	 reward -15.679	 ms 219.5	 loss 0.122395	 11.8s
Ep 804	 reward -15.711	 ms 219.9	 loss 0.154249	 12.1s
Ep 805	 reward -15.646	 ms 219.1	 loss 0.146062	 10.7s
Ep 806	 reward -15.600	 ms 218.4	 loss 0.057534	 11.5s
Ep 807	 reward -15.657	 ms 219.2	 loss 0.193087	 11.0s
Ep 808	 reward -15.589	 ms 218.2	 loss -0.029902	 11.0s
Ep 809	 reward -15.646	 ms 219.1	 loss 0.168038	 11.4s
Ep 810	 reward -15.661	 ms 219.2	 loss -0.036252	 10.8s
Ep 811	 reward -15.561	 ms 217.8	 loss 0.179178	 11.8s
Ep 812	 reward -15.600	 ms 218.4	 loss 0.184713	 11.6s
Ep 813	 reward -15.579	 ms 218.1	 loss 0.153565	 11.3s
Ep 814	 reward -15.654	 ms 219.2	 loss 0.111612	 10.7s
Ep 815	 reward -15.596	 ms 218.3	 loss 0.157833	 10.7s
Ep 816	 reward -15.661	 ms 219.2	 loss 0.130601	 11.0s
Ep 817	 reward -15.636	 ms 218.9	 loss 0.177725	 11.0s
Ep 818	 reward -15.614	 ms 218.6	 loss 0.139405	 10.7s
Ep 819	 reward -15.596	 ms 218.3	 loss 0.042242	 10.6s
Ep 820	 reward -15.593	 ms 218.3	 loss 0.197474	 9.8s
Ep 821	 reward -15.971	 ms 223.6	 loss 0.020480	 10.7s
Ep 822	 reward -15.996	 ms 223.9	 loss -0.065002	 10.4s
Ep 823	 reward -15.968	 ms 223.6	 loss 0.070498	 10.8s
Ep 824	 reward -16.089	 ms 225.2	 loss -0.020001	 11.6s
[vali @825] rel=0.9069 (best 0.9014)  LW=220.8
Ep 825	 reward -16.021	 ms 224.3	 loss 0.125574	 18.7s
Ep 826	 reward -16.050	 ms 224.7	 loss 0.089987	 11.3s
Ep 827	 reward -16.114	 ms 225.6	 loss 0.025968	 11.2s
Ep 828	 reward -16.036	 ms 224.5	 loss -0.068433	 12.0s
Ep 829	 reward -15.996	 ms 223.9	 loss -0.058176	 12.2s
Ep 830	 reward -16.071	 ms 225.0	 loss 0.067009	 11.9s
Ep 831	 reward -16.071	 ms 225.0	 loss -0.010541	 12.1s
Ep 832	 reward -16.004	 ms 224.1	 loss -0.056657	 11.9s
Ep 833	 reward -15.943	 ms 223.2	 loss 0.091037	 12.0s
Ep 834	 reward -16.004	 ms 224.1	 loss 0.091593	 12.1s
Ep 835	 reward -15.982	 ms 223.8	 loss -0.092257	 11.9s
Ep 836	 reward -16.107	 ms 225.5	 loss -0.049084	 11.7s
Ep 837	 reward -16.004	 ms 224.1	 loss -0.034052	 11.2s
Ep 838	 reward -16.068	 ms 224.9	 loss -0.102773	 11.5s
Ep 839	 reward -16.118	 ms 225.7	 loss 0.062967	 11.8s
Ep 840	 reward -16.004	 ms 224.1	 loss -0.076776	 11.5s
Ep 841	 reward -16.057	 ms 224.8	 loss 0.130990	 10.6s
Ep 842	 reward -16.032	 ms 224.4	 loss 0.099854	 11.0s
Ep 843	 reward -16.054	 ms 224.8	 loss 0.102242	 10.9s
Ep 844	 reward -16.018	 ms 224.2	 loss 0.222471	 11.9s
Ep 845	 reward -16.032	 ms 224.4	 loss -0.105880	 11.4s
Ep 846	 reward -15.964	 ms 223.5	 loss -0.037720	 11.5s
Ep 847	 reward -16.086	 ms 225.2	 loss 0.068356	 11.5s
Ep 848	 reward -16.093	 ms 225.3	 loss 0.077452	 10.9s
Ep 849	 reward -16.086	 ms 225.2	 loss 0.120809	 10.4s
[vali @850] rel=0.9065 (best 0.9014)  LW=220.7
Ep 850	 reward -16.032	 ms 224.4	 loss -0.020668	 17.2s
Ep 851	 reward -15.993	 ms 223.9	 loss 0.011314	 11.8s
Ep 852	 reward -16.007	 ms 224.1	 loss -0.088756	 12.2s
Ep 853	 reward -16.068	 ms 224.9	 loss 0.051603	 11.6s
Ep 854	 reward -16.004	 ms 224.1	 loss -0.097829	 10.9s
Ep 855	 reward -16.046	 ms 224.7	 loss 0.104464	 11.5s
Ep 856	 reward -16.150	 ms 226.1	 loss 0.058994	 11.4s
Ep 857	 reward -16.086	 ms 225.2	 loss 0.061647	 11.5s
Ep 858	 reward -16.036	 ms 224.5	 loss -0.008404	 11.7s
Ep 859	 reward -16.139	 ms 225.9	 loss -0.011836	 12.1s
Ep 860	 reward -16.043	 ms 224.6	 loss -0.011050	 12.5s
Ep 861	 reward -16.236	 ms 227.3	 loss -0.063207	 13.5s
Ep 862	 reward -16.207	 ms 226.9	 loss 0.010980	 11.4s
Ep 863	 reward -16.246	 ms 227.4	 loss -0.008130	 11.0s
Ep 864	 reward -16.243	 ms 227.4	 loss 0.018269	 11.9s
Ep 865	 reward -16.211	 ms 226.9	 loss -0.007037	 11.7s
Ep 866	 reward -16.332	 ms 228.7	 loss -0.016376	 11.8s
Ep 867	 reward -16.329	 ms 228.6	 loss -0.059070	 12.7s
Ep 868	 reward -16.286	 ms 228.0	 loss 0.058280	 12.2s
Ep 869	 reward -16.275	 ms 227.8	 loss -0.033333	 11.1s
Ep 870	 reward -16.246	 ms 227.4	 loss 0.004984	 11.3s
Ep 871	 reward -16.146	 ms 226.1	 loss -0.009018	 11.3s
Ep 872	 reward -16.229	 ms 227.2	 loss 0.000302	 10.6s
Ep 873	 reward -16.282	 ms 227.9	 loss -0.011655	 10.9s
Ep 874	 reward -16.239	 ms 227.3	 loss -0.020784	 11.1s
[vali @875] rel=0.9094 (best 0.9014)  LW=221.3
Ep 875	 reward -16.182	 ms 226.6	 loss -0.027525	 19.2s
Ep 876	 reward -16.196	 ms 226.8	 loss -0.030149	 11.0s
Ep 877	 reward -16.264	 ms 227.7	 loss -0.014709	 10.5s
Ep 878	 reward -16.282	 ms 227.9	 loss 0.055981	 11.3s
Ep 879	 reward -16.339	 ms 228.8	 loss 0.026892	 10.8s
Ep 880	 reward -16.211	 ms 226.9	 loss -0.011226	 11.5s
Ep 881	 reward -16.221	 ms 227.1	 loss 0.075003	 11.6s
Ep 882	 reward -16.146	 ms 226.1	 loss -0.076390	 11.6s
Ep 883	 reward -16.086	 ms 225.2	 loss -0.072600	 10.9s
Ep 884	 reward -16.125	 ms 225.8	 loss -0.098077	 12.2s
Ep 885	 reward -16.039	 ms 224.6	 loss -0.042185	 11.6s
Ep 886	 reward -16.261	 ms 227.7	 loss -0.024741	 11.6s
Ep 887	 reward -16.296	 ms 228.2	 loss -0.038893	 12.0s
Ep 888	 reward -16.132	 ms 225.8	 loss -0.034828	 11.6s
Ep 889	 reward -16.189	 ms 226.7	 loss -0.060467	 11.5s
Ep 890	 reward -16.129	 ms 225.8	 loss 0.041790	 11.9s
Ep 891	 reward -16.107	 ms 225.5	 loss -0.020656	 11.9s
Ep 892	 reward -16.157	 ms 226.2	 loss 0.029614	 11.8s
Ep 893	 reward -16.136	 ms 225.9	 loss -0.068002	 12.1s
Ep 894	 reward -16.146	 ms 226.1	 loss -0.026945	 11.2s
Ep 895	 reward -16.118	 ms 225.7	 loss -0.083659	 12.1s
Ep 896	 reward -16.157	 ms 226.2	 loss -0.041167	 10.5s
Ep 897	 reward -16.207	 ms 226.9	 loss -0.012402	 12.1s
Ep 898	 reward -16.132	 ms 225.8	 loss 0.017417	 10.8s
Ep 899	 reward -16.168	 ms 226.3	 loss 0.003303	 12.5s
[vali @900] rel=0.9111 (best 0.9014)  LW=221.8
Ep 900	 reward -16.125	 ms 225.8	 loss -0.060350	 18.2s
Ep 901	 reward -15.946	 ms 223.2	 loss 0.188005	 11.6s
Ep 902	 reward -16.025	 ms 224.3	 loss 0.263703	 11.3s
Ep 903	 reward -15.882	 ms 222.3	 loss 0.229048	 11.2s
Ep 904	 reward -15.957	 ms 223.4	 loss 0.238474	 11.4s
Ep 905	 reward -15.964	 ms 223.5	 loss 0.266409	 10.6s
Ep 906	 reward -15.979	 ms 223.7	 loss 0.160863	 10.7s
Ep 907	 reward -15.896	 ms 222.6	 loss 0.205498	 10.6s
Ep 908	 reward -15.996	 ms 223.9	 loss 0.216992	 10.1s
Ep 909	 reward -15.946	 ms 223.2	 loss 0.247714	 11.2s
Ep 910	 reward -16.007	 ms 224.1	 loss 0.080533	 11.4s
Ep 911	 reward -15.904	 ms 222.7	 loss 0.244473	 11.2s
Ep 912	 reward -16.050	 ms 224.7	 loss 0.247260	 11.4s
Ep 913	 reward -16.071	 ms 225.0	 loss 0.229850	 11.4s
Ep 914	 reward -15.907	 ms 222.7	 loss 0.210700	 12.4s
Ep 915	 reward -15.900	 ms 222.6	 loss 0.239121	 11.5s
Ep 916	 reward -15.982	 ms 223.8	 loss 0.243233	 11.8s
Ep 917	 reward -15.961	 ms 223.4	 loss 0.231149	 11.9s
Ep 918	 reward -15.893	 ms 222.5	 loss 0.139833	 11.5s
Ep 919	 reward -15.975	 ms 223.7	 loss 0.216704	 11.8s
Ep 920	 reward -15.957	 ms 223.4	 loss 0.229594	 11.9s
Ep 921	 reward -16.093	 ms 225.3	 loss 0.024023	 11.6s
Ep 922	 reward -16.007	 ms 224.1	 loss 0.072186	 11.2s
Ep 923	 reward -15.857	 ms 222.0	 loss 0.048506	 11.6s
Ep 924	 reward -16.139	 ms 225.9	 loss -0.024087	 12.8s
[vali @925] rel=0.9039 (best 0.9014)  LW=220.0
Ep 925	 reward -15.996	 ms 223.9	 loss 0.062222	 20.0s
Ep 926	 reward -16.075	 ms 225.1	 loss 0.042653	 11.0s
Ep 927	 reward -15.961	 ms 223.4	 loss 0.039003	 10.8s
Ep 928	 reward -15.911	 ms 222.8	 loss 0.095837	 10.4s
Ep 929	 reward -15.996	 ms 223.9	 loss 0.096319	 11.1s
Ep 930	 reward -15.921	 ms 222.9	 loss -0.038150	 10.9s
Ep 931	 reward -16.029	 ms 224.4	 loss 0.215384	 10.9s
Ep 932	 reward -16.004	 ms 224.1	 loss 0.062937	 11.1s
Ep 933	 reward -15.939	 ms 223.2	 loss 0.100698	 10.8s
Ep 934	 reward -15.943	 ms 223.2	 loss 0.133842	 10.2s
Ep 935	 reward -15.982	 ms 223.8	 loss -0.044607	 10.7s
Ep 936	 reward -15.929	 ms 223.0	 loss 0.004162	 9.7s
Ep 937	 reward -16.025	 ms 224.3	 loss -0.007901	 10.9s
Ep 938	 reward -15.943	 ms 223.2	 loss -0.044787	 11.7s
Ep 939	 reward -16.054	 ms 224.8	 loss 0.148427	 10.9s
Ep 940	 reward -15.932	 ms 223.1	 loss 0.069264	 11.4s
Ep 941	 reward -15.846	 ms 221.8	 loss 0.269251	 11.4s
Ep 942	 reward -15.875	 ms 222.2	 loss 0.176973	 11.1s
Ep 943	 reward -15.950	 ms 223.3	 loss 0.243460	 12.4s
Ep 944	 reward -15.932	 ms 223.1	 loss 0.217237	 11.1s
Ep 945	 reward -15.907	 ms 222.7	 loss 0.006655	 11.3s
Ep 946	 reward -15.850	 ms 221.9	 loss 0.207479	 11.6s
Ep 947	 reward -15.857	 ms 222.0	 loss 0.006366	 11.0s
Ep 948	 reward -15.989	 ms 223.8	 loss 0.231942	 10.9s
Ep 949	 reward -15.882	 ms 222.3	 loss -0.007512	 10.8s
[vali @950] rel=0.9092 (best 0.9014)  LW=221.3
Ep 950	 reward -15.936	 ms 223.1	 loss 0.255858	 18.2s
Ep 951	 reward -15.864	 ms 222.1	 loss 0.230750	 11.7s
Ep 952	 reward -15.861	 ms 222.1	 loss 0.142330	 11.1s
Ep 953	 reward -15.757	 ms 220.6	 loss 0.198002	 11.9s
Ep 954	 reward -15.896	 ms 222.6	 loss 0.160152	 11.1s
Ep 955	 reward -15.971	 ms 223.6	 loss 0.098824	 10.4s
Ep 956	 reward -15.839	 ms 221.8	 loss 0.223761	 11.3s
Ep 957	 reward -15.743	 ms 220.4	 loss -0.033314	 11.0s
Ep 958	 reward -15.968	 ms 223.6	 loss 0.182083	 10.4s
Ep 959	 reward -15.854	 ms 221.9	 loss 0.065194	 11.9s
Ep 960	 reward -15.929	 ms 223.0	 loss 0.218785	 11.5s
Ep 961	 reward -16.104	 ms 225.4	 loss -0.066461	 11.1s
Ep 962	 reward -16.193	 ms 226.7	 loss 0.066353	 11.2s
Ep 963	 reward -16.136	 ms 225.9	 loss -0.106522	 10.3s
Ep 964	 reward -16.139	 ms 225.9	 loss 0.130172	 9.7s
Ep 965	 reward -16.064	 ms 224.9	 loss -0.073393	 10.6s
Ep 966	 reward -16.171	 ms 226.4	 loss -0.120968	 9.9s
Ep 967	 reward -16.200	 ms 226.8	 loss -0.078857	 11.2s
Ep 968	 reward -16.171	 ms 226.4	 loss -0.113296	 11.1s
Ep 969	 reward -16.136	 ms 225.9	 loss 0.041155	 11.5s
Ep 970	 reward -16.107	 ms 225.5	 loss -0.133394	 12.0s
Ep 971	 reward -16.254	 ms 227.6	 loss 0.013982	 10.0s
Ep 972	 reward -16.100	 ms 225.4	 loss 0.107259	 10.2s
Ep 973	 reward -16.086	 ms 225.2	 loss -0.080464	 12.6s
Ep 974	 reward -16.200	 ms 226.8	 loss -0.109458	 9.9s
[vali @975] rel=0.9096 (best 0.9014)  LW=221.4
Ep 975	 reward -16.071	 ms 225.0	 loss -0.117017	 17.5s
Ep 976	 reward -16.104	 ms 225.4	 loss -0.133629	 10.7s
Ep 977	 reward -16.079	 ms 225.1	 loss -0.124002	 10.1s
Ep 978	 reward -16.075	 ms 225.1	 loss -0.088175	 10.6s
Ep 979	 reward -16.096	 ms 225.3	 loss -0.136927	 10.3s
Ep 980	 reward -16.039	 ms 224.6	 loss -0.080106	 10.3s
Ep 981	 reward -16.532	 ms 231.4	 loss 0.051287	 10.6s
Ep 982	 reward -16.489	 ms 230.8	 loss 0.302334	 9.8s
Ep 983	 reward -16.479	 ms 230.7	 loss 0.242158	 9.8s
Ep 984	 reward -16.468	 ms 230.6	 loss 0.063572	 11.1s
Ep 985	 reward -16.496	 ms 230.9	 loss 0.238944	 10.3s
Ep 986	 reward -16.382	 ms 229.3	 loss 0.247189	 9.7s
Ep 987	 reward -16.418	 ms 229.8	 loss 0.183578	 13.5s
Ep 988	 reward -16.386	 ms 229.4	 loss 0.107896	 10.5s
Ep 989	 reward -16.496	 ms 230.9	 loss 0.042338	 9.9s
Ep 990	 reward -16.475	 ms 230.7	 loss 0.057975	 10.2s
Ep 991	 reward -16.364	 ms 229.1	 loss 0.229677	 10.2s
Ep 992	 reward -16.404	 ms 229.7	 loss 0.011733	 9.0s
Ep 993	 reward -16.357	 ms 229.0	 loss 0.175315	 10.1s
Ep 994	 reward -16.386	 ms 229.4	 loss 0.185671	 9.9s
Ep 995	 reward -16.482	 ms 230.8	 loss 0.033552	 10.0s
Ep 996	 reward -16.271	 ms 227.8	 loss 0.173768	 11.5s
Ep 997	 reward -16.414	 ms 229.8	 loss 0.184613	 10.1s
Ep 998	 reward -16.379	 ms 229.3	 loss 0.173682	 10.2s
Ep 999	 reward -16.396	 ms 229.6	 loss 0.215814	 12.7s
[vali @1000] rel=0.9067 (best 0.9014)  LW=220.7
Ep 1000	 reward -16.300	 ms 228.2	 loss 0.132184	 15.2s
[train_family] done in 3.23 h; best rel=0.9014
