[vali] MWKR norms: S=240.4
[model] params total=32786  film=0 (0.00%)
[train_family] model=10x25+family+spec-S regimes=['S'] updates=1000
Ep 1	 reward -14.200	 ms 198.8	 loss 1.342374	 29.7s
Ep 2	 reward -14.393	 ms 201.5	 loss 1.111797	 26.1s
Ep 3	 reward -14.321	 ms 200.5	 loss 1.094819	 27.9s
Ep 4	 reward -14.193	 ms 198.7	 loss 1.105551	 25.2s
Ep 5	 reward -14.189	 ms 198.7	 loss 0.968937	 26.3s
Ep 6	 reward -14.129	 ms 197.8	 loss 1.064596	 26.0s
Ep 7	 reward -14.143	 ms 198.0	 loss 1.114551	 21.2s
Ep 8	 reward -14.164	 ms 198.3	 loss 0.904411	 23.4s
Ep 9	 reward -14.336	 ms 200.7	 loss 0.742032	 27.4s
Ep 10	 reward -14.139	 ms 197.9	 loss 0.717714	 26.0s
Ep 11	 reward -14.261	 ms 199.7	 loss 0.615795	 27.6s
Ep 12	 reward -14.264	 ms 199.7	 loss 0.507565	 26.0s
Ep 13	 reward -14.118	 ms 197.7	 loss 0.418479	 26.1s
Ep 14	 reward -14.114	 ms 197.6	 loss 0.352337	 26.4s
Ep 15	 reward -14.129	 ms 197.8	 loss 0.464598	 27.2s
Ep 16	 reward -14.111	 ms 197.6	 loss 0.313500	 24.5s
Ep 17	 reward -14.300	 ms 200.2	 loss 0.316853	 28.1s
Ep 18	 reward -14.193	 ms 198.7	 loss 0.273574	 24.3s
Ep 19	 reward -14.129	 ms 197.8	 loss 0.386466	 25.7s
Ep 20	 reward -14.232	 ms 199.2	 loss 0.291025	 26.0s
Ep 21	 reward -14.189	 ms 198.7	 loss 0.406558	 27.1s
Ep 22	 reward -14.343	 ms 200.8	 loss 0.282160	 26.1s
Ep 23	 reward -14.325	 ms 200.6	 loss 0.349289	 26.2s
Ep 24	 reward -14.246	 ms 199.4	 loss 0.312207	 26.5s
[vali @25] rel=0.8255 (best 0.8255)  S=198.4
Ep 25	 reward -14.250	 ms 199.5	 loss 0.339597	 48.9s
Ep 26	 reward -14.196	 ms 198.8	 loss 0.278836	 26.8s
Ep 27	 reward -14.232	 ms 199.2	 loss 0.317939	 23.4s
Ep 28	 reward -14.386	 ms 201.4	 loss 0.336998	 26.8s
Ep 29	 reward -14.361	 ms 201.1	 loss 0.251578	 22.8s
Ep 30	 reward -14.318	 ms 200.4	 loss 0.242775	 27.3s
Ep 31	 reward -14.361	 ms 201.1	 loss 0.285601	 27.3s
Ep 32	 reward -14.161	 ms 198.2	 loss 0.315020	 27.1s
Ep 33	 reward -14.339	 ms 200.8	 loss 0.249276	 26.0s
Ep 34	 reward -14.307	 ms 200.3	 loss 0.277289	 25.9s
Ep 35	 reward -14.436	 ms 202.1	 loss 0.260893	 24.3s
Ep 36	 reward -14.182	 ms 198.6	 loss 0.197929	 27.8s
Ep 37	 reward -14.346	 ms 200.8	 loss 0.217987	 27.2s
Ep 38	 reward -14.279	 ms 199.9	 loss 0.222245	 24.9s
Ep 39	 reward -14.186	 ms 198.6	 loss 0.275533	 25.7s
Ep 40	 reward -14.039	 ms 196.6	 loss 0.289240	 25.5s
Ep 41	 reward -14.493	 ms 202.9	 loss 0.322789	 23.8s
Ep 42	 reward -14.636	 ms 204.9	 loss 0.348432	 26.5s
Ep 43	 reward -14.614	 ms 204.6	 loss 0.304229	 26.0s
Ep 44	 reward -14.389	 ms 201.4	 loss 0.255694	 25.7s
Ep 45	 reward -14.454	 ms 202.3	 loss 0.330530	 27.2s
Ep 46	 reward -14.379	 ms 201.3	 loss 0.213541	 26.4s
Ep 47	 reward -14.332	 ms 200.7	 loss 0.236435	 26.8s
Ep 48	 reward -14.464	 ms 202.5	 loss 0.261081	 26.3s
Ep 49	 reward -14.393	 ms 201.5	 loss 0.176129	 27.6s
[vali @50] rel=0.8022 (best 0.8022)  S=192.8
Ep 50	 reward -14.350	 ms 200.9	 loss 0.333717	 49.4s
Ep 51	 reward -14.154	 ms 198.2	 loss 0.192116	 25.0s
Ep 52	 reward -14.246	 ms 199.4	 loss 0.193263	 26.5s
Ep 53	 reward -14.229	 ms 199.2	 loss 0.249808	 28.1s
Ep 54	 reward -14.125	 ms 197.8	 loss 0.145622	 27.4s
Ep 55	 reward -14.179	 ms 198.5	 loss 0.241463	 27.1s
Ep 56	 reward -14.250	 ms 199.5	 loss 0.186461	 27.3s
Ep 57	 reward -14.332	 ms 200.7	 loss 0.201108	 27.0s
Ep 58	 reward -14.489	 ms 202.8	 loss 0.250974	 26.4s
Ep 59	 reward -14.361	 ms 201.1	 loss 0.259299	 27.1s
Ep 60	 reward -14.482	 ms 202.8	 loss 0.265680	 24.5s
Ep 61	 reward -14.207	 ms 198.9	 loss 0.163059	 27.4s
Ep 62	 reward -14.161	 ms 198.2	 loss 0.168789	 26.8s
Ep 63	 reward -14.246	 ms 199.4	 loss 0.140127	 24.5s
Ep 64	 reward -14.218	 ms 199.1	 loss 0.231813	 25.9s
Ep 65	 reward -14.211	 ms 198.9	 loss 0.255207	 25.8s
Ep 66	 reward -14.193	 ms 198.7	 loss 0.110884	 26.5s
Ep 67	 reward -14.114	 ms 197.6	 loss 0.043799	 26.9s
Ep 68	 reward -14.075	 ms 197.1	 loss 0.195810	 27.9s
Ep 69	 reward -14.082	 ms 197.2	 loss 0.107376	 26.4s
Ep 70	 reward -14.104	 ms 197.4	 loss 0.172638	 27.1s
Ep 71	 reward -14.111	 ms 197.6	 loss 0.157121	 26.8s
Ep 72	 reward -14.089	 ms 197.2	 loss 0.135103	 25.3s
Ep 73	 reward -14.121	 ms 197.7	 loss 0.101182	 27.4s
Ep 74	 reward -14.004	 ms 196.1	 loss 0.135800	 25.8s
[vali @75] rel=0.8091 (best 0.8022)  S=194.5
Ep 75	 reward -13.979	 ms 195.7	 loss 0.165738	 49.6s
Ep 76	 reward -14.189	 ms 198.7	 loss 0.216911	 25.7s
Ep 77	 reward -14.004	 ms 196.1	 loss 0.169488	 28.7s
Ep 78	 reward -14.093	 ms 197.3	 loss 0.077264	 28.1s
Ep 79	 reward -14.150	 ms 198.1	 loss 0.079579	 26.6s
Ep 80	 reward -14.182	 ms 198.6	 loss 0.149563	 25.6s
Ep 81	 reward -14.129	 ms 197.8	 loss 0.343712	 27.5s
Ep 82	 reward -14.079	 ms 197.1	 loss 0.219932	 25.2s
Ep 83	 reward -14.189	 ms 198.7	 loss 0.192074	 25.7s
Ep 84	 reward -14.150	 ms 198.1	 loss 0.278333	 27.4s
Ep 85	 reward -14.129	 ms 197.8	 loss 0.156671	 25.0s
Ep 86	 reward -14.118	 ms 197.7	 loss 0.311014	 27.3s
Ep 87	 reward -14.021	 ms 196.3	 loss 0.136828	 26.5s
Ep 88	 reward -14.179	 ms 198.5	 loss 0.302161	 25.9s
Ep 89	 reward -14.014	 ms 196.2	 loss 0.315119	 25.6s
Ep 90	 reward -14.036	 ms 196.5	 loss 0.322753	 27.3s
Ep 91	 reward -14.018	 ms 196.2	 loss 0.215369	 26.5s
Ep 92	 reward -13.943	 ms 195.2	 loss 0.254896	 28.0s
Ep 93	 reward -14.064	 ms 196.9	 loss 0.207236	 26.5s
Ep 94	 reward -14.089	 ms 197.2	 loss 0.266241	 24.6s
Ep 95	 reward -14.121	 ms 197.7	 loss 0.078485	 27.0s
Ep 96	 reward -14.014	 ms 196.2	 loss 0.150897	 24.9s
Ep 97	 reward -13.982	 ms 195.8	 loss 0.252144	 24.7s
Ep 98	 reward -14.111	 ms 197.6	 loss 0.160822	 25.6s
Ep 99	 reward -14.043	 ms 196.6	 loss 0.220707	 26.5s
[vali @100] rel=0.8043 (best 0.8022)  S=193.3
Ep 100	 reward -14.146	 ms 198.1	 loss 0.221696	 51.4s
Ep 101	 reward -14.121	 ms 197.7	 loss 0.203626	 27.4s
Ep 102	 reward -13.996	 ms 195.9	 loss 0.322655	 26.9s
Ep 103	 reward -14.164	 ms 198.3	 loss 0.241012	 25.2s
Ep 104	 reward -14.193	 ms 198.7	 loss 0.295295	 25.1s
Ep 105	 reward -14.111	 ms 197.6	 loss 0.253163	 26.1s
Ep 106	 reward -14.046	 ms 196.7	 loss 0.162543	 27.0s
Ep 107	 reward -14.250	 ms 199.5	 loss 0.346949	 24.3s
Ep 108	 reward -14.111	 ms 197.6	 loss 0.175334	 26.7s
Ep 109	 reward -14.139	 ms 197.9	 loss 0.301163	 27.4s
Ep 110	 reward -14.150	 ms 198.1	 loss 0.214377	 27.8s
Ep 111	 reward -14.143	 ms 198.0	 loss 0.282212	 27.1s
Ep 112	 reward -14.089	 ms 197.2	 loss 0.318062	 25.7s
Ep 113	 reward -14.189	 ms 198.7	 loss 0.323659	 27.1s
Ep 114	 reward -14.214	 ms 199.0	 loss 0.169820	 27.4s
Ep 115	 reward -14.218	 ms 199.1	 loss 0.171125	 27.4s
Ep 116	 reward -14.132	 ms 197.8	 loss 0.225526	 25.1s
Ep 117	 reward -14.189	 ms 198.7	 loss 0.166823	 26.7s
Ep 118	 reward -14.068	 ms 196.9	 loss 0.257213	 24.6s
Ep 119	 reward -14.175	 ms 198.4	 loss 0.283707	 27.2s
Ep 120	 reward -14.175	 ms 198.4	 loss 0.276425	 27.4s
Ep 121	 reward -14.121	 ms 197.7	 loss 0.151848	 27.0s
Ep 122	 reward -14.304	 ms 200.2	 loss 0.290725	 26.3s
Ep 123	 reward -14.271	 ms 199.8	 loss 0.235204	 26.1s
Ep 124	 reward -14.268	 ms 199.8	 loss 0.303127	 26.2s
[vali @125] rel=0.8062 (best 0.8022)  S=193.8
Ep 125	 reward -14.275	 ms 199.8	 loss 0.194725	 50.6s
Ep 126	 reward -14.243	 ms 199.4	 loss 0.183589	 24.3s
Ep 127	 reward -14.064	 ms 196.9	 loss 0.125418	 27.9s
Ep 128	 reward -14.186	 ms 198.6	 loss 0.273134	 27.3s
Ep 129	 reward -14.257	 ms 199.6	 loss 0.159182	 24.1s
Ep 130	 reward -14.257	 ms 199.6	 loss 0.267298	 28.2s
Ep 131	 reward -14.275	 ms 199.8	 loss 0.135736	 27.2s
Ep 132	 reward -14.346	 ms 200.8	 loss 0.225920	 27.8s
Ep 133	 reward -14.264	 ms 199.7	 loss 0.164215	 26.6s
Ep 134	 reward -14.200	 ms 198.8	 loss 0.129269	 26.5s
Ep 135	 reward -14.143	 ms 198.0	 loss 0.173200	 28.7s
Ep 136	 reward -14.161	 ms 198.2	 loss 0.140513	 29.4s
Ep 137	 reward -14.418	 ms 201.8	 loss 0.160406	 27.4s
Ep 138	 reward -14.175	 ms 198.4	 loss 0.125299	 25.9s
Ep 139	 reward -14.311	 ms 200.3	 loss 0.239730	 28.1s
Ep 140	 reward -14.021	 ms 196.3	 loss 0.099350	 26.7s
Ep 141	 reward -14.021	 ms 196.3	 loss 0.201494	 27.9s
Ep 142	 reward -13.996	 ms 195.9	 loss 0.173939	 28.4s
Ep 143	 reward -13.957	 ms 195.4	 loss 0.252950	 29.6s
Ep 144	 reward -14.046	 ms 196.7	 loss 0.077916	 29.8s
Ep 145	 reward -14.039	 ms 196.6	 loss 0.271810	 28.7s
Ep 146	 reward -14.129	 ms 197.8	 loss 0.145888	 28.8s
Ep 147	 reward -13.896	 ms 194.6	 loss 0.185479	 27.6s
Ep 148	 reward -14.089	 ms 197.2	 loss 0.216987	 24.8s
Ep 149	 reward -14.107	 ms 197.5	 loss -0.003454	 29.1s
[vali @150] rel=0.8047 (best 0.8022)  S=193.4
Ep 150	 reward -13.957	 ms 195.4	 loss 0.083089	 57.9s
Ep 151	 reward -13.982	 ms 195.8	 loss 0.067910	 31.7s
Ep 152	 reward -13.950	 ms 195.3	 loss 0.270514	 28.9s
Ep 153	 reward -13.957	 ms 195.4	 loss 0.202285	 27.9s
Ep 154	 reward -14.007	 ms 196.1	 loss 0.034358	 28.4s
Ep 155	 reward -14.000	 ms 196.0	 loss 0.219787	 27.4s
Ep 156	 reward -14.025	 ms 196.3	 loss 0.091951	 27.5s
Ep 157	 reward -14.021	 ms 196.3	 loss 0.113418	 28.9s
Ep 158	 reward -14.046	 ms 196.7	 loss 0.095793	 28.1s
Ep 159	 reward -13.946	 ms 195.2	 loss 0.035313	 29.8s
Ep 160	 reward -14.064	 ms 196.9	 loss 0.191691	 24.9s
Ep 161	 reward -14.139	 ms 197.9	 loss 0.289218	 27.2s
Ep 162	 reward -14.061	 ms 196.8	 loss 0.286834	 27.2s
Ep 163	 reward -14.143	 ms 198.0	 loss 0.265059	 27.5s
Ep 164	 reward -14.071	 ms 197.0	 loss 0.242879	 27.5s
Ep 165	 reward -14.107	 ms 197.5	 loss 0.177599	 27.8s
Ep 166	 reward -14.036	 ms 196.5	 loss 0.272007	 28.3s
Ep 167	 reward -14.054	 ms 196.8	 loss 0.318960	 29.4s
Ep 168	 reward -13.986	 ms 195.8	 loss 0.194678	 28.9s
Ep 169	 reward -14.004	 ms 196.1	 loss 0.234179	 27.2s
Ep 170	 reward -14.039	 ms 196.6	 loss 0.257023	 26.5s
Ep 171	 reward -14.136	 ms 197.9	 loss 0.166735	 25.8s
Ep 172	 reward -14.086	 ms 197.2	 loss 0.272778	 29.4s
Ep 173	 reward -14.007	 ms 196.1	 loss 0.158246	 26.8s
Ep 174	 reward -13.971	 ms 195.6	 loss 0.163045	 26.4s
[vali @175] rel=0.8024 (best 0.8022)  S=192.9
Ep 175	 reward -14.046	 ms 196.7	 loss 0.226331	 55.5s
Ep 176	 reward -13.936	 ms 195.1	 loss 0.311016	 27.9s
Ep 177	 reward -14.032	 ms 196.4	 loss 0.333763	 28.8s
Ep 178	 reward -14.014	 ms 196.2	 loss 0.154070	 26.2s
Ep 179	 reward -13.989	 ms 195.8	 loss 0.153283	 28.2s
Ep 180	 reward -14.043	 ms 196.6	 loss 0.260439	 30.1s
Ep 181	 reward -13.886	 ms 194.4	 loss 0.242063	 28.1s
Ep 182	 reward -14.043	 ms 196.6	 loss 0.216549	 30.0s
Ep 183	 reward -13.939	 ms 195.2	 loss 0.142948	 29.3s
Ep 184	 reward -13.843	 ms 193.8	 loss 0.181027	 30.8s
Ep 185	 reward -13.868	 ms 194.2	 loss 0.230189	 30.1s
Ep 186	 reward -13.936	 ms 195.1	 loss 0.226746	 29.1s
Ep 187	 reward -14.025	 ms 196.3	 loss 0.203332	 30.4s
Ep 188	 reward -14.021	 ms 196.3	 loss 0.159578	 28.3s
Ep 189	 reward -13.986	 ms 195.8	 loss 0.191451	 26.0s
Ep 190	 reward -13.989	 ms 195.8	 loss 0.127741	 26.2s
Ep 191	 reward -14.139	 ms 197.9	 loss 0.294666	 27.8s
Ep 192	 reward -13.946	 ms 195.2	 loss 0.148397	 25.9s
Ep 193	 reward -13.914	 ms 194.8	 loss 0.244337	 27.4s
Ep 194	 reward -13.871	 ms 194.2	 loss 0.134051	 29.2s
Ep 195	 reward -13.911	 ms 194.8	 loss 0.168038	 28.3s
Ep 196	 reward -13.914	 ms 194.8	 loss 0.228617	 28.8s
Ep 197	 reward -13.993	 ms 195.9	 loss 0.239930	 28.4s
Ep 198	 reward -13.889	 ms 194.4	 loss 0.187880	 38.2s
Ep 199	 reward -13.950	 ms 195.3	 loss 0.204200	 31.1s
[vali @200] rel=0.8012 (best 0.8012)  S=192.6
Ep 200	 reward -13.921	 ms 194.9	 loss 0.199778	 77.8s
Ep 201	 reward -14.064	 ms 196.9	 loss 0.099572	 49.9s
Ep 202	 reward -14.189	 ms 198.7	 loss 0.227777	 49.3s
Ep 203	 reward -14.107	 ms 197.5	 loss 0.115235	 59.3s
Ep 204	 reward -14.143	 ms 198.0	 loss 0.099037	 47.8s
Ep 205	 reward -14.139	 ms 197.9	 loss 0.215501	 46.7s
Ep 206	 reward -14.143	 ms 198.0	 loss 0.169874	 41.3s
Ep 207	 reward -14.082	 ms 197.2	 loss 0.134536	 50.9s
Ep 208	 reward -14.025	 ms 196.3	 loss 0.124281	 50.9s
Ep 209	 reward -14.000	 ms 196.0	 loss 0.158885	 53.5s
Ep 210	 reward -14.157	 ms 198.2	 loss 0.277102	 48.8s
Ep 211	 reward -14.114	 ms 197.6	 loss 0.137400	 49.3s
Ep 212	 reward -13.993	 ms 195.9	 loss 0.117929	 44.6s
Ep 213	 reward -14.114	 ms 197.6	 loss 0.219596	 50.5s
Ep 214	 reward -14.096	 ms 197.3	 loss 0.110821	 49.0s
Ep 215	 reward -14.086	 ms 197.2	 loss 0.099063	 48.6s
Ep 216	 reward -14.068	 ms 196.9	 loss 0.242875	 50.3s
Ep 217	 reward -13.986	 ms 195.8	 loss 0.113920	 45.6s
Ep 218	 reward -14.186	 ms 198.6	 loss 0.146710	 41.9s
Ep 219	 reward -14.032	 ms 196.4	 loss 0.079209	 49.0s
Ep 220	 reward -14.186	 ms 198.6	 loss 0.175258	 52.7s
Ep 221	 reward -14.279	 ms 199.9	 loss 0.324384	 48.0s
Ep 222	 reward -14.182	 ms 198.6	 loss 0.271732	 48.8s
Ep 223	 reward -14.154	 ms 198.2	 loss 0.299366	 43.3s
Ep 224	 reward -14.386	 ms 201.4	 loss 0.273357	 47.8s
[vali @225] rel=0.8037 (best 0.8012)  S=193.2
Ep 225	 reward -14.232	 ms 199.2	 loss 0.333561	 93.8s
Ep 226	 reward -14.261	 ms 199.7	 loss 0.296140	 49.9s
Ep 227	 reward -14.289	 ms 200.1	 loss 0.143076	 46.7s
Ep 228	 reward -14.279	 ms 199.9	 loss 0.296919	 42.9s
Ep 229	 reward -14.304	 ms 200.2	 loss 0.305689	 41.2s
Ep 230	 reward -14.204	 ms 198.8	 loss 0.268644	 30.7s
Ep 231	 reward -14.311	 ms 200.3	 loss 0.251639	 44.5s
Ep 232	 reward -14.264	 ms 199.7	 loss 0.244991	 39.7s
Ep 233	 reward -14.311	 ms 200.3	 loss 0.249633	 40.7s
Ep 234	 reward -14.261	 ms 199.7	 loss 0.290812	 42.6s
Ep 235	 reward -14.304	 ms 200.2	 loss 0.285944	 36.6s
Ep 236	 reward -14.300	 ms 200.2	 loss 0.275055	 36.8s
Ep 237	 reward -14.318	 ms 200.4	 loss 0.091149	 38.6s
Ep 238	 reward -14.293	 ms 200.1	 loss 0.220532	 42.2s
Ep 239	 reward -14.275	 ms 199.8	 loss 0.343598	 43.7s
Ep 240	 reward -14.171	 ms 198.4	 loss 0.274979	 39.1s
Ep 241	 reward -13.918	 ms 194.8	 loss 0.231452	 41.8s
Ep 242	 reward -13.975	 ms 195.7	 loss 0.183755	 41.9s
Ep 243	 reward -14.007	 ms 196.1	 loss 0.170288	 39.8s
Ep 244	 reward -13.961	 ms 195.4	 loss 0.148877	 44.2s
Ep 245	 reward -13.946	 ms 195.2	 loss 0.041148	 34.9s
Ep 246	 reward -13.968	 ms 195.6	 loss 0.148599	 39.3s
Ep 247	 reward -13.914	 ms 194.8	 loss 0.120293	 36.2s
Ep 248	 reward -14.032	 ms 196.4	 loss 0.166285	 40.0s
Ep 249	 reward -14.004	 ms 196.1	 loss 0.153424	 43.0s
[vali @250] rel=0.8024 (best 0.8012)  S=192.9
Ep 250	 reward -13.907	 ms 194.7	 loss 0.158146	 81.6s
Ep 251	 reward -13.889	 ms 194.4	 loss 0.090394	 36.9s
Ep 252	 reward -13.946	 ms 195.2	 loss 0.114330	 39.8s
Ep 253	 reward -14.057	 ms 196.8	 loss 0.195244	 39.9s
Ep 254	 reward -13.954	 ms 195.3	 loss 0.123118	 44.1s
Ep 255	 reward -13.911	 ms 194.8	 loss 0.148293	 41.1s
Ep 256	 reward -13.961	 ms 195.4	 loss 0.135698	 35.7s
Ep 257	 reward -13.971	 ms 195.6	 loss 0.129179	 42.4s
Ep 258	 reward -13.986	 ms 195.8	 loss 0.209606	 43.2s
Ep 259	 reward -13.975	 ms 195.7	 loss 0.218939	 37.3s
Ep 260	 reward -13.946	 ms 195.2	 loss 0.096874	 41.7s
Ep 261	 reward -14.050	 ms 196.7	 loss 0.224191	 41.1s
Ep 262	 reward -14.000	 ms 196.0	 loss 0.228963	 40.8s
Ep 263	 reward -14.111	 ms 197.6	 loss 0.301385	 40.9s
Ep 264	 reward -14.086	 ms 197.2	 loss 0.155062	 36.3s
Ep 265	 reward -14.039	 ms 196.6	 loss 0.236058	 40.1s
Ep 266	 reward -14.089	 ms 197.2	 loss 0.247691	 39.9s
Ep 267	 reward -14.036	 ms 196.5	 loss 0.305624	 44.1s
Ep 268	 reward -14.057	 ms 196.8	 loss 0.271561	 37.0s
Ep 269	 reward -14.025	 ms 196.3	 loss 0.159875	 39.6s
Ep 270	 reward -13.954	 ms 195.3	 loss 0.254357	 32.1s
Ep 271	 reward -13.868	 ms 194.2	 loss 0.251389	 38.5s
Ep 272	 reward -14.014	 ms 196.2	 loss 0.291268	 38.5s
Ep 273	 reward -14.029	 ms 196.4	 loss 0.320752	 42.2s
Ep 274	 reward -13.964	 ms 195.5	 loss 0.208338	 39.9s
[vali @275] rel=0.8041 (best 0.8012)  S=193.3
Ep 275	 reward -14.032	 ms 196.4	 loss 0.315202	 78.7s
Ep 276	 reward -13.925	 ms 194.9	 loss 0.276120	 44.1s
Ep 277	 reward -13.900	 ms 194.6	 loss 0.272865	 34.8s
Ep 278	 reward -14.021	 ms 196.3	 loss 0.299711	 43.0s
Ep 279	 reward -14.039	 ms 196.6	 loss 0.269603	 38.7s
Ep 280	 reward -13.904	 ms 194.7	 loss 0.192250	 41.7s
Ep 281	 reward -13.986	 ms 195.8	 loss 0.193956	 36.2s
Ep 282	 reward -14.011	 ms 196.2	 loss 0.185973	 44.3s
Ep 283	 reward -14.014	 ms 196.2	 loss 0.163428	 44.7s
Ep 284	 reward -14.025	 ms 196.3	 loss 0.186298	 41.7s
Ep 285	 reward -13.857	 ms 194.0	 loss 0.200926	 37.6s
Ep 286	 reward -14.050	 ms 196.7	 loss 0.210796	 40.9s
Ep 287	 reward -14.036	 ms 196.5	 loss 0.239869	 44.5s
Ep 288	 reward -13.914	 ms 194.8	 loss 0.091116	 42.5s
Ep 289	 reward -13.875	 ms 194.2	 loss 0.063961	 36.1s
Ep 290	 reward -13.936	 ms 195.1	 loss 0.180736	 38.5s
Ep 291	 reward -13.989	 ms 195.8	 loss 0.165138	 40.5s
Ep 292	 reward -13.979	 ms 195.7	 loss 0.197993	 40.5s
Ep 293	 reward -13.925	 ms 194.9	 loss 0.132680	 47.3s
Ep 294	 reward -13.979	 ms 195.7	 loss 0.187399	 37.3s
Ep 295	 reward -13.946	 ms 195.2	 loss 0.209966	 41.1s
Ep 296	 reward -14.071	 ms 197.0	 loss 0.182846	 33.8s
Ep 297	 reward -13.954	 ms 195.3	 loss 0.181359	 40.0s
Ep 298	 reward -13.957	 ms 195.4	 loss 0.198946	 35.9s
Ep 299	 reward -14.011	 ms 196.2	 loss 0.171405	 34.3s
[vali @300] rel=0.8018 (best 0.8012)  S=192.8
Ep 300	 reward -14.007	 ms 196.1	 loss 0.152267	 78.4s
Ep 301	 reward -14.100	 ms 197.4	 loss -0.003661	 40.4s
Ep 302	 reward -14.114	 ms 197.6	 loss 0.148959	 40.4s
Ep 303	 reward -14.171	 ms 198.4	 loss 0.196943	 41.4s
Ep 304	 reward -14.018	 ms 196.2	 loss 0.029237	 43.5s
Ep 305	 reward -14.089	 ms 197.2	 loss -0.006377	 39.7s
Ep 306	 reward -14.139	 ms 197.9	 loss 0.242906	 46.0s
Ep 307	 reward -14.189	 ms 198.7	 loss 0.090681	 40.9s
Ep 308	 reward -14.146	 ms 198.1	 loss 0.027310	 42.1s
Ep 309	 reward -14.264	 ms 199.7	 loss 0.035663	 43.3s
Ep 310	 reward -14.089	 ms 197.2	 loss -0.009100	 42.9s
Ep 311	 reward -14.086	 ms 197.2	 loss 0.084291	 43.8s
Ep 312	 reward -14.107	 ms 197.5	 loss 0.173032	 41.3s
Ep 313	 reward -14.125	 ms 197.8	 loss 0.148839	 39.3s
Ep 314	 reward -14.079	 ms 197.1	 loss 0.048260	 43.3s
Ep 315	 reward -14.157	 ms 198.2	 loss 0.170157	 43.5s
Ep 316	 reward -14.193	 ms 198.7	 loss 0.153726	 40.4s
Ep 317	 reward -14.071	 ms 197.0	 loss -0.036304	 36.6s
Ep 318	 reward -14.104	 ms 197.4	 loss 0.089051	 45.4s
Ep 319	 reward -14.168	 ms 198.3	 loss 0.210549	 39.1s
Ep 320	 reward -14.071	 ms 197.0	 loss 0.087399	 40.1s
Ep 321	 reward -14.200	 ms 198.8	 loss 0.068476	 48.4s
Ep 322	 reward -14.218	 ms 199.1	 loss -0.005412	 43.2s
Ep 323	 reward -14.168	 ms 198.3	 loss 0.159303	 41.4s
Ep 324	 reward -14.189	 ms 198.7	 loss 0.152174	 40.7s
[vali @325] rel=0.8041 (best 0.8012)  S=193.3
Ep 325	 reward -14.232	 ms 199.2	 loss 0.136417	 80.8s
Ep 326	 reward -14.239	 ms 199.3	 loss 0.115310	 47.6s
Ep 327	 reward -14.121	 ms 197.7	 loss 0.049480	 43.1s
Ep 328	 reward -14.204	 ms 198.8	 loss 0.062210	 38.4s
Ep 329	 reward -14.261	 ms 199.7	 loss 0.027042	 42.4s
Ep 330	 reward -14.182	 ms 198.6	 loss 0.069875	 37.0s
Ep 331	 reward -14.250	 ms 199.5	 loss 0.005706	 41.6s
Ep 332	 reward -14.175	 ms 198.4	 loss 0.173728	 40.9s
Ep 333	 reward -14.186	 ms 198.6	 loss 0.109879	 41.5s
Ep 334	 reward -14.204	 ms 198.8	 loss 0.085722	 31.9s
Ep 335	 reward -14.243	 ms 199.4	 loss 0.100047	 38.8s
Ep 336	 reward -14.164	 ms 198.3	 loss 0.047170	 46.8s
Ep 337	 reward -14.189	 ms 198.7	 loss 0.060423	 45.0s
Ep 338	 reward -14.225	 ms 199.2	 loss 0.138200	 32.3s
Ep 339	 reward -14.189	 ms 198.7	 loss -0.032428	 36.9s
Ep 340	 reward -14.279	 ms 199.9	 loss 0.096917	 48.6s
Ep 341	 reward -13.857	 ms 194.0	 loss 0.163349	 39.2s
Ep 342	 reward -13.911	 ms 194.8	 loss 0.169000	 42.9s
Ep 343	 reward -13.843	 ms 193.8	 loss 0.161580	 39.9s
Ep 344	 reward -13.832	 ms 193.7	 loss 0.225428	 35.5s
Ep 345	 reward -13.868	 ms 194.2	 loss 0.123096	 35.2s
Ep 346	 reward -13.879	 ms 194.3	 loss 0.110339	 42.3s
Ep 347	 reward -14.032	 ms 196.4	 loss 0.195037	 46.3s
Ep 348	 reward -13.861	 ms 194.1	 loss 0.131735	 38.8s
Ep 349	 reward -13.954	 ms 195.3	 loss 0.123180	 40.1s
[vali @350] rel=0.8074 (best 0.8012)  S=194.1
Ep 350	 reward -13.843	 ms 193.8	 loss 0.052175	 78.3s
Ep 351	 reward -13.932	 ms 195.1	 loss 0.214372	 42.5s
Ep 352	 reward -13.957	 ms 195.4	 loss 0.141671	 42.5s
Ep 353	 reward -13.929	 ms 195.0	 loss 0.072076	 39.4s
Ep 354	 reward -13.939	 ms 195.2	 loss 0.152204	 42.3s
Ep 355	 reward -13.850	 ms 193.9	 loss 0.174407	 40.8s
Ep 356	 reward -13.904	 ms 194.7	 loss 0.197402	 42.5s
Ep 357	 reward -13.936	 ms 195.1	 loss 0.146159	 43.6s
Ep 358	 reward -13.868	 ms 194.2	 loss 0.188308	 36.9s
Ep 359	 reward -13.854	 ms 193.9	 loss 0.116750	 40.6s
Ep 360	 reward -13.914	 ms 194.8	 loss 0.125256	 36.8s
Ep 361	 reward -13.775	 ms 192.8	 loss 0.253199	 40.6s
Ep 362	 reward -13.704	 ms 191.8	 loss 0.226342	 39.7s
Ep 363	 reward -13.796	 ms 193.2	 loss 0.237729	 39.5s
Ep 364	 reward -13.654	 ms 191.2	 loss 0.174231	 41.4s
Ep 365	 reward -13.729	 ms 192.2	 loss 0.275450	 42.5s
Ep 366	 reward -13.739	 ms 192.3	 loss 0.150690	 37.1s
Ep 367	 reward -13.743	 ms 192.4	 loss 0.217807	 36.0s
Ep 368	 reward -13.739	 ms 192.3	 loss 0.250936	 42.2s
Ep 369	 reward -13.782	 ms 192.9	 loss 0.224113	 38.8s
Ep 370	 reward -13.821	 ms 193.5	 loss 0.256006	 38.9s
Ep 371	 reward -13.754	 ms 192.6	 loss 0.205631	 34.6s
Ep 372	 reward -13.836	 ms 193.7	 loss 0.179298	 41.0s
Ep 373	 reward -13.736	 ms 192.3	 loss 0.167946	 37.5s
Ep 374	 reward -13.761	 ms 192.7	 loss 0.150560	 40.1s
[vali @375] rel=0.8062 (best 0.8012)  S=193.8
Ep 375	 reward -13.718	 ms 192.1	 loss 0.198961	 63.0s
Ep 376	 reward -13.679	 ms 191.5	 loss 0.227154	 28.7s
Ep 377	 reward -13.671	 ms 191.4	 loss 0.138321	 34.2s
Ep 378	 reward -13.746	 ms 192.4	 loss 0.142266	 36.1s
Ep 379	 reward -13.754	 ms 192.6	 loss 0.244218	 39.1s
Ep 380	 reward -13.775	 ms 192.8	 loss 0.255187	 34.8s
Ep 381	 reward -14.211	 ms 198.9	 loss 0.215825	 30.8s
Ep 382	 reward -14.250	 ms 199.5	 loss 0.141346	 30.5s
Ep 383	 reward -14.146	 ms 198.1	 loss 0.299764	 40.0s
Ep 384	 reward -14.196	 ms 198.8	 loss 0.321731	 40.0s
Ep 385	 reward -14.179	 ms 198.5	 loss 0.277809	 33.2s
Ep 386	 reward -14.229	 ms 199.2	 loss 0.318788	 33.7s
Ep 387	 reward -14.218	 ms 199.1	 loss 0.216442	 32.7s
Ep 388	 reward -14.300	 ms 200.2	 loss 0.332106	 39.1s
Ep 389	 reward -14.175	 ms 198.4	 loss 0.254034	 35.9s
Ep 390	 reward -14.143	 ms 198.0	 loss 0.313625	 40.0s
Ep 391	 reward -14.407	 ms 201.7	 loss 0.348067	 34.1s
Ep 392	 reward -14.214	 ms 199.0	 loss 0.286663	 32.9s
Ep 393	 reward -14.200	 ms 198.8	 loss 0.245337	 35.5s
Ep 394	 reward -14.261	 ms 199.7	 loss 0.280800	 32.9s
Ep 395	 reward -14.193	 ms 198.7	 loss 0.241288	 36.0s
Ep 396	 reward -14.246	 ms 199.4	 loss 0.271494	 38.8s
Ep 397	 reward -14.307	 ms 200.3	 loss 0.398161	 34.3s
Ep 398	 reward -14.057	 ms 196.8	 loss 0.230677	 33.9s
Ep 399	 reward -14.300	 ms 200.2	 loss 0.299559	 32.6s
[vali @400] rel=0.8035 (best 0.8012)  S=193.2
Ep 400	 reward -14.296	 ms 200.2	 loss 0.316019	 72.1s
Ep 401	 reward -14.025	 ms 196.3	 loss 0.110722	 38.6s
Ep 402	 reward -13.886	 ms 194.4	 loss 0.242899	 40.0s
Ep 403	 reward -13.911	 ms 194.8	 loss 0.186530	 40.5s
Ep 404	 reward -13.971	 ms 195.6	 loss 0.226345	 33.5s
Ep 405	 reward -13.875	 ms 194.2	 loss 0.211088	 36.4s
Ep 406	 reward -13.929	 ms 195.0	 loss 0.226731	 44.8s
Ep 407	 reward -13.871	 ms 194.2	 loss 0.259658	 40.4s
Ep 408	 reward -13.950	 ms 195.3	 loss 0.170645	 37.6s
Ep 409	 reward -13.911	 ms 194.8	 loss 0.190134	 44.5s
Ep 410	 reward -13.864	 ms 194.1	 loss 0.086111	 44.2s
Ep 411	 reward -13.882	 ms 194.3	 loss 0.154902	 46.8s
Ep 412	 reward -13.946	 ms 195.2	 loss 0.184704	 42.5s
Ep 413	 reward -13.968	 ms 195.6	 loss 0.244889	 41.5s
Ep 414	 reward -13.946	 ms 195.2	 loss 0.164618	 36.6s
Ep 415	 reward -13.918	 ms 194.8	 loss 0.170471	 31.8s
Ep 416	 reward -13.854	 ms 193.9	 loss 0.266583	 34.0s
Ep 417	 reward -14.011	 ms 196.2	 loss 0.251527	 35.9s
Ep 418	 reward -13.896	 ms 194.6	 loss 0.134782	 34.0s
Ep 419	 reward -13.861	 ms 194.1	 loss 0.252473	 37.2s
Ep 420	 reward -13.893	 ms 194.5	 loss 0.171308	 28.7s
Ep 421	 reward -13.868	 ms 194.2	 loss 0.229618	 33.5s
Ep 422	 reward -13.843	 ms 193.8	 loss 0.144380	 29.7s
Ep 423	 reward -13.725	 ms 192.2	 loss 0.082048	 26.6s
Ep 424	 reward -13.671	 ms 191.4	 loss 0.035660	 32.6s
[vali @425] rel=0.7968 (best 0.7968)  S=191.6
Ep 425	 reward -13.861	 ms 194.1	 loss 0.069678	 58.2s
Ep 426	 reward -13.836	 ms 193.7	 loss 0.097881	 32.3s
Ep 427	 reward -13.725	 ms 192.2	 loss 0.092448	 32.5s
Ep 428	 reward -13.836	 ms 193.7	 loss 0.129920	 31.4s
Ep 429	 reward -13.782	 ms 192.9	 loss 0.107035	 30.6s
Ep 430	 reward -13.782	 ms 192.9	 loss 0.056477	 37.1s
Ep 431	 reward -13.804	 ms 193.2	 loss 0.248363	 37.8s
Ep 432	 reward -13.800	 ms 193.2	 loss 0.068811	 34.3s
Ep 433	 reward -13.907	 ms 194.7	 loss 0.156506	 34.6s
Ep 434	 reward -13.804	 ms 193.2	 loss 0.138144	 34.3s
Ep 435	 reward -13.857	 ms 194.0	 loss 0.147938	 36.4s
Ep 436	 reward -13.857	 ms 194.0	 loss 0.134994	 36.8s
Ep 437	 reward -13.946	 ms 195.2	 loss 0.069165	 35.8s
Ep 438	 reward -13.850	 ms 193.9	 loss 0.173916	 37.7s
Ep 439	 reward -13.836	 ms 193.7	 loss 0.081324	 33.7s
Ep 440	 reward -13.861	 ms 194.1	 loss 0.052722	 33.0s
Ep 441	 reward -14.139	 ms 197.9	 loss 0.222423	 29.7s
Ep 442	 reward -14.021	 ms 196.3	 loss 0.235771	 30.5s
Ep 443	 reward -13.925	 ms 194.9	 loss 0.130974	 30.6s
Ep 444	 reward -14.011	 ms 196.2	 loss 0.226812	 29.9s
Ep 445	 reward -14.032	 ms 196.4	 loss 0.162373	 33.1s
Ep 446	 reward -13.936	 ms 195.1	 loss 0.261596	 32.0s
Ep 447	 reward -13.975	 ms 195.7	 loss 0.056145	 40.0s
Ep 448	 reward -14.064	 ms 196.9	 loss 0.174395	 32.3s
Ep 449	 reward -14.107	 ms 197.5	 loss 0.299569	 32.2s
[vali @450] rel=0.7995 (best 0.7968)  S=192.2
Ep 450	 reward -14.039	 ms 196.6	 loss 0.157594	 65.3s
Ep 451	 reward -14.050	 ms 196.7	 loss 0.124901	 33.0s
Ep 452	 reward -14.086	 ms 197.2	 loss 0.105321	 34.2s
Ep 453	 reward -14.000	 ms 196.0	 loss 0.139803	 35.1s
Ep 454	 reward -14.114	 ms 197.6	 loss 0.137412	 32.8s
Ep 455	 reward -13.936	 ms 195.1	 loss 0.138531	 34.0s
Ep 456	 reward -13.929	 ms 195.0	 loss 0.276493	 35.5s
Ep 457	 reward -13.968	 ms 195.6	 loss 0.163775	 31.9s
Ep 458	 reward -14.025	 ms 196.3	 loss 0.163497	 33.5s
Ep 459	 reward -14.054	 ms 196.8	 loss 0.221665	 31.9s
Ep 460	 reward -14.086	 ms 197.2	 loss 0.223092	 33.7s
Ep 461	 reward -13.900	 ms 194.6	 loss 0.185398	 34.3s
Ep 462	 reward -13.886	 ms 194.4	 loss 0.282913	 39.0s
Ep 463	 reward -13.879	 ms 194.3	 loss 0.268480	 32.9s
Ep 464	 reward -13.854	 ms 193.9	 loss 0.222319	 35.8s
Ep 465	 reward -13.914	 ms 194.8	 loss 0.266170	 37.1s
Ep 466	 reward -13.743	 ms 192.4	 loss 0.321275	 38.9s
Ep 467	 reward -13.893	 ms 194.5	 loss 0.239247	 34.7s
Ep 468	 reward -13.800	 ms 193.2	 loss 0.265799	 35.1s
Ep 469	 reward -13.782	 ms 192.9	 loss 0.201660	 34.7s
Ep 470	 reward -13.957	 ms 195.4	 loss 0.176697	 39.7s
Ep 471	 reward -13.832	 ms 193.7	 loss 0.209650	 43.6s
Ep 472	 reward -13.943	 ms 195.2	 loss 0.251566	 39.8s
Ep 473	 reward -14.021	 ms 196.3	 loss 0.249850	 40.3s
Ep 474	 reward -13.939	 ms 195.2	 loss 0.168733	 35.2s
[vali @475] rel=0.8107 (best 0.7968)  S=194.9
Ep 475	 reward -14.004	 ms 196.1	 loss 0.287365	 63.0s
Ep 476	 reward -13.843	 ms 193.8	 loss 0.214086	 31.0s
Ep 477	 reward -14.007	 ms 196.1	 loss 0.281919	 31.0s
Ep 478	 reward -14.018	 ms 196.2	 loss 0.300744	 44.9s
Ep 479	 reward -14.000	 ms 196.0	 loss 0.214036	 37.3s
Ep 480	 reward -13.821	 ms 193.5	 loss 0.265111	 34.6s
Ep 481	 reward -13.814	 ms 193.4	 loss 0.151176	 39.5s
Ep 482	 reward -13.839	 ms 193.8	 loss 0.128620	 30.1s
Ep 483	 reward -13.879	 ms 194.3	 loss 0.124379	 32.7s
Ep 484	 reward -13.904	 ms 194.7	 loss 0.101503	 34.3s
Ep 485	 reward -13.886	 ms 194.4	 loss 0.078246	 33.3s
Ep 486	 reward -13.804	 ms 193.2	 loss 0.054377	 29.7s
Ep 487	 reward -13.725	 ms 192.2	 loss 0.033097	 39.1s
Ep 488	 reward -13.739	 ms 192.3	 loss 0.145390	 33.7s
Ep 489	 reward -13.832	 ms 193.7	 loss 0.056655	 35.7s
Ep 490	 reward -13.750	 ms 192.5	 loss 0.121300	 33.5s
Ep 491	 reward -13.793	 ms 193.1	 loss 0.119279	 31.7s
Ep 492	 reward -13.707	 ms 191.9	 loss 0.049932	 28.6s
Ep 493	 reward -13.800	 ms 193.2	 loss 0.199470	 38.5s
Ep 494	 reward -13.832	 ms 193.7	 loss 0.005652	 37.4s
Ep 495	 reward -13.796	 ms 193.2	 loss 0.215446	 30.5s
Ep 496	 reward -13.779	 ms 192.9	 loss 0.011835	 38.5s
Ep 497	 reward -13.736	 ms 192.3	 loss 0.057519	 27.8s
Ep 498	 reward -13.721	 ms 192.1	 loss 0.053888	 33.5s
Ep 499	 reward -13.764	 ms 192.7	 loss 0.163262	 35.7s
[vali @500] rel=0.8016 (best 0.7968)  S=192.7
Ep 500	 reward -13.750	 ms 192.5	 loss 0.133124	 63.7s
Ep 501	 reward -13.914	 ms 194.8	 loss 0.071179	 34.7s
Ep 502	 reward -13.932	 ms 195.1	 loss 0.185206	 32.1s
Ep 503	 reward -13.904	 ms 194.7	 loss 0.023794	 30.5s
Ep 504	 reward -13.871	 ms 194.2	 loss 0.080116	 31.2s
Ep 505	 reward -13.893	 ms 194.5	 loss 0.084375	 31.5s
Ep 506	 reward -13.946	 ms 195.2	 loss 0.121698	 34.8s
Ep 507	 reward -13.957	 ms 195.4	 loss 0.189507	 29.2s
Ep 508	 reward -14.068	 ms 196.9	 loss -0.021841	 27.5s
Ep 509	 reward -13.946	 ms 195.2	 loss 0.170963	 36.4s
Ep 510	 reward -14.018	 ms 196.2	 loss 0.167385	 34.2s
Ep 511	 reward -13.939	 ms 195.2	 loss 0.153816	 37.3s
Ep 512	 reward -13.989	 ms 195.8	 loss 0.085263	 36.4s
Ep 513	 reward -13.932	 ms 195.1	 loss 0.170326	 35.7s
Ep 514	 reward -13.836	 ms 193.7	 loss 0.097745	 40.6s
Ep 515	 reward -13.904	 ms 194.7	 loss 0.154790	 40.0s
Ep 516	 reward -13.950	 ms 195.3	 loss 0.153118	 35.9s
Ep 517	 reward -13.921	 ms 194.9	 loss 0.085356	 36.1s
Ep 518	 reward -13.971	 ms 195.6	 loss 0.077692	 42.3s
Ep 519	 reward -13.914	 ms 194.8	 loss 0.166200	 35.0s
Ep 520	 reward -14.029	 ms 196.4	 loss 0.069684	 32.7s
Ep 521	 reward -13.964	 ms 195.5	 loss 0.250546	 26.3s
Ep 522	 reward -13.864	 ms 194.1	 loss 0.170628	 32.4s
Ep 523	 reward -13.914	 ms 194.8	 loss 0.268618	 36.8s
Ep 524	 reward -13.961	 ms 195.4	 loss 0.195773	 25.1s
[vali @525] rel=0.8028 (best 0.7968)  S=193.0
Ep 525	 reward -14.007	 ms 196.1	 loss 0.259910	 59.8s
Ep 526	 reward -13.975	 ms 195.7	 loss 0.254246	 40.6s
Ep 527	 reward -14.018	 ms 196.2	 loss 0.291013	 36.0s
Ep 528	 reward -14.014	 ms 196.2	 loss 0.281584	 32.9s
Ep 529	 reward -13.900	 ms 194.6	 loss 0.134662	 24.9s
Ep 530	 reward -13.943	 ms 195.2	 loss 0.214170	 35.9s
Ep 531	 reward -13.982	 ms 195.8	 loss 0.185071	 38.6s
Ep 532	 reward -13.950	 ms 195.3	 loss 0.130343	 27.4s
Ep 533	 reward -13.829	 ms 193.6	 loss 0.200651	 32.8s
Ep 534	 reward -13.896	 ms 194.6	 loss 0.205854	 30.6s
Ep 535	 reward -13.907	 ms 194.7	 loss 0.085913	 35.5s
Ep 536	 reward -13.996	 ms 195.9	 loss 0.280656	 29.4s
Ep 537	 reward -13.889	 ms 194.4	 loss 0.268069	 31.2s
Ep 538	 reward -13.957	 ms 195.4	 loss 0.248430	 25.9s
Ep 539	 reward -13.857	 ms 194.0	 loss 0.157083	 35.8s
Ep 540	 reward -13.950	 ms 195.3	 loss 0.215808	 34.2s
Ep 541	 reward -14.079	 ms 197.1	 loss 0.159202	 34.0s
Ep 542	 reward -14.107	 ms 197.5	 loss 0.123254	 28.9s
Ep 543	 reward -13.982	 ms 195.8	 loss 0.082409	 39.3s
Ep 544	 reward -13.936	 ms 195.1	 loss 0.057538	 38.6s
Ep 545	 reward -13.961	 ms 195.4	 loss 0.039084	 42.3s
Ep 546	 reward -13.925	 ms 194.9	 loss 0.029871	 34.5s
Ep 547	 reward -14.021	 ms 196.3	 loss -0.032888	 35.9s
Ep 548	 reward -14.021	 ms 196.3	 loss 0.064416	 38.1s
Ep 549	 reward -13.911	 ms 194.8	 loss 0.021411	 33.2s
[vali @550] rel=0.8055 (best 0.7968)  S=193.7
Ep 550	 reward -13.936	 ms 195.1	 loss 0.081822	 68.6s
Ep 551	 reward -13.925	 ms 194.9	 loss 0.147457	 36.6s
Ep 552	 reward -13.993	 ms 195.9	 loss 0.062579	 26.3s
Ep 553	 reward -14.086	 ms 197.2	 loss 0.030076	 39.5s
Ep 554	 reward -13.989	 ms 195.8	 loss 0.019751	 33.5s
Ep 555	 reward -13.968	 ms 195.6	 loss 0.071584	 26.1s
Ep 556	 reward -14.021	 ms 196.3	 loss 0.083972	 34.3s
Ep 557	 reward -13.939	 ms 195.2	 loss 0.051310	 45.1s
Ep 558	 reward -13.939	 ms 195.2	 loss 0.028367	 33.1s
Ep 559	 reward -13.964	 ms 195.5	 loss 0.052539	 26.9s
Ep 560	 reward -13.918	 ms 194.8	 loss 0.061113	 38.9s
Ep 561	 reward -13.671	 ms 191.4	 loss 0.201640	 36.1s
Ep 562	 reward -13.693	 ms 191.7	 loss 0.282117	 32.0s
Ep 563	 reward -13.725	 ms 192.2	 loss 0.112323	 35.6s
Ep 564	 reward -13.789	 ms 193.1	 loss 0.256530	 28.2s
Ep 565	 reward -13.736	 ms 192.3	 loss 0.180932	 27.2s
Ep 566	 reward -13.743	 ms 192.4	 loss 0.139184	 30.2s
Ep 567	 reward -13.721	 ms 192.1	 loss 0.172214	 38.2s
Ep 568	 reward -13.671	 ms 191.4	 loss 0.222709	 30.0s
Ep 569	 reward -13.704	 ms 191.8	 loss 0.136290	 36.6s
Ep 570	 reward -13.714	 ms 192.0	 loss 0.214261	 37.9s
Ep 571	 reward -13.754	 ms 192.6	 loss 0.151162	 32.6s
Ep 572	 reward -13.832	 ms 193.7	 loss 0.209757	 31.7s
Ep 573	 reward -13.646	 ms 191.1	 loss 0.161928	 41.3s
Ep 574	 reward -13.704	 ms 191.8	 loss 0.181612	 27.5s
[vali @575] rel=0.8057 (best 0.7968)  S=193.7
Ep 575	 reward -13.925	 ms 194.9	 loss 0.121859	 59.3s
Ep 576	 reward -13.775	 ms 192.8	 loss 0.206378	 33.4s
Ep 577	 reward -13.807	 ms 193.3	 loss 0.209627	 40.7s
Ep 578	 reward -13.736	 ms 192.3	 loss 0.128802	 29.0s
Ep 579	 reward -13.721	 ms 192.1	 loss 0.114131	 38.2s
Ep 580	 reward -13.668	 ms 191.3	 loss 0.226554	 33.9s
Ep 581	 reward -13.921	 ms 194.9	 loss 0.108775	 31.0s
Ep 582	 reward -13.950	 ms 195.3	 loss 0.091747	 31.9s
Ep 583	 reward -13.979	 ms 195.7	 loss 0.201275	 34.4s
Ep 584	 reward -13.943	 ms 195.2	 loss 0.124797	 37.3s
Ep 585	 reward -13.982	 ms 195.8	 loss 0.066470	 29.8s
Ep 586	 reward -13.918	 ms 194.8	 loss 0.156405	 36.8s
Ep 587	 reward -13.950	 ms 195.3	 loss 0.268439	 29.3s
Ep 588	 reward -13.950	 ms 195.3	 loss 0.114124	 31.0s
Ep 589	 reward -13.918	 ms 194.8	 loss 0.216996	 36.9s
Ep 590	 reward -13.929	 ms 195.0	 loss 0.083365	 34.9s
Ep 591	 reward -13.939	 ms 195.2	 loss 0.242042	 36.6s
Ep 592	 reward -13.861	 ms 194.1	 loss -0.012131	 34.2s
Ep 593	 reward -13.954	 ms 195.3	 loss 0.109264	 36.7s
Ep 594	 reward -13.864	 ms 194.1	 loss 0.212879	 32.1s
Ep 595	 reward -13.793	 ms 193.1	 loss 0.249221	 33.2s
Ep 596	 reward -13.914	 ms 194.8	 loss 0.187967	 35.7s
Ep 597	 reward -13.932	 ms 195.1	 loss 0.186846	 41.0s
Ep 598	 reward -13.821	 ms 193.5	 loss 0.155076	 34.1s
Ep 599	 reward -13.879	 ms 194.3	 loss 0.031330	 33.8s
[vali @600] rel=0.8057 (best 0.7968)  S=193.7
Ep 600	 reward -13.889	 ms 194.4	 loss 0.192287	 71.4s
Ep 601	 reward -13.729	 ms 192.2	 loss 0.058006	 25.7s
Ep 602	 reward -13.779	 ms 192.9	 loss 0.024632	 32.3s
Ep 603	 reward -13.746	 ms 192.4	 loss 0.086793	 36.7s
Ep 604	 reward -13.793	 ms 193.1	 loss 0.017847	 36.7s
Ep 605	 reward -13.754	 ms 192.6	 loss -0.009201	 35.4s
Ep 606	 reward -13.786	 ms 193.0	 loss 0.036102	 36.1s
Ep 607	 reward -13.729	 ms 192.2	 loss 0.116795	 40.6s
Ep 608	 reward -13.796	 ms 193.2	 loss 0.092201	 32.7s
Ep 609	 reward -13.700	 ms 191.8	 loss -0.046427	 31.3s
Ep 610	 reward -13.775	 ms 192.8	 loss -0.004396	 32.7s
Ep 611	 reward -13.829	 ms 193.6	 loss 0.024028	 29.6s
Ep 612	 reward -13.829	 ms 193.6	 loss 0.051902	 41.8s
Ep 613	 reward -13.757	 ms 192.6	 loss -0.033600	 41.6s
Ep 614	 reward -13.711	 ms 191.9	 loss -0.003112	 32.3s
Ep 615	 reward -13.800	 ms 193.2	 loss 0.038424	 30.4s
Ep 616	 reward -13.854	 ms 193.9	 loss 0.077294	 33.2s
Ep 617	 reward -13.771	 ms 192.8	 loss -0.032440	 31.3s
Ep 618	 reward -13.725	 ms 192.2	 loss -0.024713	 35.6s
Ep 619	 reward -13.739	 ms 192.3	 loss 0.013173	 51.9s
Ep 620	 reward -13.864	 ms 194.1	 loss 0.007727	 40.0s
Ep 621	 reward -13.989	 ms 195.8	 loss 0.296378	 41.9s
Ep 622	 reward -14.036	 ms 196.5	 loss 0.245559	 30.2s
Ep 623	 reward -14.054	 ms 196.8	 loss 0.253128	 39.4s
Ep 624	 reward -14.096	 ms 197.3	 loss 0.142070	 34.6s
[vali @625] rel=0.8007 (best 0.7968)  S=192.5
Ep 625	 reward -14.007	 ms 196.1	 loss 0.196119	 72.9s
Ep 626	 reward -13.968	 ms 195.6	 loss 0.230320	 41.7s
Ep 627	 reward -14.025	 ms 196.3	 loss 0.238754	 40.5s
Ep 628	 reward -14.011	 ms 196.2	 loss 0.198009	 35.2s
Ep 629	 reward -13.993	 ms 195.9	 loss 0.193724	 40.3s
Ep 630	 reward -13.921	 ms 194.9	 loss 0.198409	 29.7s
Ep 631	 reward -13.986	 ms 195.8	 loss 0.188577	 35.6s
Ep 632	 reward -13.946	 ms 195.2	 loss 0.184723	 39.5s
Ep 633	 reward -13.996	 ms 195.9	 loss 0.209041	 37.9s
Ep 634	 reward -14.050	 ms 196.7	 loss 0.140630	 36.2s
Ep 635	 reward -14.029	 ms 196.4	 loss 0.244808	 47.6s
Ep 636	 reward -13.986	 ms 195.8	 loss 0.258785	 37.4s
Ep 637	 reward -14.018	 ms 196.2	 loss 0.221232	 34.6s
Ep 638	 reward -14.014	 ms 196.2	 loss 0.230077	 37.6s
Ep 639	 reward -13.961	 ms 195.4	 loss 0.207481	 24.2s
Ep 640	 reward -13.893	 ms 194.5	 loss 0.184765	 38.2s
Ep 641	 reward -14.125	 ms 197.8	 loss 0.117188	 34.2s
Ep 642	 reward -14.104	 ms 197.4	 loss 0.139904	 32.5s
Ep 643	 reward -14.157	 ms 198.2	 loss 0.139429	 40.7s
Ep 644	 reward -14.211	 ms 198.9	 loss 0.202400	 37.9s
Ep 645	 reward -14.111	 ms 197.6	 loss -0.011038	 37.6s
Ep 646	 reward -14.114	 ms 197.6	 loss 0.308047	 34.9s
Ep 647	 reward -14.054	 ms 196.8	 loss 0.061401	 42.5s
Ep 648	 reward -14.211	 ms 198.9	 loss 0.154046	 32.4s
Ep 649	 reward -14.146	 ms 198.1	 loss 0.252315	 35.8s
[vali @650] rel=0.7980 (best 0.7968)  S=191.8
Ep 650	 reward -14.071	 ms 197.0	 loss 0.152508	 73.5s
Ep 651	 reward -14.143	 ms 198.0	 loss 0.078848	 35.5s
Ep 652	 reward -14.089	 ms 197.2	 loss 0.015724	 31.0s
Ep 653	 reward -14.232	 ms 199.2	 loss 0.177711	 39.4s
Ep 654	 reward -14.132	 ms 197.8	 loss 0.155454	 43.4s
Ep 655	 reward -14.054	 ms 196.8	 loss 0.123426	 49.9s
Ep 656	 reward -14.071	 ms 197.0	 loss 0.104832	 35.1s
Ep 657	 reward -14.154	 ms 198.2	 loss 0.156070	 33.7s
Ep 658	 reward -14.221	 ms 199.1	 loss 0.153695	 32.8s
Ep 659	 reward -14.082	 ms 197.2	 loss 0.094033	 26.0s
Ep 660	 reward -14.146	 ms 198.1	 loss 0.119165	 33.2s
Ep 661	 reward -13.950	 ms 195.3	 loss 0.098632	 31.6s
Ep 662	 reward -14.050	 ms 196.7	 loss 0.044037	 34.6s
Ep 663	 reward -13.893	 ms 194.5	 loss 0.088546	 32.4s
Ep 664	 reward -13.932	 ms 195.1	 loss 0.020744	 38.0s
Ep 665	 reward -14.032	 ms 196.4	 loss 0.141930	 40.1s
Ep 666	 reward -13.946	 ms 195.2	 loss 0.190332	 42.6s
Ep 667	 reward -13.932	 ms 195.1	 loss 0.105466	 33.7s
Ep 668	 reward -14.011	 ms 196.2	 loss 0.113723	 35.3s
Ep 669	 reward -13.914	 ms 194.8	 loss 0.127977	 42.1s
Ep 670	 reward -13.929	 ms 195.0	 loss 0.125694	 37.2s
Ep 671	 reward -13.914	 ms 194.8	 loss 0.066858	 26.9s
Ep 672	 reward -13.925	 ms 194.9	 loss 0.056780	 35.6s
Ep 673	 reward -14.014	 ms 196.2	 loss 0.126267	 31.8s
Ep 674	 reward -13.975	 ms 195.7	 loss 0.137122	 38.8s
[vali @675] rel=0.8012 (best 0.7968)  S=192.6
Ep 675	 reward -13.907	 ms 194.7	 loss 0.112348	 66.8s
Ep 676	 reward -13.936	 ms 195.1	 loss 0.038463	 37.3s
Ep 677	 reward -13.993	 ms 195.9	 loss 0.080904	 37.6s
Ep 678	 reward -13.957	 ms 195.4	 loss 0.085520	 40.4s
Ep 679	 reward -14.018	 ms 196.2	 loss 0.138455	 38.0s
Ep 680	 reward -13.921	 ms 194.9	 loss 0.029833	 41.2s
Ep 681	 reward -13.989	 ms 195.8	 loss -0.018748	 38.7s
Ep 682	 reward -13.918	 ms 194.8	 loss -0.037282	 42.7s
Ep 683	 reward -13.996	 ms 195.9	 loss 0.048263	 35.1s
Ep 684	 reward -13.882	 ms 194.3	 loss -0.020175	 42.0s
Ep 685	 reward -13.968	 ms 195.6	 loss -0.006940	 39.8s
Ep 686	 reward -13.886	 ms 194.4	 loss -0.033115	 32.3s
Ep 687	 reward -13.921	 ms 194.9	 loss -0.049774	 35.1s
Ep 688	 reward -13.936	 ms 195.1	 loss -0.042430	 39.5s
Ep 689	 reward -13.964	 ms 195.5	 loss -0.035637	 40.7s
Ep 690	 reward -13.954	 ms 195.3	 loss -0.035121	 34.9s
Ep 691	 reward -13.986	 ms 195.8	 loss 0.040873	 37.5s
Ep 692	 reward -13.907	 ms 194.7	 loss 0.014458	 42.5s
Ep 693	 reward -14.121	 ms 197.7	 loss 0.054340	 43.6s
Ep 694	 reward -13.954	 ms 195.3	 loss -0.074865	 40.0s
Ep 695	 reward -13.893	 ms 194.5	 loss -0.078884	 36.9s
Ep 696	 reward -14.057	 ms 196.8	 loss -0.036329	 40.0s
Ep 697	 reward -13.957	 ms 195.4	 loss -0.040884	 44.6s
Ep 698	 reward -13.971	 ms 195.6	 loss -0.050571	 45.2s
Ep 699	 reward -14.057	 ms 196.8	 loss -0.072299	 40.2s
[vali @700] rel=0.8032 (best 0.7968)  S=193.1
Ep 700	 reward -13.904	 ms 194.7	 loss 0.009892	 71.1s
Ep 701	 reward -13.993	 ms 195.9	 loss 0.340075	 35.4s
Ep 702	 reward -13.964	 ms 195.5	 loss 0.115454	 36.9s
Ep 703	 reward -13.964	 ms 195.5	 loss 0.039733	 42.9s
Ep 704	 reward -13.943	 ms 195.2	 loss 0.060831	 39.8s
Ep 705	 reward -14.021	 ms 196.3	 loss 0.141718	 43.8s
Ep 706	 reward -14.025	 ms 196.3	 loss 0.052494	 39.7s
Ep 707	 reward -13.968	 ms 195.6	 loss 0.056748	 37.0s
Ep 708	 reward -13.946	 ms 195.2	 loss 0.051345	 37.3s
Ep 709	 reward -14.050	 ms 196.7	 loss 0.095979	 37.5s
Ep 710	 reward -14.032	 ms 196.4	 loss 0.114719	 40.1s
Ep 711	 reward -13.993	 ms 195.9	 loss 0.194422	 39.9s
Ep 712	 reward -14.018	 ms 196.2	 loss 0.115724	 39.0s
Ep 713	 reward -13.986	 ms 195.8	 loss -0.004349	 35.8s
Ep 714	 reward -13.982	 ms 195.8	 loss 0.223273	 38.2s
Ep 715	 reward -14.050	 ms 196.7	 loss 0.123989	 31.1s
Ep 716	 reward -14.171	 ms 198.4	 loss 0.202405	 36.5s
Ep 717	 reward -14.039	 ms 196.6	 loss 0.117598	 35.0s
Ep 718	 reward -13.971	 ms 195.6	 loss 0.236357	 39.6s
Ep 719	 reward -14.014	 ms 196.2	 loss 0.031199	 34.7s
Ep 720	 reward -14.018	 ms 196.2	 loss 0.137406	 42.1s
Ep 721	 reward -14.025	 ms 196.3	 loss -0.015573	 37.5s
Ep 722	 reward -14.079	 ms 197.1	 loss -0.015808	 33.4s
Ep 723	 reward -13.875	 ms 194.2	 loss 0.051731	 37.5s
Ep 724	 reward -13.993	 ms 195.9	 loss 0.028116	 35.5s
[vali @725] rel=0.8049 (best 0.7968)  S=193.5
Ep 725	 reward -13.946	 ms 195.2	 loss 0.061803	 62.1s
Ep 726	 reward -13.918	 ms 194.8	 loss 0.028514	 34.6s
Ep 727	 reward -13.989	 ms 195.8	 loss 0.073642	 41.7s
Ep 728	 reward -13.925	 ms 194.9	 loss 0.002211	 35.4s
Ep 729	 reward -13.961	 ms 195.4	 loss -0.052491	 37.2s
Ep 730	 reward -13.789	 ms 193.1	 loss -0.001140	 38.0s
Ep 731	 reward -13.911	 ms 194.8	 loss 0.026221	 38.3s
Ep 732	 reward -13.868	 ms 194.2	 loss -0.016572	 38.7s
Ep 733	 reward -13.821	 ms 193.5	 loss -0.024795	 39.2s
Ep 734	 reward -13.925	 ms 194.9	 loss -0.013195	 38.2s
Ep 735	 reward -13.871	 ms 194.2	 loss 0.033922	 33.1s
Ep 736	 reward -13.968	 ms 195.6	 loss 0.073108	 45.0s
Ep 737	 reward -13.918	 ms 194.8	 loss 0.039465	 33.8s
Ep 738	 reward -13.879	 ms 194.3	 loss -0.022063	 37.7s
Ep 739	 reward -13.939	 ms 195.2	 loss -0.021996	 38.6s
Ep 740	 reward -13.875	 ms 194.2	 loss -0.030548	 37.7s
Ep 741	 reward -13.607	 ms 190.5	 loss 0.154793	 39.4s
Ep 742	 reward -13.625	 ms 190.8	 loss 0.247280	 33.7s
Ep 743	 reward -13.664	 ms 191.3	 loss 0.165367	 34.4s
Ep 744	 reward -13.564	 ms 189.9	 loss 0.128916	 35.9s
Ep 745	 reward -13.639	 ms 190.9	 loss 0.000505	 34.6s
Ep 746	 reward -13.643	 ms 191.0	 loss 0.195936	 40.1s
Ep 747	 reward -13.643	 ms 191.0	 loss 0.200972	 35.2s
Ep 748	 reward -13.564	 ms 189.9	 loss 0.071515	 39.6s
Ep 749	 reward -13.596	 ms 190.3	 loss -0.061698	 36.6s
[vali @750] rel=0.8001 (best 0.7968)  S=192.3
Ep 750	 reward -13.593	 ms 190.3	 loss 0.189662	 70.2s
Ep 751	 reward -13.671	 ms 191.4	 loss 0.186062	 40.7s
Ep 752	 reward -13.625	 ms 190.8	 loss -0.061949	 39.5s
Ep 753	 reward -13.689	 ms 191.7	 loss 0.152993	 36.5s
Ep 754	 reward -13.746	 ms 192.4	 loss 0.036053	 37.1s
Ep 755	 reward -13.621	 ms 190.7	 loss 0.058422	 42.7s
Ep 756	 reward -13.739	 ms 192.3	 loss 0.243903	 38.4s
Ep 757	 reward -13.664	 ms 191.3	 loss 0.178993	 40.2s
Ep 758	 reward -13.775	 ms 192.8	 loss 0.100398	 34.0s
Ep 759	 reward -13.639	 ms 190.9	 loss 0.159397	 42.0s
Ep 760	 reward -13.632	 ms 190.8	 loss 0.181749	 36.1s
Ep 761	 reward -13.971	 ms 195.6	 loss 0.068373	 40.3s
Ep 762	 reward -13.868	 ms 194.2	 loss 0.037004	 35.1s
Ep 763	 reward -13.979	 ms 195.7	 loss 0.020778	 39.0s
Ep 764	 reward -13.971	 ms 195.6	 loss 0.071227	 45.5s
Ep 765	 reward -14.032	 ms 196.4	 loss -0.009071	 39.3s
Ep 766	 reward -13.854	 ms 193.9	 loss -0.010758	 29.5s
Ep 767	 reward -14.061	 ms 196.8	 loss -0.001402	 40.2s
Ep 768	 reward -13.982	 ms 195.8	 loss 0.047997	 36.1s
Ep 769	 reward -13.850	 ms 193.9	 loss 0.036326	 37.8s
Ep 770	 reward -13.882	 ms 194.3	 loss -0.030952	 41.3s
Ep 771	 reward -13.911	 ms 194.8	 loss -0.008003	 37.5s
Ep 772	 reward -13.996	 ms 195.9	 loss 0.065981	 35.9s
Ep 773	 reward -13.907	 ms 194.7	 loss -0.013179	 37.7s
Ep 774	 reward -13.921	 ms 194.9	 loss 0.022601	 33.2s
[vali @775] rel=0.8018 (best 0.7968)  S=192.8
Ep 775	 reward -14.018	 ms 196.2	 loss -0.007280	 71.5s
Ep 776	 reward -13.900	 ms 194.6	 loss 0.045224	 41.2s
Ep 777	 reward -13.982	 ms 195.8	 loss -0.001538	 37.7s
Ep 778	 reward -13.861	 ms 194.1	 loss 0.002753	 36.6s
Ep 779	 reward -13.811	 ms 193.3	 loss -0.006954	 35.3s
Ep 780	 reward -13.982	 ms 195.8	 loss 0.031544	 35.3s
Ep 781	 reward -13.743	 ms 192.4	 loss 0.065234	 35.6s
Ep 782	 reward -13.811	 ms 193.3	 loss 0.119273	 35.9s
Ep 783	 reward -13.957	 ms 195.4	 loss 0.095014	 42.9s
Ep 784	 reward -13.850	 ms 193.9	 loss 0.029433	 34.3s
Ep 785	 reward -13.904	 ms 194.7	 loss 0.228986	 36.8s
Ep 786	 reward -13.836	 ms 193.7	 loss 0.058208	 34.1s
Ep 787	 reward -13.911	 ms 194.8	 loss 0.180561	 41.3s
Ep 788	 reward -13.818	 ms 193.4	 loss 0.098789	 32.3s
Ep 789	 reward -13.775	 ms 192.8	 loss 0.102978	 40.2s
Ep 790	 reward -13.786	 ms 193.0	 loss 0.067467	 41.2s
Ep 791	 reward -13.871	 ms 194.2	 loss 0.185566	 36.3s
Ep 792	 reward -13.886	 ms 194.4	 loss 0.184125	 39.3s
Ep 793	 reward -13.936	 ms 195.1	 loss 0.073282	 34.3s
Ep 794	 reward -13.929	 ms 195.0	 loss 0.172277	 31.8s
Ep 795	 reward -13.850	 ms 193.9	 loss 0.235522	 32.7s
Ep 796	 reward -13.782	 ms 192.9	 loss 0.045532	 31.1s
Ep 797	 reward -13.829	 ms 193.6	 loss 0.058267	 31.4s
Ep 798	 reward -13.925	 ms 194.9	 loss 0.053011	 31.7s
Ep 799	 reward -13.875	 ms 194.2	 loss 0.062120	 30.2s
[vali @800] rel=0.8012 (best 0.7968)  S=192.6
Ep 800	 reward -13.939	 ms 195.2	 loss 0.187913	 55.3s
Ep 801	 reward -13.846	 ms 193.8	 loss 0.048578	 30.9s
Ep 802	 reward -13.879	 ms 194.3	 loss 0.142206	 31.3s
Ep 803	 reward -13.843	 ms 193.8	 loss 0.038786	 30.7s
Ep 804	 reward -13.796	 ms 193.2	 loss 0.198523	 32.8s
Ep 805	 reward -13.786	 ms 193.0	 loss 0.094550	 30.3s
Ep 806	 reward -13.836	 ms 193.7	 loss 0.095885	 32.0s
Ep 807	 reward -13.814	 ms 193.4	 loss 0.091395	 34.5s
Ep 808	 reward -13.821	 ms 193.5	 loss 0.030467	 31.7s
Ep 809	 reward -13.818	 ms 193.4	 loss 0.172453	 34.4s
Ep 810	 reward -13.775	 ms 192.8	 loss 0.000152	 32.9s
Ep 811	 reward -13.746	 ms 192.4	 loss 0.055129	 31.9s
Ep 812	 reward -13.800	 ms 193.2	 loss 0.006872	 35.8s
Ep 813	 reward -13.746	 ms 192.4	 loss 0.067409	 38.6s
Ep 814	 reward -13.746	 ms 192.4	 loss 0.112205	 41.3s
Ep 815	 reward -13.811	 ms 193.3	 loss 0.209091	 31.2s
Ep 816	 reward -13.789	 ms 193.1	 loss 0.016731	 38.1s
Ep 817	 reward -13.739	 ms 192.3	 loss 0.056786	 32.0s
Ep 818	 reward -13.786	 ms 193.0	 loss 0.095102	 30.5s
Ep 819	 reward -13.782	 ms 192.9	 loss 0.078442	 35.9s
Ep 820	 reward -13.786	 ms 193.0	 loss 0.188881	 35.0s
Ep 821	 reward -13.750	 ms 192.5	 loss 0.091606	 32.7s
Ep 822	 reward -13.736	 ms 192.3	 loss 0.114964	 32.4s
Ep 823	 reward -13.714	 ms 192.0	 loss 0.083089	 41.7s
Ep 824	 reward -13.861	 ms 194.1	 loss 0.069291	 36.0s
[vali @825] rel=0.8047 (best 0.7968)  S=193.4
Ep 825	 reward -13.732	 ms 192.2	 loss 0.114090	 61.8s
Ep 826	 reward -13.843	 ms 193.8	 loss 0.176089	 38.0s
Ep 827	 reward -13.857	 ms 194.0	 loss 0.187671	 34.9s
Ep 828	 reward -13.796	 ms 193.2	 loss 0.114978	 34.3s
Ep 829	 reward -13.721	 ms 192.1	 loss 0.107729	 33.9s
Ep 830	 reward -13.718	 ms 192.1	 loss 0.152364	 35.9s
Ep 831	 reward -13.807	 ms 193.3	 loss 0.158519	 33.6s
Ep 832	 reward -13.764	 ms 192.7	 loss 0.098483	 43.7s
Ep 833	 reward -13.682	 ms 191.6	 loss 0.084247	 28.5s
Ep 834	 reward -13.732	 ms 192.2	 loss 0.183518	 35.6s
Ep 835	 reward -13.746	 ms 192.4	 loss 0.169227	 35.9s
Ep 836	 reward -13.739	 ms 192.3	 loss 0.188200	 41.5s
Ep 837	 reward -13.743	 ms 192.4	 loss 0.173072	 37.5s
Ep 838	 reward -13.793	 ms 193.1	 loss -0.026088	 36.6s
Ep 839	 reward -13.818	 ms 193.4	 loss 0.212428	 39.9s
Ep 840	 reward -13.661	 ms 191.2	 loss 0.091022	 43.9s
Ep 841	 reward -13.861	 ms 194.1	 loss 0.288723	 33.7s
Ep 842	 reward -13.982	 ms 195.8	 loss 0.320433	 36.1s
Ep 843	 reward -13.943	 ms 195.2	 loss 0.171757	 41.8s
Ep 844	 reward -13.911	 ms 194.8	 loss 0.183298	 43.2s
Ep 845	 reward -13.871	 ms 194.2	 loss 0.188401	 34.4s
Ep 846	 reward -13.850	 ms 193.9	 loss 0.165723	 35.9s
Ep 847	 reward -13.793	 ms 193.1	 loss 0.174735	 31.1s
Ep 848	 reward -13.832	 ms 193.7	 loss 0.210698	 42.2s
Ep 849	 reward -13.807	 ms 193.3	 loss 0.270625	 38.8s
[vali @850] rel=0.8005 (best 0.7968)  S=192.4
Ep 850	 reward -13.932	 ms 195.1	 loss 0.243048	 67.0s
Ep 851	 reward -13.829	 ms 193.6	 loss 0.255483	 30.6s
Ep 852	 reward -13.796	 ms 193.2	 loss 0.154608	 29.8s
Ep 853	 reward -13.807	 ms 193.3	 loss 0.070640	 35.5s
Ep 854	 reward -13.779	 ms 192.9	 loss 0.201685	 41.0s
Ep 855	 reward -13.932	 ms 195.1	 loss 0.291530	 30.5s
Ep 856	 reward -13.814	 ms 193.4	 loss 0.217590	 38.2s
Ep 857	 reward -13.882	 ms 194.3	 loss 0.155355	 34.1s
Ep 858	 reward -13.886	 ms 194.4	 loss 0.235076	 31.2s
Ep 859	 reward -13.929	 ms 195.0	 loss 0.174501	 45.8s
Ep 860	 reward -13.982	 ms 195.8	 loss 0.229237	 31.6s
Ep 861	 reward -13.711	 ms 191.9	 loss 0.089064	 37.5s
Ep 862	 reward -13.643	 ms 191.0	 loss 0.185389	 36.0s
Ep 863	 reward -13.618	 ms 190.7	 loss -0.003962	 45.4s
Ep 864	 reward -13.668	 ms 191.3	 loss 0.003628	 35.6s
Ep 865	 reward -13.650	 ms 191.1	 loss 0.068111	 40.8s
Ep 866	 reward -13.668	 ms 191.3	 loss 0.011670	 36.6s
Ep 867	 reward -13.646	 ms 191.1	 loss -0.060271	 34.6s
Ep 868	 reward -13.654	 ms 191.2	 loss 0.073139	 32.1s
Ep 869	 reward -13.661	 ms 191.2	 loss 0.139003	 30.0s
Ep 870	 reward -13.746	 ms 192.4	 loss 0.122727	 36.9s
Ep 871	 reward -13.661	 ms 191.2	 loss -0.046772	 35.5s
Ep 872	 reward -13.661	 ms 191.2	 loss -0.017819	 38.4s
Ep 873	 reward -13.807	 ms 193.3	 loss 0.190262	 30.8s
Ep 874	 reward -13.757	 ms 192.6	 loss 0.093493	 32.4s
[vali @875] rel=0.8024 (best 0.7968)  S=192.9
Ep 875	 reward -13.721	 ms 192.1	 loss 0.067071	 68.2s
Ep 876	 reward -13.693	 ms 191.7	 loss 0.108373	 38.4s
Ep 877	 reward -13.761	 ms 192.7	 loss 0.028313	 38.3s
Ep 878	 reward -13.743	 ms 192.4	 loss 0.228996	 36.3s
Ep 879	 reward -13.704	 ms 191.8	 loss 0.239191	 35.4s
Ep 880	 reward -13.704	 ms 191.8	 loss 0.080704	 41.6s
Ep 881	 reward -13.936	 ms 195.1	 loss 0.009299	 35.6s
Ep 882	 reward -13.968	 ms 195.6	 loss -0.039438	 36.6s
Ep 883	 reward -13.979	 ms 195.7	 loss -0.042654	 40.9s
Ep 884	 reward -13.943	 ms 195.2	 loss -0.011082	 34.3s
Ep 885	 reward -14.021	 ms 196.3	 loss -0.002381	 35.4s
Ep 886	 reward -13.932	 ms 195.1	 loss 0.022152	 33.5s
Ep 887	 reward -13.964	 ms 195.5	 loss 0.157712	 40.2s
Ep 888	 reward -14.057	 ms 196.8	 loss -0.005604	 41.9s
Ep 889	 reward -13.989	 ms 195.8	 loss 0.053615	 29.8s
Ep 890	 reward -14.004	 ms 196.1	 loss 0.020607	 36.3s
Ep 891	 reward -14.014	 ms 196.2	 loss -0.042368	 37.7s
Ep 892	 reward -14.036	 ms 196.5	 loss 0.133765	 39.6s
Ep 893	 reward -14.032	 ms 196.4	 loss -0.044073	 41.8s
Ep 894	 reward -13.986	 ms 195.8	 loss -0.030306	 42.3s
Ep 895	 reward -14.018	 ms 196.2	 loss 0.093354	 38.1s
Ep 896	 reward -14.025	 ms 196.3	 loss 0.025893	 37.1s
Ep 897	 reward -14.000	 ms 196.0	 loss 0.064772	 38.1s
Ep 898	 reward -13.986	 ms 195.8	 loss 0.032123	 39.4s
Ep 899	 reward -14.036	 ms 196.5	 loss -0.040493	 29.9s
[vali @900] rel=0.8062 (best 0.7968)  S=193.8
Ep 900	 reward -14.021	 ms 196.3	 loss 0.097168	 66.0s
Ep 901	 reward -13.929	 ms 195.0	 loss 0.145398	 40.3s
Ep 902	 reward -13.918	 ms 194.8	 loss 0.116810	 43.0s
Ep 903	 reward -13.864	 ms 194.1	 loss 0.166002	 43.9s
Ep 904	 reward -13.875	 ms 194.2	 loss 0.015725	 36.5s
Ep 905	 reward -13.825	 ms 193.6	 loss -0.005056	 40.2s
Ep 906	 reward -13.904	 ms 194.7	 loss 0.080305	 36.6s
Ep 907	 reward -13.886	 ms 194.4	 loss -0.000781	 44.3s
Ep 908	 reward -13.929	 ms 195.0	 loss 0.080918	 47.3s
Ep 909	 reward -13.879	 ms 194.3	 loss 0.060717	 45.5s
Ep 910	 reward -13.925	 ms 194.9	 loss 0.145850	 46.6s
Ep 911	 reward -13.864	 ms 194.1	 loss -0.023413	 44.3s
Ep 912	 reward -13.918	 ms 194.8	 loss 0.054543	 30.3s
Ep 913	 reward -13.882	 ms 194.3	 loss -0.049052	 25.1s
Ep 914	 reward -13.943	 ms 195.2	 loss -0.028194	 29.9s
Ep 915	 reward -13.914	 ms 194.8	 loss 0.050944	 36.8s
Ep 916	 reward -13.989	 ms 195.8	 loss 0.125958	 43.2s
Ep 917	 reward -13.871	 ms 194.2	 loss 0.122850	 40.1s
Ep 918	 reward -13.854	 ms 193.9	 loss 0.054771	 32.0s
Ep 919	 reward -13.825	 ms 193.6	 loss -0.008399	 43.9s
Ep 920	 reward -13.946	 ms 195.2	 loss 0.021789	 38.3s
Ep 921	 reward -13.839	 ms 193.8	 loss 0.077276	 35.6s
Ep 922	 reward -13.782	 ms 192.9	 loss 0.013320	 40.1s
Ep 923	 reward -13.836	 ms 193.7	 loss 0.042768	 42.9s
Ep 924	 reward -13.818	 ms 193.4	 loss -0.048567	 28.3s
[vali @925] rel=0.8057 (best 0.7968)  S=193.7
Ep 925	 reward -13.864	 ms 194.1	 loss 0.059440	 59.3s
Ep 926	 reward -13.893	 ms 194.5	 loss -0.030821	 34.3s
Ep 927	 reward -13.875	 ms 194.2	 loss -0.041672	 40.5s
Ep 928	 reward -13.946	 ms 195.2	 loss -0.066860	 43.0s
Ep 929	 reward -13.743	 ms 192.4	 loss -0.008869	 32.9s
Ep 930	 reward -13.943	 ms 195.2	 loss 0.085006	 32.3s
Ep 931	 reward -13.886	 ms 194.4	 loss 0.065895	 40.4s
Ep 932	 reward -13.854	 ms 193.9	 loss 0.110601	 34.7s
Ep 933	 reward -13.896	 ms 194.6	 loss 0.008960	 40.4s
Ep 934	 reward -13.868	 ms 194.2	 loss -0.016569	 46.9s
Ep 935	 reward -13.854	 ms 193.9	 loss 0.022982	 42.4s
Ep 936	 reward -13.929	 ms 195.0	 loss 0.040998	 35.2s
Ep 937	 reward -13.807	 ms 193.3	 loss 0.040774	 31.2s
Ep 938	 reward -13.925	 ms 194.9	 loss -0.008470	 33.5s
Ep 939	 reward -13.796	 ms 193.2	 loss -0.024630	 37.9s
Ep 940	 reward -13.896	 ms 194.6	 loss 0.012803	 40.2s
Ep 941	 reward -13.979	 ms 195.7	 loss 0.152898	 42.1s
Ep 942	 reward -13.946	 ms 195.2	 loss 0.181351	 33.2s
Ep 943	 reward -14.089	 ms 197.2	 loss 0.192539	 37.0s
Ep 944	 reward -14.043	 ms 196.6	 loss 0.009463	 37.2s
Ep 945	 reward -13.843	 ms 193.8	 loss 0.137200	 37.5s
Ep 946	 reward -13.936	 ms 195.1	 loss 0.225418	 40.8s
Ep 947	 reward -13.943	 ms 195.2	 loss 0.149947	 34.5s
Ep 948	 reward -14.018	 ms 196.2	 loss 0.102111	 36.2s
Ep 949	 reward -14.000	 ms 196.0	 loss 0.024321	 38.9s
[vali @950] rel=0.8043 (best 0.7968)  S=193.3
Ep 950	 reward -13.950	 ms 195.3	 loss 0.209421	 72.4s
Ep 951	 reward -13.993	 ms 195.9	 loss 0.180332	 35.6s
Ep 952	 reward -13.964	 ms 195.5	 loss 0.103535	 42.0s
Ep 953	 reward -14.036	 ms 196.5	 loss 0.147983	 30.7s
Ep 954	 reward -13.871	 ms 194.2	 loss 0.130277	 36.8s
Ep 955	 reward -13.936	 ms 195.1	 loss 0.207242	 39.3s
Ep 956	 reward -13.871	 ms 194.2	 loss 0.092527	 27.5s
Ep 957	 reward -13.993	 ms 195.9	 loss 0.090103	 38.8s
Ep 958	 reward -13.875	 ms 194.2	 loss 0.073023	 40.7s
Ep 959	 reward -13.904	 ms 194.7	 loss 0.177175	 29.9s
Ep 960	 reward -13.921	 ms 194.9	 loss 0.176234	 39.7s
Ep 961	 reward -13.657	 ms 191.2	 loss 0.039259	 32.5s
Ep 962	 reward -13.896	 ms 194.6	 loss 0.129500	 37.5s
Ep 963	 reward -13.700	 ms 191.8	 loss 0.002751	 33.5s
Ep 964	 reward -13.832	 ms 193.7	 loss -0.009551	 32.1s
Ep 965	 reward -13.811	 ms 193.3	 loss 0.114560	 41.3s
Ep 966	 reward -13.779	 ms 192.9	 loss 0.108160	 35.8s
Ep 967	 reward -13.832	 ms 193.7	 loss 0.034315	 36.9s
Ep 968	 reward -13.832	 ms 193.7	 loss -0.053442	 30.3s
Ep 969	 reward -13.686	 ms 191.6	 loss -0.045435	 34.7s
Ep 970	 reward -13.768	 ms 192.8	 loss 0.034936	 33.8s
Ep 971	 reward -13.739	 ms 192.3	 loss 0.032390	 32.7s
Ep 972	 reward -13.725	 ms 192.2	 loss 0.018750	 34.8s
Ep 973	 reward -13.721	 ms 192.1	 loss 0.106150	 33.8s
Ep 974	 reward -13.771	 ms 192.8	 loss -0.002383	 42.3s
[vali @975] rel=0.8053 (best 0.7968)  S=193.6
Ep 975	 reward -13.582	 ms 190.2	 loss -0.074295	 76.2s
Ep 976	 reward -13.757	 ms 192.6	 loss 0.031463	 37.8s
Ep 977	 reward -13.768	 ms 192.8	 loss -0.032633	 34.9s
Ep 978	 reward -13.836	 ms 193.7	 loss -0.029019	 36.7s
Ep 979	 reward -13.825	 ms 193.6	 loss 0.072913	 30.2s
Ep 980	 reward -13.714	 ms 192.0	 loss -0.062244	 35.7s
Ep 981	 reward -14.057	 ms 196.8	 loss 0.322044	 32.6s
Ep 982	 reward -13.982	 ms 195.8	 loss 0.297446	 40.1s
Ep 983	 reward -14.136	 ms 197.9	 loss 0.259752	 33.1s
Ep 984	 reward -13.986	 ms 195.8	 loss 0.283209	 36.3s
Ep 985	 reward -14.096	 ms 197.3	 loss 0.254277	 30.3s
Ep 986	 reward -14.107	 ms 197.5	 loss 0.246081	 36.7s
Ep 987	 reward -14.061	 ms 196.8	 loss 0.210762	 41.5s
Ep 988	 reward -14.132	 ms 197.8	 loss 0.281733	 37.8s
Ep 989	 reward -14.100	 ms 197.4	 loss 0.298048	 35.5s
Ep 990	 reward -14.043	 ms 196.6	 loss 0.273420	 34.3s
Ep 991	 reward -14.096	 ms 197.3	 loss 0.284057	 39.9s
Ep 992	 reward -14.007	 ms 196.1	 loss 0.281381	 37.6s
Ep 993	 reward -14.154	 ms 198.2	 loss 0.253741	 44.5s
Ep 994	 reward -14.139	 ms 197.9	 loss 0.242674	 32.4s
Ep 995	 reward -14.093	 ms 197.3	 loss 0.312309	 39.4s
Ep 996	 reward -14.189	 ms 198.7	 loss 0.242951	 40.0s
Ep 997	 reward -14.007	 ms 196.1	 loss 0.194412	 35.6s
Ep 998	 reward -14.050	 ms 196.7	 loss 0.260873	 35.9s
Ep 999	 reward -14.032	 ms 196.4	 loss 0.243150	 34.6s
[vali @1000] rel=0.8068 (best 0.7968)  S=193.9
Ep 1000	 reward -14.000	 ms 196.0	 loss 0.279457	 67.2s
[train_family] done in 10.13 h; best rel=0.7968
