[vali] MWKR norms: LS=304.4
[model] params total=32786  film=0 (0.00%)
[train_family] model=10x25+family+spec-LS-s303 regimes=['LS'] updates=1000
Ep 1	 reward -20.143	 ms 282.0	 loss 0.465707	 11.5s
Ep 2	 reward -20.282	 ms 283.9	 loss 0.487098	 10.8s
Ep 3	 reward -20.250	 ms 283.5	 loss 0.762528	 10.7s
Ep 4	 reward -20.061	 ms 280.9	 loss 0.400926	 11.5s
Ep 5	 reward -20.150	 ms 282.1	 loss 0.401576	 11.7s
Ep 6	 reward -20.304	 ms 284.2	 loss 0.477103	 11.0s
Ep 7	 reward -20.150	 ms 282.1	 loss 0.379508	 10.1s
Ep 8	 reward -20.289	 ms 284.1	 loss 0.362942	 10.8s
Ep 9	 reward -20.446	 ms 286.2	 loss 0.441216	 10.9s
Ep 10	 reward -20.254	 ms 283.6	 loss 0.368747	 10.5s
Ep 11	 reward -20.300	 ms 284.2	 loss 0.359796	 10.3s
Ep 12	 reward -20.336	 ms 284.7	 loss 0.262687	 10.9s
Ep 13	 reward -20.511	 ms 287.1	 loss 0.385475	 9.7s
Ep 14	 reward -20.250	 ms 283.5	 loss 0.303796	 9.3s
Ep 15	 reward -20.471	 ms 286.6	 loss 0.310236	 10.8s
Ep 16	 reward -20.300	 ms 284.2	 loss 0.230113	 10.3s
Ep 17	 reward -20.296	 ms 284.1	 loss 0.303223	 10.6s
Ep 18	 reward -20.282	 ms 283.9	 loss 0.183478	 10.7s
Ep 19	 reward -20.318	 ms 284.4	 loss 0.280505	 11.7s
Ep 20	 reward -20.111	 ms 281.6	 loss 0.339218	 9.4s
Ep 21	 reward -20.271	 ms 283.8	 loss 0.432296	 9.7s
Ep 22	 reward -20.171	 ms 282.4	 loss 0.465802	 9.4s
Ep 23	 reward -20.286	 ms 284.0	 loss 0.505465	 9.7s
Ep 24	 reward -20.282	 ms 283.9	 loss 0.459670	 9.0s
[vali @25] rel=0.8858 (best 0.8858)  LS=269.6
Ep 25	 reward -20.354	 ms 284.9	 loss 0.376001	 17.4s
Ep 26	 reward -20.021	 ms 280.3	 loss 0.294043	 10.4s
Ep 27	 reward -20.093	 ms 281.3	 loss 0.343448	 10.3s
Ep 28	 reward -20.139	 ms 281.9	 loss 0.256837	 11.6s
Ep 29	 reward -20.136	 ms 281.9	 loss 0.251543	 10.9s
Ep 30	 reward -20.357	 ms 285.0	 loss 0.385725	 10.9s
Ep 31	 reward -20.154	 ms 282.1	 loss 0.246836	 10.4s
Ep 32	 reward -19.986	 ms 279.8	 loss 0.394315	 10.7s
Ep 33	 reward -20.079	 ms 281.1	 loss 0.419215	 11.3s
Ep 34	 reward -20.129	 ms 281.8	 loss 0.557175	 11.3s
Ep 35	 reward -20.136	 ms 281.9	 loss 0.226208	 11.4s
Ep 36	 reward -20.218	 ms 283.1	 loss 0.392413	 11.2s
Ep 37	 reward -20.282	 ms 283.9	 loss 0.227650	 11.1s
Ep 38	 reward -20.318	 ms 284.4	 loss 0.232393	 10.2s
Ep 39	 reward -20.211	 ms 282.9	 loss 0.308988	 11.4s
Ep 40	 reward -20.179	 ms 282.5	 loss 0.222991	 11.2s
Ep 41	 reward -19.764	 ms 276.7	 loss 0.225294	 10.8s
Ep 42	 reward -19.854	 ms 277.9	 loss 0.451930	 10.4s
Ep 43	 reward -19.675	 ms 275.4	 loss 0.210331	 11.2s
Ep 44	 reward -19.946	 ms 279.2	 loss 0.296475	 11.1s
Ep 45	 reward -19.729	 ms 276.2	 loss 0.170161	 10.8s
Ep 46	 reward -19.600	 ms 274.4	 loss 0.351655	 11.1s
Ep 47	 reward -19.636	 ms 274.9	 loss 0.219570	 10.6s
Ep 48	 reward -19.621	 ms 274.7	 loss 0.153794	 10.6s
Ep 49	 reward -19.621	 ms 274.7	 loss 0.117157	 10.7s
[vali @50] rel=0.8914 (best 0.8858)  LS=271.4
Ep 50	 reward -19.800	 ms 277.2	 loss 0.374882	 17.3s
Ep 51	 reward -19.782	 ms 276.9	 loss 0.194942	 10.7s
Ep 52	 reward -19.771	 ms 276.8	 loss 0.415610	 10.4s
Ep 53	 reward -19.629	 ms 274.8	 loss 0.416827	 10.9s
Ep 54	 reward -19.746	 ms 276.4	 loss 0.208733	 11.0s
Ep 55	 reward -19.975	 ms 279.6	 loss 0.197520	 11.1s
Ep 56	 reward -19.700	 ms 275.8	 loss 0.296229	 11.4s
Ep 57	 reward -19.589	 ms 274.2	 loss 0.266487	 10.8s
Ep 58	 reward -19.575	 ms 274.1	 loss 0.260692	 13.0s
Ep 59	 reward -19.607	 ms 274.5	 loss 0.111637	 11.8s
Ep 60	 reward -19.561	 ms 273.9	 loss 0.266394	 11.2s
Ep 61	 reward -20.061	 ms 280.9	 loss 0.329232	 11.2s
Ep 62	 reward -20.154	 ms 282.1	 loss 0.320934	 11.1s
Ep 63	 reward -20.007	 ms 280.1	 loss 0.359194	 10.8s
Ep 64	 reward -20.132	 ms 281.9	 loss 0.242961	 11.4s
Ep 65	 reward -20.125	 ms 281.8	 loss 0.399876	 11.4s
Ep 66	 reward -20.161	 ms 282.2	 loss 0.494562	 10.9s
Ep 67	 reward -20.057	 ms 280.8	 loss 0.375718	 11.4s
Ep 68	 reward -20.129	 ms 281.8	 loss 0.393963	 11.3s
Ep 69	 reward -20.004	 ms 280.1	 loss 0.402880	 11.4s
Ep 70	 reward -19.989	 ms 279.9	 loss 0.391152	 11.3s
Ep 71	 reward -20.125	 ms 281.8	 loss 0.407675	 10.9s
Ep 72	 reward -20.061	 ms 280.9	 loss 0.420639	 10.8s
Ep 73	 reward -20.054	 ms 280.8	 loss 0.274226	 11.5s
Ep 74	 reward -20.111	 ms 281.6	 loss 0.258656	 10.6s
[vali @75] rel=0.8873 (best 0.8858)  LS=270.1
Ep 75	 reward -20.079	 ms 281.1	 loss 0.282036	 18.9s
Ep 76	 reward -20.107	 ms 281.5	 loss 0.342438	 11.0s
Ep 77	 reward -20.161	 ms 282.2	 loss 0.284744	 11.1s
Ep 78	 reward -19.968	 ms 279.6	 loss 0.281610	 10.7s
Ep 79	 reward -20.064	 ms 280.9	 loss 0.445217	 10.7s
Ep 80	 reward -20.114	 ms 281.6	 loss 0.437081	 10.7s
Ep 81	 reward -19.957	 ms 279.4	 loss 0.611566	 11.5s
Ep 82	 reward -19.679	 ms 275.5	 loss 0.225130	 10.7s
Ep 83	 reward -19.629	 ms 274.8	 loss 0.344792	 11.2s
Ep 84	 reward -19.729	 ms 276.2	 loss 0.287662	 11.4s
Ep 85	 reward -19.889	 ms 278.4	 loss 0.302667	 12.1s
Ep 86	 reward -19.664	 ms 275.3	 loss 0.226034	 11.9s
Ep 87	 reward -19.679	 ms 275.5	 loss 0.185729	 11.2s
Ep 88	 reward -19.807	 ms 277.3	 loss 0.287296	 11.3s
Ep 89	 reward -19.732	 ms 276.2	 loss 0.307156	 12.4s
Ep 90	 reward -19.789	 ms 277.1	 loss 0.252213	 12.1s
Ep 91	 reward -19.893	 ms 278.5	 loss 0.405832	 13.0s
Ep 92	 reward -19.739	 ms 276.4	 loss 0.407593	 12.4s
Ep 93	 reward -19.704	 ms 275.9	 loss 0.219050	 13.3s
Ep 94	 reward -19.618	 ms 274.6	 loss 0.243808	 12.0s
Ep 95	 reward -19.646	 ms 275.1	 loss 0.176670	 11.1s
Ep 96	 reward -19.732	 ms 276.2	 loss 0.383265	 12.4s
Ep 97	 reward -19.768	 ms 276.8	 loss 0.121579	 12.2s
Ep 98	 reward -19.575	 ms 274.1	 loss 0.340911	 10.8s
Ep 99	 reward -19.607	 ms 274.5	 loss 0.320782	 13.2s
[vali @100] rel=0.8830 (best 0.8830)  LS=268.8
Ep 100	 reward -19.650	 ms 275.1	 loss 0.424379	 18.6s
Ep 101	 reward -19.525	 ms 273.4	 loss 0.194112	 11.4s
Ep 102	 reward -19.464	 ms 272.5	 loss 0.316232	 12.0s
Ep 103	 reward -19.561	 ms 273.9	 loss 0.232015	 11.5s
Ep 104	 reward -19.546	 ms 273.6	 loss 0.120890	 11.1s
Ep 105	 reward -19.779	 ms 276.9	 loss 0.219349	 11.1s
Ep 106	 reward -19.536	 ms 273.5	 loss 0.438056	 10.7s
Ep 107	 reward -19.650	 ms 275.1	 loss 0.226146	 11.0s
Ep 108	 reward -19.704	 ms 275.9	 loss 0.364960	 10.7s
Ep 109	 reward -19.604	 ms 274.4	 loss 0.138895	 10.4s
Ep 110	 reward -19.729	 ms 276.2	 loss 0.341863	 11.6s
Ep 111	 reward -19.575	 ms 274.1	 loss 0.103216	 11.2s
Ep 112	 reward -19.611	 ms 274.6	 loss 0.143600	 11.2s
Ep 113	 reward -19.532	 ms 273.4	 loss 0.141385	 11.5s
Ep 114	 reward -19.586	 ms 274.2	 loss 0.414719	 12.3s
Ep 115	 reward -19.500	 ms 273.0	 loss 0.163725	 11.3s
Ep 116	 reward -19.582	 ms 274.1	 loss 0.310899	 11.7s
Ep 117	 reward -19.689	 ms 275.6	 loss 0.164402	 11.9s
Ep 118	 reward -19.650	 ms 275.1	 loss 0.120603	 11.5s
Ep 119	 reward -19.707	 ms 275.9	 loss 0.251583	 12.8s
Ep 120	 reward -19.625	 ms 274.8	 loss 0.194957	 12.7s
Ep 121	 reward -19.600	 ms 274.4	 loss 0.280626	 13.0s
Ep 122	 reward -19.714	 ms 276.0	 loss 0.136500	 12.0s
Ep 123	 reward -19.661	 ms 275.2	 loss 0.168275	 11.9s
Ep 124	 reward -19.579	 ms 274.1	 loss 0.132934	 11.1s
[vali @125] rel=0.8952 (best 0.8830)  LS=272.5
Ep 125	 reward -19.482	 ms 272.8	 loss 0.126594	 20.1s
Ep 126	 reward -19.668	 ms 275.4	 loss 0.247523	 12.5s
Ep 127	 reward -19.682	 ms 275.6	 loss 0.092884	 11.6s
Ep 128	 reward -19.661	 ms 275.2	 loss 0.222549	 12.6s
Ep 129	 reward -19.539	 ms 273.6	 loss 0.136726	 12.3s
Ep 130	 reward -19.586	 ms 274.2	 loss 0.270050	 11.7s
Ep 131	 reward -19.596	 ms 274.4	 loss 0.141155	 12.1s
Ep 132	 reward -19.504	 ms 273.1	 loss 0.133330	 11.9s
Ep 133	 reward -19.664	 ms 275.3	 loss 0.217603	 11.8s
Ep 134	 reward -19.596	 ms 274.4	 loss 0.091775	 11.4s
Ep 135	 reward -19.529	 ms 273.4	 loss 0.280815	 12.4s
Ep 136	 reward -19.593	 ms 274.3	 loss 0.246937	 11.6s
Ep 137	 reward -19.579	 ms 274.1	 loss 0.228352	 11.7s
Ep 138	 reward -19.504	 ms 273.1	 loss 0.104657	 11.5s
Ep 139	 reward -19.500	 ms 273.0	 loss 0.293310	 11.5s
Ep 140	 reward -19.561	 ms 273.9	 loss 0.362069	 11.2s
Ep 141	 reward -19.693	 ms 275.7	 loss 0.196229	 12.1s
Ep 142	 reward -19.721	 ms 276.1	 loss 0.214666	 11.2s
Ep 143	 reward -19.618	 ms 274.6	 loss 0.205828	 11.2s
Ep 144	 reward -19.539	 ms 273.6	 loss 0.221883	 11.1s
Ep 145	 reward -19.654	 ms 275.1	 loss 0.210753	 11.4s
Ep 146	 reward -19.789	 ms 277.1	 loss 0.183348	 11.0s
Ep 147	 reward -19.579	 ms 274.1	 loss 0.171892	 10.9s
Ep 148	 reward -19.807	 ms 277.3	 loss 0.261718	 10.8s
Ep 149	 reward -19.771	 ms 276.8	 loss 0.200390	 11.2s
[vali @150] rel=0.8830 (best 0.8830)  LS=268.8
Ep 150	 reward -19.654	 ms 275.1	 loss 0.247710	 17.2s
Ep 151	 reward -19.911	 ms 278.8	 loss 0.250379	 11.0s
Ep 152	 reward -19.761	 ms 276.6	 loss 0.189994	 10.9s
Ep 153	 reward -19.761	 ms 276.6	 loss 0.216264	 11.5s
Ep 154	 reward -19.550	 ms 273.7	 loss 0.240416	 11.0s
Ep 155	 reward -19.714	 ms 276.0	 loss 0.203165	 10.9s
Ep 156	 reward -19.707	 ms 275.9	 loss 0.219577	 10.9s
Ep 157	 reward -19.739	 ms 276.4	 loss 0.211508	 11.1s
Ep 158	 reward -19.671	 ms 275.4	 loss 0.211432	 11.2s
Ep 159	 reward -19.696	 ms 275.8	 loss 0.214684	 11.1s
Ep 160	 reward -19.750	 ms 276.5	 loss 0.193102	 10.9s
Ep 161	 reward -19.686	 ms 275.6	 loss 0.175851	 10.5s
Ep 162	 reward -19.646	 ms 275.1	 loss 0.222832	 10.7s
Ep 163	 reward -19.729	 ms 276.2	 loss 0.263668	 10.8s
Ep 164	 reward -19.750	 ms 276.5	 loss 0.181573	 11.1s
Ep 165	 reward -19.875	 ms 278.2	 loss 0.165654	 11.5s
Ep 166	 reward -19.729	 ms 276.2	 loss 0.141588	 11.3s
Ep 167	 reward -19.700	 ms 275.8	 loss 0.129563	 12.6s
Ep 168	 reward -19.696	 ms 275.8	 loss 0.207195	 11.2s
Ep 169	 reward -19.725	 ms 276.1	 loss 0.064808	 11.6s
Ep 170	 reward -19.629	 ms 274.8	 loss 0.098113	 11.3s
Ep 171	 reward -19.707	 ms 275.9	 loss 0.276034	 11.9s
Ep 172	 reward -19.743	 ms 276.4	 loss 0.131438	 11.5s
Ep 173	 reward -19.686	 ms 275.6	 loss 0.056186	 12.0s
Ep 174	 reward -19.700	 ms 275.8	 loss 0.306426	 12.3s
[vali @175] rel=0.8898 (best 0.8830)  LS=270.9
Ep 175	 reward -19.621	 ms 274.7	 loss 0.100799	 20.4s
Ep 176	 reward -19.686	 ms 275.6	 loss 0.157818	 11.6s
Ep 177	 reward -19.714	 ms 276.0	 loss 0.113189	 12.1s
Ep 178	 reward -19.718	 ms 276.1	 loss 0.183233	 12.1s
Ep 179	 reward -19.696	 ms 275.8	 loss 0.218363	 12.1s
Ep 180	 reward -19.707	 ms 275.9	 loss 0.235701	 12.2s
Ep 181	 reward -19.646	 ms 275.1	 loss 0.181551	 11.8s
Ep 182	 reward -19.621	 ms 274.7	 loss 0.231309	 12.3s
Ep 183	 reward -19.668	 ms 275.4	 loss 0.302190	 11.5s
Ep 184	 reward -19.611	 ms 274.6	 loss 0.269914	 12.8s
Ep 185	 reward -19.736	 ms 276.3	 loss 0.322049	 10.9s
Ep 186	 reward -19.700	 ms 275.8	 loss 0.329882	 10.8s
Ep 187	 reward -19.736	 ms 276.3	 loss 0.346084	 11.0s
Ep 188	 reward -19.789	 ms 277.1	 loss 0.404213	 11.1s
Ep 189	 reward -19.661	 ms 275.2	 loss 0.308378	 10.9s
Ep 190	 reward -19.639	 ms 274.9	 loss 0.327975	 10.3s
Ep 191	 reward -19.736	 ms 276.3	 loss 0.311228	 10.8s
Ep 192	 reward -19.579	 ms 274.1	 loss 0.330620	 10.8s
Ep 193	 reward -19.568	 ms 273.9	 loss 0.233516	 10.5s
Ep 194	 reward -19.557	 ms 273.8	 loss 0.317305	 10.5s
Ep 195	 reward -19.568	 ms 273.9	 loss 0.319819	 11.2s
Ep 196	 reward -19.564	 ms 273.9	 loss 0.342451	 11.0s
Ep 197	 reward -19.614	 ms 274.6	 loss 0.399816	 10.7s
Ep 198	 reward -19.643	 ms 275.0	 loss 0.144554	 10.5s
Ep 199	 reward -19.557	 ms 273.8	 loss 0.199985	 10.8s
[vali @200] rel=0.8899 (best 0.8830)  LS=270.9
Ep 200	 reward -19.643	 ms 275.0	 loss 0.342871	 16.5s
Ep 201	 reward -19.761	 ms 276.6	 loss 0.291562	 11.4s
Ep 202	 reward -19.718	 ms 276.1	 loss 0.192793	 11.0s
Ep 203	 reward -19.732	 ms 276.2	 loss 0.222434	 11.2s
Ep 204	 reward -19.693	 ms 275.7	 loss 0.261759	 11.0s
Ep 205	 reward -19.743	 ms 276.4	 loss 0.206400	 10.8s
Ep 206	 reward -19.836	 ms 277.7	 loss 0.163336	 11.2s
Ep 207	 reward -19.654	 ms 275.1	 loss 0.320390	 11.3s
Ep 208	 reward -19.861	 ms 278.1	 loss 0.387214	 12.6s
Ep 209	 reward -19.707	 ms 275.9	 loss 0.225652	 11.6s
Ep 210	 reward -19.671	 ms 275.4	 loss 0.218887	 12.5s
Ep 211	 reward -19.711	 ms 275.9	 loss 0.189001	 11.3s
Ep 212	 reward -19.686	 ms 275.6	 loss 0.213408	 12.0s
Ep 213	 reward -19.671	 ms 275.4	 loss 0.204203	 12.0s
Ep 214	 reward -19.664	 ms 275.3	 loss 0.250705	 11.9s
Ep 215	 reward -19.711	 ms 275.9	 loss 0.289459	 12.6s
Ep 216	 reward -19.743	 ms 276.4	 loss 0.276193	 12.3s
Ep 217	 reward -19.629	 ms 274.8	 loss 0.273716	 11.5s
Ep 218	 reward -19.757	 ms 276.6	 loss 0.249360	 13.5s
Ep 219	 reward -19.846	 ms 277.9	 loss 0.140565	 11.8s
Ep 220	 reward -19.657	 ms 275.2	 loss 0.119210	 12.3s
Ep 221	 reward -19.375	 ms 271.2	 loss 0.421782	 11.6s
Ep 222	 reward -19.382	 ms 271.4	 loss 0.437652	 11.6s
Ep 223	 reward -19.268	 ms 269.8	 loss 0.312670	 12.1s
Ep 224	 reward -19.264	 ms 269.7	 loss 0.298911	 11.5s
[vali @225] rel=0.8899 (best 0.8830)  LS=270.9
Ep 225	 reward -19.436	 ms 272.1	 loss 0.312474	 18.2s
Ep 226	 reward -19.350	 ms 270.9	 loss 0.291693	 11.9s
Ep 227	 reward -19.300	 ms 270.2	 loss 0.315102	 10.9s
Ep 228	 reward -19.407	 ms 271.7	 loss 0.142011	 11.0s
Ep 229	 reward -19.354	 ms 270.9	 loss 0.317940	 11.1s
Ep 230	 reward -19.407	 ms 271.7	 loss 0.288305	 10.8s
Ep 231	 reward -19.343	 ms 270.8	 loss 0.186721	 10.9s
Ep 232	 reward -19.221	 ms 269.1	 loss 0.133701	 11.7s
Ep 233	 reward -19.393	 ms 271.5	 loss 0.292833	 10.9s
Ep 234	 reward -19.443	 ms 272.2	 loss 0.388941	 10.9s
Ep 235	 reward -19.396	 ms 271.6	 loss 0.223977	 11.2s
Ep 236	 reward -19.400	 ms 271.6	 loss 0.287976	 9.9s
Ep 237	 reward -19.307	 ms 270.3	 loss 0.372292	 10.4s
Ep 238	 reward -19.496	 ms 272.9	 loss 0.346635	 10.7s
Ep 239	 reward -19.411	 ms 271.8	 loss 0.256076	 9.9s
Ep 240	 reward -19.507	 ms 273.1	 loss 0.410750	 10.4s
Ep 241	 reward -19.600	 ms 274.4	 loss 0.225186	 10.6s
Ep 242	 reward -19.586	 ms 274.2	 loss 0.191629	 10.6s
Ep 243	 reward -19.561	 ms 273.9	 loss 0.150258	 10.4s
Ep 244	 reward -19.457	 ms 272.4	 loss 0.106816	 10.4s
Ep 245	 reward -19.589	 ms 274.2	 loss 0.311550	 10.6s
Ep 246	 reward -19.511	 ms 273.1	 loss 0.239699	 10.8s
Ep 247	 reward -19.489	 ms 272.9	 loss 0.227335	 10.5s
Ep 248	 reward -19.443	 ms 272.2	 loss 0.161572	 10.7s
Ep 249	 reward -19.354	 ms 270.9	 loss 0.123487	 10.1s
[vali @250] rel=0.8865 (best 0.8830)  LS=269.9
Ep 250	 reward -19.404	 ms 271.6	 loss 0.173342	 16.3s
Ep 251	 reward -19.343	 ms 270.8	 loss 0.331272	 10.7s
Ep 252	 reward -19.400	 ms 271.6	 loss 0.183046	 10.8s
Ep 253	 reward -19.296	 ms 270.1	 loss 0.229591	 10.0s
Ep 254	 reward -19.404	 ms 271.6	 loss 0.154008	 10.0s
Ep 255	 reward -19.429	 ms 272.0	 loss 0.198666	 10.0s
Ep 256	 reward -19.493	 ms 272.9	 loss 0.213004	 10.7s
Ep 257	 reward -19.550	 ms 273.7	 loss 0.239080	 10.7s
Ep 258	 reward -19.475	 ms 272.6	 loss 0.306712	 10.4s
Ep 259	 reward -19.518	 ms 273.2	 loss 0.134925	 10.7s
Ep 260	 reward -19.446	 ms 272.2	 loss 0.141720	 11.0s
Ep 261	 reward -19.586	 ms 274.2	 loss 0.184792	 10.3s
Ep 262	 reward -19.521	 ms 273.3	 loss 0.191861	 10.8s
Ep 263	 reward -19.561	 ms 273.9	 loss 0.213024	 10.5s
Ep 264	 reward -19.625	 ms 274.8	 loss 0.299076	 10.0s
Ep 265	 reward -19.539	 ms 273.6	 loss 0.272549	 9.9s
Ep 266	 reward -19.646	 ms 275.1	 loss 0.104228	 10.7s
Ep 267	 reward -19.575	 ms 274.1	 loss 0.236260	 10.5s
Ep 268	 reward -19.554	 ms 273.8	 loss 0.191380	 10.6s
Ep 269	 reward -19.525	 ms 273.4	 loss 0.222002	 10.6s
Ep 270	 reward -19.600	 ms 274.4	 loss 0.193732	 10.8s
Ep 271	 reward -19.614	 ms 274.6	 loss 0.299751	 10.7s
Ep 272	 reward -19.525	 ms 273.4	 loss 0.270081	 10.5s
Ep 273	 reward -19.739	 ms 276.4	 loss 0.198866	 11.2s
Ep 274	 reward -19.661	 ms 275.2	 loss 0.235652	 10.9s
[vali @275] rel=0.8865 (best 0.8830)  LS=269.9
Ep 275	 reward -19.679	 ms 275.5	 loss 0.200497	 19.0s
Ep 276	 reward -19.604	 ms 274.4	 loss 0.121859	 10.4s
Ep 277	 reward -19.604	 ms 274.4	 loss 0.148184	 11.1s
Ep 278	 reward -19.575	 ms 274.1	 loss 0.106868	 10.5s
Ep 279	 reward -19.546	 ms 273.6	 loss 0.174543	 11.3s
Ep 280	 reward -19.525	 ms 273.4	 loss 0.146876	 10.7s
Ep 281	 reward -19.271	 ms 269.8	 loss 0.294378	 10.6s
Ep 282	 reward -19.429	 ms 272.0	 loss 0.371761	 10.6s
Ep 283	 reward -19.389	 ms 271.4	 loss 0.199005	 10.8s
Ep 284	 reward -19.339	 ms 270.8	 loss 0.213297	 11.0s
Ep 285	 reward -19.332	 ms 270.6	 loss 0.331676	 10.9s
Ep 286	 reward -19.254	 ms 269.6	 loss 0.239569	 11.4s
Ep 287	 reward -19.264	 ms 269.7	 loss 0.340071	 10.8s
Ep 288	 reward -19.346	 ms 270.9	 loss 0.175360	 10.9s
Ep 289	 reward -19.250	 ms 269.5	 loss 0.336858	 11.4s
Ep 290	 reward -19.368	 ms 271.1	 loss 0.221942	 10.7s
Ep 291	 reward -19.361	 ms 271.1	 loss 0.331460	 11.3s
Ep 292	 reward -19.211	 ms 268.9	 loss 0.298065	 11.1s
Ep 293	 reward -19.314	 ms 270.4	 loss 0.277286	 11.6s
Ep 294	 reward -19.289	 ms 270.1	 loss 0.237541	 11.2s
Ep 295	 reward -19.432	 ms 272.1	 loss 0.302528	 11.2s
Ep 296	 reward -19.264	 ms 269.7	 loss 0.292027	 10.7s
Ep 297	 reward -19.350	 ms 270.9	 loss 0.222166	 10.9s
Ep 298	 reward -19.357	 ms 271.0	 loss 0.289540	 11.5s
Ep 299	 reward -19.293	 ms 270.1	 loss 0.262369	 11.7s
[vali @300] rel=0.8906 (best 0.8830)  LS=271.1
Ep 300	 reward -19.354	 ms 270.9	 loss 0.344128	 20.9s
Ep 301	 reward -19.511	 ms 273.1	 loss 0.200429	 11.1s
Ep 302	 reward -19.539	 ms 273.6	 loss 0.299321	 13.7s
Ep 303	 reward -19.621	 ms 274.7	 loss 0.189427	 11.7s
Ep 304	 reward -19.604	 ms 274.4	 loss 0.338190	 10.7s
Ep 305	 reward -19.589	 ms 274.2	 loss 0.283494	 11.7s
Ep 306	 reward -19.479	 ms 272.7	 loss 0.252834	 10.8s
Ep 307	 reward -19.507	 ms 273.1	 loss 0.315601	 12.0s
Ep 308	 reward -19.575	 ms 274.1	 loss 0.308732	 11.2s
Ep 309	 reward -19.600	 ms 274.4	 loss 0.325638	 12.8s
Ep 310	 reward -19.518	 ms 273.2	 loss 0.247814	 11.2s
Ep 311	 reward -19.618	 ms 274.6	 loss 0.268521	 11.0s
Ep 312	 reward -19.554	 ms 273.8	 loss 0.219885	 10.7s
Ep 313	 reward -19.575	 ms 274.1	 loss 0.193995	 11.6s
Ep 314	 reward -19.707	 ms 275.9	 loss 0.187413	 11.6s
Ep 315	 reward -19.525	 ms 273.4	 loss 0.272213	 11.0s
Ep 316	 reward -19.657	 ms 275.2	 loss 0.284189	 12.1s
Ep 317	 reward -19.539	 ms 273.6	 loss 0.328924	 11.5s
Ep 318	 reward -19.593	 ms 274.3	 loss 0.248090	 12.2s
Ep 319	 reward -19.618	 ms 274.6	 loss 0.327994	 11.5s
Ep 320	 reward -19.614	 ms 274.6	 loss 0.185607	 11.5s
Ep 321	 reward -19.636	 ms 274.9	 loss 0.230213	 11.5s
Ep 322	 reward -19.596	 ms 274.4	 loss 0.203018	 11.9s
Ep 323	 reward -19.607	 ms 274.5	 loss 0.206097	 11.3s
Ep 324	 reward -19.500	 ms 273.0	 loss 0.144763	 11.6s
[vali @325] rel=0.8903 (best 0.8830)  LS=271.0
Ep 325	 reward -19.632	 ms 274.9	 loss 0.148822	 18.4s
Ep 326	 reward -19.679	 ms 275.5	 loss 0.199546	 11.0s
Ep 327	 reward -19.668	 ms 275.4	 loss 0.171363	 11.0s
Ep 328	 reward -19.543	 ms 273.6	 loss 0.099147	 11.8s
Ep 329	 reward -19.729	 ms 276.2	 loss 0.143260	 11.2s
Ep 330	 reward -19.632	 ms 274.9	 loss 0.152946	 11.6s
Ep 331	 reward -19.632	 ms 274.9	 loss 0.096026	 11.9s
Ep 332	 reward -19.632	 ms 274.9	 loss 0.144756	 11.5s
Ep 333	 reward -19.607	 ms 274.5	 loss 0.133601	 10.8s
Ep 334	 reward -19.593	 ms 274.3	 loss 0.191955	 11.3s
Ep 335	 reward -19.621	 ms 274.7	 loss 0.095241	 11.5s
Ep 336	 reward -19.668	 ms 275.4	 loss 0.131740	 11.4s
Ep 337	 reward -19.632	 ms 274.9	 loss 0.177984	 12.4s
Ep 338	 reward -19.607	 ms 274.5	 loss 0.134073	 10.4s
Ep 339	 reward -19.639	 ms 274.9	 loss 0.123876	 10.4s
Ep 340	 reward -19.782	 ms 276.9	 loss 0.194332	 11.0s
Ep 341	 reward -19.768	 ms 276.8	 loss 0.090925	 12.0s
Ep 342	 reward -19.782	 ms 276.9	 loss 0.134617	 12.9s
Ep 343	 reward -19.804	 ms 277.2	 loss 0.100812	 11.1s
Ep 344	 reward -19.832	 ms 277.6	 loss 0.131500	 10.9s
Ep 345	 reward -19.771	 ms 276.8	 loss 0.178574	 11.4s
Ep 346	 reward -19.768	 ms 276.8	 loss 0.266998	 11.5s
Ep 347	 reward -19.750	 ms 276.5	 loss 0.151487	 11.3s
Ep 348	 reward -19.750	 ms 276.5	 loss 0.173532	 11.8s
Ep 349	 reward -19.796	 ms 277.1	 loss 0.163131	 11.6s
[vali @350] rel=0.8914 (best 0.8830)  LS=271.4
Ep 350	 reward -19.782	 ms 276.9	 loss 0.140461	 19.4s
Ep 351	 reward -19.868	 ms 278.1	 loss 0.217982	 10.8s
Ep 352	 reward -19.804	 ms 277.2	 loss 0.089799	 11.7s
Ep 353	 reward -19.771	 ms 276.8	 loss 0.128876	 11.8s
Ep 354	 reward -19.807	 ms 277.3	 loss 0.156421	 11.3s
Ep 355	 reward -19.746	 ms 276.4	 loss 0.208619	 10.8s
Ep 356	 reward -19.843	 ms 277.8	 loss 0.119288	 11.1s
Ep 357	 reward -19.721	 ms 276.1	 loss 0.010592	 11.3s
Ep 358	 reward -19.768	 ms 276.8	 loss 0.062392	 11.3s
Ep 359	 reward -19.804	 ms 277.2	 loss 0.285361	 11.9s
Ep 360	 reward -19.800	 ms 277.2	 loss 0.173025	 12.9s
Ep 361	 reward -19.300	 ms 270.2	 loss 0.226912	 11.5s
Ep 362	 reward -19.368	 ms 271.1	 loss 0.250257	 10.5s
Ep 363	 reward -19.254	 ms 269.6	 loss 0.239766	 11.0s
Ep 364	 reward -19.211	 ms 268.9	 loss 0.228717	 10.5s
Ep 365	 reward -19.361	 ms 271.1	 loss 0.156996	 11.3s
Ep 366	 reward -19.150	 ms 268.1	 loss 0.083314	 10.1s
Ep 367	 reward -19.236	 ms 269.3	 loss 0.051478	 10.8s
Ep 368	 reward -19.225	 ms 269.1	 loss 0.115815	 11.2s
Ep 369	 reward -19.339	 ms 270.8	 loss 0.154545	 11.1s
Ep 370	 reward -19.346	 ms 270.9	 loss 0.215851	 10.7s
Ep 371	 reward -19.329	 ms 270.6	 loss 0.105042	 12.0s
Ep 372	 reward -19.314	 ms 270.4	 loss 0.037843	 11.1s
Ep 373	 reward -19.361	 ms 271.1	 loss 0.094262	 11.5s
Ep 374	 reward -19.386	 ms 271.4	 loss 0.110480	 13.3s
[vali @375] rel=0.8888 (best 0.8830)  LS=270.6
Ep 375	 reward -19.250	 ms 269.5	 loss 0.105915	 18.9s
Ep 376	 reward -19.279	 ms 269.9	 loss 0.048440	 11.7s
Ep 377	 reward -19.207	 ms 268.9	 loss 0.112399	 11.5s
Ep 378	 reward -19.346	 ms 270.9	 loss 0.172769	 11.5s
Ep 379	 reward -19.325	 ms 270.6	 loss 0.053430	 11.8s
Ep 380	 reward -19.307	 ms 270.3	 loss 0.108163	 11.5s
Ep 381	 reward -19.236	 ms 269.3	 loss 0.075670	 12.0s
Ep 382	 reward -19.150	 ms 268.1	 loss 0.082512	 11.2s
Ep 383	 reward -19.200	 ms 268.8	 loss 0.082968	 11.2s
Ep 384	 reward -19.204	 ms 268.9	 loss 0.015181	 10.7s
Ep 385	 reward -19.232	 ms 269.2	 loss 0.070681	 11.0s
Ep 386	 reward -19.168	 ms 268.4	 loss 0.059987	 12.1s
Ep 387	 reward -19.254	 ms 269.6	 loss 0.157179	 10.0s
Ep 388	 reward -19.232	 ms 269.2	 loss 0.101090	 9.9s
Ep 389	 reward -19.329	 ms 270.6	 loss 0.081160	 11.4s
Ep 390	 reward -19.214	 ms 269.0	 loss -0.012121	 10.0s
Ep 391	 reward -19.236	 ms 269.3	 loss 0.055041	 9.5s
Ep 392	 reward -19.164	 ms 268.3	 loss 0.052766	 9.7s
Ep 393	 reward -19.207	 ms 268.9	 loss 0.033783	 10.3s
Ep 394	 reward -19.214	 ms 269.0	 loss 0.071360	 11.1s
Ep 395	 reward -19.357	 ms 271.0	 loss 0.079424	 10.7s
Ep 396	 reward -19.257	 ms 269.6	 loss 0.062703	 11.5s
Ep 397	 reward -19.229	 ms 269.2	 loss 0.110024	 11.1s
Ep 398	 reward -19.236	 ms 269.3	 loss 0.059229	 10.5s
Ep 399	 reward -19.279	 ms 269.9	 loss 0.106154	 11.1s
[vali @400] rel=0.8895 (best 0.8830)  LS=270.8
Ep 400	 reward -19.246	 ms 269.4	 loss 0.083195	 19.4s
Ep 401	 reward -19.179	 ms 268.5	 loss 0.224229	 11.8s
Ep 402	 reward -19.064	 ms 266.9	 loss 0.075261	 11.3s
Ep 403	 reward -19.132	 ms 267.9	 loss 0.216120	 11.3s
Ep 404	 reward -19.150	 ms 268.1	 loss 0.147856	 12.0s
Ep 405	 reward -19.161	 ms 268.2	 loss 0.118253	 10.6s
Ep 406	 reward -19.168	 ms 268.4	 loss 0.220861	 11.4s
Ep 407	 reward -19.189	 ms 268.6	 loss 0.124219	 11.2s
Ep 408	 reward -19.111	 ms 267.6	 loss 0.168854	 12.5s
Ep 409	 reward -19.239	 ms 269.4	 loss 0.118665	 12.0s
Ep 410	 reward -19.250	 ms 269.5	 loss 0.032718	 12.2s
Ep 411	 reward -19.107	 ms 267.5	 loss 0.151739	 12.0s
Ep 412	 reward -19.154	 ms 268.1	 loss 0.115947	 10.1s
Ep 413	 reward -19.221	 ms 269.1	 loss 0.146601	 11.6s
Ep 414	 reward -19.157	 ms 268.2	 loss 0.156113	 11.0s
Ep 415	 reward -19.132	 ms 267.9	 loss 0.127213	 10.9s
Ep 416	 reward -19.129	 ms 267.8	 loss 0.161288	 11.7s
Ep 417	 reward -19.139	 ms 267.9	 loss 0.122104	 11.8s
Ep 418	 reward -19.207	 ms 268.9	 loss 0.211083	 11.1s
Ep 419	 reward -19.196	 ms 268.8	 loss 0.224528	 11.7s
Ep 420	 reward -19.157	 ms 268.2	 loss 0.053838	 12.2s
Ep 421	 reward -19.596	 ms 274.4	 loss 0.248482	 11.2s
Ep 422	 reward -19.471	 ms 272.6	 loss 0.204317	 12.3s
Ep 423	 reward -19.654	 ms 275.1	 loss 0.227513	 11.1s
Ep 424	 reward -19.482	 ms 272.8	 loss 0.192051	 11.2s
[vali @425] rel=0.8929 (best 0.8830)  LS=271.8
Ep 425	 reward -19.504	 ms 273.1	 loss 0.214845	 18.1s
Ep 426	 reward -19.589	 ms 274.2	 loss 0.259489	 10.9s
Ep 427	 reward -19.536	 ms 273.5	 loss 0.235690	 10.4s
Ep 428	 reward -19.611	 ms 274.6	 loss 0.237391	 12.1s
Ep 429	 reward -19.582	 ms 274.1	 loss 0.124011	 12.1s
Ep 430	 reward -19.500	 ms 273.0	 loss 0.172097	 11.4s
Ep 431	 reward -19.507	 ms 273.1	 loss 0.151282	 11.2s
Ep 432	 reward -19.464	 ms 272.5	 loss 0.251693	 12.1s
Ep 433	 reward -19.554	 ms 273.8	 loss 0.178901	 12.8s
Ep 434	 reward -19.479	 ms 272.7	 loss 0.110061	 11.6s
Ep 435	 reward -19.418	 ms 271.9	 loss 0.236071	 11.7s
Ep 436	 reward -19.500	 ms 273.0	 loss 0.120718	 11.6s
Ep 437	 reward -19.407	 ms 271.7	 loss 0.155091	 11.3s
Ep 438	 reward -19.604	 ms 274.4	 loss 0.206481	 12.6s
Ep 439	 reward -19.371	 ms 271.2	 loss 0.124093	 12.3s
Ep 440	 reward -19.504	 ms 273.1	 loss 0.258450	 12.0s
Ep 441	 reward -19.525	 ms 273.4	 loss 0.098735	 12.7s
Ep 442	 reward -19.504	 ms 273.1	 loss 0.126710	 12.8s
Ep 443	 reward -19.343	 ms 270.8	 loss 0.124729	 11.4s
Ep 444	 reward -19.425	 ms 271.9	 loss 0.108217	 11.2s
Ep 445	 reward -19.432	 ms 272.1	 loss 0.140108	 11.2s
Ep 446	 reward -19.446	 ms 272.2	 loss 0.131447	 10.3s
Ep 447	 reward -19.425	 ms 271.9	 loss 0.025912	 10.3s
Ep 448	 reward -19.425	 ms 271.9	 loss 0.082584	 11.5s
Ep 449	 reward -19.407	 ms 271.7	 loss 0.017195	 10.8s
[vali @450] rel=0.8888 (best 0.8830)  LS=270.6
Ep 450	 reward -19.425	 ms 271.9	 loss -0.015109	 18.7s
Ep 451	 reward -19.425	 ms 271.9	 loss 0.093880	 10.4s
Ep 452	 reward -19.371	 ms 271.2	 loss 0.119264	 10.9s
Ep 453	 reward -19.304	 ms 270.2	 loss -0.010599	 11.1s
Ep 454	 reward -19.354	 ms 270.9	 loss 0.101268	 10.7s
Ep 455	 reward -19.486	 ms 272.8	 loss 0.085129	 11.6s
Ep 456	 reward -19.371	 ms 271.2	 loss 0.022683	 11.0s
Ep 457	 reward -19.304	 ms 270.2	 loss 0.017450	 11.1s
Ep 458	 reward -19.321	 ms 270.5	 loss 0.121570	 10.5s
Ep 459	 reward -19.421	 ms 271.9	 loss 0.084341	 12.0s
Ep 460	 reward -19.339	 ms 270.8	 loss 0.066051	 11.1s
Ep 461	 reward -19.493	 ms 272.9	 loss 0.306832	 10.4s
Ep 462	 reward -19.464	 ms 272.5	 loss 0.196685	 10.3s
Ep 463	 reward -19.564	 ms 273.9	 loss 0.108543	 11.1s
Ep 464	 reward -19.625	 ms 274.8	 loss 0.338345	 10.3s
Ep 465	 reward -19.471	 ms 272.6	 loss 0.031141	 10.8s
Ep 466	 reward -19.557	 ms 273.8	 loss 0.236561	 11.2s
Ep 467	 reward -19.518	 ms 273.2	 loss 0.099268	 10.7s
Ep 468	 reward -19.504	 ms 273.1	 loss 0.263092	 10.6s
Ep 469	 reward -19.482	 ms 272.8	 loss 0.310410	 10.8s
Ep 470	 reward -19.532	 ms 273.4	 loss 0.313842	 10.8s
Ep 471	 reward -19.511	 ms 273.1	 loss 0.145674	 10.9s
Ep 472	 reward -19.554	 ms 273.8	 loss 0.247980	 10.4s
Ep 473	 reward -19.511	 ms 273.1	 loss 0.138792	 11.4s
Ep 474	 reward -19.471	 ms 272.6	 loss 0.275778	 10.4s
[vali @475] rel=0.8875 (best 0.8830)  LS=270.1
Ep 475	 reward -19.500	 ms 273.0	 loss 0.240772	 16.9s
Ep 476	 reward -19.511	 ms 273.1	 loss 0.029612	 10.0s
Ep 477	 reward -19.421	 ms 271.9	 loss 0.170686	 10.3s
Ep 478	 reward -19.475	 ms 272.6	 loss 0.236238	 11.0s
Ep 479	 reward -19.489	 ms 272.9	 loss 0.356416	 10.4s
Ep 480	 reward -19.486	 ms 272.8	 loss 0.271665	 10.6s
Ep 481	 reward -19.554	 ms 273.8	 loss 0.070533	 10.7s
Ep 482	 reward -19.643	 ms 275.0	 loss 0.116391	 10.1s
Ep 483	 reward -19.661	 ms 275.2	 loss 0.013419	 9.7s
Ep 484	 reward -19.800	 ms 277.2	 loss 0.069839	 10.9s
Ep 485	 reward -19.689	 ms 275.6	 loss 0.070086	 11.2s
Ep 486	 reward -19.682	 ms 275.6	 loss 0.185743	 10.7s
Ep 487	 reward -19.664	 ms 275.3	 loss 0.282337	 11.3s
Ep 488	 reward -19.750	 ms 276.5	 loss 0.114084	 11.1s
Ep 489	 reward -19.718	 ms 276.1	 loss 0.185113	 10.5s
Ep 490	 reward -19.718	 ms 276.1	 loss 0.104101	 11.2s
Ep 491	 reward -19.786	 ms 277.0	 loss 0.065223	 10.9s
Ep 492	 reward -19.661	 ms 275.2	 loss 0.307011	 11.0s
Ep 493	 reward -19.743	 ms 276.4	 loss 0.059040	 10.7s
Ep 494	 reward -19.682	 ms 275.6	 loss 0.253747	 11.7s
Ep 495	 reward -19.782	 ms 276.9	 loss 0.063753	 12.2s
Ep 496	 reward -19.657	 ms 275.2	 loss 0.277573	 11.2s
Ep 497	 reward -19.614	 ms 274.6	 loss 0.231060	 11.6s
Ep 498	 reward -19.779	 ms 276.9	 loss 0.173861	 12.2s
Ep 499	 reward -19.825	 ms 277.6	 loss 0.058114	 12.6s
[vali @500] rel=0.8890 (best 0.8830)  LS=270.6
Ep 500	 reward -19.750	 ms 276.5	 loss 0.058121	 18.9s
Ep 501	 reward -19.536	 ms 273.5	 loss 0.185320	 11.6s
Ep 502	 reward -19.532	 ms 273.4	 loss 0.177339	 10.4s
Ep 503	 reward -19.443	 ms 272.2	 loss 0.189739	 10.5s
Ep 504	 reward -19.568	 ms 273.9	 loss 0.142246	 10.7s
Ep 505	 reward -19.457	 ms 272.4	 loss 0.208941	 10.2s
Ep 506	 reward -19.504	 ms 273.1	 loss 0.220246	 12.5s
Ep 507	 reward -19.568	 ms 273.9	 loss 0.159270	 10.9s
Ep 508	 reward -19.468	 ms 272.6	 loss 0.127936	 9.5s
Ep 509	 reward -19.539	 ms 273.6	 loss 0.226289	 9.6s
Ep 510	 reward -19.489	 ms 272.9	 loss 0.152790	 9.1s
Ep 511	 reward -19.432	 ms 272.1	 loss 0.143761	 9.4s
Ep 512	 reward -19.450	 ms 272.3	 loss 0.198269	 10.8s
Ep 513	 reward -19.421	 ms 271.9	 loss 0.207568	 10.8s
Ep 514	 reward -19.575	 ms 274.1	 loss 0.183762	 10.2s
Ep 515	 reward -19.561	 ms 273.9	 loss 0.143670	 10.3s
Ep 516	 reward -19.518	 ms 273.2	 loss 0.155982	 10.2s
Ep 517	 reward -19.564	 ms 273.9	 loss 0.188104	 9.5s
Ep 518	 reward -19.546	 ms 273.6	 loss 0.226963	 10.7s
Ep 519	 reward -19.504	 ms 273.1	 loss 0.213214	 9.8s
Ep 520	 reward -19.468	 ms 272.6	 loss 0.158494	 9.2s
Ep 521	 reward -19.604	 ms 274.4	 loss 0.274467	 9.8s
Ep 522	 reward -19.668	 ms 275.4	 loss 0.311392	 10.3s
Ep 523	 reward -19.654	 ms 275.1	 loss 0.333228	 10.3s
Ep 524	 reward -19.593	 ms 274.3	 loss 0.291074	 11.0s
[vali @525] rel=0.8858 (best 0.8830)  LS=269.6
Ep 525	 reward -19.661	 ms 275.2	 loss 0.240475	 16.3s
Ep 526	 reward -19.579	 ms 274.1	 loss 0.268198	 10.9s
Ep 527	 reward -19.568	 ms 273.9	 loss 0.324508	 10.1s
Ep 528	 reward -19.546	 ms 273.6	 loss 0.220686	 9.6s
Ep 529	 reward -19.679	 ms 275.5	 loss 0.233079	 9.7s
Ep 530	 reward -19.632	 ms 274.9	 loss 0.311668	 9.4s
Ep 531	 reward -19.729	 ms 276.2	 loss 0.184354	 9.1s
Ep 532	 reward -19.611	 ms 274.6	 loss 0.306384	 9.6s
Ep 533	 reward -19.757	 ms 276.6	 loss 0.140326	 9.6s
Ep 534	 reward -19.539	 ms 273.6	 loss 0.212859	 9.2s
Ep 535	 reward -19.754	 ms 276.6	 loss 0.334147	 9.9s
Ep 536	 reward -19.643	 ms 275.0	 loss 0.294081	 9.6s
Ep 537	 reward -19.736	 ms 276.3	 loss 0.264325	 9.6s
Ep 538	 reward -19.675	 ms 275.4	 loss 0.260357	 8.9s
Ep 539	 reward -19.621	 ms 274.7	 loss 0.206725	 10.0s
Ep 540	 reward -19.554	 ms 273.8	 loss 0.192895	 9.0s
Ep 541	 reward -19.839	 ms 277.8	 loss 0.259049	 9.1s
Ep 542	 reward -19.736	 ms 276.3	 loss 0.410797	 9.6s
Ep 543	 reward -19.857	 ms 278.0	 loss 0.106294	 9.3s
Ep 544	 reward -19.850	 ms 277.9	 loss 0.469680	 9.4s
Ep 545	 reward -19.868	 ms 278.1	 loss 0.405982	 10.2s
Ep 546	 reward -19.746	 ms 276.4	 loss 0.331069	 9.0s
Ep 547	 reward -19.857	 ms 278.0	 loss 0.385193	 9.6s
Ep 548	 reward -19.839	 ms 277.8	 loss 0.300246	 9.6s
Ep 549	 reward -19.832	 ms 277.6	 loss 0.396037	 8.6s
[vali @550] rel=0.8896 (best 0.8830)  LS=270.8
Ep 550	 reward -19.879	 ms 278.3	 loss 0.420135	 15.4s
Ep 551	 reward -19.814	 ms 277.4	 loss 0.343935	 8.8s
Ep 552	 reward -19.829	 ms 277.6	 loss 0.328353	 9.4s
Ep 553	 reward -19.775	 ms 276.9	 loss 0.314737	 10.2s
Ep 554	 reward -19.796	 ms 277.1	 loss 0.365510	 9.7s
Ep 555	 reward -19.829	 ms 277.6	 loss 0.331756	 10.6s
Ep 556	 reward -19.864	 ms 278.1	 loss 0.386093	 10.1s
Ep 557	 reward -19.907	 ms 278.7	 loss 0.162018	 10.5s
Ep 558	 reward -19.829	 ms 277.6	 loss 0.332116	 10.2s
Ep 559	 reward -19.882	 ms 278.4	 loss 0.291195	 9.8s
Ep 560	 reward -19.775	 ms 276.9	 loss 0.249817	 10.7s
Ep 561	 reward -19.543	 ms 273.6	 loss 0.101662	 10.9s
Ep 562	 reward -19.632	 ms 274.9	 loss 0.011052	 10.7s
Ep 563	 reward -19.732	 ms 276.2	 loss -0.016274	 10.8s
Ep 564	 reward -19.564	 ms 273.9	 loss -0.020947	 11.0s
Ep 565	 reward -19.625	 ms 274.8	 loss -0.029136	 10.4s
Ep 566	 reward -19.507	 ms 273.1	 loss -0.009204	 10.3s
Ep 567	 reward -19.571	 ms 274.0	 loss -0.000692	 10.4s
Ep 568	 reward -19.539	 ms 273.6	 loss -0.024257	 10.5s
Ep 569	 reward -19.546	 ms 273.6	 loss -0.029027	 10.5s
Ep 570	 reward -19.604	 ms 274.4	 loss -0.021498	 10.8s
Ep 571	 reward -19.532	 ms 273.4	 loss -0.008111	 10.9s
Ep 572	 reward -19.646	 ms 275.1	 loss -0.027871	 11.3s
Ep 573	 reward -19.600	 ms 274.4	 loss 0.012727	 11.3s
Ep 574	 reward -19.654	 ms 275.1	 loss 0.022833	 10.7s
[vali @575] rel=0.8842 (best 0.8830)  LS=269.1
Ep 575	 reward -19.700	 ms 275.8	 loss 0.022222	 19.1s
Ep 576	 reward -19.671	 ms 275.4	 loss -0.000966	 10.8s
Ep 577	 reward -19.611	 ms 274.6	 loss -0.053071	 11.0s
Ep 578	 reward -19.618	 ms 274.6	 loss 0.018593	 10.6s
Ep 579	 reward -19.739	 ms 276.4	 loss 0.095836	 10.7s
Ep 580	 reward -19.543	 ms 273.6	 loss 0.023190	 11.2s
Ep 581	 reward -19.521	 ms 273.3	 loss 0.282131	 11.8s
Ep 582	 reward -19.454	 ms 272.4	 loss 0.031282	 11.2s
Ep 583	 reward -19.354	 ms 270.9	 loss 0.235569	 12.1s
Ep 584	 reward -19.500	 ms 273.0	 loss 0.315625	 11.5s
Ep 585	 reward -19.371	 ms 271.2	 loss 0.246447	 11.5s
Ep 586	 reward -19.668	 ms 275.4	 loss 0.136139	 11.7s
Ep 587	 reward -19.436	 ms 272.1	 loss 0.160154	 11.5s
Ep 588	 reward -19.436	 ms 272.1	 loss 0.280410	 12.9s
Ep 589	 reward -19.379	 ms 271.3	 loss 0.229278	 11.3s
Ep 590	 reward -19.432	 ms 272.1	 loss 0.035091	 11.6s
Ep 591	 reward -19.579	 ms 274.1	 loss 0.099349	 11.4s
Ep 592	 reward -19.482	 ms 272.8	 loss 0.075276	 12.2s
Ep 593	 reward -19.500	 ms 273.0	 loss 0.059304	 12.1s
Ep 594	 reward -19.496	 ms 272.9	 loss 0.261385	 10.6s
Ep 595	 reward -19.471	 ms 272.6	 loss 0.259991	 13.6s
Ep 596	 reward -19.436	 ms 272.1	 loss 0.102253	 11.2s
Ep 597	 reward -19.446	 ms 272.2	 loss 0.022021	 11.8s
Ep 598	 reward -19.557	 ms 273.8	 loss 0.292682	 12.9s
Ep 599	 reward -19.479	 ms 272.7	 loss 0.297411	 12.1s
[vali @600] rel=0.8873 (best 0.8830)  LS=270.1
Ep 600	 reward -19.421	 ms 271.9	 loss 0.203565	 21.5s
Ep 601	 reward -19.418	 ms 271.9	 loss 0.321471	 11.6s
Ep 602	 reward -19.443	 ms 272.2	 loss 0.282397	 12.8s
Ep 603	 reward -19.443	 ms 272.2	 loss 0.282842	 11.5s
Ep 604	 reward -19.343	 ms 270.8	 loss 0.320326	 12.3s
Ep 605	 reward -19.479	 ms 272.7	 loss 0.210887	 12.1s
Ep 606	 reward -19.393	 ms 271.5	 loss 0.298509	 11.0s
Ep 607	 reward -19.514	 ms 273.2	 loss 0.207021	 11.5s
Ep 608	 reward -19.432	 ms 272.1	 loss 0.205949	 11.4s
Ep 609	 reward -19.382	 ms 271.4	 loss 0.129270	 11.3s
Ep 610	 reward -19.396	 ms 271.6	 loss 0.150378	 11.7s
Ep 611	 reward -19.421	 ms 271.9	 loss 0.275216	 12.3s
Ep 612	 reward -19.454	 ms 272.4	 loss 0.210445	 12.2s
Ep 613	 reward -19.361	 ms 271.1	 loss 0.258344	 10.9s
Ep 614	 reward -19.461	 ms 272.4	 loss 0.241223	 11.5s
Ep 615	 reward -19.339	 ms 270.8	 loss 0.215809	 12.1s
Ep 616	 reward -19.400	 ms 271.6	 loss 0.257895	 12.6s
Ep 617	 reward -19.454	 ms 272.4	 loss 0.143496	 12.5s
Ep 618	 reward -19.507	 ms 273.1	 loss 0.258184	 11.2s
Ep 619	 reward -19.468	 ms 272.6	 loss 0.214976	 11.7s
Ep 620	 reward -19.425	 ms 271.9	 loss 0.213596	 11.0s
Ep 621	 reward -19.461	 ms 272.4	 loss 0.071229	 12.6s
Ep 622	 reward -19.382	 ms 271.4	 loss 0.081099	 11.8s
Ep 623	 reward -19.329	 ms 270.6	 loss 0.225705	 11.6s
Ep 624	 reward -19.325	 ms 270.6	 loss 0.100493	 11.7s
[vali @625] rel=0.8872 (best 0.8830)  LS=270.1
Ep 625	 reward -19.293	 ms 270.1	 loss 0.276561	 19.4s
Ep 626	 reward -19.386	 ms 271.4	 loss 0.224978	 12.3s
Ep 627	 reward -19.421	 ms 271.9	 loss 0.091798	 12.5s
Ep 628	 reward -19.314	 ms 270.4	 loss 0.143022	 11.9s
Ep 629	 reward -19.382	 ms 271.4	 loss 0.107404	 12.1s
Ep 630	 reward -19.296	 ms 270.1	 loss 0.113155	 12.4s
Ep 631	 reward -19.346	 ms 270.9	 loss 0.197710	 12.1s
Ep 632	 reward -19.296	 ms 270.1	 loss 0.038601	 11.3s
Ep 633	 reward -19.339	 ms 270.8	 loss 0.125724	 11.1s
Ep 634	 reward -19.257	 ms 269.6	 loss 0.218481	 11.9s
Ep 635	 reward -19.400	 ms 271.6	 loss 0.105113	 11.6s
Ep 636	 reward -19.346	 ms 270.9	 loss 0.096993	 10.9s
Ep 637	 reward -19.214	 ms 269.0	 loss 0.139656	 11.4s
Ep 638	 reward -19.300	 ms 270.2	 loss 0.076334	 11.8s
Ep 639	 reward -19.271	 ms 269.8	 loss 0.106151	 10.9s
Ep 640	 reward -19.307	 ms 270.3	 loss 0.174344	 11.6s
Ep 641	 reward -19.511	 ms 273.1	 loss 0.139315	 11.2s
Ep 642	 reward -19.471	 ms 272.6	 loss 0.139373	 12.0s
Ep 643	 reward -19.432	 ms 272.1	 loss 0.410185	 11.1s
Ep 644	 reward -19.514	 ms 273.2	 loss 0.221887	 11.4s
Ep 645	 reward -19.504	 ms 273.1	 loss 0.172362	 12.0s
Ep 646	 reward -19.539	 ms 273.6	 loss 0.101890	 11.6s
Ep 647	 reward -19.539	 ms 273.6	 loss 0.150144	 14.1s
Ep 648	 reward -19.539	 ms 273.6	 loss 0.312991	 12.6s
Ep 649	 reward -19.479	 ms 272.7	 loss 0.289317	 12.3s
[vali @650] rel=0.8837 (best 0.8830)  LS=269.0
Ep 650	 reward -19.418	 ms 271.9	 loss 0.188381	 19.7s
Ep 651	 reward -19.593	 ms 274.3	 loss 0.307811	 13.4s
Ep 652	 reward -19.511	 ms 273.1	 loss 0.370085	 11.3s
Ep 653	 reward -19.532	 ms 273.4	 loss 0.191478	 11.3s
Ep 654	 reward -19.536	 ms 273.5	 loss 0.186044	 13.1s
Ep 655	 reward -19.461	 ms 272.4	 loss 0.234485	 13.6s
Ep 656	 reward -19.457	 ms 272.4	 loss 0.281610	 12.0s
Ep 657	 reward -19.521	 ms 273.3	 loss 0.148802	 12.0s
Ep 658	 reward -19.464	 ms 272.5	 loss 0.319981	 11.8s
Ep 659	 reward -19.575	 ms 274.1	 loss 0.256671	 12.3s
Ep 660	 reward -19.464	 ms 272.5	 loss 0.189442	 12.0s
Ep 661	 reward -18.946	 ms 265.2	 loss 0.051397	 11.9s
Ep 662	 reward -18.793	 ms 263.1	 loss 0.040971	 12.4s
Ep 663	 reward -18.893	 ms 264.5	 loss 0.188315	 12.0s
Ep 664	 reward -18.971	 ms 265.6	 loss 0.164120	 11.8s
Ep 665	 reward -18.954	 ms 265.4	 loss -0.017323	 10.2s
Ep 666	 reward -18.932	 ms 265.1	 loss 0.166167	 10.5s
Ep 667	 reward -18.857	 ms 264.0	 loss -0.040914	 11.4s
Ep 668	 reward -18.918	 ms 264.9	 loss 0.198013	 11.6s
Ep 669	 reward -18.918	 ms 264.9	 loss 0.054389	 11.6s
Ep 670	 reward -19.025	 ms 266.4	 loss 0.140009	 11.6s
Ep 671	 reward -18.964	 ms 265.5	 loss 0.019787	 10.8s
Ep 672	 reward -18.936	 ms 265.1	 loss -0.022694	 10.4s
Ep 673	 reward -18.907	 ms 264.7	 loss -0.012933	 10.1s
Ep 674	 reward -18.950	 ms 265.3	 loss 0.127956	 11.4s
[vali @675] rel=0.8840 (best 0.8830)  LS=269.1
Ep 675	 reward -18.964	 ms 265.5	 loss 0.094759	 18.9s
Ep 676	 reward -18.907	 ms 264.7	 loss 0.026031	 11.4s
Ep 677	 reward -18.896	 ms 264.6	 loss 0.102998	 10.9s
Ep 678	 reward -19.004	 ms 266.1	 loss 0.085357	 11.3s
Ep 679	 reward -18.936	 ms 265.1	 loss 0.059674	 12.7s
Ep 680	 reward -18.982	 ms 265.8	 loss 0.086946	 10.5s
Ep 681	 reward -19.557	 ms 273.8	 loss 0.103328	 10.5s
Ep 682	 reward -19.700	 ms 275.8	 loss 0.067019	 10.5s
Ep 683	 reward -19.539	 ms 273.6	 loss 0.019883	 11.1s
Ep 684	 reward -19.571	 ms 274.0	 loss 0.028518	 11.4s
Ep 685	 reward -19.557	 ms 273.8	 loss 0.221202	 11.4s
Ep 686	 reward -19.675	 ms 275.4	 loss 0.054149	 11.2s
Ep 687	 reward -19.446	 ms 272.2	 loss 0.054175	 11.4s
Ep 688	 reward -19.586	 ms 274.2	 loss 0.235808	 10.7s
Ep 689	 reward -19.496	 ms 272.9	 loss 0.135368	 11.4s
Ep 690	 reward -19.568	 ms 273.9	 loss 0.011260	 11.1s
Ep 691	 reward -19.625	 ms 274.8	 loss 0.061223	 11.2s
Ep 692	 reward -19.543	 ms 273.6	 loss 0.036856	 11.4s
Ep 693	 reward -19.629	 ms 274.8	 loss 0.071996	 10.8s
Ep 694	 reward -19.550	 ms 273.7	 loss 0.009641	 10.4s
Ep 695	 reward -19.682	 ms 275.6	 loss -0.005252	 10.5s
Ep 696	 reward -19.636	 ms 274.9	 loss 0.187670	 10.4s
Ep 697	 reward -19.589	 ms 274.2	 loss 0.102492	 10.4s
Ep 698	 reward -19.504	 ms 273.1	 loss 0.018220	 9.4s
Ep 699	 reward -19.571	 ms 274.0	 loss 0.236426	 10.6s
[vali @700] rel=0.8867 (best 0.8830)  LS=269.9
Ep 700	 reward -19.575	 ms 274.1	 loss 0.083145	 17.0s
Ep 701	 reward -19.332	 ms 270.6	 loss 0.089241	 10.4s
Ep 702	 reward -19.557	 ms 273.8	 loss 0.183379	 10.9s
Ep 703	 reward -19.357	 ms 271.0	 loss -0.033656	 11.5s
Ep 704	 reward -19.539	 ms 273.6	 loss 0.161484	 10.7s
Ep 705	 reward -19.404	 ms 271.6	 loss 0.138219	 13.2s
Ep 706	 reward -19.407	 ms 271.7	 loss 0.086375	 12.4s
Ep 707	 reward -19.361	 ms 271.1	 loss 0.053101	 11.6s
Ep 708	 reward -19.461	 ms 272.4	 loss 0.137925	 10.6s
Ep 709	 reward -19.396	 ms 271.6	 loss 0.215907	 11.7s
Ep 710	 reward -19.500	 ms 273.0	 loss 0.225825	 11.3s
Ep 711	 reward -19.446	 ms 272.2	 loss 0.045555	 11.8s
Ep 712	 reward -19.311	 ms 270.4	 loss 0.245621	 11.8s
Ep 713	 reward -19.421	 ms 271.9	 loss 0.210094	 11.6s
Ep 714	 reward -19.436	 ms 272.1	 loss 0.219239	 10.6s
Ep 715	 reward -19.471	 ms 272.6	 loss 0.061123	 10.5s
Ep 716	 reward -19.521	 ms 273.3	 loss 0.148835	 11.5s
Ep 717	 reward -19.382	 ms 271.4	 loss 0.195761	 11.3s
Ep 718	 reward -19.443	 ms 272.2	 loss 0.160875	 11.1s
Ep 719	 reward -19.396	 ms 271.6	 loss 0.125291	 10.2s
Ep 720	 reward -19.446	 ms 272.2	 loss 0.222861	 10.8s
Ep 721	 reward -19.318	 ms 270.4	 loss 0.060138	 10.6s
Ep 722	 reward -19.250	 ms 269.5	 loss 0.111560	 10.4s
Ep 723	 reward -19.289	 ms 270.1	 loss 0.145019	 11.2s
Ep 724	 reward -19.261	 ms 269.6	 loss 0.132420	 11.1s
[vali @725] rel=0.8821 (best 0.8821)  LS=268.5
Ep 725	 reward -19.286	 ms 270.0	 loss 0.061729	 17.5s
Ep 726	 reward -19.336	 ms 270.7	 loss 0.206814	 10.4s
Ep 727	 reward -19.321	 ms 270.5	 loss 0.207604	 10.7s
Ep 728	 reward -19.307	 ms 270.3	 loss 0.041979	 10.4s
Ep 729	 reward -19.425	 ms 271.9	 loss 0.200709	 9.8s
Ep 730	 reward -19.364	 ms 271.1	 loss 0.252907	 9.8s
Ep 731	 reward -19.325	 ms 270.6	 loss 0.098299	 11.3s
Ep 732	 reward -19.400	 ms 271.6	 loss 0.143447	 10.5s
Ep 733	 reward -19.429	 ms 272.0	 loss 0.059033	 10.5s
Ep 734	 reward -19.375	 ms 271.2	 loss 0.072216	 11.2s
Ep 735	 reward -19.489	 ms 272.9	 loss 0.238958	 10.7s
Ep 736	 reward -19.329	 ms 270.6	 loss 0.121196	 10.3s
Ep 737	 reward -19.364	 ms 271.1	 loss 0.002449	 11.3s
Ep 738	 reward -19.346	 ms 270.9	 loss 0.059391	 11.3s
Ep 739	 reward -19.432	 ms 272.1	 loss 0.060481	 10.2s
Ep 740	 reward -19.357	 ms 271.0	 loss 0.216684	 11.7s
Ep 741	 reward -19.343	 ms 270.8	 loss 0.144004	 10.8s
Ep 742	 reward -19.268	 ms 269.8	 loss 0.165985	 11.3s
Ep 743	 reward -19.271	 ms 269.8	 loss 0.099112	 10.8s
Ep 744	 reward -19.357	 ms 271.0	 loss 0.038815	 11.5s
Ep 745	 reward -19.336	 ms 270.7	 loss 0.276054	 11.4s
Ep 746	 reward -19.179	 ms 268.5	 loss 0.098822	 11.7s
Ep 747	 reward -19.204	 ms 268.9	 loss 0.112900	 10.6s
Ep 748	 reward -19.239	 ms 269.4	 loss 0.122377	 10.7s
Ep 749	 reward -19.271	 ms 269.8	 loss 0.305184	 10.0s
[vali @750] rel=0.8876 (best 0.8821)  LS=270.2
Ep 750	 reward -19.271	 ms 269.8	 loss 0.235220	 18.0s
Ep 751	 reward -19.404	 ms 271.6	 loss 0.094053	 9.7s
Ep 752	 reward -19.282	 ms 269.9	 loss 0.243370	 10.1s
Ep 753	 reward -19.393	 ms 271.5	 loss 0.056815	 10.8s
Ep 754	 reward -19.371	 ms 271.2	 loss 0.297317	 10.9s
Ep 755	 reward -19.386	 ms 271.4	 loss 0.215733	 10.9s
Ep 756	 reward -19.157	 ms 268.2	 loss 0.087067	 11.2s
Ep 757	 reward -19.236	 ms 269.3	 loss 0.162043	 11.0s
Ep 758	 reward -19.261	 ms 269.6	 loss 0.081155	 9.3s
Ep 759	 reward -19.275	 ms 269.9	 loss 0.254216	 10.4s
Ep 760	 reward -19.246	 ms 269.4	 loss 0.093326	 9.7s
Ep 761	 reward -19.393	 ms 271.5	 loss 0.023626	 10.0s
Ep 762	 reward -19.418	 ms 271.9	 loss 0.075821	 12.3s
Ep 763	 reward -19.375	 ms 271.2	 loss 0.049397	 11.3s
Ep 764	 reward -19.343	 ms 270.8	 loss 0.030190	 11.3s
Ep 765	 reward -19.318	 ms 270.4	 loss 0.184970	 10.7s
Ep 766	 reward -19.400	 ms 271.6	 loss -0.042409	 10.1s
Ep 767	 reward -19.350	 ms 270.9	 loss 0.012487	 10.2s
Ep 768	 reward -19.339	 ms 270.8	 loss 0.028730	 10.9s
Ep 769	 reward -19.368	 ms 271.1	 loss 0.010110	 11.0s
Ep 770	 reward -19.414	 ms 271.8	 loss 0.012788	 11.3s
Ep 771	 reward -19.229	 ms 269.2	 loss -0.009638	 10.6s
Ep 772	 reward -19.225	 ms 269.1	 loss -0.019845	 11.2s
Ep 773	 reward -19.311	 ms 270.4	 loss 0.068740	 11.2s
Ep 774	 reward -19.421	 ms 271.9	 loss 0.011997	 11.0s
[vali @775] rel=0.8913 (best 0.8821)  LS=271.3
Ep 775	 reward -19.364	 ms 271.1	 loss 0.081241	 17.5s
Ep 776	 reward -19.357	 ms 271.0	 loss 0.081529	 10.2s
Ep 777	 reward -19.336	 ms 270.7	 loss -0.025195	 10.2s
Ep 778	 reward -19.275	 ms 269.9	 loss -0.045423	 10.9s
Ep 779	 reward -19.379	 ms 271.3	 loss 0.019444	 10.8s
Ep 780	 reward -19.296	 ms 270.1	 loss 0.008027	 10.9s
Ep 781	 reward -19.639	 ms 274.9	 loss 0.208590	 11.2s
Ep 782	 reward -19.643	 ms 275.0	 loss 0.091023	 10.5s
Ep 783	 reward -19.686	 ms 275.6	 loss 0.080857	 10.3s
Ep 784	 reward -19.714	 ms 276.0	 loss -0.018178	 11.7s
Ep 785	 reward -19.600	 ms 274.4	 loss -0.021102	 10.4s
Ep 786	 reward -19.536	 ms 273.5	 loss 0.001168	 10.1s
Ep 787	 reward -19.614	 ms 274.6	 loss -0.012278	 10.5s
Ep 788	 reward -19.618	 ms 274.6	 loss 0.129012	 9.3s
Ep 789	 reward -19.539	 ms 273.6	 loss 0.053580	 10.4s
Ep 790	 reward -19.600	 ms 274.4	 loss -0.003064	 10.8s
Ep 791	 reward -19.593	 ms 274.3	 loss 0.004645	 11.1s
Ep 792	 reward -19.571	 ms 274.0	 loss 0.123329	 11.3s
Ep 793	 reward -19.604	 ms 274.4	 loss 0.163624	 11.8s
Ep 794	 reward -19.661	 ms 275.2	 loss 0.018746	 10.8s
Ep 795	 reward -19.554	 ms 273.8	 loss 0.086257	 10.4s
Ep 796	 reward -19.639	 ms 274.9	 loss 0.066987	 11.1s
Ep 797	 reward -19.554	 ms 273.8	 loss 0.170961	 10.6s
Ep 798	 reward -19.561	 ms 273.9	 loss 0.077644	 10.3s
Ep 799	 reward -19.625	 ms 274.8	 loss 0.060962	 10.5s
[vali @800] rel=0.8867 (best 0.8821)  LS=269.9
Ep 800	 reward -19.504	 ms 273.1	 loss 0.135118	 18.0s
Ep 801	 reward -19.107	 ms 267.5	 loss 0.261988	 11.2s
Ep 802	 reward -19.254	 ms 269.6	 loss 0.127454	 11.1s
Ep 803	 reward -19.179	 ms 268.5	 loss 0.071779	 11.1s
Ep 804	 reward -19.196	 ms 268.8	 loss 0.122219	 10.3s
Ep 805	 reward -19.086	 ms 267.2	 loss 0.205398	 11.3s
Ep 806	 reward -19.161	 ms 268.2	 loss 0.177335	 10.9s
Ep 807	 reward -19.139	 ms 267.9	 loss 0.079527	 10.3s
Ep 808	 reward -19.189	 ms 268.6	 loss 0.219587	 11.2s
Ep 809	 reward -19.021	 ms 266.3	 loss 0.113804	 11.7s
Ep 810	 reward -19.125	 ms 267.8	 loss 0.117541	 11.5s
Ep 811	 reward -19.107	 ms 267.5	 loss 0.170651	 10.5s
Ep 812	 reward -19.136	 ms 267.9	 loss 0.295136	 10.6s
Ep 813	 reward -19.221	 ms 269.1	 loss 0.167988	 11.0s
Ep 814	 reward -19.043	 ms 266.6	 loss 0.200065	 10.5s
Ep 815	 reward -19.093	 ms 267.3	 loss 0.101075	 10.1s
Ep 816	 reward -19.136	 ms 267.9	 loss -0.003054	 9.8s
Ep 817	 reward -19.082	 ms 267.1	 loss 0.098165	 10.2s
Ep 818	 reward -19.068	 ms 266.9	 loss 0.207534	 10.0s
Ep 819	 reward -19.050	 ms 266.7	 loss 0.006392	 10.7s
Ep 820	 reward -19.182	 ms 268.6	 loss 0.221864	 10.5s
Ep 821	 reward -19.429	 ms 272.0	 loss 0.167994	 11.3s
Ep 822	 reward -19.332	 ms 270.6	 loss 0.093644	 11.0s
Ep 823	 reward -19.289	 ms 270.1	 loss 0.109179	 11.0s
Ep 824	 reward -19.346	 ms 270.9	 loss 0.108283	 10.7s
[vali @825] rel=0.8842 (best 0.8821)  LS=269.1
Ep 825	 reward -19.371	 ms 271.2	 loss 0.205984	 18.1s
Ep 826	 reward -19.411	 ms 271.8	 loss 0.076562	 10.2s
Ep 827	 reward -19.382	 ms 271.4	 loss 0.122629	 11.3s
Ep 828	 reward -19.432	 ms 272.1	 loss 0.174486	 10.9s
Ep 829	 reward -19.371	 ms 271.2	 loss 0.149352	 11.7s
Ep 830	 reward -19.371	 ms 271.2	 loss 0.191989	 11.1s
Ep 831	 reward -19.350	 ms 270.9	 loss 0.226195	 10.9s
Ep 832	 reward -19.357	 ms 271.0	 loss 0.100464	 11.0s
Ep 833	 reward -19.361	 ms 271.1	 loss 0.212243	 11.1s
Ep 834	 reward -19.396	 ms 271.6	 loss 0.179950	 11.4s
Ep 835	 reward -19.446	 ms 272.2	 loss 0.214254	 11.2s
Ep 836	 reward -19.371	 ms 271.2	 loss 0.101061	 10.5s
Ep 837	 reward -19.436	 ms 272.1	 loss 0.196843	 11.5s
Ep 838	 reward -19.371	 ms 271.2	 loss 0.211970	 11.1s
Ep 839	 reward -19.443	 ms 272.2	 loss 0.038649	 10.1s
Ep 840	 reward -19.421	 ms 271.9	 loss 0.112680	 10.5s
Ep 841	 reward -19.493	 ms 272.9	 loss -0.014622	 10.7s
Ep 842	 reward -19.454	 ms 272.4	 loss -0.040678	 10.6s
Ep 843	 reward -19.371	 ms 271.2	 loss -0.031535	 10.5s
Ep 844	 reward -19.400	 ms 271.6	 loss -0.016152	 10.6s
Ep 845	 reward -19.500	 ms 273.0	 loss -0.024067	 10.5s
Ep 846	 reward -19.532	 ms 273.4	 loss 0.004440	 9.9s
Ep 847	 reward -19.611	 ms 274.6	 loss 0.178476	 10.4s
Ep 848	 reward -19.493	 ms 272.9	 loss -0.020086	 10.8s
Ep 849	 reward -19.500	 ms 273.0	 loss -0.018226	 10.6s
[vali @850] rel=0.8835 (best 0.8821)  LS=268.9
Ep 850	 reward -19.418	 ms 271.9	 loss 0.035981	 17.4s
Ep 851	 reward -19.568	 ms 273.9	 loss 0.000876	 11.0s
Ep 852	 reward -19.421	 ms 271.9	 loss -0.023961	 10.3s
Ep 853	 reward -19.414	 ms 271.8	 loss -0.061933	 10.2s
Ep 854	 reward -19.357	 ms 271.0	 loss -0.015835	 11.6s
Ep 855	 reward -19.357	 ms 271.0	 loss 0.014397	 11.5s
Ep 856	 reward -19.464	 ms 272.5	 loss -0.050165	 10.4s
Ep 857	 reward -19.400	 ms 271.6	 loss -0.044621	 11.4s
Ep 858	 reward -19.386	 ms 271.4	 loss 0.002136	 11.4s
Ep 859	 reward -19.521	 ms 273.3	 loss -0.043581	 11.4s
Ep 860	 reward -19.414	 ms 271.8	 loss 0.042324	 11.3s
Ep 861	 reward -19.225	 ms 269.1	 loss 0.042277	 12.0s
Ep 862	 reward -19.161	 ms 268.2	 loss -0.031019	 11.4s
Ep 863	 reward -19.357	 ms 271.0	 loss 0.109685	 11.2s
Ep 864	 reward -19.321	 ms 270.5	 loss 0.151659	 11.4s
Ep 865	 reward -19.275	 ms 269.9	 loss 0.040375	 11.2s
Ep 866	 reward -19.139	 ms 267.9	 loss 0.121363	 11.5s
Ep 867	 reward -19.211	 ms 268.9	 loss 0.169509	 11.6s
Ep 868	 reward -19.032	 ms 266.4	 loss 0.174810	 11.0s
Ep 869	 reward -19.296	 ms 270.1	 loss 0.128362	 11.2s
Ep 870	 reward -19.214	 ms 269.0	 loss 0.074057	 10.9s
Ep 871	 reward -19.264	 ms 269.7	 loss 0.141860	 11.3s
Ep 872	 reward -19.204	 ms 268.9	 loss 0.101332	 10.8s
Ep 873	 reward -19.257	 ms 269.6	 loss 0.221794	 11.3s
Ep 874	 reward -19.279	 ms 269.9	 loss 0.061221	 11.7s
[vali @875] rel=0.8895 (best 0.8821)  LS=270.8
Ep 875	 reward -19.264	 ms 269.7	 loss 0.145401	 16.7s
Ep 876	 reward -19.143	 ms 268.0	 loss 0.129436	 9.8s
Ep 877	 reward -19.243	 ms 269.4	 loss 0.065186	 12.3s
Ep 878	 reward -19.200	 ms 268.8	 loss 0.061981	 10.4s
Ep 879	 reward -19.132	 ms 267.9	 loss 0.131917	 11.8s
Ep 880	 reward -19.146	 ms 268.1	 loss 0.051936	 11.4s
Ep 881	 reward -19.479	 ms 272.7	 loss 0.022227	 10.4s
Ep 882	 reward -19.686	 ms 275.6	 loss 0.085867	 11.3s
Ep 883	 reward -19.607	 ms 274.5	 loss 0.080595	 10.7s
Ep 884	 reward -19.611	 ms 274.6	 loss 0.106056	 11.3s
Ep 885	 reward -19.525	 ms 273.4	 loss 0.042461	 12.3s
Ep 886	 reward -19.693	 ms 275.7	 loss 0.068834	 11.1s
Ep 887	 reward -19.618	 ms 274.6	 loss 0.082894	 11.9s
Ep 888	 reward -19.618	 ms 274.6	 loss 0.049313	 11.5s
Ep 889	 reward -19.639	 ms 274.9	 loss 0.021923	 12.2s
Ep 890	 reward -19.671	 ms 275.4	 loss 0.081007	 11.2s
Ep 891	 reward -19.518	 ms 273.2	 loss 0.186232	 11.1s
Ep 892	 reward -19.579	 ms 274.1	 loss 0.027852	 11.2s
Ep 893	 reward -19.646	 ms 275.1	 loss 0.080869	 11.3s
Ep 894	 reward -19.614	 ms 274.6	 loss 0.156204	 11.2s
Ep 895	 reward -19.557	 ms 273.8	 loss 0.033456	 11.5s
Ep 896	 reward -19.614	 ms 274.6	 loss 0.123570	 11.3s
Ep 897	 reward -19.529	 ms 273.4	 loss 0.082486	 12.0s
Ep 898	 reward -19.521	 ms 273.3	 loss 0.048847	 10.4s
Ep 899	 reward -19.671	 ms 275.4	 loss 0.075914	 10.7s
[vali @900] rel=0.8886 (best 0.8821)  LS=270.5
Ep 900	 reward -19.639	 ms 274.9	 loss 0.135484	 16.9s
Ep 901	 reward -19.089	 ms 267.2	 loss 0.331632	 10.8s
Ep 902	 reward -19.157	 ms 268.2	 loss 0.256338	 11.7s
Ep 903	 reward -19.154	 ms 268.1	 loss 0.324095	 11.7s
Ep 904	 reward -19.050	 ms 266.7	 loss 0.285457	 11.1s
Ep 905	 reward -19.064	 ms 266.9	 loss 0.200023	 9.3s
Ep 906	 reward -19.189	 ms 268.6	 loss 0.344665	 10.1s
Ep 907	 reward -19.071	 ms 267.0	 loss 0.219422	 10.4s
Ep 908	 reward -19.132	 ms 267.9	 loss 0.294698	 10.4s
Ep 909	 reward -19.032	 ms 266.4	 loss 0.230847	 11.3s
Ep 910	 reward -19.175	 ms 268.4	 loss 0.255862	 9.5s
Ep 911	 reward -19.196	 ms 268.8	 loss 0.239285	 10.6s
Ep 912	 reward -19.107	 ms 267.5	 loss 0.295251	 12.1s
Ep 913	 reward -19.154	 ms 268.1	 loss 0.342440	 11.3s
Ep 914	 reward -19.186	 ms 268.6	 loss 0.308119	 12.8s
Ep 915	 reward -19.107	 ms 267.5	 loss 0.159394	 11.8s
Ep 916	 reward -19.100	 ms 267.4	 loss 0.268936	 11.4s
Ep 917	 reward -19.157	 ms 268.2	 loss 0.250522	 11.4s
Ep 918	 reward -19.075	 ms 267.1	 loss 0.246364	 12.0s
Ep 919	 reward -19.107	 ms 267.5	 loss 0.253033	 10.6s
Ep 920	 reward -19.189	 ms 268.6	 loss 0.315655	 11.3s
Ep 921	 reward -19.743	 ms 276.4	 loss 0.258360	 11.8s
Ep 922	 reward -19.718	 ms 276.1	 loss 0.205602	 11.3s
Ep 923	 reward -19.668	 ms 275.4	 loss 0.212106	 11.2s
Ep 924	 reward -19.768	 ms 276.8	 loss 0.300507	 11.2s
[vali @925] rel=0.8837 (best 0.8821)  LS=269.0
Ep 925	 reward -19.746	 ms 276.4	 loss 0.282078	 17.8s
Ep 926	 reward -19.661	 ms 275.2	 loss 0.253613	 11.8s
Ep 927	 reward -19.643	 ms 275.0	 loss 0.185868	 11.0s
Ep 928	 reward -19.800	 ms 277.2	 loss 0.276994	 11.0s
Ep 929	 reward -19.607	 ms 274.5	 loss 0.194218	 10.9s
Ep 930	 reward -19.618	 ms 274.6	 loss 0.200974	 10.7s
Ep 931	 reward -19.650	 ms 275.1	 loss 0.163020	 11.2s
Ep 932	 reward -19.593	 ms 274.3	 loss 0.179743	 10.7s
Ep 933	 reward -19.643	 ms 275.0	 loss 0.140621	 11.5s
Ep 934	 reward -19.707	 ms 275.9	 loss 0.285211	 11.0s
Ep 935	 reward -19.593	 ms 274.3	 loss 0.237515	 10.3s
Ep 936	 reward -19.718	 ms 276.1	 loss 0.157562	 10.5s
Ep 937	 reward -19.696	 ms 275.8	 loss 0.241542	 9.9s
Ep 938	 reward -19.668	 ms 275.4	 loss 0.202023	 11.0s
Ep 939	 reward -19.718	 ms 276.1	 loss 0.215675	 11.2s
Ep 940	 reward -19.764	 ms 276.7	 loss 0.262515	 11.0s
Ep 941	 reward -19.061	 ms 266.9	 loss 0.201842	 10.6s
Ep 942	 reward -19.057	 ms 266.8	 loss 0.063810	 11.6s
Ep 943	 reward -19.118	 ms 267.6	 loss 0.082010	 11.4s
Ep 944	 reward -19.093	 ms 267.3	 loss 0.064140	 10.9s
Ep 945	 reward -19.118	 ms 267.6	 loss 0.152822	 11.5s
Ep 946	 reward -19.093	 ms 267.3	 loss 0.207980	 11.3s
Ep 947	 reward -19.111	 ms 267.6	 loss 0.071933	 11.2s
Ep 948	 reward -19.039	 ms 266.6	 loss 0.009967	 10.9s
Ep 949	 reward -19.121	 ms 267.7	 loss 0.058328	 11.0s
[vali @950] rel=0.8829 (best 0.8821)  LS=268.8
Ep 950	 reward -19.050	 ms 266.7	 loss 0.124131	 18.5s
Ep 951	 reward -19.075	 ms 267.1	 loss 0.028025	 11.1s
Ep 952	 reward -19.243	 ms 269.4	 loss 0.169526	 10.8s
Ep 953	 reward -19.132	 ms 267.9	 loss 0.093477	 11.1s
Ep 954	 reward -19.093	 ms 267.3	 loss 0.042932	 11.6s
Ep 955	 reward -19.075	 ms 267.1	 loss 0.236308	 10.4s
Ep 956	 reward -19.111	 ms 267.6	 loss 0.060102	 10.6s
Ep 957	 reward -19.111	 ms 267.6	 loss 0.197579	 10.2s
Ep 958	 reward -19.043	 ms 266.6	 loss 0.022903	 10.8s
Ep 959	 reward -18.936	 ms 265.1	 loss 0.137047	 11.0s
Ep 960	 reward -19.093	 ms 267.3	 loss 0.054329	 10.1s
Ep 961	 reward -19.643	 ms 275.0	 loss 0.195167	 11.6s
Ep 962	 reward -19.632	 ms 274.9	 loss 0.096523	 10.8s
Ep 963	 reward -19.589	 ms 274.2	 loss 0.026292	 10.4s
Ep 964	 reward -19.536	 ms 273.5	 loss 0.118358	 10.1s
Ep 965	 reward -19.536	 ms 273.5	 loss 0.053352	 10.0s
Ep 966	 reward -19.564	 ms 273.9	 loss 0.043535	 9.8s
Ep 967	 reward -19.575	 ms 274.1	 loss 0.113142	 10.0s
Ep 968	 reward -19.614	 ms 274.6	 loss 0.189627	 10.7s
Ep 969	 reward -19.582	 ms 274.1	 loss 0.044824	 9.5s
Ep 970	 reward -19.646	 ms 275.1	 loss -0.034974	 11.5s
Ep 971	 reward -19.707	 ms 275.9	 loss 0.049705	 11.0s
Ep 972	 reward -19.521	 ms 273.3	 loss 0.222007	 10.4s
Ep 973	 reward -19.657	 ms 275.2	 loss 0.044067	 11.5s
Ep 974	 reward -19.539	 ms 273.6	 loss 0.211006	 10.8s
[vali @975] rel=0.8898 (best 0.8821)  LS=270.9
Ep 975	 reward -19.586	 ms 274.2	 loss 0.239788	 19.1s
Ep 976	 reward -19.657	 ms 275.2	 loss 0.280429	 11.3s
Ep 977	 reward -19.754	 ms 276.6	 loss 0.183101	 10.9s
Ep 978	 reward -19.646	 ms 275.1	 loss 0.212735	 10.9s
Ep 979	 reward -19.596	 ms 274.4	 loss 0.042430	 10.3s
Ep 980	 reward -19.632	 ms 274.9	 loss 0.068215	 11.2s
Ep 981	 reward -19.636	 ms 274.9	 loss 0.155094	 10.8s
Ep 982	 reward -19.750	 ms 276.5	 loss 0.193793	 10.8s
Ep 983	 reward -19.664	 ms 275.3	 loss 0.245488	 10.6s
Ep 984	 reward -19.639	 ms 274.9	 loss 0.188653	 10.9s
Ep 985	 reward -19.768	 ms 276.8	 loss 0.309389	 10.6s
Ep 986	 reward -19.750	 ms 276.5	 loss 0.240845	 9.7s
Ep 987	 reward -19.775	 ms 276.9	 loss 0.117656	 10.8s
Ep 988	 reward -19.704	 ms 275.9	 loss 0.203439	 10.3s
Ep 989	 reward -19.711	 ms 275.9	 loss 0.279616	 10.3s
Ep 990	 reward -19.646	 ms 275.1	 loss 0.315267	 11.5s
Ep 991	 reward -19.704	 ms 275.9	 loss 0.268192	 11.1s
Ep 992	 reward -19.611	 ms 274.6	 loss 0.126857	 10.7s
Ep 993	 reward -19.600	 ms 274.4	 loss 0.261840	 11.1s
Ep 994	 reward -19.671	 ms 275.4	 loss 0.211304	 9.9s
Ep 995	 reward -19.761	 ms 276.6	 loss 0.246485	 9.3s
Ep 996	 reward -19.664	 ms 275.3	 loss 0.192681	 9.8s
Ep 997	 reward -19.686	 ms 275.6	 loss 0.180212	 9.8s
Ep 998	 reward -19.639	 ms 274.9	 loss 0.174298	 10.8s
Ep 999	 reward -19.571	 ms 274.0	 loss 0.145729	 11.3s
[vali @1000] rel=0.8826 (best 0.8821)  LS=268.6
Ep 1000	 reward -19.650	 ms 275.1	 loss 0.228708	 18.6s
[train_family] done in 3.16 h; best rel=0.8821
