[vali] MWKR norms: S=240.4
[model] params total=32786  film=0 (0.00%)
[train_family] model=10x25+family+spec-S-s302 regimes=['S'] updates=1000
Ep 1	 reward -14.504	 ms 203.1	 loss 1.448026	 45.1s
Ep 2	 reward -14.525	 ms 203.3	 loss 1.137986	 40.8s
Ep 3	 reward -14.475	 ms 202.7	 loss 1.500546	 37.7s
Ep 4	 reward -14.439	 ms 202.2	 loss 1.318603	 42.1s
Ep 5	 reward -14.400	 ms 201.6	 loss 1.129332	 42.6s
Ep 6	 reward -14.650	 ms 205.1	 loss 1.067598	 43.1s
Ep 7	 reward -14.586	 ms 204.2	 loss 1.063581	 43.9s
Ep 8	 reward -14.639	 ms 204.9	 loss 1.006196	 42.6s
Ep 9	 reward -14.521	 ms 203.3	 loss 0.908692	 40.4s
Ep 10	 reward -14.675	 ms 205.4	 loss 0.925776	 44.1s
Ep 11	 reward -14.543	 ms 203.6	 loss 0.816232	 42.4s
Ep 12	 reward -14.675	 ms 205.4	 loss 0.805438	 42.6s
Ep 13	 reward -14.689	 ms 205.7	 loss 0.628110	 43.3s
Ep 14	 reward -14.511	 ms 203.2	 loss 0.642594	 42.3s
Ep 15	 reward -14.561	 ms 203.8	 loss 0.504510	 45.2s
Ep 16	 reward -14.482	 ms 202.8	 loss 0.436510	 41.8s
Ep 17	 reward -14.450	 ms 202.3	 loss 0.428069	 46.3s
Ep 18	 reward -14.500	 ms 203.0	 loss 0.508824	 44.8s
Ep 19	 reward -14.450	 ms 202.3	 loss 0.517182	 43.3s
Ep 20	 reward -14.636	 ms 204.9	 loss 0.486761	 46.2s
Ep 21	 reward -14.571	 ms 204.0	 loss 0.513985	 44.8s
Ep 22	 reward -14.561	 ms 203.8	 loss 0.382408	 41.5s
Ep 23	 reward -14.621	 ms 204.7	 loss 0.451623	 43.2s
Ep 24	 reward -14.586	 ms 204.2	 loss 0.457483	 43.6s
[vali @25] rel=0.8270 (best 0.8270)  S=198.8
Ep 25	 reward -14.482	 ms 202.8	 loss 0.485533	 79.6s
Ep 26	 reward -14.614	 ms 204.6	 loss 0.456323	 43.3s
Ep 27	 reward -14.582	 ms 204.2	 loss 0.580488	 49.7s
Ep 28	 reward -14.629	 ms 204.8	 loss 0.379865	 42.2s
Ep 29	 reward -14.511	 ms 203.2	 loss 0.393069	 44.4s
Ep 30	 reward -14.596	 ms 204.3	 loss 0.416430	 42.2s
Ep 31	 reward -14.496	 ms 202.9	 loss 0.272431	 46.3s
Ep 32	 reward -14.446	 ms 202.2	 loss 0.427419	 45.4s
Ep 33	 reward -14.521	 ms 203.3	 loss 0.461187	 45.8s
Ep 34	 reward -14.539	 ms 203.6	 loss 0.437553	 47.1s
Ep 35	 reward -14.554	 ms 203.8	 loss 0.306962	 43.9s
Ep 36	 reward -14.639	 ms 204.9	 loss 0.355763	 42.1s
Ep 37	 reward -14.504	 ms 203.1	 loss 0.296291	 37.6s
Ep 38	 reward -14.586	 ms 204.2	 loss 0.492932	 37.5s
Ep 39	 reward -14.575	 ms 204.1	 loss 0.371716	 39.8s
Ep 40	 reward -14.632	 ms 204.8	 loss 0.332326	 36.7s
Ep 41	 reward -14.736	 ms 206.3	 loss 0.317885	 38.4s
Ep 42	 reward -14.714	 ms 206.0	 loss 0.302184	 40.9s
Ep 43	 reward -14.729	 ms 206.2	 loss 0.287518	 38.9s
Ep 44	 reward -14.621	 ms 204.7	 loss 0.238491	 35.1s
Ep 45	 reward -14.686	 ms 205.6	 loss 0.188171	 36.7s
Ep 46	 reward -14.796	 ms 207.2	 loss 0.347710	 38.1s
Ep 47	 reward -14.393	 ms 201.5	 loss 0.205191	 36.8s
Ep 48	 reward -14.521	 ms 203.3	 loss 0.317903	 37.7s
Ep 49	 reward -14.493	 ms 202.9	 loss 0.308157	 35.9s
[vali @50] rel=0.8128 (best 0.8128)  S=195.4
Ep 50	 reward -14.568	 ms 203.9	 loss 0.225863	 70.5s
Ep 51	 reward -14.546	 ms 203.7	 loss 0.218120	 38.9s
Ep 52	 reward -14.500	 ms 203.0	 loss 0.194323	 37.5s
Ep 53	 reward -14.554	 ms 203.8	 loss 0.296330	 37.8s
Ep 54	 reward -14.646	 ms 205.1	 loss 0.174676	 36.8s
Ep 55	 reward -14.621	 ms 204.7	 loss 0.269760	 37.4s
Ep 56	 reward -14.564	 ms 203.9	 loss 0.160273	 39.5s
Ep 57	 reward -14.686	 ms 205.6	 loss 0.266586	 38.4s
Ep 58	 reward -14.579	 ms 204.1	 loss 0.210536	 37.8s
Ep 59	 reward -14.654	 ms 205.2	 loss 0.241968	 37.2s
Ep 60	 reward -14.575	 ms 204.1	 loss 0.200798	 36.6s
Ep 61	 reward -14.439	 ms 202.2	 loss 0.122316	 40.0s
Ep 62	 reward -14.232	 ms 199.2	 loss 0.064267	 41.5s
Ep 63	 reward -14.371	 ms 201.2	 loss 0.038468	 41.9s
Ep 64	 reward -14.371	 ms 201.2	 loss 0.136935	 47.0s
Ep 65	 reward -14.418	 ms 201.8	 loss 0.093730	 41.4s
Ep 66	 reward -14.550	 ms 203.7	 loss 0.142025	 43.5s
Ep 67	 reward -14.357	 ms 201.0	 loss 0.074955	 41.2s
Ep 68	 reward -14.264	 ms 199.7	 loss 0.064654	 41.9s
Ep 69	 reward -14.275	 ms 199.8	 loss 0.106036	 41.5s
Ep 70	 reward -14.286	 ms 200.0	 loss 0.056013	 43.2s
Ep 71	 reward -14.232	 ms 199.2	 loss 0.065304	 40.0s
Ep 72	 reward -14.229	 ms 199.2	 loss 0.056639	 43.8s
Ep 73	 reward -14.146	 ms 198.1	 loss 0.070131	 40.7s
Ep 74	 reward -14.118	 ms 197.7	 loss 0.123274	 40.4s
[vali @75] rel=0.8087 (best 0.8087)  S=194.4
Ep 75	 reward -14.268	 ms 199.8	 loss 0.079675	 82.0s
Ep 76	 reward -14.125	 ms 197.8	 loss 0.037568	 41.9s
Ep 77	 reward -14.132	 ms 197.8	 loss 0.065117	 43.6s
Ep 78	 reward -14.079	 ms 197.1	 loss 0.089574	 39.5s
Ep 79	 reward -13.939	 ms 195.2	 loss 0.060551	 42.0s
Ep 80	 reward -14.121	 ms 197.7	 loss 0.058925	 43.0s
Ep 81	 reward -14.304	 ms 200.2	 loss 0.296624	 39.4s
Ep 82	 reward -14.479	 ms 202.7	 loss 0.209456	 45.6s
Ep 83	 reward -14.425	 ms 201.9	 loss 0.304236	 39.7s
Ep 84	 reward -14.407	 ms 201.7	 loss 0.213788	 43.0s
Ep 85	 reward -14.389	 ms 201.4	 loss 0.297829	 42.1s
Ep 86	 reward -14.425	 ms 201.9	 loss 0.308769	 41.2s
Ep 87	 reward -14.343	 ms 200.8	 loss 0.226523	 40.3s
Ep 88	 reward -14.271	 ms 199.8	 loss 0.173552	 43.0s
Ep 89	 reward -14.225	 ms 199.2	 loss 0.154065	 38.7s
Ep 90	 reward -14.193	 ms 198.7	 loss 0.280275	 44.0s
Ep 91	 reward -14.293	 ms 200.1	 loss 0.311638	 38.6s
Ep 92	 reward -14.336	 ms 200.7	 loss 0.332303	 42.9s
Ep 93	 reward -14.271	 ms 199.8	 loss 0.215267	 41.4s
Ep 94	 reward -14.146	 ms 198.1	 loss 0.260257	 41.4s
Ep 95	 reward -14.407	 ms 201.7	 loss 0.305480	 43.5s
Ep 96	 reward -14.321	 ms 200.5	 loss 0.167104	 43.1s
Ep 97	 reward -14.254	 ms 199.6	 loss 0.236742	 38.8s
Ep 98	 reward -14.193	 ms 198.7	 loss 0.298539	 39.1s
Ep 99	 reward -14.211	 ms 198.9	 loss 0.235492	 40.8s
[vali @100] rel=0.8218 (best 0.8087)  S=197.6
Ep 100	 reward -14.164	 ms 198.3	 loss 0.228618	 81.3s
Ep 101	 reward -14.314	 ms 200.4	 loss 0.329804	 41.7s
Ep 102	 reward -14.550	 ms 203.7	 loss 0.345918	 42.3s
Ep 103	 reward -14.443	 ms 202.2	 loss 0.351478	 40.9s
Ep 104	 reward -14.407	 ms 201.7	 loss 0.304799	 44.2s
Ep 105	 reward -14.482	 ms 202.8	 loss 0.348992	 45.7s
Ep 106	 reward -14.450	 ms 202.3	 loss 0.256258	 42.4s
Ep 107	 reward -14.343	 ms 200.8	 loss 0.303508	 45.2s
Ep 108	 reward -14.443	 ms 202.2	 loss 0.458025	 43.7s
Ep 109	 reward -14.296	 ms 200.2	 loss 0.377615	 38.1s
Ep 110	 reward -14.311	 ms 200.3	 loss 0.310212	 40.9s
Ep 111	 reward -14.279	 ms 199.9	 loss 0.295269	 39.4s
Ep 112	 reward -14.243	 ms 199.4	 loss 0.387974	 37.8s
Ep 113	 reward -14.264	 ms 199.7	 loss 0.360823	 45.4s
Ep 114	 reward -14.200	 ms 198.8	 loss 0.323016	 42.7s
Ep 115	 reward -14.268	 ms 199.8	 loss 0.320172	 39.4s
Ep 116	 reward -14.261	 ms 199.7	 loss 0.379720	 42.8s
Ep 117	 reward -14.307	 ms 200.3	 loss 0.292226	 41.7s
Ep 118	 reward -14.186	 ms 198.6	 loss 0.381419	 43.5s
Ep 119	 reward -14.221	 ms 199.1	 loss 0.388137	 42.4s
Ep 120	 reward -14.096	 ms 197.3	 loss 0.315726	 42.1s
Ep 121	 reward -14.375	 ms 201.2	 loss 0.248209	 42.7s
Ep 122	 reward -14.557	 ms 203.8	 loss 0.301101	 41.2s
Ep 123	 reward -14.386	 ms 201.4	 loss 0.455929	 40.8s
Ep 124	 reward -14.493	 ms 202.9	 loss 0.332085	 40.4s
[vali @125] rel=0.8084 (best 0.8084)  S=194.3
Ep 125	 reward -14.386	 ms 201.4	 loss 0.296712	 73.3s
Ep 126	 reward -14.389	 ms 201.4	 loss 0.234558	 40.3s
Ep 127	 reward -14.446	 ms 202.2	 loss 0.299441	 39.0s
Ep 128	 reward -14.354	 ms 200.9	 loss 0.220211	 42.5s
Ep 129	 reward -14.443	 ms 202.2	 loss 0.338643	 41.5s
Ep 130	 reward -14.421	 ms 201.9	 loss 0.182184	 44.4s
Ep 131	 reward -14.357	 ms 201.0	 loss 0.255736	 40.2s
Ep 132	 reward -14.429	 ms 202.0	 loss 0.192758	 42.4s
Ep 133	 reward -14.396	 ms 201.6	 loss 0.303096	 44.9s
Ep 134	 reward -14.361	 ms 201.1	 loss 0.166680	 39.3s
Ep 135	 reward -14.154	 ms 198.2	 loss 0.163691	 40.3s
Ep 136	 reward -14.371	 ms 201.2	 loss 0.165793	 40.9s
Ep 137	 reward -14.261	 ms 199.7	 loss 0.301353	 39.3s
Ep 138	 reward -14.286	 ms 200.0	 loss 0.187637	 42.1s
Ep 139	 reward -14.339	 ms 200.8	 loss 0.195780	 43.8s
Ep 140	 reward -14.450	 ms 202.3	 loss 0.150892	 40.1s
Ep 141	 reward -14.014	 ms 196.2	 loss 0.180831	 42.6s
Ep 142	 reward -13.886	 ms 194.4	 loss 0.063352	 41.2s
Ep 143	 reward -13.925	 ms 194.9	 loss 0.259890	 39.2s
Ep 144	 reward -14.036	 ms 196.5	 loss 0.207178	 42.6s
Ep 145	 reward -13.904	 ms 194.7	 loss 0.096918	 40.5s
Ep 146	 reward -14.004	 ms 196.1	 loss 0.137113	 40.8s
Ep 147	 reward -13.864	 ms 194.1	 loss 0.242428	 41.9s
Ep 148	 reward -13.832	 ms 193.7	 loss 0.036554	 46.8s
Ep 149	 reward -13.961	 ms 195.4	 loss 0.084503	 40.6s
[vali @150] rel=0.7993 (best 0.7993)  S=192.2
Ep 150	 reward -13.996	 ms 195.9	 loss 0.119324	 78.1s
Ep 151	 reward -14.018	 ms 196.2	 loss 0.195400	 40.7s
Ep 152	 reward -14.057	 ms 196.8	 loss 0.051667	 40.1s
Ep 153	 reward -13.954	 ms 195.3	 loss 0.063426	 40.3s
Ep 154	 reward -13.939	 ms 195.2	 loss 0.208854	 40.4s
Ep 155	 reward -13.936	 ms 195.1	 loss 0.124959	 39.4s
Ep 156	 reward -13.961	 ms 195.4	 loss 0.260266	 45.5s
Ep 157	 reward -13.925	 ms 194.9	 loss 0.157499	 44.2s
Ep 158	 reward -14.111	 ms 197.6	 loss 0.110674	 41.3s
Ep 159	 reward -13.932	 ms 195.1	 loss 0.228717	 39.8s
Ep 160	 reward -13.850	 ms 193.9	 loss 0.190415	 43.5s
Ep 161	 reward -14.182	 ms 198.6	 loss 0.315372	 39.4s
Ep 162	 reward -14.268	 ms 199.8	 loss 0.226952	 38.9s
Ep 163	 reward -14.286	 ms 200.0	 loss 0.227534	 39.2s
Ep 164	 reward -14.086	 ms 197.2	 loss 0.240817	 42.8s
Ep 165	 reward -14.250	 ms 199.5	 loss 0.328593	 41.9s
Ep 166	 reward -14.236	 ms 199.3	 loss 0.325927	 39.4s
Ep 167	 reward -14.161	 ms 198.2	 loss 0.165898	 42.9s
Ep 168	 reward -14.246	 ms 199.4	 loss 0.352874	 42.4s
Ep 169	 reward -14.089	 ms 197.2	 loss 0.340577	 43.4s
Ep 170	 reward -14.225	 ms 199.2	 loss 0.231775	 42.3s
Ep 171	 reward -14.175	 ms 198.4	 loss 0.200853	 45.2s
Ep 172	 reward -14.211	 ms 198.9	 loss 0.184618	 39.6s
Ep 173	 reward -14.154	 ms 198.2	 loss 0.207791	 43.7s
Ep 174	 reward -14.107	 ms 197.5	 loss 0.121387	 39.9s
[vali @175] rel=0.7997 (best 0.7993)  S=192.2
Ep 175	 reward -14.125	 ms 197.8	 loss 0.245877	 77.0s
Ep 176	 reward -14.225	 ms 199.2	 loss 0.160676	 39.5s
Ep 177	 reward -14.121	 ms 197.7	 loss 0.249801	 35.6s
Ep 178	 reward -14.221	 ms 199.1	 loss 0.275995	 36.2s
Ep 179	 reward -14.221	 ms 199.1	 loss 0.215828	 38.8s
Ep 180	 reward -14.193	 ms 198.7	 loss 0.138545	 37.3s
Ep 181	 reward -14.007	 ms 196.1	 loss 0.067454	 38.5s
Ep 182	 reward -14.107	 ms 197.5	 loss 0.129044	 36.1s
Ep 183	 reward -14.104	 ms 197.4	 loss 0.145516	 36.9s
Ep 184	 reward -14.050	 ms 196.7	 loss 0.106544	 39.9s
Ep 185	 reward -13.968	 ms 195.6	 loss 0.122983	 38.7s
Ep 186	 reward -14.061	 ms 196.8	 loss 0.123735	 38.2s
Ep 187	 reward -14.129	 ms 197.8	 loss 0.148768	 39.1s
Ep 188	 reward -14.061	 ms 196.8	 loss 0.060266	 38.4s
Ep 189	 reward -14.075	 ms 197.1	 loss 0.128815	 37.7s
Ep 190	 reward -13.975	 ms 195.7	 loss 0.118402	 36.3s
Ep 191	 reward -13.996	 ms 195.9	 loss 0.056332	 37.9s
Ep 192	 reward -13.971	 ms 195.6	 loss 0.106575	 38.5s
Ep 193	 reward -13.932	 ms 195.1	 loss 0.122164	 36.2s
Ep 194	 reward -14.164	 ms 198.3	 loss 0.117583	 37.8s
Ep 195	 reward -14.161	 ms 198.2	 loss 0.063025	 35.2s
Ep 196	 reward -13.989	 ms 195.8	 loss 0.070057	 36.0s
Ep 197	 reward -14.182	 ms 198.6	 loss 0.122032	 37.7s
Ep 198	 reward -14.111	 ms 197.6	 loss 0.035353	 38.8s
Ep 199	 reward -13.986	 ms 195.8	 loss 0.041689	 39.2s
[vali @200] rel=0.8095 (best 0.7993)  S=194.6
Ep 200	 reward -14.168	 ms 198.3	 loss 0.086038	 74.4s
Ep 201	 reward -13.939	 ms 195.2	 loss 0.195161	 39.7s
Ep 202	 reward -13.936	 ms 195.1	 loss 0.255658	 35.6s
Ep 203	 reward -13.939	 ms 195.2	 loss 0.282436	 37.4s
Ep 204	 reward -14.000	 ms 196.0	 loss 0.282949	 36.5s
Ep 205	 reward -14.029	 ms 196.4	 loss 0.218293	 37.1s
Ep 206	 reward -13.989	 ms 195.8	 loss 0.204588	 36.2s
Ep 207	 reward -13.936	 ms 195.1	 loss 0.206103	 36.3s
Ep 208	 reward -13.896	 ms 194.6	 loss 0.268574	 36.6s
Ep 209	 reward -14.129	 ms 197.8	 loss 0.327645	 36.1s
Ep 210	 reward -13.971	 ms 195.6	 loss 0.236834	 36.7s
Ep 211	 reward -14.011	 ms 196.2	 loss 0.273050	 38.6s
Ep 212	 reward -13.893	 ms 194.5	 loss 0.214768	 37.3s
Ep 213	 reward -13.946	 ms 195.2	 loss 0.144544	 39.2s
Ep 214	 reward -14.129	 ms 197.8	 loss 0.245821	 36.6s
Ep 215	 reward -14.121	 ms 197.7	 loss 0.219556	 35.9s
Ep 216	 reward -13.921	 ms 194.9	 loss 0.177841	 37.1s
Ep 217	 reward -13.789	 ms 193.1	 loss 0.190175	 36.9s
Ep 218	 reward -13.964	 ms 195.5	 loss 0.298471	 37.4s
Ep 219	 reward -14.046	 ms 196.7	 loss 0.329724	 39.3s
Ep 220	 reward -13.929	 ms 195.0	 loss 0.187973	 36.1s
Ep 221	 reward -14.207	 ms 198.9	 loss 0.266459	 38.0s
Ep 222	 reward -14.154	 ms 198.2	 loss 0.105083	 37.8s
Ep 223	 reward -14.311	 ms 200.3	 loss 0.195694	 37.7s
Ep 224	 reward -14.239	 ms 199.3	 loss 0.173756	 37.0s
[vali @225] rel=0.8120 (best 0.7993)  S=195.2
Ep 225	 reward -14.300	 ms 200.2	 loss 0.075770	 69.6s
Ep 226	 reward -14.200	 ms 198.8	 loss 0.288335	 36.9s
Ep 227	 reward -14.193	 ms 198.7	 loss 0.177952	 37.9s
Ep 228	 reward -14.171	 ms 198.4	 loss 0.050753	 39.0s
Ep 229	 reward -14.218	 ms 199.1	 loss 0.078715	 37.0s
Ep 230	 reward -14.211	 ms 198.9	 loss 0.145078	 35.8s
Ep 231	 reward -14.450	 ms 202.3	 loss 0.177088	 37.9s
Ep 232	 reward -14.221	 ms 199.1	 loss 0.091921	 37.1s
Ep 233	 reward -14.189	 ms 198.7	 loss 0.240636	 36.6s
Ep 234	 reward -14.364	 ms 201.1	 loss 0.282764	 36.4s
Ep 235	 reward -14.239	 ms 199.3	 loss 0.132616	 35.8s
Ep 236	 reward -14.243	 ms 199.4	 loss 0.053973	 36.0s
Ep 237	 reward -14.129	 ms 197.8	 loss 0.210690	 37.4s
Ep 238	 reward -14.236	 ms 199.3	 loss 0.225114	 37.3s
Ep 239	 reward -14.250	 ms 199.5	 loss 0.329420	 36.3s
Ep 240	 reward -14.289	 ms 200.1	 loss 0.122544	 37.9s
Ep 241	 reward -13.911	 ms 194.8	 loss 0.141715	 38.9s
Ep 242	 reward -13.939	 ms 195.2	 loss 0.251004	 38.5s
Ep 243	 reward -13.936	 ms 195.1	 loss 0.256573	 39.1s
Ep 244	 reward -13.900	 ms 194.6	 loss 0.279512	 36.2s
Ep 245	 reward -14.114	 ms 197.6	 loss 0.246888	 36.4s
Ep 246	 reward -13.921	 ms 194.9	 loss 0.028794	 35.4s
Ep 247	 reward -14.061	 ms 196.8	 loss 0.246585	 37.9s
Ep 248	 reward -13.950	 ms 195.3	 loss 0.210493	 35.4s
Ep 249	 reward -13.857	 ms 194.0	 loss 0.207040	 36.7s
[vali @250] rel=0.8078 (best 0.7993)  S=194.2
Ep 250	 reward -13.868	 ms 194.2	 loss 0.220837	 73.0s
Ep 251	 reward -13.957	 ms 195.4	 loss 0.227472	 37.8s
Ep 252	 reward -13.964	 ms 195.5	 loss 0.233202	 35.4s
Ep 253	 reward -13.946	 ms 195.2	 loss 0.131293	 36.5s
Ep 254	 reward -14.032	 ms 196.4	 loss 0.284108	 37.7s
Ep 255	 reward -13.854	 ms 193.9	 loss 0.220374	 35.5s
Ep 256	 reward -13.954	 ms 195.3	 loss 0.179703	 34.6s
Ep 257	 reward -13.929	 ms 195.0	 loss 0.217387	 35.6s
Ep 258	 reward -13.946	 ms 195.2	 loss 0.175949	 38.2s
Ep 259	 reward -13.936	 ms 195.1	 loss 0.212957	 36.0s
Ep 260	 reward -13.986	 ms 195.8	 loss 0.132305	 38.8s
Ep 261	 reward -14.157	 ms 198.2	 loss 0.168688	 39.5s
Ep 262	 reward -14.007	 ms 196.1	 loss 0.036178	 36.9s
Ep 263	 reward -14.089	 ms 197.2	 loss 0.093109	 36.1s
Ep 264	 reward -14.154	 ms 198.2	 loss 0.088735	 38.7s
Ep 265	 reward -14.111	 ms 197.6	 loss 0.038403	 36.6s
Ep 266	 reward -14.143	 ms 198.0	 loss 0.105375	 37.7s
Ep 267	 reward -14.143	 ms 198.0	 loss 0.111292	 36.4s
Ep 268	 reward -14.111	 ms 197.6	 loss 0.051207	 39.2s
Ep 269	 reward -14.250	 ms 199.5	 loss 0.166455	 38.5s
Ep 270	 reward -14.254	 ms 199.6	 loss 0.098723	 38.1s
Ep 271	 reward -14.221	 ms 199.1	 loss -0.018693	 35.4s
Ep 272	 reward -14.229	 ms 199.2	 loss 0.009290	 37.7s
Ep 273	 reward -14.271	 ms 199.8	 loss 0.039962	 36.4s
Ep 274	 reward -14.286	 ms 200.0	 loss 0.083605	 37.9s
[vali @275] rel=0.8157 (best 0.7993)  S=196.1
Ep 275	 reward -14.279	 ms 199.9	 loss 0.085891	 69.3s
Ep 276	 reward -14.318	 ms 200.4	 loss 0.060124	 37.9s
Ep 277	 reward -14.225	 ms 199.2	 loss 0.115587	 37.3s
Ep 278	 reward -14.293	 ms 200.1	 loss 0.022793	 39.0s
Ep 279	 reward -14.232	 ms 199.2	 loss 0.086442	 37.4s
Ep 280	 reward -14.261	 ms 199.7	 loss 0.029620	 34.1s
Ep 281	 reward -14.164	 ms 198.3	 loss 0.252450	 39.2s
Ep 282	 reward -14.268	 ms 199.8	 loss 0.281290	 37.9s
Ep 283	 reward -14.157	 ms 198.2	 loss 0.210723	 38.6s
Ep 284	 reward -14.211	 ms 198.9	 loss 0.229110	 37.3s
Ep 285	 reward -14.100	 ms 197.4	 loss 0.201448	 37.2s
Ep 286	 reward -14.039	 ms 196.6	 loss 0.134346	 39.0s
Ep 287	 reward -14.125	 ms 197.8	 loss 0.142472	 41.4s
Ep 288	 reward -14.132	 ms 197.8	 loss 0.175198	 35.2s
Ep 289	 reward -14.154	 ms 198.2	 loss 0.206543	 36.9s
Ep 290	 reward -14.046	 ms 196.7	 loss 0.093663	 37.0s
Ep 291	 reward -14.157	 ms 198.2	 loss 0.045678	 39.5s
Ep 292	 reward -14.032	 ms 196.4	 loss 0.273971	 36.7s
Ep 293	 reward -14.018	 ms 196.2	 loss 0.094913	 38.8s
Ep 294	 reward -14.029	 ms 196.4	 loss 0.177974	 40.6s
Ep 295	 reward -14.075	 ms 197.1	 loss 0.106452	 37.6s
Ep 296	 reward -13.993	 ms 195.9	 loss 0.205937	 36.4s
Ep 297	 reward -14.096	 ms 197.3	 loss 0.180166	 35.9s
Ep 298	 reward -14.057	 ms 196.8	 loss 0.131301	 39.4s
Ep 299	 reward -14.068	 ms 196.9	 loss 0.158502	 37.4s
[vali @300] rel=0.8139 (best 0.7993)  S=195.7
Ep 300	 reward -14.089	 ms 197.2	 loss 0.237033	 71.1s
Ep 301	 reward -14.079	 ms 197.1	 loss 0.166245	 41.2s
Ep 302	 reward -13.957	 ms 195.4	 loss 0.196241	 33.2s
Ep 303	 reward -13.907	 ms 194.7	 loss 0.170893	 35.9s
Ep 304	 reward -14.036	 ms 196.5	 loss 0.131380	 35.5s
Ep 305	 reward -13.914	 ms 194.8	 loss 0.155257	 38.7s
Ep 306	 reward -13.993	 ms 195.9	 loss 0.228528	 34.6s
Ep 307	 reward -13.971	 ms 195.6	 loss 0.163151	 36.8s
Ep 308	 reward -13.943	 ms 195.2	 loss 0.089908	 35.6s
Ep 309	 reward -14.100	 ms 197.4	 loss 0.129675	 35.5s
Ep 310	 reward -14.100	 ms 197.4	 loss 0.162811	 37.9s
Ep 311	 reward -13.914	 ms 194.8	 loss 0.087262	 36.0s
Ep 312	 reward -14.143	 ms 198.0	 loss 0.107273	 38.0s
Ep 313	 reward -14.096	 ms 197.3	 loss 0.106908	 38.9s
Ep 314	 reward -13.961	 ms 195.4	 loss 0.282494	 37.0s
Ep 315	 reward -14.154	 ms 198.2	 loss 0.302504	 37.6s
Ep 316	 reward -14.075	 ms 197.1	 loss 0.170842	 38.5s
Ep 317	 reward -13.921	 ms 194.9	 loss 0.253507	 35.5s
Ep 318	 reward -13.896	 ms 194.6	 loss 0.177754	 37.0s
Ep 319	 reward -14.111	 ms 197.6	 loss 0.161569	 37.1s
Ep 320	 reward -13.932	 ms 195.1	 loss 0.105699	 36.6s
Ep 321	 reward -13.921	 ms 194.9	 loss 0.073617	 39.6s
Ep 322	 reward -14.154	 ms 198.2	 loss 0.220364	 37.4s
Ep 323	 reward -14.071	 ms 197.0	 loss 0.190456	 39.8s
Ep 324	 reward -14.021	 ms 196.3	 loss 0.143482	 36.1s
[vali @325] rel=0.8203 (best 0.7993)  S=197.2
Ep 325	 reward -14.068	 ms 196.9	 loss 0.151776	 72.7s
Ep 326	 reward -13.971	 ms 195.6	 loss 0.207760	 36.4s
Ep 327	 reward -13.979	 ms 195.7	 loss 0.154642	 36.1s
Ep 328	 reward -13.932	 ms 195.1	 loss 0.189761	 35.3s
Ep 329	 reward -14.057	 ms 196.8	 loss 0.201692	 35.4s
Ep 330	 reward -13.971	 ms 195.6	 loss 0.193861	 37.4s
Ep 331	 reward -14.046	 ms 196.7	 loss 0.261000	 37.8s
Ep 332	 reward -14.068	 ms 196.9	 loss 0.158752	 39.2s
Ep 333	 reward -14.068	 ms 196.9	 loss 0.138608	 38.0s
Ep 334	 reward -14.021	 ms 196.3	 loss 0.181571	 36.5s
Ep 335	 reward -13.921	 ms 194.9	 loss 0.182504	 37.4s
Ep 336	 reward -14.014	 ms 196.2	 loss 0.161576	 37.8s
Ep 337	 reward -14.011	 ms 196.2	 loss 0.169040	 38.5s
Ep 338	 reward -13.964	 ms 195.5	 loss 0.084742	 38.7s
Ep 339	 reward -13.996	 ms 195.9	 loss 0.205594	 37.9s
Ep 340	 reward -13.921	 ms 194.9	 loss 0.223582	 38.4s
Ep 341	 reward -14.018	 ms 196.2	 loss 0.113814	 36.7s
Ep 342	 reward -13.904	 ms 194.7	 loss 0.020544	 38.8s
Ep 343	 reward -13.975	 ms 195.7	 loss 0.030351	 39.2s
Ep 344	 reward -13.943	 ms 195.2	 loss 0.081811	 40.7s
Ep 345	 reward -13.925	 ms 194.9	 loss -0.010699	 39.1s
Ep 346	 reward -13.739	 ms 192.3	 loss 0.106275	 37.7s
Ep 347	 reward -13.896	 ms 194.6	 loss 0.112103	 35.2s
Ep 348	 reward -13.904	 ms 194.7	 loss 0.023669	 36.6s
Ep 349	 reward -13.829	 ms 193.6	 loss 0.041899	 35.6s
[vali @350] rel=0.8120 (best 0.7993)  S=195.2
Ep 350	 reward -13.939	 ms 195.2	 loss 0.078965	 70.4s
Ep 351	 reward -13.861	 ms 194.1	 loss 0.031525	 35.7s
Ep 352	 reward -13.839	 ms 193.8	 loss 0.187810	 36.7s
Ep 353	 reward -13.832	 ms 193.7	 loss 0.126150	 38.3s
Ep 354	 reward -13.850	 ms 193.9	 loss 0.068390	 38.6s
Ep 355	 reward -13.800	 ms 193.2	 loss 0.047575	 36.5s
Ep 356	 reward -13.789	 ms 193.1	 loss 0.102088	 39.9s
Ep 357	 reward -13.932	 ms 195.1	 loss 0.109542	 34.6s
Ep 358	 reward -13.850	 ms 193.9	 loss 0.064303	 37.2s
Ep 359	 reward -13.850	 ms 193.9	 loss 0.089922	 37.2s
Ep 360	 reward -13.871	 ms 194.2	 loss 0.068874	 35.7s
Ep 361	 reward -14.036	 ms 196.5	 loss 0.264379	 38.0s
Ep 362	 reward -14.143	 ms 198.0	 loss 0.320319	 36.8s
Ep 363	 reward -14.089	 ms 197.2	 loss 0.337742	 39.4s
Ep 364	 reward -14.018	 ms 196.2	 loss 0.266831	 41.2s
Ep 365	 reward -14.193	 ms 198.7	 loss 0.286468	 47.1s
Ep 366	 reward -14.136	 ms 197.9	 loss 0.335766	 43.2s
Ep 367	 reward -14.032	 ms 196.4	 loss 0.319008	 45.4s
Ep 368	 reward -14.068	 ms 196.9	 loss 0.269494	 45.4s
Ep 369	 reward -14.146	 ms 198.1	 loss 0.314845	 46.2s
Ep 370	 reward -14.064	 ms 196.9	 loss 0.264947	 42.4s
Ep 371	 reward -14.193	 ms 198.7	 loss 0.262740	 41.9s
Ep 372	 reward -14.168	 ms 198.3	 loss 0.302831	 42.3s
Ep 373	 reward -14.136	 ms 197.9	 loss 0.397523	 45.4s
Ep 374	 reward -14.104	 ms 197.4	 loss 0.305214	 47.5s
[vali @375] rel=0.8055 (best 0.7993)  S=193.7
Ep 375	 reward -14.089	 ms 197.2	 loss 0.211840	 88.5s
Ep 376	 reward -14.057	 ms 196.8	 loss 0.226172	 40.3s
Ep 377	 reward -14.171	 ms 198.4	 loss 0.261863	 40.5s
Ep 378	 reward -14.254	 ms 199.6	 loss 0.354022	 47.8s
Ep 379	 reward -14.104	 ms 197.4	 loss 0.239572	 46.7s
Ep 380	 reward -14.186	 ms 198.6	 loss 0.260564	 49.0s
Ep 381	 reward -14.489	 ms 202.8	 loss 0.237162	 48.1s
Ep 382	 reward -14.489	 ms 202.8	 loss 0.110179	 45.5s
Ep 383	 reward -14.600	 ms 204.4	 loss 0.223872	 45.2s
Ep 384	 reward -14.550	 ms 203.7	 loss 0.233258	 42.8s
Ep 385	 reward -14.493	 ms 202.9	 loss 0.141482	 43.3s
Ep 386	 reward -14.439	 ms 202.2	 loss 0.185915	 43.6s
Ep 387	 reward -14.418	 ms 201.8	 loss 0.049625	 41.2s
Ep 388	 reward -14.386	 ms 201.4	 loss 0.127146	 43.3s
Ep 389	 reward -14.389	 ms 201.4	 loss 0.250625	 42.3s
Ep 390	 reward -14.339	 ms 200.8	 loss 0.128816	 45.0s
Ep 391	 reward -14.511	 ms 203.2	 loss 0.088143	 43.9s
Ep 392	 reward -14.496	 ms 202.9	 loss 0.213938	 44.7s
Ep 393	 reward -14.361	 ms 201.1	 loss 0.068391	 44.9s
Ep 394	 reward -14.407	 ms 201.7	 loss 0.105160	 42.7s
Ep 395	 reward -14.493	 ms 202.9	 loss 0.185086	 45.0s
Ep 396	 reward -14.479	 ms 202.7	 loss 0.120140	 44.5s
Ep 397	 reward -14.521	 ms 203.3	 loss 0.157907	 41.6s
Ep 398	 reward -14.507	 ms 203.1	 loss 0.067753	 41.9s
Ep 399	 reward -14.407	 ms 201.7	 loss 0.211943	 51.4s
[vali @400] rel=0.8109 (best 0.7993)  S=194.9
Ep 400	 reward -14.543	 ms 203.6	 loss 0.117951	 88.0s
Ep 401	 reward -14.307	 ms 200.3	 loss 0.450695	 45.9s
Ep 402	 reward -14.396	 ms 201.6	 loss 0.418534	 46.3s
Ep 403	 reward -14.189	 ms 198.7	 loss 0.021319	 40.6s
Ep 404	 reward -14.275	 ms 199.8	 loss 0.010830	 46.1s
Ep 405	 reward -14.264	 ms 199.7	 loss 0.261305	 46.1s
Ep 406	 reward -14.350	 ms 200.9	 loss 0.394725	 46.4s
Ep 407	 reward -14.371	 ms 201.2	 loss 0.395082	 44.7s
Ep 408	 reward -14.289	 ms 200.1	 loss 0.235302	 43.8s
Ep 409	 reward -14.350	 ms 200.9	 loss 0.102810	 49.0s
Ep 410	 reward -14.282	 ms 199.9	 loss 0.310797	 40.9s
Ep 411	 reward -14.318	 ms 200.4	 loss 0.083856	 43.4s
Ep 412	 reward -14.221	 ms 199.1	 loss 0.119458	 45.8s
Ep 413	 reward -14.304	 ms 200.2	 loss 0.291251	 42.8s
Ep 414	 reward -14.346	 ms 200.8	 loss 0.154851	 43.7s
Ep 415	 reward -14.271	 ms 199.8	 loss 0.277987	 46.5s
Ep 416	 reward -14.271	 ms 199.8	 loss 0.149223	 47.9s
Ep 417	 reward -14.354	 ms 200.9	 loss 0.015068	 42.7s
Ep 418	 reward -14.368	 ms 201.2	 loss 0.322988	 43.6s
Ep 419	 reward -14.339	 ms 200.8	 loss 0.349840	 42.7s
Ep 420	 reward -14.257	 ms 199.6	 loss -0.014902	 43.6s
Ep 421	 reward -14.021	 ms 196.3	 loss 0.276965	 44.7s
Ep 422	 reward -13.921	 ms 194.9	 loss 0.214416	 42.9s
Ep 423	 reward -13.886	 ms 194.4	 loss 0.248984	 40.6s
Ep 424	 reward -13.868	 ms 194.2	 loss 0.338851	 42.7s
[vali @425] rel=0.8116 (best 0.7993)  S=195.1
Ep 425	 reward -13.993	 ms 195.9	 loss 0.370957	 84.9s
Ep 426	 reward -13.936	 ms 195.1	 loss 0.206733	 45.5s
Ep 427	 reward -13.975	 ms 195.7	 loss 0.198507	 47.2s
Ep 428	 reward -13.868	 ms 194.2	 loss 0.261349	 41.9s
Ep 429	 reward -13.900	 ms 194.6	 loss 0.240029	 44.3s
Ep 430	 reward -13.932	 ms 195.1	 loss 0.259010	 45.0s
Ep 431	 reward -13.900	 ms 194.6	 loss 0.144840	 41.0s
Ep 432	 reward -13.868	 ms 194.2	 loss 0.176898	 40.6s
Ep 433	 reward -14.007	 ms 196.1	 loss 0.224823	 41.2s
Ep 434	 reward -13.839	 ms 193.8	 loss 0.344083	 43.1s
Ep 435	 reward -14.018	 ms 196.2	 loss 0.335133	 45.9s
Ep 436	 reward -13.964	 ms 195.5	 loss 0.276785	 45.0s
Ep 437	 reward -13.829	 ms 193.6	 loss 0.255592	 42.9s
Ep 438	 reward -13.939	 ms 195.2	 loss 0.299787	 44.4s
Ep 439	 reward -13.989	 ms 195.8	 loss 0.300078	 43.2s
Ep 440	 reward -13.996	 ms 195.9	 loss 0.283441	 43.1s
Ep 441	 reward -14.107	 ms 197.5	 loss 0.152156	 45.4s
Ep 442	 reward -14.143	 ms 198.0	 loss 0.161494	 43.9s
Ep 443	 reward -14.175	 ms 198.4	 loss 0.183389	 46.6s
Ep 444	 reward -14.146	 ms 198.1	 loss 0.179061	 44.9s
Ep 445	 reward -14.154	 ms 198.2	 loss 0.104516	 43.7s
Ep 446	 reward -14.082	 ms 197.2	 loss 0.240228	 46.3s
Ep 447	 reward -14.114	 ms 197.6	 loss 0.204498	 43.5s
Ep 448	 reward -14.075	 ms 197.1	 loss 0.277423	 43.9s
Ep 449	 reward -14.189	 ms 198.7	 loss 0.169323	 40.4s
[vali @450] rel=0.8157 (best 0.7993)  S=196.1
Ep 450	 reward -14.050	 ms 196.7	 loss 0.235798	 81.4s
Ep 451	 reward -14.025	 ms 196.3	 loss 0.196212	 39.6s
Ep 452	 reward -14.011	 ms 196.2	 loss 0.240268	 48.6s
Ep 453	 reward -14.075	 ms 197.1	 loss 0.116719	 40.2s
Ep 454	 reward -14.021	 ms 196.3	 loss 0.270663	 42.3s
Ep 455	 reward -14.046	 ms 196.7	 loss 0.047278	 44.8s
Ep 456	 reward -14.125	 ms 197.8	 loss 0.238024	 43.1s
Ep 457	 reward -14.036	 ms 196.5	 loss 0.143437	 40.7s
Ep 458	 reward -14.136	 ms 197.9	 loss 0.210029	 44.0s
Ep 459	 reward -14.057	 ms 196.8	 loss 0.226886	 43.7s
Ep 460	 reward -14.096	 ms 197.3	 loss 0.155893	 41.9s
Ep 461	 reward -14.136	 ms 197.9	 loss 0.068570	 40.9s
Ep 462	 reward -14.118	 ms 197.7	 loss -0.027702	 42.7s
Ep 463	 reward -14.107	 ms 197.5	 loss -0.005372	 44.3s
Ep 464	 reward -14.196	 ms 198.8	 loss -0.002926	 42.1s
Ep 465	 reward -14.179	 ms 198.5	 loss 0.014660	 42.4s
Ep 466	 reward -14.146	 ms 198.1	 loss 0.068379	 42.1s
Ep 467	 reward -14.236	 ms 199.3	 loss 0.044015	 43.0s
Ep 468	 reward -14.075	 ms 197.1	 loss -0.007307	 45.6s
Ep 469	 reward -14.043	 ms 196.6	 loss 0.054439	 46.9s
Ep 470	 reward -14.254	 ms 199.6	 loss 0.062973	 45.1s
Ep 471	 reward -14.236	 ms 199.3	 loss -0.005518	 42.7s
Ep 472	 reward -14.143	 ms 198.0	 loss 0.010760	 45.6s
Ep 473	 reward -14.068	 ms 196.9	 loss 0.064634	 44.5s
Ep 474	 reward -14.121	 ms 197.7	 loss 0.008010	 45.3s
[vali @475] rel=0.8093 (best 0.7993)  S=194.6
Ep 475	 reward -14.118	 ms 197.7	 loss -0.001621	 81.3s
Ep 476	 reward -14.096	 ms 197.3	 loss 0.010514	 47.2s
Ep 477	 reward -14.025	 ms 196.3	 loss 0.058565	 44.7s
Ep 478	 reward -14.179	 ms 198.5	 loss 0.019993	 45.1s
Ep 479	 reward -14.211	 ms 198.9	 loss 0.055422	 42.8s
Ep 480	 reward -14.096	 ms 197.3	 loss 0.006606	 49.5s
Ep 481	 reward -14.079	 ms 197.1	 loss 0.043776	 42.6s
Ep 482	 reward -14.036	 ms 196.5	 loss -0.005743	 45.3s
Ep 483	 reward -14.129	 ms 197.8	 loss 0.030446	 41.9s
Ep 484	 reward -14.239	 ms 199.3	 loss 0.060349	 45.8s
Ep 485	 reward -14.168	 ms 198.3	 loss 0.039149	 44.4s
Ep 486	 reward -14.036	 ms 196.5	 loss 0.022741	 47.1s
Ep 487	 reward -14.221	 ms 199.1	 loss 0.037394	 43.7s
Ep 488	 reward -14.136	 ms 197.9	 loss 0.051084	 46.5s
Ep 489	 reward -14.179	 ms 198.5	 loss 0.018047	 41.6s
Ep 490	 reward -14.143	 ms 198.0	 loss 0.058235	 41.4s
Ep 491	 reward -14.089	 ms 197.2	 loss 0.014940	 44.9s
Ep 492	 reward -14.089	 ms 197.2	 loss 0.037771	 42.3s
Ep 493	 reward -14.136	 ms 197.9	 loss 0.015846	 42.0s
Ep 494	 reward -14.168	 ms 198.3	 loss 0.048808	 42.0s
Ep 495	 reward -14.132	 ms 197.8	 loss 0.052479	 46.1s
Ep 496	 reward -14.271	 ms 199.8	 loss 0.041539	 42.2s
Ep 497	 reward -14.154	 ms 198.2	 loss 0.099955	 42.7s
Ep 498	 reward -14.036	 ms 196.5	 loss 0.071322	 40.4s
Ep 499	 reward -14.186	 ms 198.6	 loss 0.085194	 45.5s
[vali @500] rel=0.8122 (best 0.7993)  S=195.2
Ep 500	 reward -14.146	 ms 198.1	 loss 0.066168	 83.7s
Ep 501	 reward -13.996	 ms 195.9	 loss 0.188599	 45.6s
Ep 502	 reward -13.954	 ms 195.3	 loss 0.156475	 47.2s
Ep 503	 reward -14.000	 ms 196.0	 loss 0.150502	 40.6s
Ep 504	 reward -13.996	 ms 195.9	 loss 0.170712	 42.6s
Ep 505	 reward -13.907	 ms 194.7	 loss 0.014728	 43.2s
Ep 506	 reward -13.936	 ms 195.1	 loss 0.129659	 45.0s
Ep 507	 reward -13.904	 ms 194.7	 loss 0.162735	 40.3s
Ep 508	 reward -13.900	 ms 194.6	 loss 0.134816	 42.2s
Ep 509	 reward -13.875	 ms 194.2	 loss 0.171231	 46.9s
Ep 510	 reward -13.900	 ms 194.6	 loss 0.145303	 42.5s
Ep 511	 reward -13.889	 ms 194.4	 loss 0.211041	 42.7s
Ep 512	 reward -13.989	 ms 195.8	 loss 0.305153	 44.3s
Ep 513	 reward -13.864	 ms 194.1	 loss 0.143433	 43.5s
Ep 514	 reward -13.943	 ms 195.2	 loss 0.204731	 45.3s
Ep 515	 reward -13.907	 ms 194.7	 loss 0.066657	 44.1s
Ep 516	 reward -13.950	 ms 195.3	 loss 0.178373	 43.3s
Ep 517	 reward -13.964	 ms 195.5	 loss 0.238454	 39.4s
Ep 518	 reward -13.904	 ms 194.7	 loss 0.120650	 42.6s
Ep 519	 reward -13.893	 ms 194.5	 loss 0.152578	 44.1s
Ep 520	 reward -14.018	 ms 196.2	 loss 0.198486	 42.7s
Ep 521	 reward -14.364	 ms 201.1	 loss 0.180102	 42.9s
Ep 522	 reward -14.232	 ms 199.2	 loss 0.203380	 45.5s
Ep 523	 reward -14.361	 ms 201.1	 loss 0.169842	 46.9s
Ep 524	 reward -14.400	 ms 201.6	 loss 0.108567	 44.6s
[vali @525] rel=0.8209 (best 0.7993)  S=197.3
Ep 525	 reward -14.336	 ms 200.7	 loss 0.174353	 80.8s
Ep 526	 reward -14.311	 ms 200.3	 loss 0.144543	 45.9s
Ep 527	 reward -14.332	 ms 200.7	 loss 0.100167	 45.1s
Ep 528	 reward -14.507	 ms 203.1	 loss 0.117075	 45.4s
Ep 529	 reward -14.329	 ms 200.6	 loss 0.177184	 44.8s
Ep 530	 reward -14.389	 ms 201.4	 loss 0.093037	 41.9s
Ep 531	 reward -14.457	 ms 202.4	 loss 0.124749	 45.1s
Ep 532	 reward -14.425	 ms 201.9	 loss 0.116136	 38.7s
Ep 533	 reward -14.404	 ms 201.7	 loss 0.101747	 44.9s
Ep 534	 reward -14.446	 ms 202.2	 loss 0.151735	 41.8s
Ep 535	 reward -14.457	 ms 202.4	 loss 0.151737	 38.6s
Ep 536	 reward -14.414	 ms 201.8	 loss 0.134935	 41.8s
Ep 537	 reward -14.404	 ms 201.7	 loss 0.165621	 42.5s
Ep 538	 reward -14.404	 ms 201.7	 loss 0.082611	 44.7s
Ep 539	 reward -14.432	 ms 202.1	 loss 0.063528	 48.1s
Ep 540	 reward -14.536	 ms 203.5	 loss -0.026628	 45.8s
Ep 541	 reward -14.143	 ms 198.0	 loss 0.115877	 43.1s
Ep 542	 reward -13.979	 ms 195.7	 loss 0.170033	 43.8s
Ep 543	 reward -14.089	 ms 197.2	 loss 0.251411	 42.0s
Ep 544	 reward -14.057	 ms 196.8	 loss 0.082636	 45.1s
Ep 545	 reward -14.068	 ms 196.9	 loss 0.203024	 45.6s
Ep 546	 reward -13.968	 ms 195.6	 loss 0.123382	 43.7s
Ep 547	 reward -14.039	 ms 196.6	 loss 0.149191	 39.2s
Ep 548	 reward -14.000	 ms 196.0	 loss 0.081944	 47.8s
Ep 549	 reward -14.111	 ms 197.6	 loss 0.203992	 48.6s
[vali @550] rel=0.8155 (best 0.7993)  S=196.1
Ep 550	 reward -13.950	 ms 195.3	 loss 0.134210	 84.1s
Ep 551	 reward -13.961	 ms 195.4	 loss 0.238627	 46.0s
Ep 552	 reward -14.043	 ms 196.6	 loss 0.062939	 44.9s
Ep 553	 reward -14.154	 ms 198.2	 loss 0.044102	 45.1s
Ep 554	 reward -14.029	 ms 196.4	 loss 0.078811	 46.3s
Ep 555	 reward -14.111	 ms 197.6	 loss 0.070438	 42.8s
Ep 556	 reward -14.036	 ms 196.5	 loss 0.157553	 42.6s
Ep 557	 reward -14.089	 ms 197.2	 loss 0.064043	 45.8s
Ep 558	 reward -14.089	 ms 197.2	 loss 0.187639	 44.5s
Ep 559	 reward -14.075	 ms 197.1	 loss 0.085846	 46.5s
Ep 560	 reward -14.171	 ms 198.4	 loss 0.086067	 41.3s
Ep 561	 reward -13.993	 ms 195.9	 loss 0.116816	 43.1s
Ep 562	 reward -13.979	 ms 195.7	 loss 0.131234	 42.8s
Ep 563	 reward -13.839	 ms 193.8	 loss 0.056775	 43.4s
Ep 564	 reward -13.950	 ms 195.3	 loss 0.130172	 42.0s
Ep 565	 reward -13.929	 ms 195.0	 loss 0.089033	 42.2s
Ep 566	 reward -13.911	 ms 194.8	 loss 0.124693	 47.0s
Ep 567	 reward -13.907	 ms 194.7	 loss 0.150026	 45.7s
Ep 568	 reward -14.018	 ms 196.2	 loss 0.226769	 42.6s
Ep 569	 reward -13.921	 ms 194.9	 loss 0.173895	 44.3s
Ep 570	 reward -13.979	 ms 195.7	 loss 0.125534	 42.8s
Ep 571	 reward -13.796	 ms 193.2	 loss 0.163440	 46.1s
Ep 572	 reward -13.971	 ms 195.6	 loss 0.080692	 44.6s
Ep 573	 reward -13.982	 ms 195.8	 loss 0.179169	 46.7s
Ep 574	 reward -14.011	 ms 196.2	 loss 0.074429	 44.6s
[vali @575] rel=0.8211 (best 0.7993)  S=197.4
Ep 575	 reward -13.925	 ms 194.9	 loss 0.197179	 86.9s
Ep 576	 reward -13.836	 ms 193.7	 loss 0.081309	 43.7s
Ep 577	 reward -13.875	 ms 194.2	 loss 0.123397	 43.3s
Ep 578	 reward -13.850	 ms 193.9	 loss 0.110426	 43.4s
Ep 579	 reward -14.007	 ms 196.1	 loss 0.176704	 42.5s
Ep 580	 reward -13.954	 ms 195.3	 loss 0.117042	 44.9s
Ep 581	 reward -13.971	 ms 195.6	 loss 0.167613	 42.6s
Ep 582	 reward -14.018	 ms 196.2	 loss 0.176287	 42.9s
Ep 583	 reward -14.150	 ms 198.1	 loss 0.163825	 39.5s
Ep 584	 reward -14.118	 ms 197.7	 loss 0.047970	 41.3s
Ep 585	 reward -14.032	 ms 196.4	 loss 0.059868	 44.0s
Ep 586	 reward -14.071	 ms 197.0	 loss 0.068765	 42.2s
Ep 587	 reward -14.082	 ms 197.2	 loss 0.075394	 41.2s
Ep 588	 reward -14.068	 ms 196.9	 loss 0.158802	 45.3s
Ep 589	 reward -14.100	 ms 197.4	 loss 0.196736	 42.1s
Ep 590	 reward -13.989	 ms 195.8	 loss 0.050458	 38.7s
Ep 591	 reward -14.168	 ms 198.3	 loss 0.061721	 45.1s
Ep 592	 reward -14.071	 ms 197.0	 loss 0.015788	 45.8s
Ep 593	 reward -14.007	 ms 196.1	 loss 0.231913	 42.8s
Ep 594	 reward -14.043	 ms 196.6	 loss 0.107626	 43.6s
Ep 595	 reward -14.132	 ms 197.8	 loss 0.051397	 43.3s
Ep 596	 reward -13.957	 ms 195.4	 loss 0.052861	 42.6s
Ep 597	 reward -14.075	 ms 197.1	 loss 0.143188	 45.3s
Ep 598	 reward -14.061	 ms 196.8	 loss 0.055073	 46.2s
Ep 599	 reward -13.975	 ms 195.7	 loss 0.124535	 43.2s
[vali @600] rel=0.8191 (best 0.7993)  S=196.9
Ep 600	 reward -14.068	 ms 196.9	 loss 0.104507	 83.6s
Ep 601	 reward -13.936	 ms 195.1	 loss 0.091086	 44.1s
Ep 602	 reward -13.900	 ms 194.6	 loss 0.132787	 45.2s
Ep 603	 reward -13.939	 ms 195.2	 loss 0.054595	 43.6s
Ep 604	 reward -13.839	 ms 193.8	 loss 0.000603	 38.6s
Ep 605	 reward -13.932	 ms 195.1	 loss 0.130330	 43.6s
Ep 606	 reward -14.011	 ms 196.2	 loss 0.105912	 44.1s
Ep 607	 reward -13.843	 ms 193.8	 loss 0.077027	 46.7s
Ep 608	 reward -13.914	 ms 194.8	 loss 0.095654	 43.9s
Ep 609	 reward -14.032	 ms 196.4	 loss -0.007502	 43.8s
Ep 610	 reward -13.979	 ms 195.7	 loss 0.065536	 42.3s
Ep 611	 reward -14.018	 ms 196.2	 loss 0.067891	 40.2s
Ep 612	 reward -13.914	 ms 194.8	 loss 0.071438	 42.6s
Ep 613	 reward -13.839	 ms 193.8	 loss 0.008966	 44.6s
Ep 614	 reward -13.786	 ms 193.0	 loss 0.009517	 41.4s
Ep 615	 reward -13.836	 ms 193.7	 loss 0.107715	 44.1s
Ep 616	 reward -13.989	 ms 195.8	 loss 0.064500	 43.8s
Ep 617	 reward -13.932	 ms 195.1	 loss 0.119588	 42.2s
Ep 618	 reward -13.879	 ms 194.3	 loss 0.049261	 40.9s
Ep 619	 reward -13.907	 ms 194.7	 loss 0.029578	 44.2s
Ep 620	 reward -13.764	 ms 192.7	 loss 0.097284	 43.3s
Ep 621	 reward -14.100	 ms 197.4	 loss 0.163983	 45.0s
Ep 622	 reward -14.068	 ms 196.9	 loss 0.050966	 45.8s
Ep 623	 reward -14.321	 ms 200.5	 loss 0.190901	 43.2s
Ep 624	 reward -14.100	 ms 197.4	 loss 0.111865	 43.7s
[vali @625] rel=0.8049 (best 0.7993)  S=193.5
Ep 625	 reward -14.104	 ms 197.4	 loss 0.052889	 84.9s
Ep 626	 reward -14.089	 ms 197.2	 loss 0.052503	 43.9s
Ep 627	 reward -14.154	 ms 198.2	 loss 0.187964	 46.5s
Ep 628	 reward -14.096	 ms 197.3	 loss 0.100508	 44.6s
Ep 629	 reward -14.032	 ms 196.4	 loss 0.084950	 40.0s
Ep 630	 reward -14.136	 ms 197.9	 loss 0.109057	 41.7s
Ep 631	 reward -14.082	 ms 197.2	 loss 0.087150	 43.8s
Ep 632	 reward -14.014	 ms 196.2	 loss 0.107429	 44.8s
Ep 633	 reward -14.146	 ms 198.1	 loss 0.128327	 43.5s
Ep 634	 reward -14.089	 ms 197.2	 loss 0.088149	 45.1s
Ep 635	 reward -14.068	 ms 196.9	 loss 0.090396	 43.9s
Ep 636	 reward -14.064	 ms 196.9	 loss 0.133964	 43.6s
Ep 637	 reward -13.986	 ms 195.8	 loss 0.075081	 44.3s
Ep 638	 reward -14.268	 ms 199.8	 loss 0.109768	 40.5s
Ep 639	 reward -14.086	 ms 197.2	 loss 0.029862	 44.1s
Ep 640	 reward -14.093	 ms 197.3	 loss 0.034618	 46.1s
Ep 641	 reward -14.325	 ms 200.6	 loss 0.005948	 42.6s
Ep 642	 reward -14.421	 ms 201.9	 loss 0.078791	 43.7s
Ep 643	 reward -14.393	 ms 201.5	 loss 0.075644	 44.9s
Ep 644	 reward -14.418	 ms 201.8	 loss 0.192596	 41.8s
Ep 645	 reward -14.361	 ms 201.1	 loss 0.231427	 43.0s
Ep 646	 reward -14.414	 ms 201.8	 loss 0.165124	 46.3s
Ep 647	 reward -14.414	 ms 201.8	 loss 0.094890	 45.3s
Ep 648	 reward -14.336	 ms 200.7	 loss 0.101567	 42.3s
Ep 649	 reward -14.396	 ms 201.6	 loss 0.022441	 44.8s
[vali @650] rel=0.8082 (best 0.7993)  S=194.3
Ep 650	 reward -14.286	 ms 200.0	 loss 0.208804	 79.8s
Ep 651	 reward -14.414	 ms 201.8	 loss 0.168591	 42.3s
Ep 652	 reward -14.411	 ms 201.8	 loss 0.132229	 43.0s
Ep 653	 reward -14.346	 ms 200.8	 loss 0.008642	 40.5s
Ep 654	 reward -14.307	 ms 200.3	 loss 0.128606	 43.6s
Ep 655	 reward -14.375	 ms 201.2	 loss 0.176298	 43.0s
Ep 656	 reward -14.282	 ms 199.9	 loss 0.129366	 45.8s
Ep 657	 reward -14.261	 ms 199.7	 loss 0.244457	 45.1s
Ep 658	 reward -14.196	 ms 198.8	 loss -0.007969	 43.0s
Ep 659	 reward -14.432	 ms 202.1	 loss 0.121678	 40.5s
Ep 660	 reward -14.314	 ms 200.4	 loss 0.031407	 45.5s
Ep 661	 reward -14.096	 ms 197.3	 loss 0.275353	 42.4s
Ep 662	 reward -14.132	 ms 197.8	 loss 0.278627	 40.0s
Ep 663	 reward -14.161	 ms 198.2	 loss 0.255540	 42.6s
Ep 664	 reward -14.104	 ms 197.4	 loss 0.243114	 41.2s
Ep 665	 reward -14.125	 ms 197.8	 loss 0.193576	 46.6s
Ep 666	 reward -14.143	 ms 198.0	 loss 0.307877	 44.6s
Ep 667	 reward -14.079	 ms 197.1	 loss 0.253943	 44.5s
Ep 668	 reward -14.118	 ms 197.7	 loss 0.242364	 45.3s
Ep 669	 reward -14.043	 ms 196.6	 loss 0.241460	 42.4s
Ep 670	 reward -14.143	 ms 198.0	 loss 0.240986	 44.5s
Ep 671	 reward -14.100	 ms 197.4	 loss 0.183866	 43.8s
Ep 672	 reward -14.018	 ms 196.2	 loss 0.172223	 46.5s
Ep 673	 reward -14.111	 ms 197.6	 loss 0.248706	 46.4s
Ep 674	 reward -14.057	 ms 196.8	 loss 0.265283	 44.9s
[vali @675] rel=0.8070 (best 0.7993)  S=194.0
Ep 675	 reward -14.054	 ms 196.8	 loss 0.259361	 82.7s
Ep 676	 reward -13.929	 ms 195.0	 loss 0.275325	 41.6s
Ep 677	 reward -14.104	 ms 197.4	 loss 0.174932	 45.2s
Ep 678	 reward -14.100	 ms 197.4	 loss 0.239463	 41.3s
Ep 679	 reward -14.254	 ms 199.6	 loss 0.301805	 44.4s
Ep 680	 reward -14.132	 ms 197.8	 loss 0.241439	 40.8s
Ep 681	 reward -14.554	 ms 203.8	 loss 0.153434	 46.6s
Ep 682	 reward -14.539	 ms 203.6	 loss 0.121506	 46.8s
Ep 683	 reward -14.582	 ms 204.2	 loss 0.155803	 42.8s
Ep 684	 reward -14.393	 ms 201.5	 loss 0.111981	 40.3s
Ep 685	 reward -14.379	 ms 201.3	 loss 0.098606	 45.0s
Ep 686	 reward -14.557	 ms 203.8	 loss 0.108023	 46.2s
Ep 687	 reward -14.575	 ms 204.1	 loss 0.109570	 43.0s
Ep 688	 reward -14.496	 ms 202.9	 loss 0.097366	 45.9s
Ep 689	 reward -14.336	 ms 200.7	 loss 0.046976	 39.5s
Ep 690	 reward -14.407	 ms 201.7	 loss 0.156512	 46.5s
Ep 691	 reward -14.550	 ms 203.7	 loss 0.094589	 40.9s
Ep 692	 reward -14.582	 ms 204.2	 loss 0.150461	 40.8s
Ep 693	 reward -14.446	 ms 202.2	 loss 0.074404	 41.6s
Ep 694	 reward -14.589	 ms 204.2	 loss 0.134728	 43.5s
Ep 695	 reward -14.400	 ms 201.6	 loss 0.090248	 44.4s
Ep 696	 reward -14.425	 ms 201.9	 loss 0.059513	 43.3s
Ep 697	 reward -14.529	 ms 203.4	 loss 0.143206	 44.3s
Ep 698	 reward -14.439	 ms 202.2	 loss 0.123939	 39.3s
Ep 699	 reward -14.461	 ms 202.4	 loss 0.094755	 41.0s
[vali @700] rel=0.8111 (best 0.7993)  S=195.0
Ep 700	 reward -14.504	 ms 203.1	 loss 0.100621	 86.0s
Ep 701	 reward -14.050	 ms 196.7	 loss 0.008383	 44.7s
Ep 702	 reward -14.032	 ms 196.4	 loss -0.002528	 45.0s
Ep 703	 reward -13.954	 ms 195.3	 loss -0.004767	 41.1s
Ep 704	 reward -14.068	 ms 196.9	 loss -0.008521	 38.3s
Ep 705	 reward -14.007	 ms 196.1	 loss 0.044619	 42.7s
Ep 706	 reward -13.893	 ms 194.5	 loss 0.017585	 41.0s
Ep 707	 reward -14.036	 ms 196.5	 loss -0.007870	 47.4s
Ep 708	 reward -13.950	 ms 195.3	 loss -0.017894	 44.8s
Ep 709	 reward -13.907	 ms 194.7	 loss -0.029822	 48.3s
Ep 710	 reward -14.018	 ms 196.2	 loss 0.041815	 44.4s
Ep 711	 reward -13.964	 ms 195.5	 loss 0.075570	 41.6s
Ep 712	 reward -14.021	 ms 196.3	 loss 0.125298	 44.1s
Ep 713	 reward -14.064	 ms 196.9	 loss 0.033401	 45.5s
Ep 714	 reward -13.932	 ms 195.1	 loss 0.062853	 42.5s
Ep 715	 reward -13.818	 ms 193.4	 loss 0.087040	 44.5s
Ep 716	 reward -13.900	 ms 194.6	 loss 0.010761	 42.6s
Ep 717	 reward -14.032	 ms 196.4	 loss 0.002598	 43.6s
Ep 718	 reward -13.907	 ms 194.7	 loss -0.008999	 44.0s
Ep 719	 reward -14.029	 ms 196.4	 loss 0.051836	 44.9s
Ep 720	 reward -13.943	 ms 195.2	 loss 0.031207	 39.9s
Ep 721	 reward -13.871	 ms 194.2	 loss 0.199505	 46.8s
Ep 722	 reward -14.018	 ms 196.2	 loss 0.054848	 43.7s
Ep 723	 reward -13.889	 ms 194.4	 loss 0.152886	 43.8s
Ep 724	 reward -13.932	 ms 195.1	 loss 0.053925	 42.4s
[vali @725] rel=0.8124 (best 0.7993)  S=195.3
Ep 725	 reward -13.921	 ms 194.9	 loss 0.053992	 84.1s
Ep 726	 reward -13.964	 ms 195.5	 loss 0.033344	 44.8s
Ep 727	 reward -14.068	 ms 196.9	 loss 0.167411	 43.0s
Ep 728	 reward -13.893	 ms 194.5	 loss 0.134948	 47.3s
Ep 729	 reward -13.993	 ms 195.9	 loss 0.134890	 43.6s
Ep 730	 reward -13.971	 ms 195.6	 loss 0.145475	 44.2s
Ep 731	 reward -13.950	 ms 195.3	 loss 0.101570	 39.8s
Ep 732	 reward -13.932	 ms 195.1	 loss 0.093183	 45.3s
Ep 733	 reward -13.943	 ms 195.2	 loss 0.131318	 43.5s
Ep 734	 reward -13.875	 ms 194.2	 loss 0.100004	 43.2s
Ep 735	 reward -13.971	 ms 195.6	 loss 0.072348	 43.6s
Ep 736	 reward -14.104	 ms 197.4	 loss 0.124847	 42.8s
Ep 737	 reward -14.004	 ms 196.1	 loss 0.070939	 44.9s
Ep 738	 reward -13.889	 ms 194.4	 loss 0.013869	 38.4s
Ep 739	 reward -13.943	 ms 195.2	 loss 0.100900	 44.1s
Ep 740	 reward -13.921	 ms 194.9	 loss 0.024807	 48.4s
Ep 741	 reward -13.896	 ms 194.6	 loss 0.058849	 43.6s
Ep 742	 reward -13.914	 ms 194.8	 loss 0.098306	 48.9s
Ep 743	 reward -13.943	 ms 195.2	 loss 0.167693	 44.1s
Ep 744	 reward -13.900	 ms 194.6	 loss 0.132229	 41.1s
Ep 745	 reward -13.900	 ms 194.6	 loss 0.114082	 41.5s
Ep 746	 reward -13.889	 ms 194.4	 loss 0.094476	 41.2s
Ep 747	 reward -13.857	 ms 194.0	 loss 0.123697	 47.1s
Ep 748	 reward -13.907	 ms 194.7	 loss 0.197103	 45.8s
Ep 749	 reward -13.929	 ms 195.0	 loss 0.150831	 46.5s
[vali @750] rel=0.8168 (best 0.7993)  S=196.3
Ep 750	 reward -13.918	 ms 194.8	 loss -0.014046	 87.3s
Ep 751	 reward -13.911	 ms 194.8	 loss 0.214557	 42.0s
Ep 752	 reward -13.975	 ms 195.7	 loss 0.019190	 46.8s
Ep 753	 reward -14.018	 ms 196.2	 loss 0.036000	 44.5s
Ep 754	 reward -13.975	 ms 195.7	 loss 0.107337	 44.9s
Ep 755	 reward -13.886	 ms 194.4	 loss -0.022061	 46.0s
Ep 756	 reward -13.882	 ms 194.3	 loss 0.031036	 39.4s
Ep 757	 reward -13.993	 ms 195.9	 loss 0.075539	 43.9s
Ep 758	 reward -13.989	 ms 195.8	 loss 0.086826	 43.1s
Ep 759	 reward -13.900	 ms 194.6	 loss 0.100740	 46.3s
Ep 760	 reward -13.843	 ms 193.8	 loss 0.057115	 43.1s
Ep 761	 reward -14.246	 ms 199.4	 loss 0.037560	 40.1s
Ep 762	 reward -14.304	 ms 200.2	 loss 0.195094	 47.6s
Ep 763	 reward -14.400	 ms 201.6	 loss 0.052150	 45.9s
Ep 764	 reward -14.125	 ms 197.8	 loss 0.147284	 46.1s
Ep 765	 reward -14.271	 ms 199.8	 loss -0.034579	 41.6s
Ep 766	 reward -14.193	 ms 198.7	 loss 0.146696	 44.2s
Ep 767	 reward -14.296	 ms 200.2	 loss 0.050987	 45.9s
Ep 768	 reward -14.211	 ms 198.9	 loss 0.163026	 42.1s
Ep 769	 reward -14.268	 ms 199.8	 loss 0.243691	 43.1s
Ep 770	 reward -14.186	 ms 198.6	 loss 0.134183	 45.4s
Ep 771	 reward -14.239	 ms 199.3	 loss 0.129820	 42.7s
Ep 772	 reward -14.261	 ms 199.7	 loss 0.151928	 41.9s
Ep 773	 reward -14.204	 ms 198.8	 loss 0.114620	 45.8s
Ep 774	 reward -14.229	 ms 199.2	 loss 0.122672	 48.3s
[vali @775] rel=0.8161 (best 0.7993)  S=196.2
Ep 775	 reward -14.339	 ms 200.8	 loss 0.163563	 84.5s
Ep 776	 reward -14.279	 ms 199.9	 loss 0.003351	 43.1s
Ep 777	 reward -14.107	 ms 197.5	 loss -0.003812	 43.9s
Ep 778	 reward -14.346	 ms 200.8	 loss 0.056284	 41.6s
Ep 779	 reward -14.211	 ms 198.9	 loss 0.102669	 41.2s
Ep 780	 reward -14.154	 ms 198.2	 loss 0.075937	 42.2s
Ep 781	 reward -14.118	 ms 197.7	 loss 0.310938	 43.4s
Ep 782	 reward -14.036	 ms 196.5	 loss 0.307590	 42.2s
Ep 783	 reward -14.161	 ms 198.2	 loss 0.283419	 43.6s
Ep 784	 reward -13.954	 ms 195.3	 loss 0.228238	 45.2s
Ep 785	 reward -14.050	 ms 196.7	 loss 0.201796	 46.9s
Ep 786	 reward -14.093	 ms 197.3	 loss 0.272462	 46.5s
Ep 787	 reward -13.971	 ms 195.6	 loss 0.207873	 45.4s
Ep 788	 reward -13.921	 ms 194.9	 loss 0.221182	 41.3s
Ep 789	 reward -13.968	 ms 195.6	 loss 0.270773	 41.7s
Ep 790	 reward -14.007	 ms 196.1	 loss 0.232708	 44.0s
Ep 791	 reward -13.975	 ms 195.7	 loss 0.150370	 40.9s
Ep 792	 reward -13.986	 ms 195.8	 loss 0.214282	 41.9s
Ep 793	 reward -14.079	 ms 197.1	 loss 0.273881	 41.3s
Ep 794	 reward -14.000	 ms 196.0	 loss 0.158377	 45.0s
Ep 795	 reward -13.996	 ms 195.9	 loss 0.186457	 45.8s
Ep 796	 reward -14.032	 ms 196.4	 loss 0.263121	 44.5s
Ep 797	 reward -13.957	 ms 195.4	 loss 0.101695	 38.5s
Ep 798	 reward -14.043	 ms 196.6	 loss 0.161655	 40.6s
Ep 799	 reward -13.932	 ms 195.1	 loss 0.190792	 40.4s
[vali @800] rel=0.8089 (best 0.7993)  S=194.4
Ep 800	 reward -14.032	 ms 196.4	 loss 0.252528	 82.5s
Ep 801	 reward -13.879	 ms 194.3	 loss -0.026796	 43.2s
Ep 802	 reward -14.104	 ms 197.4	 loss 0.031613	 41.4s
Ep 803	 reward -13.918	 ms 194.8	 loss -0.000131	 41.3s
Ep 804	 reward -13.886	 ms 194.4	 loss 0.010681	 46.7s
Ep 805	 reward -13.957	 ms 195.4	 loss 0.151012	 40.1s
Ep 806	 reward -13.929	 ms 195.0	 loss -0.005301	 41.9s
Ep 807	 reward -13.939	 ms 195.2	 loss 0.024549	 41.5s
Ep 808	 reward -13.993	 ms 195.9	 loss 0.022966	 45.3s
Ep 809	 reward -13.954	 ms 195.3	 loss 0.066987	 45.3s
Ep 810	 reward -13.886	 ms 194.4	 loss 0.063290	 46.1s
Ep 811	 reward -13.943	 ms 195.2	 loss -0.049911	 45.1s
Ep 812	 reward -13.814	 ms 193.4	 loss -0.008709	 40.0s
Ep 813	 reward -14.021	 ms 196.3	 loss 0.116198	 41.1s
Ep 814	 reward -13.889	 ms 194.4	 loss 0.012104	 45.0s
Ep 815	 reward -13.789	 ms 193.1	 loss -0.032833	 43.5s
Ep 816	 reward -13.907	 ms 194.7	 loss 0.065463	 45.0s
Ep 817	 reward -13.946	 ms 195.2	 loss 0.067586	 43.5s
Ep 818	 reward -13.925	 ms 194.9	 loss 0.033012	 41.7s
Ep 819	 reward -13.811	 ms 193.3	 loss -0.038305	 45.4s
Ep 820	 reward -14.054	 ms 196.8	 loss 0.066167	 41.6s
Ep 821	 reward -13.779	 ms 192.9	 loss 0.118210	 44.7s
Ep 822	 reward -13.736	 ms 192.3	 loss 0.047562	 42.6s
Ep 823	 reward -13.786	 ms 193.0	 loss 0.009168	 43.4s
Ep 824	 reward -13.857	 ms 194.0	 loss 0.222409	 45.7s
[vali @825] rel=0.8070 (best 0.7993)  S=194.0
Ep 825	 reward -13.896	 ms 194.6	 loss 0.002086	 78.8s
Ep 826	 reward -13.807	 ms 193.3	 loss 0.125903	 42.7s
Ep 827	 reward -13.761	 ms 192.7	 loss 0.137538	 41.7s
Ep 828	 reward -13.961	 ms 195.4	 loss 0.212633	 43.0s
Ep 829	 reward -13.839	 ms 193.8	 loss 0.134515	 42.9s
Ep 830	 reward -13.782	 ms 192.9	 loss 0.036693	 42.7s
Ep 831	 reward -13.761	 ms 192.7	 loss 0.003770	 46.6s
Ep 832	 reward -13.782	 ms 192.9	 loss 0.122094	 44.3s
Ep 833	 reward -13.700	 ms 191.8	 loss 0.116990	 44.8s
Ep 834	 reward -13.743	 ms 192.4	 loss 0.064370	 41.7s
Ep 835	 reward -14.021	 ms 196.3	 loss 0.238277	 43.0s
Ep 836	 reward -13.779	 ms 192.9	 loss 0.173349	 42.8s
Ep 837	 reward -13.768	 ms 192.8	 loss 0.057153	 42.5s
Ep 838	 reward -13.889	 ms 194.4	 loss 0.034926	 43.8s
Ep 839	 reward -13.886	 ms 194.4	 loss 0.212932	 41.7s
Ep 840	 reward -13.857	 ms 194.0	 loss 0.144703	 45.5s
Ep 841	 reward -14.086	 ms 197.2	 loss 0.260685	 41.4s
Ep 842	 reward -13.964	 ms 195.5	 loss 0.245167	 44.9s
Ep 843	 reward -14.025	 ms 196.3	 loss 0.208330	 42.6s
Ep 844	 reward -13.968	 ms 195.6	 loss 0.183762	 42.4s
Ep 845	 reward -14.046	 ms 196.7	 loss 0.257085	 47.2s
Ep 846	 reward -14.036	 ms 196.5	 loss 0.260318	 38.6s
Ep 847	 reward -14.018	 ms 196.2	 loss 0.249785	 44.3s
Ep 848	 reward -13.986	 ms 195.8	 loss 0.225973	 44.4s
Ep 849	 reward -13.929	 ms 195.0	 loss 0.186119	 44.2s
[vali @850] rel=0.8084 (best 0.7993)  S=194.3
Ep 850	 reward -13.975	 ms 195.7	 loss 0.200827	 82.0s
Ep 851	 reward -14.132	 ms 197.8	 loss 0.233590	 46.4s
Ep 852	 reward -14.036	 ms 196.5	 loss 0.245278	 40.7s
Ep 853	 reward -13.961	 ms 195.4	 loss 0.241944	 44.3s
Ep 854	 reward -14.104	 ms 197.4	 loss 0.244351	 43.5s
Ep 855	 reward -14.018	 ms 196.2	 loss 0.223134	 41.4s
Ep 856	 reward -14.014	 ms 196.2	 loss 0.256832	 43.2s
Ep 857	 reward -14.007	 ms 196.1	 loss 0.254937	 41.6s
Ep 858	 reward -13.971	 ms 195.6	 loss 0.259880	 45.7s
Ep 859	 reward -14.018	 ms 196.2	 loss 0.199464	 38.7s
Ep 860	 reward -14.086	 ms 197.2	 loss 0.220517	 46.2s
Ep 861	 reward -13.821	 ms 193.5	 loss -0.005912	 44.7s
Ep 862	 reward -13.889	 ms 194.4	 loss 0.107698	 46.3s
Ep 863	 reward -13.725	 ms 192.2	 loss 0.146054	 44.4s
Ep 864	 reward -13.707	 ms 191.9	 loss 0.082570	 44.1s
Ep 865	 reward -13.779	 ms 192.9	 loss 0.120558	 43.5s
Ep 866	 reward -13.739	 ms 192.3	 loss 0.112533	 38.3s
Ep 867	 reward -13.754	 ms 192.6	 loss 0.052446	 46.1s
Ep 868	 reward -13.732	 ms 192.2	 loss 0.041972	 44.1s
Ep 869	 reward -13.689	 ms 191.7	 loss 0.114061	 44.7s
Ep 870	 reward -13.636	 ms 190.9	 loss 0.124986	 45.6s
Ep 871	 reward -13.757	 ms 192.6	 loss 0.085339	 43.7s
Ep 872	 reward -13.750	 ms 192.5	 loss 0.025908	 44.6s
Ep 873	 reward -13.657	 ms 191.2	 loss 0.177672	 41.9s
Ep 874	 reward -13.757	 ms 192.6	 loss 0.061885	 43.4s
[vali @875] rel=0.8018 (best 0.7993)  S=192.8
Ep 875	 reward -13.768	 ms 192.8	 loss 0.013461	 86.6s
Ep 876	 reward -13.654	 ms 191.2	 loss -0.005529	 41.1s
Ep 877	 reward -13.700	 ms 191.8	 loss 0.193669	 42.3s
Ep 878	 reward -13.761	 ms 192.7	 loss 0.188994	 39.2s
Ep 879	 reward -13.818	 ms 193.4	 loss 0.057203	 44.3s
Ep 880	 reward -13.750	 ms 192.5	 loss 0.025251	 44.7s
Ep 881	 reward -13.700	 ms 191.8	 loss 0.234604	 46.2s
Ep 882	 reward -13.793	 ms 193.1	 loss 0.073957	 43.9s
Ep 883	 reward -13.729	 ms 192.2	 loss 0.101108	 45.1s
Ep 884	 reward -13.825	 ms 193.6	 loss 0.172157	 40.7s
Ep 885	 reward -13.846	 ms 193.8	 loss 0.131909	 45.3s
Ep 886	 reward -13.814	 ms 193.4	 loss 0.086987	 36.9s
Ep 887	 reward -13.829	 ms 193.6	 loss 0.058798	 44.7s
Ep 888	 reward -13.814	 ms 193.4	 loss 0.018458	 44.0s
Ep 889	 reward -13.832	 ms 193.7	 loss 0.076966	 44.7s
Ep 890	 reward -13.732	 ms 192.2	 loss 0.051173	 42.0s
Ep 891	 reward -13.732	 ms 192.2	 loss 0.059722	 43.1s
Ep 892	 reward -13.825	 ms 193.6	 loss 0.140699	 42.9s
Ep 893	 reward -13.739	 ms 192.3	 loss 0.152604	 41.9s
Ep 894	 reward -13.782	 ms 192.9	 loss 0.149242	 45.8s
Ep 895	 reward -13.814	 ms 193.4	 loss 0.090528	 41.7s
Ep 896	 reward -13.829	 ms 193.6	 loss 0.067459	 46.1s
Ep 897	 reward -13.668	 ms 191.3	 loss 0.125515	 44.5s
Ep 898	 reward -13.671	 ms 191.4	 loss 0.118385	 43.5s
Ep 899	 reward -13.704	 ms 191.8	 loss 0.110882	 42.0s
[vali @900] rel=0.8014 (best 0.7993)  S=192.7
Ep 900	 reward -13.704	 ms 191.8	 loss 0.042133	 75.1s
Ep 901	 reward -13.504	 ms 189.1	 loss 0.141800	 43.0s
Ep 902	 reward -13.454	 ms 188.3	 loss 0.056394	 44.1s
Ep 903	 reward -13.436	 ms 188.1	 loss 0.056863	 40.5s
Ep 904	 reward -13.614	 ms 190.6	 loss 0.080072	 46.1s
Ep 905	 reward -13.536	 ms 189.5	 loss 0.108679	 45.8s
Ep 906	 reward -13.532	 ms 189.4	 loss -0.004697	 45.0s
Ep 907	 reward -13.493	 ms 188.9	 loss 0.056946	 45.0s
Ep 908	 reward -13.493	 ms 188.9	 loss 0.026980	 43.8s
Ep 909	 reward -13.507	 ms 189.1	 loss 0.101988	 45.2s
Ep 910	 reward -13.461	 ms 188.4	 loss 0.030203	 46.8s
Ep 911	 reward -13.400	 ms 187.6	 loss 0.195990	 44.1s
Ep 912	 reward -13.554	 ms 189.8	 loss 0.116031	 44.4s
Ep 913	 reward -13.396	 ms 187.6	 loss 0.040339	 40.3s
Ep 914	 reward -13.454	 ms 188.3	 loss 0.069414	 40.9s
Ep 915	 reward -13.554	 ms 189.8	 loss 0.181443	 42.5s
Ep 916	 reward -13.436	 ms 188.1	 loss 0.187687	 40.7s
Ep 917	 reward -13.596	 ms 190.3	 loss -0.012122	 43.3s
Ep 918	 reward -13.461	 ms 188.4	 loss 0.073009	 42.4s
Ep 919	 reward -13.525	 ms 189.3	 loss 0.117836	 45.3s
Ep 920	 reward -13.493	 ms 188.9	 loss 0.174492	 38.4s
Ep 921	 reward -13.571	 ms 190.0	 loss 0.108809	 42.4s
Ep 922	 reward -13.618	 ms 190.7	 loss 0.146303	 42.8s
Ep 923	 reward -13.568	 ms 189.9	 loss 0.256037	 46.5s
Ep 924	 reward -13.400	 ms 187.6	 loss 0.160682	 43.7s
[vali @925] rel=0.7974 (best 0.7974)  S=191.7
Ep 925	 reward -13.632	 ms 190.8	 loss 0.268659	 86.2s
Ep 926	 reward -13.507	 ms 189.1	 loss 0.096548	 41.7s
Ep 927	 reward -13.564	 ms 189.9	 loss 0.153807	 40.8s
Ep 928	 reward -13.550	 ms 189.7	 loss 0.112446	 47.9s
Ep 929	 reward -13.532	 ms 189.4	 loss 0.186990	 43.7s
Ep 930	 reward -13.446	 ms 188.2	 loss 0.041852	 46.5s
Ep 931	 reward -13.450	 ms 188.3	 loss 0.042353	 46.2s
Ep 932	 reward -13.421	 ms 187.9	 loss 0.198954	 44.4s
Ep 933	 reward -13.407	 ms 187.7	 loss 0.146418	 40.8s
Ep 934	 reward -13.429	 ms 188.0	 loss 0.172888	 40.8s
Ep 935	 reward -13.457	 ms 188.4	 loss 0.218266	 44.6s
Ep 936	 reward -13.464	 ms 188.5	 loss 0.034592	 42.4s
Ep 937	 reward -13.471	 ms 188.6	 loss 0.086422	 44.0s
Ep 938	 reward -13.500	 ms 189.0	 loss -0.005341	 43.1s
Ep 939	 reward -13.500	 ms 189.0	 loss 0.072564	 45.0s
Ep 940	 reward -13.443	 ms 188.2	 loss 0.209845	 39.9s
Ep 941	 reward -13.814	 ms 193.4	 loss 0.055497	 44.8s
Ep 942	 reward -13.989	 ms 195.8	 loss 0.189271	 46.2s
Ep 943	 reward -13.914	 ms 194.8	 loss 0.282112	 44.0s
Ep 944	 reward -13.957	 ms 195.4	 loss 0.122705	 44.5s
Ep 945	 reward -13.907	 ms 194.7	 loss 0.036866	 43.9s
Ep 946	 reward -13.964	 ms 195.5	 loss 0.146723	 46.3s
Ep 947	 reward -13.889	 ms 194.4	 loss 0.020800	 41.7s
Ep 948	 reward -13.836	 ms 193.7	 loss 0.037170	 46.5s
Ep 949	 reward -13.864	 ms 194.1	 loss 0.182152	 48.8s
[vali @950] rel=0.7987 (best 0.7974)  S=192.0
Ep 950	 reward -13.857	 ms 194.0	 loss 0.032320	 84.3s
Ep 951	 reward -13.896	 ms 194.6	 loss 0.111971	 46.8s
Ep 952	 reward -13.811	 ms 193.3	 loss 0.037073	 43.8s
Ep 953	 reward -13.932	 ms 195.1	 loss 0.109319	 41.2s
Ep 954	 reward -13.850	 ms 193.9	 loss 0.045187	 44.6s
Ep 955	 reward -13.864	 ms 194.1	 loss 0.232174	 43.2s
Ep 956	 reward -13.971	 ms 195.6	 loss 0.040817	 46.7s
Ep 957	 reward -13.886	 ms 194.4	 loss 0.243325	 45.5s
Ep 958	 reward -13.793	 ms 193.1	 loss 0.100653	 45.0s
Ep 959	 reward -14.021	 ms 196.3	 loss 0.177652	 40.3s
Ep 960	 reward -13.864	 ms 194.1	 loss 0.157317	 40.6s
Ep 961	 reward -14.089	 ms 197.2	 loss 0.308013	 43.8s
Ep 962	 reward -14.029	 ms 196.4	 loss 0.121364	 48.0s
Ep 963	 reward -14.039	 ms 196.6	 loss 0.213974	 42.5s
Ep 964	 reward -14.036	 ms 196.5	 loss 0.100264	 43.8s
Ep 965	 reward -14.093	 ms 197.3	 loss 0.197978	 43.9s
Ep 966	 reward -14.057	 ms 196.8	 loss 0.194731	 42.3s
Ep 967	 reward -14.104	 ms 197.4	 loss 0.117618	 40.6s
Ep 968	 reward -14.021	 ms 196.3	 loss 0.020487	 43.1s
Ep 969	 reward -14.036	 ms 196.5	 loss 0.041287	 45.5s
Ep 970	 reward -13.993	 ms 195.9	 loss 0.191942	 44.4s
Ep 971	 reward -14.111	 ms 197.6	 loss 0.174091	 44.6s
Ep 972	 reward -14.154	 ms 198.2	 loss 0.231136	 43.1s
Ep 973	 reward -13.936	 ms 195.1	 loss 0.200082	 42.6s
Ep 974	 reward -14.039	 ms 196.6	 loss 0.196765	 40.3s
[vali @975] rel=0.8035 (best 0.7974)  S=193.2
Ep 975	 reward -14.096	 ms 197.3	 loss 0.168273	 79.1s
Ep 976	 reward -14.071	 ms 197.0	 loss 0.030695	 44.1s
Ep 977	 reward -14.061	 ms 196.8	 loss 0.263712	 44.1s
Ep 978	 reward -14.079	 ms 197.1	 loss 0.090497	 44.8s
Ep 979	 reward -14.068	 ms 196.9	 loss 0.291016	 44.1s
Ep 980	 reward -14.118	 ms 197.7	 loss 0.045467	 40.2s
Ep 981	 reward -13.482	 ms 188.8	 loss 0.090928	 45.4s
Ep 982	 reward -13.557	 ms 189.8	 loss 0.078661	 43.5s
Ep 983	 reward -13.536	 ms 189.5	 loss 0.025683	 44.3s
Ep 984	 reward -13.457	 ms 188.4	 loss 0.036632	 47.1s
Ep 985	 reward -13.493	 ms 188.9	 loss 0.058315	 43.8s
Ep 986	 reward -13.546	 ms 189.7	 loss 0.059460	 45.0s
Ep 987	 reward -13.411	 ms 187.8	 loss -0.035672	 41.2s
Ep 988	 reward -13.532	 ms 189.4	 loss -0.068803	 40.3s
Ep 989	 reward -13.461	 ms 188.4	 loss -0.034257	 45.8s
Ep 990	 reward -13.432	 ms 188.1	 loss -0.035268	 45.8s
Ep 991	 reward -13.525	 ms 189.3	 loss -0.012574	 42.1s
Ep 992	 reward -13.596	 ms 190.3	 loss -0.024397	 45.6s
Ep 993	 reward -13.564	 ms 189.9	 loss 0.046773	 47.2s
Ep 994	 reward -13.443	 ms 188.2	 loss 0.110580	 45.1s
Ep 995	 reward -13.614	 ms 190.6	 loss 0.037722	 41.6s
Ep 996	 reward -13.446	 ms 188.2	 loss -0.000862	 46.9s
Ep 997	 reward -13.521	 ms 189.3	 loss -0.007962	 45.5s
Ep 998	 reward -13.507	 ms 189.1	 loss 0.011048	 44.7s
Ep 999	 reward -13.525	 ms 189.3	 loss -0.081311	 44.5s
[vali @1000] rel=0.8016 (best 0.7974)  S=192.7
Ep 1000	 reward -13.568	 ms 189.9	 loss 0.002003	 80.8s
[train_family] done in 12.13 h; best rel=0.7974
