[vali] MWKR norms: L=226.9
[model] params total=32786  film=0 (0.00%)
[train_family] model=10x25+family+spec-L-s302 regimes=['L'] updates=1000
Ep 1	 reward -16.407	 ms 229.7	 loss 0.183849	 10.9s
Ep 2	 reward -16.514	 ms 231.2	 loss 0.034058	 10.2s
Ep 3	 reward -16.311	 ms 228.3	 loss 0.043114	 9.1s
Ep 4	 reward -16.361	 ms 229.1	 loss 0.131634	 8.4s
Ep 5	 reward -16.521	 ms 231.3	 loss 0.231979	 10.3s
Ep 6	 reward -16.225	 ms 227.2	 loss 0.129025	 10.5s
Ep 7	 reward -16.436	 ms 230.1	 loss 0.195196	 9.9s
Ep 8	 reward -16.346	 ms 228.8	 loss 0.197983	 9.7s
Ep 9	 reward -16.518	 ms 231.2	 loss 0.264836	 9.2s
Ep 10	 reward -16.129	 ms 225.8	 loss 0.246888	 10.5s
Ep 11	 reward -16.429	 ms 230.0	 loss 0.194232	 11.2s
Ep 12	 reward -16.207	 ms 226.9	 loss 0.095295	 11.3s
Ep 13	 reward -16.404	 ms 229.7	 loss 0.190633	 10.5s
Ep 14	 reward -16.400	 ms 229.6	 loss 0.201964	 9.6s
Ep 15	 reward -16.261	 ms 227.7	 loss 0.073743	 11.0s
Ep 16	 reward -16.200	 ms 226.8	 loss 0.210158	 11.4s
Ep 17	 reward -16.325	 ms 228.6	 loss 0.211280	 10.2s
Ep 18	 reward -16.289	 ms 228.1	 loss 0.181878	 10.5s
Ep 19	 reward -16.325	 ms 228.6	 loss 0.090276	 10.0s
Ep 20	 reward -16.189	 ms 226.7	 loss 0.136709	 10.8s
Ep 21	 reward -16.164	 ms 226.3	 loss 0.211506	 11.5s
Ep 22	 reward -16.189	 ms 226.7	 loss 0.229076	 11.3s
Ep 23	 reward -16.175	 ms 226.4	 loss 0.213601	 9.9s
Ep 24	 reward -16.025	 ms 224.3	 loss 0.259735	 9.8s
[vali @25] rel=0.9511 (best 0.9511)  L=215.8
Ep 25	 reward -16.118	 ms 225.7	 loss 0.098818	 17.6s
Ep 26	 reward -15.993	 ms 223.9	 loss 0.133957	 10.9s
Ep 27	 reward -16.150	 ms 226.1	 loss 0.091447	 10.9s
Ep 28	 reward -16.246	 ms 227.4	 loss 0.258135	 11.5s
Ep 29	 reward -16.146	 ms 226.1	 loss 0.264073	 11.1s
Ep 30	 reward -16.029	 ms 224.4	 loss 0.217736	 12.4s
Ep 31	 reward -16.218	 ms 227.1	 loss 0.226241	 11.9s
Ep 32	 reward -16.111	 ms 225.6	 loss 0.239787	 11.5s
Ep 33	 reward -15.964	 ms 223.5	 loss 0.183063	 11.6s
Ep 34	 reward -15.879	 ms 222.3	 loss 0.147476	 11.3s
Ep 35	 reward -15.879	 ms 222.3	 loss 0.153598	 11.6s
Ep 36	 reward -15.979	 ms 223.7	 loss 0.128926	 10.9s
Ep 37	 reward -15.946	 ms 223.2	 loss 0.216629	 11.2s
Ep 38	 reward -15.943	 ms 223.2	 loss 0.179350	 11.8s
Ep 39	 reward -15.946	 ms 223.2	 loss 0.176033	 11.2s
Ep 40	 reward -15.929	 ms 223.0	 loss 0.119522	 11.5s
Ep 41	 reward -15.950	 ms 223.3	 loss 0.063444	 11.5s
Ep 42	 reward -15.814	 ms 221.4	 loss 0.148235	 11.2s
Ep 43	 reward -15.921	 ms 222.9	 loss 0.159603	 11.5s
Ep 44	 reward -15.821	 ms 221.5	 loss 0.172076	 11.6s
Ep 45	 reward -15.911	 ms 222.8	 loss 0.206081	 11.2s
Ep 46	 reward -15.900	 ms 222.6	 loss 0.064332	 10.3s
Ep 47	 reward -15.925	 ms 222.9	 loss 0.260446	 11.3s
Ep 48	 reward -15.882	 ms 222.3	 loss 0.195746	 11.5s
Ep 49	 reward -15.846	 ms 221.8	 loss 0.116229	 11.1s
[vali @50] rel=0.9396 (best 0.9396)  L=213.2
Ep 50	 reward -15.807	 ms 221.3	 loss 0.208543	 18.8s
Ep 51	 reward -15.779	 ms 220.9	 loss 0.188222	 11.2s
Ep 52	 reward -15.732	 ms 220.2	 loss 0.141689	 11.5s
Ep 53	 reward -15.871	 ms 222.2	 loss 0.052749	 11.1s
Ep 54	 reward -15.775	 ms 220.8	 loss 0.131839	 11.5s
Ep 55	 reward -15.714	 ms 220.0	 loss 0.179305	 11.6s
Ep 56	 reward -15.843	 ms 221.8	 loss 0.114609	 11.3s
Ep 57	 reward -15.682	 ms 219.6	 loss 0.180906	 10.9s
Ep 58	 reward -15.814	 ms 221.4	 loss 0.140334	 11.4s
Ep 59	 reward -15.693	 ms 219.7	 loss 0.058526	 11.4s
Ep 60	 reward -15.671	 ms 219.4	 loss 0.061417	 11.3s
Ep 61	 reward -15.611	 ms 218.6	 loss 0.059000	 11.5s
Ep 62	 reward -15.511	 ms 217.2	 loss -0.094310	 11.4s
Ep 63	 reward -15.550	 ms 217.7	 loss -0.014279	 11.6s
Ep 64	 reward -15.446	 ms 216.2	 loss -0.130572	 11.5s
Ep 65	 reward -15.525	 ms 217.3	 loss -0.093860	 11.6s
Ep 66	 reward -15.489	 ms 216.8	 loss -0.080094	 11.1s
Ep 67	 reward -15.568	 ms 217.9	 loss 0.054206	 11.6s
Ep 68	 reward -15.550	 ms 217.7	 loss 0.002633	 11.1s
Ep 69	 reward -15.479	 ms 216.7	 loss -0.073934	 11.4s
Ep 70	 reward -15.475	 ms 216.7	 loss -0.068525	 11.8s
Ep 71	 reward -15.518	 ms 217.2	 loss -0.083853	 12.4s
Ep 72	 reward -15.432	 ms 216.1	 loss -0.058650	 13.0s
Ep 73	 reward -15.493	 ms 216.9	 loss -0.073377	 12.9s
Ep 74	 reward -15.450	 ms 216.3	 loss -0.038537	 11.8s
[vali @75] rel=0.9454 (best 0.9396)  L=214.6
Ep 75	 reward -15.375	 ms 215.2	 loss 0.066443	 18.7s
Ep 76	 reward -15.364	 ms 215.1	 loss -0.075933	 12.4s
Ep 77	 reward -15.450	 ms 216.3	 loss -0.056314	 12.3s
Ep 78	 reward -15.486	 ms 216.8	 loss -0.035896	 11.2s
Ep 79	 reward -15.368	 ms 215.2	 loss -0.043296	 13.4s
Ep 80	 reward -15.368	 ms 215.2	 loss 0.215023	 12.7s
Ep 81	 reward -15.500	 ms 217.0	 loss -0.040235	 11.9s
Ep 82	 reward -15.468	 ms 216.6	 loss -0.027867	 11.0s
Ep 83	 reward -15.632	 ms 218.8	 loss 0.012453	 11.9s
Ep 84	 reward -15.461	 ms 216.4	 loss 0.011078	 11.8s
Ep 85	 reward -15.368	 ms 215.2	 loss -0.010725	 12.6s
Ep 86	 reward -15.457	 ms 216.4	 loss 0.029768	 12.6s
Ep 87	 reward -15.475	 ms 216.7	 loss 0.053148	 12.3s
Ep 88	 reward -15.532	 ms 217.4	 loss -0.034807	 12.1s
Ep 89	 reward -15.596	 ms 218.3	 loss 0.016709	 11.6s
Ep 90	 reward -15.564	 ms 217.9	 loss 0.018503	 12.2s
Ep 91	 reward -15.446	 ms 216.2	 loss 0.138076	 11.5s
Ep 92	 reward -15.557	 ms 217.8	 loss -0.077897	 12.0s
Ep 93	 reward -15.496	 ms 216.9	 loss -0.014485	 12.1s
Ep 94	 reward -15.457	 ms 216.4	 loss 0.055295	 12.2s
Ep 95	 reward -15.511	 ms 217.2	 loss 0.023290	 11.6s
Ep 96	 reward -15.429	 ms 216.0	 loss -0.019359	 12.6s
Ep 97	 reward -15.393	 ms 215.5	 loss 0.000685	 12.2s
Ep 98	 reward -15.414	 ms 215.8	 loss 0.043164	 11.1s
Ep 99	 reward -15.443	 ms 216.2	 loss 0.060321	 11.5s
[vali @100] rel=0.9449 (best 0.9396)  L=214.4
Ep 100	 reward -15.446	 ms 216.2	 loss 0.001300	 21.5s
Ep 101	 reward -15.257	 ms 213.6	 loss -0.003414	 13.7s
Ep 102	 reward -15.389	 ms 215.4	 loss -0.035298	 11.8s
Ep 103	 reward -15.264	 ms 213.7	 loss 0.040459	 12.1s
Ep 104	 reward -15.339	 ms 214.8	 loss 0.072853	 12.5s
Ep 105	 reward -15.221	 ms 213.1	 loss 0.070016	 11.5s
Ep 106	 reward -15.289	 ms 214.1	 loss -0.005113	 11.6s
Ep 107	 reward -15.261	 ms 213.7	 loss 0.080052	 11.8s
Ep 108	 reward -15.271	 ms 213.8	 loss 0.067879	 12.0s
Ep 109	 reward -15.221	 ms 213.1	 loss 0.065351	 13.0s
Ep 110	 reward -15.211	 ms 212.9	 loss -0.039311	 11.7s
Ep 111	 reward -15.186	 ms 212.6	 loss 0.079265	 13.0s
Ep 112	 reward -15.221	 ms 213.1	 loss 0.082008	 13.5s
Ep 113	 reward -15.293	 ms 214.1	 loss 0.151437	 13.7s
Ep 114	 reward -15.121	 ms 211.7	 loss 0.173032	 14.0s
Ep 115	 reward -15.246	 ms 213.4	 loss 0.014721	 12.4s
Ep 116	 reward -15.225	 ms 213.2	 loss 0.144093	 12.2s
Ep 117	 reward -15.200	 ms 212.8	 loss 0.136943	 12.8s
Ep 118	 reward -15.275	 ms 213.8	 loss -0.027012	 12.4s
Ep 119	 reward -15.171	 ms 212.4	 loss 0.110744	 11.7s
Ep 120	 reward -15.218	 ms 213.1	 loss -0.040248	 12.3s
Ep 121	 reward -15.771	 ms 220.8	 loss 0.141707	 12.3s
Ep 122	 reward -15.871	 ms 222.2	 loss 0.172323	 11.5s
Ep 123	 reward -15.796	 ms 221.2	 loss 0.355243	 12.1s
Ep 124	 reward -15.689	 ms 219.7	 loss 0.325862	 13.2s
[vali @125] rel=0.9509 (best 0.9396)  L=215.8
Ep 125	 reward -15.739	 ms 220.3	 loss 0.309244	 19.5s
Ep 126	 reward -15.714	 ms 220.0	 loss 0.201421	 11.9s
Ep 127	 reward -15.893	 ms 222.5	 loss 0.239812	 11.5s
Ep 128	 reward -15.782	 ms 220.9	 loss 0.235958	 11.7s
Ep 129	 reward -15.757	 ms 220.6	 loss 0.281296	 12.2s
Ep 130	 reward -15.718	 ms 220.1	 loss 0.156959	 11.8s
Ep 131	 reward -15.839	 ms 221.8	 loss 0.094989	 11.5s
Ep 132	 reward -15.789	 ms 221.1	 loss 0.091657	 12.3s
Ep 133	 reward -15.743	 ms 220.4	 loss 0.167216	 12.2s
Ep 134	 reward -15.757	 ms 220.6	 loss 0.155300	 11.6s
Ep 135	 reward -15.725	 ms 220.2	 loss 0.100102	 11.8s
Ep 136	 reward -15.807	 ms 221.3	 loss 0.018642	 11.1s
Ep 137	 reward -15.739	 ms 220.3	 loss 0.035897	 12.8s
Ep 138	 reward -15.818	 ms 221.4	 loss 0.191475	 11.4s
Ep 139	 reward -15.861	 ms 222.1	 loss 0.040553	 12.3s
Ep 140	 reward -15.614	 ms 218.6	 loss 0.078326	 13.4s
Ep 141	 reward -15.625	 ms 218.8	 loss 0.009871	 12.5s
Ep 142	 reward -15.771	 ms 220.8	 loss 0.000020	 12.0s
Ep 143	 reward -15.614	 ms 218.6	 loss 0.021799	 12.5s
Ep 144	 reward -15.696	 ms 219.8	 loss -0.095588	 12.7s
Ep 145	 reward -15.671	 ms 219.4	 loss -0.085857	 12.1s
Ep 146	 reward -15.643	 ms 219.0	 loss -0.019192	 13.1s
Ep 147	 reward -15.596	 ms 218.3	 loss -0.048233	 10.9s
Ep 148	 reward -15.743	 ms 220.4	 loss -0.078872	 12.2s
Ep 149	 reward -15.646	 ms 219.1	 loss 0.042975	 12.0s
[vali @150] rel=0.9434 (best 0.9396)  L=214.1
Ep 150	 reward -15.714	 ms 220.0	 loss 0.029185	 22.0s
Ep 151	 reward -15.643	 ms 219.0	 loss 0.026642	 13.1s
Ep 152	 reward -15.711	 ms 219.9	 loss -0.117017	 12.1s
Ep 153	 reward -15.764	 ms 220.7	 loss -0.069904	 12.1s
Ep 154	 reward -15.550	 ms 217.7	 loss 0.055917	 11.3s
Ep 155	 reward -15.725	 ms 220.2	 loss 0.035349	 12.0s
Ep 156	 reward -15.682	 ms 219.6	 loss -0.043243	 12.4s
Ep 157	 reward -15.618	 ms 218.7	 loss 0.040276	 12.5s
Ep 158	 reward -15.571	 ms 218.0	 loss -0.022437	 12.1s
Ep 159	 reward -15.668	 ms 219.3	 loss -0.028354	 12.8s
Ep 160	 reward -15.682	 ms 219.6	 loss -0.058999	 12.1s
Ep 161	 reward -15.707	 ms 219.9	 loss 0.324946	 12.7s
Ep 162	 reward -15.739	 ms 220.3	 loss 0.326581	 12.5s
Ep 163	 reward -15.789	 ms 221.1	 loss 0.329329	 12.3s
Ep 164	 reward -15.589	 ms 218.2	 loss 0.369142	 12.3s
Ep 165	 reward -15.718	 ms 220.1	 loss 0.382672	 12.5s
Ep 166	 reward -15.689	 ms 219.7	 loss 0.251139	 12.5s
Ep 167	 reward -15.707	 ms 219.9	 loss 0.324593	 12.2s
Ep 168	 reward -15.689	 ms 219.7	 loss 0.366355	 14.0s
Ep 169	 reward -15.621	 ms 218.7	 loss 0.253177	 12.7s
Ep 170	 reward -15.836	 ms 221.7	 loss 0.325794	 11.2s
Ep 171	 reward -15.643	 ms 219.0	 loss 0.306281	 11.8s
Ep 172	 reward -15.568	 ms 217.9	 loss 0.319269	 11.5s
Ep 173	 reward -15.654	 ms 219.2	 loss 0.179310	 12.3s
Ep 174	 reward -15.696	 ms 219.8	 loss 0.238051	 12.4s
[vali @175] rel=0.9410 (best 0.9396)  L=213.6
Ep 175	 reward -15.675	 ms 219.4	 loss 0.203279	 20.1s
Ep 176	 reward -15.743	 ms 220.4	 loss 0.185739	 12.8s
Ep 177	 reward -15.668	 ms 219.3	 loss 0.238414	 11.9s
Ep 178	 reward -15.661	 ms 219.2	 loss 0.218539	 11.3s
Ep 179	 reward -15.636	 ms 218.9	 loss 0.228094	 14.7s
Ep 180	 reward -15.632	 ms 218.8	 loss 0.229094	 12.6s
Ep 181	 reward -15.311	 ms 214.3	 loss 0.137907	 12.8s
Ep 182	 reward -15.368	 ms 215.2	 loss 0.083487	 11.2s
Ep 183	 reward -15.379	 ms 215.3	 loss 0.122149	 11.7s
Ep 184	 reward -15.304	 ms 214.2	 loss 0.112917	 13.4s
Ep 185	 reward -15.450	 ms 216.3	 loss 0.132952	 12.2s
Ep 186	 reward -15.371	 ms 215.2	 loss 0.142672	 11.7s
Ep 187	 reward -15.339	 ms 214.8	 loss 0.116440	 12.3s
Ep 188	 reward -15.354	 ms 214.9	 loss 0.150007	 11.8s
Ep 189	 reward -15.418	 ms 215.8	 loss 0.094785	 12.0s
Ep 190	 reward -15.314	 ms 214.4	 loss 0.125301	 12.1s
Ep 191	 reward -15.457	 ms 216.4	 loss 0.133632	 11.7s
Ep 192	 reward -15.404	 ms 215.7	 loss 0.181210	 11.5s
Ep 193	 reward -15.439	 ms 216.2	 loss 0.105518	 12.1s
Ep 194	 reward -15.450	 ms 216.3	 loss 0.102132	 12.4s
Ep 195	 reward -15.364	 ms 215.1	 loss 0.095749	 12.9s
Ep 196	 reward -15.411	 ms 215.8	 loss 0.164950	 10.8s
Ep 197	 reward -15.368	 ms 215.2	 loss 0.158736	 12.4s
Ep 198	 reward -15.489	 ms 216.8	 loss -0.040088	 10.2s
Ep 199	 reward -15.311	 ms 214.3	 loss 0.181297	 11.9s
[vali @200] rel=0.9427 (best 0.9396)  L=213.9
Ep 200	 reward -15.400	 ms 215.6	 loss 0.088602	 19.2s
Ep 201	 reward -15.239	 ms 213.3	 loss 0.056152	 11.7s
Ep 202	 reward -15.325	 ms 214.6	 loss -0.039469	 11.5s
Ep 203	 reward -15.311	 ms 214.3	 loss 0.008520	 13.5s
Ep 204	 reward -15.325	 ms 214.6	 loss -0.048568	 13.3s
Ep 205	 reward -15.354	 ms 214.9	 loss -0.001392	 13.7s
Ep 206	 reward -15.346	 ms 214.8	 loss 0.011484	 13.5s
Ep 207	 reward -15.407	 ms 215.7	 loss 0.023270	 12.4s
Ep 208	 reward -15.282	 ms 213.9	 loss 0.051641	 14.4s
Ep 209	 reward -15.318	 ms 214.4	 loss -0.018528	 11.5s
Ep 210	 reward -15.300	 ms 214.2	 loss 0.026082	 11.6s
Ep 211	 reward -15.321	 ms 214.5	 loss 0.020589	 12.1s
Ep 212	 reward -15.368	 ms 215.2	 loss 0.012695	 12.9s
Ep 213	 reward -15.264	 ms 213.7	 loss -0.016966	 12.3s
Ep 214	 reward -15.250	 ms 213.5	 loss -0.004231	 12.1s
Ep 215	 reward -15.393	 ms 215.5	 loss 0.077856	 13.7s
Ep 216	 reward -15.293	 ms 214.1	 loss 0.039663	 11.9s
Ep 217	 reward -15.282	 ms 213.9	 loss 0.068721	 13.0s
Ep 218	 reward -15.293	 ms 214.1	 loss -0.012658	 12.0s
Ep 219	 reward -15.239	 ms 213.3	 loss -0.004179	 12.0s
Ep 220	 reward -15.314	 ms 214.4	 loss 0.079685	 12.3s
Ep 221	 reward -15.371	 ms 215.2	 loss 0.139123	 12.1s
Ep 222	 reward -15.396	 ms 215.6	 loss 0.082689	 11.3s
Ep 223	 reward -15.382	 ms 215.3	 loss 0.151168	 11.0s
Ep 224	 reward -15.268	 ms 213.8	 loss 0.027780	 12.5s
[vali @225] rel=0.9383 (best 0.9383)  L=212.9
Ep 225	 reward -15.325	 ms 214.6	 loss 0.184700	 21.1s
Ep 226	 reward -15.271	 ms 213.8	 loss 0.023730	 11.9s
Ep 227	 reward -15.304	 ms 214.2	 loss 0.117457	 11.2s
Ep 228	 reward -15.271	 ms 213.8	 loss 0.144374	 11.3s
Ep 229	 reward -15.246	 ms 213.4	 loss 0.139735	 12.0s
Ep 230	 reward -15.232	 ms 213.2	 loss 0.095536	 11.8s
Ep 231	 reward -15.314	 ms 214.4	 loss 0.043537	 11.6s
Ep 232	 reward -15.200	 ms 212.8	 loss 0.107360	 11.6s
Ep 233	 reward -15.321	 ms 214.5	 loss 0.171917	 11.9s
Ep 234	 reward -15.189	 ms 212.7	 loss 0.184971	 9.8s
Ep 235	 reward -15.221	 ms 213.1	 loss 0.138003	 11.3s
Ep 236	 reward -15.286	 ms 214.0	 loss 0.084416	 11.6s
Ep 237	 reward -15.204	 ms 212.8	 loss 0.115300	 11.5s
Ep 238	 reward -15.325	 ms 214.6	 loss 0.216208	 11.8s
Ep 239	 reward -15.318	 ms 214.4	 loss 0.157736	 10.6s
Ep 240	 reward -15.196	 ms 212.8	 loss 0.121618	 10.9s
Ep 241	 reward -15.457	 ms 216.4	 loss 0.020260	 11.7s
Ep 242	 reward -15.393	 ms 215.5	 loss 0.001349	 11.2s
Ep 243	 reward -15.407	 ms 215.7	 loss 0.130189	 11.1s
Ep 244	 reward -15.486	 ms 216.8	 loss 0.102431	 11.0s
Ep 245	 reward -15.396	 ms 215.6	 loss 0.081119	 11.7s
Ep 246	 reward -15.375	 ms 215.2	 loss 0.120062	 11.9s
Ep 247	 reward -15.375	 ms 215.2	 loss 0.047800	 11.1s
Ep 248	 reward -15.400	 ms 215.6	 loss -0.010272	 11.8s
Ep 249	 reward -15.404	 ms 215.7	 loss -0.001466	 11.1s
[vali @250] rel=0.9337 (best 0.9337)  L=211.9
Ep 250	 reward -15.379	 ms 215.3	 loss 0.060083	 19.0s
Ep 251	 reward -15.393	 ms 215.5	 loss 0.165295	 11.6s
Ep 252	 reward -15.332	 ms 214.7	 loss -0.035981	 11.4s
Ep 253	 reward -15.389	 ms 215.4	 loss 0.027697	 11.2s
Ep 254	 reward -15.361	 ms 215.1	 loss 0.092869	 11.2s
Ep 255	 reward -15.400	 ms 215.6	 loss 0.038907	 11.6s
Ep 256	 reward -15.375	 ms 215.2	 loss -0.059834	 11.5s
Ep 257	 reward -15.429	 ms 216.0	 loss -0.019998	 11.3s
Ep 258	 reward -15.311	 ms 214.3	 loss 0.143907	 11.6s
Ep 259	 reward -15.443	 ms 216.2	 loss 0.136868	 12.4s
Ep 260	 reward -15.439	 ms 216.2	 loss 0.094100	 11.7s
Ep 261	 reward -15.311	 ms 214.3	 loss -0.042947	 11.4s
Ep 262	 reward -15.346	 ms 214.8	 loss 0.171718	 11.0s
Ep 263	 reward -15.339	 ms 214.8	 loss -0.054985	 11.1s
Ep 264	 reward -15.304	 ms 214.2	 loss -0.013968	 11.5s
Ep 265	 reward -15.350	 ms 214.9	 loss 0.066742	 11.3s
Ep 266	 reward -15.364	 ms 215.1	 loss 0.180080	 11.5s
Ep 267	 reward -15.386	 ms 215.4	 loss 0.056836	 11.2s
Ep 268	 reward -15.229	 ms 213.2	 loss -0.073871	 11.6s
Ep 269	 reward -15.271	 ms 213.8	 loss -0.081611	 11.7s
Ep 270	 reward -15.279	 ms 213.9	 loss -0.077729	 12.3s
Ep 271	 reward -15.400	 ms 215.6	 loss 0.158661	 12.3s
Ep 272	 reward -15.254	 ms 213.6	 loss 0.013513	 12.1s
Ep 273	 reward -15.254	 ms 213.6	 loss -0.045974	 12.3s
Ep 274	 reward -15.343	 ms 214.8	 loss -0.030997	 12.9s
[vali @275] rel=0.9335 (best 0.9335)  L=211.8
Ep 275	 reward -15.296	 ms 214.2	 loss 0.038904	 20.6s
Ep 276	 reward -15.357	 ms 215.0	 loss -0.041140	 12.8s
Ep 277	 reward -15.318	 ms 214.4	 loss 0.205902	 12.6s
Ep 278	 reward -15.257	 ms 213.6	 loss -0.035152	 11.4s
Ep 279	 reward -15.304	 ms 214.2	 loss -0.076840	 11.9s
Ep 280	 reward -15.350	 ms 214.9	 loss 0.008262	 11.8s
Ep 281	 reward -15.464	 ms 216.5	 loss 0.297897	 11.9s
Ep 282	 reward -15.371	 ms 215.2	 loss 0.042651	 11.9s
Ep 283	 reward -15.479	 ms 216.7	 loss 0.259505	 11.9s
Ep 284	 reward -15.421	 ms 215.9	 loss 0.232756	 11.8s
Ep 285	 reward -15.443	 ms 216.2	 loss 0.236527	 12.0s
Ep 286	 reward -15.496	 ms 216.9	 loss 0.014302	 11.9s
Ep 287	 reward -15.350	 ms 214.9	 loss 0.266158	 12.6s
Ep 288	 reward -15.386	 ms 215.4	 loss 0.008389	 12.0s
Ep 289	 reward -15.354	 ms 214.9	 loss 0.149079	 11.7s
Ep 290	 reward -15.336	 ms 214.7	 loss -0.078309	 11.0s
Ep 291	 reward -15.421	 ms 215.9	 loss 0.082045	 11.8s
Ep 292	 reward -15.425	 ms 215.9	 loss 0.182051	 11.8s
Ep 293	 reward -15.454	 ms 216.3	 loss -0.063039	 12.1s
Ep 294	 reward -15.404	 ms 215.7	 loss 0.120680	 12.1s
Ep 295	 reward -15.464	 ms 216.5	 loss -0.026786	 11.8s
Ep 296	 reward -15.454	 ms 216.3	 loss 0.055654	 11.7s
Ep 297	 reward -15.432	 ms 216.1	 loss 0.097894	 11.7s
Ep 298	 reward -15.504	 ms 217.1	 loss 0.242126	 11.1s
Ep 299	 reward -15.432	 ms 216.1	 loss 0.147247	 11.3s
[vali @300] rel=0.9330 (best 0.9330)  L=211.8
Ep 300	 reward -15.446	 ms 216.2	 loss 0.167162	 21.1s
Ep 301	 reward -15.361	 ms 215.1	 loss 0.083715	 12.4s
Ep 302	 reward -15.389	 ms 215.4	 loss 0.109584	 11.9s
Ep 303	 reward -15.307	 ms 214.3	 loss -0.019521	 11.9s
Ep 304	 reward -15.300	 ms 214.2	 loss -0.062713	 12.1s
Ep 305	 reward -15.379	 ms 215.3	 loss 0.062103	 12.6s
Ep 306	 reward -15.346	 ms 214.8	 loss 0.053401	 12.0s
Ep 307	 reward -15.354	 ms 214.9	 loss 0.036982	 11.7s
Ep 308	 reward -15.332	 ms 214.7	 loss 0.045155	 12.1s
Ep 309	 reward -15.396	 ms 215.6	 loss 0.150310	 11.9s
Ep 310	 reward -15.421	 ms 215.9	 loss -0.023169	 11.5s
Ep 311	 reward -15.404	 ms 215.7	 loss 0.170783	 11.8s
Ep 312	 reward -15.386	 ms 215.4	 loss 0.184704	 12.2s
Ep 313	 reward -15.386	 ms 215.4	 loss 0.096856	 12.2s
Ep 314	 reward -15.382	 ms 215.3	 loss 0.114696	 12.3s
Ep 315	 reward -15.339	 ms 214.8	 loss 0.081891	 12.0s
Ep 316	 reward -15.325	 ms 214.6	 loss 0.157539	 12.3s
Ep 317	 reward -15.368	 ms 215.2	 loss 0.016270	 12.8s
Ep 318	 reward -15.361	 ms 215.1	 loss 0.044297	 12.7s
Ep 319	 reward -15.364	 ms 215.1	 loss 0.051786	 12.9s
Ep 320	 reward -15.432	 ms 216.1	 loss 0.063325	 12.6s
Ep 321	 reward -15.414	 ms 215.8	 loss 0.010167	 12.8s
Ep 322	 reward -15.350	 ms 214.9	 loss -0.093911	 12.9s
Ep 323	 reward -15.432	 ms 216.1	 loss -0.064109	 11.6s
Ep 324	 reward -15.368	 ms 215.2	 loss -0.044750	 12.9s
[vali @325] rel=0.9350 (best 0.9330)  L=212.2
Ep 325	 reward -15.364	 ms 215.1	 loss 0.034697	 21.9s
Ep 326	 reward -15.421	 ms 215.9	 loss 0.025569	 13.0s
Ep 327	 reward -15.346	 ms 214.8	 loss -0.064158	 12.9s
Ep 328	 reward -15.382	 ms 215.3	 loss -0.074527	 12.9s
Ep 329	 reward -15.350	 ms 214.9	 loss -0.001616	 12.7s
Ep 330	 reward -15.418	 ms 215.8	 loss -0.036701	 13.0s
Ep 331	 reward -15.407	 ms 215.7	 loss 0.001155	 12.6s
Ep 332	 reward -15.350	 ms 214.9	 loss 0.039429	 12.9s
Ep 333	 reward -15.404	 ms 215.7	 loss -0.034963	 12.9s
Ep 334	 reward -15.354	 ms 214.9	 loss -0.014699	 12.9s
Ep 335	 reward -15.382	 ms 215.3	 loss 0.001841	 12.9s
Ep 336	 reward -15.368	 ms 215.2	 loss -0.088723	 13.2s
Ep 337	 reward -15.307	 ms 214.3	 loss -0.031392	 13.5s
Ep 338	 reward -15.371	 ms 215.2	 loss -0.057557	 13.4s
Ep 339	 reward -15.339	 ms 214.8	 loss -0.009139	 13.1s
Ep 340	 reward -15.329	 ms 214.6	 loss -0.036384	 12.9s
Ep 341	 reward -15.496	 ms 216.9	 loss -0.009334	 18.7s
Ep 342	 reward -15.518	 ms 217.2	 loss 0.060056	 18.5s
Ep 343	 reward -15.464	 ms 216.5	 loss 0.108473	 18.1s
Ep 344	 reward -15.425	 ms 215.9	 loss 0.090885	 12.9s
Ep 345	 reward -15.414	 ms 215.8	 loss 0.027034	 12.9s
Ep 346	 reward -15.461	 ms 216.4	 loss 0.021881	 13.2s
Ep 347	 reward -15.414	 ms 215.8	 loss 0.034285	 13.2s
Ep 348	 reward -15.396	 ms 215.6	 loss 0.039466	 12.3s
Ep 349	 reward -15.429	 ms 216.0	 loss 0.104913	 13.4s
[vali @350] rel=0.9306 (best 0.9306)  L=211.2
Ep 350	 reward -15.350	 ms 214.9	 loss 0.054736	 22.0s
Ep 351	 reward -15.400	 ms 215.6	 loss 0.017110	 13.9s
Ep 352	 reward -15.436	 ms 216.1	 loss 0.034319	 13.9s
Ep 353	 reward -15.439	 ms 216.2	 loss 0.103206	 13.2s
Ep 354	 reward -15.407	 ms 215.7	 loss -0.004296	 12.6s
Ep 355	 reward -15.361	 ms 215.1	 loss 0.013919	 12.5s
Ep 356	 reward -15.404	 ms 215.7	 loss 0.036099	 12.8s
Ep 357	 reward -15.418	 ms 215.8	 loss -0.022144	 12.7s
Ep 358	 reward -15.411	 ms 215.8	 loss 0.020461	 12.8s
Ep 359	 reward -15.325	 ms 214.6	 loss -0.059279	 12.7s
Ep 360	 reward -15.439	 ms 216.2	 loss -0.001946	 12.2s
Ep 361	 reward -15.300	 ms 214.2	 loss 0.065717	 13.1s
Ep 362	 reward -15.375	 ms 215.2	 loss 0.181675	 12.6s
Ep 363	 reward -15.314	 ms 214.4	 loss 0.086082	 12.6s
Ep 364	 reward -15.311	 ms 214.3	 loss 0.135381	 13.5s
Ep 365	 reward -15.318	 ms 214.4	 loss 0.070215	 12.0s
Ep 366	 reward -15.364	 ms 215.1	 loss 0.190034	 16.0s
Ep 367	 reward -15.325	 ms 214.6	 loss 0.206116	 13.9s
Ep 368	 reward -15.386	 ms 215.4	 loss 0.150053	 15.1s
Ep 369	 reward -15.325	 ms 214.6	 loss 0.074601	 14.8s
Ep 370	 reward -15.375	 ms 215.2	 loss 0.092020	 13.3s
Ep 371	 reward -15.375	 ms 215.2	 loss 0.137352	 12.9s
Ep 372	 reward -15.336	 ms 214.7	 loss 0.108342	 12.6s
Ep 373	 reward -15.232	 ms 213.2	 loss 0.141440	 12.8s
Ep 374	 reward -15.325	 ms 214.6	 loss 0.119166	 12.7s
[vali @375] rel=0.9343 (best 0.9306)  L=212.1
Ep 375	 reward -15.314	 ms 214.4	 loss 0.139191	 20.3s
Ep 376	 reward -15.357	 ms 215.0	 loss 0.189421	 13.2s
Ep 377	 reward -15.339	 ms 214.8	 loss 0.025240	 13.2s
Ep 378	 reward -15.336	 ms 214.7	 loss 0.103612	 13.2s
Ep 379	 reward -15.286	 ms 214.0	 loss 0.114282	 12.9s
Ep 380	 reward -15.357	 ms 215.0	 loss 0.127669	 13.0s
Ep 381	 reward -15.396	 ms 215.6	 loss 0.245783	 13.6s
Ep 382	 reward -15.350	 ms 214.9	 loss 0.273508	 13.0s
Ep 383	 reward -15.404	 ms 215.7	 loss 0.292426	 13.0s
Ep 384	 reward -15.393	 ms 215.5	 loss 0.264672	 13.0s
Ep 385	 reward -15.407	 ms 215.7	 loss 0.227315	 12.8s
Ep 386	 reward -15.379	 ms 215.3	 loss 0.216619	 12.6s
Ep 387	 reward -15.350	 ms 214.9	 loss 0.216966	 12.6s
Ep 388	 reward -15.400	 ms 215.6	 loss 0.160647	 13.1s
Ep 389	 reward -15.382	 ms 215.3	 loss 0.197218	 13.2s
Ep 390	 reward -15.329	 ms 214.6	 loss 0.183113	 13.3s
Ep 391	 reward -15.375	 ms 215.2	 loss 0.154131	 13.4s
Ep 392	 reward -15.354	 ms 214.9	 loss 0.209744	 13.3s
Ep 393	 reward -15.432	 ms 216.1	 loss 0.197220	 12.2s
Ep 394	 reward -15.393	 ms 215.5	 loss 0.157463	 12.4s
Ep 395	 reward -15.457	 ms 216.4	 loss 0.183971	 12.6s
Ep 396	 reward -15.400	 ms 215.6	 loss 0.226664	 12.6s
Ep 397	 reward -15.425	 ms 215.9	 loss 0.249062	 12.6s
Ep 398	 reward -15.400	 ms 215.6	 loss 0.216738	 12.5s
Ep 399	 reward -15.414	 ms 215.8	 loss 0.214218	 11.0s
[vali @400] rel=0.9326 (best 0.9306)  L=211.7
Ep 400	 reward -15.400	 ms 215.6	 loss 0.218333	 17.4s
Ep 401	 reward -15.439	 ms 216.2	 loss 0.131244	 11.6s
Ep 402	 reward -15.404	 ms 215.7	 loss 0.185717	 11.6s
Ep 403	 reward -15.464	 ms 216.5	 loss 0.119035	 12.1s
Ep 404	 reward -15.539	 ms 217.6	 loss -0.058276	 12.2s
Ep 405	 reward -15.521	 ms 217.3	 loss -0.066678	 11.9s
Ep 406	 reward -15.571	 ms 218.0	 loss -0.033209	 12.1s
Ep 407	 reward -15.539	 ms 217.6	 loss -0.009458	 11.2s
Ep 408	 reward -15.557	 ms 217.8	 loss 0.197112	 10.9s
Ep 409	 reward -15.511	 ms 217.2	 loss 0.060786	 11.3s
Ep 410	 reward -15.511	 ms 217.2	 loss 0.124031	 10.8s
Ep 411	 reward -15.600	 ms 218.4	 loss -0.031256	 10.9s
Ep 412	 reward -15.493	 ms 216.9	 loss -0.044347	 11.6s
Ep 413	 reward -15.511	 ms 217.2	 loss 0.212163	 11.4s
Ep 414	 reward -15.514	 ms 217.2	 loss 0.169011	 11.7s
Ep 415	 reward -15.593	 ms 218.3	 loss -0.050088	 11.0s
Ep 416	 reward -15.546	 ms 217.7	 loss -0.065520	 11.3s
Ep 417	 reward -15.518	 ms 217.2	 loss 0.163912	 11.6s
Ep 418	 reward -15.479	 ms 216.7	 loss 0.223023	 12.5s
Ep 419	 reward -15.439	 ms 216.2	 loss 0.104160	 12.0s
Ep 420	 reward -15.454	 ms 216.3	 loss 0.173379	 12.2s
Ep 421	 reward -15.332	 ms 214.7	 loss -0.004095	 11.6s
Ep 422	 reward -15.368	 ms 215.2	 loss -0.005083	 11.3s
Ep 423	 reward -15.443	 ms 216.2	 loss 0.094008	 11.8s
Ep 424	 reward -15.357	 ms 215.0	 loss 0.111996	 12.2s
[vali @425] rel=0.9332 (best 0.9306)  L=211.8
Ep 425	 reward -15.407	 ms 215.7	 loss 0.116797	 19.2s
Ep 426	 reward -15.386	 ms 215.4	 loss 0.128071	 12.0s
Ep 427	 reward -15.354	 ms 214.9	 loss 0.053570	 11.5s
Ep 428	 reward -15.368	 ms 215.2	 loss 0.107439	 11.6s
Ep 429	 reward -15.450	 ms 216.3	 loss 0.139881	 11.2s
Ep 430	 reward -15.379	 ms 215.3	 loss 0.110694	 12.0s
Ep 431	 reward -15.332	 ms 214.7	 loss 0.102611	 13.0s
Ep 432	 reward -15.429	 ms 216.0	 loss 0.054318	 12.3s
Ep 433	 reward -15.364	 ms 215.1	 loss 0.107964	 12.7s
Ep 434	 reward -15.325	 ms 214.6	 loss 0.099529	 10.6s
Ep 435	 reward -15.450	 ms 216.3	 loss 0.131815	 11.8s
Ep 436	 reward -15.336	 ms 214.7	 loss 0.103293	 14.6s
Ep 437	 reward -15.343	 ms 214.8	 loss 0.095872	 14.9s
Ep 438	 reward -15.275	 ms 213.8	 loss 0.135195	 14.8s
Ep 439	 reward -15.332	 ms 214.7	 loss 0.142698	 17.1s
Ep 440	 reward -15.386	 ms 215.4	 loss 0.093810	 16.5s
Ep 441	 reward -15.539	 ms 217.6	 loss 0.086955	 14.9s
Ep 442	 reward -15.525	 ms 217.3	 loss -0.040464	 14.3s
Ep 443	 reward -15.504	 ms 217.1	 loss 0.022223	 16.5s
Ep 444	 reward -15.646	 ms 219.1	 loss -0.016129	 13.9s
Ep 445	 reward -15.557	 ms 217.8	 loss 0.130802	 14.1s
Ep 446	 reward -15.546	 ms 217.7	 loss -0.006284	 15.2s
Ep 447	 reward -15.464	 ms 216.5	 loss -0.051890	 16.7s
Ep 448	 reward -15.554	 ms 217.8	 loss -0.008734	 16.2s
Ep 449	 reward -15.482	 ms 216.8	 loss 0.013833	 16.3s
[vali @450] rel=0.9365 (best 0.9306)  L=212.6
Ep 450	 reward -15.546	 ms 217.7	 loss -0.050494	 23.6s
Ep 451	 reward -15.479	 ms 216.7	 loss 0.055454	 17.3s
Ep 452	 reward -15.507	 ms 217.1	 loss -0.040860	 18.7s
Ep 453	 reward -15.561	 ms 217.8	 loss 0.003317	 14.7s
Ep 454	 reward -15.536	 ms 217.5	 loss -0.022399	 20.4s
Ep 455	 reward -15.532	 ms 217.4	 loss -0.022815	 15.6s
Ep 456	 reward -15.489	 ms 216.8	 loss -0.000196	 16.1s
Ep 457	 reward -15.518	 ms 217.2	 loss 0.032542	 16.3s
Ep 458	 reward -15.511	 ms 217.2	 loss 0.061126	 17.1s
Ep 459	 reward -15.493	 ms 216.9	 loss 0.093233	 15.5s
Ep 460	 reward -15.486	 ms 216.8	 loss 0.036976	 16.5s
Ep 461	 reward -15.404	 ms 215.7	 loss -0.093084	 14.3s
Ep 462	 reward -15.450	 ms 216.3	 loss -0.086627	 16.0s
Ep 463	 reward -15.532	 ms 217.4	 loss -0.044547	 15.3s
Ep 464	 reward -15.421	 ms 215.9	 loss -0.079058	 20.1s
Ep 465	 reward -15.436	 ms 216.1	 loss -0.055714	 16.6s
Ep 466	 reward -15.425	 ms 215.9	 loss 0.024147	 17.2s
Ep 467	 reward -15.429	 ms 216.0	 loss 0.000441	 13.5s
Ep 468	 reward -15.475	 ms 216.7	 loss -0.009986	 17.0s
Ep 469	 reward -15.504	 ms 217.1	 loss -0.056369	 17.3s
Ep 470	 reward -15.332	 ms 214.7	 loss -0.033489	 19.5s
Ep 471	 reward -15.443	 ms 216.2	 loss 0.070244	 17.8s
Ep 472	 reward -15.507	 ms 217.1	 loss 0.056964	 16.7s
Ep 473	 reward -15.354	 ms 214.9	 loss -0.053655	 16.1s
Ep 474	 reward -15.429	 ms 216.0	 loss 0.024988	 16.2s
[vali @475] rel=0.9374 (best 0.9306)  L=212.8
Ep 475	 reward -15.343	 ms 214.8	 loss 0.000199	 25.3s
Ep 476	 reward -15.443	 ms 216.2	 loss 0.012983	 17.8s
Ep 477	 reward -15.493	 ms 216.9	 loss 0.006241	 15.7s
Ep 478	 reward -15.354	 ms 214.9	 loss -0.051913	 15.3s
Ep 479	 reward -15.439	 ms 216.2	 loss -0.028538	 16.7s
Ep 480	 reward -15.400	 ms 215.6	 loss -0.020725	 17.2s
Ep 481	 reward -15.361	 ms 215.1	 loss 0.175182	 18.2s
Ep 482	 reward -15.343	 ms 214.8	 loss -0.051278	 19.1s
Ep 483	 reward -15.386	 ms 215.4	 loss 0.035065	 15.6s
Ep 484	 reward -15.361	 ms 215.1	 loss 0.143174	 18.7s
Ep 485	 reward -15.357	 ms 215.0	 loss -0.052932	 16.7s
Ep 486	 reward -15.393	 ms 215.5	 loss 0.050919	 18.0s
Ep 487	 reward -15.375	 ms 215.2	 loss 0.063268	 16.0s
Ep 488	 reward -15.350	 ms 214.9	 loss -0.070125	 18.0s
Ep 489	 reward -15.364	 ms 215.1	 loss 0.046856	 15.2s
Ep 490	 reward -15.350	 ms 214.9	 loss 0.011414	 15.1s
Ep 491	 reward -15.400	 ms 215.6	 loss 0.151972	 14.8s
Ep 492	 reward -15.375	 ms 215.2	 loss -0.100642	 16.3s
Ep 493	 reward -15.336	 ms 214.7	 loss -0.039725	 14.5s
Ep 494	 reward -15.321	 ms 214.5	 loss -0.052508	 14.8s
Ep 495	 reward -15.346	 ms 214.8	 loss -0.032012	 16.5s
Ep 496	 reward -15.311	 ms 214.3	 loss -0.062105	 16.0s
Ep 497	 reward -15.339	 ms 214.8	 loss 0.018535	 16.0s
Ep 498	 reward -15.361	 ms 215.1	 loss -0.048051	 17.2s
Ep 499	 reward -15.389	 ms 215.4	 loss -0.014580	 14.7s
[vali @500] rel=0.9363 (best 0.9306)  L=212.5
Ep 500	 reward -15.386	 ms 215.4	 loss 0.206755	 26.3s
Ep 501	 reward -15.143	 ms 212.0	 loss -0.044083	 16.5s
Ep 502	 reward -15.139	 ms 211.9	 loss 0.067312	 16.4s
Ep 503	 reward -15.179	 ms 212.5	 loss 0.217245	 15.5s
Ep 504	 reward -15.175	 ms 212.4	 loss 0.142881	 16.9s
Ep 505	 reward -15.096	 ms 211.3	 loss 0.170310	 15.6s
Ep 506	 reward -15.136	 ms 211.9	 loss 0.103391	 15.5s
Ep 507	 reward -15.168	 ms 212.3	 loss 0.184735	 15.7s
Ep 508	 reward -15.225	 ms 213.2	 loss 0.075149	 16.2s
Ep 509	 reward -15.125	 ms 211.8	 loss 0.152878	 13.7s
Ep 510	 reward -15.186	 ms 212.6	 loss -0.015597	 15.1s
Ep 511	 reward -15.168	 ms 212.3	 loss 0.198925	 14.6s
Ep 512	 reward -15.104	 ms 211.4	 loss 0.198764	 15.2s
Ep 513	 reward -15.179	 ms 212.5	 loss 0.081667	 15.2s
Ep 514	 reward -15.157	 ms 212.2	 loss 0.192463	 14.6s
Ep 515	 reward -15.218	 ms 213.1	 loss 0.181588	 15.4s
Ep 516	 reward -15.196	 ms 212.8	 loss 0.130789	 14.4s
Ep 517	 reward -15.161	 ms 212.2	 loss 0.116550	 12.2s
Ep 518	 reward -15.175	 ms 212.4	 loss 0.109469	 13.9s
Ep 519	 reward -15.143	 ms 212.0	 loss 0.056933	 12.2s
Ep 520	 reward -15.146	 ms 212.1	 loss -0.038471	 13.1s
Ep 521	 reward -15.282	 ms 213.9	 loss 0.003740	 13.8s
Ep 522	 reward -15.304	 ms 214.2	 loss 0.064287	 13.1s
Ep 523	 reward -15.307	 ms 214.3	 loss -0.029695	 13.7s
Ep 524	 reward -15.257	 ms 213.6	 loss 0.071819	 12.7s
[vali @525] rel=0.9337 (best 0.9306)  L=211.9
Ep 525	 reward -15.271	 ms 213.8	 loss -0.045948	 23.6s
Ep 526	 reward -15.325	 ms 214.6	 loss -0.056316	 12.5s
Ep 527	 reward -15.282	 ms 213.9	 loss -0.020415	 13.9s
Ep 528	 reward -15.268	 ms 213.8	 loss 0.023352	 12.9s
Ep 529	 reward -15.343	 ms 214.8	 loss -0.040650	 13.9s
Ep 530	 reward -15.264	 ms 213.7	 loss -0.079657	 12.4s
Ep 531	 reward -15.257	 ms 213.6	 loss -0.093183	 13.5s
Ep 532	 reward -15.311	 ms 214.3	 loss -0.076503	 14.5s
Ep 533	 reward -15.257	 ms 213.6	 loss 0.016735	 16.8s
Ep 534	 reward -15.343	 ms 214.8	 loss -0.075467	 13.3s
Ep 535	 reward -15.289	 ms 214.1	 loss -0.028115	 13.4s
Ep 536	 reward -15.325	 ms 214.6	 loss -0.112583	 12.7s
Ep 537	 reward -15.289	 ms 214.1	 loss -0.114193	 12.5s
Ep 538	 reward -15.296	 ms 214.2	 loss -0.008508	 14.9s
Ep 539	 reward -15.336	 ms 214.7	 loss -0.052610	 12.7s
Ep 540	 reward -15.293	 ms 214.1	 loss -0.068056	 15.6s
Ep 541	 reward -14.929	 ms 209.0	 loss 0.116963	 13.6s
Ep 542	 reward -14.875	 ms 208.2	 loss 0.123913	 17.3s
Ep 543	 reward -14.914	 ms 208.8	 loss -0.093483	 13.8s
Ep 544	 reward -14.921	 ms 208.9	 loss -0.009713	 15.9s
Ep 545	 reward -14.900	 ms 208.6	 loss 0.167584	 14.1s
Ep 546	 reward -14.932	 ms 209.1	 loss -0.079411	 14.7s
Ep 547	 reward -14.989	 ms 209.8	 loss 0.060622	 15.2s
Ep 548	 reward -14.900	 ms 208.6	 loss -0.006362	 16.9s
Ep 549	 reward -14.893	 ms 208.5	 loss 0.102831	 15.4s
[vali @550] rel=0.9286 (best 0.9286)  L=210.8
Ep 550	 reward -14.861	 ms 208.1	 loss 0.078762	 22.2s
Ep 551	 reward -14.896	 ms 208.6	 loss 0.081204	 15.8s
Ep 552	 reward -14.900	 ms 208.6	 loss 0.077874	 14.0s
Ep 553	 reward -14.921	 ms 208.9	 loss -0.054410	 14.4s
Ep 554	 reward -14.921	 ms 208.9	 loss 0.085879	 17.1s
Ep 555	 reward -14.993	 ms 209.9	 loss 0.140295	 14.1s
Ep 556	 reward -14.868	 ms 208.2	 loss -0.046947	 13.5s
Ep 557	 reward -14.889	 ms 208.4	 loss 0.041956	 13.9s
Ep 558	 reward -14.846	 ms 207.8	 loss -0.115003	 16.7s
Ep 559	 reward -14.914	 ms 208.8	 loss -0.057221	 14.0s
Ep 560	 reward -14.886	 ms 208.4	 loss 0.076985	 15.7s
Ep 561	 reward -15.207	 ms 212.9	 loss -0.057722	 13.8s
Ep 562	 reward -15.257	 ms 213.6	 loss -0.118678	 17.3s
Ep 563	 reward -15.275	 ms 213.8	 loss 0.042215	 13.3s
Ep 564	 reward -15.243	 ms 213.4	 loss -0.021013	 15.5s
Ep 565	 reward -15.286	 ms 214.0	 loss 0.201718	 13.8s
Ep 566	 reward -15.264	 ms 213.7	 loss 0.182602	 16.4s
Ep 567	 reward -15.189	 ms 212.7	 loss 0.054980	 14.5s
Ep 568	 reward -15.257	 ms 213.6	 loss -0.017868	 16.9s
Ep 569	 reward -15.293	 ms 214.1	 loss 0.054162	 14.5s
Ep 570	 reward -15.296	 ms 214.2	 loss 0.209417	 19.0s
Ep 571	 reward -15.225	 ms 213.2	 loss 0.006340	 15.5s
Ep 572	 reward -15.304	 ms 214.2	 loss -0.036188	 17.5s
Ep 573	 reward -15.286	 ms 214.0	 loss 0.178494	 15.5s
Ep 574	 reward -15.164	 ms 212.3	 loss 0.024726	 16.6s
[vali @575] rel=0.9341 (best 0.9286)  L=212.0
Ep 575	 reward -15.189	 ms 212.7	 loss -0.091233	 29.9s
Ep 576	 reward -15.229	 ms 213.2	 loss 0.141307	 13.5s
Ep 577	 reward -15.246	 ms 213.4	 loss -0.073548	 19.4s
Ep 578	 reward -15.225	 ms 213.2	 loss -0.023003	 13.0s
Ep 579	 reward -15.204	 ms 212.8	 loss 0.055777	 16.9s
Ep 580	 reward -15.275	 ms 213.8	 loss -0.052662	 14.2s
Ep 581	 reward -15.407	 ms 215.7	 loss -0.006068	 16.9s
Ep 582	 reward -15.396	 ms 215.6	 loss -0.033886	 13.1s
Ep 583	 reward -15.404	 ms 215.7	 loss 0.035417	 17.3s
Ep 584	 reward -15.414	 ms 215.8	 loss 0.042970	 15.5s
Ep 585	 reward -15.364	 ms 215.1	 loss -0.004011	 18.0s
Ep 586	 reward -15.454	 ms 216.3	 loss 0.056941	 15.3s
Ep 587	 reward -15.339	 ms 214.8	 loss 0.058291	 14.7s
Ep 588	 reward -15.421	 ms 215.9	 loss 0.120408	 14.8s
Ep 589	 reward -15.407	 ms 215.7	 loss 0.038474	 17.0s
Ep 590	 reward -15.493	 ms 216.9	 loss 0.143242	 15.6s
Ep 591	 reward -15.346	 ms 214.8	 loss -0.051247	 12.7s
Ep 592	 reward -15.371	 ms 215.2	 loss -0.056045	 14.7s
Ep 593	 reward -15.404	 ms 215.7	 loss 0.073278	 17.6s
Ep 594	 reward -15.379	 ms 215.3	 loss 0.063259	 14.8s
Ep 595	 reward -15.393	 ms 215.5	 loss 0.050377	 15.3s
Ep 596	 reward -15.332	 ms 214.7	 loss -0.005002	 14.6s
Ep 597	 reward -15.393	 ms 215.5	 loss 0.093378	 17.7s
Ep 598	 reward -15.389	 ms 215.4	 loss -0.034318	 17.1s
Ep 599	 reward -15.464	 ms 216.5	 loss -0.062317	 13.6s
[vali @600] rel=0.9328 (best 0.9286)  L=211.7
Ep 600	 reward -15.425	 ms 215.9	 loss 0.027542	 23.7s
Ep 601	 reward -15.396	 ms 215.6	 loss 0.152956	 15.4s
Ep 602	 reward -15.493	 ms 216.9	 loss 0.112547	 13.6s
Ep 603	 reward -15.500	 ms 217.0	 loss -0.020623	 11.5s
Ep 604	 reward -15.361	 ms 215.1	 loss -0.046264	 13.4s
Ep 605	 reward -15.354	 ms 214.9	 loss 0.047774	 15.7s
Ep 606	 reward -15.393	 ms 215.5	 loss -0.034144	 13.0s
Ep 607	 reward -15.457	 ms 216.4	 loss 0.007446	 12.3s
Ep 608	 reward -15.350	 ms 214.9	 loss 0.026403	 14.6s
Ep 609	 reward -15.361	 ms 215.1	 loss 0.045355	 12.3s
Ep 610	 reward -15.421	 ms 215.9	 loss 0.040805	 13.4s
Ep 611	 reward -15.418	 ms 215.8	 loss -0.002338	 11.9s
Ep 612	 reward -15.418	 ms 215.8	 loss 0.012447	 12.4s
Ep 613	 reward -15.450	 ms 216.3	 loss 0.014372	 13.9s
Ep 614	 reward -15.432	 ms 216.1	 loss 0.118878	 13.7s
Ep 615	 reward -15.361	 ms 215.1	 loss 0.197789	 13.4s
Ep 616	 reward -15.429	 ms 216.0	 loss -0.082370	 13.9s
Ep 617	 reward -15.421	 ms 215.9	 loss 0.206759	 13.8s
Ep 618	 reward -15.414	 ms 215.8	 loss 0.026881	 13.4s
Ep 619	 reward -15.439	 ms 216.2	 loss -0.008466	 13.0s
Ep 620	 reward -15.439	 ms 216.2	 loss -0.022569	 15.0s
Ep 621	 reward -15.296	 ms 214.2	 loss 0.111443	 15.1s
Ep 622	 reward -15.311	 ms 214.3	 loss -0.012405	 12.8s
Ep 623	 reward -15.325	 ms 214.6	 loss -0.016228	 13.6s
Ep 624	 reward -15.343	 ms 214.8	 loss -0.047227	 15.0s
[vali @625] rel=0.9280 (best 0.9280)  L=210.6
Ep 625	 reward -15.250	 ms 213.5	 loss 0.024974	 21.3s
Ep 626	 reward -15.479	 ms 216.7	 loss -0.010181	 12.4s
Ep 627	 reward -15.300	 ms 214.2	 loss 0.059825	 14.7s
Ep 628	 reward -15.254	 ms 213.6	 loss 0.026183	 12.7s
Ep 629	 reward -15.282	 ms 213.9	 loss 0.012559	 13.2s
Ep 630	 reward -15.268	 ms 213.8	 loss 0.033098	 13.4s
Ep 631	 reward -15.186	 ms 212.6	 loss -0.009886	 13.7s
Ep 632	 reward -15.261	 ms 213.7	 loss 0.071362	 15.2s
Ep 633	 reward -15.357	 ms 215.0	 loss 0.017446	 14.3s
Ep 634	 reward -15.296	 ms 214.2	 loss -0.032594	 15.1s
Ep 635	 reward -15.157	 ms 212.2	 loss 0.174254	 12.9s
Ep 636	 reward -15.250	 ms 213.5	 loss 0.008676	 13.6s
Ep 637	 reward -15.239	 ms 213.3	 loss -0.033409	 12.2s
Ep 638	 reward -15.318	 ms 214.4	 loss 0.010486	 14.3s
Ep 639	 reward -15.275	 ms 213.8	 loss 0.202388	 12.8s
Ep 640	 reward -15.254	 ms 213.6	 loss 0.197863	 12.6s
Ep 641	 reward -15.582	 ms 218.2	 loss 0.044924	 14.3s
Ep 642	 reward -15.489	 ms 216.8	 loss 0.013110	 13.1s
Ep 643	 reward -15.529	 ms 217.4	 loss 0.030265	 13.6s
Ep 644	 reward -15.532	 ms 217.4	 loss 0.054584	 13.6s
Ep 645	 reward -15.539	 ms 217.6	 loss 0.040890	 13.1s
Ep 646	 reward -15.546	 ms 217.7	 loss 0.095102	 14.5s
Ep 647	 reward -15.504	 ms 217.1	 loss 0.047881	 14.8s
Ep 648	 reward -15.539	 ms 217.6	 loss 0.069273	 13.1s
Ep 649	 reward -15.568	 ms 217.9	 loss 0.085309	 13.0s
[vali @650] rel=0.9275 (best 0.9275)  L=210.5
Ep 650	 reward -15.418	 ms 215.8	 loss 0.026285	 23.6s
Ep 651	 reward -15.536	 ms 217.5	 loss 0.058443	 13.5s
Ep 652	 reward -15.486	 ms 216.8	 loss 0.057497	 12.9s
Ep 653	 reward -15.582	 ms 218.2	 loss 0.061196	 15.3s
Ep 654	 reward -15.489	 ms 216.8	 loss 0.022974	 18.0s
Ep 655	 reward -15.518	 ms 217.2	 loss 0.026583	 18.5s
Ep 656	 reward -15.411	 ms 215.8	 loss -0.017324	 17.4s
Ep 657	 reward -15.518	 ms 217.2	 loss 0.004270	 14.7s
Ep 658	 reward -15.525	 ms 217.3	 loss 0.041416	 13.3s
Ep 659	 reward -15.507	 ms 217.1	 loss 0.030918	 18.0s
Ep 660	 reward -15.564	 ms 217.9	 loss 0.113283	 15.1s
Ep 661	 reward -14.993	 ms 209.9	 loss -0.013990	 14.5s
Ep 662	 reward -15.014	 ms 210.2	 loss -0.099462	 12.9s
Ep 663	 reward -15.032	 ms 210.4	 loss -0.076257	 15.0s
Ep 664	 reward -14.914	 ms 208.8	 loss -0.052941	 17.2s
Ep 665	 reward -14.954	 ms 209.3	 loss -0.087124	 17.1s
Ep 666	 reward -14.961	 ms 209.4	 loss 0.151073	 16.3s
Ep 667	 reward -14.936	 ms 209.1	 loss -0.086277	 17.1s
Ep 668	 reward -14.968	 ms 209.6	 loss -0.058702	 14.4s
Ep 669	 reward -14.896	 ms 208.6	 loss -0.089944	 14.5s
Ep 670	 reward -14.946	 ms 209.2	 loss -0.121388	 16.0s
Ep 671	 reward -14.961	 ms 209.4	 loss -0.010279	 14.9s
Ep 672	 reward -14.911	 ms 208.8	 loss -0.083590	 17.5s
Ep 673	 reward -14.950	 ms 209.3	 loss -0.095986	 14.6s
Ep 674	 reward -14.932	 ms 209.1	 loss -0.009848	 15.0s
[vali @675] rel=0.9310 (best 0.9275)  L=211.3
Ep 675	 reward -15.014	 ms 210.2	 loss -0.089305	 27.8s
Ep 676	 reward -14.911	 ms 208.8	 loss 0.128900	 15.6s
Ep 677	 reward -14.918	 ms 208.8	 loss -0.067272	 13.3s
Ep 678	 reward -14.861	 ms 208.1	 loss -0.057114	 17.2s
Ep 679	 reward -14.893	 ms 208.5	 loss -0.075845	 14.7s
Ep 680	 reward -14.954	 ms 209.3	 loss -0.070709	 15.6s
Ep 681	 reward -15.475	 ms 216.7	 loss -0.016475	 15.9s
Ep 682	 reward -15.407	 ms 215.7	 loss 0.165871	 15.6s
Ep 683	 reward -15.411	 ms 215.8	 loss -0.082564	 14.4s
Ep 684	 reward -15.411	 ms 215.8	 loss 0.200788	 16.4s
Ep 685	 reward -15.443	 ms 216.2	 loss 0.154926	 16.4s
Ep 686	 reward -15.443	 ms 216.2	 loss 0.119816	 19.8s
Ep 687	 reward -15.539	 ms 217.6	 loss -0.067169	 17.7s
Ep 688	 reward -15.464	 ms 216.5	 loss 0.136688	 18.3s
Ep 689	 reward -15.461	 ms 216.4	 loss 0.005437	 15.0s
Ep 690	 reward -15.446	 ms 216.2	 loss -0.026681	 16.7s
Ep 691	 reward -15.382	 ms 215.3	 loss -0.103849	 15.1s
Ep 692	 reward -15.407	 ms 215.7	 loss 0.152192	 15.8s
Ep 693	 reward -15.411	 ms 215.8	 loss -0.056534	 17.1s
Ep 694	 reward -15.450	 ms 216.3	 loss 0.070531	 16.2s
Ep 695	 reward -15.450	 ms 216.3	 loss 0.111322	 18.9s
Ep 696	 reward -15.446	 ms 216.2	 loss 0.101510	 16.7s
Ep 697	 reward -15.407	 ms 215.7	 loss 0.013684	 18.9s
Ep 698	 reward -15.518	 ms 217.2	 loss -0.041063	 15.2s
Ep 699	 reward -15.418	 ms 215.8	 loss 0.088993	 19.0s
[vali @700] rel=0.9273 (best 0.9273)  L=210.4
Ep 700	 reward -15.407	 ms 215.7	 loss 0.110913	 30.2s
Ep 701	 reward -15.139	 ms 211.9	 loss 0.172668	 16.3s
Ep 702	 reward -15.250	 ms 213.5	 loss 0.187820	 18.5s
Ep 703	 reward -15.146	 ms 212.1	 loss 0.143692	 16.6s
Ep 704	 reward -15.129	 ms 211.8	 loss 0.222036	 16.5s
Ep 705	 reward -15.168	 ms 212.3	 loss 0.203867	 17.0s
Ep 706	 reward -15.150	 ms 212.1	 loss 0.221703	 18.0s
Ep 707	 reward -15.232	 ms 213.2	 loss 0.237854	 16.7s
Ep 708	 reward -15.189	 ms 212.7	 loss 0.192468	 17.0s
Ep 709	 reward -15.200	 ms 212.8	 loss 0.085568	 16.1s
Ep 710	 reward -15.139	 ms 211.9	 loss 0.089263	 17.4s
Ep 711	 reward -15.157	 ms 212.2	 loss 0.117556	 14.3s
Ep 712	 reward -15.257	 ms 213.6	 loss 0.158130	 15.4s
Ep 713	 reward -15.186	 ms 212.6	 loss 0.146727	 18.1s
Ep 714	 reward -15.100	 ms 211.4	 loss 0.172490	 15.3s
Ep 715	 reward -15.129	 ms 211.8	 loss 0.205077	 14.5s
Ep 716	 reward -15.193	 ms 212.7	 loss 0.173177	 15.1s
Ep 717	 reward -15.139	 ms 211.9	 loss 0.184073	 16.0s
Ep 718	 reward -15.171	 ms 212.4	 loss -0.048942	 17.5s
Ep 719	 reward -15.150	 ms 212.1	 loss 0.119917	 15.2s
Ep 720	 reward -15.143	 ms 212.0	 loss 0.192004	 18.0s
Ep 721	 reward -15.193	 ms 212.7	 loss 0.054803	 16.3s
Ep 722	 reward -15.164	 ms 212.3	 loss 0.069781	 17.7s
Ep 723	 reward -15.289	 ms 214.1	 loss 0.072305	 12.2s
Ep 724	 reward -15.279	 ms 213.9	 loss -0.086245	 19.6s
[vali @725] rel=0.9262 (best 0.9262)  L=210.2
Ep 725	 reward -15.246	 ms 213.4	 loss 0.154574	 23.4s
Ep 726	 reward -15.200	 ms 212.8	 loss 0.014231	 14.9s
Ep 727	 reward -15.164	 ms 212.3	 loss 0.119730	 16.4s
Ep 728	 reward -15.186	 ms 212.6	 loss -0.039773	 15.9s
Ep 729	 reward -15.236	 ms 213.3	 loss 0.147346	 17.2s
Ep 730	 reward -15.250	 ms 213.5	 loss 0.208567	 17.6s
Ep 731	 reward -15.261	 ms 213.7	 loss 0.001263	 17.0s
Ep 732	 reward -15.171	 ms 212.4	 loss 0.156463	 17.3s
Ep 733	 reward -15.214	 ms 213.0	 loss 0.100616	 13.4s
Ep 734	 reward -15.318	 ms 214.4	 loss -0.045078	 15.5s
Ep 735	 reward -15.268	 ms 213.8	 loss -0.083637	 17.2s
Ep 736	 reward -15.196	 ms 212.8	 loss 0.040311	 16.6s
Ep 737	 reward -15.200	 ms 212.8	 loss 0.051255	 17.8s
Ep 738	 reward -15.225	 ms 213.2	 loss 0.016070	 15.9s
Ep 739	 reward -15.261	 ms 213.7	 loss 0.152990	 17.2s
Ep 740	 reward -15.211	 ms 212.9	 loss 0.106965	 13.9s
Ep 741	 reward -15.325	 ms 214.6	 loss -0.025727	 15.1s
Ep 742	 reward -15.389	 ms 215.4	 loss -0.039236	 16.5s
Ep 743	 reward -15.368	 ms 215.2	 loss -0.043577	 19.2s
Ep 744	 reward -15.282	 ms 213.9	 loss 0.018072	 16.0s
Ep 745	 reward -15.336	 ms 214.7	 loss -0.031592	 18.4s
Ep 746	 reward -15.386	 ms 215.4	 loss -0.022126	 16.9s
Ep 747	 reward -15.329	 ms 214.6	 loss -0.025208	 16.8s
Ep 748	 reward -15.389	 ms 215.4	 loss -0.024580	 15.8s
Ep 749	 reward -15.350	 ms 214.9	 loss -0.024719	 17.9s
[vali @750] rel=0.9249 (best 0.9249)  L=209.9
Ep 750	 reward -15.389	 ms 215.4	 loss -0.035961	 27.6s
Ep 751	 reward -15.371	 ms 215.2	 loss -0.015246	 18.0s
Ep 752	 reward -15.314	 ms 214.4	 loss -0.030504	 18.8s
Ep 753	 reward -15.329	 ms 214.6	 loss -0.036845	 16.4s
Ep 754	 reward -15.336	 ms 214.7	 loss -0.029877	 14.8s
Ep 755	 reward -15.314	 ms 214.4	 loss -0.018441	 14.2s
Ep 756	 reward -15.332	 ms 214.7	 loss -0.029213	 16.4s
Ep 757	 reward -15.321	 ms 214.5	 loss -0.035449	 16.2s
Ep 758	 reward -15.286	 ms 214.0	 loss -0.034553	 16.0s
Ep 759	 reward -15.357	 ms 215.0	 loss -0.021064	 18.3s
Ep 760	 reward -15.357	 ms 215.0	 loss -0.020724	 15.6s
Ep 761	 reward -15.429	 ms 216.0	 loss -0.030251	 16.6s
Ep 762	 reward -15.471	 ms 216.6	 loss -0.074873	 18.4s
Ep 763	 reward -15.400	 ms 215.6	 loss 0.035290	 20.1s
Ep 764	 reward -15.429	 ms 216.0	 loss -0.052053	 17.3s
Ep 765	 reward -15.321	 ms 214.5	 loss -0.033483	 16.8s
Ep 766	 reward -15.396	 ms 215.6	 loss -0.054557	 14.7s
Ep 767	 reward -15.386	 ms 215.4	 loss 0.095259	 16.1s
Ep 768	 reward -15.389	 ms 215.4	 loss -0.007375	 15.0s
Ep 769	 reward -15.389	 ms 215.4	 loss -0.076847	 17.3s
Ep 770	 reward -15.418	 ms 215.8	 loss -0.095457	 17.0s
Ep 771	 reward -15.507	 ms 217.1	 loss -0.048312	 13.7s
Ep 772	 reward -15.425	 ms 215.9	 loss 0.017003	 18.2s
Ep 773	 reward -15.379	 ms 215.3	 loss 0.018279	 17.5s
Ep 774	 reward -15.382	 ms 215.3	 loss -0.036109	 13.8s
[vali @775] rel=0.9231 (best 0.9231)  L=209.5
Ep 775	 reward -15.400	 ms 215.6	 loss -0.058402	 25.2s
Ep 776	 reward -15.407	 ms 215.7	 loss 0.109554	 15.3s
Ep 777	 reward -15.446	 ms 216.2	 loss 0.056558	 15.2s
Ep 778	 reward -15.386	 ms 215.4	 loss 0.094631	 16.5s
Ep 779	 reward -15.468	 ms 216.6	 loss 0.076125	 16.7s
Ep 780	 reward -15.393	 ms 215.5	 loss -0.082297	 14.8s
Ep 781	 reward -15.400	 ms 215.6	 loss -0.040269	 16.7s
Ep 782	 reward -15.261	 ms 213.7	 loss 0.014440	 16.0s
Ep 783	 reward -15.318	 ms 214.4	 loss -0.131945	 13.0s
Ep 784	 reward -15.350	 ms 214.9	 loss 0.105897	 15.2s
Ep 785	 reward -15.275	 ms 213.8	 loss 0.005196	 14.8s
Ep 786	 reward -15.339	 ms 214.8	 loss -0.137171	 16.6s
Ep 787	 reward -15.300	 ms 214.2	 loss 0.069511	 13.5s
Ep 788	 reward -15.271	 ms 213.8	 loss -0.186982	 17.4s
Ep 789	 reward -15.350	 ms 214.9	 loss 0.147570	 16.4s
Ep 790	 reward -15.254	 ms 213.6	 loss -0.139157	 13.2s
Ep 791	 reward -15.311	 ms 214.3	 loss -0.026024	 17.8s
Ep 792	 reward -15.339	 ms 214.8	 loss 0.074285	 16.2s
Ep 793	 reward -15.268	 ms 213.8	 loss -0.101180	 16.7s
Ep 794	 reward -15.314	 ms 214.4	 loss 0.168647	 14.7s
Ep 795	 reward -15.300	 ms 214.2	 loss 0.155882	 14.3s
Ep 796	 reward -15.304	 ms 214.2	 loss -0.044370	 14.1s
Ep 797	 reward -15.254	 ms 213.6	 loss -0.054842	 13.5s
Ep 798	 reward -15.286	 ms 214.0	 loss -0.073063	 15.7s
Ep 799	 reward -15.354	 ms 214.9	 loss -0.134431	 14.9s
[vali @800] rel=0.9266 (best 0.9231)  L=210.3
Ep 800	 reward -15.332	 ms 214.7	 loss -0.099142	 25.0s
Ep 801	 reward -15.061	 ms 210.8	 loss 0.086391	 14.7s
Ep 802	 reward -15.111	 ms 211.6	 loss -0.108935	 13.2s
Ep 803	 reward -15.050	 ms 210.7	 loss -0.054130	 13.6s
Ep 804	 reward -15.050	 ms 210.7	 loss -0.053375	 14.8s
Ep 805	 reward -15.089	 ms 211.2	 loss -0.028519	 15.1s
Ep 806	 reward -15.068	 ms 210.9	 loss 0.122065	 14.1s
Ep 807	 reward -15.089	 ms 211.2	 loss -0.073043	 13.2s
Ep 808	 reward -14.986	 ms 209.8	 loss -0.035739	 13.4s
Ep 809	 reward -15.050	 ms 210.7	 loss -0.060678	 17.2s
Ep 810	 reward -14.968	 ms 209.6	 loss 0.007499	 14.8s
Ep 811	 reward -15.093	 ms 211.3	 loss 0.054289	 14.2s
Ep 812	 reward -15.021	 ms 210.3	 loss 0.111886	 14.8s
Ep 813	 reward -15.079	 ms 211.1	 loss -0.022506	 16.3s
Ep 814	 reward -15.093	 ms 211.3	 loss 0.170563	 14.0s
Ep 815	 reward -15.064	 ms 210.9	 loss 0.024013	 15.9s
Ep 816	 reward -15.107	 ms 211.5	 loss 0.049405	 14.9s
Ep 817	 reward -15.054	 ms 210.8	 loss 0.118214	 12.6s
Ep 818	 reward -15.064	 ms 210.9	 loss -0.028162	 12.7s
Ep 819	 reward -15.107	 ms 211.5	 loss 0.147217	 14.7s
Ep 820	 reward -15.043	 ms 210.6	 loss -0.026166	 13.9s
Ep 821	 reward -15.539	 ms 217.6	 loss 0.103440	 15.3s
Ep 822	 reward -15.504	 ms 217.1	 loss 0.106902	 14.3s
Ep 823	 reward -15.514	 ms 217.2	 loss 0.079922	 14.9s
Ep 824	 reward -15.482	 ms 216.8	 loss 0.105992	 12.8s
[vali @825] rel=0.9262 (best 0.9231)  L=210.2
Ep 825	 reward -15.486	 ms 216.8	 loss 0.166704	 22.8s
Ep 826	 reward -15.529	 ms 217.4	 loss 0.014724	 16.2s
Ep 827	 reward -15.539	 ms 217.6	 loss 0.171758	 15.9s
Ep 828	 reward -15.521	 ms 217.3	 loss 0.133331	 14.2s
Ep 829	 reward -15.514	 ms 217.2	 loss 0.102465	 13.9s
Ep 830	 reward -15.550	 ms 217.7	 loss 0.053486	 15.8s
Ep 831	 reward -15.525	 ms 217.3	 loss 0.009631	 14.2s
Ep 832	 reward -15.514	 ms 217.2	 loss -0.069259	 13.3s
Ep 833	 reward -15.500	 ms 217.0	 loss 0.055344	 13.9s
Ep 834	 reward -15.543	 ms 217.6	 loss 0.134468	 14.5s
Ep 835	 reward -15.543	 ms 217.6	 loss 0.030009	 14.2s
Ep 836	 reward -15.521	 ms 217.3	 loss 0.127551	 14.5s
Ep 837	 reward -15.564	 ms 217.9	 loss 0.112125	 14.2s
Ep 838	 reward -15.514	 ms 217.2	 loss -0.054601	 13.9s
Ep 839	 reward -15.529	 ms 217.4	 loss 0.086282	 13.7s
Ep 840	 reward -15.514	 ms 217.2	 loss -0.013378	 13.9s
Ep 841	 reward -15.332	 ms 214.7	 loss -0.008622	 14.1s
Ep 842	 reward -15.464	 ms 216.5	 loss 0.023177	 13.7s
Ep 843	 reward -15.368	 ms 215.2	 loss 0.178695	 13.6s
Ep 844	 reward -15.375	 ms 215.2	 loss 0.099717	 15.5s
Ep 845	 reward -15.439	 ms 216.2	 loss -0.092168	 14.2s
Ep 846	 reward -15.425	 ms 215.9	 loss 0.069716	 15.7s
Ep 847	 reward -15.332	 ms 214.7	 loss 0.190105	 16.6s
Ep 848	 reward -15.396	 ms 215.6	 loss -0.121318	 14.4s
Ep 849	 reward -15.357	 ms 215.0	 loss 0.169522	 14.3s
[vali @850] rel=0.9229 (best 0.9229)  L=209.4
Ep 850	 reward -15.346	 ms 214.8	 loss -0.094139	 25.0s
Ep 851	 reward -15.386	 ms 215.4	 loss -0.123979	 15.3s
Ep 852	 reward -15.414	 ms 215.8	 loss 0.197687	 15.9s
Ep 853	 reward -15.446	 ms 216.2	 loss 0.202950	 14.4s
Ep 854	 reward -15.339	 ms 214.8	 loss 0.100186	 14.3s
Ep 855	 reward -15.393	 ms 215.5	 loss 0.188805	 13.6s
Ep 856	 reward -15.386	 ms 215.4	 loss 0.150365	 13.6s
Ep 857	 reward -15.339	 ms 214.8	 loss 0.029229	 14.5s
Ep 858	 reward -15.357	 ms 215.0	 loss 0.178621	 13.1s
Ep 859	 reward -15.389	 ms 215.4	 loss -0.042468	 13.4s
Ep 860	 reward -15.400	 ms 215.6	 loss 0.203682	 14.1s
Ep 861	 reward -15.368	 ms 215.2	 loss -0.023395	 15.8s
Ep 862	 reward -15.418	 ms 215.8	 loss -0.089105	 13.3s
Ep 863	 reward -15.407	 ms 215.7	 loss -0.029765	 12.5s
Ep 864	 reward -15.446	 ms 216.2	 loss 0.062410	 11.9s
Ep 865	 reward -15.436	 ms 216.1	 loss -0.015943	 12.2s
Ep 866	 reward -15.404	 ms 215.7	 loss -0.048926	 12.6s
Ep 867	 reward -15.386	 ms 215.4	 loss -0.143453	 11.8s
Ep 868	 reward -15.364	 ms 215.1	 loss -0.026023	 12.0s
Ep 869	 reward -15.436	 ms 216.1	 loss 0.106040	 11.9s
Ep 870	 reward -15.414	 ms 215.8	 loss -0.017609	 11.6s
Ep 871	 reward -15.418	 ms 215.8	 loss -0.043092	 11.6s
Ep 872	 reward -15.471	 ms 216.6	 loss -0.085089	 11.6s
Ep 873	 reward -15.439	 ms 216.2	 loss -0.014686	 10.9s
Ep 874	 reward -15.396	 ms 215.6	 loss -0.115332	 11.0s
[vali @875] rel=0.9247 (best 0.9229)  L=209.8
Ep 875	 reward -15.375	 ms 215.2	 loss -0.037111	 18.1s
Ep 876	 reward -15.436	 ms 216.1	 loss 0.137378	 10.8s
Ep 877	 reward -15.411	 ms 215.8	 loss -0.064449	 10.8s
Ep 878	 reward -15.418	 ms 215.8	 loss -0.169306	 10.9s
Ep 879	 reward -15.407	 ms 215.7	 loss -0.028850	 11.5s
Ep 880	 reward -15.432	 ms 216.1	 loss -0.099001	 11.1s
Ep 881	 reward -15.229	 ms 213.2	 loss 0.102849	 11.4s
Ep 882	 reward -15.318	 ms 214.4	 loss 0.056945	 11.5s
Ep 883	 reward -15.229	 ms 213.2	 loss 0.206654	 11.1s
Ep 884	 reward -15.275	 ms 213.8	 loss 0.108007	 11.5s
Ep 885	 reward -15.357	 ms 215.0	 loss 0.191708	 11.0s
Ep 886	 reward -15.257	 ms 213.6	 loss 0.169238	 11.3s
Ep 887	 reward -15.214	 ms 213.0	 loss 0.094599	 10.3s
Ep 888	 reward -15.311	 ms 214.3	 loss 0.137692	 11.8s
Ep 889	 reward -15.289	 ms 214.1	 loss 0.131072	 11.4s
Ep 890	 reward -15.307	 ms 214.3	 loss 0.111823	 10.3s
Ep 891	 reward -15.200	 ms 212.8	 loss 0.102476	 12.4s
Ep 892	 reward -15.271	 ms 213.8	 loss 0.171165	 12.1s
Ep 893	 reward -15.361	 ms 215.1	 loss 0.120611	 11.1s
Ep 894	 reward -15.271	 ms 213.8	 loss 0.131232	 11.0s
Ep 895	 reward -15.261	 ms 213.7	 loss 0.132663	 10.9s
Ep 896	 reward -15.304	 ms 214.2	 loss 0.071700	 12.3s
Ep 897	 reward -15.296	 ms 214.2	 loss 0.175251	 11.4s
Ep 898	 reward -15.282	 ms 213.9	 loss 0.057517	 11.9s
Ep 899	 reward -15.282	 ms 213.9	 loss 0.103436	 12.1s
[vali @900] rel=0.9269 (best 0.9229)  L=210.3
Ep 900	 reward -15.268	 ms 213.8	 loss 0.154166	 19.4s
Ep 901	 reward -15.454	 ms 216.3	 loss 0.070574	 10.2s
Ep 902	 reward -15.525	 ms 217.3	 loss 0.125515	 11.5s
Ep 903	 reward -15.429	 ms 216.0	 loss 0.051749	 11.3s
Ep 904	 reward -15.443	 ms 216.2	 loss -0.010130	 11.2s
Ep 905	 reward -15.439	 ms 216.2	 loss 0.114155	 11.5s
Ep 906	 reward -15.486	 ms 216.8	 loss 0.120784	 11.2s
Ep 907	 reward -15.414	 ms 215.8	 loss -0.159154	 12.0s
Ep 908	 reward -15.457	 ms 216.4	 loss 0.073502	 11.5s
Ep 909	 reward -15.414	 ms 215.8	 loss -0.130700	 11.7s
Ep 910	 reward -15.521	 ms 217.3	 loss 0.045250	 11.9s
Ep 911	 reward -15.414	 ms 215.8	 loss -0.093328	 11.3s
Ep 912	 reward -15.486	 ms 216.8	 loss -0.016133	 11.8s
Ep 913	 reward -15.461	 ms 216.4	 loss -0.106797	 12.4s
Ep 914	 reward -15.482	 ms 216.8	 loss -0.038328	 11.5s
Ep 915	 reward -15.475	 ms 216.7	 loss 0.080758	 11.3s
Ep 916	 reward -15.439	 ms 216.2	 loss 0.028361	 9.9s
Ep 917	 reward -15.468	 ms 216.6	 loss -0.144594	 11.8s
Ep 918	 reward -15.386	 ms 215.4	 loss 0.051710	 11.7s
Ep 919	 reward -15.379	 ms 215.3	 loss 0.054518	 12.4s
Ep 920	 reward -15.471	 ms 216.6	 loss -0.051473	 10.9s
Ep 921	 reward -15.025	 ms 210.3	 loss -0.050636	 11.5s
Ep 922	 reward -15.057	 ms 210.8	 loss 0.019634	 11.3s
Ep 923	 reward -15.100	 ms 211.4	 loss -0.067566	 11.6s
Ep 924	 reward -15.093	 ms 211.3	 loss -0.040923	 10.9s
[vali @925] rel=0.9266 (best 0.9229)  L=210.3
Ep 925	 reward -15.068	 ms 210.9	 loss -0.039362	 18.9s
Ep 926	 reward -15.061	 ms 210.8	 loss -0.028239	 11.3s
Ep 927	 reward -15.093	 ms 211.3	 loss 0.014280	 12.0s
Ep 928	 reward -15.064	 ms 210.9	 loss -0.033557	 12.2s
Ep 929	 reward -15.100	 ms 211.4	 loss -0.030514	 10.7s
Ep 930	 reward -15.125	 ms 211.8	 loss -0.042431	 12.7s
Ep 931	 reward -15.129	 ms 211.8	 loss -0.047024	 12.5s
Ep 932	 reward -15.054	 ms 210.8	 loss -0.031138	 11.6s
Ep 933	 reward -15.107	 ms 211.5	 loss -0.046874	 12.0s
Ep 934	 reward -15.061	 ms 210.8	 loss -0.041987	 11.4s
Ep 935	 reward -15.079	 ms 211.1	 loss -0.034913	 11.8s
Ep 936	 reward -15.046	 ms 210.7	 loss -0.021232	 11.5s
Ep 937	 reward -15.107	 ms 211.5	 loss -0.011320	 12.2s
Ep 938	 reward -15.089	 ms 211.2	 loss -0.051729	 10.9s
Ep 939	 reward -15.011	 ms 210.2	 loss -0.024429	 11.1s
Ep 940	 reward -15.064	 ms 210.9	 loss -0.017552	 12.2s
Ep 941	 reward -15.132	 ms 211.8	 loss 0.091062	 11.7s
Ep 942	 reward -15.089	 ms 211.2	 loss 0.214104	 11.6s
Ep 943	 reward -15.111	 ms 211.6	 loss 0.185184	 11.2s
Ep 944	 reward -15.150	 ms 212.1	 loss 0.156128	 11.2s
Ep 945	 reward -15.168	 ms 212.3	 loss 0.179150	 11.2s
Ep 946	 reward -15.239	 ms 213.3	 loss 0.149483	 11.0s
Ep 947	 reward -15.168	 ms 212.3	 loss 0.149952	 11.5s
Ep 948	 reward -15.154	 ms 212.2	 loss 0.158173	 11.4s
Ep 949	 reward -15.193	 ms 212.7	 loss 0.129956	 10.8s
[vali @950] rel=0.9240 (best 0.9229)  L=209.7
Ep 950	 reward -15.196	 ms 212.8	 loss 0.170180	 19.3s
Ep 951	 reward -15.161	 ms 212.2	 loss 0.137501	 11.1s
Ep 952	 reward -15.050	 ms 210.7	 loss 0.147060	 11.6s
Ep 953	 reward -15.129	 ms 211.8	 loss 0.132081	 12.3s
Ep 954	 reward -15.129	 ms 211.8	 loss 0.142775	 11.9s
Ep 955	 reward -15.125	 ms 211.8	 loss 0.106615	 12.1s
Ep 956	 reward -15.107	 ms 211.5	 loss 0.135321	 12.3s
Ep 957	 reward -15.139	 ms 211.9	 loss 0.132726	 11.6s
Ep 958	 reward -15.096	 ms 211.3	 loss 0.118206	 12.5s
Ep 959	 reward -15.157	 ms 212.2	 loss 0.005869	 10.3s
Ep 960	 reward -15.168	 ms 212.3	 loss 0.161404	 11.5s
Ep 961	 reward -15.293	 ms 214.1	 loss 0.055999	 12.4s
Ep 962	 reward -15.379	 ms 215.3	 loss 0.147979	 13.4s
Ep 963	 reward -15.296	 ms 214.2	 loss -0.021022	 12.4s
Ep 964	 reward -15.336	 ms 214.7	 loss 0.061271	 11.9s
Ep 965	 reward -15.346	 ms 214.8	 loss 0.069351	 13.7s
Ep 966	 reward -15.264	 ms 213.7	 loss 0.092225	 11.4s
Ep 967	 reward -15.271	 ms 213.8	 loss 0.088341	 11.0s
Ep 968	 reward -15.350	 ms 214.9	 loss 0.075196	 13.2s
Ep 969	 reward -15.304	 ms 214.2	 loss 0.056614	 13.2s
Ep 970	 reward -15.275	 ms 213.8	 loss 0.026502	 10.5s
Ep 971	 reward -15.318	 ms 214.4	 loss 0.033360	 12.2s
Ep 972	 reward -15.354	 ms 214.9	 loss -0.015472	 12.0s
Ep 973	 reward -15.271	 ms 213.8	 loss 0.008231	 12.6s
Ep 974	 reward -15.368	 ms 215.2	 loss -0.037798	 12.6s
[vali @975] rel=0.9262 (best 0.9229)  L=210.2
Ep 975	 reward -15.300	 ms 214.2	 loss 0.129301	 20.0s
Ep 976	 reward -15.354	 ms 214.9	 loss 0.054971	 13.8s
Ep 977	 reward -15.271	 ms 213.8	 loss 0.053786	 11.7s
Ep 978	 reward -15.336	 ms 214.7	 loss 0.034864	 12.4s
Ep 979	 reward -15.300	 ms 214.2	 loss 0.020876	 13.5s
Ep 980	 reward -15.264	 ms 213.7	 loss 0.085607	 11.5s
Ep 981	 reward -15.025	 ms 210.3	 loss -0.023796	 13.7s
Ep 982	 reward -15.154	 ms 212.2	 loss -0.033380	 13.1s
Ep 983	 reward -15.111	 ms 211.6	 loss -0.032973	 11.8s
Ep 984	 reward -15.086	 ms 211.2	 loss -0.006275	 11.4s
Ep 985	 reward -15.096	 ms 211.3	 loss 0.006592	 11.5s
Ep 986	 reward -15.111	 ms 211.6	 loss 0.010046	 12.3s
Ep 987	 reward -15.068	 ms 210.9	 loss -0.013732	 11.2s
Ep 988	 reward -15.096	 ms 211.3	 loss -0.005519	 11.6s
Ep 989	 reward -15.079	 ms 211.1	 loss 0.022349	 11.1s
Ep 990	 reward -15.050	 ms 210.7	 loss -0.020121	 11.7s
Ep 991	 reward -15.025	 ms 210.3	 loss 0.016345	 11.5s
Ep 992	 reward -15.100	 ms 211.4	 loss 0.000651	 10.7s
Ep 993	 reward -15.046	 ms 210.7	 loss -0.009094	 11.8s
Ep 994	 reward -15.089	 ms 211.2	 loss -0.003275	 10.9s
Ep 995	 reward -15.082	 ms 211.2	 loss 0.001453	 11.4s
Ep 996	 reward -15.075	 ms 211.1	 loss -0.016323	 11.3s
Ep 997	 reward -15.079	 ms 211.1	 loss 0.007780	 11.0s
Ep 998	 reward -15.089	 ms 211.2	 loss 0.010920	 11.3s
Ep 999	 reward -15.046	 ms 210.7	 loss 0.001035	 11.0s
[vali @1000] rel=0.9266 (best 0.9229)  L=210.3
Ep 1000	 reward -15.043	 ms 210.6	 loss -0.031509	 21.2s
[train_family] done in 3.82 h; best rel=0.9229
