[vali] MWKR norms: W=186.3
[model] params total=32786  film=0 (0.00%)
[train_family] model=10x25+family+spec-W regimes=['W'] updates=1000
Ep 1	 reward -11.518	 ms 161.2	 loss 1.283623	 28.5s
Ep 2	 reward -11.539	 ms 161.6	 loss 0.961211	 27.0s
Ep 3	 reward -11.621	 ms 162.7	 loss 0.964994	 26.9s
Ep 4	 reward -11.786	 ms 165.0	 loss 1.148640	 27.1s
Ep 5	 reward -11.593	 ms 162.3	 loss 1.039981	 25.9s
Ep 6	 reward -11.536	 ms 161.5	 loss 1.098257	 27.4s
Ep 7	 reward -11.361	 ms 159.1	 loss 1.005055	 28.5s
Ep 8	 reward -11.479	 ms 160.7	 loss 0.878289	 25.7s
Ep 9	 reward -11.457	 ms 160.4	 loss 0.776466	 26.9s
Ep 10	 reward -11.539	 ms 161.6	 loss 0.677643	 25.8s
Ep 11	 reward -11.518	 ms 161.2	 loss 0.517545	 26.7s
Ep 12	 reward -11.761	 ms 164.7	 loss 0.506921	 26.7s
Ep 13	 reward -11.582	 ms 162.2	 loss 0.373147	 27.8s
Ep 14	 reward -11.675	 ms 163.4	 loss 0.323855	 27.4s
Ep 15	 reward -11.775	 ms 164.8	 loss 0.333482	 26.1s
Ep 16	 reward -11.825	 ms 165.6	 loss 0.322314	 26.6s
Ep 17	 reward -11.982	 ms 167.8	 loss 0.416105	 27.1s
Ep 18	 reward -11.846	 ms 165.8	 loss 0.266050	 26.0s
Ep 19	 reward -11.836	 ms 165.7	 loss 0.238241	 24.6s
Ep 20	 reward -11.775	 ms 164.8	 loss 0.326361	 25.5s
Ep 21	 reward -12.057	 ms 168.8	 loss 0.388135	 27.1s
Ep 22	 reward -11.850	 ms 165.9	 loss 0.370351	 26.0s
Ep 23	 reward -11.743	 ms 164.4	 loss 0.250787	 27.0s
Ep 24	 reward -11.886	 ms 166.4	 loss 0.371404	 26.9s
[vali @25] rel=0.8932 (best 0.8932)  W=166.4
Ep 25	 reward -11.714	 ms 164.0	 loss 0.336547	 50.9s
Ep 26	 reward -11.807	 ms 165.3	 loss 0.300194	 28.6s
Ep 27	 reward -11.746	 ms 164.4	 loss 0.288415	 27.0s
Ep 28	 reward -11.464	 ms 160.5	 loss 0.308014	 27.4s
Ep 29	 reward -11.679	 ms 163.5	 loss 0.425206	 26.2s
Ep 30	 reward -11.657	 ms 163.2	 loss 0.257307	 25.4s
Ep 31	 reward -11.629	 ms 162.8	 loss 0.308667	 27.0s
Ep 32	 reward -11.743	 ms 164.4	 loss 0.178711	 24.2s
Ep 33	 reward -11.568	 ms 161.9	 loss 0.200079	 27.6s
Ep 34	 reward -11.725	 ms 164.2	 loss 0.240648	 27.5s
Ep 35	 reward -11.775	 ms 164.8	 loss 0.271926	 27.0s
Ep 36	 reward -11.643	 ms 163.0	 loss 0.187201	 26.5s
Ep 37	 reward -11.232	 ms 157.2	 loss 0.114005	 27.5s
Ep 38	 reward -11.429	 ms 160.0	 loss 0.411937	 25.1s
Ep 39	 reward -11.546	 ms 161.7	 loss 0.199220	 26.5s
Ep 40	 reward -11.411	 ms 159.8	 loss 0.140524	 27.1s
Ep 41	 reward -11.550	 ms 161.7	 loss 0.361596	 24.3s
Ep 42	 reward -11.325	 ms 158.6	 loss 0.167274	 27.1s
Ep 43	 reward -11.429	 ms 160.0	 loss 0.218001	 25.4s
Ep 44	 reward -11.396	 ms 159.6	 loss 0.310723	 27.4s
Ep 45	 reward -11.254	 ms 157.6	 loss 0.338185	 28.4s
Ep 46	 reward -11.186	 ms 156.6	 loss 0.231048	 28.3s
Ep 47	 reward -11.307	 ms 158.3	 loss 0.244611	 27.3s
Ep 48	 reward -11.332	 ms 158.7	 loss 0.285091	 26.8s
Ep 49	 reward -11.264	 ms 157.7	 loss 0.206624	 25.4s
[vali @50] rel=0.8038 (best 0.8038)  W=149.8
Ep 50	 reward -11.257	 ms 157.6	 loss 0.175113	 52.2s
Ep 51	 reward -11.118	 ms 155.7	 loss 0.279164	 24.1s
Ep 52	 reward -11.254	 ms 157.6	 loss 0.209077	 27.4s
Ep 53	 reward -11.186	 ms 156.6	 loss 0.080509	 26.9s
Ep 54	 reward -11.136	 ms 155.9	 loss 0.098376	 24.1s
Ep 55	 reward -11.075	 ms 155.1	 loss 0.028453	 25.4s
Ep 56	 reward -11.139	 ms 155.9	 loss 0.103867	 27.1s
Ep 57	 reward -11.021	 ms 154.3	 loss 0.092843	 26.2s
Ep 58	 reward -11.071	 ms 155.0	 loss 0.186991	 27.4s
Ep 59	 reward -11.218	 ms 157.1	 loss 0.173858	 27.9s
Ep 60	 reward -11.193	 ms 156.7	 loss 0.051588	 27.2s
Ep 61	 reward -11.104	 ms 155.4	 loss 0.118151	 28.0s
Ep 62	 reward -11.118	 ms 155.7	 loss 0.131887	 26.4s
Ep 63	 reward -11.211	 ms 156.9	 loss 0.171760	 24.6s
Ep 64	 reward -11.082	 ms 155.2	 loss 0.148821	 29.0s
Ep 65	 reward -11.193	 ms 156.7	 loss 0.028491	 25.8s
Ep 66	 reward -11.150	 ms 156.1	 loss 0.171336	 27.5s
Ep 67	 reward -11.129	 ms 155.8	 loss 0.114104	 27.7s
Ep 68	 reward -11.168	 ms 156.3	 loss 0.155870	 26.9s
Ep 69	 reward -11.111	 ms 155.6	 loss 0.073980	 27.5s
Ep 70	 reward -11.200	 ms 156.8	 loss 0.107147	 27.9s
Ep 71	 reward -11.121	 ms 155.7	 loss 0.155005	 26.9s
Ep 72	 reward -11.093	 ms 155.3	 loss 0.055173	 27.6s
Ep 73	 reward -11.336	 ms 158.7	 loss 0.102714	 26.9s
Ep 74	 reward -11.136	 ms 155.9	 loss 0.079999	 25.6s
[vali @75] rel=0.8070 (best 0.8038)  W=150.3
Ep 75	 reward -11.121	 ms 155.7	 loss 0.085847	 49.1s
Ep 76	 reward -11.164	 ms 156.3	 loss 0.083890	 25.4s
Ep 77	 reward -11.164	 ms 156.3	 loss 0.159676	 25.9s
Ep 78	 reward -11.221	 ms 157.1	 loss 0.036365	 27.4s
Ep 79	 reward -11.089	 ms 155.2	 loss 0.098815	 28.1s
Ep 80	 reward -11.186	 ms 156.6	 loss 0.113552	 26.4s
Ep 81	 reward -11.146	 ms 156.1	 loss 0.144153	 28.2s
Ep 82	 reward -11.175	 ms 156.4	 loss 0.073822	 26.7s
Ep 83	 reward -11.171	 ms 156.4	 loss 0.064106	 25.7s
Ep 84	 reward -11.057	 ms 154.8	 loss 0.194987	 26.6s
Ep 85	 reward -11.111	 ms 155.6	 loss 0.065074	 25.6s
Ep 86	 reward -11.121	 ms 155.7	 loss 0.061248	 27.6s
Ep 87	 reward -11.164	 ms 156.3	 loss 0.125525	 26.4s
Ep 88	 reward -11.182	 ms 156.6	 loss -0.028442	 25.3s
Ep 89	 reward -11.232	 ms 157.2	 loss 0.074783	 25.0s
Ep 90	 reward -11.189	 ms 156.7	 loss 0.041309	 26.0s
Ep 91	 reward -11.200	 ms 156.8	 loss 0.072632	 26.4s
Ep 92	 reward -11.346	 ms 158.8	 loss 0.098008	 26.7s
Ep 93	 reward -11.157	 ms 156.2	 loss -0.022319	 27.3s
Ep 94	 reward -11.175	 ms 156.4	 loss 0.032619	 27.3s
Ep 95	 reward -11.154	 ms 156.2	 loss 0.069458	 26.3s
Ep 96	 reward -11.250	 ms 157.5	 loss 0.089157	 24.4s
Ep 97	 reward -11.107	 ms 155.5	 loss 0.040808	 27.1s
Ep 98	 reward -11.325	 ms 158.6	 loss 0.038686	 25.7s
Ep 99	 reward -11.304	 ms 158.2	 loss 0.108837	 26.2s
[vali @100] rel=0.8092 (best 0.8038)  W=150.8
Ep 100	 reward -11.061	 ms 154.8	 loss 0.124950	 52.5s
Ep 101	 reward -11.079	 ms 155.1	 loss 0.085148	 26.6s
Ep 102	 reward -10.929	 ms 153.0	 loss 0.138985	 26.1s
Ep 103	 reward -10.975	 ms 153.7	 loss 0.104347	 26.6s
Ep 104	 reward -10.864	 ms 152.1	 loss 0.078395	 27.1s
Ep 105	 reward -10.914	 ms 152.8	 loss 0.157934	 28.3s
Ep 106	 reward -11.039	 ms 154.6	 loss 0.133963	 26.5s
Ep 107	 reward -10.964	 ms 153.5	 loss 0.139031	 26.0s
Ep 108	 reward -10.893	 ms 152.5	 loss 0.105413	 26.8s
Ep 109	 reward -10.857	 ms 152.0	 loss 0.140498	 24.7s
Ep 110	 reward -10.854	 ms 151.9	 loss 0.095768	 26.5s
Ep 111	 reward -10.768	 ms 150.8	 loss 0.018845	 26.7s
Ep 112	 reward -11.025	 ms 154.3	 loss 0.062567	 25.2s
Ep 113	 reward -10.804	 ms 151.2	 loss 0.141060	 26.9s
Ep 114	 reward -10.982	 ms 153.8	 loss 0.143147	 26.6s
Ep 115	 reward -10.893	 ms 152.5	 loss 0.080832	 26.3s
Ep 116	 reward -10.771	 ms 150.8	 loss 0.018658	 27.8s
Ep 117	 reward -10.914	 ms 152.8	 loss 0.055928	 26.6s
Ep 118	 reward -10.907	 ms 152.7	 loss -0.020331	 24.1s
Ep 119	 reward -10.950	 ms 153.3	 loss -0.034056	 29.3s
Ep 120	 reward -10.936	 ms 153.1	 loss 0.097052	 24.3s
Ep 121	 reward -11.011	 ms 154.2	 loss 0.334838	 28.4s
Ep 122	 reward -11.146	 ms 156.1	 loss 0.130849	 27.2s
Ep 123	 reward -10.950	 ms 153.3	 loss 0.280447	 28.3s
Ep 124	 reward -10.979	 ms 153.7	 loss 0.297096	 27.1s
[vali @125] rel=0.8089 (best 0.8038)  W=150.7
Ep 125	 reward -10.807	 ms 151.3	 loss 0.117395	 51.3s
Ep 126	 reward -11.196	 ms 156.8	 loss 0.293668	 27.1s
Ep 127	 reward -11.089	 ms 155.2	 loss 0.069768	 27.5s
Ep 128	 reward -11.011	 ms 154.2	 loss 0.064345	 26.3s
Ep 129	 reward -10.964	 ms 153.5	 loss 0.198604	 27.3s
Ep 130	 reward -11.261	 ms 157.7	 loss 0.370921	 25.1s
Ep 131	 reward -11.086	 ms 155.2	 loss 0.219017	 27.7s
Ep 132	 reward -10.893	 ms 152.5	 loss -0.037066	 28.6s
Ep 133	 reward -11.111	 ms 155.6	 loss 0.158267	 28.2s
Ep 134	 reward -11.082	 ms 155.2	 loss 0.286695	 28.2s
Ep 135	 reward -10.986	 ms 153.8	 loss 0.286398	 29.6s
Ep 136	 reward -11.164	 ms 156.3	 loss 0.118744	 26.9s
Ep 137	 reward -11.111	 ms 155.6	 loss 0.309930	 28.8s
Ep 138	 reward -11.132	 ms 155.8	 loss 0.276849	 28.3s
Ep 139	 reward -10.900	 ms 152.6	 loss -0.005492	 26.8s
Ep 140	 reward -11.004	 ms 154.1	 loss 0.405114	 28.3s
Ep 141	 reward -11.025	 ms 154.3	 loss 0.040081	 28.3s
Ep 142	 reward -10.954	 ms 153.3	 loss -0.005324	 32.3s
Ep 143	 reward -10.907	 ms 152.7	 loss 0.012799	 32.3s
Ep 144	 reward -10.925	 ms 152.9	 loss 0.019728	 29.0s
Ep 145	 reward -10.914	 ms 152.8	 loss 0.059937	 29.4s
Ep 146	 reward -10.921	 ms 152.9	 loss 0.054805	 28.8s
Ep 147	 reward -10.843	 ms 151.8	 loss 0.077967	 27.8s
Ep 148	 reward -10.875	 ms 152.2	 loss -0.089193	 28.3s
Ep 149	 reward -10.789	 ms 151.1	 loss 0.153148	 28.6s
[vali @150] rel=0.8081 (best 0.8038)  W=150.6
Ep 150	 reward -10.936	 ms 153.1	 loss -0.016905	 56.1s
Ep 151	 reward -10.825	 ms 151.6	 loss 0.020251	 25.4s
Ep 152	 reward -10.782	 ms 150.9	 loss -0.058135	 27.8s
Ep 153	 reward -10.900	 ms 152.6	 loss -0.000243	 27.7s
Ep 154	 reward -10.954	 ms 153.3	 loss 0.044710	 29.8s
Ep 155	 reward -10.968	 ms 153.6	 loss 0.068660	 26.7s
Ep 156	 reward -10.968	 ms 153.6	 loss -0.034998	 29.4s
Ep 157	 reward -10.818	 ms 151.4	 loss -0.081372	 28.7s
Ep 158	 reward -10.961	 ms 153.4	 loss -0.032680	 29.8s
Ep 159	 reward -10.929	 ms 153.0	 loss -0.033484	 26.1s
Ep 160	 reward -10.975	 ms 153.7	 loss -0.030205	 29.0s
Ep 161	 reward -11.086	 ms 155.2	 loss 0.042008	 27.5s
Ep 162	 reward -11.000	 ms 154.0	 loss 0.114247	 28.4s
Ep 163	 reward -10.889	 ms 152.4	 loss -0.035198	 28.6s
Ep 164	 reward -10.975	 ms 153.7	 loss 0.032342	 28.6s
Ep 165	 reward -10.982	 ms 153.8	 loss 0.016539	 28.5s
Ep 166	 reward -10.971	 ms 153.6	 loss -0.059965	 28.9s
Ep 167	 reward -11.032	 ms 154.4	 loss 0.132040	 28.6s
Ep 168	 reward -10.889	 ms 152.4	 loss -0.075900	 26.8s
Ep 169	 reward -10.943	 ms 153.2	 loss 0.118319	 28.5s
Ep 170	 reward -10.832	 ms 151.7	 loss 0.069099	 28.7s
Ep 171	 reward -11.021	 ms 154.3	 loss 0.015903	 31.1s
Ep 172	 reward -11.007	 ms 154.1	 loss 0.075237	 27.9s
Ep 173	 reward -10.886	 ms 152.4	 loss 0.038381	 31.0s
Ep 174	 reward -10.804	 ms 151.2	 loss 0.003065	 30.3s
[vali @175] rel=0.7987 (best 0.7987)  W=148.8
Ep 175	 reward -10.814	 ms 151.4	 loss 0.005084	 59.3s
Ep 176	 reward -11.004	 ms 154.1	 loss 0.004699	 29.8s
Ep 177	 reward -10.939	 ms 153.2	 loss 0.101585	 30.7s
Ep 178	 reward -10.975	 ms 153.7	 loss 0.057071	 28.3s
Ep 179	 reward -10.936	 ms 153.1	 loss 0.108001	 26.6s
Ep 180	 reward -10.850	 ms 151.9	 loss 0.094860	 27.6s
Ep 181	 reward -10.971	 ms 153.6	 loss 0.181035	 27.9s
Ep 182	 reward -10.975	 ms 153.7	 loss -0.027322	 25.5s
Ep 183	 reward -10.989	 ms 153.8	 loss -0.024309	 28.3s
Ep 184	 reward -11.082	 ms 155.2	 loss 0.059609	 27.8s
Ep 185	 reward -11.157	 ms 156.2	 loss 0.147393	 28.5s
Ep 186	 reward -10.986	 ms 153.8	 loss 0.037393	 28.8s
Ep 187	 reward -11.000	 ms 154.0	 loss -0.049480	 27.4s
Ep 188	 reward -10.979	 ms 153.7	 loss 0.081890	 38.9s
Ep 189	 reward -10.850	 ms 151.9	 loss -0.024352	 30.1s
Ep 190	 reward -10.846	 ms 151.8	 loss 0.100794	 29.5s
Ep 191	 reward -10.818	 ms 151.4	 loss 0.041374	 49.8s
Ep 192	 reward -10.993	 ms 153.9	 loss 0.199579	 49.9s
Ep 193	 reward -10.793	 ms 151.1	 loss -0.025140	 48.8s
Ep 194	 reward -11.075	 ms 155.1	 loss 0.034492	 51.0s
Ep 195	 reward -10.932	 ms 153.1	 loss -0.032208	 48.5s
Ep 196	 reward -11.093	 ms 155.3	 loss 0.094114	 54.8s
Ep 197	 reward -10.929	 ms 153.0	 loss 0.116949	 45.4s
Ep 198	 reward -10.732	 ms 150.2	 loss 0.042402	 50.4s
Ep 199	 reward -10.907	 ms 152.7	 loss 0.160691	 53.9s
[vali @200] rel=0.8097 (best 0.7987)  W=150.8
Ep 200	 reward -10.914	 ms 152.8	 loss 0.229515	 98.0s
Ep 201	 reward -10.593	 ms 148.3	 loss 0.215691	 51.9s
Ep 202	 reward -10.679	 ms 149.5	 loss -0.004558	 49.0s
Ep 203	 reward -10.504	 ms 147.1	 loss 0.041335	 47.5s
Ep 204	 reward -10.625	 ms 148.8	 loss 0.227941	 50.2s
Ep 205	 reward -10.568	 ms 147.9	 loss 0.135365	 48.5s
Ep 206	 reward -10.675	 ms 149.4	 loss 0.079961	 48.7s
Ep 207	 reward -10.643	 ms 149.0	 loss 0.139348	 49.7s
Ep 208	 reward -10.632	 ms 148.8	 loss 0.189359	 43.7s
Ep 209	 reward -10.579	 ms 148.1	 loss 0.024653	 49.2s
Ep 210	 reward -10.621	 ms 148.7	 loss 0.139951	 49.1s
Ep 211	 reward -10.486	 ms 146.8	 loss 0.128497	 49.5s
Ep 212	 reward -10.682	 ms 149.6	 loss 0.079059	 44.7s
Ep 213	 reward -10.689	 ms 149.7	 loss 0.184976	 50.8s
Ep 214	 reward -10.632	 ms 148.8	 loss 0.156538	 42.4s
Ep 215	 reward -10.539	 ms 147.6	 loss -0.020237	 51.2s
Ep 216	 reward -10.596	 ms 148.3	 loss 0.062868	 45.4s
Ep 217	 reward -10.550	 ms 147.7	 loss 0.076860	 45.5s
Ep 218	 reward -10.582	 ms 148.2	 loss 0.161207	 47.7s
Ep 219	 reward -10.589	 ms 148.2	 loss 0.072640	 47.6s
Ep 220	 reward -10.625	 ms 148.8	 loss 0.069841	 42.9s
Ep 221	 reward -10.786	 ms 151.0	 loss 0.001057	 31.0s
Ep 222	 reward -10.925	 ms 152.9	 loss -0.018945	 45.6s
Ep 223	 reward -10.818	 ms 151.4	 loss -0.050568	 45.1s
Ep 224	 reward -10.893	 ms 152.5	 loss 0.058235	 42.8s
[vali @225] rel=0.8017 (best 0.7987)  W=149.3
Ep 225	 reward -10.946	 ms 153.2	 loss 0.039406	 81.6s
Ep 226	 reward -10.800	 ms 151.2	 loss -0.040639	 42.7s
Ep 227	 reward -10.764	 ms 150.7	 loss -0.078996	 41.5s
Ep 228	 reward -10.900	 ms 152.6	 loss -0.099136	 42.1s
Ep 229	 reward -10.850	 ms 151.9	 loss 0.010812	 41.3s
Ep 230	 reward -10.893	 ms 152.5	 loss 0.079639	 41.9s
Ep 231	 reward -10.854	 ms 151.9	 loss 0.044523	 42.7s
Ep 232	 reward -10.821	 ms 151.5	 loss -0.071159	 43.2s
Ep 233	 reward -10.875	 ms 152.2	 loss 0.076722	 45.6s
Ep 234	 reward -10.846	 ms 151.8	 loss -0.006672	 39.0s
Ep 235	 reward -10.832	 ms 151.7	 loss 0.033249	 39.0s
Ep 236	 reward -10.743	 ms 150.4	 loss -0.059907	 43.2s
Ep 237	 reward -10.846	 ms 151.8	 loss -0.038509	 38.4s
Ep 238	 reward -10.707	 ms 149.9	 loss -0.016654	 38.9s
Ep 239	 reward -10.768	 ms 150.8	 loss -0.034943	 42.0s
Ep 240	 reward -10.846	 ms 151.8	 loss -0.004358	 44.2s
Ep 241	 reward -10.750	 ms 150.5	 loss 0.026435	 43.3s
Ep 242	 reward -10.782	 ms 150.9	 loss 0.196749	 36.9s
Ep 243	 reward -10.975	 ms 153.7	 loss 0.126411	 45.3s
Ep 244	 reward -10.786	 ms 151.0	 loss 0.057393	 37.2s
Ep 245	 reward -10.854	 ms 151.9	 loss 0.161983	 44.3s
Ep 246	 reward -10.829	 ms 151.6	 loss 0.087297	 38.5s
Ep 247	 reward -10.968	 ms 153.6	 loss 0.056419	 46.9s
Ep 248	 reward -10.839	 ms 151.8	 loss 0.186027	 43.8s
Ep 249	 reward -10.779	 ms 150.9	 loss 0.114567	 38.7s
[vali @250] rel=0.8060 (best 0.7987)  W=150.2
Ep 250	 reward -10.889	 ms 152.4	 loss 0.154851	 80.3s
Ep 251	 reward -10.871	 ms 152.2	 loss 0.029175	 39.4s
Ep 252	 reward -10.932	 ms 153.1	 loss 0.061524	 39.9s
Ep 253	 reward -11.004	 ms 154.1	 loss 0.158593	 41.5s
Ep 254	 reward -10.818	 ms 151.4	 loss 0.155184	 38.7s
Ep 255	 reward -10.843	 ms 151.8	 loss 0.141500	 39.2s
Ep 256	 reward -10.900	 ms 152.6	 loss 0.112631	 42.4s
Ep 257	 reward -10.764	 ms 150.7	 loss 0.079683	 40.1s
Ep 258	 reward -10.900	 ms 152.6	 loss 0.039139	 42.2s
Ep 259	 reward -10.893	 ms 152.5	 loss 0.153161	 44.4s
Ep 260	 reward -10.929	 ms 153.0	 loss 0.025137	 40.3s
Ep 261	 reward -10.921	 ms 152.9	 loss 0.294801	 40.6s
Ep 262	 reward -10.961	 ms 153.4	 loss 0.252475	 45.2s
Ep 263	 reward -10.896	 ms 152.6	 loss 0.080656	 35.3s
Ep 264	 reward -11.054	 ms 154.8	 loss 0.148701	 37.5s
Ep 265	 reward -11.050	 ms 154.7	 loss 0.247737	 38.7s
Ep 266	 reward -10.968	 ms 153.6	 loss 0.127190	 37.8s
Ep 267	 reward -10.954	 ms 153.3	 loss 0.146658	 46.4s
Ep 268	 reward -10.889	 ms 152.4	 loss 0.222282	 39.5s
Ep 269	 reward -10.932	 ms 153.1	 loss 0.273285	 43.5s
Ep 270	 reward -10.918	 ms 152.8	 loss 0.243734	 36.1s
Ep 271	 reward -10.911	 ms 152.8	 loss 0.268373	 44.0s
Ep 272	 reward -10.925	 ms 152.9	 loss 0.190125	 42.7s
Ep 273	 reward -10.979	 ms 153.7	 loss 0.239654	 41.3s
Ep 274	 reward -10.943	 ms 153.2	 loss 0.074888	 35.1s
[vali @275] rel=0.7971 (best 0.7971)  W=148.5
Ep 275	 reward -10.986	 ms 153.8	 loss 0.236208	 79.3s
Ep 276	 reward -10.957	 ms 153.4	 loss 0.151012	 41.7s
Ep 277	 reward -10.911	 ms 152.8	 loss 0.239610	 38.6s
Ep 278	 reward -10.839	 ms 151.8	 loss 0.218586	 41.1s
Ep 279	 reward -10.868	 ms 152.2	 loss 0.203664	 38.4s
Ep 280	 reward -10.814	 ms 151.4	 loss 0.251603	 39.0s
Ep 281	 reward -11.039	 ms 154.6	 loss 0.091648	 43.1s
Ep 282	 reward -10.929	 ms 153.0	 loss 0.172074	 40.7s
Ep 283	 reward -10.946	 ms 153.2	 loss 0.116936	 40.1s
Ep 284	 reward -10.889	 ms 152.4	 loss 0.112731	 36.2s
Ep 285	 reward -11.107	 ms 155.5	 loss 0.073924	 41.1s
Ep 286	 reward -11.061	 ms 154.8	 loss 0.201312	 39.6s
Ep 287	 reward -10.975	 ms 153.7	 loss 0.095456	 41.1s
Ep 288	 reward -10.914	 ms 152.8	 loss 0.173061	 38.5s
Ep 289	 reward -10.996	 ms 153.9	 loss 0.037238	 35.2s
Ep 290	 reward -10.886	 ms 152.4	 loss 0.041944	 42.3s
Ep 291	 reward -11.039	 ms 154.6	 loss 0.060580	 36.5s
Ep 292	 reward -11.004	 ms 154.1	 loss 0.155114	 43.2s
Ep 293	 reward -11.054	 ms 154.8	 loss 0.082507	 38.0s
Ep 294	 reward -11.032	 ms 154.4	 loss 0.131745	 34.4s
Ep 295	 reward -10.975	 ms 153.7	 loss 0.078895	 41.4s
Ep 296	 reward -10.954	 ms 153.3	 loss 0.065914	 45.3s
Ep 297	 reward -10.961	 ms 153.4	 loss 0.155104	 39.5s
Ep 298	 reward -10.982	 ms 153.8	 loss 0.158444	 39.1s
Ep 299	 reward -11.071	 ms 155.0	 loss 0.097663	 46.9s
[vali @300] rel=0.8049 (best 0.7971)  W=149.9
Ep 300	 reward -11.021	 ms 154.3	 loss 0.131072	 89.1s
Ep 301	 reward -10.729	 ms 150.2	 loss 0.217066	 44.1s
Ep 302	 reward -10.761	 ms 150.7	 loss 0.220397	 39.8s
Ep 303	 reward -10.700	 ms 149.8	 loss 0.101867	 41.3s
Ep 304	 reward -10.757	 ms 150.6	 loss 0.100767	 43.3s
Ep 305	 reward -10.779	 ms 150.9	 loss 0.258704	 43.2s
Ep 306	 reward -10.854	 ms 151.9	 loss 0.193322	 43.9s
Ep 307	 reward -10.843	 ms 151.8	 loss 0.173708	 42.1s
Ep 308	 reward -10.800	 ms 151.2	 loss 0.064560	 42.9s
Ep 309	 reward -10.761	 ms 150.7	 loss 0.176601	 47.0s
Ep 310	 reward -10.696	 ms 149.8	 loss 0.245194	 42.4s
Ep 311	 reward -10.689	 ms 149.7	 loss 0.156781	 45.1s
Ep 312	 reward -10.650	 ms 149.1	 loss 0.059793	 40.4s
Ep 313	 reward -10.721	 ms 150.1	 loss 0.246426	 38.2s
Ep 314	 reward -10.725	 ms 150.2	 loss 0.224974	 42.5s
Ep 315	 reward -10.618	 ms 148.7	 loss 0.115277	 45.7s
Ep 316	 reward -10.764	 ms 150.7	 loss 0.209352	 40.2s
Ep 317	 reward -10.668	 ms 149.3	 loss 0.137931	 40.2s
Ep 318	 reward -10.796	 ms 151.2	 loss 0.096134	 39.3s
Ep 319	 reward -10.596	 ms 148.3	 loss 0.043282	 38.2s
Ep 320	 reward -10.696	 ms 149.8	 loss 0.122452	 40.3s
Ep 321	 reward -10.479	 ms 146.7	 loss 0.103544	 32.7s
Ep 322	 reward -10.529	 ms 147.4	 loss 0.079108	 40.5s
Ep 323	 reward -10.596	 ms 148.3	 loss 0.132164	 45.7s
Ep 324	 reward -10.521	 ms 147.3	 loss 0.066309	 39.3s
[vali @325] rel=0.8003 (best 0.7971)  W=149.1
Ep 325	 reward -10.561	 ms 147.8	 loss -0.007124	 69.6s
Ep 326	 reward -10.500	 ms 147.0	 loss 0.013976	 41.5s
Ep 327	 reward -10.607	 ms 148.5	 loss 0.037904	 39.8s
Ep 328	 reward -10.554	 ms 147.8	 loss -0.032099	 45.9s
Ep 329	 reward -10.571	 ms 148.0	 loss -0.006201	 36.6s
Ep 330	 reward -10.425	 ms 145.9	 loss -0.018502	 37.2s
Ep 331	 reward -10.525	 ms 147.3	 loss -0.032395	 42.0s
Ep 332	 reward -10.518	 ms 147.2	 loss 0.046243	 35.9s
Ep 333	 reward -10.596	 ms 148.3	 loss 0.137956	 39.9s
Ep 334	 reward -10.482	 ms 146.8	 loss 0.006060	 37.0s
Ep 335	 reward -10.596	 ms 148.3	 loss 0.029911	 43.5s
Ep 336	 reward -10.561	 ms 147.8	 loss 0.019987	 44.5s
Ep 337	 reward -10.532	 ms 147.4	 loss -0.004659	 47.2s
Ep 338	 reward -10.486	 ms 146.8	 loss -0.020298	 37.4s
Ep 339	 reward -10.500	 ms 147.0	 loss 0.037368	 35.4s
Ep 340	 reward -10.571	 ms 148.0	 loss -0.016167	 46.8s
Ep 341	 reward -10.893	 ms 152.5	 loss 0.275186	 38.3s
Ep 342	 reward -10.879	 ms 152.3	 loss 0.232144	 41.4s
Ep 343	 reward -10.804	 ms 151.2	 loss 0.202412	 42.0s
Ep 344	 reward -10.811	 ms 151.3	 loss 0.203462	 38.4s
Ep 345	 reward -10.843	 ms 151.8	 loss 0.115753	 40.0s
Ep 346	 reward -10.786	 ms 151.0	 loss 0.137071	 37.9s
Ep 347	 reward -10.821	 ms 151.5	 loss 0.167801	 38.1s
Ep 348	 reward -10.804	 ms 151.2	 loss 0.184053	 39.0s
Ep 349	 reward -10.821	 ms 151.5	 loss 0.217787	 39.0s
[vali @350] rel=0.7992 (best 0.7971)  W=148.9
Ep 350	 reward -10.854	 ms 151.9	 loss 0.213778	 74.8s
Ep 351	 reward -10.832	 ms 151.7	 loss 0.100817	 38.9s
Ep 352	 reward -10.936	 ms 153.1	 loss 0.083959	 38.4s
Ep 353	 reward -10.761	 ms 150.7	 loss 0.101463	 32.9s
Ep 354	 reward -10.846	 ms 151.8	 loss 0.208545	 40.0s
Ep 355	 reward -10.832	 ms 151.7	 loss 0.169937	 42.8s
Ep 356	 reward -10.804	 ms 151.2	 loss 0.173214	 36.7s
Ep 357	 reward -10.971	 ms 153.6	 loss 0.243055	 41.3s
Ep 358	 reward -10.850	 ms 151.9	 loss 0.186171	 40.8s
Ep 359	 reward -10.861	 ms 152.1	 loss 0.087160	 38.4s
Ep 360	 reward -10.775	 ms 150.8	 loss 0.176185	 39.0s
Ep 361	 reward -10.568	 ms 147.9	 loss 0.156373	 34.0s
Ep 362	 reward -10.489	 ms 146.8	 loss 0.025773	 41.8s
Ep 363	 reward -10.475	 ms 146.7	 loss 0.060451	 35.9s
Ep 364	 reward -10.379	 ms 145.3	 loss 0.109111	 33.2s
Ep 365	 reward -10.532	 ms 147.4	 loss 0.212884	 34.3s
Ep 366	 reward -10.571	 ms 148.0	 loss 0.137855	 36.1s
Ep 367	 reward -10.564	 ms 147.9	 loss -0.006173	 37.4s
Ep 368	 reward -10.421	 ms 145.9	 loss 0.000985	 40.9s
Ep 369	 reward -10.439	 ms 146.2	 loss 0.042570	 35.3s
Ep 370	 reward -10.539	 ms 147.6	 loss 0.174420	 39.4s
Ep 371	 reward -10.568	 ms 147.9	 loss 0.221455	 36.7s
Ep 372	 reward -10.475	 ms 146.7	 loss 0.005652	 34.0s
Ep 373	 reward -10.482	 ms 146.8	 loss 0.105143	 35.9s
Ep 374	 reward -10.514	 ms 147.2	 loss 0.171556	 32.2s
[vali @375] rel=0.7974 (best 0.7971)  W=148.6
Ep 375	 reward -10.525	 ms 147.3	 loss 0.052335	 68.8s
Ep 376	 reward -10.625	 ms 148.8	 loss 0.164744	 33.6s
Ep 377	 reward -10.482	 ms 146.8	 loss 0.011268	 37.1s
Ep 378	 reward -10.411	 ms 145.8	 loss 0.215691	 35.3s
Ep 379	 reward -10.482	 ms 146.8	 loss 0.224660	 38.3s
Ep 380	 reward -10.432	 ms 146.1	 loss 0.194178	 38.4s
Ep 381	 reward -10.829	 ms 151.6	 loss 0.058271	 35.7s
Ep 382	 reward -10.679	 ms 149.5	 loss 0.097223	 37.0s
Ep 383	 reward -10.682	 ms 149.6	 loss 0.101999	 27.5s
Ep 384	 reward -10.736	 ms 150.3	 loss 0.071067	 35.6s
Ep 385	 reward -10.789	 ms 151.1	 loss 0.193235	 30.7s
Ep 386	 reward -10.832	 ms 151.7	 loss 0.135824	 41.3s
Ep 387	 reward -10.789	 ms 151.1	 loss -0.004710	 37.1s
Ep 388	 reward -10.789	 ms 151.1	 loss 0.016493	 35.4s
Ep 389	 reward -10.789	 ms 151.1	 loss 0.073438	 42.8s
Ep 390	 reward -10.732	 ms 150.2	 loss 0.090861	 41.6s
Ep 391	 reward -10.793	 ms 151.1	 loss 0.114986	 41.0s
Ep 392	 reward -10.807	 ms 151.3	 loss 0.026707	 42.7s
Ep 393	 reward -10.754	 ms 150.6	 loss 0.120957	 36.0s
Ep 394	 reward -10.721	 ms 150.1	 loss 0.078967	 37.4s
Ep 395	 reward -10.825	 ms 151.6	 loss 0.211200	 37.2s
Ep 396	 reward -10.779	 ms 150.9	 loss 0.101145	 45.4s
Ep 397	 reward -10.771	 ms 150.8	 loss 0.026374	 39.3s
Ep 398	 reward -10.736	 ms 150.3	 loss 0.194008	 40.9s
Ep 399	 reward -10.807	 ms 151.3	 loss 0.096978	 50.3s
[vali @400] rel=0.8006 (best 0.7971)  W=149.2
Ep 400	 reward -10.621	 ms 148.7	 loss 0.182246	 89.6s
Ep 401	 reward -10.779	 ms 150.9	 loss 0.198029	 39.7s
Ep 402	 reward -10.575	 ms 148.1	 loss 0.263284	 36.8s
Ep 403	 reward -10.661	 ms 149.2	 loss 0.174415	 35.7s
Ep 404	 reward -10.571	 ms 148.0	 loss 0.120087	 35.7s
Ep 405	 reward -10.643	 ms 149.0	 loss 0.193467	 30.7s
Ep 406	 reward -10.768	 ms 150.8	 loss 0.206528	 30.9s
Ep 407	 reward -10.625	 ms 148.8	 loss 0.168086	 36.5s
Ep 408	 reward -10.536	 ms 147.5	 loss 0.183911	 31.0s
Ep 409	 reward -10.754	 ms 150.6	 loss 0.089620	 29.6s
Ep 410	 reward -10.746	 ms 150.4	 loss 0.145434	 29.5s
Ep 411	 reward -10.686	 ms 149.6	 loss 0.263955	 30.3s
Ep 412	 reward -10.586	 ms 148.2	 loss 0.104674	 33.0s
Ep 413	 reward -10.693	 ms 149.7	 loss 0.158065	 32.1s
Ep 414	 reward -10.604	 ms 148.4	 loss 0.158977	 35.1s
Ep 415	 reward -10.814	 ms 151.4	 loss 0.188735	 35.8s
Ep 416	 reward -10.761	 ms 150.7	 loss 0.046461	 34.3s
Ep 417	 reward -10.686	 ms 149.6	 loss 0.140807	 36.0s
Ep 418	 reward -10.764	 ms 150.7	 loss 0.062163	 34.0s
Ep 419	 reward -10.700	 ms 149.8	 loss 0.192518	 34.4s
Ep 420	 reward -10.668	 ms 149.3	 loss 0.079702	 34.8s
Ep 421	 reward -10.543	 ms 147.6	 loss 0.053974	 38.9s
Ep 422	 reward -10.468	 ms 146.6	 loss 0.144535	 33.7s
Ep 423	 reward -10.450	 ms 146.3	 loss 0.178816	 39.0s
Ep 424	 reward -10.464	 ms 146.5	 loss 0.106872	 39.9s
[vali @425] rel=0.8030 (best 0.7971)  W=149.6
Ep 425	 reward -10.536	 ms 147.5	 loss 0.074828	 70.6s
Ep 426	 reward -10.493	 ms 146.9	 loss 0.100742	 33.5s
Ep 427	 reward -10.632	 ms 148.8	 loss 0.163683	 32.9s
Ep 428	 reward -10.504	 ms 147.1	 loss 0.076055	 40.3s
Ep 429	 reward -10.439	 ms 146.2	 loss 0.169472	 35.1s
Ep 430	 reward -10.450	 ms 146.3	 loss 0.130227	 37.0s
Ep 431	 reward -10.489	 ms 146.8	 loss 0.163499	 32.3s
Ep 432	 reward -10.461	 ms 146.4	 loss 0.111448	 32.9s
Ep 433	 reward -10.582	 ms 148.2	 loss 0.112230	 35.3s
Ep 434	 reward -10.464	 ms 146.5	 loss 0.198357	 31.2s
Ep 435	 reward -10.532	 ms 147.4	 loss 0.089955	 36.8s
Ep 436	 reward -10.611	 ms 148.6	 loss 0.128074	 31.1s
Ep 437	 reward -10.471	 ms 146.6	 loss 0.188596	 31.6s
Ep 438	 reward -10.521	 ms 147.3	 loss -0.012923	 34.8s
Ep 439	 reward -10.507	 ms 147.1	 loss 0.180152	 36.2s
Ep 440	 reward -10.404	 ms 145.7	 loss 0.144264	 36.6s
Ep 441	 reward -10.721	 ms 150.1	 loss 0.093521	 33.2s
Ep 442	 reward -10.707	 ms 149.9	 loss 0.007896	 34.0s
Ep 443	 reward -10.646	 ms 149.1	 loss -0.045597	 32.5s
Ep 444	 reward -10.718	 ms 150.1	 loss 0.002227	 34.7s
Ep 445	 reward -10.689	 ms 149.7	 loss -0.014093	 36.5s
Ep 446	 reward -10.693	 ms 149.7	 loss -0.061461	 35.0s
Ep 447	 reward -10.614	 ms 148.6	 loss 0.017580	 33.1s
Ep 448	 reward -10.621	 ms 148.7	 loss 0.056184	 36.3s
Ep 449	 reward -10.761	 ms 150.7	 loss 0.035636	 35.4s
[vali @450] rel=0.8188 (best 0.7971)  W=152.6
Ep 450	 reward -10.732	 ms 150.2	 loss 0.048424	 70.5s
Ep 451	 reward -10.646	 ms 149.1	 loss -0.031955	 41.3s
Ep 452	 reward -10.746	 ms 150.4	 loss 0.019976	 36.2s
Ep 453	 reward -10.689	 ms 149.7	 loss 0.060854	 35.8s
Ep 454	 reward -10.618	 ms 148.7	 loss 0.027299	 34.9s
Ep 455	 reward -10.693	 ms 149.7	 loss 0.109886	 40.7s
Ep 456	 reward -10.557	 ms 147.8	 loss -0.008201	 37.2s
Ep 457	 reward -10.689	 ms 149.7	 loss 0.064743	 33.0s
Ep 458	 reward -10.707	 ms 149.9	 loss -0.039174	 35.6s
Ep 459	 reward -10.682	 ms 149.6	 loss 0.038294	 35.5s
Ep 460	 reward -10.604	 ms 148.4	 loss -0.003468	 34.1s
Ep 461	 reward -10.857	 ms 152.0	 loss 0.062528	 34.1s
Ep 462	 reward -10.843	 ms 151.8	 loss 0.100600	 35.6s
Ep 463	 reward -10.893	 ms 152.5	 loss 0.128382	 32.4s
Ep 464	 reward -10.900	 ms 152.6	 loss 0.169062	 38.8s
Ep 465	 reward -10.921	 ms 152.9	 loss 0.126294	 27.8s
Ep 466	 reward -10.921	 ms 152.9	 loss 0.086210	 32.3s
Ep 467	 reward -10.889	 ms 152.4	 loss 0.095565	 27.2s
Ep 468	 reward -10.886	 ms 152.4	 loss 0.079018	 27.8s
Ep 469	 reward -10.914	 ms 152.8	 loss 0.090861	 35.8s
Ep 470	 reward -10.832	 ms 151.7	 loss 0.145935	 35.6s
Ep 471	 reward -11.057	 ms 154.8	 loss 0.144746	 35.5s
Ep 472	 reward -10.893	 ms 152.5	 loss 0.074961	 27.0s
Ep 473	 reward -11.046	 ms 154.7	 loss 0.119749	 37.1s
Ep 474	 reward -10.900	 ms 152.6	 loss 0.045866	 28.4s
[vali @475] rel=0.8006 (best 0.7971)  W=149.2
Ep 475	 reward -10.943	 ms 153.2	 loss 0.151723	 50.8s
Ep 476	 reward -11.011	 ms 154.2	 loss 0.161655	 24.9s
Ep 477	 reward -10.929	 ms 153.0	 loss 0.137676	 33.6s
Ep 478	 reward -11.043	 ms 154.6	 loss 0.123610	 31.7s
Ep 479	 reward -10.986	 ms 153.8	 loss 0.143953	 38.5s
Ep 480	 reward -11.100	 ms 155.4	 loss 0.177620	 38.4s
Ep 481	 reward -10.861	 ms 152.1	 loss 0.252747	 30.1s
Ep 482	 reward -10.796	 ms 151.2	 loss 0.175556	 33.1s
Ep 483	 reward -10.693	 ms 149.7	 loss 0.180596	 31.4s
Ep 484	 reward -10.721	 ms 150.1	 loss 0.155765	 41.7s
Ep 485	 reward -10.729	 ms 150.2	 loss 0.210380	 32.6s
Ep 486	 reward -10.779	 ms 150.9	 loss 0.267322	 30.0s
Ep 487	 reward -10.832	 ms 151.7	 loss 0.183174	 33.5s
Ep 488	 reward -10.768	 ms 150.8	 loss 0.048018	 31.5s
Ep 489	 reward -10.907	 ms 152.7	 loss 0.097952	 35.0s
Ep 490	 reward -10.825	 ms 151.6	 loss 0.160725	 29.4s
Ep 491	 reward -10.986	 ms 153.8	 loss 0.137684	 25.2s
Ep 492	 reward -11.029	 ms 154.4	 loss 0.280088	 38.2s
Ep 493	 reward -10.871	 ms 152.2	 loss 0.274386	 27.9s
Ep 494	 reward -10.921	 ms 152.9	 loss 0.160527	 29.8s
Ep 495	 reward -10.854	 ms 151.9	 loss 0.173208	 28.1s
Ep 496	 reward -11.025	 ms 154.3	 loss 0.223507	 30.8s
Ep 497	 reward -10.929	 ms 153.0	 loss 0.204713	 25.7s
Ep 498	 reward -10.861	 ms 152.1	 loss 0.155559	 28.3s
Ep 499	 reward -10.925	 ms 152.9	 loss 0.061632	 32.1s
[vali @500] rel=0.8162 (best 0.7971)  W=152.1
Ep 500	 reward -10.839	 ms 151.8	 loss 0.199267	 72.3s
Ep 501	 reward -10.729	 ms 150.2	 loss 0.073129	 40.2s
Ep 502	 reward -10.718	 ms 150.1	 loss 0.130569	 33.9s
Ep 503	 reward -10.814	 ms 151.4	 loss 0.127362	 39.8s
Ep 504	 reward -10.636	 ms 148.9	 loss 0.081674	 35.2s
Ep 505	 reward -10.693	 ms 149.7	 loss 0.082411	 27.0s
Ep 506	 reward -10.757	 ms 150.6	 loss 0.044603	 28.5s
Ep 507	 reward -10.793	 ms 151.1	 loss 0.053974	 23.2s
Ep 508	 reward -10.746	 ms 150.4	 loss 0.173428	 36.4s
Ep 509	 reward -10.661	 ms 149.2	 loss 0.062819	 33.0s
Ep 510	 reward -10.729	 ms 150.2	 loss 0.147302	 41.4s
Ep 511	 reward -10.782	 ms 150.9	 loss 0.116166	 30.1s
Ep 512	 reward -10.693	 ms 149.7	 loss 0.180971	 35.4s
Ep 513	 reward -10.707	 ms 149.9	 loss 0.104991	 31.9s
Ep 514	 reward -10.693	 ms 149.7	 loss 0.158350	 40.1s
Ep 515	 reward -10.725	 ms 150.2	 loss 0.147868	 39.4s
Ep 516	 reward -10.771	 ms 150.8	 loss 0.111943	 38.8s
Ep 517	 reward -10.657	 ms 149.2	 loss 0.103217	 28.9s
Ep 518	 reward -10.704	 ms 149.8	 loss 0.039391	 48.8s
Ep 519	 reward -10.629	 ms 148.8	 loss 0.071826	 31.8s
Ep 520	 reward -10.632	 ms 148.8	 loss -0.017325	 29.6s
Ep 521	 reward -10.704	 ms 149.8	 loss 0.027632	 29.7s
Ep 522	 reward -10.643	 ms 149.0	 loss 0.105380	 29.6s
Ep 523	 reward -10.686	 ms 149.6	 loss -0.027840	 36.5s
Ep 524	 reward -10.654	 ms 149.2	 loss 0.097579	 31.7s
[vali @525] rel=0.8089 (best 0.7971)  W=150.7
Ep 525	 reward -10.721	 ms 150.1	 loss 0.016626	 66.6s
Ep 526	 reward -10.736	 ms 150.3	 loss 0.094727	 38.7s
Ep 527	 reward -10.704	 ms 149.8	 loss -0.012408	 41.4s
Ep 528	 reward -10.718	 ms 150.1	 loss 0.052443	 37.7s
Ep 529	 reward -10.561	 ms 147.8	 loss -0.011265	 32.9s
Ep 530	 reward -10.789	 ms 151.1	 loss 0.102815	 45.5s
Ep 531	 reward -10.718	 ms 150.1	 loss -0.026076	 39.6s
Ep 532	 reward -10.711	 ms 149.9	 loss -0.065549	 38.8s
Ep 533	 reward -10.732	 ms 150.2	 loss 0.080764	 40.1s
Ep 534	 reward -10.946	 ms 153.2	 loss 0.086363	 33.2s
Ep 535	 reward -10.768	 ms 150.8	 loss 0.084151	 34.6s
Ep 536	 reward -10.750	 ms 150.5	 loss 0.101289	 38.3s
Ep 537	 reward -10.743	 ms 150.4	 loss 0.049606	 42.0s
Ep 538	 reward -10.714	 ms 150.0	 loss 0.149578	 42.6s
Ep 539	 reward -10.664	 ms 149.3	 loss 0.185018	 36.5s
Ep 540	 reward -10.704	 ms 149.8	 loss -0.020658	 34.7s
Ep 541	 reward -10.768	 ms 150.8	 loss 0.192317	 30.5s
Ep 542	 reward -10.696	 ms 149.8	 loss 0.139784	 39.4s
Ep 543	 reward -10.768	 ms 150.8	 loss 0.128327	 39.4s
Ep 544	 reward -10.761	 ms 150.7	 loss 0.025243	 35.1s
Ep 545	 reward -10.907	 ms 152.7	 loss 0.097789	 33.1s
Ep 546	 reward -10.664	 ms 149.3	 loss 0.035075	 39.8s
Ep 547	 reward -10.636	 ms 148.9	 loss 0.146528	 33.3s
Ep 548	 reward -10.800	 ms 151.2	 loss 0.090573	 39.5s
Ep 549	 reward -10.718	 ms 150.1	 loss 0.168510	 36.5s
[vali @550] rel=0.8180 (best 0.7971)  W=152.4
Ep 550	 reward -10.750	 ms 150.5	 loss 0.072817	 58.4s
Ep 551	 reward -10.696	 ms 149.8	 loss 0.072675	 32.5s
Ep 552	 reward -10.846	 ms 151.8	 loss 0.193673	 31.4s
Ep 553	 reward -10.718	 ms 150.1	 loss 0.079737	 31.8s
Ep 554	 reward -10.796	 ms 151.2	 loss 0.018854	 38.1s
Ep 555	 reward -10.768	 ms 150.8	 loss 0.088297	 39.0s
Ep 556	 reward -10.721	 ms 150.1	 loss 0.100149	 35.1s
Ep 557	 reward -10.746	 ms 150.4	 loss 0.135860	 33.7s
Ep 558	 reward -10.875	 ms 152.2	 loss 0.126664	 35.0s
Ep 559	 reward -10.879	 ms 152.3	 loss 0.149784	 33.9s
Ep 560	 reward -10.768	 ms 150.8	 loss 0.081251	 27.5s
Ep 561	 reward -10.625	 ms 148.8	 loss -0.128764	 34.6s
Ep 562	 reward -10.621	 ms 148.7	 loss 0.001233	 32.1s
Ep 563	 reward -10.679	 ms 149.5	 loss -0.056001	 33.8s
Ep 564	 reward -10.729	 ms 150.2	 loss -0.074426	 38.2s
Ep 565	 reward -10.579	 ms 148.1	 loss 0.032832	 48.1s
Ep 566	 reward -10.657	 ms 149.2	 loss -0.013491	 41.5s
Ep 567	 reward -10.639	 ms 148.9	 loss -0.092561	 40.7s
Ep 568	 reward -10.664	 ms 149.3	 loss -0.125486	 36.3s
Ep 569	 reward -10.646	 ms 149.1	 loss -0.023438	 35.1s
Ep 570	 reward -10.589	 ms 148.2	 loss -0.100819	 37.1s
Ep 571	 reward -10.650	 ms 149.1	 loss -0.145745	 38.9s
Ep 572	 reward -10.661	 ms 149.2	 loss -0.057340	 35.1s
Ep 573	 reward -10.589	 ms 148.2	 loss -0.007900	 31.7s
Ep 574	 reward -10.550	 ms 147.7	 loss 0.034995	 35.7s
[vali @575] rel=0.8006 (best 0.7971)  W=149.2
Ep 575	 reward -10.686	 ms 149.6	 loss -0.070829	 61.8s
Ep 576	 reward -10.664	 ms 149.3	 loss -0.101953	 38.7s
Ep 577	 reward -10.582	 ms 148.2	 loss 0.017655	 34.9s
Ep 578	 reward -10.646	 ms 149.1	 loss -0.059060	 39.7s
Ep 579	 reward -10.504	 ms 147.1	 loss -0.081620	 37.1s
Ep 580	 reward -10.464	 ms 146.5	 loss -0.100809	 32.7s
Ep 581	 reward -10.589	 ms 148.2	 loss 0.004282	 37.9s
Ep 582	 reward -10.600	 ms 148.4	 loss -0.066657	 38.2s
Ep 583	 reward -10.632	 ms 148.8	 loss -0.086295	 29.2s
Ep 584	 reward -10.568	 ms 147.9	 loss -0.074261	 39.0s
Ep 585	 reward -10.632	 ms 148.8	 loss 0.029992	 30.7s
Ep 586	 reward -10.679	 ms 149.5	 loss -0.051299	 37.3s
Ep 587	 reward -10.618	 ms 148.7	 loss 0.007495	 30.5s
Ep 588	 reward -10.532	 ms 147.4	 loss 0.008050	 37.8s
Ep 589	 reward -10.700	 ms 149.8	 loss -0.071346	 25.1s
Ep 590	 reward -10.671	 ms 149.4	 loss 0.061567	 34.4s
Ep 591	 reward -10.689	 ms 149.7	 loss -0.052920	 33.7s
Ep 592	 reward -10.711	 ms 149.9	 loss -0.060685	 34.6s
Ep 593	 reward -10.786	 ms 151.0	 loss 0.019435	 31.2s
Ep 594	 reward -10.650	 ms 149.1	 loss -0.051791	 35.9s
Ep 595	 reward -10.661	 ms 149.2	 loss -0.020027	 38.8s
Ep 596	 reward -10.646	 ms 149.1	 loss 0.055906	 33.8s
Ep 597	 reward -10.725	 ms 150.2	 loss 0.079269	 33.4s
Ep 598	 reward -10.796	 ms 151.2	 loss 0.004605	 33.2s
Ep 599	 reward -10.725	 ms 150.2	 loss 0.040500	 35.3s
[vali @600] rel=0.8154 (best 0.7971)  W=151.9
Ep 600	 reward -10.618	 ms 148.7	 loss -0.027402	 62.0s
Ep 601	 reward -10.707	 ms 149.9	 loss 0.088371	 37.8s
Ep 602	 reward -10.836	 ms 151.7	 loss 0.120994	 41.6s
Ep 603	 reward -10.693	 ms 149.7	 loss -0.077665	 35.4s
Ep 604	 reward -10.704	 ms 149.8	 loss -0.059151	 32.2s
Ep 605	 reward -10.729	 ms 150.2	 loss -0.065698	 35.3s
Ep 606	 reward -10.761	 ms 150.7	 loss 0.008293	 32.6s
Ep 607	 reward -10.736	 ms 150.3	 loss -0.105347	 41.5s
Ep 608	 reward -10.643	 ms 149.0	 loss -0.014761	 41.4s
Ep 609	 reward -10.693	 ms 149.7	 loss -0.009441	 38.3s
Ep 610	 reward -10.696	 ms 149.8	 loss -0.105212	 34.0s
Ep 611	 reward -10.621	 ms 148.7	 loss 0.077057	 44.2s
Ep 612	 reward -10.614	 ms 148.6	 loss -0.131680	 36.8s
Ep 613	 reward -10.582	 ms 148.2	 loss -0.078616	 36.9s
Ep 614	 reward -10.604	 ms 148.4	 loss -0.068418	 42.5s
Ep 615	 reward -10.671	 ms 149.4	 loss -0.032313	 39.1s
Ep 616	 reward -10.586	 ms 148.2	 loss 0.068195	 38.9s
Ep 617	 reward -10.671	 ms 149.4	 loss -0.027793	 36.2s
Ep 618	 reward -10.661	 ms 149.2	 loss 0.051555	 35.4s
Ep 619	 reward -10.593	 ms 148.3	 loss 0.011907	 39.8s
Ep 620	 reward -10.604	 ms 148.4	 loss -0.040019	 37.1s
Ep 621	 reward -10.843	 ms 151.8	 loss 0.210003	 41.1s
Ep 622	 reward -10.686	 ms 149.6	 loss 0.036495	 31.2s
Ep 623	 reward -10.746	 ms 150.4	 loss 0.135270	 37.3s
Ep 624	 reward -10.693	 ms 149.7	 loss 0.115312	 33.9s
[vali @625] rel=0.8006 (best 0.7971)  W=149.2
Ep 625	 reward -10.850	 ms 151.9	 loss 0.137277	 69.5s
Ep 626	 reward -10.814	 ms 151.4	 loss 0.249429	 42.2s
Ep 627	 reward -10.804	 ms 151.2	 loss 0.222518	 42.7s
Ep 628	 reward -10.771	 ms 150.8	 loss 0.251651	 31.3s
Ep 629	 reward -10.864	 ms 152.1	 loss 0.184639	 33.9s
Ep 630	 reward -10.768	 ms 150.8	 loss 0.109396	 40.6s
Ep 631	 reward -10.711	 ms 149.9	 loss 0.021491	 34.5s
Ep 632	 reward -10.689	 ms 149.7	 loss 0.001741	 46.6s
Ep 633	 reward -10.754	 ms 150.6	 loss 0.145503	 38.5s
Ep 634	 reward -10.721	 ms 150.1	 loss 0.164612	 33.4s
Ep 635	 reward -10.732	 ms 150.2	 loss 0.058804	 31.6s
Ep 636	 reward -10.696	 ms 149.8	 loss 0.173640	 34.8s
Ep 637	 reward -10.718	 ms 150.1	 loss 0.158319	 28.6s
Ep 638	 reward -10.657	 ms 149.2	 loss 0.125646	 29.8s
Ep 639	 reward -10.743	 ms 150.4	 loss -0.020279	 42.1s
Ep 640	 reward -10.704	 ms 149.8	 loss 0.128268	 39.0s
Ep 641	 reward -10.807	 ms 151.3	 loss 0.263797	 29.6s
Ep 642	 reward -10.779	 ms 150.9	 loss 0.252250	 36.6s
Ep 643	 reward -10.775	 ms 150.8	 loss 0.246259	 54.6s
Ep 644	 reward -10.650	 ms 149.1	 loss 0.180094	 43.3s
Ep 645	 reward -10.832	 ms 151.7	 loss 0.138757	 42.5s
Ep 646	 reward -10.611	 ms 148.6	 loss 0.165151	 39.7s
Ep 647	 reward -10.664	 ms 149.3	 loss -0.016876	 41.8s
Ep 648	 reward -10.704	 ms 149.8	 loss 0.185485	 31.2s
Ep 649	 reward -10.900	 ms 152.6	 loss 0.257881	 36.1s
[vali @650] rel=0.7896 (best 0.7896)  W=147.1
Ep 650	 reward -10.714	 ms 150.0	 loss 0.186839	 76.4s
Ep 651	 reward -10.768	 ms 150.8	 loss 0.184523	 34.5s
Ep 652	 reward -10.729	 ms 150.2	 loss 0.182951	 39.3s
Ep 653	 reward -10.821	 ms 151.5	 loss 0.242298	 34.0s
Ep 654	 reward -10.707	 ms 149.9	 loss 0.204833	 32.1s
Ep 655	 reward -10.668	 ms 149.3	 loss 0.223466	 35.5s
Ep 656	 reward -10.707	 ms 149.9	 loss 0.206646	 37.5s
Ep 657	 reward -10.775	 ms 150.8	 loss 0.212955	 39.9s
Ep 658	 reward -10.700	 ms 149.8	 loss 0.149294	 36.1s
Ep 659	 reward -10.654	 ms 149.2	 loss -0.032421	 30.1s
Ep 660	 reward -10.686	 ms 149.6	 loss 0.211108	 40.2s
Ep 661	 reward -10.857	 ms 152.0	 loss 0.135491	 33.6s
Ep 662	 reward -10.754	 ms 150.6	 loss 0.162515	 39.0s
Ep 663	 reward -10.757	 ms 150.6	 loss 0.206669	 42.1s
Ep 664	 reward -10.804	 ms 151.2	 loss 0.106176	 49.3s
Ep 665	 reward -10.825	 ms 151.6	 loss 0.155419	 39.8s
Ep 666	 reward -10.904	 ms 152.7	 loss 0.047666	 36.3s
Ep 667	 reward -10.839	 ms 151.8	 loss 0.183470	 40.4s
Ep 668	 reward -10.804	 ms 151.2	 loss 0.254160	 40.9s
Ep 669	 reward -10.821	 ms 151.5	 loss 0.223002	 43.2s
Ep 670	 reward -10.836	 ms 151.7	 loss 0.177248	 39.6s
Ep 671	 reward -10.811	 ms 151.3	 loss 0.183482	 40.2s
Ep 672	 reward -10.825	 ms 151.6	 loss 0.157542	 32.8s
Ep 673	 reward -10.800	 ms 151.2	 loss 0.147753	 38.7s
Ep 674	 reward -10.768	 ms 150.8	 loss 0.248258	 39.1s
[vali @675] rel=0.7952 (best 0.7896)  W=148.2
Ep 675	 reward -10.864	 ms 152.1	 loss 0.158990	 73.5s
Ep 676	 reward -10.825	 ms 151.6	 loss 0.233538	 45.3s
Ep 677	 reward -10.850	 ms 151.9	 loss 0.221451	 43.7s
Ep 678	 reward -10.768	 ms 150.8	 loss 0.155467	 36.4s
Ep 679	 reward -10.761	 ms 150.7	 loss 0.155333	 38.1s
Ep 680	 reward -10.864	 ms 152.1	 loss 0.161775	 38.4s
Ep 681	 reward -10.496	 ms 146.9	 loss 0.067222	 40.7s
Ep 682	 reward -10.411	 ms 145.8	 loss -0.056958	 36.6s
Ep 683	 reward -10.507	 ms 147.1	 loss -0.046466	 42.3s
Ep 684	 reward -10.400	 ms 145.6	 loss -0.103896	 38.8s
Ep 685	 reward -10.493	 ms 146.9	 loss -0.012963	 35.0s
Ep 686	 reward -10.479	 ms 146.7	 loss -0.042527	 42.5s
Ep 687	 reward -10.411	 ms 145.8	 loss -0.081361	 34.5s
Ep 688	 reward -10.439	 ms 146.2	 loss 0.011662	 44.8s
Ep 689	 reward -10.368	 ms 145.2	 loss -0.053627	 42.3s
Ep 690	 reward -10.532	 ms 147.4	 loss -0.025686	 38.8s
Ep 691	 reward -10.464	 ms 146.5	 loss -0.056983	 41.4s
Ep 692	 reward -10.421	 ms 145.9	 loss -0.105844	 43.1s
Ep 693	 reward -10.446	 ms 146.2	 loss -0.076642	 40.6s
Ep 694	 reward -10.454	 ms 146.3	 loss 0.017168	 37.4s
Ep 695	 reward -10.354	 ms 144.9	 loss -0.051545	 40.7s
Ep 696	 reward -10.543	 ms 147.6	 loss -0.015457	 40.8s
Ep 697	 reward -10.414	 ms 145.8	 loss -0.061356	 42.0s
Ep 698	 reward -10.543	 ms 147.6	 loss -0.030334	 48.7s
Ep 699	 reward -10.471	 ms 146.6	 loss -0.103381	 38.2s
[vali @700] rel=0.7912 (best 0.7896)  W=147.4
Ep 700	 reward -10.561	 ms 147.8	 loss -0.095910	 73.0s
Ep 701	 reward -10.571	 ms 148.0	 loss 0.115351	 45.1s
Ep 702	 reward -10.518	 ms 147.2	 loss -0.009512	 33.4s
Ep 703	 reward -10.464	 ms 146.5	 loss -0.034403	 43.1s
Ep 704	 reward -10.546	 ms 147.7	 loss 0.031292	 46.4s
Ep 705	 reward -10.700	 ms 149.8	 loss 0.071802	 43.6s
Ep 706	 reward -10.575	 ms 148.1	 loss 0.069548	 39.7s
Ep 707	 reward -10.486	 ms 146.8	 loss 0.061847	 40.1s
Ep 708	 reward -10.518	 ms 147.2	 loss -0.074214	 37.7s
Ep 709	 reward -10.546	 ms 147.7	 loss 0.103831	 44.2s
Ep 710	 reward -10.546	 ms 147.7	 loss 0.008291	 45.2s
Ep 711	 reward -10.504	 ms 147.1	 loss 0.082851	 40.5s
Ep 712	 reward -10.446	 ms 146.2	 loss -0.022990	 37.1s
Ep 713	 reward -10.514	 ms 147.2	 loss -0.025415	 37.2s
Ep 714	 reward -10.511	 ms 147.2	 loss 0.031373	 42.3s
Ep 715	 reward -10.507	 ms 147.1	 loss -0.000639	 40.2s
Ep 716	 reward -10.521	 ms 147.3	 loss 0.123534	 32.4s
Ep 717	 reward -10.557	 ms 147.8	 loss 0.000046	 38.0s
Ep 718	 reward -10.539	 ms 147.6	 loss -0.024370	 40.4s
Ep 719	 reward -10.629	 ms 148.8	 loss 0.033892	 42.0s
Ep 720	 reward -10.582	 ms 148.2	 loss 0.012494	 40.6s
Ep 721	 reward -10.661	 ms 149.2	 loss 0.257194	 37.0s
Ep 722	 reward -10.550	 ms 147.7	 loss 0.233689	 36.8s
Ep 723	 reward -10.614	 ms 148.6	 loss 0.184281	 43.6s
Ep 724	 reward -10.618	 ms 148.7	 loss 0.198258	 41.0s
[vali @725] rel=0.8009 (best 0.7896)  W=149.2
Ep 725	 reward -10.604	 ms 148.4	 loss 0.138707	 72.1s
Ep 726	 reward -10.579	 ms 148.1	 loss 0.145051	 44.5s
Ep 727	 reward -10.586	 ms 148.2	 loss 0.053801	 38.6s
Ep 728	 reward -10.546	 ms 147.7	 loss 0.251310	 39.7s
Ep 729	 reward -10.550	 ms 147.7	 loss 0.240440	 40.8s
Ep 730	 reward -10.671	 ms 149.4	 loss 0.074771	 38.0s
Ep 731	 reward -10.511	 ms 147.2	 loss 0.163192	 39.4s
Ep 732	 reward -10.564	 ms 147.9	 loss 0.056780	 41.5s
Ep 733	 reward -10.493	 ms 146.9	 loss 0.197405	 39.0s
Ep 734	 reward -10.686	 ms 149.6	 loss 0.222995	 43.5s
Ep 735	 reward -10.468	 ms 146.6	 loss 0.133157	 34.7s
Ep 736	 reward -10.493	 ms 146.9	 loss 0.212292	 41.5s
Ep 737	 reward -10.561	 ms 147.8	 loss 0.090156	 41.4s
Ep 738	 reward -10.557	 ms 147.8	 loss 0.188175	 42.9s
Ep 739	 reward -10.543	 ms 147.6	 loss 0.184433	 36.4s
Ep 740	 reward -10.604	 ms 148.4	 loss 0.192467	 40.3s
Ep 741	 reward -10.489	 ms 146.8	 loss 0.076613	 45.3s
Ep 742	 reward -10.507	 ms 147.1	 loss 0.073546	 42.6s
Ep 743	 reward -10.554	 ms 147.8	 loss 0.175416	 34.0s
Ep 744	 reward -10.532	 ms 147.4	 loss 0.131365	 33.5s
Ep 745	 reward -10.514	 ms 147.2	 loss -0.023515	 33.0s
Ep 746	 reward -10.504	 ms 147.1	 loss 0.175627	 39.8s
Ep 747	 reward -10.561	 ms 147.8	 loss 0.192674	 33.3s
Ep 748	 reward -10.407	 ms 145.7	 loss 0.200390	 38.4s
Ep 749	 reward -10.575	 ms 148.1	 loss 0.217906	 41.6s
[vali @750] rel=0.8033 (best 0.7896)  W=149.7
Ep 750	 reward -10.711	 ms 149.9	 loss 0.172298	 65.3s
Ep 751	 reward -10.586	 ms 148.2	 loss -0.031864	 45.9s
Ep 752	 reward -10.450	 ms 146.3	 loss 0.210791	 39.9s
Ep 753	 reward -10.625	 ms 148.8	 loss 0.172566	 37.1s
Ep 754	 reward -10.714	 ms 150.0	 loss 0.147610	 39.2s
Ep 755	 reward -10.711	 ms 149.9	 loss 0.086659	 37.9s
Ep 756	 reward -10.618	 ms 148.7	 loss 0.053050	 37.2s
Ep 757	 reward -10.496	 ms 146.9	 loss 0.175161	 38.7s
Ep 758	 reward -10.550	 ms 147.7	 loss 0.122177	 32.0s
Ep 759	 reward -10.557	 ms 147.8	 loss 0.160991	 35.8s
Ep 760	 reward -10.632	 ms 148.8	 loss 0.146030	 32.6s
Ep 761	 reward -10.450	 ms 146.3	 loss 0.155520	 38.6s
Ep 762	 reward -10.607	 ms 148.5	 loss 0.104257	 33.2s
Ep 763	 reward -10.564	 ms 147.9	 loss 0.123745	 46.1s
Ep 764	 reward -10.493	 ms 146.9	 loss -0.050136	 40.8s
Ep 765	 reward -10.514	 ms 147.2	 loss 0.005641	 37.9s
Ep 766	 reward -10.593	 ms 148.3	 loss 0.206377	 34.9s
Ep 767	 reward -10.496	 ms 146.9	 loss 0.115828	 35.1s
Ep 768	 reward -10.554	 ms 147.8	 loss 0.038582	 39.5s
Ep 769	 reward -10.554	 ms 147.8	 loss 0.194571	 37.3s
Ep 770	 reward -10.646	 ms 149.1	 loss 0.205622	 37.0s
Ep 771	 reward -10.511	 ms 147.2	 loss 0.037608	 36.2s
Ep 772	 reward -10.607	 ms 148.5	 loss 0.167491	 37.4s
Ep 773	 reward -10.589	 ms 148.2	 loss 0.103834	 31.5s
Ep 774	 reward -10.521	 ms 147.3	 loss 0.170206	 33.6s
[vali @775] rel=0.8003 (best 0.7896)  W=149.1
Ep 775	 reward -10.557	 ms 147.8	 loss 0.142280	 56.4s
Ep 776	 reward -10.507	 ms 147.1	 loss 0.190549	 31.1s
Ep 777	 reward -10.607	 ms 148.5	 loss 0.192103	 33.2s
Ep 778	 reward -10.500	 ms 147.0	 loss 0.194394	 32.6s
Ep 779	 reward -10.593	 ms 148.3	 loss 0.170646	 32.2s
Ep 780	 reward -10.589	 ms 148.2	 loss 0.141251	 33.4s
Ep 781	 reward -10.293	 ms 144.1	 loss 0.053412	 34.4s
Ep 782	 reward -10.425	 ms 145.9	 loss 0.195283	 30.2s
Ep 783	 reward -10.361	 ms 145.1	 loss 0.006052	 33.2s
Ep 784	 reward -10.346	 ms 144.8	 loss 0.039002	 31.2s
Ep 785	 reward -10.379	 ms 145.3	 loss 0.161578	 30.9s
Ep 786	 reward -10.304	 ms 144.2	 loss 0.040407	 32.1s
Ep 787	 reward -10.361	 ms 145.1	 loss 0.226076	 30.9s
Ep 788	 reward -10.304	 ms 144.2	 loss 0.147939	 33.0s
Ep 789	 reward -10.421	 ms 145.9	 loss 0.142734	 29.5s
Ep 790	 reward -10.318	 ms 144.4	 loss -0.010178	 31.8s
Ep 791	 reward -10.268	 ms 143.8	 loss 0.086396	 35.0s
Ep 792	 reward -10.357	 ms 145.0	 loss 0.085063	 39.1s
Ep 793	 reward -10.350	 ms 144.9	 loss 0.020943	 32.4s
Ep 794	 reward -10.254	 ms 143.6	 loss 0.171655	 32.7s
Ep 795	 reward -10.254	 ms 143.6	 loss 0.107748	 30.3s
Ep 796	 reward -10.304	 ms 144.2	 loss 0.026419	 39.3s
Ep 797	 reward -10.361	 ms 145.1	 loss 0.030707	 38.3s
Ep 798	 reward -10.346	 ms 144.8	 loss 0.137466	 40.5s
Ep 799	 reward -10.468	 ms 146.6	 loss 0.049919	 42.4s
[vali @800] rel=0.7936 (best 0.7896)  W=147.8
Ep 800	 reward -10.339	 ms 144.8	 loss 0.069818	 67.3s
Ep 801	 reward -10.593	 ms 148.3	 loss -0.095780	 30.3s
Ep 802	 reward -10.607	 ms 148.5	 loss -0.128355	 31.4s
Ep 803	 reward -10.493	 ms 146.9	 loss -0.050328	 43.1s
Ep 804	 reward -10.525	 ms 147.3	 loss -0.041329	 42.7s
Ep 805	 reward -10.436	 ms 146.1	 loss -0.003856	 29.0s
Ep 806	 reward -10.593	 ms 148.3	 loss -0.116489	 34.8s
Ep 807	 reward -10.525	 ms 147.3	 loss -0.075238	 33.7s
Ep 808	 reward -10.486	 ms 146.8	 loss -0.062688	 36.6s
Ep 809	 reward -10.482	 ms 146.8	 loss 0.001090	 32.1s
Ep 810	 reward -10.654	 ms 149.2	 loss -0.081057	 29.2s
Ep 811	 reward -10.600	 ms 148.4	 loss -0.107338	 36.7s
Ep 812	 reward -10.546	 ms 147.7	 loss -0.078139	 34.8s
Ep 813	 reward -10.543	 ms 147.6	 loss -0.006446	 38.3s
Ep 814	 reward -10.607	 ms 148.5	 loss -0.040943	 31.1s
Ep 815	 reward -10.611	 ms 148.6	 loss -0.110104	 39.1s
Ep 816	 reward -10.743	 ms 150.4	 loss 0.002597	 30.3s
Ep 817	 reward -10.621	 ms 148.7	 loss -0.032399	 34.2s
Ep 818	 reward -10.689	 ms 149.7	 loss -0.043847	 31.3s
Ep 819	 reward -10.536	 ms 147.5	 loss -0.089739	 35.2s
Ep 820	 reward -10.618	 ms 148.7	 loss 0.054795	 37.8s
Ep 821	 reward -10.804	 ms 151.2	 loss -0.077376	 30.1s
Ep 822	 reward -10.704	 ms 149.8	 loss -0.012375	 35.3s
Ep 823	 reward -10.768	 ms 150.8	 loss -0.005558	 36.0s
Ep 824	 reward -10.743	 ms 150.4	 loss 0.130317	 33.6s
[vali @825] rel=0.7976 (best 0.7896)  W=148.6
Ep 825	 reward -10.718	 ms 150.1	 loss -0.036907	 67.2s
Ep 826	 reward -10.639	 ms 148.9	 loss 0.008368	 27.6s
Ep 827	 reward -10.661	 ms 149.2	 loss 0.033617	 31.8s
Ep 828	 reward -10.696	 ms 149.8	 loss 0.127969	 33.3s
Ep 829	 reward -10.718	 ms 150.1	 loss -0.000529	 30.7s
Ep 830	 reward -10.736	 ms 150.3	 loss 0.010121	 34.3s
Ep 831	 reward -10.657	 ms 149.2	 loss 0.048387	 33.9s
Ep 832	 reward -10.718	 ms 150.1	 loss -0.015052	 30.1s
Ep 833	 reward -10.611	 ms 148.6	 loss 0.082300	 34.2s
Ep 834	 reward -10.589	 ms 148.2	 loss -0.004060	 35.8s
Ep 835	 reward -10.736	 ms 150.3	 loss 0.046359	 34.9s
Ep 836	 reward -10.579	 ms 148.1	 loss -0.001287	 39.9s
Ep 837	 reward -10.711	 ms 149.9	 loss 0.130102	 39.1s
Ep 838	 reward -10.757	 ms 150.6	 loss -0.035014	 25.9s
Ep 839	 reward -10.682	 ms 149.6	 loss -0.008648	 40.6s
Ep 840	 reward -10.593	 ms 148.3	 loss -0.042137	 32.3s
Ep 841	 reward -10.568	 ms 147.9	 loss 0.274379	 36.2s
Ep 842	 reward -10.621	 ms 148.7	 loss 0.222318	 41.4s
Ep 843	 reward -10.532	 ms 147.4	 loss 0.233943	 35.9s
Ep 844	 reward -10.568	 ms 147.9	 loss 0.254420	 33.7s
Ep 845	 reward -10.521	 ms 147.3	 loss 0.222609	 31.8s
Ep 846	 reward -10.586	 ms 148.2	 loss 0.235725	 38.7s
Ep 847	 reward -10.507	 ms 147.1	 loss 0.225849	 34.0s
Ep 848	 reward -10.625	 ms 148.8	 loss 0.217625	 28.3s
Ep 849	 reward -10.586	 ms 148.2	 loss 0.259075	 37.0s
[vali @850] rel=0.7896 (best 0.7896)  W=147.1
Ep 850	 reward -10.461	 ms 146.4	 loss 0.205367	 73.2s
Ep 851	 reward -10.382	 ms 145.3	 loss 0.212507	 35.7s
Ep 852	 reward -10.529	 ms 147.4	 loss 0.226649	 29.9s
Ep 853	 reward -10.657	 ms 149.2	 loss 0.193210	 32.0s
Ep 854	 reward -10.496	 ms 146.9	 loss 0.197890	 33.8s
Ep 855	 reward -10.468	 ms 146.6	 loss 0.198754	 38.8s
Ep 856	 reward -10.607	 ms 148.5	 loss 0.215624	 35.8s
Ep 857	 reward -10.557	 ms 147.8	 loss 0.213798	 33.6s
Ep 858	 reward -10.625	 ms 148.8	 loss 0.196122	 41.9s
Ep 859	 reward -10.525	 ms 147.3	 loss 0.205555	 31.3s
Ep 860	 reward -10.457	 ms 146.4	 loss 0.145443	 41.9s
Ep 861	 reward -10.607	 ms 148.5	 loss 0.036142	 39.5s
Ep 862	 reward -10.586	 ms 148.2	 loss 0.006752	 43.0s
Ep 863	 reward -10.557	 ms 147.8	 loss 0.004952	 35.3s
Ep 864	 reward -10.586	 ms 148.2	 loss 0.075466	 35.6s
Ep 865	 reward -10.539	 ms 147.6	 loss 0.178835	 34.8s
Ep 866	 reward -10.554	 ms 147.8	 loss -0.024419	 45.5s
Ep 867	 reward -10.532	 ms 147.4	 loss 0.029989	 33.9s
Ep 868	 reward -10.550	 ms 147.7	 loss -0.011843	 42.9s
Ep 869	 reward -10.496	 ms 146.9	 loss 0.013565	 33.0s
Ep 870	 reward -10.568	 ms 147.9	 loss 0.128836	 36.4s
Ep 871	 reward -10.436	 ms 146.1	 loss 0.013217	 35.8s
Ep 872	 reward -10.514	 ms 147.2	 loss 0.197682	 37.1s
Ep 873	 reward -10.571	 ms 148.0	 loss -0.093527	 33.3s
Ep 874	 reward -10.532	 ms 147.4	 loss 0.096048	 34.4s
[vali @875] rel=0.7901 (best 0.7896)  W=147.2
Ep 875	 reward -10.443	 ms 146.2	 loss -0.010746	 59.5s
Ep 876	 reward -10.596	 ms 148.3	 loss -0.078272	 38.8s
Ep 877	 reward -10.368	 ms 145.2	 loss 0.115923	 36.1s
Ep 878	 reward -10.564	 ms 147.9	 loss 0.112782	 36.7s
Ep 879	 reward -10.493	 ms 146.9	 loss 0.006120	 36.2s
Ep 880	 reward -10.564	 ms 147.9	 loss 0.096727	 35.0s
Ep 881	 reward -10.586	 ms 148.2	 loss -0.004056	 43.2s
Ep 882	 reward -10.507	 ms 147.1	 loss -0.019903	 37.0s
Ep 883	 reward -10.593	 ms 148.3	 loss 0.063220	 43.5s
Ep 884	 reward -10.586	 ms 148.2	 loss -0.037929	 38.5s
Ep 885	 reward -10.646	 ms 149.1	 loss -0.061641	 29.3s
Ep 886	 reward -10.629	 ms 148.8	 loss -0.036055	 36.0s
Ep 887	 reward -10.554	 ms 147.8	 loss -0.033813	 30.4s
Ep 888	 reward -10.696	 ms 149.8	 loss -0.062329	 39.9s
Ep 889	 reward -10.618	 ms 148.7	 loss -0.028696	 39.9s
Ep 890	 reward -10.443	 ms 146.2	 loss -0.026632	 30.1s
Ep 891	 reward -10.564	 ms 147.9	 loss -0.005951	 35.6s
Ep 892	 reward -10.629	 ms 148.8	 loss 0.041488	 34.0s
Ep 893	 reward -10.571	 ms 148.0	 loss -0.003401	 34.9s
Ep 894	 reward -10.557	 ms 147.8	 loss -0.018480	 35.5s
Ep 895	 reward -10.557	 ms 147.8	 loss -0.017605	 36.0s
Ep 896	 reward -10.514	 ms 147.2	 loss -0.000353	 30.4s
Ep 897	 reward -10.543	 ms 147.6	 loss 0.049018	 37.5s
Ep 898	 reward -10.511	 ms 147.2	 loss -0.009487	 41.1s
Ep 899	 reward -10.671	 ms 149.4	 loss -0.020345	 38.3s
[vali @900] rel=0.7893 (best 0.7893)  W=147.1
Ep 900	 reward -10.489	 ms 146.8	 loss -0.024500	 66.1s
Ep 901	 reward -10.657	 ms 149.2	 loss 0.184117	 40.7s
Ep 902	 reward -10.604	 ms 148.4	 loss 0.249400	 37.4s
Ep 903	 reward -10.632	 ms 148.8	 loss 0.185930	 42.4s
Ep 904	 reward -10.621	 ms 148.7	 loss 0.140150	 40.6s
Ep 905	 reward -10.657	 ms 149.2	 loss 0.211441	 35.6s
Ep 906	 reward -10.611	 ms 148.6	 loss 0.163316	 30.1s
Ep 907	 reward -10.618	 ms 148.7	 loss 0.172123	 34.2s
Ep 908	 reward -10.671	 ms 149.4	 loss 0.210264	 42.5s
Ep 909	 reward -10.582	 ms 148.2	 loss 0.226137	 36.4s
Ep 910	 reward -10.707	 ms 149.9	 loss 0.145647	 34.9s
Ep 911	 reward -10.682	 ms 149.6	 loss 0.206445	 34.1s
Ep 912	 reward -10.579	 ms 148.1	 loss 0.204050	 32.6s
Ep 913	 reward -10.621	 ms 148.7	 loss 0.155756	 38.6s
Ep 914	 reward -10.639	 ms 148.9	 loss 0.202527	 37.5s
Ep 915	 reward -10.654	 ms 149.2	 loss 0.218334	 31.3s
Ep 916	 reward -10.582	 ms 148.2	 loss 0.212823	 35.3s
Ep 917	 reward -10.707	 ms 149.9	 loss 0.242848	 33.4s
Ep 918	 reward -10.632	 ms 148.8	 loss 0.117356	 34.6s
Ep 919	 reward -10.682	 ms 149.6	 loss 0.197176	 31.8s
Ep 920	 reward -10.618	 ms 148.7	 loss 0.186031	 30.3s
Ep 921	 reward -10.361	 ms 145.1	 loss 0.055841	 37.1s
Ep 922	 reward -10.400	 ms 145.6	 loss -0.071875	 34.3s
Ep 923	 reward -10.461	 ms 146.4	 loss 0.069822	 40.8s
Ep 924	 reward -10.386	 ms 145.4	 loss 0.012654	 35.0s
[vali @925] rel=0.7950 (best 0.7893)  W=148.1
Ep 925	 reward -10.496	 ms 146.9	 loss 0.117455	 74.9s
Ep 926	 reward -10.318	 ms 144.4	 loss 0.076228	 33.2s
Ep 927	 reward -10.525	 ms 147.3	 loss 0.007787	 44.6s
Ep 928	 reward -10.421	 ms 145.9	 loss -0.086388	 27.3s
Ep 929	 reward -10.400	 ms 145.6	 loss -0.002451	 30.3s
Ep 930	 reward -10.504	 ms 147.1	 loss -0.041922	 36.9s
Ep 931	 reward -10.439	 ms 146.2	 loss 0.027395	 41.2s
Ep 932	 reward -10.432	 ms 146.1	 loss -0.022637	 31.8s
Ep 933	 reward -10.489	 ms 146.8	 loss 0.146298	 39.5s
Ep 934	 reward -10.389	 ms 145.4	 loss 0.046161	 36.9s
Ep 935	 reward -10.379	 ms 145.3	 loss -0.055665	 36.0s
Ep 936	 reward -10.482	 ms 146.8	 loss 0.012488	 36.8s
Ep 937	 reward -10.436	 ms 146.1	 loss 0.088825	 39.5s
Ep 938	 reward -10.350	 ms 144.9	 loss 0.015166	 32.1s
Ep 939	 reward -10.379	 ms 145.3	 loss -0.055877	 39.6s
Ep 940	 reward -10.404	 ms 145.7	 loss -0.018007	 36.5s
Ep 941	 reward -10.629	 ms 148.8	 loss 0.092385	 42.2s
Ep 942	 reward -10.493	 ms 146.9	 loss -0.001231	 29.9s
Ep 943	 reward -10.618	 ms 148.7	 loss 0.039037	 35.3s
Ep 944	 reward -10.500	 ms 147.0	 loss 0.044057	 40.3s
Ep 945	 reward -10.607	 ms 148.5	 loss -0.025505	 33.0s
Ep 946	 reward -10.668	 ms 149.3	 loss 0.014624	 31.3s
Ep 947	 reward -10.582	 ms 148.2	 loss -0.054402	 34.1s
Ep 948	 reward -10.607	 ms 148.5	 loss 0.285223	 33.1s
Ep 949	 reward -10.482	 ms 146.8	 loss 0.017558	 37.1s
[vali @950] rel=0.7915 (best 0.7893)  W=147.4
Ep 950	 reward -10.636	 ms 148.9	 loss -0.044173	 73.4s
Ep 951	 reward -10.618	 ms 148.7	 loss -0.058021	 37.9s
Ep 952	 reward -10.536	 ms 147.5	 loss 0.163180	 41.6s
Ep 953	 reward -10.671	 ms 149.4	 loss 0.121223	 36.7s
Ep 954	 reward -10.496	 ms 146.9	 loss 0.056239	 42.9s
Ep 955	 reward -10.557	 ms 147.8	 loss -0.017376	 32.0s
Ep 956	 reward -10.600	 ms 148.4	 loss 0.101971	 38.7s
Ep 957	 reward -10.546	 ms 147.7	 loss -0.013578	 38.5s
Ep 958	 reward -10.479	 ms 146.7	 loss 0.089512	 40.5s
Ep 959	 reward -10.457	 ms 146.4	 loss -0.014963	 32.0s
Ep 960	 reward -10.582	 ms 148.2	 loss 0.097189	 39.6s
Ep 961	 reward -10.521	 ms 147.3	 loss 0.086607	 34.1s
Ep 962	 reward -10.482	 ms 146.8	 loss 0.041997	 35.0s
Ep 963	 reward -10.489	 ms 146.8	 loss 0.090801	 35.9s
Ep 964	 reward -10.554	 ms 147.8	 loss 0.186836	 33.7s
Ep 965	 reward -10.429	 ms 146.0	 loss 0.017224	 38.4s
Ep 966	 reward -10.454	 ms 146.3	 loss 0.231038	 37.8s
Ep 967	 reward -10.475	 ms 146.7	 loss 0.074323	 36.1s
Ep 968	 reward -10.464	 ms 146.5	 loss 0.009772	 32.5s
Ep 969	 reward -10.439	 ms 146.2	 loss 0.067822	 38.5s
Ep 970	 reward -10.507	 ms 147.1	 loss -0.006005	 30.3s
Ep 971	 reward -10.475	 ms 146.7	 loss 0.183807	 34.9s
Ep 972	 reward -10.475	 ms 146.7	 loss 0.082747	 31.8s
Ep 973	 reward -10.468	 ms 146.6	 loss 0.100753	 33.1s
Ep 974	 reward -10.596	 ms 148.3	 loss 0.173102	 33.9s
[vali @975] rel=0.7917 (best 0.7893)  W=147.5
Ep 975	 reward -10.543	 ms 147.6	 loss 0.025965	 62.1s
Ep 976	 reward -10.454	 ms 146.3	 loss 0.045332	 35.4s
Ep 977	 reward -10.421	 ms 145.9	 loss 0.002165	 35.7s
Ep 978	 reward -10.514	 ms 147.2	 loss -0.050990	 35.7s
Ep 979	 reward -10.454	 ms 146.3	 loss 0.133699	 33.5s
Ep 980	 reward -10.425	 ms 145.9	 loss 0.165578	 37.0s
Ep 981	 reward -10.361	 ms 145.1	 loss 0.106120	 37.1s
Ep 982	 reward -10.557	 ms 147.8	 loss 0.147001	 37.7s
Ep 983	 reward -10.518	 ms 147.2	 loss 0.060533	 36.2s
Ep 984	 reward -10.504	 ms 147.1	 loss 0.059886	 31.8s
Ep 985	 reward -10.493	 ms 146.9	 loss 0.064350	 40.5s
Ep 986	 reward -10.461	 ms 146.4	 loss 0.033372	 32.8s
Ep 987	 reward -10.454	 ms 146.3	 loss 0.004713	 31.2s
Ep 988	 reward -10.439	 ms 146.2	 loss 0.109802	 33.3s
Ep 989	 reward -10.400	 ms 145.6	 loss 0.039333	 34.8s
Ep 990	 reward -10.457	 ms 146.4	 loss 0.059694	 31.0s
Ep 991	 reward -10.443	 ms 146.2	 loss 0.042817	 38.4s
Ep 992	 reward -10.446	 ms 146.2	 loss 0.114682	 28.3s
Ep 993	 reward -10.493	 ms 146.9	 loss 0.119356	 31.1s
Ep 994	 reward -10.461	 ms 146.4	 loss 0.116375	 33.3s
Ep 995	 reward -10.511	 ms 147.2	 loss 0.050247	 44.7s
Ep 996	 reward -10.436	 ms 146.1	 loss 0.081281	 41.3s
Ep 997	 reward -10.475	 ms 146.7	 loss 0.056613	 37.7s
Ep 998	 reward -10.475	 ms 146.7	 loss -0.029233	 35.3s
Ep 999	 reward -10.554	 ms 147.8	 loss 0.057612	 32.3s
[vali @1000] rel=0.7893 (best 0.7893)  W=147.1
Ep 1000	 reward -10.479	 ms 146.7	 loss -0.007656	 54.2s
[train_family] done in 10.21 h; best rel=0.7893
