[vali] MWKR norms: N=156.6
[model] params total=32786  film=0 (0.00%)
[train_family] model=10x25+family+spec-N-s303 regimes=['N'] updates=1000
Ep 1	 reward -10.414	 ms 145.8	 loss 0.664971	 11.1s
Ep 2	 reward -10.532	 ms 147.4	 loss 0.613871	 9.2s
Ep 3	 reward -10.443	 ms 146.2	 loss 0.729894	 10.5s
Ep 4	 reward -10.518	 ms 147.2	 loss 0.710748	 10.2s
Ep 5	 reward -10.486	 ms 146.8	 loss 0.525440	 9.8s
Ep 6	 reward -10.521	 ms 147.3	 loss 0.367878	 9.1s
Ep 7	 reward -10.564	 ms 147.9	 loss 0.375506	 10.1s
Ep 8	 reward -10.529	 ms 147.4	 loss 0.364377	 11.0s
Ep 9	 reward -10.500	 ms 147.0	 loss 0.315609	 10.5s
Ep 10	 reward -10.496	 ms 146.9	 loss 0.210200	 9.7s
Ep 11	 reward -10.521	 ms 147.3	 loss 0.226539	 10.9s
Ep 12	 reward -10.643	 ms 149.0	 loss 0.200693	 10.5s
Ep 13	 reward -10.525	 ms 147.3	 loss 0.122640	 11.0s
Ep 14	 reward -10.346	 ms 144.8	 loss 0.096010	 11.0s
Ep 15	 reward -10.407	 ms 145.7	 loss 0.104108	 10.7s
Ep 16	 reward -10.336	 ms 144.7	 loss 0.068848	 11.5s
Ep 17	 reward -10.607	 ms 148.5	 loss 0.127176	 10.7s
Ep 18	 reward -10.325	 ms 144.6	 loss 0.009192	 10.7s
Ep 19	 reward -10.639	 ms 148.9	 loss 0.114172	 10.1s
Ep 20	 reward -10.468	 ms 146.6	 loss 0.007100	 10.3s
Ep 21	 reward -10.507	 ms 147.1	 loss 0.155247	 10.6s
Ep 22	 reward -10.489	 ms 146.8	 loss 0.271539	 10.6s
Ep 23	 reward -10.457	 ms 146.4	 loss 0.157849	 12.0s
Ep 24	 reward -10.575	 ms 148.1	 loss 0.074056	 12.2s
[vali @25] rel=0.9151 (best 0.9151)  N=143.3
Ep 25	 reward -10.382	 ms 145.3	 loss 0.217680	 20.4s
Ep 26	 reward -10.439	 ms 146.2	 loss 0.088582	 11.3s
Ep 27	 reward -10.400	 ms 145.6	 loss 0.183922	 13.3s
Ep 28	 reward -10.443	 ms 146.2	 loss 0.187071	 13.5s
Ep 29	 reward -10.443	 ms 146.2	 loss 0.115679	 12.7s
Ep 30	 reward -10.596	 ms 148.3	 loss 0.235114	 15.5s
Ep 31	 reward -10.475	 ms 146.7	 loss 0.065923	 13.6s
Ep 32	 reward -10.525	 ms 147.3	 loss 0.015091	 19.3s
Ep 33	 reward -10.536	 ms 147.5	 loss 0.099491	 14.7s
Ep 34	 reward -10.639	 ms 148.9	 loss 0.109577	 11.8s
Ep 35	 reward -10.450	 ms 146.3	 loss 0.177245	 15.3s
Ep 36	 reward -10.525	 ms 147.3	 loss 0.237025	 16.6s
Ep 37	 reward -10.561	 ms 147.8	 loss 0.152481	 14.7s
Ep 38	 reward -10.518	 ms 147.2	 loss 0.012834	 14.2s
Ep 39	 reward -10.536	 ms 147.5	 loss 0.124878	 15.2s
Ep 40	 reward -10.532	 ms 147.4	 loss 0.161150	 15.7s
Ep 41	 reward -10.446	 ms 146.2	 loss 0.000192	 14.2s
Ep 42	 reward -10.361	 ms 145.1	 loss 0.067959	 14.6s
Ep 43	 reward -10.389	 ms 145.4	 loss -0.066345	 15.1s
Ep 44	 reward -10.264	 ms 143.7	 loss 0.157952	 14.7s
Ep 45	 reward -10.257	 ms 143.6	 loss 0.047640	 13.8s
Ep 46	 reward -10.411	 ms 145.8	 loss 0.067691	 16.4s
Ep 47	 reward -10.254	 ms 143.6	 loss 0.024280	 15.5s
Ep 48	 reward -10.279	 ms 143.9	 loss 0.021642	 14.7s
Ep 49	 reward -10.464	 ms 146.5	 loss 0.051843	 12.7s
[vali @50] rel=0.8547 (best 0.8547)  N=133.8
Ep 50	 reward -10.254	 ms 143.6	 loss 0.015170	 27.2s
Ep 51	 reward -10.311	 ms 144.3	 loss 0.154810	 18.1s
Ep 52	 reward -10.286	 ms 144.0	 loss -0.035260	 15.6s
Ep 53	 reward -10.182	 ms 142.6	 loss 0.051804	 14.9s
Ep 54	 reward -10.193	 ms 142.7	 loss 0.038380	 13.8s
Ep 55	 reward -10.175	 ms 142.4	 loss 0.060557	 15.0s
Ep 56	 reward -10.118	 ms 141.7	 loss 0.053941	 13.6s
Ep 57	 reward -10.093	 ms 141.3	 loss 0.069541	 14.0s
Ep 58	 reward -10.171	 ms 142.4	 loss -0.061855	 18.1s
Ep 59	 reward -10.032	 ms 140.4	 loss 0.026245	 14.7s
Ep 60	 reward -10.039	 ms 140.6	 loss 0.017003	 19.3s
Ep 61	 reward -10.039	 ms 140.6	 loss 0.059923	 15.7s
Ep 62	 reward -9.975	 ms 139.7	 loss 0.157769	 19.5s
Ep 63	 reward -10.029	 ms 140.4	 loss 0.125265	 16.0s
Ep 64	 reward -9.918	 ms 138.8	 loss 0.023401	 13.7s
Ep 65	 reward -9.889	 ms 138.4	 loss 0.063089	 17.2s
Ep 66	 reward -9.932	 ms 139.1	 loss 0.122410	 18.6s
Ep 67	 reward -9.907	 ms 138.7	 loss 0.065226	 16.8s
Ep 68	 reward -9.900	 ms 138.6	 loss 0.073261	 18.1s
Ep 69	 reward -9.954	 ms 139.3	 loss -0.042159	 14.9s
Ep 70	 reward -9.968	 ms 139.6	 loss 0.106445	 16.1s
Ep 71	 reward -9.943	 ms 139.2	 loss 0.061721	 17.8s
Ep 72	 reward -9.975	 ms 139.7	 loss 0.143653	 14.8s
Ep 73	 reward -9.875	 ms 138.2	 loss 0.084302	 17.6s
Ep 74	 reward -9.814	 ms 137.4	 loss 0.049832	 17.3s
[vali @75] rel=0.8439 (best 0.8439)  N=132.2
Ep 75	 reward -9.832	 ms 137.7	 loss 0.042608	 28.5s
Ep 76	 reward -9.825	 ms 137.6	 loss 0.081495	 17.0s
Ep 77	 reward -9.896	 ms 138.6	 loss 0.156896	 17.4s
Ep 78	 reward -9.782	 ms 136.9	 loss 0.050001	 17.6s
Ep 79	 reward -9.850	 ms 137.9	 loss 0.085475	 18.8s
Ep 80	 reward -9.879	 ms 138.3	 loss -0.070805	 17.8s
Ep 81	 reward -9.943	 ms 139.2	 loss 0.021787	 16.2s
Ep 82	 reward -9.946	 ms 139.2	 loss -0.059401	 16.2s
Ep 83	 reward -9.914	 ms 138.8	 loss -0.056361	 17.5s
Ep 84	 reward -9.882	 ms 138.3	 loss -0.062150	 15.3s
Ep 85	 reward -9.936	 ms 139.1	 loss -0.018635	 15.2s
Ep 86	 reward -9.896	 ms 138.6	 loss 0.009169	 17.1s
Ep 87	 reward -9.861	 ms 138.1	 loss 0.032907	 14.8s
Ep 88	 reward -9.896	 ms 138.6	 loss 0.006495	 15.5s
Ep 89	 reward -9.861	 ms 138.1	 loss -0.090347	 14.4s
Ep 90	 reward -9.929	 ms 139.0	 loss -0.015706	 16.4s
Ep 91	 reward -9.754	 ms 136.6	 loss -0.053880	 15.7s
Ep 92	 reward -9.864	 ms 138.1	 loss -0.089201	 17.3s
Ep 93	 reward -9.836	 ms 137.7	 loss -0.093725	 14.0s
Ep 94	 reward -9.871	 ms 138.2	 loss -0.078190	 16.9s
Ep 95	 reward -9.807	 ms 137.3	 loss 0.003973	 13.6s
Ep 96	 reward -9.771	 ms 136.8	 loss -0.097692	 16.3s
Ep 97	 reward -9.721	 ms 136.1	 loss -0.085788	 15.3s
Ep 98	 reward -9.768	 ms 136.8	 loss 0.022607	 15.6s
Ep 99	 reward -9.736	 ms 136.3	 loss -0.062448	 15.6s
[vali @100] rel=0.8397 (best 0.8397)  N=131.5
Ep 100	 reward -9.725	 ms 136.2	 loss -0.042383	 24.6s
Ep 101	 reward -9.704	 ms 135.8	 loss -0.111462	 14.7s
Ep 102	 reward -9.729	 ms 136.2	 loss -0.131470	 14.6s
Ep 103	 reward -9.707	 ms 135.9	 loss -0.099361	 14.1s
Ep 104	 reward -9.689	 ms 135.7	 loss -0.081668	 14.8s
Ep 105	 reward -9.657	 ms 135.2	 loss -0.088873	 14.7s
Ep 106	 reward -9.571	 ms 134.0	 loss -0.103979	 14.5s
Ep 107	 reward -9.575	 ms 134.1	 loss 0.084848	 14.1s
Ep 108	 reward -9.571	 ms 134.0	 loss 0.094152	 16.7s
Ep 109	 reward -9.639	 ms 134.9	 loss -0.056663	 13.9s
Ep 110	 reward -9.682	 ms 135.6	 loss -0.006747	 14.4s
Ep 111	 reward -9.668	 ms 135.3	 loss -0.116736	 12.2s
Ep 112	 reward -9.625	 ms 134.8	 loss 0.021208	 14.4s
Ep 113	 reward -9.575	 ms 134.1	 loss -0.086762	 11.7s
Ep 114	 reward -9.604	 ms 134.4	 loss -0.088116	 11.7s
Ep 115	 reward -9.589	 ms 134.2	 loss -0.064481	 15.1s
Ep 116	 reward -9.589	 ms 134.2	 loss 0.042114	 11.5s
Ep 117	 reward -9.550	 ms 133.7	 loss -0.105447	 13.6s
Ep 118	 reward -9.611	 ms 134.6	 loss -0.079495	 12.2s
Ep 119	 reward -9.557	 ms 133.8	 loss -0.118583	 14.6s
Ep 120	 reward -9.579	 ms 134.1	 loss -0.117563	 14.5s
Ep 121	 reward -9.504	 ms 133.1	 loss -0.002720	 13.8s
Ep 122	 reward -9.529	 ms 133.4	 loss -0.005620	 12.7s
Ep 123	 reward -9.457	 ms 132.4	 loss -0.016746	 11.3s
Ep 124	 reward -9.525	 ms 133.3	 loss -0.086917	 13.5s
[vali @125] rel=0.8413 (best 0.8397)  N=131.8
Ep 125	 reward -9.461	 ms 132.4	 loss -0.007415	 22.7s
Ep 126	 reward -9.496	 ms 132.9	 loss 0.114871	 13.0s
Ep 127	 reward -9.521	 ms 133.3	 loss -0.053817	 14.2s
Ep 128	 reward -9.432	 ms 132.1	 loss 0.041422	 14.8s
Ep 129	 reward -9.493	 ms 132.9	 loss 0.019072	 12.1s
Ep 130	 reward -9.446	 ms 132.2	 loss 0.033783	 12.1s
Ep 131	 reward -9.400	 ms 131.6	 loss 0.017722	 12.9s
Ep 132	 reward -9.475	 ms 132.7	 loss -0.027959	 10.1s
Ep 133	 reward -9.464	 ms 132.5	 loss -0.040015	 13.2s
Ep 134	 reward -9.486	 ms 132.8	 loss 0.097877	 12.2s
Ep 135	 reward -9.429	 ms 132.0	 loss 0.010737	 11.6s
Ep 136	 reward -9.457	 ms 132.4	 loss 0.100627	 14.8s
Ep 137	 reward -9.475	 ms 132.7	 loss -0.096241	 15.5s
Ep 138	 reward -9.518	 ms 133.2	 loss 0.070221	 16.2s
Ep 139	 reward -9.436	 ms 132.1	 loss 0.090334	 15.2s
Ep 140	 reward -9.511	 ms 133.2	 loss 0.034940	 13.7s
Ep 141	 reward -9.561	 ms 133.8	 loss -0.070859	 15.1s
Ep 142	 reward -9.543	 ms 133.6	 loss -0.116866	 15.7s
Ep 143	 reward -9.579	 ms 134.1	 loss 0.002129	 15.7s
Ep 144	 reward -9.514	 ms 133.2	 loss -0.035824	 15.3s
Ep 145	 reward -9.636	 ms 134.9	 loss -0.067444	 15.9s
Ep 146	 reward -9.607	 ms 134.5	 loss -0.012285	 12.9s
Ep 147	 reward -9.475	 ms 132.7	 loss -0.049003	 13.5s
Ep 148	 reward -9.543	 ms 133.6	 loss -0.002360	 15.5s
Ep 149	 reward -9.579	 ms 134.1	 loss -0.045600	 13.8s
[vali @150] rel=0.8426 (best 0.8397)  N=131.9
Ep 150	 reward -9.536	 ms 133.5	 loss 0.003920	 21.2s
Ep 151	 reward -9.571	 ms 134.0	 loss -0.062194	 15.2s
Ep 152	 reward -9.550	 ms 133.7	 loss -0.022505	 14.5s
Ep 153	 reward -9.707	 ms 135.9	 loss -0.017106	 13.9s
Ep 154	 reward -9.539	 ms 133.6	 loss -0.043620	 16.2s
Ep 155	 reward -9.632	 ms 134.8	 loss -0.061291	 15.4s
Ep 156	 reward -9.586	 ms 134.2	 loss -0.065552	 14.8s
Ep 157	 reward -9.679	 ms 135.5	 loss -0.005822	 13.3s
Ep 158	 reward -9.564	 ms 133.9	 loss -0.034198	 15.6s
Ep 159	 reward -9.600	 ms 134.4	 loss -0.077651	 13.9s
Ep 160	 reward -9.614	 ms 134.6	 loss -0.000350	 15.5s
Ep 161	 reward -9.607	 ms 134.5	 loss 0.078519	 13.8s
Ep 162	 reward -9.579	 ms 134.1	 loss 0.023122	 16.7s
Ep 163	 reward -9.582	 ms 134.2	 loss 0.079606	 15.8s
Ep 164	 reward -9.525	 ms 133.3	 loss 0.151223	 15.7s
Ep 165	 reward -9.529	 ms 133.4	 loss 0.168766	 15.0s
Ep 166	 reward -9.561	 ms 133.8	 loss 0.006453	 16.5s
Ep 167	 reward -9.589	 ms 134.2	 loss 0.009605	 15.3s
Ep 168	 reward -9.582	 ms 134.2	 loss 0.012231	 17.5s
Ep 169	 reward -9.618	 ms 134.7	 loss 0.081091	 14.8s
Ep 170	 reward -9.636	 ms 134.9	 loss 0.111944	 15.8s
Ep 171	 reward -9.614	 ms 134.6	 loss 0.099232	 13.9s
Ep 172	 reward -9.593	 ms 134.3	 loss 0.037229	 16.7s
Ep 173	 reward -9.589	 ms 134.2	 loss 0.030220	 14.4s
Ep 174	 reward -9.596	 ms 134.3	 loss 0.114566	 16.7s
[vali @175] rel=0.8490 (best 0.8397)  N=132.9
Ep 175	 reward -9.550	 ms 133.7	 loss 0.108326	 28.6s
Ep 176	 reward -9.586	 ms 134.2	 loss 0.092008	 15.6s
Ep 177	 reward -9.632	 ms 134.8	 loss 0.055666	 17.1s
Ep 178	 reward -9.589	 ms 134.2	 loss 0.128056	 15.5s
Ep 179	 reward -9.604	 ms 134.4	 loss 0.066809	 15.0s
Ep 180	 reward -9.657	 ms 135.2	 loss 0.073381	 13.9s
Ep 181	 reward -9.604	 ms 134.4	 loss 0.001009	 16.2s
Ep 182	 reward -9.632	 ms 134.8	 loss -0.095980	 15.8s
Ep 183	 reward -9.636	 ms 134.9	 loss 0.011649	 15.2s
Ep 184	 reward -9.707	 ms 135.9	 loss 0.079174	 16.1s
Ep 185	 reward -9.689	 ms 135.7	 loss 0.005655	 17.4s
Ep 186	 reward -9.589	 ms 134.2	 loss 0.071878	 13.2s
Ep 187	 reward -9.596	 ms 134.3	 loss -0.155486	 17.3s
Ep 188	 reward -9.596	 ms 134.3	 loss -0.099371	 15.5s
Ep 189	 reward -9.611	 ms 134.6	 loss 0.074571	 14.7s
Ep 190	 reward -9.557	 ms 133.8	 loss 0.058709	 14.2s
Ep 191	 reward -9.593	 ms 134.3	 loss -0.027812	 17.0s
Ep 192	 reward -9.636	 ms 134.9	 loss -0.001203	 13.6s
Ep 193	 reward -9.679	 ms 135.5	 loss 0.023223	 15.4s
Ep 194	 reward -9.625	 ms 134.8	 loss 0.072466	 16.5s
Ep 195	 reward -9.604	 ms 134.4	 loss 0.056961	 14.0s
Ep 196	 reward -9.525	 ms 133.3	 loss 0.039752	 15.1s
Ep 197	 reward -9.575	 ms 134.1	 loss 0.030200	 13.4s
Ep 198	 reward -9.621	 ms 134.7	 loss 0.079327	 12.0s
Ep 199	 reward -9.639	 ms 134.9	 loss -0.095586	 14.5s
[vali @200] rel=0.8400 (best 0.8397)  N=131.6
Ep 200	 reward -9.611	 ms 134.6	 loss 0.008658	 25.5s
Ep 201	 reward -9.464	 ms 132.5	 loss -0.022024	 13.9s
Ep 202	 reward -9.443	 ms 132.2	 loss -0.061889	 14.4s
Ep 203	 reward -9.457	 ms 132.4	 loss -0.001360	 14.7s
Ep 204	 reward -9.489	 ms 132.8	 loss -0.073159	 14.4s
Ep 205	 reward -9.454	 ms 132.3	 loss -0.060086	 12.7s
Ep 206	 reward -9.432	 ms 132.1	 loss 0.064128	 14.9s
Ep 207	 reward -9.421	 ms 131.9	 loss 0.149987	 12.6s
Ep 208	 reward -9.450	 ms 132.3	 loss 0.005240	 14.6s
Ep 209	 reward -9.429	 ms 132.0	 loss -0.004423	 13.2s
Ep 210	 reward -9.404	 ms 131.7	 loss 0.070298	 12.7s
Ep 211	 reward -9.446	 ms 132.2	 loss 0.107181	 12.9s
Ep 212	 reward -9.346	 ms 130.8	 loss -0.027751	 12.3s
Ep 213	 reward -9.450	 ms 132.3	 loss -0.156746	 13.1s
Ep 214	 reward -9.432	 ms 132.1	 loss -0.003197	 13.2s
Ep 215	 reward -9.400	 ms 131.6	 loss 0.034533	 12.9s
Ep 216	 reward -9.354	 ms 130.9	 loss 0.035623	 12.5s
Ep 217	 reward -9.429	 ms 132.0	 loss 0.011975	 12.6s
Ep 218	 reward -9.400	 ms 131.6	 loss 0.131691	 10.8s
Ep 219	 reward -9.436	 ms 132.1	 loss 0.080101	 14.3s
Ep 220	 reward -9.457	 ms 132.4	 loss 0.036030	 13.9s
Ep 221	 reward -9.475	 ms 132.7	 loss 0.020638	 13.0s
Ep 222	 reward -9.579	 ms 134.1	 loss -0.035561	 12.7s
Ep 223	 reward -9.568	 ms 133.9	 loss 0.083393	 11.2s
Ep 224	 reward -9.500	 ms 133.0	 loss -0.036045	 13.9s
[vali @225] rel=0.8455 (best 0.8397)  N=132.4
Ep 225	 reward -9.493	 ms 132.9	 loss -0.119011	 23.6s
Ep 226	 reward -9.621	 ms 134.7	 loss -0.095892	 12.6s
Ep 227	 reward -9.500	 ms 133.0	 loss 0.085832	 13.7s
Ep 228	 reward -9.532	 ms 133.4	 loss 0.046016	 12.3s
Ep 229	 reward -9.525	 ms 133.3	 loss -0.011419	 12.8s
Ep 230	 reward -9.561	 ms 133.8	 loss 0.072233	 13.5s
Ep 231	 reward -9.607	 ms 134.5	 loss 0.051622	 12.0s
Ep 232	 reward -9.486	 ms 132.8	 loss -0.030222	 13.7s
Ep 233	 reward -9.625	 ms 134.8	 loss 0.117339	 12.7s
Ep 234	 reward -9.543	 ms 133.6	 loss 0.008475	 14.0s
Ep 235	 reward -9.589	 ms 134.2	 loss 0.020782	 12.3s
Ep 236	 reward -9.654	 ms 135.2	 loss 0.006014	 12.2s
Ep 237	 reward -9.596	 ms 134.3	 loss 0.014859	 14.4s
Ep 238	 reward -9.532	 ms 133.4	 loss -0.008788	 11.9s
Ep 239	 reward -9.618	 ms 134.7	 loss 0.049097	 13.3s
Ep 240	 reward -9.504	 ms 133.1	 loss -0.008225	 15.3s
Ep 241	 reward -9.561	 ms 133.8	 loss 0.022889	 12.6s
Ep 242	 reward -9.539	 ms 133.6	 loss 0.009520	 12.8s
Ep 243	 reward -9.529	 ms 133.4	 loss 0.031662	 13.0s
Ep 244	 reward -9.564	 ms 133.9	 loss 0.051691	 13.1s
Ep 245	 reward -9.632	 ms 134.8	 loss 0.132525	 13.5s
Ep 246	 reward -9.554	 ms 133.8	 loss -0.053570	 12.0s
Ep 247	 reward -9.600	 ms 134.4	 loss 0.013097	 13.0s
Ep 248	 reward -9.561	 ms 133.8	 loss -0.004615	 12.8s
Ep 249	 reward -9.543	 ms 133.6	 loss 0.021838	 13.3s
[vali @250] rel=0.8426 (best 0.8397)  N=131.9
Ep 250	 reward -9.511	 ms 133.2	 loss 0.058824	 21.5s
Ep 251	 reward -9.518	 ms 133.2	 loss 0.046204	 15.1s
Ep 252	 reward -9.536	 ms 133.5	 loss 0.030782	 14.5s
Ep 253	 reward -9.500	 ms 133.0	 loss 0.102498	 14.6s
Ep 254	 reward -9.539	 ms 133.6	 loss 0.129844	 18.0s
Ep 255	 reward -9.500	 ms 133.0	 loss 0.038023	 16.0s
Ep 256	 reward -9.561	 ms 133.8	 loss -0.036398	 16.3s
Ep 257	 reward -9.500	 ms 133.0	 loss 0.074497	 16.4s
Ep 258	 reward -9.500	 ms 133.0	 loss 0.074352	 15.7s
Ep 259	 reward -9.514	 ms 133.2	 loss -0.134458	 15.9s
Ep 260	 reward -9.429	 ms 132.0	 loss 0.009941	 15.3s
Ep 261	 reward -9.439	 ms 132.2	 loss 0.056333	 14.6s
Ep 262	 reward -9.375	 ms 131.2	 loss 0.070974	 15.4s
Ep 263	 reward -9.414	 ms 131.8	 loss 0.106521	 16.3s
Ep 264	 reward -9.429	 ms 132.0	 loss 0.082478	 15.2s
Ep 265	 reward -9.457	 ms 132.4	 loss 0.075231	 17.2s
Ep 266	 reward -9.400	 ms 131.6	 loss 0.032664	 15.8s
Ep 267	 reward -9.514	 ms 133.2	 loss 0.072578	 15.9s
Ep 268	 reward -9.507	 ms 133.1	 loss -0.039813	 13.8s
Ep 269	 reward -9.468	 ms 132.6	 loss 0.108460	 15.3s
Ep 270	 reward -9.475	 ms 132.7	 loss 0.070443	 15.5s
Ep 271	 reward -9.471	 ms 132.6	 loss 0.032143	 17.0s
Ep 272	 reward -9.446	 ms 132.2	 loss 0.145510	 14.4s
Ep 273	 reward -9.571	 ms 134.0	 loss 0.008167	 14.7s
Ep 274	 reward -9.504	 ms 133.1	 loss 0.107584	 17.2s
[vali @275] rel=0.8400 (best 0.8397)  N=131.6
Ep 275	 reward -9.404	 ms 131.7	 loss 0.059124	 24.2s
Ep 276	 reward -9.414	 ms 131.8	 loss 0.021251	 17.0s
Ep 277	 reward -9.396	 ms 131.6	 loss 0.099880	 13.3s
Ep 278	 reward -9.446	 ms 132.2	 loss 0.113542	 14.4s
Ep 279	 reward -9.368	 ms 131.2	 loss -0.001870	 15.1s
Ep 280	 reward -9.411	 ms 131.8	 loss 0.092821	 16.3s
Ep 281	 reward -9.418	 ms 131.8	 loss -0.049576	 14.4s
Ep 282	 reward -9.450	 ms 132.3	 loss -0.014198	 15.3s
Ep 283	 reward -9.343	 ms 130.8	 loss -0.036085	 15.4s
Ep 284	 reward -9.375	 ms 131.2	 loss 0.008139	 16.1s
Ep 285	 reward -9.393	 ms 131.5	 loss 0.068099	 17.4s
Ep 286	 reward -9.375	 ms 131.2	 loss -0.056346	 15.4s
Ep 287	 reward -9.436	 ms 132.1	 loss 0.065969	 14.3s
Ep 288	 reward -9.414	 ms 131.8	 loss -0.017665	 16.6s
Ep 289	 reward -9.393	 ms 131.5	 loss 0.017084	 15.4s
Ep 290	 reward -9.436	 ms 132.1	 loss 0.053368	 14.2s
Ep 291	 reward -9.329	 ms 130.6	 loss 0.010958	 15.6s
Ep 292	 reward -9.418	 ms 131.8	 loss -0.091688	 18.4s
Ep 293	 reward -9.404	 ms 131.7	 loss -0.003187	 15.4s
Ep 294	 reward -9.429	 ms 132.0	 loss -0.032217	 17.2s
Ep 295	 reward -9.421	 ms 131.9	 loss 0.026454	 14.1s
Ep 296	 reward -9.414	 ms 131.8	 loss 0.105153	 17.7s
Ep 297	 reward -9.418	 ms 131.8	 loss 0.024761	 14.6s
Ep 298	 reward -9.357	 ms 131.0	 loss -0.042223	 13.7s
Ep 299	 reward -9.436	 ms 132.1	 loss 0.048729	 16.2s
[vali @300] rel=0.8324 (best 0.8324)  N=130.3
Ep 300	 reward -9.411	 ms 131.8	 loss 0.009937	 27.8s
Ep 301	 reward -9.461	 ms 132.4	 loss -0.019363	 17.0s
Ep 302	 reward -9.354	 ms 130.9	 loss -0.004723	 17.9s
Ep 303	 reward -9.414	 ms 131.8	 loss 0.015091	 14.6s
Ep 304	 reward -9.407	 ms 131.7	 loss 0.082326	 15.5s
Ep 305	 reward -9.414	 ms 131.8	 loss 0.006215	 16.2s
Ep 306	 reward -9.421	 ms 131.9	 loss -0.031588	 17.4s
Ep 307	 reward -9.371	 ms 131.2	 loss 0.000703	 14.8s
Ep 308	 reward -9.307	 ms 130.3	 loss 0.039404	 17.1s
Ep 309	 reward -9.404	 ms 131.7	 loss -0.005895	 18.9s
Ep 310	 reward -9.389	 ms 131.4	 loss 0.075065	 18.7s
Ep 311	 reward -9.325	 ms 130.6	 loss 0.018269	 14.3s
Ep 312	 reward -9.443	 ms 132.2	 loss 0.011358	 16.5s
Ep 313	 reward -9.375	 ms 131.2	 loss -0.050476	 16.6s
Ep 314	 reward -9.332	 ms 130.7	 loss 0.045828	 15.1s
Ep 315	 reward -9.361	 ms 131.1	 loss -0.034343	 15.2s
Ep 316	 reward -9.371	 ms 131.2	 loss 0.073012	 17.5s
Ep 317	 reward -9.296	 ms 130.2	 loss -0.082040	 13.6s
Ep 318	 reward -9.332	 ms 130.7	 loss 0.024779	 16.4s
Ep 319	 reward -9.379	 ms 131.3	 loss 0.093527	 18.3s
Ep 320	 reward -9.321	 ms 130.5	 loss 0.049674	 14.6s
Ep 321	 reward -9.404	 ms 131.7	 loss -0.180387	 15.1s
Ep 322	 reward -9.439	 ms 132.2	 loss -0.173295	 16.3s
Ep 323	 reward -9.400	 ms 131.6	 loss -0.182859	 16.9s
Ep 324	 reward -9.371	 ms 131.2	 loss -0.167626	 16.0s
[vali @325] rel=0.8343 (best 0.8324)  N=130.7
Ep 325	 reward -9.429	 ms 132.0	 loss -0.158359	 26.3s
Ep 326	 reward -9.475	 ms 132.7	 loss -0.174737	 16.3s
Ep 327	 reward -9.339	 ms 130.8	 loss -0.166865	 15.9s
Ep 328	 reward -9.393	 ms 131.5	 loss -0.178150	 18.9s
Ep 329	 reward -9.407	 ms 131.7	 loss -0.164790	 14.6s
Ep 330	 reward -9.400	 ms 131.6	 loss -0.165707	 14.2s
Ep 331	 reward -9.396	 ms 131.6	 loss -0.185850	 16.2s
Ep 332	 reward -9.379	 ms 131.3	 loss -0.133848	 16.3s
Ep 333	 reward -9.418	 ms 131.8	 loss -0.160603	 19.4s
Ep 334	 reward -9.400	 ms 131.6	 loss -0.130971	 14.8s
Ep 335	 reward -9.368	 ms 131.2	 loss -0.174810	 14.5s
Ep 336	 reward -9.421	 ms 131.9	 loss -0.152370	 15.7s
Ep 337	 reward -9.425	 ms 131.9	 loss -0.161496	 16.6s
Ep 338	 reward -9.332	 ms 130.7	 loss -0.169935	 17.0s
Ep 339	 reward -9.400	 ms 131.6	 loss -0.184218	 13.1s
Ep 340	 reward -9.371	 ms 131.2	 loss -0.165358	 13.7s
Ep 341	 reward -9.314	 ms 130.4	 loss -0.066485	 16.0s
Ep 342	 reward -9.389	 ms 131.4	 loss -0.021232	 18.2s
Ep 343	 reward -9.425	 ms 131.9	 loss -0.018020	 15.1s
Ep 344	 reward -9.418	 ms 131.8	 loss 0.085418	 15.5s
Ep 345	 reward -9.371	 ms 131.2	 loss -0.055341	 17.2s
Ep 346	 reward -9.346	 ms 130.8	 loss -0.063796	 14.9s
Ep 347	 reward -9.371	 ms 131.2	 loss 0.033301	 16.0s
Ep 348	 reward -9.368	 ms 131.2	 loss 0.120036	 15.5s
Ep 349	 reward -9.357	 ms 131.0	 loss -0.168404	 17.1s
[vali @350] rel=0.8343 (best 0.8324)  N=130.7
Ep 350	 reward -9.346	 ms 130.8	 loss 0.048582	 30.3s
Ep 351	 reward -9.368	 ms 131.2	 loss 0.109089	 15.0s
Ep 352	 reward -9.350	 ms 130.9	 loss 0.005622	 17.2s
Ep 353	 reward -9.339	 ms 130.8	 loss -0.006775	 17.5s
Ep 354	 reward -9.379	 ms 131.3	 loss 0.033196	 15.3s
Ep 355	 reward -9.314	 ms 130.4	 loss -0.057277	 14.6s
Ep 356	 reward -9.354	 ms 130.9	 loss 0.101838	 13.0s
Ep 357	 reward -9.439	 ms 132.2	 loss -0.023262	 18.1s
Ep 358	 reward -9.379	 ms 131.3	 loss -0.061396	 15.5s
Ep 359	 reward -9.371	 ms 131.2	 loss -0.080015	 13.0s
Ep 360	 reward -9.307	 ms 130.3	 loss 0.084420	 16.5s
Ep 361	 reward -9.404	 ms 131.7	 loss -0.099610	 15.5s
Ep 362	 reward -9.407	 ms 131.7	 loss 0.081623	 16.6s
Ep 363	 reward -9.475	 ms 132.7	 loss 0.082153	 14.5s
Ep 364	 reward -9.443	 ms 132.2	 loss 0.069487	 13.8s
Ep 365	 reward -9.457	 ms 132.4	 loss 0.088518	 17.0s
Ep 366	 reward -9.446	 ms 132.2	 loss 0.047474	 12.5s
Ep 367	 reward -9.450	 ms 132.3	 loss -0.062809	 13.3s
Ep 368	 reward -9.443	 ms 132.2	 loss -0.046377	 15.2s
Ep 369	 reward -9.396	 ms 131.6	 loss 0.140859	 15.9s
Ep 370	 reward -9.450	 ms 132.3	 loss -0.077493	 15.2s
Ep 371	 reward -9.493	 ms 132.9	 loss 0.063995	 16.4s
Ep 372	 reward -9.443	 ms 132.2	 loss -0.012602	 15.5s
Ep 373	 reward -9.500	 ms 133.0	 loss -0.105485	 16.8s
Ep 374	 reward -9.471	 ms 132.6	 loss 0.050437	 16.4s
[vali @375] rel=0.8266 (best 0.8266)  N=129.4
Ep 375	 reward -9.400	 ms 131.6	 loss 0.044073	 29.3s
Ep 376	 reward -9.371	 ms 131.2	 loss 0.144417	 16.6s
Ep 377	 reward -9.446	 ms 132.2	 loss 0.087839	 17.4s
Ep 378	 reward -9.364	 ms 131.1	 loss 0.123961	 16.3s
Ep 379	 reward -9.471	 ms 132.6	 loss 0.112608	 15.2s
Ep 380	 reward -9.371	 ms 131.2	 loss 0.068148	 16.3s
Ep 381	 reward -9.368	 ms 131.2	 loss -0.007627	 16.9s
Ep 382	 reward -9.418	 ms 131.8	 loss -0.049538	 14.8s
Ep 383	 reward -9.379	 ms 131.3	 loss -0.061886	 14.7s
Ep 384	 reward -9.418	 ms 131.8	 loss -0.018684	 13.9s
Ep 385	 reward -9.396	 ms 131.6	 loss 0.021357	 15.2s
Ep 386	 reward -9.364	 ms 131.1	 loss 0.038408	 15.1s
Ep 387	 reward -9.432	 ms 132.1	 loss -0.049199	 15.6s
Ep 388	 reward -9.386	 ms 131.4	 loss 0.084574	 16.4s
Ep 389	 reward -9.439	 ms 132.2	 loss -0.009888	 13.9s
Ep 390	 reward -9.450	 ms 132.3	 loss 0.038461	 14.8s
Ep 391	 reward -9.400	 ms 131.6	 loss 0.017782	 14.3s
Ep 392	 reward -9.418	 ms 131.8	 loss -0.008683	 15.8s
Ep 393	 reward -9.414	 ms 131.8	 loss -0.046592	 15.6s
Ep 394	 reward -9.354	 ms 130.9	 loss -0.024499	 14.5s
Ep 395	 reward -9.361	 ms 131.1	 loss 0.064521	 14.6s
Ep 396	 reward -9.386	 ms 131.4	 loss -0.073714	 18.9s
Ep 397	 reward -9.382	 ms 131.3	 loss 0.051837	 13.2s
Ep 398	 reward -9.393	 ms 131.5	 loss 0.028822	 13.2s
Ep 399	 reward -9.407	 ms 131.7	 loss 0.043016	 13.2s
[vali @400] rel=0.8257 (best 0.8257)  N=129.3
Ep 400	 reward -9.343	 ms 130.8	 loss -0.136268	 24.3s
Ep 401	 reward -9.332	 ms 130.7	 loss 0.042668	 13.5s
Ep 402	 reward -9.357	 ms 131.0	 loss 0.049605	 13.8s
Ep 403	 reward -9.371	 ms 131.2	 loss 0.042365	 15.0s
Ep 404	 reward -9.421	 ms 131.9	 loss 0.003755	 14.2s
Ep 405	 reward -9.339	 ms 130.8	 loss 0.050649	 13.6s
Ep 406	 reward -9.382	 ms 131.3	 loss 0.009646	 15.2s
Ep 407	 reward -9.357	 ms 131.0	 loss 0.101800	 15.2s
Ep 408	 reward -9.471	 ms 132.6	 loss 0.161522	 15.3s
Ep 409	 reward -9.379	 ms 131.3	 loss -0.059037	 14.1s
Ep 410	 reward -9.379	 ms 131.3	 loss 0.107288	 12.8s
Ep 411	 reward -9.361	 ms 131.1	 loss 0.162278	 12.9s
Ep 412	 reward -9.411	 ms 131.8	 loss 0.011019	 13.5s
Ep 413	 reward -9.321	 ms 130.5	 loss 0.129860	 15.0s
Ep 414	 reward -9.389	 ms 131.4	 loss 0.129526	 16.0s
Ep 415	 reward -9.389	 ms 131.4	 loss -0.010821	 15.8s
Ep 416	 reward -9.389	 ms 131.4	 loss 0.041152	 13.4s
Ep 417	 reward -9.321	 ms 130.5	 loss 0.008983	 15.7s
Ep 418	 reward -9.386	 ms 131.4	 loss -0.007054	 13.5s
Ep 419	 reward -9.336	 ms 130.7	 loss 0.105381	 14.0s
Ep 420	 reward -9.454	 ms 132.3	 loss 0.031259	 14.3s
Ep 421	 reward -9.486	 ms 132.8	 loss -0.016170	 12.9s
Ep 422	 reward -9.489	 ms 132.8	 loss 0.027960	 15.6s
Ep 423	 reward -9.382	 ms 131.3	 loss 0.043486	 14.7s
Ep 424	 reward -9.400	 ms 131.6	 loss -0.003320	 14.5s
[vali @425] rel=0.8279 (best 0.8257)  N=129.7
Ep 425	 reward -9.418	 ms 131.8	 loss 0.001160	 24.5s
Ep 426	 reward -9.446	 ms 132.2	 loss 0.002558	 13.8s
Ep 427	 reward -9.404	 ms 131.7	 loss -0.063684	 13.4s
Ep 428	 reward -9.414	 ms 131.8	 loss -0.040220	 14.4s
Ep 429	 reward -9.336	 ms 130.7	 loss 0.008786	 14.5s
Ep 430	 reward -9.432	 ms 132.1	 loss -0.056101	 14.7s
Ep 431	 reward -9.414	 ms 131.8	 loss 0.051215	 14.0s
Ep 432	 reward -9.429	 ms 132.0	 loss -0.010405	 13.9s
Ep 433	 reward -9.404	 ms 131.7	 loss -0.048524	 13.0s
Ep 434	 reward -9.421	 ms 131.9	 loss 0.045439	 12.9s
Ep 435	 reward -9.454	 ms 132.3	 loss -0.036730	 15.0s
Ep 436	 reward -9.429	 ms 132.0	 loss -0.015826	 16.2s
Ep 437	 reward -9.379	 ms 131.3	 loss 0.046663	 15.6s
Ep 438	 reward -9.414	 ms 131.8	 loss -0.021115	 14.4s
Ep 439	 reward -9.414	 ms 131.8	 loss 0.086765	 16.0s
Ep 440	 reward -9.389	 ms 131.4	 loss 0.009034	 14.7s
Ep 441	 reward -9.375	 ms 131.2	 loss -0.122748	 15.9s
Ep 442	 reward -9.386	 ms 131.4	 loss -0.116550	 14.3s
Ep 443	 reward -9.389	 ms 131.4	 loss -0.057720	 12.9s
Ep 444	 reward -9.404	 ms 131.7	 loss -0.082213	 13.0s
Ep 445	 reward -9.371	 ms 131.2	 loss 0.010630	 14.2s
Ep 446	 reward -9.454	 ms 132.3	 loss -0.113595	 16.3s
Ep 447	 reward -9.364	 ms 131.1	 loss -0.035166	 14.7s
Ep 448	 reward -9.357	 ms 131.0	 loss 0.007819	 15.3s
Ep 449	 reward -9.357	 ms 131.0	 loss -0.018518	 15.6s
[vali @450] rel=0.8209 (best 0.8209)  N=128.6
Ep 450	 reward -9.400	 ms 131.6	 loss -0.033431	 22.2s
Ep 451	 reward -9.339	 ms 130.8	 loss -0.035128	 16.7s
Ep 452	 reward -9.404	 ms 131.7	 loss -0.049284	 12.9s
Ep 453	 reward -9.350	 ms 130.9	 loss 0.010956	 12.8s
Ep 454	 reward -9.350	 ms 130.9	 loss 0.020216	 13.8s
Ep 455	 reward -9.343	 ms 130.8	 loss 0.008096	 15.1s
Ep 456	 reward -9.432	 ms 132.1	 loss 0.002877	 13.4s
Ep 457	 reward -9.307	 ms 130.3	 loss -0.049850	 14.4s
Ep 458	 reward -9.343	 ms 130.8	 loss 0.107791	 13.9s
Ep 459	 reward -9.311	 ms 130.3	 loss 0.054068	 14.8s
Ep 460	 reward -9.332	 ms 130.7	 loss 0.110024	 14.2s
Ep 461	 reward -9.539	 ms 133.6	 loss -0.107598	 13.7s
Ep 462	 reward -9.536	 ms 133.5	 loss -0.128634	 14.2s
Ep 463	 reward -9.539	 ms 133.6	 loss -0.130580	 14.0s
Ep 464	 reward -9.489	 ms 132.8	 loss -0.115284	 13.1s
Ep 465	 reward -9.482	 ms 132.8	 loss 0.006932	 15.0s
Ep 466	 reward -9.493	 ms 132.9	 loss -0.043496	 14.1s
Ep 467	 reward -9.504	 ms 133.1	 loss -0.073144	 13.6s
Ep 468	 reward -9.511	 ms 133.2	 loss -0.126541	 13.6s
Ep 469	 reward -9.539	 ms 133.6	 loss -0.031305	 12.0s
Ep 470	 reward -9.496	 ms 132.9	 loss 0.015300	 12.5s
Ep 471	 reward -9.543	 ms 133.6	 loss -0.032315	 12.4s
Ep 472	 reward -9.461	 ms 132.4	 loss -0.015678	 11.6s
Ep 473	 reward -9.543	 ms 133.6	 loss -0.082834	 11.7s
Ep 474	 reward -9.600	 ms 134.4	 loss -0.100623	 11.7s
[vali @475] rel=0.8222 (best 0.8209)  N=128.8
Ep 475	 reward -9.468	 ms 132.6	 loss -0.014215	 18.0s
Ep 476	 reward -9.493	 ms 132.9	 loss -0.057447	 11.2s
Ep 477	 reward -9.468	 ms 132.6	 loss -0.002525	 11.1s
Ep 478	 reward -9.546	 ms 133.7	 loss 0.014217	 10.0s
Ep 479	 reward -9.514	 ms 133.2	 loss -0.081445	 11.1s
Ep 480	 reward -9.493	 ms 132.9	 loss -0.049619	 11.6s
Ep 481	 reward -9.207	 ms 128.9	 loss 0.130897	 11.9s
Ep 482	 reward -9.275	 ms 129.8	 loss 0.160065	 11.0s
Ep 483	 reward -9.243	 ms 129.4	 loss 0.087683	 11.1s
Ep 484	 reward -9.275	 ms 129.8	 loss 0.099539	 11.3s
Ep 485	 reward -9.264	 ms 129.7	 loss 0.027668	 11.1s
Ep 486	 reward -9.232	 ms 129.2	 loss 0.095927	 12.6s
Ep 487	 reward -9.236	 ms 129.3	 loss -0.015914	 11.9s
Ep 488	 reward -9.329	 ms 130.6	 loss 0.125201	 11.5s
Ep 489	 reward -9.229	 ms 129.2	 loss 0.078426	 11.3s
Ep 490	 reward -9.275	 ms 129.8	 loss 0.137804	 10.8s
Ep 491	 reward -9.279	 ms 129.9	 loss 0.125886	 11.4s
Ep 492	 reward -9.239	 ms 129.3	 loss 0.071674	 11.6s
Ep 493	 reward -9.271	 ms 129.8	 loss 0.086736	 11.2s
Ep 494	 reward -9.296	 ms 130.2	 loss 0.088701	 11.6s
Ep 495	 reward -9.289	 ms 130.1	 loss 0.092328	 10.4s
Ep 496	 reward -9.361	 ms 131.1	 loss 0.140940	 13.1s
Ep 497	 reward -9.207	 ms 128.9	 loss -0.029600	 10.9s
Ep 498	 reward -9.354	 ms 130.9	 loss 0.082085	 11.6s
Ep 499	 reward -9.286	 ms 130.0	 loss 0.102149	 11.3s
[vali @500] rel=0.8254 (best 0.8209)  N=129.2
Ep 500	 reward -9.261	 ms 129.7	 loss 0.127121	 20.6s
Ep 501	 reward -9.396	 ms 131.6	 loss 0.113103	 11.3s
Ep 502	 reward -9.393	 ms 131.5	 loss -0.074679	 11.0s
Ep 503	 reward -9.432	 ms 132.1	 loss 0.021258	 10.3s
Ep 504	 reward -9.339	 ms 130.8	 loss -0.035136	 12.1s
Ep 505	 reward -9.400	 ms 131.6	 loss -0.066040	 11.1s
Ep 506	 reward -9.407	 ms 131.7	 loss 0.105220	 11.8s
Ep 507	 reward -9.389	 ms 131.4	 loss -0.046023	 12.2s
Ep 508	 reward -9.314	 ms 130.4	 loss -0.072636	 11.2s
Ep 509	 reward -9.414	 ms 131.8	 loss -0.026488	 12.5s
Ep 510	 reward -9.361	 ms 131.1	 loss -0.064537	 12.4s
Ep 511	 reward -9.350	 ms 130.9	 loss -0.081506	 11.1s
Ep 512	 reward -9.375	 ms 131.2	 loss 0.003578	 11.9s
Ep 513	 reward -9.332	 ms 130.7	 loss 0.138950	 11.5s
Ep 514	 reward -9.371	 ms 131.2	 loss -0.067656	 10.6s
Ep 515	 reward -9.371	 ms 131.2	 loss -0.103405	 10.8s
Ep 516	 reward -9.425	 ms 131.9	 loss 0.029622	 10.4s
Ep 517	 reward -9.400	 ms 131.6	 loss 0.016694	 10.9s
Ep 518	 reward -9.339	 ms 130.8	 loss -0.066669	 10.2s
Ep 519	 reward -9.346	 ms 130.8	 loss 0.089339	 11.6s
Ep 520	 reward -9.354	 ms 130.9	 loss 0.082192	 11.7s
Ep 521	 reward -9.286	 ms 130.0	 loss -0.055411	 12.0s
Ep 522	 reward -9.207	 ms 128.9	 loss -0.119804	 11.4s
Ep 523	 reward -9.275	 ms 129.8	 loss -0.087841	 10.9s
Ep 524	 reward -9.257	 ms 129.6	 loss 0.047830	 11.1s
[vali @525] rel=0.8282 (best 0.8209)  N=129.7
Ep 525	 reward -9.339	 ms 130.8	 loss -0.025343	 19.1s
Ep 526	 reward -9.257	 ms 129.6	 loss -0.049555	 10.7s
Ep 527	 reward -9.275	 ms 129.8	 loss -0.098642	 10.9s
Ep 528	 reward -9.357	 ms 131.0	 loss 0.006245	 10.7s
Ep 529	 reward -9.293	 ms 130.1	 loss -0.097340	 11.6s
Ep 530	 reward -9.261	 ms 129.7	 loss -0.089890	 12.6s
Ep 531	 reward -9.336	 ms 130.7	 loss -0.031989	 11.9s
Ep 532	 reward -9.318	 ms 130.4	 loss -0.004041	 11.5s
Ep 533	 reward -9.286	 ms 130.0	 loss 0.023278	 11.8s
Ep 534	 reward -9.257	 ms 129.6	 loss 0.007895	 13.3s
Ep 535	 reward -9.329	 ms 130.6	 loss -0.126168	 11.3s
Ep 536	 reward -9.300	 ms 130.2	 loss -0.052783	 11.3s
Ep 537	 reward -9.261	 ms 129.7	 loss -0.070863	 11.6s
Ep 538	 reward -9.264	 ms 129.7	 loss 0.041901	 12.0s
Ep 539	 reward -9.257	 ms 129.6	 loss 0.040096	 12.1s
Ep 540	 reward -9.361	 ms 131.1	 loss 0.120676	 11.7s
Ep 541	 reward -9.529	 ms 133.4	 loss -0.039822	 10.7s
Ep 542	 reward -9.489	 ms 132.8	 loss -0.069077	 11.2s
Ep 543	 reward -9.482	 ms 132.8	 loss -0.103953	 12.2s
Ep 544	 reward -9.575	 ms 134.1	 loss -0.000149	 9.9s
Ep 545	 reward -9.518	 ms 133.2	 loss 0.118930	 12.9s
Ep 546	 reward -9.514	 ms 133.2	 loss 0.100009	 11.7s
Ep 547	 reward -9.536	 ms 133.5	 loss -0.045267	 11.8s
Ep 548	 reward -9.504	 ms 133.1	 loss -0.095278	 10.7s
Ep 549	 reward -9.493	 ms 132.9	 loss 0.141397	 11.0s
[vali @550] rel=0.8234 (best 0.8209)  N=128.9
Ep 550	 reward -9.486	 ms 132.8	 loss -0.084729	 19.5s
Ep 551	 reward -9.536	 ms 133.5	 loss 0.056429	 11.2s
Ep 552	 reward -9.500	 ms 133.0	 loss 0.042022	 11.7s
Ep 553	 reward -9.529	 ms 133.4	 loss 0.023933	 11.1s
Ep 554	 reward -9.450	 ms 132.3	 loss 0.016742	 11.8s
Ep 555	 reward -9.464	 ms 132.5	 loss -0.035628	 12.0s
Ep 556	 reward -9.532	 ms 133.4	 loss 0.154906	 11.7s
Ep 557	 reward -9.414	 ms 131.8	 loss 0.111976	 11.6s
Ep 558	 reward -9.489	 ms 132.8	 loss 0.041748	 12.4s
Ep 559	 reward -9.514	 ms 133.2	 loss 0.019843	 12.8s
Ep 560	 reward -9.482	 ms 132.8	 loss 0.024930	 12.6s
Ep 561	 reward -9.343	 ms 130.8	 loss 0.038924	 12.4s
Ep 562	 reward -9.350	 ms 130.9	 loss 0.029445	 12.7s
Ep 563	 reward -9.343	 ms 130.8	 loss -0.022169	 13.2s
Ep 564	 reward -9.386	 ms 131.4	 loss 0.002403	 13.0s
Ep 565	 reward -9.318	 ms 130.4	 loss 0.046757	 12.6s
Ep 566	 reward -9.429	 ms 132.0	 loss 0.077282	 11.0s
Ep 567	 reward -9.354	 ms 130.9	 loss 0.046921	 11.8s
Ep 568	 reward -9.346	 ms 130.8	 loss -0.070136	 12.1s
Ep 569	 reward -9.332	 ms 130.7	 loss -0.048651	 13.5s
Ep 570	 reward -9.346	 ms 130.8	 loss 0.069924	 11.7s
Ep 571	 reward -9.293	 ms 130.1	 loss 0.128334	 13.0s
Ep 572	 reward -9.361	 ms 131.1	 loss 0.024198	 10.9s
Ep 573	 reward -9.368	 ms 131.2	 loss 0.018980	 11.7s
Ep 574	 reward -9.332	 ms 130.7	 loss 0.066058	 11.7s
[vali @575] rel=0.8244 (best 0.8209)  N=129.1
Ep 575	 reward -9.346	 ms 130.8	 loss -0.001761	 19.8s
Ep 576	 reward -9.325	 ms 130.6	 loss -0.001963	 13.4s
Ep 577	 reward -9.368	 ms 131.2	 loss 0.066947	 12.0s
Ep 578	 reward -9.379	 ms 131.3	 loss -0.009336	 12.1s
Ep 579	 reward -9.325	 ms 130.6	 loss 0.060742	 12.9s
Ep 580	 reward -9.371	 ms 131.2	 loss 0.004821	 12.3s
Ep 581	 reward -9.311	 ms 130.3	 loss 0.058887	 14.9s
Ep 582	 reward -9.336	 ms 130.7	 loss 0.146411	 11.6s
Ep 583	 reward -9.343	 ms 130.8	 loss 0.037073	 12.4s
Ep 584	 reward -9.307	 ms 130.3	 loss 0.101788	 11.3s
Ep 585	 reward -9.418	 ms 131.8	 loss 0.031010	 11.3s
Ep 586	 reward -9.364	 ms 131.1	 loss 0.079713	 13.2s
Ep 587	 reward -9.246	 ms 129.4	 loss 0.087191	 10.8s
Ep 588	 reward -9.286	 ms 130.0	 loss 0.086819	 11.8s
Ep 589	 reward -9.354	 ms 130.9	 loss 0.104828	 12.3s
Ep 590	 reward -9.396	 ms 131.6	 loss 0.112712	 10.2s
Ep 591	 reward -9.446	 ms 132.2	 loss 0.016639	 10.4s
Ep 592	 reward -9.346	 ms 130.8	 loss 0.017353	 11.5s
Ep 593	 reward -9.332	 ms 130.7	 loss 0.063031	 11.8s
Ep 594	 reward -9.389	 ms 131.4	 loss 0.133296	 10.3s
Ep 595	 reward -9.318	 ms 130.4	 loss 0.065596	 13.3s
Ep 596	 reward -9.339	 ms 130.8	 loss 0.091704	 10.9s
Ep 597	 reward -9.357	 ms 131.0	 loss 0.113761	 10.7s
Ep 598	 reward -9.368	 ms 131.2	 loss 0.062792	 10.8s
Ep 599	 reward -9.325	 ms 130.6	 loss 0.082382	 12.1s
[vali @600] rel=0.8289 (best 0.8209)  N=129.8
Ep 600	 reward -9.371	 ms 131.2	 loss 0.123277	 20.0s
Ep 601	 reward -9.504	 ms 133.1	 loss -0.029407	 11.6s
Ep 602	 reward -9.543	 ms 133.6	 loss -0.168839	 12.0s
Ep 603	 reward -9.489	 ms 132.8	 loss -0.107954	 10.7s
Ep 604	 reward -9.543	 ms 133.6	 loss 0.011725	 9.6s
Ep 605	 reward -9.486	 ms 132.8	 loss -0.119250	 9.9s
Ep 606	 reward -9.575	 ms 134.1	 loss -0.098624	 10.5s
Ep 607	 reward -9.511	 ms 133.2	 loss -0.061679	 9.5s
Ep 608	 reward -9.504	 ms 133.1	 loss -0.156955	 9.9s
Ep 609	 reward -9.536	 ms 133.5	 loss -0.068811	 9.9s
Ep 610	 reward -9.536	 ms 133.5	 loss -0.124211	 12.0s
Ep 611	 reward -9.471	 ms 132.6	 loss -0.066684	 11.7s
Ep 612	 reward -9.489	 ms 132.8	 loss 0.040650	 11.1s
Ep 613	 reward -9.496	 ms 132.9	 loss 0.069341	 12.6s
Ep 614	 reward -9.514	 ms 133.2	 loss -0.081518	 11.4s
Ep 615	 reward -9.589	 ms 134.2	 loss -0.063452	 12.0s
Ep 616	 reward -9.500	 ms 133.0	 loss -0.107678	 11.1s
Ep 617	 reward -9.475	 ms 132.7	 loss -0.122553	 11.0s
Ep 618	 reward -9.500	 ms 133.0	 loss -0.004388	 11.3s
Ep 619	 reward -9.514	 ms 133.2	 loss 0.030552	 11.1s
Ep 620	 reward -9.532	 ms 133.4	 loss -0.034373	 11.2s
Ep 621	 reward -9.454	 ms 132.3	 loss 0.013531	 9.9s
Ep 622	 reward -9.450	 ms 132.3	 loss 0.032658	 9.2s
Ep 623	 reward -9.429	 ms 132.0	 loss 0.006616	 9.7s
Ep 624	 reward -9.443	 ms 132.2	 loss 0.041850	 11.0s
[vali @625] rel=0.8276 (best 0.8209)  N=129.6
Ep 625	 reward -9.461	 ms 132.4	 loss 0.038533	 16.2s
Ep 626	 reward -9.446	 ms 132.2	 loss 0.034799	 10.0s
Ep 627	 reward -9.496	 ms 132.9	 loss 0.000887	 11.1s
Ep 628	 reward -9.486	 ms 132.8	 loss 0.097898	 9.6s
Ep 629	 reward -9.418	 ms 131.8	 loss 0.036626	 9.4s
Ep 630	 reward -9.439	 ms 132.2	 loss 0.029341	 9.6s
Ep 631	 reward -9.461	 ms 132.4	 loss 0.062991	 9.4s
Ep 632	 reward -9.471	 ms 132.6	 loss 0.070146	 9.2s
Ep 633	 reward -9.479	 ms 132.7	 loss -0.040985	 9.4s
Ep 634	 reward -9.525	 ms 133.3	 loss 0.116721	 10.8s
Ep 635	 reward -9.500	 ms 133.0	 loss 0.077957	 9.9s
Ep 636	 reward -9.493	 ms 132.9	 loss 0.034613	 10.2s
Ep 637	 reward -9.504	 ms 133.1	 loss 0.009872	 10.3s
Ep 638	 reward -9.471	 ms 132.6	 loss 0.076194	 10.7s
Ep 639	 reward -9.464	 ms 132.5	 loss -0.055908	 10.7s
Ep 640	 reward -9.479	 ms 132.7	 loss -0.049621	 10.5s
Ep 641	 reward -9.514	 ms 133.2	 loss 0.102343	 10.3s
Ep 642	 reward -9.489	 ms 132.8	 loss 0.114576	 10.7s
Ep 643	 reward -9.539	 ms 133.6	 loss 0.135760	 11.2s
Ep 644	 reward -9.561	 ms 133.8	 loss 0.066926	 10.7s
Ep 645	 reward -9.529	 ms 133.4	 loss 0.013933	 9.9s
Ep 646	 reward -9.589	 ms 134.2	 loss -0.018007	 10.7s
Ep 647	 reward -9.532	 ms 133.4	 loss 0.046066	 10.5s
Ep 648	 reward -9.550	 ms 133.7	 loss 0.009126	 10.4s
Ep 649	 reward -9.518	 ms 133.2	 loss 0.021530	 10.5s
[vali @650] rel=0.8301 (best 0.8209)  N=130.0
Ep 650	 reward -9.600	 ms 134.4	 loss 0.152558	 17.2s
Ep 651	 reward -9.518	 ms 133.2	 loss 0.040734	 10.2s
Ep 652	 reward -9.596	 ms 134.3	 loss 0.031169	 10.9s
Ep 653	 reward -9.525	 ms 133.3	 loss 0.095166	 10.1s
Ep 654	 reward -9.582	 ms 134.2	 loss 0.028297	 10.7s
Ep 655	 reward -9.536	 ms 133.5	 loss -0.036956	 10.8s
Ep 656	 reward -9.511	 ms 133.2	 loss 0.053678	 10.1s
Ep 657	 reward -9.493	 ms 132.9	 loss -0.004387	 10.0s
Ep 658	 reward -9.518	 ms 133.2	 loss 0.106371	 9.9s
Ep 659	 reward -9.571	 ms 134.0	 loss 0.080765	 11.5s
Ep 660	 reward -9.539	 ms 133.6	 loss 0.055885	 10.1s
Ep 661	 reward -9.339	 ms 130.8	 loss 0.127933	 10.1s
Ep 662	 reward -9.304	 ms 130.2	 loss 0.086460	 10.4s
Ep 663	 reward -9.268	 ms 129.8	 loss 0.047673	 10.4s
Ep 664	 reward -9.325	 ms 130.6	 loss 0.050462	 10.7s
Ep 665	 reward -9.350	 ms 130.9	 loss 0.102582	 10.8s
Ep 666	 reward -9.289	 ms 130.1	 loss 0.107853	 10.9s
Ep 667	 reward -9.304	 ms 130.2	 loss 0.053737	 11.0s
Ep 668	 reward -9.261	 ms 129.7	 loss 0.113287	 11.3s
Ep 669	 reward -9.350	 ms 130.9	 loss 0.106651	 12.0s
Ep 670	 reward -9.275	 ms 129.8	 loss -0.026143	 11.4s
Ep 671	 reward -9.254	 ms 129.6	 loss 0.008566	 10.9s
Ep 672	 reward -9.325	 ms 130.6	 loss 0.114310	 11.4s
Ep 673	 reward -9.321	 ms 130.5	 loss 0.081893	 10.9s
Ep 674	 reward -9.329	 ms 130.6	 loss -0.013571	 11.5s
[vali @675] rel=0.8292 (best 0.8209)  N=129.8
Ep 675	 reward -9.396	 ms 131.6	 loss 0.118960	 18.2s
Ep 676	 reward -9.304	 ms 130.2	 loss -0.027245	 11.3s
Ep 677	 reward -9.275	 ms 129.8	 loss 0.020428	 11.3s
Ep 678	 reward -9.282	 ms 129.9	 loss 0.007583	 11.3s
Ep 679	 reward -9.332	 ms 130.7	 loss 0.096287	 11.4s
Ep 680	 reward -9.318	 ms 130.4	 loss 0.025954	 11.3s
Ep 681	 reward -9.314	 ms 130.4	 loss 0.099769	 10.9s
Ep 682	 reward -9.361	 ms 131.1	 loss 0.143703	 11.0s
Ep 683	 reward -9.343	 ms 130.8	 loss 0.121732	 11.4s
Ep 684	 reward -9.282	 ms 129.9	 loss 0.139667	 10.3s
Ep 685	 reward -9.236	 ms 129.3	 loss 0.106863	 10.8s
Ep 686	 reward -9.282	 ms 129.9	 loss 0.087031	 10.5s
Ep 687	 reward -9.375	 ms 131.2	 loss 0.168501	 11.1s
Ep 688	 reward -9.321	 ms 130.5	 loss 0.131813	 10.4s
Ep 689	 reward -9.332	 ms 130.7	 loss 0.066926	 10.5s
Ep 690	 reward -9.321	 ms 130.5	 loss 0.157332	 10.5s
Ep 691	 reward -9.343	 ms 130.8	 loss 0.072711	 10.5s
Ep 692	 reward -9.293	 ms 130.1	 loss 0.145742	 11.8s
Ep 693	 reward -9.336	 ms 130.7	 loss 0.169890	 11.1s
Ep 694	 reward -9.271	 ms 129.8	 loss 0.165157	 11.1s
Ep 695	 reward -9.336	 ms 130.7	 loss 0.126445	 12.0s
Ep 696	 reward -9.346	 ms 130.8	 loss 0.125952	 11.7s
Ep 697	 reward -9.257	 ms 129.6	 loss 0.096730	 11.2s
Ep 698	 reward -9.296	 ms 130.2	 loss 0.113403	 11.4s
Ep 699	 reward -9.350	 ms 130.9	 loss 0.096046	 10.8s
[vali @700] rel=0.8362 (best 0.8209)  N=130.9
Ep 700	 reward -9.318	 ms 130.4	 loss 0.134590	 20.7s
Ep 701	 reward -9.418	 ms 131.8	 loss 0.095021	 13.5s
Ep 702	 reward -9.457	 ms 132.4	 loss 0.048081	 11.8s
Ep 703	 reward -9.536	 ms 133.5	 loss 0.076129	 12.0s
Ep 704	 reward -9.439	 ms 132.2	 loss -0.007981	 11.6s
Ep 705	 reward -9.443	 ms 132.2	 loss -0.081810	 12.2s
Ep 706	 reward -9.511	 ms 133.2	 loss -0.047365	 11.3s
Ep 707	 reward -9.493	 ms 132.9	 loss -0.008851	 12.9s
Ep 708	 reward -9.457	 ms 132.4	 loss 0.034043	 13.4s
Ep 709	 reward -9.493	 ms 132.9	 loss 0.076534	 11.1s
Ep 710	 reward -9.475	 ms 132.7	 loss -0.033567	 12.9s
Ep 711	 reward -9.468	 ms 132.6	 loss -0.062204	 11.3s
Ep 712	 reward -9.461	 ms 132.4	 loss 0.064375	 12.1s
Ep 713	 reward -9.511	 ms 133.2	 loss 0.026953	 11.9s
Ep 714	 reward -9.511	 ms 133.2	 loss -0.028983	 11.3s
Ep 715	 reward -9.450	 ms 132.3	 loss 0.006350	 11.0s
Ep 716	 reward -9.504	 ms 133.1	 loss -0.000603	 11.0s
Ep 717	 reward -9.539	 ms 133.6	 loss -0.097473	 10.7s
Ep 718	 reward -9.443	 ms 132.2	 loss 0.019385	 10.9s
Ep 719	 reward -9.479	 ms 132.7	 loss 0.082081	 10.1s
Ep 720	 reward -9.464	 ms 132.5	 loss -0.014387	 10.6s
Ep 721	 reward -9.429	 ms 132.0	 loss 0.027623	 11.9s
Ep 722	 reward -9.321	 ms 130.5	 loss -0.007362	 11.4s
Ep 723	 reward -9.304	 ms 130.2	 loss 0.003528	 11.8s
Ep 724	 reward -9.343	 ms 130.8	 loss -0.093157	 10.7s
[vali @725] rel=0.8333 (best 0.8209)  N=130.5
Ep 725	 reward -9.386	 ms 131.4	 loss 0.046318	 19.5s
Ep 726	 reward -9.379	 ms 131.3	 loss -0.106831	 12.5s
Ep 727	 reward -9.357	 ms 131.0	 loss 0.032241	 11.2s
Ep 728	 reward -9.311	 ms 130.3	 loss -0.060761	 12.6s
Ep 729	 reward -9.336	 ms 130.7	 loss -0.030748	 11.4s
Ep 730	 reward -9.361	 ms 131.1	 loss -0.048583	 11.4s
Ep 731	 reward -9.304	 ms 130.2	 loss 0.010350	 12.6s
Ep 732	 reward -9.279	 ms 129.9	 loss 0.022412	 12.2s
Ep 733	 reward -9.411	 ms 131.8	 loss 0.007824	 12.4s
Ep 734	 reward -9.357	 ms 131.0	 loss 0.055286	 11.9s
Ep 735	 reward -9.411	 ms 131.8	 loss -0.097002	 11.1s
Ep 736	 reward -9.382	 ms 131.3	 loss 0.043561	 11.8s
Ep 737	 reward -9.414	 ms 131.8	 loss -0.002091	 12.6s
Ep 738	 reward -9.371	 ms 131.2	 loss 0.015922	 11.9s
Ep 739	 reward -9.357	 ms 131.0	 loss -0.094550	 12.2s
Ep 740	 reward -9.421	 ms 131.9	 loss 0.013482	 11.9s
Ep 741	 reward -9.346	 ms 130.8	 loss -0.095282	 11.8s
Ep 742	 reward -9.404	 ms 131.7	 loss -0.045883	 12.2s
Ep 743	 reward -9.389	 ms 131.4	 loss 0.035512	 11.9s
Ep 744	 reward -9.468	 ms 132.6	 loss 0.137481	 12.1s
Ep 745	 reward -9.429	 ms 132.0	 loss -0.038400	 10.7s
Ep 746	 reward -9.421	 ms 131.9	 loss 0.002317	 11.7s
Ep 747	 reward -9.339	 ms 130.8	 loss -0.072878	 10.9s
Ep 748	 reward -9.432	 ms 132.1	 loss 0.070069	 11.8s
Ep 749	 reward -9.446	 ms 132.2	 loss 0.013290	 12.0s
[vali @750] rel=0.8282 (best 0.8209)  N=129.7
Ep 750	 reward -9.400	 ms 131.6	 loss -0.024700	 18.4s
Ep 751	 reward -9.361	 ms 131.1	 loss 0.090599	 11.8s
Ep 752	 reward -9.393	 ms 131.5	 loss 0.096850	 11.0s
Ep 753	 reward -9.379	 ms 131.3	 loss -0.091991	 10.5s
Ep 754	 reward -9.311	 ms 130.3	 loss 0.032377	 11.2s
Ep 755	 reward -9.421	 ms 131.9	 loss -0.095322	 11.4s
Ep 756	 reward -9.371	 ms 131.2	 loss -0.022133	 10.9s
Ep 757	 reward -9.318	 ms 130.4	 loss 0.013808	 10.7s
Ep 758	 reward -9.304	 ms 130.2	 loss -0.072013	 10.7s
Ep 759	 reward -9.339	 ms 130.8	 loss 0.160664	 11.0s
Ep 760	 reward -9.232	 ms 129.2	 loss 0.019434	 10.3s
Ep 761	 reward -9.371	 ms 131.2	 loss 0.070625	 11.3s
Ep 762	 reward -9.425	 ms 131.9	 loss 0.089486	 10.9s
Ep 763	 reward -9.382	 ms 131.3	 loss 0.054684	 10.9s
Ep 764	 reward -9.389	 ms 131.4	 loss -0.005463	 11.5s
Ep 765	 reward -9.364	 ms 131.1	 loss 0.092734	 10.9s
Ep 766	 reward -9.389	 ms 131.4	 loss 0.134306	 11.0s
Ep 767	 reward -9.364	 ms 131.1	 loss 0.087084	 10.9s
Ep 768	 reward -9.407	 ms 131.7	 loss 0.069164	 10.9s
Ep 769	 reward -9.346	 ms 130.8	 loss 0.098617	 11.2s
Ep 770	 reward -9.393	 ms 131.5	 loss 0.059013	 10.9s
Ep 771	 reward -9.364	 ms 131.1	 loss 0.125757	 10.9s
Ep 772	 reward -9.421	 ms 131.9	 loss 0.055570	 10.5s
Ep 773	 reward -9.368	 ms 131.2	 loss 0.100371	 11.0s
Ep 774	 reward -9.307	 ms 130.3	 loss 0.062269	 10.7s
[vali @775] rel=0.8321 (best 0.8209)  N=130.3
Ep 775	 reward -9.418	 ms 131.8	 loss 0.141777	 18.0s
Ep 776	 reward -9.364	 ms 131.1	 loss 0.009428	 11.0s
Ep 777	 reward -9.425	 ms 131.9	 loss 0.042054	 12.0s
Ep 778	 reward -9.446	 ms 132.2	 loss 0.009237	 11.1s
Ep 779	 reward -9.350	 ms 130.9	 loss -0.037099	 11.3s
Ep 780	 reward -9.411	 ms 131.8	 loss 0.083076	 11.6s
Ep 781	 reward -9.629	 ms 134.8	 loss 0.103001	 11.1s
Ep 782	 reward -9.536	 ms 133.5	 loss -0.128620	 10.9s
Ep 783	 reward -9.575	 ms 134.1	 loss 0.043697	 12.1s
Ep 784	 reward -9.550	 ms 133.7	 loss -0.072675	 11.1s
Ep 785	 reward -9.586	 ms 134.2	 loss -0.001858	 12.1s
Ep 786	 reward -9.589	 ms 134.2	 loss -0.015167	 11.8s
Ep 787	 reward -9.625	 ms 134.8	 loss 0.090284	 10.8s
Ep 788	 reward -9.582	 ms 134.2	 loss -0.036349	 11.9s
Ep 789	 reward -9.614	 ms 134.6	 loss 0.118649	 12.4s
Ep 790	 reward -9.518	 ms 133.2	 loss -0.042631	 11.8s
Ep 791	 reward -9.532	 ms 133.4	 loss 0.021972	 11.4s
Ep 792	 reward -9.521	 ms 133.3	 loss 0.129304	 11.8s
Ep 793	 reward -9.489	 ms 132.8	 loss 0.092155	 12.9s
Ep 794	 reward -9.571	 ms 134.0	 loss 0.033083	 11.4s
Ep 795	 reward -9.621	 ms 134.7	 loss -0.003598	 11.9s
Ep 796	 reward -9.589	 ms 134.2	 loss -0.068767	 11.2s
Ep 797	 reward -9.586	 ms 134.2	 loss 0.019584	 11.0s
Ep 798	 reward -9.575	 ms 134.1	 loss 0.005911	 10.9s
Ep 799	 reward -9.568	 ms 133.9	 loss 0.115811	 10.8s
[vali @800] rel=0.8298 (best 0.8209)  N=129.9
Ep 800	 reward -9.582	 ms 134.2	 loss 0.167784	 17.8s
Ep 801	 reward -9.293	 ms 130.1	 loss 0.153786	 11.2s
Ep 802	 reward -9.275	 ms 129.8	 loss -0.012881	 10.5s
Ep 803	 reward -9.304	 ms 130.2	 loss -0.018116	 10.7s
Ep 804	 reward -9.179	 ms 128.5	 loss 0.041176	 10.4s
Ep 805	 reward -9.214	 ms 129.0	 loss -0.123335	 10.3s
Ep 806	 reward -9.246	 ms 129.4	 loss 0.121768	 11.1s
Ep 807	 reward -9.229	 ms 129.2	 loss 0.160509	 10.5s
Ep 808	 reward -9.261	 ms 129.7	 loss -0.072049	 10.7s
Ep 809	 reward -9.175	 ms 128.4	 loss 0.005760	 10.4s
Ep 810	 reward -9.225	 ms 129.2	 loss 0.030180	 10.8s
Ep 811	 reward -9.221	 ms 129.1	 loss 0.009417	 11.0s
Ep 812	 reward -9.264	 ms 129.7	 loss 0.039393	 10.6s
Ep 813	 reward -9.232	 ms 129.2	 loss -0.059658	 11.0s
Ep 814	 reward -9.250	 ms 129.5	 loss -0.023555	 10.9s
Ep 815	 reward -9.300	 ms 130.2	 loss 0.103284	 11.0s
Ep 816	 reward -9.268	 ms 129.8	 loss 0.019092	 11.0s
Ep 817	 reward -9.261	 ms 129.7	 loss 0.003577	 11.2s
Ep 818	 reward -9.189	 ms 128.7	 loss -0.060921	 10.8s
Ep 819	 reward -9.246	 ms 129.4	 loss -0.015803	 11.6s
Ep 820	 reward -9.168	 ms 128.3	 loss -0.025684	 12.6s
Ep 821	 reward -9.464	 ms 132.5	 loss -0.188986	 12.6s
Ep 822	 reward -9.536	 ms 133.5	 loss -0.155354	 10.9s
Ep 823	 reward -9.564	 ms 133.9	 loss -0.157720	 11.7s
Ep 824	 reward -9.500	 ms 133.0	 loss -0.150644	 11.9s
[vali @825] rel=0.8231 (best 0.8209)  N=128.9
Ep 825	 reward -9.618	 ms 134.7	 loss -0.177255	 18.4s
Ep 826	 reward -9.525	 ms 133.3	 loss -0.168671	 10.9s
Ep 827	 reward -9.564	 ms 133.9	 loss -0.165260	 12.6s
Ep 828	 reward -9.532	 ms 133.4	 loss -0.175718	 11.9s
Ep 829	 reward -9.511	 ms 133.2	 loss -0.156863	 11.6s
Ep 830	 reward -9.475	 ms 132.7	 loss -0.150478	 12.5s
Ep 831	 reward -9.504	 ms 133.1	 loss -0.109671	 11.4s
Ep 832	 reward -9.518	 ms 133.2	 loss -0.127677	 11.3s
Ep 833	 reward -9.500	 ms 133.0	 loss -0.152432	 11.2s
Ep 834	 reward -9.489	 ms 132.8	 loss -0.159446	 11.2s
Ep 835	 reward -9.496	 ms 132.9	 loss -0.147989	 12.4s
Ep 836	 reward -9.521	 ms 133.3	 loss -0.169712	 10.8s
Ep 837	 reward -9.504	 ms 133.1	 loss -0.113799	 11.8s
Ep 838	 reward -9.500	 ms 133.0	 loss -0.127761	 11.3s
Ep 839	 reward -9.521	 ms 133.3	 loss -0.100953	 10.3s
Ep 840	 reward -9.518	 ms 133.2	 loss -0.131533	 10.8s
Ep 841	 reward -9.154	 ms 128.2	 loss 0.126135	 11.2s
Ep 842	 reward -9.239	 ms 129.3	 loss -0.012134	 10.7s
Ep 843	 reward -9.150	 ms 128.1	 loss 0.096795	 10.9s
Ep 844	 reward -9.146	 ms 128.1	 loss 0.101147	 11.3s
Ep 845	 reward -9.164	 ms 128.3	 loss 0.033947	 11.0s
Ep 846	 reward -9.139	 ms 128.0	 loss 0.121400	 10.8s
Ep 847	 reward -9.189	 ms 128.7	 loss 0.038074	 11.1s
Ep 848	 reward -9.150	 ms 128.1	 loss 0.034583	 9.9s
Ep 849	 reward -9.132	 ms 127.8	 loss 0.095395	 10.3s
[vali @850] rel=0.8247 (best 0.8209)  N=129.2
Ep 850	 reward -9.175	 ms 128.4	 loss 0.007852	 17.1s
Ep 851	 reward -9.182	 ms 128.6	 loss 0.109554	 10.2s
Ep 852	 reward -9.218	 ms 129.1	 loss 0.114829	 10.4s
Ep 853	 reward -9.164	 ms 128.3	 loss -0.009048	 10.4s
Ep 854	 reward -9.225	 ms 129.2	 loss 0.011498	 10.5s
Ep 855	 reward -9.211	 ms 128.9	 loss 0.088847	 10.4s
Ep 856	 reward -9.196	 ms 128.8	 loss 0.063461	 10.3s
Ep 857	 reward -9.168	 ms 128.3	 loss -0.010688	 10.8s
Ep 858	 reward -9.171	 ms 128.4	 loss 0.103857	 10.3s
Ep 859	 reward -9.168	 ms 128.3	 loss -0.057816	 10.7s
Ep 860	 reward -9.196	 ms 128.8	 loss 0.078802	 10.0s
Ep 861	 reward -9.282	 ms 129.9	 loss -0.022267	 10.5s
Ep 862	 reward -9.300	 ms 130.2	 loss -0.108707	 10.3s
Ep 863	 reward -9.243	 ms 129.4	 loss -0.064197	 10.2s
Ep 864	 reward -9.243	 ms 129.4	 loss -0.009365	 10.7s
Ep 865	 reward -9.264	 ms 129.7	 loss -0.024865	 10.0s
Ep 866	 reward -9.296	 ms 130.2	 loss 0.014940	 9.9s
Ep 867	 reward -9.275	 ms 129.8	 loss -0.057465	 9.9s
Ep 868	 reward -9.232	 ms 129.2	 loss -0.029486	 9.9s
Ep 869	 reward -9.261	 ms 129.7	 loss -0.049502	 10.6s
Ep 870	 reward -9.275	 ms 129.8	 loss -0.054895	 10.3s
Ep 871	 reward -9.232	 ms 129.2	 loss -0.011493	 10.4s
Ep 872	 reward -9.268	 ms 129.8	 loss 0.033658	 11.2s
Ep 873	 reward -9.275	 ms 129.8	 loss -0.094749	 10.6s
Ep 874	 reward -9.300	 ms 130.2	 loss -0.053842	 10.7s
[vali @875] rel=0.8231 (best 0.8209)  N=128.9
Ep 875	 reward -9.325	 ms 130.6	 loss -0.058028	 15.9s
Ep 876	 reward -9.236	 ms 129.3	 loss -0.129466	 10.3s
Ep 877	 reward -9.243	 ms 129.4	 loss -0.008142	 10.3s
Ep 878	 reward -9.246	 ms 129.4	 loss 0.122193	 10.6s
Ep 879	 reward -9.225	 ms 129.2	 loss -0.016525	 10.3s
Ep 880	 reward -9.321	 ms 130.5	 loss -0.004994	 10.5s
Ep 881	 reward -9.339	 ms 130.8	 loss -0.022157	 10.8s
Ep 882	 reward -9.443	 ms 132.2	 loss -0.068042	 10.7s
Ep 883	 reward -9.329	 ms 130.6	 loss -0.183134	 10.7s
Ep 884	 reward -9.486	 ms 132.8	 loss -0.084641	 10.8s
Ep 885	 reward -9.418	 ms 131.8	 loss -0.165919	 10.7s
Ep 886	 reward -9.336	 ms 130.7	 loss -0.137758	 11.6s
Ep 887	 reward -9.425	 ms 131.9	 loss -0.038834	 11.5s
Ep 888	 reward -9.350	 ms 130.9	 loss -0.057462	 10.4s
Ep 889	 reward -9.414	 ms 131.8	 loss -0.097676	 10.9s
Ep 890	 reward -9.350	 ms 130.9	 loss -0.091498	 10.6s
Ep 891	 reward -9.407	 ms 131.7	 loss -0.168739	 10.6s
Ep 892	 reward -9.375	 ms 131.2	 loss -0.188482	 11.0s
Ep 893	 reward -9.389	 ms 131.4	 loss -0.151747	 10.3s
Ep 894	 reward -9.411	 ms 131.8	 loss -0.147972	 10.9s
Ep 895	 reward -9.354	 ms 130.9	 loss -0.124127	 12.3s
Ep 896	 reward -9.418	 ms 131.8	 loss -0.080083	 10.8s
Ep 897	 reward -9.443	 ms 132.2	 loss -0.087377	 10.8s
Ep 898	 reward -9.382	 ms 131.3	 loss -0.080412	 9.6s
Ep 899	 reward -9.386	 ms 131.4	 loss -0.079920	 11.0s
[vali @900] rel=0.8254 (best 0.8209)  N=129.2
Ep 900	 reward -9.325	 ms 130.6	 loss -0.159432	 18.5s
Ep 901	 reward -9.275	 ms 129.8	 loss 0.142386	 10.8s
Ep 902	 reward -9.221	 ms 129.1	 loss 0.086539	 10.2s
Ep 903	 reward -9.307	 ms 130.3	 loss 0.117879	 10.8s
Ep 904	 reward -9.204	 ms 128.8	 loss -0.015135	 11.2s
Ep 905	 reward -9.204	 ms 128.8	 loss 0.020709	 10.9s
Ep 906	 reward -9.236	 ms 129.3	 loss -0.002854	 11.0s
Ep 907	 reward -9.257	 ms 129.6	 loss -0.037515	 11.2s
Ep 908	 reward -9.304	 ms 130.2	 loss 0.052204	 11.0s
Ep 909	 reward -9.193	 ms 128.7	 loss -0.038968	 11.3s
Ep 910	 reward -9.207	 ms 128.9	 loss 0.097916	 11.6s
Ep 911	 reward -9.271	 ms 129.8	 loss 0.032931	 11.6s
Ep 912	 reward -9.279	 ms 129.9	 loss -0.044118	 10.5s
Ep 913	 reward -9.211	 ms 128.9	 loss 0.036554	 10.6s
Ep 914	 reward -9.232	 ms 129.2	 loss 0.085099	 11.3s
Ep 915	 reward -9.175	 ms 128.4	 loss -0.092674	 10.3s
Ep 916	 reward -9.182	 ms 128.6	 loss 0.008750	 10.9s
Ep 917	 reward -9.250	 ms 129.5	 loss 0.035529	 11.0s
Ep 918	 reward -9.279	 ms 129.9	 loss -0.124581	 10.7s
Ep 919	 reward -9.200	 ms 128.8	 loss 0.008420	 10.8s
Ep 920	 reward -9.254	 ms 129.6	 loss -0.044544	 11.2s
Ep 921	 reward -9.443	 ms 132.2	 loss -0.177982	 11.1s
Ep 922	 reward -9.450	 ms 132.3	 loss -0.173203	 11.4s
Ep 923	 reward -9.514	 ms 133.2	 loss -0.166772	 12.2s
Ep 924	 reward -9.504	 ms 133.1	 loss -0.088685	 10.8s
[vali @925] rel=0.8222 (best 0.8209)  N=128.8
Ep 925	 reward -9.461	 ms 132.4	 loss -0.124217	 17.5s
Ep 926	 reward -9.429	 ms 132.0	 loss -0.140267	 10.9s
Ep 927	 reward -9.479	 ms 132.7	 loss -0.011412	 11.4s
Ep 928	 reward -9.486	 ms 132.8	 loss -0.024430	 10.9s
Ep 929	 reward -9.439	 ms 132.2	 loss -0.127756	 11.8s
Ep 930	 reward -9.479	 ms 132.7	 loss -0.049469	 11.2s
Ep 931	 reward -9.393	 ms 131.5	 loss -0.029711	 12.0s
Ep 932	 reward -9.425	 ms 131.9	 loss -0.092286	 11.2s
Ep 933	 reward -9.457	 ms 132.4	 loss -0.036762	 12.0s
Ep 934	 reward -9.464	 ms 132.5	 loss -0.105371	 12.4s
Ep 935	 reward -9.471	 ms 132.6	 loss -0.111913	 12.1s
Ep 936	 reward -9.421	 ms 131.9	 loss -0.121732	 12.0s
Ep 937	 reward -9.446	 ms 132.2	 loss -0.121874	 11.3s
Ep 938	 reward -9.386	 ms 131.4	 loss -0.103572	 11.1s
Ep 939	 reward -9.414	 ms 131.8	 loss -0.099469	 10.4s
Ep 940	 reward -9.379	 ms 131.3	 loss -0.111535	 11.4s
Ep 941	 reward -9.246	 ms 129.4	 loss 0.139122	 11.5s
Ep 942	 reward -9.236	 ms 129.3	 loss 0.172679	 11.2s
Ep 943	 reward -9.275	 ms 129.8	 loss 0.065233	 11.6s
Ep 944	 reward -9.218	 ms 129.1	 loss 0.011713	 10.4s
Ep 945	 reward -9.243	 ms 129.4	 loss 0.178129	 12.0s
Ep 946	 reward -9.268	 ms 129.8	 loss 0.148145	 11.4s
Ep 947	 reward -9.339	 ms 130.8	 loss 0.132405	 10.4s
Ep 948	 reward -9.311	 ms 130.3	 loss 0.072566	 11.4s
Ep 949	 reward -9.268	 ms 129.8	 loss 0.025841	 10.1s
[vali @950] rel=0.8250 (best 0.8209)  N=129.2
Ep 950	 reward -9.336	 ms 130.7	 loss 0.105193	 18.0s
Ep 951	 reward -9.271	 ms 129.8	 loss 0.136030	 10.3s
Ep 952	 reward -9.268	 ms 129.8	 loss 0.087054	 10.7s
Ep 953	 reward -9.311	 ms 130.3	 loss 0.026398	 10.8s
Ep 954	 reward -9.250	 ms 129.5	 loss -0.011995	 10.1s
Ep 955	 reward -9.250	 ms 129.5	 loss 0.129904	 12.2s
Ep 956	 reward -9.254	 ms 129.6	 loss 0.141658	 11.2s
Ep 957	 reward -9.257	 ms 129.6	 loss 0.141014	 11.2s
Ep 958	 reward -9.318	 ms 130.4	 loss 0.108053	 11.3s
Ep 959	 reward -9.225	 ms 129.2	 loss 0.012272	 11.4s
Ep 960	 reward -9.289	 ms 130.1	 loss 0.090474	 12.0s
Ep 961	 reward -9.339	 ms 130.8	 loss 0.036920	 11.8s
Ep 962	 reward -9.407	 ms 131.7	 loss 0.040381	 11.3s
Ep 963	 reward -9.364	 ms 131.1	 loss -0.060488	 11.4s
Ep 964	 reward -9.461	 ms 132.4	 loss 0.002318	 11.6s
Ep 965	 reward -9.382	 ms 131.3	 loss 0.116013	 9.8s
Ep 966	 reward -9.407	 ms 131.7	 loss 0.002560	 11.2s
Ep 967	 reward -9.350	 ms 130.9	 loss 0.062409	 11.2s
Ep 968	 reward -9.375	 ms 131.2	 loss -0.002793	 11.4s
Ep 969	 reward -9.389	 ms 131.4	 loss -0.015664	 11.5s
Ep 970	 reward -9.411	 ms 131.8	 loss 0.085126	 11.3s
Ep 971	 reward -9.314	 ms 130.4	 loss -0.034461	 11.3s
Ep 972	 reward -9.375	 ms 131.2	 loss 0.138437	 11.0s
Ep 973	 reward -9.379	 ms 131.3	 loss -0.096054	 11.6s
Ep 974	 reward -9.354	 ms 130.9	 loss 0.031772	 10.6s
[vali @975] rel=0.8257 (best 0.8209)  N=129.3
Ep 975	 reward -9.311	 ms 130.3	 loss -0.007492	 18.2s
Ep 976	 reward -9.343	 ms 130.8	 loss 0.075547	 10.9s
Ep 977	 reward -9.364	 ms 131.1	 loss -0.051467	 10.8s
Ep 978	 reward -9.314	 ms 130.4	 loss -0.038961	 11.4s
Ep 979	 reward -9.375	 ms 131.2	 loss 0.029576	 11.1s
Ep 980	 reward -9.343	 ms 130.8	 loss -0.049374	 10.8s
Ep 981	 reward -9.439	 ms 132.2	 loss 0.017331	 11.0s
Ep 982	 reward -9.432	 ms 132.1	 loss -0.006781	 11.1s
Ep 983	 reward -9.457	 ms 132.4	 loss -0.042255	 10.3s
Ep 984	 reward -9.418	 ms 131.8	 loss -0.055241	 11.2s
Ep 985	 reward -9.496	 ms 132.9	 loss -0.101310	 11.5s
Ep 986	 reward -9.429	 ms 132.0	 loss -0.065424	 11.2s
Ep 987	 reward -9.421	 ms 131.9	 loss -0.134909	 11.4s
Ep 988	 reward -9.443	 ms 132.2	 loss -0.182800	 11.8s
Ep 989	 reward -9.404	 ms 131.7	 loss -0.040558	 11.7s
Ep 990	 reward -9.450	 ms 132.3	 loss 0.052901	 11.3s
Ep 991	 reward -9.446	 ms 132.2	 loss -0.033887	 10.8s
Ep 992	 reward -9.418	 ms 131.8	 loss -0.066288	 12.3s
Ep 993	 reward -9.382	 ms 131.3	 loss -0.071431	 11.4s
Ep 994	 reward -9.443	 ms 132.2	 loss -0.091664	 11.8s
Ep 995	 reward -9.404	 ms 131.7	 loss -0.103485	 11.0s
Ep 996	 reward -9.404	 ms 131.7	 loss -0.043321	 10.6s
Ep 997	 reward -9.396	 ms 131.6	 loss -0.045738	 11.1s
Ep 998	 reward -9.386	 ms 131.4	 loss -0.061607	 11.4s
Ep 999	 reward -9.429	 ms 132.0	 loss -0.062957	 11.7s
[vali @1000] rel=0.8266 (best 0.8209)  N=129.4
Ep 1000	 reward -9.379	 ms 131.3	 loss -0.041180	 17.8s
[train_family] done in 3.66 h; best rel=0.8209
