[vali] MWKR norms: LSW=338.1
[model] params total=32786  film=0 (0.00%)
[train_family] model=10x25+family+spec-LSW-s303 regimes=['LSW'] updates=1000
Ep 1	 reward -21.400	 ms 299.6	 loss 1.141986	 8.2s
Ep 2	 reward -21.550	 ms 301.7	 loss 1.015578	 7.8s
Ep 3	 reward -21.657	 ms 303.2	 loss 1.474179	 7.8s
Ep 4	 reward -21.486	 ms 300.8	 loss 1.223344	 6.3s
Ep 5	 reward -21.468	 ms 300.6	 loss 1.130411	 7.6s
Ep 6	 reward -21.368	 ms 299.1	 loss 0.914593	 7.9s
Ep 7	 reward -21.275	 ms 297.9	 loss 0.671046	 7.7s
Ep 8	 reward -21.475	 ms 300.6	 loss 0.630169	 8.3s
Ep 9	 reward -21.450	 ms 300.3	 loss 0.772920	 7.3s
Ep 10	 reward -21.568	 ms 301.9	 loss 0.821517	 8.2s
Ep 11	 reward -21.475	 ms 300.6	 loss 0.614580	 8.3s
Ep 12	 reward -21.318	 ms 298.4	 loss 0.441112	 7.4s
Ep 13	 reward -21.268	 ms 297.8	 loss 0.604773	 7.6s
Ep 14	 reward -21.271	 ms 297.8	 loss 0.480059	 7.6s
Ep 15	 reward -21.482	 ms 300.8	 loss 0.587864	 7.7s
Ep 16	 reward -21.371	 ms 299.2	 loss 0.576386	 8.7s
Ep 17	 reward -21.511	 ms 301.1	 loss 0.467912	 7.9s
Ep 18	 reward -21.436	 ms 300.1	 loss 0.431005	 8.1s
Ep 19	 reward -21.311	 ms 298.4	 loss 0.390543	 9.0s
Ep 20	 reward -21.468	 ms 300.6	 loss 0.503619	 7.0s
Ep 21	 reward -21.707	 ms 303.9	 loss 0.471188	 7.1s
Ep 22	 reward -21.414	 ms 299.8	 loss 0.692626	 7.5s
Ep 23	 reward -21.479	 ms 300.7	 loss 0.730005	 6.9s
Ep 24	 reward -21.604	 ms 302.4	 loss 0.635171	 8.8s
[vali @25] rel=0.8473 (best 0.8473)  LSW=286.5
Ep 25	 reward -21.439	 ms 300.1	 loss 0.721419	 13.5s
Ep 26	 reward -21.382	 ms 299.4	 loss 0.414584	 6.8s
Ep 27	 reward -21.532	 ms 301.4	 loss 0.733785	 8.6s
Ep 28	 reward -21.475	 ms 300.6	 loss 0.434613	 7.7s
Ep 29	 reward -21.464	 ms 300.5	 loss 0.480839	 7.9s
Ep 30	 reward -21.564	 ms 301.9	 loss 0.462679	 6.1s
Ep 31	 reward -21.446	 ms 300.2	 loss 0.387235	 6.6s
Ep 32	 reward -21.439	 ms 300.1	 loss 0.455454	 7.4s
Ep 33	 reward -21.271	 ms 297.8	 loss 0.427231	 6.3s
Ep 34	 reward -21.475	 ms 300.6	 loss 0.590898	 6.9s
Ep 35	 reward -21.436	 ms 300.1	 loss 0.383901	 7.0s
Ep 36	 reward -21.496	 ms 300.9	 loss 0.375542	 7.2s
Ep 37	 reward -21.596	 ms 302.4	 loss 0.586144	 7.1s
Ep 38	 reward -21.518	 ms 301.2	 loss 0.547135	 6.9s
Ep 39	 reward -21.793	 ms 305.1	 loss 0.632418	 7.4s
Ep 40	 reward -21.896	 ms 306.6	 loss 0.478233	 7.5s
Ep 41	 reward -21.561	 ms 301.9	 loss 0.546815	 6.4s
Ep 42	 reward -21.607	 ms 302.5	 loss 0.509555	 8.6s
Ep 43	 reward -21.586	 ms 302.2	 loss 0.443705	 7.6s
Ep 44	 reward -21.389	 ms 299.4	 loss 0.504899	 8.2s
Ep 45	 reward -21.479	 ms 300.7	 loss 0.438751	 7.1s
Ep 46	 reward -21.532	 ms 301.4	 loss 0.488733	 7.5s
Ep 47	 reward -21.464	 ms 300.5	 loss 0.570198	 7.6s
Ep 48	 reward -21.404	 ms 299.6	 loss 0.387348	 7.8s
Ep 49	 reward -21.418	 ms 299.9	 loss 0.292889	 8.3s
[vali @50] rel=0.8873 (best 0.8473)  LSW=300.1
Ep 50	 reward -21.561	 ms 301.9	 loss 0.477146	 13.1s
Ep 51	 reward -21.568	 ms 301.9	 loss 0.335696	 7.9s
Ep 52	 reward -21.689	 ms 303.6	 loss 0.296514	 7.9s
Ep 53	 reward -21.682	 ms 303.6	 loss 0.288105	 8.6s
Ep 54	 reward -21.536	 ms 301.5	 loss 0.284458	 8.2s
Ep 55	 reward -21.425	 ms 299.9	 loss 0.266955	 8.6s
Ep 56	 reward -21.714	 ms 304.0	 loss 0.447808	 8.5s
Ep 57	 reward -21.604	 ms 302.4	 loss 0.322291	 8.9s
Ep 58	 reward -21.732	 ms 304.2	 loss 0.328666	 8.3s
Ep 59	 reward -21.718	 ms 304.1	 loss 0.387492	 9.2s
Ep 60	 reward -21.489	 ms 300.9	 loss 0.265993	 8.6s
Ep 61	 reward -21.679	 ms 303.5	 loss 0.624530	 9.1s
Ep 62	 reward -21.661	 ms 303.2	 loss 0.379391	 9.7s
Ep 63	 reward -21.279	 ms 297.9	 loss 0.338622	 10.3s
Ep 64	 reward -21.514	 ms 301.2	 loss 0.331368	 11.6s
Ep 65	 reward -21.668	 ms 303.4	 loss 0.368356	 9.0s
Ep 66	 reward -21.532	 ms 301.4	 loss 0.557963	 8.0s
Ep 67	 reward -21.432	 ms 300.1	 loss 0.498797	 8.8s
Ep 68	 reward -21.596	 ms 302.4	 loss 0.253734	 8.7s
Ep 69	 reward -21.446	 ms 300.2	 loss 0.433769	 9.3s
Ep 70	 reward -21.661	 ms 303.2	 loss 0.473970	 8.9s
Ep 71	 reward -21.639	 ms 302.9	 loss 0.686711	 9.2s
Ep 72	 reward -21.546	 ms 301.6	 loss 0.194427	 8.2s
Ep 73	 reward -21.593	 ms 302.3	 loss 0.297372	 9.0s
Ep 74	 reward -21.343	 ms 298.8	 loss 0.364798	 8.8s
[vali @75] rel=0.8564 (best 0.8473)  LSW=289.6
Ep 75	 reward -21.325	 ms 298.6	 loss 0.421182	 14.6s
Ep 76	 reward -21.411	 ms 299.8	 loss 0.486161	 9.1s
Ep 77	 reward -21.329	 ms 298.6	 loss 0.332572	 8.8s
Ep 78	 reward -21.461	 ms 300.4	 loss 0.494582	 9.6s
Ep 79	 reward -21.214	 ms 297.0	 loss 0.410637	 9.0s
Ep 80	 reward -21.311	 ms 298.4	 loss 0.280533	 10.0s
Ep 81	 reward -21.229	 ms 297.2	 loss 0.623109	 9.6s
Ep 82	 reward -21.375	 ms 299.2	 loss 0.514127	 9.1s
Ep 83	 reward -21.339	 ms 298.8	 loss 0.456310	 9.3s
Ep 84	 reward -21.239	 ms 297.4	 loss 0.454126	 9.4s
Ep 85	 reward -21.350	 ms 298.9	 loss 0.672592	 8.3s
Ep 86	 reward -21.521	 ms 301.3	 loss 0.684901	 9.5s
Ep 87	 reward -21.029	 ms 294.4	 loss 0.576180	 8.8s
Ep 88	 reward -21.504	 ms 301.1	 loss 0.542695	 10.1s
Ep 89	 reward -21.118	 ms 295.6	 loss 0.435483	 9.6s
Ep 90	 reward -21.250	 ms 297.5	 loss 0.725553	 9.6s
Ep 91	 reward -21.200	 ms 296.8	 loss 0.453367	 10.0s
Ep 92	 reward -21.318	 ms 298.4	 loss 0.666752	 11.7s
Ep 93	 reward -21.361	 ms 299.1	 loss 0.382511	 10.3s
Ep 94	 reward -21.436	 ms 300.1	 loss 0.434635	 9.2s
Ep 95	 reward -21.461	 ms 300.4	 loss 0.449338	 9.3s
Ep 96	 reward -21.379	 ms 299.3	 loss 0.759462	 9.3s
Ep 97	 reward -21.518	 ms 301.2	 loss 0.627140	 9.0s
Ep 98	 reward -21.311	 ms 298.4	 loss 0.615094	 9.6s
Ep 99	 reward -21.429	 ms 300.0	 loss 0.727151	 9.0s
[vali @100] rel=0.8660 (best 0.8473)  LSW=292.9
Ep 100	 reward -21.293	 ms 298.1	 loss 0.616546	 16.0s
Ep 101	 reward -21.068	 ms 294.9	 loss 0.253698	 10.8s
Ep 102	 reward -21.339	 ms 298.8	 loss 0.335937	 10.4s
Ep 103	 reward -21.150	 ms 296.1	 loss 0.279487	 11.2s
Ep 104	 reward -20.982	 ms 293.8	 loss 0.297844	 12.2s
Ep 105	 reward -21.075	 ms 295.1	 loss 0.384106	 11.9s
Ep 106	 reward -21.075	 ms 295.1	 loss 0.283866	 12.2s
Ep 107	 reward -21.018	 ms 294.2	 loss 0.318825	 11.6s
Ep 108	 reward -20.896	 ms 292.6	 loss 0.234401	 12.5s
Ep 109	 reward -21.175	 ms 296.4	 loss 0.316532	 11.9s
Ep 110	 reward -21.139	 ms 295.9	 loss 0.318224	 11.7s
Ep 111	 reward -20.882	 ms 292.4	 loss 0.400343	 11.7s
Ep 112	 reward -21.229	 ms 297.2	 loss 0.218397	 11.7s
Ep 113	 reward -21.096	 ms 295.4	 loss 0.352392	 12.5s
Ep 114	 reward -20.986	 ms 293.8	 loss 0.342054	 12.1s
Ep 115	 reward -21.154	 ms 296.1	 loss 0.291276	 11.7s
Ep 116	 reward -21.043	 ms 294.6	 loss 0.306983	 12.9s
Ep 117	 reward -21.179	 ms 296.5	 loss 0.412720	 11.9s
Ep 118	 reward -20.982	 ms 293.8	 loss 0.303320	 12.7s
Ep 119	 reward -20.932	 ms 293.1	 loss 0.272227	 11.7s
Ep 120	 reward -21.236	 ms 297.3	 loss 0.354485	 12.1s
Ep 121	 reward -20.986	 ms 293.8	 loss 0.507685	 11.8s
Ep 122	 reward -21.096	 ms 295.4	 loss 0.269239	 11.1s
Ep 123	 reward -20.918	 ms 292.9	 loss 0.377001	 11.4s
Ep 124	 reward -21.039	 ms 294.6	 loss 0.274349	 11.7s
[vali @125] rel=0.8700 (best 0.8473)  LSW=294.2
Ep 125	 reward -20.957	 ms 293.4	 loss 0.244183	 17.3s
Ep 126	 reward -20.857	 ms 292.0	 loss 0.432737	 11.5s
Ep 127	 reward -20.871	 ms 292.2	 loss 0.348885	 10.6s
Ep 128	 reward -21.154	 ms 296.1	 loss 0.613425	 10.7s
Ep 129	 reward -20.939	 ms 293.1	 loss 0.302495	 11.0s
Ep 130	 reward -20.689	 ms 289.6	 loss 0.444329	 11.6s
Ep 131	 reward -20.843	 ms 291.8	 loss 0.456732	 11.7s
Ep 132	 reward -20.921	 ms 292.9	 loss 0.366495	 11.4s
Ep 133	 reward -21.114	 ms 295.6	 loss 0.373894	 11.2s
Ep 134	 reward -20.875	 ms 292.2	 loss 0.262246	 11.5s
Ep 135	 reward -21.025	 ms 294.4	 loss 0.184584	 11.0s
Ep 136	 reward -20.839	 ms 291.8	 loss 0.297710	 11.2s
Ep 137	 reward -20.729	 ms 290.2	 loss 0.250862	 10.9s
Ep 138	 reward -20.914	 ms 292.8	 loss 0.376095	 11.2s
Ep 139	 reward -20.800	 ms 291.2	 loss 0.412473	 10.5s
Ep 140	 reward -20.804	 ms 291.2	 loss 0.440453	 10.9s
Ep 141	 reward -21.225	 ms 297.1	 loss 0.368566	 11.1s
Ep 142	 reward -21.257	 ms 297.6	 loss 0.386527	 10.8s
Ep 143	 reward -21.461	 ms 300.4	 loss 0.491193	 11.7s
Ep 144	 reward -21.100	 ms 295.4	 loss 0.427195	 11.3s
Ep 145	 reward -21.150	 ms 296.1	 loss 0.469017	 11.1s
Ep 146	 reward -21.121	 ms 295.7	 loss 0.332067	 11.4s
Ep 147	 reward -21.279	 ms 297.9	 loss 0.314095	 10.9s
Ep 148	 reward -21.086	 ms 295.2	 loss 0.317834	 11.1s
Ep 149	 reward -21.311	 ms 298.4	 loss 0.327162	 11.0s
[vali @150] rel=0.8583 (best 0.8473)  LSW=290.2
Ep 150	 reward -21.046	 ms 294.6	 loss 0.391551	 17.4s
Ep 151	 reward -21.211	 ms 296.9	 loss 0.358638	 10.4s
Ep 152	 reward -21.111	 ms 295.6	 loss 0.386460	 10.1s
Ep 153	 reward -21.079	 ms 295.1	 loss 0.332340	 10.8s
Ep 154	 reward -21.129	 ms 295.8	 loss 0.317369	 11.1s
Ep 155	 reward -21.046	 ms 294.6	 loss 0.428458	 10.2s
Ep 156	 reward -21.136	 ms 295.9	 loss 0.327223	 10.5s
Ep 157	 reward -21.179	 ms 296.5	 loss 0.325771	 9.6s
Ep 158	 reward -20.957	 ms 293.4	 loss 0.433406	 10.7s
Ep 159	 reward -21.082	 ms 295.1	 loss 0.260393	 11.3s
Ep 160	 reward -21.182	 ms 296.6	 loss 0.419372	 11.0s
Ep 161	 reward -20.682	 ms 289.6	 loss 0.336194	 11.3s
Ep 162	 reward -20.886	 ms 292.4	 loss 0.425136	 11.4s
Ep 163	 reward -20.964	 ms 293.5	 loss 0.496636	 11.2s
Ep 164	 reward -20.921	 ms 292.9	 loss 0.399043	 10.5s
Ep 165	 reward -20.925	 ms 292.9	 loss 0.435806	 11.1s
Ep 166	 reward -21.000	 ms 294.0	 loss 0.408934	 11.4s
Ep 167	 reward -20.757	 ms 290.6	 loss 0.394348	 11.3s
Ep 168	 reward -21.025	 ms 294.4	 loss 0.362496	 10.9s
Ep 169	 reward -21.000	 ms 294.0	 loss 0.215520	 11.0s
Ep 170	 reward -21.154	 ms 296.1	 loss 0.225631	 11.0s
Ep 171	 reward -20.946	 ms 293.2	 loss 0.443637	 11.3s
Ep 172	 reward -21.075	 ms 295.1	 loss 0.398060	 11.2s
Ep 173	 reward -21.104	 ms 295.4	 loss 0.362953	 10.9s
Ep 174	 reward -20.954	 ms 293.4	 loss 0.457152	 11.1s
[vali @175] rel=0.8594 (best 0.8473)  LSW=290.6
Ep 175	 reward -21.000	 ms 294.0	 loss 0.267878	 17.9s
Ep 176	 reward -20.979	 ms 293.7	 loss 0.387896	 11.1s
Ep 177	 reward -20.896	 ms 292.6	 loss 0.398352	 10.5s
Ep 178	 reward -20.850	 ms 291.9	 loss 0.434497	 10.8s
Ep 179	 reward -20.961	 ms 293.4	 loss 0.249717	 10.0s
Ep 180	 reward -20.904	 ms 292.6	 loss 0.315477	 10.1s
Ep 181	 reward -21.039	 ms 294.6	 loss 0.441016	 10.8s
Ep 182	 reward -21.068	 ms 294.9	 loss 0.523470	 10.1s
Ep 183	 reward -21.054	 ms 294.8	 loss 0.362315	 10.2s
Ep 184	 reward -20.886	 ms 292.4	 loss 0.375250	 10.1s
Ep 185	 reward -21.243	 ms 297.4	 loss 0.432533	 10.4s
Ep 186	 reward -20.993	 ms 293.9	 loss 0.380020	 11.0s
Ep 187	 reward -21.236	 ms 297.3	 loss 0.375929	 11.2s
Ep 188	 reward -21.175	 ms 296.4	 loss 0.361042	 11.3s
Ep 189	 reward -21.286	 ms 298.0	 loss 0.403529	 10.8s
Ep 190	 reward -21.207	 ms 296.9	 loss 0.437151	 11.6s
Ep 191	 reward -21.157	 ms 296.2	 loss 0.409896	 11.7s
Ep 192	 reward -21.175	 ms 296.4	 loss 0.450755	 10.8s
Ep 193	 reward -21.193	 ms 296.7	 loss 0.465872	 11.3s
Ep 194	 reward -21.086	 ms 295.2	 loss 0.445765	 11.4s
Ep 195	 reward -21.211	 ms 296.9	 loss 0.377352	 11.4s
Ep 196	 reward -21.150	 ms 296.1	 loss 0.298539	 11.1s
Ep 197	 reward -21.068	 ms 294.9	 loss 0.419292	 11.6s
Ep 198	 reward -21.311	 ms 298.4	 loss 0.334716	 11.6s
Ep 199	 reward -21.246	 ms 297.4	 loss 0.442431	 11.2s
[vali @200] rel=0.8523 (best 0.8473)  LSW=288.2
Ep 200	 reward -21.261	 ms 297.6	 loss 0.286475	 19.0s
Ep 201	 reward -21.354	 ms 298.9	 loss 0.395354	 11.5s
Ep 202	 reward -21.364	 ms 299.1	 loss 0.304015	 11.2s
Ep 203	 reward -21.407	 ms 299.7	 loss 0.249019	 11.3s
Ep 204	 reward -21.193	 ms 296.7	 loss 0.291244	 11.7s
Ep 205	 reward -21.364	 ms 299.1	 loss 0.373025	 11.0s
Ep 206	 reward -21.225	 ms 297.1	 loss 0.216750	 10.9s
Ep 207	 reward -21.171	 ms 296.4	 loss 0.198274	 9.6s
Ep 208	 reward -21.443	 ms 300.2	 loss 0.180016	 10.6s
Ep 209	 reward -21.082	 ms 295.1	 loss 0.330439	 11.7s
Ep 210	 reward -21.243	 ms 297.4	 loss 0.278502	 10.6s
Ep 211	 reward -21.336	 ms 298.7	 loss 0.357867	 11.3s
Ep 212	 reward -21.275	 ms 297.9	 loss 0.256974	 10.7s
Ep 213	 reward -21.111	 ms 295.6	 loss 0.206960	 10.8s
Ep 214	 reward -21.264	 ms 297.7	 loss 0.241476	 11.0s
Ep 215	 reward -21.164	 ms 296.3	 loss 0.266497	 11.1s
Ep 216	 reward -21.182	 ms 296.6	 loss 0.271150	 11.7s
Ep 217	 reward -21.111	 ms 295.6	 loss 0.211823	 11.7s
Ep 218	 reward -21.061	 ms 294.9	 loss 0.176260	 11.7s
Ep 219	 reward -21.011	 ms 294.1	 loss 0.232956	 11.7s
Ep 220	 reward -21.275	 ms 297.9	 loss 0.361804	 11.6s
Ep 221	 reward -20.496	 ms 286.9	 loss 0.464280	 12.1s
Ep 222	 reward -20.796	 ms 291.1	 loss 0.490796	 12.3s
Ep 223	 reward -20.764	 ms 290.7	 loss 0.440075	 12.0s
Ep 224	 reward -20.796	 ms 291.1	 loss 0.406504	 12.2s
[vali @225] rel=0.8536 (best 0.8473)  LSW=288.6
Ep 225	 reward -20.714	 ms 290.0	 loss 0.542634	 20.1s
Ep 226	 reward -20.714	 ms 290.0	 loss 0.548801	 11.1s
Ep 227	 reward -20.589	 ms 288.2	 loss 0.299289	 12.1s
Ep 228	 reward -20.843	 ms 291.8	 loss 0.374897	 11.8s
Ep 229	 reward -20.689	 ms 289.6	 loss 0.484759	 12.0s
Ep 230	 reward -20.514	 ms 287.2	 loss 0.413904	 11.8s
Ep 231	 reward -20.679	 ms 289.5	 loss 0.288835	 12.0s
Ep 232	 reward -20.836	 ms 291.7	 loss 0.327010	 11.7s
Ep 233	 reward -20.800	 ms 291.2	 loss 0.427915	 11.8s
Ep 234	 reward -20.621	 ms 288.7	 loss 0.421154	 11.4s
Ep 235	 reward -20.739	 ms 290.4	 loss 0.452143	 10.9s
Ep 236	 reward -20.629	 ms 288.8	 loss 0.337280	 10.5s
Ep 237	 reward -20.721	 ms 290.1	 loss 0.252656	 11.3s
Ep 238	 reward -20.671	 ms 289.4	 loss 0.388884	 10.1s
Ep 239	 reward -20.639	 ms 288.9	 loss 0.324603	 11.4s
Ep 240	 reward -20.714	 ms 290.0	 loss 0.299708	 10.8s
Ep 241	 reward -21.011	 ms 294.1	 loss 0.299375	 10.9s
Ep 242	 reward -21.000	 ms 294.0	 loss 0.168890	 11.3s
Ep 243	 reward -20.943	 ms 293.2	 loss 0.372660	 11.5s
Ep 244	 reward -20.818	 ms 291.4	 loss 0.217743	 11.6s
Ep 245	 reward -20.800	 ms 291.2	 loss 0.363089	 11.2s
Ep 246	 reward -20.868	 ms 292.1	 loss 0.336240	 11.3s
Ep 247	 reward -20.800	 ms 291.2	 loss 0.224579	 11.4s
Ep 248	 reward -20.968	 ms 293.6	 loss 0.161786	 11.4s
Ep 249	 reward -20.929	 ms 293.0	 loss 0.405018	 11.6s
[vali @250] rel=0.8588 (best 0.8473)  LSW=290.4
Ep 250	 reward -20.939	 ms 293.1	 loss 0.232965	 19.6s
Ep 251	 reward -20.836	 ms 291.7	 loss 0.174016	 10.8s
Ep 252	 reward -21.007	 ms 294.1	 loss 0.184220	 11.3s
Ep 253	 reward -20.693	 ms 289.7	 loss 0.254903	 11.2s
Ep 254	 reward -20.725	 ms 290.1	 loss 0.208719	 11.4s
Ep 255	 reward -20.868	 ms 292.1	 loss 0.128092	 11.3s
Ep 256	 reward -20.957	 ms 293.4	 loss 0.160999	 10.9s
Ep 257	 reward -20.825	 ms 291.6	 loss 0.249498	 11.9s
Ep 258	 reward -20.896	 ms 292.6	 loss 0.142581	 11.5s
Ep 259	 reward -20.829	 ms 291.6	 loss 0.204860	 11.7s
Ep 260	 reward -20.825	 ms 291.6	 loss 0.327270	 11.8s
Ep 261	 reward -21.189	 ms 296.6	 loss 0.238136	 11.4s
Ep 262	 reward -21.036	 ms 294.5	 loss 0.355915	 11.0s
Ep 263	 reward -20.946	 ms 293.2	 loss 0.490909	 12.1s
Ep 264	 reward -21.175	 ms 296.4	 loss 0.315270	 10.8s
Ep 265	 reward -20.971	 ms 293.6	 loss 0.415350	 11.6s
Ep 266	 reward -21.032	 ms 294.4	 loss 0.458718	 10.6s
Ep 267	 reward -20.986	 ms 293.8	 loss 0.284910	 11.4s
Ep 268	 reward -21.125	 ms 295.8	 loss 0.261770	 11.2s
Ep 269	 reward -20.982	 ms 293.8	 loss 0.311272	 11.0s
Ep 270	 reward -21.000	 ms 294.0	 loss 0.311579	 11.0s
Ep 271	 reward -20.957	 ms 293.4	 loss 0.264179	 11.5s
Ep 272	 reward -21.039	 ms 294.6	 loss 0.275314	 11.7s
Ep 273	 reward -21.146	 ms 296.1	 loss 0.160943	 12.3s
Ep 274	 reward -20.971	 ms 293.6	 loss 0.270947	 11.5s
[vali @275] rel=0.8499 (best 0.8473)  LSW=287.4
Ep 275	 reward -21.121	 ms 295.7	 loss 0.173571	 19.5s
Ep 276	 reward -20.986	 ms 293.8	 loss 0.470330	 12.1s
Ep 277	 reward -21.121	 ms 295.7	 loss 0.184678	 11.8s
Ep 278	 reward -21.096	 ms 295.4	 loss 0.338773	 11.5s
Ep 279	 reward -21.132	 ms 295.9	 loss 0.236337	 12.3s
Ep 280	 reward -20.986	 ms 293.8	 loss 0.199849	 11.9s
Ep 281	 reward -20.550	 ms 287.7	 loss 0.405818	 12.2s
Ep 282	 reward -20.657	 ms 289.2	 loss 0.624884	 11.5s
Ep 283	 reward -20.504	 ms 287.1	 loss 0.478241	 11.9s
Ep 284	 reward -20.518	 ms 287.2	 loss 0.442710	 12.1s
Ep 285	 reward -20.446	 ms 286.2	 loss 0.324915	 12.1s
Ep 286	 reward -20.493	 ms 286.9	 loss 0.364636	 11.6s
Ep 287	 reward -20.532	 ms 287.4	 loss 0.372211	 11.4s
Ep 288	 reward -20.661	 ms 289.2	 loss 0.362950	 12.3s
Ep 289	 reward -20.493	 ms 286.9	 loss 0.304142	 11.4s
Ep 290	 reward -20.550	 ms 287.7	 loss 0.391114	 11.1s
Ep 291	 reward -20.511	 ms 287.1	 loss 0.460785	 11.5s
Ep 292	 reward -20.429	 ms 286.0	 loss 0.344313	 10.7s
Ep 293	 reward -20.343	 ms 284.8	 loss 0.369938	 11.3s
Ep 294	 reward -20.482	 ms 286.8	 loss 0.369502	 11.0s
Ep 295	 reward -20.607	 ms 288.5	 loss 0.410313	 11.0s
Ep 296	 reward -20.568	 ms 287.9	 loss 0.216275	 11.8s
Ep 297	 reward -20.589	 ms 288.2	 loss 0.317657	 11.2s
Ep 298	 reward -20.511	 ms 287.1	 loss 0.399508	 11.3s
Ep 299	 reward -20.396	 ms 285.6	 loss 0.280531	 11.2s
[vali @300] rel=0.8483 (best 0.8473)  LSW=286.9
Ep 300	 reward -20.325	 ms 284.6	 loss 0.390118	 21.0s
Ep 301	 reward -20.900	 ms 292.6	 loss 0.257155	 12.2s
Ep 302	 reward -20.882	 ms 292.4	 loss 0.462906	 11.7s
Ep 303	 reward -20.979	 ms 293.7	 loss 0.356466	 12.0s
Ep 304	 reward -21.093	 ms 295.3	 loss 0.370488	 11.9s
Ep 305	 reward -20.989	 ms 293.9	 loss 0.236158	 11.6s
Ep 306	 reward -21.043	 ms 294.6	 loss 0.295016	 11.7s
Ep 307	 reward -20.789	 ms 291.1	 loss 0.501843	 11.3s
Ep 308	 reward -20.943	 ms 293.2	 loss 0.495957	 12.0s
Ep 309	 reward -20.954	 ms 293.4	 loss 0.472294	 11.9s
Ep 310	 reward -20.875	 ms 292.2	 loss 0.396904	 12.1s
Ep 311	 reward -20.904	 ms 292.6	 loss 0.310385	 11.5s
Ep 312	 reward -20.846	 ms 291.9	 loss 0.275802	 11.9s
Ep 313	 reward -21.004	 ms 294.1	 loss 0.349613	 11.5s
Ep 314	 reward -20.914	 ms 292.8	 loss 0.437263	 11.8s
Ep 315	 reward -20.907	 ms 292.7	 loss 0.434558	 11.9s
Ep 316	 reward -20.861	 ms 292.1	 loss 0.460583	 11.9s
Ep 317	 reward -20.993	 ms 293.9	 loss 0.239972	 12.5s
Ep 318	 reward -20.996	 ms 293.9	 loss 0.414812	 11.3s
Ep 319	 reward -21.000	 ms 294.0	 loss 0.336376	 11.2s
Ep 320	 reward -20.707	 ms 289.9	 loss 0.357099	 10.9s
Ep 321	 reward -20.768	 ms 290.8	 loss 0.257646	 12.9s
Ep 322	 reward -20.800	 ms 291.2	 loss 0.235346	 10.8s
Ep 323	 reward -20.829	 ms 291.6	 loss 0.279692	 11.5s
Ep 324	 reward -20.721	 ms 290.1	 loss 0.220948	 10.7s
[vali @325] rel=0.8480 (best 0.8473)  LSW=286.8
Ep 325	 reward -20.718	 ms 290.1	 loss 0.301242	 19.3s
Ep 326	 reward -20.729	 ms 290.2	 loss 0.221856	 11.5s
Ep 327	 reward -20.807	 ms 291.3	 loss 0.169329	 11.5s
Ep 328	 reward -20.796	 ms 291.1	 loss 0.147638	 12.5s
Ep 329	 reward -20.686	 ms 289.6	 loss 0.243973	 11.9s
Ep 330	 reward -20.664	 ms 289.3	 loss 0.241645	 11.8s
Ep 331	 reward -20.775	 ms 290.9	 loss 0.240409	 12.0s
Ep 332	 reward -20.850	 ms 291.9	 loss 0.189289	 11.8s
Ep 333	 reward -20.779	 ms 290.9	 loss 0.181327	 12.0s
Ep 334	 reward -20.718	 ms 290.1	 loss 0.250816	 11.7s
Ep 335	 reward -20.614	 ms 288.6	 loss 0.259536	 11.6s
Ep 336	 reward -20.668	 ms 289.4	 loss 0.204410	 11.2s
Ep 337	 reward -20.789	 ms 291.1	 loss 0.289069	 12.2s
Ep 338	 reward -20.711	 ms 289.9	 loss 0.250013	 11.9s
Ep 339	 reward -20.750	 ms 290.5	 loss 0.170912	 12.0s
Ep 340	 reward -20.775	 ms 290.9	 loss 0.210552	 11.8s
Ep 341	 reward -20.996	 ms 293.9	 loss 0.049271	 12.6s
Ep 342	 reward -20.857	 ms 292.0	 loss 0.076702	 11.6s
Ep 343	 reward -20.886	 ms 292.4	 loss 0.084289	 11.8s
Ep 344	 reward -20.832	 ms 291.6	 loss 0.051563	 12.1s
Ep 345	 reward -20.932	 ms 293.1	 loss 0.159214	 11.2s
Ep 346	 reward -20.768	 ms 290.8	 loss 0.057980	 11.5s
Ep 347	 reward -20.729	 ms 290.2	 loss 0.079422	 11.2s
Ep 348	 reward -20.893	 ms 292.5	 loss 0.116255	 10.6s
Ep 349	 reward -20.782	 ms 290.9	 loss 0.098184	 11.3s
[vali @350] rel=0.8465 (best 0.8465)  LSW=286.2
Ep 350	 reward -20.829	 ms 291.6	 loss 0.020551	 18.8s
Ep 351	 reward -20.989	 ms 293.9	 loss 0.035943	 11.3s
Ep 352	 reward -20.746	 ms 290.4	 loss 0.076597	 11.1s
Ep 353	 reward -20.961	 ms 293.4	 loss 0.069002	 11.5s
Ep 354	 reward -20.761	 ms 290.6	 loss -0.000903	 11.3s
Ep 355	 reward -20.846	 ms 291.9	 loss 0.141212	 11.4s
Ep 356	 reward -20.814	 ms 291.4	 loss 0.096898	 11.7s
Ep 357	 reward -20.807	 ms 291.3	 loss 0.058051	 11.8s
Ep 358	 reward -20.829	 ms 291.6	 loss 0.083813	 12.2s
Ep 359	 reward -20.871	 ms 292.2	 loss 0.048335	 11.8s
Ep 360	 reward -20.882	 ms 292.4	 loss 0.106790	 11.4s
Ep 361	 reward -20.414	 ms 285.8	 loss 0.242423	 12.9s
Ep 362	 reward -20.561	 ms 287.9	 loss 0.285166	 12.9s
Ep 363	 reward -20.557	 ms 287.8	 loss 0.302360	 12.2s
Ep 364	 reward -20.457	 ms 286.4	 loss 0.298902	 12.4s
Ep 365	 reward -20.621	 ms 288.7	 loss 0.436098	 12.3s
Ep 366	 reward -20.646	 ms 289.1	 loss 0.353701	 12.2s
Ep 367	 reward -20.439	 ms 286.1	 loss 0.163559	 11.9s
Ep 368	 reward -20.514	 ms 287.2	 loss 0.331082	 11.9s
Ep 369	 reward -20.443	 ms 286.2	 loss 0.146346	 12.3s
Ep 370	 reward -20.375	 ms 285.2	 loss 0.122583	 11.9s
Ep 371	 reward -20.518	 ms 287.2	 loss 0.229262	 12.0s
Ep 372	 reward -20.611	 ms 288.6	 loss 0.289622	 11.4s
Ep 373	 reward -20.236	 ms 283.3	 loss 0.256572	 11.5s
Ep 374	 reward -20.504	 ms 287.1	 loss 0.272838	 11.3s
[vali @375] rel=0.8481 (best 0.8465)  LSW=286.8
Ep 375	 reward -20.550	 ms 287.7	 loss 0.217795	 18.2s
Ep 376	 reward -20.593	 ms 288.3	 loss 0.380576	 10.9s
Ep 377	 reward -20.500	 ms 287.0	 loss 0.273745	 11.1s
Ep 378	 reward -20.504	 ms 287.1	 loss 0.367900	 11.2s
Ep 379	 reward -20.493	 ms 286.9	 loss 0.164413	 11.2s
Ep 380	 reward -20.496	 ms 286.9	 loss 0.135125	 11.0s
Ep 381	 reward -20.614	 ms 288.6	 loss 0.172899	 11.4s
Ep 382	 reward -20.889	 ms 292.4	 loss 0.251714	 12.5s
Ep 383	 reward -21.007	 ms 294.1	 loss 0.236897	 11.4s
Ep 384	 reward -20.739	 ms 290.4	 loss 0.275578	 12.0s
Ep 385	 reward -20.625	 ms 288.8	 loss 0.177890	 11.5s
Ep 386	 reward -20.671	 ms 289.4	 loss 0.094465	 12.3s
Ep 387	 reward -20.721	 ms 290.1	 loss 0.312269	 12.2s
Ep 388	 reward -20.596	 ms 288.4	 loss 0.183558	 11.9s
Ep 389	 reward -20.832	 ms 291.6	 loss 0.341826	 12.0s
Ep 390	 reward -20.729	 ms 290.2	 loss 0.320930	 12.1s
Ep 391	 reward -20.600	 ms 288.4	 loss 0.409511	 11.6s
Ep 392	 reward -20.761	 ms 290.6	 loss 0.278310	 12.1s
Ep 393	 reward -20.736	 ms 290.3	 loss 0.219084	 11.8s
Ep 394	 reward -20.675	 ms 289.4	 loss 0.221845	 11.9s
Ep 395	 reward -20.775	 ms 290.9	 loss 0.234890	 11.7s
Ep 396	 reward -20.896	 ms 292.6	 loss 0.353823	 12.3s
Ep 397	 reward -20.764	 ms 290.7	 loss 0.373422	 11.5s
Ep 398	 reward -20.543	 ms 287.6	 loss 0.290440	 12.6s
Ep 399	 reward -20.557	 ms 287.8	 loss 0.265211	 11.6s
[vali @400] rel=0.8515 (best 0.8465)  LSW=287.9
Ep 400	 reward -20.832	 ms 291.6	 loss 0.220829	 19.3s
Ep 401	 reward -20.421	 ms 285.9	 loss 0.380420	 12.0s
Ep 402	 reward -20.382	 ms 285.4	 loss 0.244826	 11.0s
Ep 403	 reward -20.468	 ms 286.6	 loss 0.250816	 10.6s
Ep 404	 reward -20.425	 ms 285.9	 loss 0.226929	 11.2s
Ep 405	 reward -20.621	 ms 288.7	 loss 0.274038	 10.6s
Ep 406	 reward -20.489	 ms 286.9	 loss 0.233863	 12.1s
Ep 407	 reward -20.464	 ms 286.5	 loss 0.118161	 11.3s
Ep 408	 reward -20.418	 ms 285.9	 loss 0.193326	 11.2s
Ep 409	 reward -20.521	 ms 287.3	 loss 0.260296	 11.3s
Ep 410	 reward -20.393	 ms 285.5	 loss 0.156490	 11.4s
Ep 411	 reward -20.418	 ms 285.9	 loss 0.399669	 12.2s
Ep 412	 reward -20.500	 ms 287.0	 loss 0.338212	 12.2s
Ep 413	 reward -20.461	 ms 286.4	 loss 0.025364	 11.6s
Ep 414	 reward -20.332	 ms 284.6	 loss 0.002990	 12.0s
Ep 415	 reward -20.400	 ms 285.6	 loss 0.292637	 12.1s
Ep 416	 reward -20.386	 ms 285.4	 loss 0.216002	 11.9s
Ep 417	 reward -20.268	 ms 283.8	 loss 0.337801	 12.3s
Ep 418	 reward -20.236	 ms 283.3	 loss 0.151881	 11.6s
Ep 419	 reward -20.468	 ms 286.6	 loss 0.207193	 12.2s
Ep 420	 reward -20.289	 ms 284.1	 loss 0.080258	 12.3s
Ep 421	 reward -20.654	 ms 289.1	 loss 0.453650	 11.7s
Ep 422	 reward -20.554	 ms 287.8	 loss 0.354459	 12.1s
Ep 423	 reward -20.611	 ms 288.6	 loss 0.332456	 11.5s
Ep 424	 reward -20.725	 ms 290.1	 loss 0.204144	 11.9s
[vali @425] rel=0.8450 (best 0.8450)  LSW=285.8
Ep 425	 reward -20.614	 ms 288.6	 loss 0.302233	 20.6s
Ep 426	 reward -20.729	 ms 290.2	 loss 0.310771	 12.6s
Ep 427	 reward -20.561	 ms 287.9	 loss 0.441904	 12.1s
Ep 428	 reward -20.675	 ms 289.4	 loss 0.164656	 11.6s
Ep 429	 reward -20.593	 ms 288.3	 loss 0.385226	 11.3s
Ep 430	 reward -20.779	 ms 290.9	 loss 0.121773	 11.5s
Ep 431	 reward -20.746	 ms 290.4	 loss 0.337293	 11.2s
Ep 432	 reward -20.614	 ms 288.6	 loss 0.094997	 11.6s
Ep 433	 reward -20.829	 ms 291.6	 loss 0.222338	 10.5s
Ep 434	 reward -20.668	 ms 289.4	 loss 0.214232	 11.6s
Ep 435	 reward -20.611	 ms 288.6	 loss 0.104491	 11.7s
Ep 436	 reward -20.654	 ms 289.1	 loss 0.330016	 10.9s
Ep 437	 reward -20.636	 ms 288.9	 loss 0.295501	 11.3s
Ep 438	 reward -20.550	 ms 287.7	 loss 0.136740	 11.7s
Ep 439	 reward -20.796	 ms 291.1	 loss 0.064097	 11.4s
Ep 440	 reward -20.686	 ms 289.6	 loss 0.204999	 11.8s
Ep 441	 reward -20.796	 ms 291.1	 loss 0.158580	 12.1s
Ep 442	 reward -20.786	 ms 291.0	 loss 0.190469	 11.8s
Ep 443	 reward -21.018	 ms 294.2	 loss 0.165411	 11.9s
Ep 444	 reward -20.721	 ms 290.1	 loss 0.085902	 12.3s
Ep 445	 reward -20.675	 ms 289.4	 loss 0.037060	 11.6s
Ep 446	 reward -20.804	 ms 291.2	 loss 0.258365	 11.7s
Ep 447	 reward -20.868	 ms 292.1	 loss 0.128349	 11.8s
Ep 448	 reward -20.704	 ms 289.9	 loss 0.092185	 11.8s
Ep 449	 reward -20.696	 ms 289.8	 loss 0.190922	 12.0s
[vali @450] rel=0.8504 (best 0.8450)  LSW=287.6
Ep 450	 reward -20.704	 ms 289.9	 loss 0.067403	 19.3s
Ep 451	 reward -20.771	 ms 290.8	 loss 0.114131	 12.1s
Ep 452	 reward -20.757	 ms 290.6	 loss 0.108123	 11.9s
Ep 453	 reward -20.757	 ms 290.6	 loss 0.110096	 11.7s
Ep 454	 reward -20.743	 ms 290.4	 loss 0.103746	 11.6s
Ep 455	 reward -20.886	 ms 292.4	 loss 0.202509	 11.9s
Ep 456	 reward -20.775	 ms 290.9	 loss 0.160727	 11.2s
Ep 457	 reward -20.789	 ms 291.1	 loss 0.093866	 11.3s
Ep 458	 reward -20.571	 ms 288.0	 loss 0.100284	 10.5s
Ep 459	 reward -20.693	 ms 289.7	 loss 0.233085	 11.8s
Ep 460	 reward -20.829	 ms 291.6	 loss 0.084909	 11.8s
Ep 461	 reward -20.904	 ms 292.6	 loss 0.322866	 10.9s
Ep 462	 reward -20.832	 ms 291.6	 loss 0.339455	 11.4s
Ep 463	 reward -20.793	 ms 291.1	 loss 0.193022	 11.5s
Ep 464	 reward -20.739	 ms 290.4	 loss 0.220309	 11.0s
Ep 465	 reward -20.643	 ms 289.0	 loss 0.159520	 11.5s
Ep 466	 reward -20.668	 ms 289.4	 loss 0.038313	 11.5s
Ep 467	 reward -20.825	 ms 291.6	 loss 0.248801	 11.7s
Ep 468	 reward -20.821	 ms 291.5	 loss 0.391793	 12.2s
Ep 469	 reward -20.771	 ms 290.8	 loss 0.259184	 12.0s
Ep 470	 reward -20.850	 ms 291.9	 loss 0.075768	 11.6s
Ep 471	 reward -20.789	 ms 291.1	 loss 0.202834	 12.1s
Ep 472	 reward -20.686	 ms 289.6	 loss 0.227704	 12.2s
Ep 473	 reward -20.764	 ms 290.7	 loss 0.178014	 12.0s
Ep 474	 reward -20.704	 ms 289.9	 loss 0.306766	 11.7s
[vali @475] rel=0.8514 (best 0.8450)  LSW=287.9
Ep 475	 reward -20.636	 ms 288.9	 loss 0.223268	 20.2s
Ep 476	 reward -20.693	 ms 289.7	 loss 0.220955	 11.8s
Ep 477	 reward -20.839	 ms 291.8	 loss 0.157302	 11.6s
Ep 478	 reward -20.714	 ms 290.0	 loss 0.263409	 11.7s
Ep 479	 reward -20.757	 ms 290.6	 loss 0.306971	 11.9s
Ep 480	 reward -20.850	 ms 291.9	 loss 0.223408	 12.5s
Ep 481	 reward -20.857	 ms 292.0	 loss 0.177204	 11.9s
Ep 482	 reward -20.893	 ms 292.5	 loss 0.108030	 12.0s
Ep 483	 reward -20.914	 ms 292.8	 loss 0.119937	 12.2s
Ep 484	 reward -20.850	 ms 291.9	 loss 0.183332	 12.3s
Ep 485	 reward -20.843	 ms 291.8	 loss 0.269652	 11.5s
Ep 486	 reward -20.939	 ms 293.1	 loss 0.357050	 11.3s
Ep 487	 reward -20.900	 ms 292.6	 loss 0.196700	 12.2s
Ep 488	 reward -20.950	 ms 293.3	 loss 0.321972	 11.9s
Ep 489	 reward -20.871	 ms 292.2	 loss 0.179280	 11.0s
Ep 490	 reward -20.868	 ms 292.1	 loss 0.079686	 11.1s
Ep 491	 reward -20.921	 ms 292.9	 loss 0.304174	 10.7s
Ep 492	 reward -20.871	 ms 292.2	 loss 0.250881	 10.7s
Ep 493	 reward -20.896	 ms 292.6	 loss 0.143381	 11.1s
Ep 494	 reward -20.871	 ms 292.2	 loss 0.291901	 11.5s
Ep 495	 reward -20.754	 ms 290.6	 loss 0.171941	 11.2s
Ep 496	 reward -20.850	 ms 291.9	 loss 0.201532	 11.8s
Ep 497	 reward -20.879	 ms 292.3	 loss 0.197210	 12.1s
Ep 498	 reward -20.871	 ms 292.2	 loss 0.189269	 12.0s
Ep 499	 reward -20.975	 ms 293.6	 loss 0.097246	 11.6s
[vali @500] rel=0.8495 (best 0.8450)  LSW=287.2
Ep 500	 reward -20.839	 ms 291.8	 loss 0.321235	 19.8s
Ep 501	 reward -20.954	 ms 293.4	 loss 0.210515	 12.1s
Ep 502	 reward -20.836	 ms 291.7	 loss 0.286957	 11.9s
Ep 503	 reward -20.904	 ms 292.6	 loss 0.305734	 12.0s
Ep 504	 reward -20.796	 ms 291.1	 loss 0.219644	 13.0s
Ep 505	 reward -20.857	 ms 292.0	 loss 0.141556	 11.9s
Ep 506	 reward -20.793	 ms 291.1	 loss 0.285322	 12.1s
Ep 507	 reward -20.679	 ms 289.5	 loss 0.239787	 10.9s
Ep 508	 reward -20.839	 ms 291.8	 loss 0.181507	 12.3s
Ep 509	 reward -20.846	 ms 291.9	 loss 0.250889	 12.5s
Ep 510	 reward -20.814	 ms 291.4	 loss 0.201194	 12.0s
Ep 511	 reward -20.746	 ms 290.4	 loss 0.223281	 11.5s
Ep 512	 reward -20.943	 ms 293.2	 loss 0.267175	 11.8s
Ep 513	 reward -20.821	 ms 291.5	 loss 0.258877	 11.5s
Ep 514	 reward -20.736	 ms 290.3	 loss 0.231989	 11.3s
Ep 515	 reward -20.825	 ms 291.6	 loss 0.218699	 10.8s
Ep 516	 reward -20.679	 ms 289.5	 loss 0.168896	 11.6s
Ep 517	 reward -20.821	 ms 291.5	 loss 0.274439	 11.3s
Ep 518	 reward -20.854	 ms 291.9	 loss 0.245952	 10.8s
Ep 519	 reward -20.832	 ms 291.6	 loss 0.207887	 11.5s
Ep 520	 reward -20.825	 ms 291.6	 loss 0.234993	 11.2s
Ep 521	 reward -20.968	 ms 293.6	 loss 0.374173	 11.8s
Ep 522	 reward -20.854	 ms 291.9	 loss 0.384287	 10.7s
Ep 523	 reward -21.107	 ms 295.5	 loss 0.301403	 11.1s
Ep 524	 reward -21.082	 ms 295.1	 loss 0.303385	 11.5s
[vali @525] rel=0.8487 (best 0.8450)  LSW=287.0
Ep 525	 reward -21.096	 ms 295.4	 loss 0.217627	 19.8s
Ep 526	 reward -21.007	 ms 294.1	 loss 0.345535	 11.9s
Ep 527	 reward -21.071	 ms 295.0	 loss 0.225042	 11.9s
Ep 528	 reward -20.846	 ms 291.9	 loss 0.275772	 12.0s
Ep 529	 reward -21.075	 ms 295.1	 loss 0.321757	 12.7s
Ep 530	 reward -20.943	 ms 293.2	 loss 0.333055	 11.9s
Ep 531	 reward -21.086	 ms 295.2	 loss 0.156511	 11.8s
Ep 532	 reward -20.939	 ms 293.1	 loss 0.236874	 11.8s
Ep 533	 reward -21.136	 ms 295.9	 loss 0.246425	 12.8s
Ep 534	 reward -21.086	 ms 295.2	 loss 0.265116	 11.9s
Ep 535	 reward -21.061	 ms 294.9	 loss 0.146075	 12.0s
Ep 536	 reward -20.839	 ms 291.8	 loss 0.117979	 11.8s
Ep 537	 reward -20.818	 ms 291.4	 loss 0.281205	 13.7s
Ep 538	 reward -21.000	 ms 294.0	 loss 0.242341	 12.4s
Ep 539	 reward -20.882	 ms 292.4	 loss 0.292259	 11.9s
Ep 540	 reward -20.839	 ms 291.8	 loss 0.250960	 12.0s
Ep 541	 reward -21.179	 ms 296.5	 loss 0.429813	 12.0s
Ep 542	 reward -20.971	 ms 293.6	 loss 0.360915	 11.9s
Ep 543	 reward -21.068	 ms 294.9	 loss 0.122568	 10.8s
Ep 544	 reward -20.879	 ms 292.3	 loss 0.395948	 11.1s
Ep 545	 reward -21.143	 ms 296.0	 loss 0.182200	 10.9s
Ep 546	 reward -21.164	 ms 296.3	 loss 0.400110	 10.7s
Ep 547	 reward -21.071	 ms 295.0	 loss 0.330787	 11.3s
Ep 548	 reward -21.021	 ms 294.3	 loss 0.118496	 10.7s
Ep 549	 reward -21.100	 ms 295.4	 loss 0.320412	 11.6s
[vali @550] rel=0.8455 (best 0.8450)  LSW=285.9
Ep 550	 reward -20.904	 ms 292.6	 loss 0.169210	 19.4s
Ep 551	 reward -21.096	 ms 295.4	 loss 0.402974	 11.0s
Ep 552	 reward -21.132	 ms 295.9	 loss 0.161149	 12.3s
Ep 553	 reward -20.971	 ms 293.6	 loss 0.212746	 12.7s
Ep 554	 reward -21.068	 ms 294.9	 loss 0.295428	 12.4s
Ep 555	 reward -21.132	 ms 295.9	 loss 0.354630	 11.9s
Ep 556	 reward -20.914	 ms 292.8	 loss 0.280159	 11.2s
Ep 557	 reward -21.018	 ms 294.2	 loss 0.213329	 12.1s
Ep 558	 reward -20.950	 ms 293.3	 loss 0.182279	 12.0s
Ep 559	 reward -21.104	 ms 295.4	 loss 0.163363	 12.0s
Ep 560	 reward -21.154	 ms 296.1	 loss 0.264954	 11.6s
Ep 561	 reward -20.968	 ms 293.6	 loss 0.088505	 12.3s
Ep 562	 reward -20.850	 ms 291.9	 loss 0.127385	 12.3s
Ep 563	 reward -20.861	 ms 292.1	 loss 0.035839	 11.9s
Ep 564	 reward -20.950	 ms 293.3	 loss 0.058452	 12.2s
Ep 565	 reward -20.871	 ms 292.2	 loss 0.114630	 12.1s
Ep 566	 reward -20.832	 ms 291.6	 loss 0.178386	 12.4s
Ep 567	 reward -20.911	 ms 292.8	 loss 0.099874	 11.9s
Ep 568	 reward -20.996	 ms 293.9	 loss 0.175768	 12.1s
Ep 569	 reward -20.839	 ms 291.8	 loss 0.155331	 11.9s
Ep 570	 reward -20.886	 ms 292.4	 loss 0.154250	 11.6s
Ep 571	 reward -20.979	 ms 293.7	 loss 0.053777	 10.5s
Ep 572	 reward -20.871	 ms 292.2	 loss 0.059152	 10.6s
Ep 573	 reward -20.982	 ms 293.8	 loss 0.169208	 9.4s
Ep 574	 reward -21.014	 ms 294.2	 loss 0.149734	 7.4s
[vali @575] rel=0.8471 (best 0.8450)  LSW=286.4
Ep 575	 reward -21.029	 ms 294.4	 loss 0.051162	 11.2s
Ep 576	 reward -20.989	 ms 293.9	 loss 0.005637	 7.5s
Ep 577	 reward -21.043	 ms 294.6	 loss 0.138346	 7.7s
Ep 578	 reward -20.954	 ms 293.4	 loss 0.108100	 7.6s
Ep 579	 reward -20.821	 ms 291.5	 loss 0.114787	 7.7s
Ep 580	 reward -21.025	 ms 294.4	 loss 0.054918	 7.7s
Ep 581	 reward -20.932	 ms 293.1	 loss 0.409006	 7.8s
Ep 582	 reward -20.793	 ms 291.1	 loss 0.318174	 7.9s
Ep 583	 reward -20.893	 ms 292.5	 loss 0.386532	 8.8s
Ep 584	 reward -20.764	 ms 290.7	 loss 0.497329	 8.9s
Ep 585	 reward -20.821	 ms 291.5	 loss 0.152407	 8.4s
Ep 586	 reward -20.889	 ms 292.4	 loss 0.272791	 9.5s
Ep 587	 reward -20.918	 ms 292.9	 loss 0.259484	 9.5s
Ep 588	 reward -20.821	 ms 291.5	 loss 0.371989	 10.7s
Ep 589	 reward -20.782	 ms 290.9	 loss 0.230548	 10.9s
Ep 590	 reward -20.850	 ms 291.9	 loss 0.335629	 10.3s
Ep 591	 reward -20.921	 ms 292.9	 loss 0.294556	 11.0s
Ep 592	 reward -20.896	 ms 292.6	 loss 0.365315	 10.6s
Ep 593	 reward -20.689	 ms 289.6	 loss 0.419659	 10.8s
Ep 594	 reward -20.704	 ms 289.9	 loss 0.197009	 11.2s
Ep 595	 reward -20.764	 ms 290.7	 loss 0.242705	 11.6s
Ep 596	 reward -20.682	 ms 289.6	 loss 0.416730	 11.6s
Ep 597	 reward -20.739	 ms 290.4	 loss 0.230773	 11.3s
Ep 598	 reward -20.889	 ms 292.4	 loss 0.322061	 11.7s
Ep 599	 reward -20.736	 ms 290.3	 loss 0.281512	 12.6s
[vali @600] rel=0.8508 (best 0.8450)  LSW=287.7
Ep 600	 reward -20.907	 ms 292.7	 loss 0.363144	 19.4s
Ep 601	 reward -21.107	 ms 295.5	 loss 0.560787	 12.2s
Ep 602	 reward -21.114	 ms 295.6	 loss 0.464805	 12.1s
Ep 603	 reward -20.921	 ms 292.9	 loss 0.491904	 11.9s
Ep 604	 reward -21.050	 ms 294.7	 loss 0.250184	 11.7s
Ep 605	 reward -21.104	 ms 295.4	 loss 0.295247	 11.3s
Ep 606	 reward -21.089	 ms 295.2	 loss 0.373498	 12.0s
Ep 607	 reward -21.125	 ms 295.8	 loss 0.436117	 12.7s
Ep 608	 reward -21.111	 ms 295.6	 loss 0.333832	 13.0s
Ep 609	 reward -21.043	 ms 294.6	 loss 0.223718	 11.4s
Ep 610	 reward -20.846	 ms 291.9	 loss 0.243994	 11.1s
Ep 611	 reward -21.036	 ms 294.5	 loss 0.327994	 12.4s
Ep 612	 reward -21.146	 ms 296.1	 loss 0.377824	 11.6s
Ep 613	 reward -21.064	 ms 294.9	 loss 0.263153	 11.4s
Ep 614	 reward -20.950	 ms 293.3	 loss 0.339622	 11.9s
Ep 615	 reward -21.196	 ms 296.8	 loss 0.256769	 11.7s
Ep 616	 reward -21.121	 ms 295.7	 loss 0.118871	 11.6s
Ep 617	 reward -20.954	 ms 293.4	 loss 0.327337	 11.9s
Ep 618	 reward -21.054	 ms 294.8	 loss 0.380328	 12.0s
Ep 619	 reward -21.093	 ms 295.3	 loss 0.358192	 11.9s
Ep 620	 reward -20.975	 ms 293.6	 loss 0.194396	 11.5s
Ep 621	 reward -20.625	 ms 288.8	 loss 0.389986	 11.5s
Ep 622	 reward -20.675	 ms 289.4	 loss 0.406473	 12.0s
Ep 623	 reward -20.643	 ms 289.0	 loss 0.311353	 12.0s
Ep 624	 reward -20.682	 ms 289.6	 loss 0.383150	 11.5s
[vali @625] rel=0.8515 (best 0.8450)  LSW=287.9
Ep 625	 reward -20.764	 ms 290.7	 loss 0.197089	 19.8s
Ep 626	 reward -20.729	 ms 290.2	 loss 0.179700	 11.8s
Ep 627	 reward -20.832	 ms 291.6	 loss 0.211515	 12.0s
Ep 628	 reward -20.650	 ms 289.1	 loss 0.255885	 11.5s
Ep 629	 reward -20.639	 ms 288.9	 loss 0.403247	 11.6s
Ep 630	 reward -20.579	 ms 288.1	 loss 0.265520	 11.6s
Ep 631	 reward -20.586	 ms 288.2	 loss 0.331764	 11.6s
Ep 632	 reward -20.582	 ms 288.1	 loss 0.223013	 11.5s
Ep 633	 reward -20.607	 ms 288.5	 loss 0.374528	 11.9s
Ep 634	 reward -20.607	 ms 288.5	 loss 0.273852	 11.4s
Ep 635	 reward -20.554	 ms 287.8	 loss 0.302923	 11.6s
Ep 636	 reward -20.779	 ms 290.9	 loss 0.383672	 11.6s
Ep 637	 reward -20.768	 ms 290.8	 loss 0.252609	 11.2s
Ep 638	 reward -20.611	 ms 288.6	 loss 0.367166	 11.7s
Ep 639	 reward -20.618	 ms 288.6	 loss 0.309095	 11.7s
Ep 640	 reward -20.775	 ms 290.9	 loss 0.417610	 11.6s
Ep 641	 reward -20.800	 ms 291.2	 loss 0.263824	 11.6s
Ep 642	 reward -20.771	 ms 290.8	 loss 0.237911	 11.8s
Ep 643	 reward -20.629	 ms 288.8	 loss 0.270504	 11.6s
Ep 644	 reward -20.711	 ms 289.9	 loss 0.163263	 11.5s
Ep 645	 reward -20.782	 ms 290.9	 loss 0.143344	 11.0s
Ep 646	 reward -20.914	 ms 292.8	 loss 0.224922	 12.0s
Ep 647	 reward -20.893	 ms 292.5	 loss 0.333786	 12.2s
Ep 648	 reward -20.736	 ms 290.3	 loss 0.310456	 11.1s
Ep 649	 reward -20.893	 ms 292.5	 loss 0.122642	 11.4s
[vali @650] rel=0.8502 (best 0.8450)  LSW=287.5
Ep 650	 reward -20.814	 ms 291.4	 loss 0.214776	 20.4s
Ep 651	 reward -20.871	 ms 292.2	 loss 0.085346	 12.9s
Ep 652	 reward -20.807	 ms 291.3	 loss 0.111204	 11.8s
Ep 653	 reward -20.818	 ms 291.4	 loss 0.297090	 11.9s
Ep 654	 reward -20.821	 ms 291.5	 loss 0.389203	 11.6s
Ep 655	 reward -20.796	 ms 291.1	 loss 0.294024	 12.3s
Ep 656	 reward -20.836	 ms 291.7	 loss 0.297324	 12.5s
Ep 657	 reward -20.714	 ms 290.0	 loss 0.155783	 12.1s
Ep 658	 reward -20.679	 ms 289.5	 loss 0.225623	 12.3s
Ep 659	 reward -20.779	 ms 290.9	 loss 0.367449	 12.4s
Ep 660	 reward -20.746	 ms 290.4	 loss 0.197528	 12.9s
Ep 661	 reward -20.346	 ms 284.9	 loss 0.348689	 11.9s
Ep 662	 reward -20.229	 ms 283.2	 loss 0.352597	 14.0s
Ep 663	 reward -20.343	 ms 284.8	 loss 0.205012	 12.4s
Ep 664	 reward -20.154	 ms 282.1	 loss 0.284787	 12.1s
Ep 665	 reward -20.143	 ms 282.0	 loss 0.271783	 11.9s
Ep 666	 reward -20.275	 ms 283.9	 loss 0.163429	 11.9s
Ep 667	 reward -20.350	 ms 284.9	 loss 0.320075	 12.6s
Ep 668	 reward -20.168	 ms 282.4	 loss 0.289732	 11.7s
Ep 669	 reward -20.093	 ms 281.3	 loss 0.178226	 12.5s
Ep 670	 reward -20.232	 ms 283.2	 loss 0.184205	 11.7s
Ep 671	 reward -20.200	 ms 282.8	 loss 0.172414	 13.2s
Ep 672	 reward -20.361	 ms 285.1	 loss 0.138995	 12.4s
Ep 673	 reward -20.086	 ms 281.2	 loss 0.270729	 12.2s
Ep 674	 reward -20.146	 ms 282.1	 loss 0.306364	 12.5s
[vali @675] rel=0.8473 (best 0.8450)  LSW=286.5
Ep 675	 reward -20.218	 ms 283.1	 loss 0.286627	 20.7s
Ep 676	 reward -20.100	 ms 281.4	 loss 0.305284	 12.6s
Ep 677	 reward -20.193	 ms 282.7	 loss 0.192555	 11.8s
Ep 678	 reward -20.386	 ms 285.4	 loss 0.316951	 12.3s
Ep 679	 reward -20.318	 ms 284.4	 loss 0.298196	 11.7s
Ep 680	 reward -20.179	 ms 282.5	 loss 0.275989	 13.5s
Ep 681	 reward -20.882	 ms 292.4	 loss 0.148753	 12.7s
Ep 682	 reward -20.807	 ms 291.3	 loss 0.095344	 13.6s
Ep 683	 reward -20.907	 ms 292.7	 loss 0.096236	 12.3s
Ep 684	 reward -20.714	 ms 290.0	 loss 0.312320	 12.4s
Ep 685	 reward -20.754	 ms 290.6	 loss 0.159996	 11.7s
Ep 686	 reward -20.861	 ms 292.1	 loss 0.112499	 12.2s
Ep 687	 reward -20.661	 ms 289.2	 loss 0.067242	 12.7s
Ep 688	 reward -20.668	 ms 289.4	 loss 0.097012	 11.9s
Ep 689	 reward -20.725	 ms 290.1	 loss 0.106648	 11.8s
Ep 690	 reward -20.589	 ms 288.2	 loss 0.130276	 13.1s
Ep 691	 reward -20.782	 ms 290.9	 loss 0.085196	 13.4s
Ep 692	 reward -20.746	 ms 290.4	 loss 0.033285	 12.3s
Ep 693	 reward -20.743	 ms 290.4	 loss 0.074972	 11.8s
Ep 694	 reward -20.571	 ms 288.0	 loss 0.047132	 12.9s
Ep 695	 reward -20.700	 ms 289.8	 loss 0.110370	 13.5s
Ep 696	 reward -20.782	 ms 290.9	 loss 0.196996	 13.0s
Ep 697	 reward -20.696	 ms 289.8	 loss 0.128108	 13.4s
Ep 698	 reward -20.704	 ms 289.9	 loss 0.126459	 13.1s
Ep 699	 reward -20.629	 ms 288.8	 loss 0.042846	 12.3s
[vali @700] rel=0.8427 (best 0.8427)  LSW=284.9
Ep 700	 reward -20.775	 ms 290.9	 loss 0.228535	 19.7s
Ep 701	 reward -20.504	 ms 287.1	 loss 0.228484	 11.8s
Ep 702	 reward -20.639	 ms 288.9	 loss 0.189213	 12.9s
Ep 703	 reward -20.704	 ms 289.9	 loss 0.128553	 12.7s
Ep 704	 reward -20.668	 ms 289.4	 loss 0.194672	 12.3s
Ep 705	 reward -20.514	 ms 287.2	 loss 0.160088	 13.3s
Ep 706	 reward -20.593	 ms 288.3	 loss 0.250039	 12.6s
Ep 707	 reward -20.507	 ms 287.1	 loss 0.176397	 12.2s
Ep 708	 reward -20.682	 ms 289.6	 loss 0.155665	 11.5s
Ep 709	 reward -20.596	 ms 288.4	 loss 0.167159	 12.0s
Ep 710	 reward -20.514	 ms 287.2	 loss 0.223030	 12.4s
Ep 711	 reward -20.504	 ms 287.1	 loss 0.103407	 13.0s
Ep 712	 reward -20.575	 ms 288.1	 loss 0.107689	 12.3s
Ep 713	 reward -20.443	 ms 286.2	 loss 0.173673	 12.5s
Ep 714	 reward -20.418	 ms 285.9	 loss 0.090202	 12.7s
Ep 715	 reward -20.621	 ms 288.7	 loss 0.132571	 13.2s
Ep 716	 reward -20.507	 ms 287.1	 loss 0.107172	 11.8s
Ep 717	 reward -20.650	 ms 289.1	 loss 0.077772	 11.8s
Ep 718	 reward -20.629	 ms 288.8	 loss 0.208903	 13.7s
Ep 719	 reward -20.568	 ms 287.9	 loss 0.151540	 12.8s
Ep 720	 reward -20.493	 ms 286.9	 loss 0.180725	 11.4s
Ep 721	 reward -20.350	 ms 284.9	 loss 0.262395	 12.1s
Ep 722	 reward -20.489	 ms 286.9	 loss 0.382635	 12.9s
Ep 723	 reward -20.439	 ms 286.1	 loss 0.338685	 12.6s
Ep 724	 reward -20.321	 ms 284.5	 loss 0.183828	 12.5s
[vali @725] rel=0.8452 (best 0.8427)  LSW=285.8
Ep 725	 reward -20.396	 ms 285.6	 loss 0.318361	 20.5s
Ep 726	 reward -20.536	 ms 287.5	 loss 0.298778	 12.5s
Ep 727	 reward -20.529	 ms 287.4	 loss 0.389163	 12.4s
Ep 728	 reward -20.411	 ms 285.8	 loss 0.216425	 13.4s
Ep 729	 reward -20.482	 ms 286.8	 loss 0.404525	 12.3s
Ep 730	 reward -20.496	 ms 286.9	 loss 0.393516	 12.5s
Ep 731	 reward -20.521	 ms 287.3	 loss 0.403823	 12.4s
Ep 732	 reward -20.421	 ms 285.9	 loss 0.549865	 11.7s
Ep 733	 reward -20.518	 ms 287.2	 loss 0.373970	 13.0s
Ep 734	 reward -20.596	 ms 288.4	 loss 0.291332	 12.5s
Ep 735	 reward -20.536	 ms 287.5	 loss 0.251551	 12.3s
Ep 736	 reward -20.468	 ms 286.6	 loss 0.209969	 12.3s
Ep 737	 reward -20.589	 ms 288.2	 loss 0.325017	 11.5s
Ep 738	 reward -20.511	 ms 287.1	 loss 0.458088	 13.7s
Ep 739	 reward -20.421	 ms 285.9	 loss 0.428841	 12.9s
Ep 740	 reward -20.364	 ms 285.1	 loss 0.340699	 11.2s
Ep 741	 reward -20.439	 ms 286.1	 loss 0.192616	 12.2s
Ep 742	 reward -20.432	 ms 286.1	 loss 0.198522	 13.9s
Ep 743	 reward -20.364	 ms 285.1	 loss 0.151259	 12.1s
Ep 744	 reward -20.557	 ms 287.8	 loss 0.093702	 12.4s
Ep 745	 reward -20.432	 ms 286.1	 loss 0.118978	 12.6s
Ep 746	 reward -20.500	 ms 287.0	 loss 0.186016	 12.9s
Ep 747	 reward -20.429	 ms 286.0	 loss 0.118040	 11.7s
Ep 748	 reward -20.407	 ms 285.7	 loss 0.127194	 11.9s
Ep 749	 reward -20.482	 ms 286.8	 loss 0.125785	 13.3s
[vali @750] rel=0.8464 (best 0.8427)  LSW=286.2
Ep 750	 reward -20.304	 ms 284.2	 loss 0.145537	 21.6s
Ep 751	 reward -20.446	 ms 286.2	 loss 0.123634	 13.1s
Ep 752	 reward -20.375	 ms 285.2	 loss 0.186464	 12.6s
Ep 753	 reward -20.421	 ms 285.9	 loss 0.196465	 11.6s
Ep 754	 reward -20.386	 ms 285.4	 loss 0.187516	 13.0s
Ep 755	 reward -20.321	 ms 284.5	 loss 0.081867	 13.5s
Ep 756	 reward -20.482	 ms 286.8	 loss 0.139535	 11.5s
Ep 757	 reward -20.314	 ms 284.4	 loss 0.195460	 12.3s
Ep 758	 reward -20.318	 ms 284.4	 loss 0.122460	 13.4s
Ep 759	 reward -20.364	 ms 285.1	 loss 0.192917	 12.5s
Ep 760	 reward -20.439	 ms 286.1	 loss 0.178319	 11.2s
Ep 761	 reward -20.450	 ms 286.3	 loss 0.134222	 12.8s
Ep 762	 reward -20.564	 ms 287.9	 loss 0.122968	 12.9s
Ep 763	 reward -20.550	 ms 287.7	 loss 0.124652	 12.0s
Ep 764	 reward -20.429	 ms 286.0	 loss 0.090861	 12.6s
Ep 765	 reward -20.518	 ms 287.2	 loss 0.121293	 12.2s
Ep 766	 reward -20.461	 ms 286.4	 loss 0.136937	 13.6s
Ep 767	 reward -20.493	 ms 286.9	 loss 0.124998	 15.4s
Ep 768	 reward -20.339	 ms 284.8	 loss 0.078982	 12.3s
Ep 769	 reward -20.543	 ms 287.6	 loss 0.028469	 13.9s
Ep 770	 reward -20.493	 ms 286.9	 loss 0.102497	 12.8s
Ep 771	 reward -20.593	 ms 288.3	 loss 0.140321	 11.7s
Ep 772	 reward -20.557	 ms 287.8	 loss 0.160702	 11.4s
Ep 773	 reward -20.500	 ms 287.0	 loss 0.144909	 12.6s
Ep 774	 reward -20.586	 ms 288.2	 loss 0.020484	 12.2s
[vali @775] rel=0.8446 (best 0.8427)  LSW=285.6
Ep 775	 reward -20.489	 ms 286.9	 loss -0.001560	 20.9s
Ep 776	 reward -20.496	 ms 286.9	 loss 0.017740	 12.4s
Ep 777	 reward -20.536	 ms 287.5	 loss 0.011885	 13.3s
Ep 778	 reward -20.389	 ms 285.4	 loss 0.041583	 11.6s
Ep 779	 reward -20.371	 ms 285.2	 loss 0.130563	 11.5s
Ep 780	 reward -20.414	 ms 285.8	 loss 0.120906	 11.6s
Ep 781	 reward -20.796	 ms 291.1	 loss 0.146527	 11.7s
Ep 782	 reward -20.843	 ms 291.8	 loss 0.153524	 12.7s
Ep 783	 reward -20.893	 ms 292.5	 loss 0.184575	 12.5s
Ep 784	 reward -21.071	 ms 295.0	 loss 0.141359	 11.6s
Ep 785	 reward -20.825	 ms 291.6	 loss 0.186178	 11.9s
Ep 786	 reward -21.007	 ms 294.1	 loss 0.162687	 11.9s
Ep 787	 reward -20.854	 ms 291.9	 loss 0.195973	 12.0s
Ep 788	 reward -20.854	 ms 291.9	 loss 0.170673	 11.5s
Ep 789	 reward -20.846	 ms 291.9	 loss 0.167306	 12.7s
Ep 790	 reward -20.932	 ms 293.1	 loss 0.090215	 11.1s
Ep 791	 reward -20.918	 ms 292.9	 loss 0.160940	 12.0s
Ep 792	 reward -20.950	 ms 293.3	 loss 0.214281	 12.6s
Ep 793	 reward -20.900	 ms 292.6	 loss 0.168602	 13.3s
Ep 794	 reward -21.014	 ms 294.2	 loss 0.134823	 11.9s
Ep 795	 reward -21.014	 ms 294.2	 loss 0.189916	 12.2s
Ep 796	 reward -20.918	 ms 292.9	 loss 0.243384	 12.3s
Ep 797	 reward -20.814	 ms 291.4	 loss 0.185234	 12.4s
Ep 798	 reward -20.954	 ms 293.4	 loss 0.260046	 12.8s
Ep 799	 reward -20.743	 ms 290.4	 loss 0.229761	 13.7s
[vali @800] rel=0.8424 (best 0.8424)  LSW=284.9
Ep 800	 reward -20.971	 ms 293.6	 loss 0.193694	 19.5s
Ep 801	 reward -20.204	 ms 282.9	 loss 0.301080	 13.1s
Ep 802	 reward -20.514	 ms 287.2	 loss 0.347027	 11.6s
Ep 803	 reward -20.468	 ms 286.6	 loss 0.289020	 12.3s
Ep 804	 reward -20.357	 ms 285.0	 loss 0.374649	 12.4s
Ep 805	 reward -20.436	 ms 286.1	 loss 0.379606	 14.0s
Ep 806	 reward -20.389	 ms 285.4	 loss 0.234217	 14.0s
Ep 807	 reward -20.429	 ms 286.0	 loss 0.235520	 11.6s
Ep 808	 reward -20.536	 ms 287.5	 loss 0.309702	 12.1s
Ep 809	 reward -20.564	 ms 287.9	 loss 0.235763	 12.9s
Ep 810	 reward -20.486	 ms 286.8	 loss 0.240086	 11.9s
Ep 811	 reward -20.521	 ms 287.3	 loss 0.231366	 11.6s
Ep 812	 reward -20.471	 ms 286.6	 loss 0.330642	 12.3s
Ep 813	 reward -20.486	 ms 286.8	 loss 0.246132	 12.8s
Ep 814	 reward -20.550	 ms 287.7	 loss 0.345480	 11.8s
Ep 815	 reward -20.532	 ms 287.4	 loss 0.324552	 11.6s
Ep 816	 reward -20.425	 ms 285.9	 loss 0.327735	 12.0s
Ep 817	 reward -20.471	 ms 286.6	 loss 0.300129	 11.9s
Ep 818	 reward -20.550	 ms 287.7	 loss 0.359646	 11.7s
Ep 819	 reward -20.529	 ms 287.4	 loss 0.347831	 11.5s
Ep 820	 reward -20.479	 ms 286.7	 loss 0.044144	 10.9s
Ep 821	 reward -20.704	 ms 289.9	 loss 0.156034	 12.2s
Ep 822	 reward -20.857	 ms 292.0	 loss 0.145529	 12.0s
Ep 823	 reward -20.732	 ms 290.2	 loss 0.176298	 11.1s
Ep 824	 reward -20.768	 ms 290.8	 loss 0.209818	 12.3s
[vali @825] rel=0.8459 (best 0.8424)  LSW=286.1
Ep 825	 reward -20.732	 ms 290.2	 loss 0.163467	 20.5s
Ep 826	 reward -20.718	 ms 290.1	 loss 0.182871	 11.0s
Ep 827	 reward -20.771	 ms 290.8	 loss 0.234156	 11.9s
Ep 828	 reward -20.925	 ms 292.9	 loss 0.266032	 12.1s
Ep 829	 reward -20.764	 ms 290.7	 loss 0.156337	 11.8s
Ep 830	 reward -20.675	 ms 289.4	 loss 0.122152	 11.2s
Ep 831	 reward -20.689	 ms 289.6	 loss 0.182330	 11.1s
Ep 832	 reward -20.714	 ms 290.0	 loss 0.178604	 11.5s
Ep 833	 reward -20.793	 ms 291.1	 loss 0.243049	 11.7s
Ep 834	 reward -20.871	 ms 292.2	 loss 0.114453	 12.0s
Ep 835	 reward -20.725	 ms 290.1	 loss 0.215483	 11.8s
Ep 836	 reward -20.679	 ms 289.5	 loss 0.226201	 11.6s
Ep 837	 reward -20.725	 ms 290.1	 loss 0.100254	 11.9s
Ep 838	 reward -20.761	 ms 290.6	 loss 0.196312	 13.7s
Ep 839	 reward -20.839	 ms 291.8	 loss 0.228124	 12.1s
Ep 840	 reward -20.754	 ms 290.6	 loss 0.252710	 12.1s
Ep 841	 reward -20.836	 ms 291.7	 loss -0.012730	 12.3s
Ep 842	 reward -20.900	 ms 292.6	 loss 0.062863	 11.7s
Ep 843	 reward -20.957	 ms 293.4	 loss 0.212711	 10.8s
Ep 844	 reward -20.896	 ms 292.6	 loss 0.063818	 11.3s
Ep 845	 reward -20.882	 ms 292.4	 loss 0.034635	 11.7s
Ep 846	 reward -20.789	 ms 291.1	 loss -0.009942	 12.1s
Ep 847	 reward -20.732	 ms 290.2	 loss 0.208359	 11.9s
Ep 848	 reward -20.796	 ms 291.1	 loss 0.031088	 12.0s
Ep 849	 reward -20.964	 ms 293.5	 loss 0.075256	 12.5s
[vali @850] rel=0.8455 (best 0.8424)  LSW=285.9
Ep 850	 reward -20.736	 ms 290.3	 loss 0.011939	 21.3s
Ep 851	 reward -20.814	 ms 291.4	 loss -0.023730	 13.3s
Ep 852	 reward -20.714	 ms 290.0	 loss 0.003724	 13.3s
Ep 853	 reward -20.757	 ms 290.6	 loss 0.029087	 15.3s
Ep 854	 reward -20.814	 ms 291.4	 loss 0.054063	 12.9s
Ep 855	 reward -20.675	 ms 289.4	 loss 0.109249	 13.2s
Ep 856	 reward -20.725	 ms 290.1	 loss -0.028054	 11.8s
Ep 857	 reward -20.714	 ms 290.0	 loss 0.069004	 12.4s
Ep 858	 reward -20.829	 ms 291.6	 loss 0.047947	 12.7s
Ep 859	 reward -20.757	 ms 290.6	 loss 0.143696	 12.3s
Ep 860	 reward -20.739	 ms 290.4	 loss 0.200317	 12.0s
Ep 861	 reward -20.611	 ms 288.6	 loss 0.168329	 12.6s
Ep 862	 reward -20.661	 ms 289.2	 loss 0.109258	 12.2s
Ep 863	 reward -20.536	 ms 287.5	 loss 0.066081	 12.3s
Ep 864	 reward -20.671	 ms 289.4	 loss 0.198054	 12.5s
Ep 865	 reward -20.639	 ms 288.9	 loss 0.067804	 13.0s
Ep 866	 reward -20.482	 ms 286.8	 loss 0.032821	 12.4s
Ep 867	 reward -20.696	 ms 289.8	 loss 0.133562	 12.3s
Ep 868	 reward -20.650	 ms 289.1	 loss 0.138827	 12.2s
Ep 869	 reward -20.439	 ms 286.1	 loss 0.044886	 12.3s
Ep 870	 reward -20.575	 ms 288.1	 loss 0.171731	 12.2s
Ep 871	 reward -20.582	 ms 288.1	 loss 0.114777	 12.2s
Ep 872	 reward -20.546	 ms 287.6	 loss 0.231866	 12.2s
Ep 873	 reward -20.464	 ms 286.5	 loss 0.042756	 12.3s
Ep 874	 reward -20.407	 ms 285.7	 loss 0.136375	 11.7s
[vali @875] rel=0.8416 (best 0.8416)  LSW=284.6
Ep 875	 reward -20.654	 ms 289.1	 loss 0.218729	 19.4s
Ep 876	 reward -20.671	 ms 289.4	 loss 0.098599	 12.2s
Ep 877	 reward -20.461	 ms 286.4	 loss 0.069701	 12.7s
Ep 878	 reward -20.568	 ms 287.9	 loss 0.078346	 12.0s
Ep 879	 reward -20.396	 ms 285.6	 loss 0.094273	 12.6s
Ep 880	 reward -20.393	 ms 285.5	 loss -0.005608	 12.3s
Ep 881	 reward -20.904	 ms 292.6	 loss 0.143490	 12.7s
Ep 882	 reward -20.889	 ms 292.4	 loss 0.131481	 12.3s
Ep 883	 reward -20.711	 ms 289.9	 loss 0.094953	 13.0s
Ep 884	 reward -20.893	 ms 292.5	 loss 0.120045	 12.1s
Ep 885	 reward -20.954	 ms 293.4	 loss 0.097159	 12.4s
Ep 886	 reward -21.043	 ms 294.6	 loss 0.112921	 11.9s
Ep 887	 reward -20.746	 ms 290.4	 loss 0.138828	 12.0s
Ep 888	 reward -20.850	 ms 291.9	 loss 0.108797	 11.7s
Ep 889	 reward -20.879	 ms 292.3	 loss 0.099324	 12.5s
Ep 890	 reward -20.986	 ms 293.8	 loss 0.137569	 12.5s
Ep 891	 reward -20.721	 ms 290.1	 loss 0.051119	 12.8s
Ep 892	 reward -20.911	 ms 292.8	 loss 0.110354	 12.5s
Ep 893	 reward -20.993	 ms 293.9	 loss 0.089485	 12.5s
Ep 894	 reward -20.936	 ms 293.1	 loss 0.061792	 13.1s
Ep 895	 reward -20.875	 ms 292.2	 loss 0.043856	 12.8s
Ep 896	 reward -21.032	 ms 294.4	 loss 0.097448	 13.1s
Ep 897	 reward -21.111	 ms 295.6	 loss 0.139591	 13.0s
Ep 898	 reward -20.932	 ms 293.1	 loss 0.105052	 12.9s
Ep 899	 reward -20.839	 ms 291.8	 loss 0.154367	 13.1s
[vali @900] rel=0.8450 (best 0.8416)  LSW=285.8
Ep 900	 reward -20.914	 ms 292.8	 loss 0.098975	 21.1s
Ep 901	 reward -20.389	 ms 285.4	 loss 0.278750	 13.2s
Ep 902	 reward -20.361	 ms 285.1	 loss 0.376100	 13.2s
Ep 903	 reward -20.239	 ms 283.4	 loss 0.233924	 13.1s
Ep 904	 reward -20.425	 ms 285.9	 loss 0.353128	 13.2s
Ep 905	 reward -20.321	 ms 284.5	 loss 0.320975	 13.0s
Ep 906	 reward -20.329	 ms 284.6	 loss 0.355296	 13.0s
Ep 907	 reward -20.407	 ms 285.7	 loss 0.192660	 13.4s
Ep 908	 reward -20.343	 ms 284.8	 loss 0.353309	 13.2s
Ep 909	 reward -20.496	 ms 286.9	 loss 0.370164	 12.8s
Ep 910	 reward -20.179	 ms 282.5	 loss 0.161115	 13.0s
Ep 911	 reward -20.332	 ms 284.6	 loss 0.265367	 13.2s
Ep 912	 reward -20.382	 ms 285.4	 loss 0.355171	 13.4s
Ep 913	 reward -20.561	 ms 287.9	 loss 0.343044	 13.7s
Ep 914	 reward -20.361	 ms 285.1	 loss 0.271771	 13.7s
Ep 915	 reward -20.314	 ms 284.4	 loss 0.377691	 13.5s
Ep 916	 reward -20.321	 ms 284.5	 loss 0.138494	 13.0s
Ep 917	 reward -20.375	 ms 285.2	 loss 0.342903	 15.1s
Ep 918	 reward -20.257	 ms 283.6	 loss 0.192294	 16.2s
Ep 919	 reward -20.389	 ms 285.4	 loss 0.364889	 17.8s
Ep 920	 reward -20.214	 ms 283.0	 loss 0.111160	 18.0s
Ep 921	 reward -20.879	 ms 292.3	 loss 0.295241	 13.5s
Ep 922	 reward -20.764	 ms 290.7	 loss 0.334758	 13.4s
Ep 923	 reward -21.025	 ms 294.4	 loss 0.322306	 13.7s
Ep 924	 reward -20.932	 ms 293.1	 loss 0.362166	 13.6s
[vali @925] rel=0.8449 (best 0.8416)  LSW=285.7
Ep 925	 reward -20.704	 ms 289.9	 loss 0.267220	 22.3s
Ep 926	 reward -20.907	 ms 292.7	 loss 0.291295	 13.8s
Ep 927	 reward -20.832	 ms 291.6	 loss 0.171939	 13.6s
Ep 928	 reward -20.936	 ms 293.1	 loss 0.273496	 14.3s
Ep 929	 reward -20.736	 ms 290.3	 loss 0.162461	 13.8s
Ep 930	 reward -20.986	 ms 293.8	 loss 0.149812	 13.1s
Ep 931	 reward -20.986	 ms 293.8	 loss 0.355581	 13.2s
Ep 932	 reward -20.936	 ms 293.1	 loss 0.224263	 13.2s
Ep 933	 reward -20.868	 ms 292.1	 loss 0.230923	 13.2s
Ep 934	 reward -20.954	 ms 293.4	 loss 0.151796	 13.5s
Ep 935	 reward -20.693	 ms 289.7	 loss 0.150255	 12.8s
Ep 936	 reward -21.132	 ms 295.9	 loss 0.302719	 13.1s
Ep 937	 reward -20.882	 ms 292.4	 loss 0.233183	 13.3s
Ep 938	 reward -21.046	 ms 294.6	 loss 0.098014	 13.1s
Ep 939	 reward -20.829	 ms 291.6	 loss 0.259155	 12.9s
Ep 940	 reward -20.893	 ms 292.5	 loss 0.241782	 13.6s
Ep 941	 reward -20.329	 ms 284.6	 loss 0.284203	 12.6s
Ep 942	 reward -20.229	 ms 283.2	 loss 0.296069	 13.5s
Ep 943	 reward -20.239	 ms 283.4	 loss 0.253496	 17.0s
Ep 944	 reward -20.371	 ms 285.2	 loss 0.203500	 15.4s
Ep 945	 reward -20.325	 ms 284.6	 loss 0.225262	 16.1s
Ep 946	 reward -20.329	 ms 284.6	 loss 0.231997	 13.5s
Ep 947	 reward -20.318	 ms 284.4	 loss 0.233944	 13.3s
Ep 948	 reward -20.329	 ms 284.6	 loss 0.267512	 13.0s
Ep 949	 reward -20.221	 ms 283.1	 loss 0.221519	 12.4s
[vali @950] rel=0.8507 (best 0.8416)  LSW=287.6
Ep 950	 reward -20.364	 ms 285.1	 loss 0.310919	 22.7s
Ep 951	 reward -20.407	 ms 285.7	 loss 0.279075	 12.9s
Ep 952	 reward -20.357	 ms 285.0	 loss 0.125397	 13.1s
Ep 953	 reward -20.329	 ms 284.6	 loss 0.175729	 13.3s
Ep 954	 reward -20.411	 ms 285.8	 loss 0.304987	 13.3s
Ep 955	 reward -20.411	 ms 285.8	 loss 0.152134	 13.2s
Ep 956	 reward -20.382	 ms 285.4	 loss 0.236813	 13.5s
Ep 957	 reward -20.246	 ms 283.4	 loss 0.241019	 13.1s
Ep 958	 reward -20.400	 ms 285.6	 loss 0.272103	 13.2s
Ep 959	 reward -20.314	 ms 284.4	 loss 0.286891	 13.4s
Ep 960	 reward -20.325	 ms 284.6	 loss 0.205505	 13.5s
Ep 961	 reward -20.839	 ms 291.8	 loss 0.443710	 12.8s
Ep 962	 reward -20.893	 ms 292.5	 loss 0.317167	 13.3s
Ep 963	 reward -21.039	 ms 294.6	 loss 0.433484	 13.5s
Ep 964	 reward -20.768	 ms 290.8	 loss 0.355860	 13.5s
Ep 965	 reward -20.971	 ms 293.6	 loss 0.193690	 13.6s
Ep 966	 reward -21.071	 ms 295.0	 loss 0.291366	 13.2s
Ep 967	 reward -21.089	 ms 295.2	 loss 0.210691	 13.0s
Ep 968	 reward -20.782	 ms 290.9	 loss 0.176017	 12.9s
Ep 969	 reward -21.132	 ms 295.9	 loss 0.363598	 13.0s
Ep 970	 reward -20.714	 ms 290.0	 loss 0.234699	 12.9s
Ep 971	 reward -21.043	 ms 294.6	 loss 0.333064	 13.1s
Ep 972	 reward -20.800	 ms 291.2	 loss 0.340484	 13.3s
Ep 973	 reward -20.861	 ms 292.1	 loss 0.419524	 13.1s
Ep 974	 reward -20.829	 ms 291.6	 loss 0.220208	 12.0s
[vali @975] rel=0.8458 (best 0.8416)  LSW=286.0
Ep 975	 reward -21.100	 ms 295.4	 loss 0.286437	 19.8s
Ep 976	 reward -20.986	 ms 293.8	 loss 0.228815	 12.6s
Ep 977	 reward -20.979	 ms 293.7	 loss 0.199978	 12.2s
Ep 978	 reward -20.875	 ms 292.2	 loss 0.422089	 12.4s
Ep 979	 reward -20.811	 ms 291.4	 loss 0.364508	 12.5s
Ep 980	 reward -20.854	 ms 291.9	 loss 0.336051	 12.5s
Ep 981	 reward -20.846	 ms 291.9	 loss 0.279865	 11.8s
Ep 982	 reward -20.814	 ms 291.4	 loss 0.192834	 11.2s
Ep 983	 reward -20.786	 ms 291.0	 loss 0.176480	 12.0s
Ep 984	 reward -21.086	 ms 295.2	 loss 0.297489	 11.4s
Ep 985	 reward -21.064	 ms 294.9	 loss 0.210141	 10.8s
Ep 986	 reward -20.900	 ms 292.6	 loss 0.290570	 11.6s
Ep 987	 reward -20.957	 ms 293.4	 loss 0.316436	 11.7s
Ep 988	 reward -20.986	 ms 293.8	 loss 0.126893	 12.2s
Ep 989	 reward -20.836	 ms 291.7	 loss 0.236756	 11.8s
Ep 990	 reward -20.879	 ms 292.3	 loss 0.089073	 10.5s
Ep 991	 reward -21.000	 ms 294.0	 loss 0.104516	 11.6s
Ep 992	 reward -20.961	 ms 293.4	 loss 0.091055	 11.5s
Ep 993	 reward -21.146	 ms 296.1	 loss 0.309096	 12.0s
Ep 994	 reward -21.025	 ms 294.4	 loss 0.041773	 12.7s
Ep 995	 reward -20.993	 ms 293.9	 loss 0.307447	 12.4s
Ep 996	 reward -20.857	 ms 292.0	 loss 0.251849	 12.5s
Ep 997	 reward -21.029	 ms 294.4	 loss 0.248990	 11.7s
Ep 998	 reward -20.889	 ms 292.4	 loss 0.203156	 11.9s
Ep 999	 reward -21.025	 ms 294.4	 loss 0.246793	 12.4s
[vali @1000] rel=0.8442 (best 0.8416)  LSW=285.4
Ep 1000	 reward -21.043	 ms 294.6	 loss 0.285495	 21.3s
[train_family] done in 3.29 h; best rel=0.8416
