[vali] MWKR norms: W=186.3
[model] params total=32786  film=0 (0.00%)
[train_family] model=10x25+family+spec-W-s303 regimes=['W'] updates=1000
Ep 1	 reward -11.575	 ms 162.1	 loss 1.194200	 15.9s
Ep 2	 reward -11.632	 ms 162.8	 loss 0.952826	 15.8s
Ep 3	 reward -11.432	 ms 160.1	 loss 1.116140	 13.6s
Ep 4	 reward -11.400	 ms 159.6	 loss 1.321113	 12.6s
Ep 5	 reward -11.436	 ms 160.1	 loss 1.107027	 13.6s
Ep 6	 reward -11.396	 ms 159.6	 loss 0.800487	 9.9s
Ep 7	 reward -11.611	 ms 162.6	 loss 0.753832	 14.8s
Ep 8	 reward -11.450	 ms 160.3	 loss 0.666712	 11.8s
Ep 9	 reward -11.789	 ms 165.1	 loss 0.710239	 12.1s
Ep 10	 reward -11.532	 ms 161.4	 loss 0.524755	 14.1s
Ep 11	 reward -11.414	 ms 159.8	 loss 0.389505	 15.2s
Ep 12	 reward -11.496	 ms 160.9	 loss 0.317790	 15.5s
Ep 13	 reward -11.550	 ms 161.7	 loss 0.378580	 14.5s
Ep 14	 reward -11.668	 ms 163.3	 loss 0.308284	 17.0s
Ep 15	 reward -11.546	 ms 161.7	 loss 0.253893	 14.7s
Ep 16	 reward -11.632	 ms 162.8	 loss 0.190452	 16.8s
Ep 17	 reward -11.504	 ms 161.1	 loss 0.207775	 15.1s
Ep 18	 reward -11.589	 ms 162.2	 loss 0.191283	 16.7s
Ep 19	 reward -11.400	 ms 159.6	 loss 0.166667	 13.6s
Ep 20	 reward -11.600	 ms 162.4	 loss 0.131506	 15.2s
Ep 21	 reward -11.468	 ms 160.6	 loss 0.286566	 13.0s
Ep 22	 reward -11.614	 ms 162.6	 loss 0.203152	 14.4s
Ep 23	 reward -11.889	 ms 166.4	 loss 0.224399	 13.3s
Ep 24	 reward -11.614	 ms 162.6	 loss 0.306483	 14.0s
[vali @25] rel=0.9461 (best 0.9461)  W=176.2
Ep 25	 reward -11.761	 ms 164.7	 loss 0.128950	 23.3s
Ep 26	 reward -11.807	 ms 165.3	 loss 0.284922	 15.2s
Ep 27	 reward -11.879	 ms 166.3	 loss 0.166240	 15.2s
Ep 28	 reward -11.600	 ms 162.4	 loss 0.230240	 14.4s
Ep 29	 reward -11.468	 ms 160.6	 loss 0.224952	 14.9s
Ep 30	 reward -11.518	 ms 161.2	 loss 0.187472	 16.0s
Ep 31	 reward -11.704	 ms 163.8	 loss 0.287376	 13.8s
Ep 32	 reward -11.636	 ms 162.9	 loss 0.377404	 16.6s
Ep 33	 reward -11.736	 ms 164.3	 loss 0.159826	 13.9s
Ep 34	 reward -11.696	 ms 163.8	 loss 0.189018	 15.2s
Ep 35	 reward -11.768	 ms 164.8	 loss 0.080492	 14.0s
Ep 36	 reward -11.804	 ms 165.2	 loss 0.014085	 17.9s
Ep 37	 reward -11.654	 ms 163.2	 loss 0.200893	 15.2s
Ep 38	 reward -11.493	 ms 160.9	 loss 0.144592	 18.5s
Ep 39	 reward -11.425	 ms 159.9	 loss 0.215075	 15.6s
Ep 40	 reward -11.775	 ms 164.8	 loss 0.045970	 16.4s
Ep 41	 reward -11.721	 ms 164.1	 loss 0.152363	 15.3s
Ep 42	 reward -11.621	 ms 162.7	 loss 0.091077	 14.9s
Ep 43	 reward -11.739	 ms 164.3	 loss 0.158191	 15.0s
Ep 44	 reward -11.732	 ms 164.2	 loss 0.197146	 16.8s
Ep 45	 reward -11.493	 ms 160.9	 loss 0.068340	 14.5s
Ep 46	 reward -11.686	 ms 163.6	 loss 0.188115	 15.6s
Ep 47	 reward -11.514	 ms 161.2	 loss 0.093310	 14.5s
Ep 48	 reward -11.646	 ms 163.1	 loss 0.106676	 15.2s
Ep 49	 reward -11.546	 ms 161.7	 loss 0.051329	 15.8s
[vali @50] rel=0.8355 (best 0.8355)  W=155.7
Ep 50	 reward -11.661	 ms 163.2	 loss 0.157491	 26.9s
Ep 51	 reward -11.786	 ms 165.0	 loss 0.285223	 15.1s
Ep 52	 reward -11.679	 ms 163.5	 loss 0.109840	 14.8s
Ep 53	 reward -11.721	 ms 164.1	 loss 0.026834	 16.6s
Ep 54	 reward -11.854	 ms 165.9	 loss 0.141720	 17.0s
Ep 55	 reward -11.804	 ms 165.2	 loss 0.125347	 12.3s
Ep 56	 reward -11.532	 ms 161.4	 loss 0.105914	 16.4s
Ep 57	 reward -11.650	 ms 163.1	 loss 0.106242	 17.1s
Ep 58	 reward -11.746	 ms 164.4	 loss 0.138925	 14.1s
Ep 59	 reward -11.829	 ms 165.6	 loss 0.118928	 16.9s
Ep 60	 reward -11.757	 ms 164.6	 loss 0.128496	 14.3s
Ep 61	 reward -12.139	 ms 169.9	 loss 0.078055	 15.4s
Ep 62	 reward -11.829	 ms 165.6	 loss 0.083273	 15.5s
Ep 63	 reward -11.889	 ms 166.4	 loss 0.027495	 16.3s
Ep 64	 reward -11.907	 ms 166.7	 loss 0.097457	 15.5s
Ep 65	 reward -11.654	 ms 163.2	 loss 0.147416	 15.9s
Ep 66	 reward -11.775	 ms 164.8	 loss 0.058912	 16.2s
Ep 67	 reward -11.711	 ms 163.9	 loss 0.103974	 15.1s
Ep 68	 reward -11.775	 ms 164.8	 loss -0.010333	 14.0s
Ep 69	 reward -11.475	 ms 160.7	 loss 0.059214	 15.2s
Ep 70	 reward -11.446	 ms 160.2	 loss 0.035078	 14.0s
Ep 71	 reward -11.496	 ms 160.9	 loss 0.078690	 15.2s
Ep 72	 reward -11.504	 ms 161.1	 loss -0.011417	 12.9s
Ep 73	 reward -11.518	 ms 161.2	 loss 0.087590	 14.3s
Ep 74	 reward -11.518	 ms 161.2	 loss 0.023895	 17.7s
[vali @75] rel=0.8068 (best 0.8068)  W=150.3
Ep 75	 reward -11.368	 ms 159.2	 loss 0.019220	 27.1s
Ep 76	 reward -11.432	 ms 160.1	 loss 0.099482	 14.1s
Ep 77	 reward -11.532	 ms 161.4	 loss -0.008085	 13.8s
Ep 78	 reward -11.518	 ms 161.2	 loss 0.045477	 12.7s
Ep 79	 reward -11.468	 ms 160.6	 loss 0.004674	 13.3s
Ep 80	 reward -11.404	 ms 159.7	 loss -0.000132	 13.4s
Ep 81	 reward -11.350	 ms 158.9	 loss 0.059887	 14.5s
Ep 82	 reward -11.214	 ms 157.0	 loss 0.067898	 14.8s
Ep 83	 reward -11.250	 ms 157.5	 loss 0.062199	 14.9s
Ep 84	 reward -11.250	 ms 157.5	 loss 0.131761	 12.8s
Ep 85	 reward -11.229	 ms 157.2	 loss -0.008586	 14.9s
Ep 86	 reward -11.204	 ms 156.8	 loss 0.026596	 13.4s
Ep 87	 reward -11.129	 ms 155.8	 loss 0.009271	 13.7s
Ep 88	 reward -11.029	 ms 154.4	 loss 0.020245	 14.0s
Ep 89	 reward -11.225	 ms 157.2	 loss 0.036775	 13.9s
Ep 90	 reward -11.025	 ms 154.3	 loss 0.022718	 14.5s
Ep 91	 reward -11.171	 ms 156.4	 loss -0.010550	 13.2s
Ep 92	 reward -11.175	 ms 156.4	 loss 0.074763	 14.5s
Ep 93	 reward -11.229	 ms 157.2	 loss 0.004665	 14.8s
Ep 94	 reward -11.293	 ms 158.1	 loss 0.042865	 12.0s
Ep 95	 reward -11.146	 ms 156.1	 loss 0.061690	 12.8s
Ep 96	 reward -11.164	 ms 156.3	 loss -0.011318	 12.4s
Ep 97	 reward -11.218	 ms 157.1	 loss 0.064933	 12.0s
Ep 98	 reward -11.204	 ms 156.8	 loss 0.074055	 13.1s
Ep 99	 reward -11.089	 ms 155.2	 loss 0.038952	 13.9s
[vali @100] rel=0.8094 (best 0.8068)  W=150.8
Ep 100	 reward -11.139	 ms 155.9	 loss 0.028879	 21.8s
Ep 101	 reward -10.986	 ms 153.8	 loss -0.022159	 12.4s
Ep 102	 reward -10.961	 ms 153.4	 loss 0.084660	 14.7s
Ep 103	 reward -11.132	 ms 155.8	 loss -0.007400	 12.3s
Ep 104	 reward -11.104	 ms 155.4	 loss -0.023300	 14.3s
Ep 105	 reward -10.925	 ms 152.9	 loss 0.072392	 13.9s
Ep 106	 reward -11.057	 ms 154.8	 loss 0.037723	 13.9s
Ep 107	 reward -11.050	 ms 154.7	 loss -0.033992	 13.0s
Ep 108	 reward -11.082	 ms 155.2	 loss 0.033589	 11.8s
Ep 109	 reward -11.157	 ms 156.2	 loss 0.029280	 11.9s
Ep 110	 reward -11.186	 ms 156.6	 loss 0.006213	 14.7s
Ep 111	 reward -11.089	 ms 155.2	 loss 0.027367	 13.2s
Ep 112	 reward -10.996	 ms 153.9	 loss -0.007368	 12.3s
Ep 113	 reward -10.918	 ms 152.8	 loss -0.037222	 14.4s
Ep 114	 reward -11.132	 ms 155.8	 loss -0.010101	 15.4s
Ep 115	 reward -11.014	 ms 154.2	 loss -0.068919	 15.4s
Ep 116	 reward -11.050	 ms 154.7	 loss -0.088128	 13.5s
Ep 117	 reward -11.086	 ms 155.2	 loss 0.001961	 11.9s
Ep 118	 reward -11.089	 ms 155.2	 loss -0.066152	 13.4s
Ep 119	 reward -11.079	 ms 155.1	 loss 0.032985	 12.5s
Ep 120	 reward -10.889	 ms 152.4	 loss 0.045080	 11.2s
Ep 121	 reward -10.836	 ms 151.7	 loss 0.024622	 12.8s
Ep 122	 reward -10.914	 ms 152.8	 loss -0.029856	 13.9s
Ep 123	 reward -11.021	 ms 154.3	 loss 0.068615	 12.4s
Ep 124	 reward -10.921	 ms 152.9	 loss -0.024942	 13.7s
[vali @125] rel=0.8041 (best 0.8041)  W=149.8
Ep 125	 reward -11.000	 ms 154.0	 loss -0.078847	 26.0s
Ep 126	 reward -10.939	 ms 153.2	 loss 0.037188	 16.1s
Ep 127	 reward -10.889	 ms 152.4	 loss -0.045931	 16.3s
Ep 128	 reward -10.900	 ms 152.6	 loss 0.037295	 17.7s
Ep 129	 reward -10.921	 ms 152.9	 loss -0.103146	 15.6s
Ep 130	 reward -10.921	 ms 152.9	 loss -0.073354	 15.1s
Ep 131	 reward -10.979	 ms 153.7	 loss 0.029654	 15.4s
Ep 132	 reward -10.875	 ms 152.2	 loss -0.026745	 14.6s
Ep 133	 reward -10.821	 ms 151.5	 loss -0.005065	 16.1s
Ep 134	 reward -10.750	 ms 150.5	 loss -0.048433	 13.7s
Ep 135	 reward -10.861	 ms 152.1	 loss -0.034904	 15.8s
Ep 136	 reward -10.807	 ms 151.3	 loss 0.002663	 14.6s
Ep 137	 reward -10.843	 ms 151.8	 loss 0.001686	 16.2s
Ep 138	 reward -10.796	 ms 151.2	 loss -0.063297	 15.4s
Ep 139	 reward -10.818	 ms 151.4	 loss 0.006969	 16.8s
Ep 140	 reward -10.882	 ms 152.3	 loss -0.017864	 15.7s
Ep 141	 reward -11.011	 ms 154.2	 loss -0.005133	 14.7s
Ep 142	 reward -11.039	 ms 154.6	 loss -0.017370	 15.4s
Ep 143	 reward -10.943	 ms 153.2	 loss 0.047259	 16.4s
Ep 144	 reward -10.986	 ms 153.8	 loss -0.001573	 15.0s
Ep 145	 reward -11.025	 ms 154.3	 loss 0.067915	 15.6s
Ep 146	 reward -10.986	 ms 153.8	 loss 0.095014	 14.8s
Ep 147	 reward -10.968	 ms 153.6	 loss 0.009865	 14.1s
Ep 148	 reward -10.989	 ms 153.8	 loss -0.011193	 14.5s
Ep 149	 reward -10.939	 ms 153.2	 loss 0.056711	 13.1s
[vali @150] rel=0.8057 (best 0.8041)  W=150.1
Ep 150	 reward -10.979	 ms 153.7	 loss 0.090253	 20.7s
Ep 151	 reward -10.893	 ms 152.5	 loss 0.036192	 14.6s
Ep 152	 reward -11.039	 ms 154.6	 loss 0.063554	 15.6s
Ep 153	 reward -10.914	 ms 152.8	 loss 0.030960	 15.1s
Ep 154	 reward -10.900	 ms 152.6	 loss 0.063936	 15.1s
Ep 155	 reward -10.886	 ms 152.4	 loss 0.061657	 15.0s
Ep 156	 reward -10.996	 ms 153.9	 loss 0.077532	 17.0s
Ep 157	 reward -10.943	 ms 153.2	 loss 0.018743	 16.7s
Ep 158	 reward -11.093	 ms 155.3	 loss 0.084040	 14.5s
Ep 159	 reward -11.029	 ms 154.4	 loss 0.071721	 17.5s
Ep 160	 reward -10.982	 ms 153.8	 loss 0.038118	 18.0s
Ep 161	 reward -10.804	 ms 151.2	 loss 0.106560	 17.8s
Ep 162	 reward -10.825	 ms 151.6	 loss 0.104696	 14.5s
Ep 163	 reward -10.807	 ms 151.3	 loss 0.181274	 15.5s
Ep 164	 reward -10.664	 ms 149.3	 loss 0.104533	 19.4s
Ep 165	 reward -10.821	 ms 151.5	 loss 0.186651	 16.2s
Ep 166	 reward -10.679	 ms 149.5	 loss 0.056907	 14.7s
Ep 167	 reward -10.725	 ms 150.2	 loss 0.176523	 19.2s
Ep 168	 reward -10.761	 ms 150.7	 loss 0.049461	 18.6s
Ep 169	 reward -10.736	 ms 150.3	 loss 0.098472	 19.5s
Ep 170	 reward -10.675	 ms 149.4	 loss 0.081652	 15.7s
Ep 171	 reward -10.871	 ms 152.2	 loss 0.135809	 14.7s
Ep 172	 reward -10.689	 ms 149.7	 loss 0.103883	 17.0s
Ep 173	 reward -10.704	 ms 149.8	 loss 0.102850	 14.9s
Ep 174	 reward -10.836	 ms 151.7	 loss 0.128152	 15.8s
[vali @175] rel=0.8049 (best 0.8041)  W=149.9
Ep 175	 reward -10.793	 ms 151.1	 loss 0.122248	 28.5s
Ep 176	 reward -10.732	 ms 150.2	 loss 0.100254	 15.4s
Ep 177	 reward -10.825	 ms 151.6	 loss 0.053296	 18.8s
Ep 178	 reward -10.746	 ms 150.4	 loss 0.067511	 16.2s
Ep 179	 reward -10.732	 ms 150.2	 loss 0.167238	 18.6s
Ep 180	 reward -10.739	 ms 150.3	 loss 0.144824	 16.6s
Ep 181	 reward -10.800	 ms 151.2	 loss 0.149407	 12.9s
Ep 182	 reward -10.675	 ms 149.4	 loss 0.036202	 17.6s
Ep 183	 reward -10.629	 ms 148.8	 loss 0.120398	 18.0s
Ep 184	 reward -10.796	 ms 151.2	 loss 0.144289	 17.0s
Ep 185	 reward -10.589	 ms 148.2	 loss 0.125221	 16.2s
Ep 186	 reward -10.718	 ms 150.1	 loss 0.080595	 18.0s
Ep 187	 reward -10.557	 ms 147.8	 loss 0.075030	 15.5s
Ep 188	 reward -10.504	 ms 147.1	 loss 0.147836	 16.6s
Ep 189	 reward -10.575	 ms 148.1	 loss -0.019535	 15.8s
Ep 190	 reward -10.761	 ms 150.7	 loss 0.055526	 12.3s
Ep 191	 reward -10.689	 ms 149.7	 loss 0.110195	 16.0s
Ep 192	 reward -10.689	 ms 149.7	 loss 0.083042	 14.2s
Ep 193	 reward -10.739	 ms 150.3	 loss -0.046382	 17.1s
Ep 194	 reward -10.668	 ms 149.3	 loss 0.124642	 18.5s
Ep 195	 reward -10.836	 ms 151.7	 loss 0.190006	 15.3s
Ep 196	 reward -10.646	 ms 149.1	 loss 0.053731	 16.9s
Ep 197	 reward -10.618	 ms 148.7	 loss -0.069261	 16.4s
Ep 198	 reward -10.600	 ms 148.4	 loss -0.028630	 16.0s
Ep 199	 reward -10.629	 ms 148.8	 loss 0.109754	 15.7s
[vali @200] rel=0.7952 (best 0.7952)  W=148.2
Ep 200	 reward -10.589	 ms 148.2	 loss -0.074362	 26.4s
Ep 201	 reward -10.639	 ms 148.9	 loss 0.118480	 18.2s
Ep 202	 reward -10.600	 ms 148.4	 loss 0.097861	 18.7s
Ep 203	 reward -10.611	 ms 148.6	 loss 0.196215	 17.1s
Ep 204	 reward -10.568	 ms 147.9	 loss 0.158719	 16.5s
Ep 205	 reward -10.525	 ms 147.3	 loss -0.028977	 16.7s
Ep 206	 reward -10.600	 ms 148.4	 loss 0.068284	 18.3s
Ep 207	 reward -10.546	 ms 147.7	 loss 0.110219	 15.8s
Ep 208	 reward -10.593	 ms 148.3	 loss 0.008428	 16.8s
Ep 209	 reward -10.575	 ms 148.1	 loss 0.095904	 17.2s
Ep 210	 reward -10.511	 ms 147.2	 loss 0.087753	 14.7s
Ep 211	 reward -10.525	 ms 147.3	 loss -0.057082	 15.1s
Ep 212	 reward -10.539	 ms 147.6	 loss 0.017201	 16.1s
Ep 213	 reward -10.600	 ms 148.4	 loss 0.163062	 14.5s
Ep 214	 reward -10.661	 ms 149.2	 loss 0.042610	 14.5s
Ep 215	 reward -10.607	 ms 148.5	 loss 0.039649	 11.8s
Ep 216	 reward -10.546	 ms 147.7	 loss 0.190398	 14.7s
Ep 217	 reward -10.539	 ms 147.6	 loss 0.197718	 16.6s
Ep 218	 reward -10.564	 ms 147.9	 loss 0.011681	 16.8s
Ep 219	 reward -10.507	 ms 147.1	 loss 0.091139	 16.3s
Ep 220	 reward -10.511	 ms 147.2	 loss 0.056354	 16.8s
Ep 221	 reward -10.879	 ms 152.3	 loss 0.176207	 17.8s
Ep 222	 reward -10.771	 ms 150.8	 loss -0.012089	 15.2s
Ep 223	 reward -10.750	 ms 150.5	 loss -0.023581	 14.2s
Ep 224	 reward -10.879	 ms 152.3	 loss 0.017041	 15.8s
[vali @225] rel=0.7963 (best 0.7952)  W=148.3
Ep 225	 reward -10.850	 ms 151.9	 loss 0.068282	 27.1s
Ep 226	 reward -10.843	 ms 151.8	 loss 0.002847	 16.4s
Ep 227	 reward -10.868	 ms 152.2	 loss -0.017303	 16.3s
Ep 228	 reward -10.864	 ms 152.1	 loss 0.005905	 14.5s
Ep 229	 reward -10.821	 ms 151.5	 loss 0.109370	 16.4s
Ep 230	 reward -10.779	 ms 150.9	 loss 0.073040	 16.0s
Ep 231	 reward -10.661	 ms 149.2	 loss 0.010690	 15.9s
Ep 232	 reward -10.686	 ms 149.6	 loss 0.081418	 16.7s
Ep 233	 reward -10.864	 ms 152.1	 loss 0.077664	 15.0s
Ep 234	 reward -10.807	 ms 151.3	 loss -0.008488	 16.3s
Ep 235	 reward -10.804	 ms 151.2	 loss 0.022851	 13.4s
Ep 236	 reward -10.854	 ms 151.9	 loss -0.004661	 16.3s
Ep 237	 reward -10.732	 ms 150.2	 loss 0.024169	 16.4s
Ep 238	 reward -10.807	 ms 151.3	 loss 0.083426	 16.0s
Ep 239	 reward -10.782	 ms 150.9	 loss 0.003283	 17.0s
Ep 240	 reward -10.721	 ms 150.1	 loss 0.029443	 16.3s
Ep 241	 reward -10.896	 ms 152.6	 loss -0.014601	 16.3s
Ep 242	 reward -10.832	 ms 151.7	 loss -0.015418	 18.6s
Ep 243	 reward -10.932	 ms 153.1	 loss 0.114765	 16.1s
Ep 244	 reward -10.943	 ms 153.2	 loss 0.086034	 17.7s
Ep 245	 reward -10.836	 ms 151.7	 loss 0.043842	 17.1s
Ep 246	 reward -10.750	 ms 150.5	 loss 0.016289	 16.6s
Ep 247	 reward -10.850	 ms 151.9	 loss 0.030736	 16.3s
Ep 248	 reward -10.850	 ms 151.9	 loss 0.046161	 14.6s
Ep 249	 reward -10.861	 ms 152.1	 loss 0.079892	 15.7s
[vali @250] rel=0.7952 (best 0.7952)  W=148.2
Ep 250	 reward -10.882	 ms 152.3	 loss 0.012820	 24.3s
Ep 251	 reward -10.807	 ms 151.3	 loss -0.006286	 16.6s
Ep 252	 reward -10.846	 ms 151.8	 loss 0.027083	 16.2s
Ep 253	 reward -10.796	 ms 151.2	 loss -0.003045	 14.4s
Ep 254	 reward -10.700	 ms 149.8	 loss 0.052635	 17.7s
Ep 255	 reward -10.764	 ms 150.7	 loss 0.003428	 15.6s
Ep 256	 reward -10.857	 ms 152.0	 loss 0.076643	 14.6s
Ep 257	 reward -10.875	 ms 152.2	 loss 0.060052	 15.1s
Ep 258	 reward -10.818	 ms 151.4	 loss 0.052238	 17.2s
Ep 259	 reward -10.800	 ms 151.2	 loss 0.076075	 16.9s
Ep 260	 reward -10.921	 ms 152.9	 loss 0.037698	 14.6s
Ep 261	 reward -10.675	 ms 149.4	 loss 0.067998	 14.4s
Ep 262	 reward -10.754	 ms 150.6	 loss 0.045909	 16.5s
Ep 263	 reward -10.607	 ms 148.5	 loss 0.077203	 16.2s
Ep 264	 reward -10.761	 ms 150.7	 loss -0.054178	 15.9s
Ep 265	 reward -10.668	 ms 149.3	 loss -0.070438	 16.9s
Ep 266	 reward -10.786	 ms 151.0	 loss 0.003169	 16.0s
Ep 267	 reward -10.700	 ms 149.8	 loss -0.013716	 15.6s
Ep 268	 reward -10.571	 ms 148.0	 loss 0.190100	 16.4s
Ep 269	 reward -10.657	 ms 149.2	 loss 0.095786	 13.0s
Ep 270	 reward -10.721	 ms 150.1	 loss 0.023767	 13.5s
Ep 271	 reward -10.536	 ms 147.5	 loss 0.142374	 14.8s
Ep 272	 reward -10.721	 ms 150.1	 loss 0.123244	 13.9s
Ep 273	 reward -10.675	 ms 149.4	 loss 0.224565	 13.7s
Ep 274	 reward -10.686	 ms 149.6	 loss 0.100133	 14.7s
[vali @275] rel=0.7834 (best 0.7834)  W=145.9
Ep 275	 reward -10.586	 ms 148.2	 loss 0.202276	 25.3s
Ep 276	 reward -10.443	 ms 146.2	 loss 0.163150	 15.4s
Ep 277	 reward -10.554	 ms 147.8	 loss 0.198829	 14.5s
Ep 278	 reward -10.611	 ms 148.6	 loss 0.173092	 14.1s
Ep 279	 reward -10.675	 ms 149.4	 loss 0.028266	 14.0s
Ep 280	 reward -10.614	 ms 148.6	 loss 0.185803	 13.0s
Ep 281	 reward -10.446	 ms 146.2	 loss 0.196297	 17.1s
Ep 282	 reward -10.386	 ms 145.4	 loss -0.010740	 15.9s
Ep 283	 reward -10.518	 ms 147.2	 loss 0.102162	 16.9s
Ep 284	 reward -10.546	 ms 147.7	 loss 0.015921	 15.1s
Ep 285	 reward -10.557	 ms 147.8	 loss 0.016993	 14.0s
Ep 286	 reward -10.550	 ms 147.7	 loss 0.019184	 13.6s
Ep 287	 reward -10.457	 ms 146.4	 loss 0.003439	 13.6s
Ep 288	 reward -10.504	 ms 147.1	 loss 0.000935	 14.6s
Ep 289	 reward -10.411	 ms 145.8	 loss 0.077122	 15.0s
Ep 290	 reward -10.504	 ms 147.1	 loss -0.052566	 14.3s
Ep 291	 reward -10.536	 ms 147.5	 loss 0.126723	 13.4s
Ep 292	 reward -10.550	 ms 147.7	 loss 0.078078	 13.7s
Ep 293	 reward -10.407	 ms 145.7	 loss -0.077429	 14.1s
Ep 294	 reward -10.521	 ms 147.3	 loss 0.005765	 13.5s
Ep 295	 reward -10.511	 ms 147.2	 loss 0.076212	 15.1s
Ep 296	 reward -10.571	 ms 148.0	 loss 0.090792	 14.2s
Ep 297	 reward -10.600	 ms 148.4	 loss 0.009420	 14.9s
Ep 298	 reward -10.432	 ms 146.1	 loss -0.056259	 11.7s
Ep 299	 reward -10.525	 ms 147.3	 loss 0.072795	 14.7s
[vali @300] rel=0.7861 (best 0.7834)  W=146.4
Ep 300	 reward -10.532	 ms 147.4	 loss 0.094741	 22.8s
Ep 301	 reward -10.600	 ms 148.4	 loss -0.123140	 14.4s
Ep 302	 reward -10.711	 ms 149.9	 loss -0.042332	 13.2s
Ep 303	 reward -10.704	 ms 149.8	 loss -0.091642	 13.8s
Ep 304	 reward -10.629	 ms 148.8	 loss -0.121639	 13.6s
Ep 305	 reward -10.621	 ms 148.7	 loss -0.069146	 16.3s
Ep 306	 reward -10.689	 ms 149.7	 loss 0.076646	 14.7s
Ep 307	 reward -10.629	 ms 148.8	 loss -0.048733	 14.4s
Ep 308	 reward -10.818	 ms 151.4	 loss -0.041122	 14.8s
Ep 309	 reward -10.625	 ms 148.8	 loss -0.043786	 13.7s
Ep 310	 reward -10.614	 ms 148.6	 loss -0.076238	 14.2s
Ep 311	 reward -10.679	 ms 149.5	 loss -0.104962	 13.4s
Ep 312	 reward -10.671	 ms 149.4	 loss -0.125505	 14.6s
Ep 313	 reward -10.636	 ms 148.9	 loss -0.113611	 15.2s
Ep 314	 reward -10.643	 ms 149.0	 loss -0.117581	 12.8s
Ep 315	 reward -10.614	 ms 148.6	 loss -0.071743	 13.3s
Ep 316	 reward -10.639	 ms 148.9	 loss -0.039739	 13.2s
Ep 317	 reward -10.575	 ms 148.1	 loss -0.030171	 13.9s
Ep 318	 reward -10.671	 ms 149.4	 loss -0.051570	 13.4s
Ep 319	 reward -10.711	 ms 149.9	 loss -0.028725	 13.9s
Ep 320	 reward -10.625	 ms 148.8	 loss -0.060290	 15.2s
Ep 321	 reward -10.336	 ms 144.7	 loss 0.059341	 14.7s
Ep 322	 reward -10.468	 ms 146.6	 loss -0.059165	 15.3s
Ep 323	 reward -10.379	 ms 145.3	 loss 0.018979	 14.4s
Ep 324	 reward -10.361	 ms 145.1	 loss -0.110257	 14.4s
[vali @325] rel=0.7890 (best 0.7834)  W=147.0
Ep 325	 reward -10.386	 ms 145.4	 loss -0.032545	 24.4s
Ep 326	 reward -10.346	 ms 144.8	 loss -0.071569	 14.3s
Ep 327	 reward -10.371	 ms 145.2	 loss -0.083138	 13.9s
Ep 328	 reward -10.300	 ms 144.2	 loss 0.034174	 13.8s
Ep 329	 reward -10.304	 ms 144.2	 loss -0.009117	 14.2s
Ep 330	 reward -10.475	 ms 146.7	 loss -0.101539	 15.8s
Ep 331	 reward -10.471	 ms 146.6	 loss -0.086091	 13.7s
Ep 332	 reward -10.375	 ms 145.2	 loss -0.098126	 14.6s
Ep 333	 reward -10.418	 ms 145.8	 loss -0.099334	 13.1s
Ep 334	 reward -10.411	 ms 145.8	 loss -0.049677	 14.1s
Ep 335	 reward -10.464	 ms 146.5	 loss 0.077809	 13.5s
Ep 336	 reward -10.361	 ms 145.1	 loss 0.041434	 15.0s
Ep 337	 reward -10.357	 ms 145.0	 loss -0.049360	 14.4s
Ep 338	 reward -10.454	 ms 146.3	 loss -0.106390	 12.8s
Ep 339	 reward -10.329	 ms 144.6	 loss -0.015806	 14.1s
Ep 340	 reward -10.375	 ms 145.2	 loss -0.115846	 12.7s
Ep 341	 reward -10.525	 ms 147.3	 loss 0.201178	 13.2s
Ep 342	 reward -10.518	 ms 147.2	 loss 0.180457	 12.1s
Ep 343	 reward -10.582	 ms 148.2	 loss 0.089762	 11.8s
Ep 344	 reward -10.611	 ms 148.6	 loss 0.225035	 12.2s
Ep 345	 reward -10.507	 ms 147.1	 loss 0.094491	 11.8s
Ep 346	 reward -10.643	 ms 149.0	 loss 0.157872	 12.1s
Ep 347	 reward -10.507	 ms 147.1	 loss 0.140017	 11.8s
Ep 348	 reward -10.646	 ms 149.1	 loss 0.188405	 11.1s
Ep 349	 reward -10.464	 ms 146.5	 loss 0.103862	 10.8s
[vali @350] rel=0.7915 (best 0.7834)  W=147.4
Ep 350	 reward -10.582	 ms 148.2	 loss 0.152880	 18.3s
Ep 351	 reward -10.693	 ms 149.7	 loss 0.157994	 11.2s
Ep 352	 reward -10.618	 ms 148.7	 loss 0.136844	 11.9s
Ep 353	 reward -10.482	 ms 146.8	 loss 0.082453	 11.3s
Ep 354	 reward -10.564	 ms 147.9	 loss 0.125048	 11.5s
Ep 355	 reward -10.475	 ms 146.7	 loss 0.110302	 11.3s
Ep 356	 reward -10.546	 ms 147.7	 loss 0.029952	 11.7s
Ep 357	 reward -10.504	 ms 147.1	 loss 0.085310	 13.3s
Ep 358	 reward -10.525	 ms 147.3	 loss 0.154956	 12.1s
Ep 359	 reward -10.529	 ms 147.4	 loss 0.129622	 11.1s
Ep 360	 reward -10.536	 ms 147.5	 loss 0.109883	 12.0s
Ep 361	 reward -10.689	 ms 149.7	 loss 0.164312	 11.8s
Ep 362	 reward -10.657	 ms 149.2	 loss 0.092326	 10.0s
Ep 363	 reward -10.639	 ms 148.9	 loss 0.177388	 11.5s
Ep 364	 reward -10.618	 ms 148.7	 loss 0.134278	 11.5s
Ep 365	 reward -10.668	 ms 149.3	 loss 0.198942	 11.9s
Ep 366	 reward -10.618	 ms 148.7	 loss 0.066221	 11.7s
Ep 367	 reward -10.625	 ms 148.8	 loss 0.141957	 12.1s
Ep 368	 reward -10.625	 ms 148.8	 loss 0.105086	 12.7s
Ep 369	 reward -10.657	 ms 149.2	 loss 0.079142	 11.5s
Ep 370	 reward -10.743	 ms 150.4	 loss 0.164853	 12.3s
Ep 371	 reward -10.714	 ms 150.0	 loss 0.134741	 11.5s
Ep 372	 reward -10.725	 ms 150.2	 loss 0.160607	 11.3s
Ep 373	 reward -10.696	 ms 149.8	 loss 0.025909	 10.7s
Ep 374	 reward -10.686	 ms 149.6	 loss 0.052256	 11.9s
[vali @375] rel=0.7907 (best 0.7834)  W=147.3
Ep 375	 reward -10.811	 ms 151.3	 loss 0.145925	 19.0s
Ep 376	 reward -10.621	 ms 148.7	 loss 0.080310	 11.1s
Ep 377	 reward -10.804	 ms 151.2	 loss 0.135507	 11.7s
Ep 378	 reward -10.675	 ms 149.4	 loss 0.062781	 13.9s
Ep 379	 reward -10.650	 ms 149.1	 loss 0.161947	 11.6s
Ep 380	 reward -10.643	 ms 149.0	 loss 0.131958	 11.4s
Ep 381	 reward -10.625	 ms 148.8	 loss 0.114063	 11.9s
Ep 382	 reward -10.721	 ms 150.1	 loss 0.113683	 12.5s
Ep 383	 reward -10.668	 ms 149.3	 loss -0.009374	 11.5s
Ep 384	 reward -10.589	 ms 148.2	 loss -0.049148	 9.8s
Ep 385	 reward -10.579	 ms 148.1	 loss -0.065700	 10.9s
Ep 386	 reward -10.561	 ms 147.8	 loss 0.018564	 11.2s
Ep 387	 reward -10.714	 ms 150.0	 loss 0.121834	 11.6s
Ep 388	 reward -10.643	 ms 149.0	 loss 0.027819	 10.7s
Ep 389	 reward -10.600	 ms 148.4	 loss 0.076976	 13.1s
Ep 390	 reward -10.686	 ms 149.6	 loss 0.041741	 13.3s
Ep 391	 reward -10.650	 ms 149.1	 loss 0.034226	 11.5s
Ep 392	 reward -10.632	 ms 148.8	 loss 0.016325	 11.4s
Ep 393	 reward -10.625	 ms 148.8	 loss 0.047324	 11.1s
Ep 394	 reward -10.679	 ms 149.5	 loss 0.034041	 11.3s
Ep 395	 reward -10.711	 ms 149.9	 loss 0.200423	 11.9s
Ep 396	 reward -10.696	 ms 149.8	 loss -0.011656	 11.3s
Ep 397	 reward -10.596	 ms 148.3	 loss 0.043382	 11.7s
Ep 398	 reward -10.661	 ms 149.2	 loss 0.051476	 11.8s
Ep 399	 reward -10.596	 ms 148.3	 loss 0.049043	 11.8s
[vali @400] rel=0.7955 (best 0.7834)  W=148.2
Ep 400	 reward -10.671	 ms 149.4	 loss -0.009316	 19.2s
Ep 401	 reward -10.636	 ms 148.9	 loss 0.052053	 12.7s
Ep 402	 reward -10.554	 ms 147.8	 loss 0.142671	 13.1s
Ep 403	 reward -10.529	 ms 147.4	 loss 0.239509	 11.0s
Ep 404	 reward -10.586	 ms 148.2	 loss 0.175005	 13.0s
Ep 405	 reward -10.479	 ms 146.7	 loss 0.195873	 11.3s
Ep 406	 reward -10.582	 ms 148.2	 loss 0.220114	 11.9s
Ep 407	 reward -10.557	 ms 147.8	 loss 0.155957	 11.4s
Ep 408	 reward -10.600	 ms 148.4	 loss 0.188793	 12.2s
Ep 409	 reward -10.625	 ms 148.8	 loss 0.209485	 11.5s
Ep 410	 reward -10.554	 ms 147.8	 loss 0.161131	 10.7s
Ep 411	 reward -10.596	 ms 148.3	 loss 0.170984	 11.7s
Ep 412	 reward -10.579	 ms 148.1	 loss 0.187246	 12.6s
Ep 413	 reward -10.579	 ms 148.1	 loss 0.187672	 11.6s
Ep 414	 reward -10.629	 ms 148.8	 loss 0.156494	 11.2s
Ep 415	 reward -10.582	 ms 148.2	 loss 0.094651	 11.8s
Ep 416	 reward -10.504	 ms 147.1	 loss 0.169637	 11.0s
Ep 417	 reward -10.554	 ms 147.8	 loss 0.210440	 11.6s
Ep 418	 reward -10.511	 ms 147.2	 loss 0.157069	 11.7s
Ep 419	 reward -10.539	 ms 147.6	 loss 0.199471	 11.4s
Ep 420	 reward -10.586	 ms 148.2	 loss 0.197421	 11.1s
Ep 421	 reward -10.811	 ms 151.3	 loss -0.054681	 11.6s
Ep 422	 reward -10.736	 ms 150.3	 loss -0.113777	 11.6s
Ep 423	 reward -10.711	 ms 149.9	 loss -0.107476	 11.1s
Ep 424	 reward -10.718	 ms 150.1	 loss -0.083669	 11.7s
[vali @425] rel=0.7933 (best 0.7834)  W=147.8
Ep 425	 reward -10.757	 ms 150.6	 loss -0.091258	 20.5s
Ep 426	 reward -10.879	 ms 152.3	 loss -0.076285	 11.8s
Ep 427	 reward -10.761	 ms 150.7	 loss -0.095102	 12.0s
Ep 428	 reward -10.829	 ms 151.6	 loss -0.071883	 11.2s
Ep 429	 reward -10.746	 ms 150.4	 loss -0.103363	 14.0s
Ep 430	 reward -10.796	 ms 151.2	 loss -0.089715	 12.9s
Ep 431	 reward -10.729	 ms 150.2	 loss -0.051328	 12.5s
Ep 432	 reward -10.814	 ms 151.4	 loss -0.079084	 11.0s
Ep 433	 reward -10.775	 ms 150.8	 loss -0.113340	 13.0s
Ep 434	 reward -10.782	 ms 150.9	 loss -0.086840	 13.1s
Ep 435	 reward -10.793	 ms 151.1	 loss -0.098254	 12.6s
Ep 436	 reward -10.854	 ms 151.9	 loss -0.074372	 11.4s
Ep 437	 reward -10.707	 ms 149.9	 loss -0.120505	 14.4s
Ep 438	 reward -10.746	 ms 150.4	 loss -0.099774	 11.4s
Ep 439	 reward -10.832	 ms 151.7	 loss -0.115546	 12.8s
Ep 440	 reward -10.764	 ms 150.7	 loss -0.075780	 12.3s
Ep 441	 reward -10.321	 ms 144.5	 loss 0.047678	 11.4s
Ep 442	 reward -10.446	 ms 146.2	 loss 0.156532	 12.5s
Ep 443	 reward -10.486	 ms 146.8	 loss 0.071009	 11.5s
Ep 444	 reward -10.543	 ms 147.6	 loss 0.165918	 14.1s
Ep 445	 reward -10.454	 ms 146.3	 loss 0.073250	 11.3s
Ep 446	 reward -10.507	 ms 147.1	 loss 0.056643	 11.7s
Ep 447	 reward -10.514	 ms 147.2	 loss 0.127943	 11.5s
Ep 448	 reward -10.471	 ms 146.6	 loss 0.157824	 11.5s
Ep 449	 reward -10.529	 ms 147.4	 loss 0.121456	 11.8s
[vali @450] rel=0.8001 (best 0.7834)  W=149.1
Ep 450	 reward -10.550	 ms 147.7	 loss 0.116407	 19.7s
Ep 451	 reward -10.557	 ms 147.8	 loss 0.096645	 10.8s
Ep 452	 reward -10.496	 ms 146.9	 loss 0.043284	 12.5s
Ep 453	 reward -10.561	 ms 147.8	 loss 0.136513	 14.4s
Ep 454	 reward -10.457	 ms 146.4	 loss 0.035859	 12.0s
Ep 455	 reward -10.564	 ms 147.9	 loss 0.291566	 11.2s
Ep 456	 reward -10.636	 ms 148.9	 loss 0.229743	 12.0s
Ep 457	 reward -10.464	 ms 146.5	 loss 0.099077	 12.2s
Ep 458	 reward -10.571	 ms 148.0	 loss 0.018702	 11.2s
Ep 459	 reward -10.536	 ms 147.5	 loss 0.153174	 10.5s
Ep 460	 reward -10.518	 ms 147.2	 loss -0.080381	 11.0s
Ep 461	 reward -10.971	 ms 153.6	 loss -0.080466	 11.8s
Ep 462	 reward -10.964	 ms 153.5	 loss 0.053059	 11.7s
Ep 463	 reward -10.950	 ms 153.3	 loss -0.027524	 12.5s
Ep 464	 reward -10.939	 ms 153.2	 loss -0.068459	 11.8s
Ep 465	 reward -11.018	 ms 154.2	 loss 0.007000	 11.4s
Ep 466	 reward -10.957	 ms 153.4	 loss -0.066452	 11.4s
Ep 467	 reward -10.914	 ms 152.8	 loss -0.022657	 12.8s
Ep 468	 reward -10.964	 ms 153.5	 loss -0.044234	 11.9s
Ep 469	 reward -11.018	 ms 154.2	 loss -0.051845	 12.0s
Ep 470	 reward -10.871	 ms 152.2	 loss -0.057817	 11.3s
Ep 471	 reward -11.039	 ms 154.6	 loss 0.012528	 11.9s
Ep 472	 reward -10.850	 ms 151.9	 loss -0.008213	 11.7s
Ep 473	 reward -10.921	 ms 152.9	 loss -0.063323	 10.1s
Ep 474	 reward -10.971	 ms 153.6	 loss -0.029205	 10.3s
[vali @475] rel=0.8003 (best 0.7834)  W=149.1
Ep 475	 reward -10.964	 ms 153.5	 loss -0.017553	 17.0s
Ep 476	 reward -10.882	 ms 152.3	 loss -0.024819	 10.4s
Ep 477	 reward -10.921	 ms 152.9	 loss 0.036142	 11.5s
Ep 478	 reward -10.946	 ms 153.2	 loss -0.039055	 11.0s
Ep 479	 reward -11.011	 ms 154.2	 loss -0.023199	 10.9s
Ep 480	 reward -10.957	 ms 153.4	 loss -0.014822	 11.1s
Ep 481	 reward -10.611	 ms 148.6	 loss 0.205043	 11.4s
Ep 482	 reward -10.475	 ms 146.7	 loss 0.238732	 12.8s
Ep 483	 reward -10.496	 ms 146.9	 loss 0.261766	 10.6s
Ep 484	 reward -10.475	 ms 146.7	 loss 0.097378	 10.7s
Ep 485	 reward -10.604	 ms 148.4	 loss 0.134466	 9.6s
Ep 486	 reward -10.557	 ms 147.8	 loss 0.038078	 11.3s
Ep 487	 reward -10.489	 ms 146.8	 loss 0.110271	 11.3s
Ep 488	 reward -10.629	 ms 148.8	 loss 0.144401	 10.3s
Ep 489	 reward -10.514	 ms 147.2	 loss 0.125513	 11.7s
Ep 490	 reward -10.536	 ms 147.5	 loss 0.221691	 9.7s
Ep 491	 reward -10.564	 ms 147.9	 loss 0.153614	 9.3s
Ep 492	 reward -10.450	 ms 146.3	 loss 0.063146	 10.9s
Ep 493	 reward -10.471	 ms 146.6	 loss 0.051046	 11.1s
Ep 494	 reward -10.643	 ms 149.0	 loss 0.160887	 10.6s
Ep 495	 reward -10.596	 ms 148.3	 loss 0.165735	 10.1s
Ep 496	 reward -10.607	 ms 148.5	 loss 0.137399	 11.4s
Ep 497	 reward -10.700	 ms 149.8	 loss 0.194218	 9.9s
Ep 498	 reward -10.632	 ms 148.8	 loss 0.129644	 9.4s
Ep 499	 reward -10.579	 ms 148.1	 loss 0.146469	 9.7s
[vali @500] rel=0.7963 (best 0.7834)  W=148.3
Ep 500	 reward -10.664	 ms 149.3	 loss 0.137402	 15.7s
Ep 501	 reward -10.675	 ms 149.4	 loss 0.013901	 9.5s
Ep 502	 reward -10.696	 ms 149.8	 loss 0.066299	 10.2s
Ep 503	 reward -10.625	 ms 148.8	 loss 0.017690	 9.9s
Ep 504	 reward -10.650	 ms 149.1	 loss 0.194479	 10.7s
Ep 505	 reward -10.718	 ms 150.1	 loss 0.100922	 10.9s
Ep 506	 reward -10.750	 ms 150.5	 loss 0.142057	 11.1s
Ep 507	 reward -10.711	 ms 149.9	 loss 0.064008	 10.8s
Ep 508	 reward -10.904	 ms 152.7	 loss -0.031345	 11.9s
Ep 509	 reward -10.721	 ms 150.1	 loss 0.140509	 10.6s
Ep 510	 reward -10.775	 ms 150.8	 loss 0.161489	 10.8s
Ep 511	 reward -10.707	 ms 149.9	 loss 0.145165	 10.3s
Ep 512	 reward -10.693	 ms 149.7	 loss 0.084458	 10.4s
Ep 513	 reward -10.629	 ms 148.8	 loss 0.142158	 12.1s
Ep 514	 reward -10.743	 ms 150.4	 loss 0.118670	 12.6s
Ep 515	 reward -10.725	 ms 150.2	 loss 0.100669	 9.9s
Ep 516	 reward -10.746	 ms 150.4	 loss 0.112252	 10.9s
Ep 517	 reward -10.704	 ms 149.8	 loss 0.101161	 10.4s
Ep 518	 reward -10.711	 ms 149.9	 loss 0.000417	 10.7s
Ep 519	 reward -10.764	 ms 150.7	 loss 0.161514	 9.9s
Ep 520	 reward -10.754	 ms 150.6	 loss 0.026271	 10.8s
Ep 521	 reward -10.518	 ms 147.2	 loss -0.052010	 11.4s
Ep 522	 reward -10.639	 ms 148.9	 loss -0.013514	 11.2s
Ep 523	 reward -10.696	 ms 149.8	 loss 0.151063	 11.2s
Ep 524	 reward -10.507	 ms 147.1	 loss -0.016819	 10.6s
[vali @525] rel=0.8046 (best 0.7834)  W=149.9
Ep 525	 reward -10.679	 ms 149.5	 loss 0.101669	 16.8s
Ep 526	 reward -10.654	 ms 149.2	 loss -0.030450	 10.4s
Ep 527	 reward -10.532	 ms 147.4	 loss 0.017604	 10.8s
Ep 528	 reward -10.564	 ms 147.9	 loss 0.097161	 10.8s
Ep 529	 reward -10.793	 ms 151.1	 loss 0.038507	 10.7s
Ep 530	 reward -10.589	 ms 148.2	 loss -0.004060	 10.9s
Ep 531	 reward -10.650	 ms 149.1	 loss 0.041567	 11.9s
Ep 532	 reward -10.746	 ms 150.4	 loss 0.010128	 11.8s
Ep 533	 reward -10.607	 ms 148.5	 loss 0.010507	 10.9s
Ep 534	 reward -10.689	 ms 149.7	 loss 0.036812	 11.0s
Ep 535	 reward -10.675	 ms 149.4	 loss -0.001106	 11.5s
Ep 536	 reward -10.736	 ms 150.3	 loss 0.029736	 12.7s
Ep 537	 reward -10.639	 ms 148.9	 loss 0.002098	 12.8s
Ep 538	 reward -10.746	 ms 150.4	 loss 0.026434	 11.1s
Ep 539	 reward -10.657	 ms 149.2	 loss 0.035316	 11.5s
Ep 540	 reward -10.732	 ms 150.2	 loss 0.038181	 11.1s
Ep 541	 reward -10.882	 ms 152.3	 loss 0.167071	 11.6s
Ep 542	 reward -10.650	 ms 149.1	 loss 0.220689	 11.6s
Ep 543	 reward -10.821	 ms 151.5	 loss 0.017823	 11.4s
Ep 544	 reward -10.754	 ms 150.6	 loss 0.224248	 11.5s
Ep 545	 reward -10.804	 ms 151.2	 loss -0.053917	 11.5s
Ep 546	 reward -10.786	 ms 151.0	 loss 0.189900	 11.6s
Ep 547	 reward -10.761	 ms 150.7	 loss 0.172966	 11.5s
Ep 548	 reward -10.750	 ms 150.5	 loss 0.027790	 11.3s
Ep 549	 reward -10.739	 ms 150.3	 loss 0.147248	 11.0s
[vali @550] rel=0.7974 (best 0.7834)  W=148.6
Ep 550	 reward -10.739	 ms 150.3	 loss 0.007784	 18.8s
Ep 551	 reward -10.761	 ms 150.7	 loss -0.019340	 11.0s
Ep 552	 reward -10.796	 ms 151.2	 loss 0.111284	 11.1s
Ep 553	 reward -10.796	 ms 151.2	 loss 0.114220	 10.8s
Ep 554	 reward -10.796	 ms 151.2	 loss 0.171856	 11.1s
Ep 555	 reward -10.711	 ms 149.9	 loss 0.088405	 10.6s
Ep 556	 reward -10.757	 ms 150.6	 loss 0.232741	 10.7s
Ep 557	 reward -10.718	 ms 150.1	 loss 0.114052	 10.7s
Ep 558	 reward -10.757	 ms 150.6	 loss 0.028132	 10.7s
Ep 559	 reward -10.825	 ms 151.6	 loss -0.017714	 11.9s
Ep 560	 reward -10.739	 ms 150.3	 loss -0.002369	 11.6s
Ep 561	 reward -10.539	 ms 147.6	 loss 0.081100	 11.8s
Ep 562	 reward -10.489	 ms 146.8	 loss 0.068633	 11.7s
Ep 563	 reward -10.550	 ms 147.7	 loss 0.078895	 11.6s
Ep 564	 reward -10.550	 ms 147.7	 loss 0.107840	 11.4s
Ep 565	 reward -10.493	 ms 146.9	 loss 0.070556	 11.9s
Ep 566	 reward -10.386	 ms 145.4	 loss 0.000142	 11.5s
Ep 567	 reward -10.546	 ms 147.7	 loss 0.066370	 13.0s
Ep 568	 reward -10.454	 ms 146.3	 loss 0.133431	 12.4s
Ep 569	 reward -10.493	 ms 146.9	 loss -0.028580	 13.0s
Ep 570	 reward -10.575	 ms 148.1	 loss 0.095002	 11.4s
Ep 571	 reward -10.482	 ms 146.8	 loss 0.020810	 13.2s
Ep 572	 reward -10.468	 ms 146.6	 loss 0.120804	 13.3s
Ep 573	 reward -10.529	 ms 147.4	 loss 0.058686	 11.7s
Ep 574	 reward -10.482	 ms 146.8	 loss 0.006582	 13.8s
[vali @575] rel=0.7899 (best 0.7834)  W=147.2
Ep 575	 reward -10.443	 ms 146.2	 loss 0.061082	 18.8s
Ep 576	 reward -10.479	 ms 146.7	 loss 0.108245	 12.9s
Ep 577	 reward -10.421	 ms 145.9	 loss 0.014629	 11.5s
Ep 578	 reward -10.529	 ms 147.4	 loss 0.148127	 11.9s
Ep 579	 reward -10.479	 ms 146.7	 loss 0.069127	 11.9s
Ep 580	 reward -10.539	 ms 147.6	 loss 0.186088	 11.6s
Ep 581	 reward -10.521	 ms 147.3	 loss 0.088593	 11.5s
Ep 582	 reward -10.621	 ms 148.7	 loss 0.107273	 11.2s
Ep 583	 reward -10.625	 ms 148.8	 loss 0.115978	 10.7s
Ep 584	 reward -10.768	 ms 150.8	 loss 0.109627	 11.2s
Ep 585	 reward -10.664	 ms 149.3	 loss 0.091631	 10.8s
Ep 586	 reward -10.614	 ms 148.6	 loss 0.015414	 10.6s
Ep 587	 reward -10.696	 ms 149.8	 loss 0.082087	 12.6s
Ep 588	 reward -10.686	 ms 149.6	 loss 0.164828	 10.9s
Ep 589	 reward -10.764	 ms 150.7	 loss 0.157201	 11.8s
Ep 590	 reward -10.650	 ms 149.1	 loss 0.088090	 11.7s
Ep 591	 reward -10.604	 ms 148.4	 loss 0.206481	 11.5s
Ep 592	 reward -10.664	 ms 149.3	 loss 0.179067	 11.6s
Ep 593	 reward -10.736	 ms 150.3	 loss -0.014471	 12.5s
Ep 594	 reward -10.721	 ms 150.1	 loss 0.104978	 11.9s
Ep 595	 reward -10.600	 ms 148.4	 loss 0.147020	 12.0s
Ep 596	 reward -10.614	 ms 148.6	 loss 0.148192	 11.7s
Ep 597	 reward -10.750	 ms 150.5	 loss 0.217918	 12.5s
Ep 598	 reward -10.761	 ms 150.7	 loss 0.086692	 12.5s
Ep 599	 reward -10.732	 ms 150.2	 loss 0.091464	 12.9s
[vali @600] rel=0.7950 (best 0.7834)  W=148.1
Ep 600	 reward -10.664	 ms 149.3	 loss 0.180091	 19.3s
Ep 601	 reward -10.929	 ms 153.0	 loss 0.022830	 13.8s
Ep 602	 reward -10.932	 ms 153.1	 loss 0.023066	 11.4s
Ep 603	 reward -10.918	 ms 152.8	 loss 0.106511	 12.0s
Ep 604	 reward -10.879	 ms 152.3	 loss -0.050204	 12.8s
Ep 605	 reward -10.861	 ms 152.1	 loss 0.012955	 12.2s
Ep 606	 reward -10.961	 ms 153.4	 loss -0.043138	 12.0s
Ep 607	 reward -10.893	 ms 152.5	 loss 0.113154	 12.0s
Ep 608	 reward -10.986	 ms 153.8	 loss 0.061957	 12.3s
Ep 609	 reward -11.018	 ms 154.2	 loss 0.050606	 12.4s
Ep 610	 reward -10.918	 ms 152.8	 loss 0.033634	 12.3s
Ep 611	 reward -10.925	 ms 152.9	 loss -0.022071	 12.1s
Ep 612	 reward -10.964	 ms 153.5	 loss 0.005613	 11.7s
Ep 613	 reward -10.904	 ms 152.7	 loss 0.106773	 11.7s
Ep 614	 reward -10.900	 ms 152.6	 loss 0.090165	 12.1s
Ep 615	 reward -10.964	 ms 153.5	 loss 0.130543	 12.0s
Ep 616	 reward -10.886	 ms 152.4	 loss 0.026222	 11.3s
Ep 617	 reward -10.911	 ms 152.8	 loss 0.010447	 11.7s
Ep 618	 reward -10.850	 ms 151.9	 loss 0.083528	 11.6s
Ep 619	 reward -11.000	 ms 154.0	 loss 0.051830	 10.4s
Ep 620	 reward -11.011	 ms 154.2	 loss 0.110213	 11.3s
Ep 621	 reward -11.004	 ms 154.1	 loss 0.077019	 11.3s
Ep 622	 reward -10.943	 ms 153.2	 loss 0.219341	 11.1s
Ep 623	 reward -10.911	 ms 152.8	 loss 0.129655	 11.0s
Ep 624	 reward -10.996	 ms 153.9	 loss 0.189120	 11.1s
[vali @625] rel=0.8068 (best 0.7834)  W=150.3
Ep 625	 reward -10.961	 ms 153.4	 loss 0.201571	 18.2s
Ep 626	 reward -10.911	 ms 152.8	 loss 0.014446	 11.1s
Ep 627	 reward -10.800	 ms 151.2	 loss 0.191794	 10.8s
Ep 628	 reward -10.986	 ms 153.8	 loss 0.154889	 10.9s
Ep 629	 reward -10.893	 ms 152.5	 loss 0.086162	 10.9s
Ep 630	 reward -10.857	 ms 152.0	 loss 0.263473	 11.6s
Ep 631	 reward -10.818	 ms 151.4	 loss 0.117667	 11.1s
Ep 632	 reward -10.886	 ms 152.4	 loss 0.215907	 11.1s
Ep 633	 reward -10.850	 ms 151.9	 loss 0.201212	 11.0s
Ep 634	 reward -10.904	 ms 152.7	 loss 0.031186	 11.0s
Ep 635	 reward -10.914	 ms 152.8	 loss 0.065602	 11.4s
Ep 636	 reward -10.907	 ms 152.7	 loss 0.108498	 10.5s
Ep 637	 reward -10.936	 ms 153.1	 loss 0.211234	 11.0s
Ep 638	 reward -10.950	 ms 153.3	 loss 0.145559	 11.0s
Ep 639	 reward -10.964	 ms 153.5	 loss 0.226070	 11.1s
Ep 640	 reward -10.968	 ms 153.6	 loss 0.062707	 10.8s
Ep 641	 reward -10.732	 ms 150.2	 loss 0.279258	 12.5s
Ep 642	 reward -10.932	 ms 153.1	 loss 0.244996	 11.4s
Ep 643	 reward -10.707	 ms 149.9	 loss 0.239171	 12.4s
Ep 644	 reward -10.821	 ms 151.5	 loss 0.273512	 11.6s
Ep 645	 reward -10.700	 ms 149.8	 loss 0.204046	 12.4s
Ep 646	 reward -10.793	 ms 151.1	 loss 0.225537	 11.6s
Ep 647	 reward -10.893	 ms 152.5	 loss 0.283617	 12.2s
Ep 648	 reward -10.811	 ms 151.3	 loss 0.282794	 12.0s
Ep 649	 reward -10.804	 ms 151.2	 loss 0.288078	 12.0s
[vali @650] rel=0.7872 (best 0.7834)  W=146.7
Ep 650	 reward -10.682	 ms 149.6	 loss 0.121939	 20.1s
Ep 651	 reward -10.671	 ms 149.4	 loss 0.283760	 11.8s
Ep 652	 reward -10.793	 ms 151.1	 loss 0.252930	 13.0s
Ep 653	 reward -10.750	 ms 150.5	 loss 0.221242	 12.3s
Ep 654	 reward -10.704	 ms 149.8	 loss 0.160309	 12.0s
Ep 655	 reward -10.693	 ms 149.7	 loss 0.237975	 12.1s
Ep 656	 reward -10.686	 ms 149.6	 loss 0.253475	 12.4s
Ep 657	 reward -10.743	 ms 150.4	 loss 0.235141	 11.9s
Ep 658	 reward -10.707	 ms 149.9	 loss 0.154318	 12.7s
Ep 659	 reward -10.736	 ms 150.3	 loss 0.160455	 12.4s
Ep 660	 reward -10.696	 ms 149.8	 loss 0.182739	 12.3s
Ep 661	 reward -10.639	 ms 148.9	 loss 0.234994	 11.3s
Ep 662	 reward -10.596	 ms 148.3	 loss 0.252227	 10.9s
Ep 663	 reward -10.671	 ms 149.4	 loss 0.266279	 11.0s
Ep 664	 reward -10.643	 ms 149.0	 loss 0.267783	 11.3s
Ep 665	 reward -10.625	 ms 148.8	 loss 0.120516	 10.5s
Ep 666	 reward -10.664	 ms 149.3	 loss 0.248491	 11.4s
Ep 667	 reward -10.611	 ms 148.6	 loss 0.216275	 10.5s
Ep 668	 reward -10.604	 ms 148.4	 loss 0.243296	 10.9s
Ep 669	 reward -10.704	 ms 149.8	 loss 0.245816	 10.6s
Ep 670	 reward -10.671	 ms 149.4	 loss 0.253454	 10.5s
Ep 671	 reward -10.700	 ms 149.8	 loss 0.245761	 11.2s
Ep 672	 reward -10.636	 ms 148.9	 loss 0.257570	 10.5s
Ep 673	 reward -10.682	 ms 149.6	 loss 0.212489	 10.8s
Ep 674	 reward -10.621	 ms 148.7	 loss 0.182089	 10.5s
[vali @675] rel=0.7858 (best 0.7834)  W=146.4
Ep 675	 reward -10.657	 ms 149.2	 loss 0.219514	 18.3s
Ep 676	 reward -10.557	 ms 147.8	 loss 0.245282	 10.8s
Ep 677	 reward -10.607	 ms 148.5	 loss 0.243577	 11.0s
Ep 678	 reward -10.661	 ms 149.2	 loss 0.267811	 11.1s
Ep 679	 reward -10.754	 ms 150.6	 loss 0.251052	 11.4s
Ep 680	 reward -10.654	 ms 149.2	 loss 0.251336	 11.0s
Ep 681	 reward -10.546	 ms 147.7	 loss 0.092656	 11.5s
Ep 682	 reward -10.496	 ms 146.9	 loss 0.196719	 11.3s
Ep 683	 reward -10.500	 ms 147.0	 loss 0.184130	 11.2s
Ep 684	 reward -10.479	 ms 146.7	 loss 0.171038	 11.9s
Ep 685	 reward -10.564	 ms 147.9	 loss 0.212308	 11.6s
Ep 686	 reward -10.479	 ms 146.7	 loss 0.205514	 11.6s
Ep 687	 reward -10.536	 ms 147.5	 loss 0.177128	 12.0s
Ep 688	 reward -10.486	 ms 146.8	 loss 0.189513	 12.3s
Ep 689	 reward -10.436	 ms 146.1	 loss 0.234000	 12.0s
Ep 690	 reward -10.446	 ms 146.2	 loss 0.150088	 11.0s
Ep 691	 reward -10.446	 ms 146.2	 loss 0.181214	 12.2s
Ep 692	 reward -10.461	 ms 146.4	 loss 0.178862	 12.1s
Ep 693	 reward -10.525	 ms 147.3	 loss 0.162024	 12.2s
Ep 694	 reward -10.496	 ms 146.9	 loss 0.129068	 12.4s
Ep 695	 reward -10.411	 ms 145.8	 loss 0.125227	 11.4s
Ep 696	 reward -10.400	 ms 145.6	 loss 0.083519	 11.6s
Ep 697	 reward -10.446	 ms 146.2	 loss 0.097072	 11.5s
Ep 698	 reward -10.371	 ms 145.2	 loss 0.077323	 11.5s
Ep 699	 reward -10.450	 ms 146.3	 loss 0.222018	 12.4s
[vali @700] rel=0.7933 (best 0.7834)  W=147.8
Ep 700	 reward -10.536	 ms 147.5	 loss 0.164101	 19.6s
Ep 701	 reward -10.446	 ms 146.2	 loss 0.000485	 11.6s
Ep 702	 reward -10.521	 ms 147.3	 loss 0.194363	 11.3s
Ep 703	 reward -10.571	 ms 148.0	 loss 0.066119	 10.9s
Ep 704	 reward -10.518	 ms 147.2	 loss -0.057092	 11.0s
Ep 705	 reward -10.521	 ms 147.3	 loss 0.094216	 11.3s
Ep 706	 reward -10.518	 ms 147.2	 loss 0.153958	 11.0s
Ep 707	 reward -10.571	 ms 148.0	 loss 0.089116	 11.4s
Ep 708	 reward -10.518	 ms 147.2	 loss 0.050871	 11.5s
Ep 709	 reward -10.550	 ms 147.7	 loss 0.115750	 11.0s
Ep 710	 reward -10.529	 ms 147.4	 loss 0.194589	 11.2s
Ep 711	 reward -10.532	 ms 147.4	 loss 0.003520	 10.1s
Ep 712	 reward -10.589	 ms 148.2	 loss 0.100048	 10.5s
Ep 713	 reward -10.546	 ms 147.7	 loss -0.002636	 10.5s
Ep 714	 reward -10.568	 ms 147.9	 loss 0.134001	 10.8s
Ep 715	 reward -10.504	 ms 147.1	 loss 0.007842	 10.2s
Ep 716	 reward -10.436	 ms 146.1	 loss 0.004154	 10.4s
Ep 717	 reward -10.600	 ms 148.4	 loss 0.159557	 10.4s
Ep 718	 reward -10.500	 ms 147.0	 loss 0.105944	 10.7s
Ep 719	 reward -10.571	 ms 148.0	 loss 0.180450	 10.5s
Ep 720	 reward -10.414	 ms 145.8	 loss 0.042259	 10.4s
Ep 721	 reward -10.443	 ms 146.2	 loss -0.002147	 11.1s
Ep 722	 reward -10.507	 ms 147.1	 loss 0.070942	 10.5s
Ep 723	 reward -10.486	 ms 146.8	 loss -0.002709	 10.8s
Ep 724	 reward -10.582	 ms 148.2	 loss 0.180985	 10.0s
[vali @725] rel=0.7925 (best 0.7834)  W=147.7
Ep 725	 reward -10.471	 ms 146.6	 loss -0.064607	 17.0s
Ep 726	 reward -10.564	 ms 147.9	 loss -0.006968	 10.3s
Ep 727	 reward -10.529	 ms 147.4	 loss -0.038873	 10.9s
Ep 728	 reward -10.482	 ms 146.8	 loss 0.102479	 10.1s
Ep 729	 reward -10.496	 ms 146.9	 loss 0.112591	 10.0s
Ep 730	 reward -10.582	 ms 148.2	 loss 0.062566	 10.0s
Ep 731	 reward -10.432	 ms 146.1	 loss 0.089497	 10.2s
Ep 732	 reward -10.604	 ms 148.4	 loss 0.114873	 10.7s
Ep 733	 reward -10.486	 ms 146.8	 loss 0.081108	 10.6s
Ep 734	 reward -10.468	 ms 146.6	 loss 0.128389	 10.4s
Ep 735	 reward -10.543	 ms 147.6	 loss -0.059463	 11.3s
Ep 736	 reward -10.443	 ms 146.2	 loss 0.029314	 10.3s
Ep 737	 reward -10.479	 ms 146.7	 loss -0.028047	 11.1s
Ep 738	 reward -10.546	 ms 147.7	 loss 0.088135	 10.6s
Ep 739	 reward -10.468	 ms 146.6	 loss -0.008909	 10.2s
Ep 740	 reward -10.546	 ms 147.7	 loss 0.083501	 10.0s
Ep 741	 reward -10.561	 ms 147.8	 loss 0.034144	 10.5s
Ep 742	 reward -10.564	 ms 147.9	 loss -0.052570	 10.8s
Ep 743	 reward -10.521	 ms 147.3	 loss -0.070233	 10.7s
Ep 744	 reward -10.443	 ms 146.2	 loss -0.105789	 10.5s
Ep 745	 reward -10.518	 ms 147.2	 loss 0.034801	 11.0s
Ep 746	 reward -10.518	 ms 147.2	 loss -0.027771	 10.4s
Ep 747	 reward -10.532	 ms 147.4	 loss -0.013911	 10.8s
Ep 748	 reward -10.564	 ms 147.9	 loss -0.107265	 11.2s
Ep 749	 reward -10.475	 ms 146.7	 loss -0.118258	 10.6s
[vali @750] rel=0.7850 (best 0.7834)  W=146.2
Ep 750	 reward -10.521	 ms 147.3	 loss -0.050049	 19.2s
Ep 751	 reward -10.550	 ms 147.7	 loss 0.040861	 10.4s
Ep 752	 reward -10.496	 ms 146.9	 loss -0.119467	 10.8s
Ep 753	 reward -10.507	 ms 147.1	 loss -0.063687	 11.0s
Ep 754	 reward -10.525	 ms 147.3	 loss 0.001266	 10.7s
Ep 755	 reward -10.511	 ms 147.2	 loss -0.090151	 11.3s
Ep 756	 reward -10.568	 ms 147.9	 loss -0.053986	 10.5s
Ep 757	 reward -10.468	 ms 146.6	 loss -0.069088	 10.8s
Ep 758	 reward -10.518	 ms 147.2	 loss -0.002460	 10.7s
Ep 759	 reward -10.446	 ms 146.2	 loss -0.108767	 11.2s
Ep 760	 reward -10.525	 ms 147.3	 loss -0.032410	 11.2s
Ep 761	 reward -10.325	 ms 144.6	 loss -0.081192	 11.7s
Ep 762	 reward -10.300	 ms 144.2	 loss -0.039950	 11.1s
Ep 763	 reward -10.418	 ms 145.8	 loss -0.067751	 12.6s
Ep 764	 reward -10.396	 ms 145.6	 loss 0.011439	 9.8s
Ep 765	 reward -10.332	 ms 144.7	 loss 0.031481	 11.2s
Ep 766	 reward -10.357	 ms 145.0	 loss -0.095593	 11.3s
Ep 767	 reward -10.296	 ms 144.2	 loss -0.008575	 11.6s
Ep 768	 reward -10.436	 ms 146.1	 loss -0.099073	 11.4s
Ep 769	 reward -10.421	 ms 145.9	 loss -0.075096	 11.0s
Ep 770	 reward -10.429	 ms 146.0	 loss -0.091782	 11.5s
Ep 771	 reward -10.389	 ms 145.4	 loss -0.101887	 12.1s
Ep 772	 reward -10.450	 ms 146.3	 loss -0.101300	 12.4s
Ep 773	 reward -10.393	 ms 145.5	 loss 0.015503	 11.5s
Ep 774	 reward -10.393	 ms 145.5	 loss -0.077135	 11.4s
[vali @775] rel=0.7923 (best 0.7834)  W=147.6
Ep 775	 reward -10.386	 ms 145.4	 loss -0.085087	 18.6s
Ep 776	 reward -10.404	 ms 145.7	 loss -0.053395	 12.5s
Ep 777	 reward -10.404	 ms 145.7	 loss -0.064704	 11.8s
Ep 778	 reward -10.314	 ms 144.4	 loss -0.048477	 12.8s
Ep 779	 reward -10.500	 ms 147.0	 loss -0.047843	 11.8s
Ep 780	 reward -10.379	 ms 145.3	 loss -0.111085	 11.3s
Ep 781	 reward -10.825	 ms 151.6	 loss -0.074988	 11.0s
Ep 782	 reward -10.814	 ms 151.4	 loss -0.061302	 11.7s
Ep 783	 reward -10.764	 ms 150.7	 loss -0.067567	 11.9s
Ep 784	 reward -10.854	 ms 151.9	 loss 0.042414	 11.6s
Ep 785	 reward -10.836	 ms 151.7	 loss -0.077109	 11.5s
Ep 786	 reward -10.811	 ms 151.3	 loss -0.012687	 10.9s
Ep 787	 reward -10.857	 ms 152.0	 loss 0.009379	 10.7s
Ep 788	 reward -10.918	 ms 152.8	 loss 0.022088	 10.8s
Ep 789	 reward -10.821	 ms 151.5	 loss -0.064660	 11.6s
Ep 790	 reward -10.736	 ms 150.3	 loss -0.089774	 10.9s
Ep 791	 reward -10.811	 ms 151.3	 loss -0.038203	 11.8s
Ep 792	 reward -10.811	 ms 151.3	 loss 0.066906	 12.3s
Ep 793	 reward -10.746	 ms 150.4	 loss -0.046972	 11.2s
Ep 794	 reward -10.782	 ms 150.9	 loss 0.104518	 11.5s
Ep 795	 reward -10.821	 ms 151.5	 loss -0.022007	 11.6s
Ep 796	 reward -10.793	 ms 151.1	 loss -0.080462	 12.1s
Ep 797	 reward -10.764	 ms 150.7	 loss -0.048524	 11.7s
Ep 798	 reward -10.818	 ms 151.4	 loss -0.018990	 11.4s
Ep 799	 reward -10.750	 ms 150.5	 loss -0.019838	 11.7s
[vali @800] rel=0.7866 (best 0.7834)  W=146.6
Ep 800	 reward -10.804	 ms 151.2	 loss 0.020163	 18.5s
Ep 801	 reward -10.514	 ms 147.2	 loss 0.102526	 11.3s
Ep 802	 reward -10.496	 ms 146.9	 loss 0.030196	 11.8s
Ep 803	 reward -10.500	 ms 147.0	 loss 0.161646	 11.4s
Ep 804	 reward -10.386	 ms 145.4	 loss 0.147879	 11.5s
Ep 805	 reward -10.518	 ms 147.2	 loss 0.221436	 11.1s
Ep 806	 reward -10.464	 ms 146.5	 loss 0.155425	 11.3s
Ep 807	 reward -10.414	 ms 145.8	 loss 0.175696	 13.2s
Ep 808	 reward -10.443	 ms 146.2	 loss 0.141347	 11.8s
Ep 809	 reward -10.489	 ms 146.8	 loss 0.075570	 10.5s
Ep 810	 reward -10.475	 ms 146.7	 loss 0.038884	 10.4s
Ep 811	 reward -10.450	 ms 146.3	 loss 0.060953	 11.3s
Ep 812	 reward -10.518	 ms 147.2	 loss 0.100832	 11.7s
Ep 813	 reward -10.536	 ms 147.5	 loss 0.175838	 11.1s
Ep 814	 reward -10.421	 ms 145.9	 loss 0.211368	 11.2s
Ep 815	 reward -10.539	 ms 147.6	 loss 0.077761	 10.7s
Ep 816	 reward -10.543	 ms 147.6	 loss 0.033061	 12.2s
Ep 817	 reward -10.425	 ms 145.9	 loss -0.047748	 11.3s
Ep 818	 reward -10.425	 ms 145.9	 loss -0.019988	 11.5s
Ep 819	 reward -10.457	 ms 146.4	 loss 0.162792	 12.7s
Ep 820	 reward -10.521	 ms 147.3	 loss 0.230433	 11.8s
Ep 821	 reward -10.829	 ms 151.6	 loss -0.059266	 11.6s
Ep 822	 reward -10.721	 ms 150.1	 loss -0.132230	 11.7s
Ep 823	 reward -10.814	 ms 151.4	 loss -0.077406	 11.7s
Ep 824	 reward -10.861	 ms 152.1	 loss -0.124641	 12.5s
[vali @825] rel=0.7845 (best 0.7834)  W=146.2
Ep 825	 reward -10.768	 ms 150.8	 loss -0.070849	 19.7s
Ep 826	 reward -10.986	 ms 153.8	 loss -0.104772	 11.7s
Ep 827	 reward -10.857	 ms 152.0	 loss -0.100339	 11.5s
Ep 828	 reward -10.850	 ms 151.9	 loss -0.091141	 11.8s
Ep 829	 reward -10.864	 ms 152.1	 loss -0.050778	 12.3s
Ep 830	 reward -10.786	 ms 151.0	 loss -0.069092	 12.9s
Ep 831	 reward -10.714	 ms 150.0	 loss -0.107391	 11.4s
Ep 832	 reward -10.661	 ms 149.2	 loss -0.101292	 11.7s
Ep 833	 reward -10.761	 ms 150.7	 loss -0.004789	 11.2s
Ep 834	 reward -10.689	 ms 149.7	 loss -0.102484	 12.0s
Ep 835	 reward -10.804	 ms 151.2	 loss -0.087543	 11.7s
Ep 836	 reward -10.786	 ms 151.0	 loss -0.093043	 10.4s
Ep 837	 reward -10.786	 ms 151.0	 loss -0.129484	 11.4s
Ep 838	 reward -10.807	 ms 151.3	 loss -0.090515	 11.1s
Ep 839	 reward -10.796	 ms 151.2	 loss -0.107549	 11.3s
Ep 840	 reward -10.796	 ms 151.2	 loss -0.081518	 10.7s
Ep 841	 reward -10.325	 ms 144.6	 loss 0.190028	 10.7s
Ep 842	 reward -10.375	 ms 145.2	 loss 0.195904	 11.6s
Ep 843	 reward -10.396	 ms 145.6	 loss 0.139200	 11.9s
Ep 844	 reward -10.450	 ms 146.3	 loss 0.154126	 11.4s
Ep 845	 reward -10.393	 ms 145.5	 loss 0.159233	 11.4s
Ep 846	 reward -10.375	 ms 145.2	 loss 0.092048	 11.7s
Ep 847	 reward -10.407	 ms 145.7	 loss 0.203977	 12.4s
Ep 848	 reward -10.411	 ms 145.8	 loss 0.112161	 11.7s
Ep 849	 reward -10.400	 ms 145.6	 loss 0.185766	 11.7s
[vali @850] rel=0.7840 (best 0.7834)  W=146.1
Ep 850	 reward -10.450	 ms 146.3	 loss 0.238609	 19.2s
Ep 851	 reward -10.429	 ms 146.0	 loss 0.091761	 12.0s
Ep 852	 reward -10.446	 ms 146.2	 loss 0.059973	 11.7s
Ep 853	 reward -10.375	 ms 145.2	 loss 0.166569	 11.6s
Ep 854	 reward -10.421	 ms 145.9	 loss 0.165026	 12.3s
Ep 855	 reward -10.421	 ms 145.9	 loss 0.021981	 11.2s
Ep 856	 reward -10.464	 ms 146.5	 loss 0.185831	 11.5s
Ep 857	 reward -10.336	 ms 144.7	 loss 0.101381	 11.0s
Ep 858	 reward -10.482	 ms 146.8	 loss 0.121515	 11.4s
Ep 859	 reward -10.346	 ms 144.8	 loss 0.055927	 11.4s
Ep 860	 reward -10.375	 ms 145.2	 loss 0.176002	 10.9s
Ep 861	 reward -10.450	 ms 146.3	 loss 0.037411	 10.4s
Ep 862	 reward -10.421	 ms 145.9	 loss 0.116442	 11.4s
Ep 863	 reward -10.432	 ms 146.1	 loss 0.008604	 10.2s
Ep 864	 reward -10.464	 ms 146.5	 loss 0.099036	 10.4s
Ep 865	 reward -10.446	 ms 146.2	 loss -0.071308	 10.7s
Ep 866	 reward -10.407	 ms 145.7	 loss 0.079802	 9.8s
Ep 867	 reward -10.421	 ms 145.9	 loss 0.103093	 11.2s
Ep 868	 reward -10.364	 ms 145.1	 loss -0.082603	 11.6s
Ep 869	 reward -10.382	 ms 145.3	 loss 0.030506	 10.3s
Ep 870	 reward -10.346	 ms 144.8	 loss -0.066877	 11.1s
Ep 871	 reward -10.443	 ms 146.2	 loss 0.134841	 11.2s
Ep 872	 reward -10.396	 ms 145.6	 loss 0.102593	 10.9s
Ep 873	 reward -10.375	 ms 145.2	 loss 0.141163	 11.3s
Ep 874	 reward -10.429	 ms 146.0	 loss 0.041570	 12.1s
[vali @875] rel=0.7885 (best 0.7834)  W=146.9
Ep 875	 reward -10.371	 ms 145.2	 loss 0.094091	 17.8s
Ep 876	 reward -10.343	 ms 144.8	 loss 0.080272	 11.3s
Ep 877	 reward -10.439	 ms 146.2	 loss 0.153475	 11.6s
Ep 878	 reward -10.500	 ms 147.0	 loss 0.087024	 12.2s
Ep 879	 reward -10.475	 ms 146.7	 loss 0.053143	 12.1s
Ep 880	 reward -10.407	 ms 145.7	 loss -0.013560	 11.1s
Ep 881	 reward -10.750	 ms 150.5	 loss -0.077266	 11.9s
Ep 882	 reward -10.793	 ms 151.1	 loss -0.086663	 11.6s
Ep 883	 reward -10.675	 ms 149.4	 loss -0.103315	 11.1s
Ep 884	 reward -10.711	 ms 149.9	 loss -0.089390	 12.0s
Ep 885	 reward -10.711	 ms 149.9	 loss -0.088797	 12.2s
Ep 886	 reward -10.771	 ms 150.8	 loss -0.117769	 11.2s
Ep 887	 reward -10.757	 ms 150.6	 loss -0.083589	 11.5s
Ep 888	 reward -10.564	 ms 147.9	 loss -0.131881	 11.4s
Ep 889	 reward -10.764	 ms 150.7	 loss -0.048620	 11.3s
Ep 890	 reward -10.664	 ms 149.3	 loss -0.112047	 11.1s
Ep 891	 reward -10.900	 ms 152.6	 loss -0.079721	 11.2s
Ep 892	 reward -10.704	 ms 149.8	 loss 0.028536	 10.9s
Ep 893	 reward -10.821	 ms 151.5	 loss -0.094902	 10.6s
Ep 894	 reward -10.771	 ms 150.8	 loss -0.027139	 11.6s
Ep 895	 reward -10.779	 ms 150.9	 loss -0.025340	 11.0s
Ep 896	 reward -10.686	 ms 149.6	 loss -0.079885	 11.2s
Ep 897	 reward -10.800	 ms 151.2	 loss 0.080406	 12.5s
Ep 898	 reward -10.671	 ms 149.4	 loss -0.115561	 11.5s
Ep 899	 reward -10.789	 ms 151.1	 loss -0.068291	 11.9s
[vali @900] rel=0.7856 (best 0.7834)  W=146.3
Ep 900	 reward -10.775	 ms 150.8	 loss -0.116211	 18.8s
Ep 901	 reward -10.532	 ms 147.4	 loss 0.086259	 11.6s
Ep 902	 reward -10.486	 ms 146.8	 loss 0.186599	 11.0s
Ep 903	 reward -10.586	 ms 148.2	 loss 0.103228	 11.7s
Ep 904	 reward -10.514	 ms 147.2	 loss 0.117068	 12.8s
Ep 905	 reward -10.536	 ms 147.5	 loss 0.187868	 12.0s
Ep 906	 reward -10.554	 ms 147.8	 loss -0.076502	 11.7s
Ep 907	 reward -10.568	 ms 147.9	 loss 0.105896	 11.0s
Ep 908	 reward -10.557	 ms 147.8	 loss 0.090648	 11.7s
Ep 909	 reward -10.607	 ms 148.5	 loss 0.147169	 11.4s
Ep 910	 reward -10.543	 ms 147.6	 loss 0.064965	 12.0s
Ep 911	 reward -10.579	 ms 148.1	 loss 0.144256	 12.2s
Ep 912	 reward -10.475	 ms 146.7	 loss -0.049442	 11.7s
Ep 913	 reward -10.500	 ms 147.0	 loss -0.012460	 13.4s
Ep 914	 reward -10.625	 ms 148.8	 loss -0.003922	 11.5s
Ep 915	 reward -10.596	 ms 148.3	 loss 0.042654	 11.6s
Ep 916	 reward -10.561	 ms 147.8	 loss -0.017166	 11.3s
Ep 917	 reward -10.521	 ms 147.3	 loss -0.050873	 11.5s
Ep 918	 reward -10.536	 ms 147.5	 loss 0.161111	 11.1s
Ep 919	 reward -10.539	 ms 147.6	 loss -0.081615	 12.8s
Ep 920	 reward -10.529	 ms 147.4	 loss 0.167955	 10.3s
Ep 921	 reward -10.389	 ms 145.4	 loss -0.132305	 10.7s
Ep 922	 reward -10.461	 ms 146.4	 loss -0.114085	 11.9s
Ep 923	 reward -10.443	 ms 146.2	 loss -0.157442	 11.1s
Ep 924	 reward -10.479	 ms 146.7	 loss -0.132748	 10.7s
[vali @925] rel=0.7840 (best 0.7834)  W=146.1
Ep 925	 reward -10.489	 ms 146.8	 loss -0.122516	 18.1s
Ep 926	 reward -10.450	 ms 146.3	 loss -0.141212	 11.2s
Ep 927	 reward -10.425	 ms 145.9	 loss -0.099555	 10.5s
Ep 928	 reward -10.529	 ms 147.4	 loss -0.140521	 10.9s
Ep 929	 reward -10.404	 ms 145.7	 loss -0.142264	 11.2s
Ep 930	 reward -10.468	 ms 146.6	 loss -0.152801	 10.9s
Ep 931	 reward -10.382	 ms 145.3	 loss -0.120400	 11.5s
Ep 932	 reward -10.386	 ms 145.4	 loss -0.143527	 10.4s
Ep 933	 reward -10.461	 ms 146.4	 loss -0.088315	 11.4s
Ep 934	 reward -10.436	 ms 146.1	 loss -0.089704	 11.3s
Ep 935	 reward -10.429	 ms 146.0	 loss -0.136289	 11.2s
Ep 936	 reward -10.339	 ms 144.8	 loss -0.116725	 9.9s
Ep 937	 reward -10.457	 ms 146.4	 loss -0.156674	 10.8s
Ep 938	 reward -10.375	 ms 145.2	 loss -0.109747	 11.1s
Ep 939	 reward -10.411	 ms 145.8	 loss -0.130174	 11.1s
Ep 940	 reward -10.479	 ms 146.7	 loss -0.110917	 10.6s
Ep 941	 reward -10.382	 ms 145.3	 loss 0.236029	 11.2s
Ep 942	 reward -10.346	 ms 144.8	 loss 0.256629	 10.9s
Ep 943	 reward -10.454	 ms 146.3	 loss 0.248991	 10.6s
Ep 944	 reward -10.425	 ms 145.9	 loss 0.258001	 11.0s
Ep 945	 reward -10.357	 ms 145.0	 loss 0.108306	 11.2s
Ep 946	 reward -10.439	 ms 146.2	 loss 0.256185	 10.7s
Ep 947	 reward -10.439	 ms 146.2	 loss 0.282219	 10.8s
Ep 948	 reward -10.339	 ms 144.8	 loss 0.189755	 10.9s
Ep 949	 reward -10.468	 ms 146.6	 loss 0.301465	 10.4s
[vali @950] rel=0.7821 (best 0.7821)  W=145.7
Ep 950	 reward -10.343	 ms 144.8	 loss 0.268283	 17.8s
Ep 951	 reward -10.432	 ms 146.1	 loss 0.260842	 10.6s
Ep 952	 reward -10.357	 ms 145.0	 loss 0.175650	 11.3s
Ep 953	 reward -10.425	 ms 145.9	 loss 0.139884	 10.5s
Ep 954	 reward -10.386	 ms 145.4	 loss 0.227824	 10.5s
Ep 955	 reward -10.482	 ms 146.8	 loss 0.226939	 10.2s
Ep 956	 reward -10.396	 ms 145.6	 loss 0.254229	 10.2s
Ep 957	 reward -10.421	 ms 145.9	 loss 0.217353	 10.7s
Ep 958	 reward -10.393	 ms 145.5	 loss 0.214571	 11.2s
Ep 959	 reward -10.343	 ms 144.8	 loss 0.231946	 11.2s
Ep 960	 reward -10.482	 ms 146.8	 loss 0.252011	 11.2s
Ep 961	 reward -10.407	 ms 145.7	 loss 0.171936	 10.9s
Ep 962	 reward -10.479	 ms 146.7	 loss 0.139297	 10.9s
Ep 963	 reward -10.446	 ms 146.2	 loss 0.130133	 11.1s
Ep 964	 reward -10.414	 ms 145.8	 loss 0.071373	 10.7s
Ep 965	 reward -10.375	 ms 145.2	 loss 0.116137	 10.8s
Ep 966	 reward -10.450	 ms 146.3	 loss 0.094001	 11.6s
Ep 967	 reward -10.429	 ms 146.0	 loss 0.060581	 11.1s
Ep 968	 reward -10.479	 ms 146.7	 loss 0.103033	 12.4s
Ep 969	 reward -10.418	 ms 145.8	 loss 0.080568	 11.8s
Ep 970	 reward -10.457	 ms 146.4	 loss 0.164845	 11.6s
Ep 971	 reward -10.507	 ms 147.1	 loss 0.128137	 12.0s
Ep 972	 reward -10.575	 ms 148.1	 loss 0.148999	 12.4s
Ep 973	 reward -10.493	 ms 146.9	 loss 0.035024	 11.6s
Ep 974	 reward -10.479	 ms 146.7	 loss 0.117226	 11.6s
[vali @975] rel=0.7874 (best 0.7821)  W=146.7
Ep 975	 reward -10.379	 ms 145.3	 loss 0.033852	 18.8s
Ep 976	 reward -10.454	 ms 146.3	 loss 0.079844	 10.7s
Ep 977	 reward -10.489	 ms 146.8	 loss 0.202771	 10.8s
Ep 978	 reward -10.450	 ms 146.3	 loss 0.132004	 10.3s
Ep 979	 reward -10.382	 ms 145.3	 loss 0.096597	 12.6s
Ep 980	 reward -10.346	 ms 144.8	 loss 0.030171	 11.5s
Ep 981	 reward -10.411	 ms 145.8	 loss -0.012852	 9.9s
Ep 982	 reward -10.482	 ms 146.8	 loss -0.028738	 9.7s
Ep 983	 reward -10.425	 ms 145.9	 loss 0.026943	 9.5s
Ep 984	 reward -10.414	 ms 145.8	 loss -0.024549	 10.1s
Ep 985	 reward -10.357	 ms 145.0	 loss 0.004157	 10.9s
Ep 986	 reward -10.421	 ms 145.9	 loss 0.101160	 11.4s
Ep 987	 reward -10.400	 ms 145.6	 loss -0.020763	 10.5s
Ep 988	 reward -10.446	 ms 146.2	 loss -0.042258	 10.5s
Ep 989	 reward -10.389	 ms 145.4	 loss -0.038026	 10.5s
Ep 990	 reward -10.450	 ms 146.3	 loss -0.008752	 10.3s
Ep 991	 reward -10.375	 ms 145.2	 loss -0.012275	 10.1s
Ep 992	 reward -10.404	 ms 145.7	 loss -0.027740	 10.2s
Ep 993	 reward -10.457	 ms 146.4	 loss 0.018166	 10.2s
Ep 994	 reward -10.389	 ms 145.4	 loss 0.029325	 9.8s
Ep 995	 reward -10.418	 ms 145.8	 loss -0.011255	 10.6s
Ep 996	 reward -10.332	 ms 144.7	 loss -0.001240	 10.4s
Ep 997	 reward -10.429	 ms 146.0	 loss -0.000353	 10.5s
Ep 998	 reward -10.393	 ms 145.5	 loss -0.009916	 11.1s
Ep 999	 reward -10.546	 ms 147.7	 loss 0.032736	 10.6s
[vali @1000] rel=0.7783 (best 0.7783)  W=145.0
Ep 1000	 reward -10.482	 ms 146.8	 loss -0.017024	 17.4s
[train_family] done in 3.60 h; best rel=0.7783
