[vali] MWKR norms: LW=252.9
[model] params total=32786  film=0 (0.00%)
[train_family] model=10x25+family+spec-LW-s302 regimes=['LW'] updates=1000
Ep 1	 reward -17.018	 ms 238.2	 loss 0.244159	 12.4s
Ep 2	 reward -17.075	 ms 239.1	 loss 0.211197	 9.6s
Ep 3	 reward -16.829	 ms 235.6	 loss 0.120179	 10.5s
Ep 4	 reward -17.118	 ms 239.7	 loss 0.175943	 10.9s
Ep 5	 reward -16.961	 ms 237.4	 loss 0.269331	 11.6s
Ep 6	 reward -16.914	 ms 236.8	 loss 0.352617	 10.6s
Ep 7	 reward -17.018	 ms 238.2	 loss 0.299619	 10.5s
Ep 8	 reward -16.996	 ms 237.9	 loss 0.315063	 9.8s
Ep 9	 reward -16.982	 ms 237.8	 loss 0.232620	 12.3s
Ep 10	 reward -17.125	 ms 239.8	 loss 0.292414	 11.5s
Ep 11	 reward -16.989	 ms 237.8	 loss 0.170843	 10.7s
Ep 12	 reward -16.900	 ms 236.6	 loss 0.187863	 9.9s
Ep 13	 reward -16.986	 ms 237.8	 loss 0.349096	 10.5s
Ep 14	 reward -17.000	 ms 238.0	 loss 0.153376	 11.5s
Ep 15	 reward -16.929	 ms 237.0	 loss 0.258864	 10.8s
Ep 16	 reward -16.907	 ms 236.7	 loss 0.349164	 10.3s
Ep 17	 reward -17.043	 ms 238.6	 loss 0.245038	 11.4s
Ep 18	 reward -16.971	 ms 237.6	 loss 0.336261	 11.2s
Ep 19	 reward -17.000	 ms 238.0	 loss 0.220120	 12.6s
Ep 20	 reward -16.982	 ms 237.8	 loss 0.240260	 11.6s
Ep 21	 reward -16.839	 ms 235.8	 loss 0.205816	 11.5s
Ep 22	 reward -16.896	 ms 236.6	 loss 0.338821	 11.8s
Ep 23	 reward -16.961	 ms 237.4	 loss 0.352718	 12.1s
Ep 24	 reward -16.954	 ms 237.3	 loss 0.329367	 12.0s
[vali @25] rel=0.8933 (best 0.8933)  LW=225.9
Ep 25	 reward -16.746	 ms 234.4	 loss 0.288169	 19.1s
Ep 26	 reward -16.871	 ms 236.2	 loss 0.293676	 11.5s
Ep 27	 reward -17.089	 ms 239.2	 loss 0.248850	 11.6s
Ep 28	 reward -16.779	 ms 234.9	 loss 0.239950	 11.0s
Ep 29	 reward -16.839	 ms 235.8	 loss 0.296657	 11.2s
Ep 30	 reward -16.914	 ms 236.8	 loss 0.351624	 11.7s
Ep 31	 reward -16.761	 ms 234.7	 loss 0.310814	 11.1s
Ep 32	 reward -16.757	 ms 234.6	 loss 0.291956	 11.7s
Ep 33	 reward -16.857	 ms 236.0	 loss 0.173956	 11.3s
Ep 34	 reward -16.911	 ms 236.8	 loss 0.234661	 11.5s
Ep 35	 reward -16.814	 ms 235.4	 loss 0.301960	 11.3s
Ep 36	 reward -16.768	 ms 234.8	 loss 0.283450	 11.4s
Ep 37	 reward -16.868	 ms 236.2	 loss 0.372454	 11.4s
Ep 38	 reward -16.686	 ms 233.6	 loss 0.289026	 11.1s
Ep 39	 reward -16.868	 ms 236.2	 loss 0.334178	 11.6s
Ep 40	 reward -16.900	 ms 236.6	 loss 0.346270	 11.0s
Ep 41	 reward -16.725	 ms 234.2	 loss 0.253644	 11.5s
Ep 42	 reward -16.671	 ms 233.4	 loss 0.209694	 11.2s
Ep 43	 reward -16.864	 ms 236.1	 loss 0.101247	 11.2s
Ep 44	 reward -16.575	 ms 232.1	 loss 0.202194	 11.5s
Ep 45	 reward -16.682	 ms 233.6	 loss 0.088368	 11.4s
Ep 46	 reward -16.754	 ms 234.6	 loss 0.173475	 11.0s
Ep 47	 reward -16.625	 ms 232.8	 loss 0.097281	 11.3s
Ep 48	 reward -16.811	 ms 235.3	 loss 0.175843	 11.5s
Ep 49	 reward -16.746	 ms 234.4	 loss 0.262786	 11.6s
[vali @50] rel=0.8913 (best 0.8913)  LW=225.4
Ep 50	 reward -16.604	 ms 232.4	 loss 0.089548	 19.3s
Ep 51	 reward -16.607	 ms 232.5	 loss 0.161820	 11.7s
Ep 52	 reward -16.875	 ms 236.2	 loss 0.220927	 11.6s
Ep 53	 reward -16.507	 ms 231.1	 loss 0.090285	 10.9s
Ep 54	 reward -16.643	 ms 233.0	 loss 0.175436	 11.3s
Ep 55	 reward -16.704	 ms 233.8	 loss 0.071913	 11.5s
Ep 56	 reward -16.743	 ms 234.4	 loss 0.352098	 11.8s
Ep 57	 reward -16.657	 ms 233.2	 loss 0.258753	 11.9s
Ep 58	 reward -16.889	 ms 236.4	 loss 0.141876	 12.4s
Ep 59	 reward -16.496	 ms 230.9	 loss 0.135860	 13.0s
Ep 60	 reward -16.679	 ms 233.5	 loss 0.161407	 11.5s
Ep 61	 reward -16.586	 ms 232.2	 loss 0.154207	 12.5s
Ep 62	 reward -16.579	 ms 232.1	 loss 0.071879	 12.1s
Ep 63	 reward -16.557	 ms 231.8	 loss 0.035435	 14.5s
Ep 64	 reward -16.568	 ms 231.9	 loss 0.062970	 12.9s
Ep 65	 reward -16.575	 ms 232.1	 loss 0.079959	 12.1s
Ep 66	 reward -16.596	 ms 232.3	 loss 0.047653	 13.5s
Ep 67	 reward -16.586	 ms 232.2	 loss 0.050372	 11.1s
Ep 68	 reward -16.596	 ms 232.3	 loss 0.129582	 12.4s
Ep 69	 reward -16.550	 ms 231.7	 loss 0.106065	 13.3s
Ep 70	 reward -16.511	 ms 231.2	 loss 0.098310	 12.5s
Ep 71	 reward -16.582	 ms 232.2	 loss 0.002742	 11.5s
Ep 72	 reward -16.650	 ms 233.1	 loss -0.011139	 12.9s
Ep 73	 reward -16.771	 ms 234.8	 loss 0.104383	 12.2s
Ep 74	 reward -16.564	 ms 231.9	 loss 0.053817	 11.9s
[vali @75] rel=0.8741 (best 0.8741)  LW=221.1
Ep 75	 reward -16.600	 ms 232.4	 loss 0.092729	 20.4s
Ep 76	 reward -16.546	 ms 231.7	 loss 0.053304	 12.0s
Ep 77	 reward -16.529	 ms 231.4	 loss 0.036249	 12.0s
Ep 78	 reward -16.489	 ms 230.8	 loss 0.105921	 11.5s
Ep 79	 reward -16.411	 ms 229.8	 loss 0.298710	 12.0s
Ep 80	 reward -16.375	 ms 229.2	 loss 0.091730	 13.2s
Ep 81	 reward -16.718	 ms 234.1	 loss 0.236180	 12.2s
Ep 82	 reward -16.511	 ms 231.2	 loss 0.214466	 12.4s
Ep 83	 reward -16.654	 ms 233.2	 loss 0.114279	 11.9s
Ep 84	 reward -16.489	 ms 230.8	 loss 0.190891	 12.7s
Ep 85	 reward -16.443	 ms 230.2	 loss 0.107472	 13.6s
Ep 86	 reward -16.461	 ms 230.4	 loss 0.067585	 12.5s
Ep 87	 reward -16.364	 ms 229.1	 loss -0.001059	 12.9s
Ep 88	 reward -16.464	 ms 230.5	 loss 0.070492	 12.7s
Ep 89	 reward -16.307	 ms 228.3	 loss 0.041779	 11.7s
Ep 90	 reward -16.289	 ms 228.1	 loss 0.043422	 13.6s
Ep 91	 reward -16.318	 ms 228.4	 loss 0.015836	 12.6s
Ep 92	 reward -16.218	 ms 227.1	 loss 0.131890	 12.3s
Ep 93	 reward -16.318	 ms 228.4	 loss 0.158586	 11.8s
Ep 94	 reward -16.293	 ms 228.1	 loss 0.088863	 11.7s
Ep 95	 reward -16.196	 ms 226.8	 loss 0.048785	 12.0s
Ep 96	 reward -16.154	 ms 226.2	 loss 0.032269	 12.9s
Ep 97	 reward -16.264	 ms 227.7	 loss 0.092634	 13.1s
Ep 98	 reward -16.221	 ms 227.1	 loss 0.109627	 13.4s
Ep 99	 reward -16.182	 ms 226.6	 loss 0.037081	 11.8s
[vali @100] rel=0.8751 (best 0.8741)  LW=221.3
Ep 100	 reward -16.086	 ms 225.2	 loss 0.047315	 19.4s
Ep 101	 reward -15.957	 ms 223.4	 loss 0.064129	 13.1s
Ep 102	 reward -15.879	 ms 222.3	 loss 0.159009	 14.1s
Ep 103	 reward -15.957	 ms 223.4	 loss 0.208103	 12.2s
Ep 104	 reward -15.904	 ms 222.7	 loss 0.134276	 12.2s
Ep 105	 reward -15.957	 ms 223.4	 loss 0.036830	 15.0s
Ep 106	 reward -15.907	 ms 222.7	 loss 0.167073	 11.8s
Ep 107	 reward -16.064	 ms 224.9	 loss 0.088965	 13.0s
Ep 108	 reward -16.004	 ms 224.1	 loss 0.160487	 13.0s
Ep 109	 reward -15.832	 ms 221.7	 loss 0.225060	 11.0s
Ep 110	 reward -15.907	 ms 222.7	 loss 0.191508	 14.3s
Ep 111	 reward -15.986	 ms 223.8	 loss 0.327813	 12.0s
Ep 112	 reward -15.857	 ms 222.0	 loss 0.111520	 12.9s
Ep 113	 reward -15.804	 ms 221.2	 loss 0.137776	 14.4s
Ep 114	 reward -16.007	 ms 224.1	 loss 0.204741	 12.1s
Ep 115	 reward -15.939	 ms 223.2	 loss 0.212345	 12.9s
Ep 116	 reward -15.864	 ms 222.1	 loss 0.192315	 12.2s
Ep 117	 reward -15.868	 ms 222.2	 loss 0.199982	 11.6s
Ep 118	 reward -15.850	 ms 221.9	 loss 0.140200	 13.4s
Ep 119	 reward -15.889	 ms 222.4	 loss 0.143801	 11.7s
Ep 120	 reward -15.914	 ms 222.8	 loss 0.235118	 13.0s
Ep 121	 reward -16.393	 ms 229.5	 loss 0.245117	 11.9s
Ep 122	 reward -16.443	 ms 230.2	 loss 0.395719	 11.7s
Ep 123	 reward -16.318	 ms 228.4	 loss 0.320778	 11.7s
Ep 124	 reward -16.304	 ms 228.2	 loss 0.268719	 13.0s
[vali @125] rel=0.8772 (best 0.8741)  LW=221.9
Ep 125	 reward -16.411	 ms 229.8	 loss 0.166985	 19.9s
Ep 126	 reward -16.396	 ms 229.6	 loss 0.437250	 12.1s
Ep 127	 reward -16.511	 ms 231.2	 loss 0.366541	 10.7s
Ep 128	 reward -16.425	 ms 229.9	 loss 0.378559	 13.2s
Ep 129	 reward -16.486	 ms 230.8	 loss 0.380120	 13.7s
Ep 130	 reward -16.396	 ms 229.6	 loss 0.360296	 12.3s
Ep 131	 reward -16.407	 ms 229.7	 loss 0.284540	 11.8s
Ep 132	 reward -16.479	 ms 230.7	 loss 0.190246	 12.4s
Ep 133	 reward -16.432	 ms 230.1	 loss 0.141792	 12.1s
Ep 134	 reward -16.411	 ms 229.8	 loss 0.093846	 10.9s
Ep 135	 reward -16.375	 ms 229.2	 loss 0.105006	 12.5s
Ep 136	 reward -16.396	 ms 229.6	 loss 0.200364	 12.4s
Ep 137	 reward -16.389	 ms 229.4	 loss 0.177207	 12.1s
Ep 138	 reward -16.464	 ms 230.5	 loss 0.138204	 12.0s
Ep 139	 reward -16.429	 ms 230.0	 loss 0.208431	 11.6s
Ep 140	 reward -16.332	 ms 228.7	 loss 0.182099	 12.5s
Ep 141	 reward -16.336	 ms 228.7	 loss 0.108769	 12.3s
Ep 142	 reward -16.364	 ms 229.1	 loss 0.119647	 12.5s
Ep 143	 reward -16.371	 ms 229.2	 loss 0.042391	 12.4s
Ep 144	 reward -16.389	 ms 229.4	 loss 0.045423	 13.9s
Ep 145	 reward -16.321	 ms 228.5	 loss 0.068004	 12.6s
Ep 146	 reward -16.368	 ms 229.2	 loss 0.027249	 11.8s
Ep 147	 reward -16.311	 ms 228.3	 loss 0.045264	 12.3s
Ep 148	 reward -16.379	 ms 229.3	 loss 0.066860	 11.9s
Ep 149	 reward -16.400	 ms 229.6	 loss 0.071785	 12.6s
[vali @150] rel=0.8802 (best 0.8741)  LW=222.7
Ep 150	 reward -16.404	 ms 229.7	 loss 0.059021	 20.0s
Ep 151	 reward -16.386	 ms 229.4	 loss 0.041706	 12.1s
Ep 152	 reward -16.425	 ms 229.9	 loss 0.077903	 12.6s
Ep 153	 reward -16.414	 ms 229.8	 loss 0.092759	 12.0s
Ep 154	 reward -16.461	 ms 230.4	 loss 0.087466	 12.2s
Ep 155	 reward -16.354	 ms 228.9	 loss 0.068051	 13.5s
Ep 156	 reward -16.407	 ms 229.7	 loss 0.036329	 12.0s
Ep 157	 reward -16.475	 ms 230.7	 loss 0.106827	 11.9s
Ep 158	 reward -16.439	 ms 230.2	 loss 0.069721	 12.2s
Ep 159	 reward -16.457	 ms 230.4	 loss 0.079375	 11.2s
Ep 160	 reward -16.450	 ms 230.3	 loss 0.087046	 12.0s
Ep 161	 reward -16.504	 ms 231.1	 loss 0.547671	 12.7s
Ep 162	 reward -16.368	 ms 229.2	 loss 0.375852	 12.5s
Ep 163	 reward -16.350	 ms 228.9	 loss 0.457654	 11.9s
Ep 164	 reward -16.314	 ms 228.4	 loss 0.443763	 12.6s
Ep 165	 reward -16.368	 ms 229.2	 loss 0.417004	 13.0s
Ep 166	 reward -16.357	 ms 229.0	 loss 0.413296	 11.9s
Ep 167	 reward -16.386	 ms 229.4	 loss 0.429911	 13.4s
Ep 168	 reward -16.357	 ms 229.0	 loss 0.323640	 13.1s
Ep 169	 reward -16.314	 ms 228.4	 loss 0.201282	 12.7s
Ep 170	 reward -16.314	 ms 228.4	 loss 0.267063	 11.7s
Ep 171	 reward -16.343	 ms 228.8	 loss 0.224087	 11.9s
Ep 172	 reward -16.375	 ms 229.2	 loss 0.300740	 12.4s
Ep 173	 reward -16.254	 ms 227.6	 loss 0.268138	 12.0s
Ep 174	 reward -16.486	 ms 230.8	 loss 0.194141	 11.7s
[vali @175] rel=0.8822 (best 0.8741)  LW=223.2
Ep 175	 reward -16.375	 ms 229.2	 loss 0.229387	 20.0s
Ep 176	 reward -16.389	 ms 229.4	 loss 0.227948	 12.6s
Ep 177	 reward -16.468	 ms 230.6	 loss 0.287758	 12.4s
Ep 178	 reward -16.268	 ms 227.8	 loss 0.204569	 11.9s
Ep 179	 reward -16.364	 ms 229.1	 loss 0.152258	 13.7s
Ep 180	 reward -16.354	 ms 228.9	 loss 0.174230	 12.7s
Ep 181	 reward -16.182	 ms 226.6	 loss 0.060127	 12.1s
Ep 182	 reward -16.168	 ms 226.3	 loss 0.158299	 12.9s
Ep 183	 reward -16.218	 ms 227.1	 loss 0.232037	 12.1s
Ep 184	 reward -16.239	 ms 227.3	 loss 0.339565	 11.6s
Ep 185	 reward -16.132	 ms 225.8	 loss 0.190405	 11.8s
Ep 186	 reward -16.111	 ms 225.6	 loss 0.272414	 12.1s
Ep 187	 reward -16.189	 ms 226.7	 loss 0.155420	 12.7s
Ep 188	 reward -16.186	 ms 226.6	 loss 0.155796	 11.5s
Ep 189	 reward -16.157	 ms 226.2	 loss 0.197254	 11.7s
Ep 190	 reward -16.211	 ms 226.9	 loss 0.214167	 11.0s
Ep 191	 reward -16.179	 ms 226.5	 loss 0.200756	 11.5s
Ep 192	 reward -16.146	 ms 226.1	 loss 0.189313	 11.4s
Ep 193	 reward -16.332	 ms 228.7	 loss 0.230439	 11.1s
Ep 194	 reward -16.211	 ms 226.9	 loss 0.153255	 11.7s
Ep 195	 reward -16.236	 ms 227.3	 loss 0.265448	 14.1s
Ep 196	 reward -16.364	 ms 229.1	 loss 0.302625	 11.2s
Ep 197	 reward -16.268	 ms 227.8	 loss 0.223985	 14.1s
Ep 198	 reward -16.246	 ms 227.4	 loss 0.259821	 12.2s
Ep 199	 reward -16.250	 ms 227.5	 loss 0.292961	 12.5s
[vali @200] rel=0.8810 (best 0.8741)  LW=222.8
Ep 200	 reward -16.218	 ms 227.1	 loss 0.220532	 20.2s
Ep 201	 reward -15.989	 ms 223.8	 loss 0.219855	 12.1s
Ep 202	 reward -16.043	 ms 224.6	 loss 0.219400	 11.4s
Ep 203	 reward -16.125	 ms 225.8	 loss 0.089215	 13.2s
Ep 204	 reward -16.018	 ms 224.2	 loss 0.163504	 12.2s
Ep 205	 reward -16.043	 ms 224.6	 loss 0.141935	 12.2s
Ep 206	 reward -16.050	 ms 224.7	 loss 0.245168	 12.7s
Ep 207	 reward -15.964	 ms 223.5	 loss 0.173375	 13.4s
Ep 208	 reward -16.021	 ms 224.3	 loss 0.278384	 12.6s
Ep 209	 reward -16.086	 ms 225.2	 loss 0.171758	 13.1s
Ep 210	 reward -15.879	 ms 222.3	 loss 0.197318	 12.2s
Ep 211	 reward -15.996	 ms 223.9	 loss 0.231702	 13.1s
Ep 212	 reward -16.054	 ms 224.8	 loss 0.258854	 12.3s
Ep 213	 reward -15.964	 ms 223.5	 loss 0.166254	 11.8s
Ep 214	 reward -16.121	 ms 225.7	 loss 0.232160	 11.9s
Ep 215	 reward -15.900	 ms 222.6	 loss 0.200336	 11.3s
Ep 216	 reward -16.011	 ms 224.2	 loss 0.221541	 11.8s
Ep 217	 reward -16.014	 ms 224.2	 loss 0.114367	 11.7s
Ep 218	 reward -16.139	 ms 225.9	 loss 0.278337	 11.7s
Ep 219	 reward -16.018	 ms 224.2	 loss 0.210454	 11.4s
Ep 220	 reward -15.893	 ms 222.5	 loss 0.157754	 12.5s
Ep 221	 reward -15.993	 ms 223.9	 loss 0.215300	 11.5s
Ep 222	 reward -15.946	 ms 223.2	 loss -0.014638	 11.6s
Ep 223	 reward -15.993	 ms 223.9	 loss 0.266252	 11.8s
Ep 224	 reward -16.107	 ms 225.5	 loss 0.285078	 11.4s
[vali @225] rel=0.8814 (best 0.8741)  LW=222.9
Ep 225	 reward -15.986	 ms 223.8	 loss -0.026293	 19.1s
Ep 226	 reward -16.039	 ms 224.6	 loss -0.024329	 11.3s
Ep 227	 reward -16.007	 ms 224.1	 loss 0.228090	 11.6s
Ep 228	 reward -15.975	 ms 223.7	 loss 0.239863	 11.7s
Ep 229	 reward -15.964	 ms 223.5	 loss -0.003075	 11.6s
Ep 230	 reward -15.950	 ms 223.3	 loss 0.247427	 11.4s
Ep 231	 reward -15.986	 ms 223.8	 loss -0.097624	 11.6s
Ep 232	 reward -15.957	 ms 223.4	 loss -0.073805	 11.9s
Ep 233	 reward -15.993	 ms 223.9	 loss 0.287270	 11.3s
Ep 234	 reward -15.929	 ms 223.0	 loss 0.182665	 10.8s
Ep 235	 reward -15.943	 ms 223.2	 loss 0.085948	 11.1s
Ep 236	 reward -15.986	 ms 223.8	 loss 0.108241	 11.4s
Ep 237	 reward -16.032	 ms 224.4	 loss 0.292526	 11.3s
Ep 238	 reward -15.989	 ms 223.8	 loss 0.190338	 11.6s
Ep 239	 reward -15.971	 ms 223.6	 loss 0.276247	 11.4s
Ep 240	 reward -15.904	 ms 222.7	 loss 0.181013	 11.5s
Ep 241	 reward -16.014	 ms 224.2	 loss -0.055388	 11.6s
Ep 242	 reward -16.039	 ms 224.6	 loss -0.016099	 11.7s
Ep 243	 reward -15.957	 ms 223.4	 loss 0.055234	 11.5s
Ep 244	 reward -15.957	 ms 223.4	 loss 0.001354	 11.7s
Ep 245	 reward -15.954	 ms 223.3	 loss -0.043864	 12.0s
Ep 246	 reward -16.014	 ms 224.2	 loss -0.054833	 11.3s
Ep 247	 reward -15.986	 ms 223.8	 loss -0.038798	 11.5s
Ep 248	 reward -16.089	 ms 225.2	 loss -0.014353	 11.6s
Ep 249	 reward -15.986	 ms 223.8	 loss -0.040114	 11.4s
[vali @250] rel=0.8800 (best 0.8741)  LW=222.6
Ep 250	 reward -16.071	 ms 225.0	 loss 0.153012	 19.2s
Ep 251	 reward -16.096	 ms 225.3	 loss 0.012379	 11.4s
Ep 252	 reward -16.114	 ms 225.6	 loss 0.037904	 11.3s
Ep 253	 reward -16.046	 ms 224.7	 loss -0.007420	 12.0s
Ep 254	 reward -16.061	 ms 224.8	 loss -0.012490	 11.9s
Ep 255	 reward -16.014	 ms 224.2	 loss 0.070812	 11.8s
Ep 256	 reward -16.136	 ms 225.9	 loss -0.027800	 12.3s
Ep 257	 reward -16.032	 ms 224.4	 loss 0.048069	 11.9s
Ep 258	 reward -16.064	 ms 224.9	 loss 0.010076	 12.2s
Ep 259	 reward -16.071	 ms 225.0	 loss 0.014651	 12.2s
Ep 260	 reward -16.029	 ms 224.4	 loss 0.082812	 13.1s
Ep 261	 reward -15.882	 ms 222.3	 loss 0.096251	 13.7s
Ep 262	 reward -15.886	 ms 222.4	 loss 0.025840	 12.9s
Ep 263	 reward -15.918	 ms 222.8	 loss -0.017609	 12.8s
Ep 264	 reward -15.882	 ms 222.3	 loss 0.192172	 11.9s
Ep 265	 reward -15.896	 ms 222.6	 loss 0.087628	 13.2s
Ep 266	 reward -15.921	 ms 222.9	 loss 0.121375	 11.9s
Ep 267	 reward -15.868	 ms 222.2	 loss -0.045179	 12.1s
Ep 268	 reward -15.886	 ms 222.4	 loss -0.073081	 11.9s
Ep 269	 reward -15.900	 ms 222.6	 loss 0.053770	 12.7s
Ep 270	 reward -15.793	 ms 221.1	 loss 0.188610	 11.9s
Ep 271	 reward -15.932	 ms 223.1	 loss 0.036322	 11.7s
Ep 272	 reward -15.893	 ms 222.5	 loss 0.104593	 12.4s
Ep 273	 reward -15.943	 ms 223.2	 loss 0.062355	 12.3s
Ep 274	 reward -15.846	 ms 221.8	 loss 0.093827	 11.3s
[vali @275] rel=0.8802 (best 0.8741)  LW=222.7
Ep 275	 reward -15.893	 ms 222.5	 loss 0.150699	 19.6s
Ep 276	 reward -15.879	 ms 222.3	 loss 0.254293	 11.0s
Ep 277	 reward -15.882	 ms 222.3	 loss 0.183246	 12.9s
Ep 278	 reward -15.821	 ms 221.5	 loss -0.064232	 11.9s
Ep 279	 reward -15.704	 ms 219.8	 loss 0.057670	 12.0s
Ep 280	 reward -15.843	 ms 221.8	 loss -0.092567	 12.0s
Ep 281	 reward -16.039	 ms 224.6	 loss 0.324237	 12.0s
Ep 282	 reward -16.189	 ms 226.7	 loss 0.151117	 11.5s
Ep 283	 reward -16.111	 ms 225.6	 loss 0.253411	 11.9s
Ep 284	 reward -16.186	 ms 226.6	 loss 0.293994	 11.1s
Ep 285	 reward -16.157	 ms 226.2	 loss 0.262593	 11.9s
Ep 286	 reward -16.107	 ms 225.5	 loss 0.293679	 12.1s
Ep 287	 reward -16.082	 ms 225.2	 loss 0.233665	 11.8s
Ep 288	 reward -15.968	 ms 223.6	 loss 0.310886	 12.1s
Ep 289	 reward -16.136	 ms 225.9	 loss 0.212325	 11.9s
Ep 290	 reward -16.121	 ms 225.7	 loss 0.232882	 11.9s
Ep 291	 reward -16.075	 ms 225.1	 loss 0.279002	 11.4s
Ep 292	 reward -16.011	 ms 224.2	 loss 0.129176	 12.8s
Ep 293	 reward -16.029	 ms 224.4	 loss 0.105133	 11.9s
Ep 294	 reward -16.046	 ms 224.7	 loss 0.139839	 12.3s
Ep 295	 reward -16.018	 ms 224.2	 loss 0.306532	 11.9s
Ep 296	 reward -16.154	 ms 226.2	 loss 0.175488	 11.5s
Ep 297	 reward -15.939	 ms 223.2	 loss 0.059430	 12.1s
Ep 298	 reward -16.132	 ms 225.8	 loss 0.244496	 12.2s
Ep 299	 reward -16.171	 ms 226.4	 loss 0.256333	 12.2s
[vali @300] rel=0.8810 (best 0.8741)  LW=222.8
Ep 300	 reward -16.143	 ms 226.0	 loss 0.105669	 21.0s
Ep 301	 reward -16.079	 ms 225.1	 loss 0.217634	 12.3s
Ep 302	 reward -15.950	 ms 223.3	 loss 0.185563	 12.3s
Ep 303	 reward -16.132	 ms 225.8	 loss 0.206267	 12.7s
Ep 304	 reward -16.000	 ms 224.0	 loss 0.098068	 12.7s
Ep 305	 reward -16.086	 ms 225.2	 loss 0.052412	 12.8s
Ep 306	 reward -16.036	 ms 224.5	 loss 0.153197	 12.6s
Ep 307	 reward -16.061	 ms 224.8	 loss 0.119157	 12.6s
Ep 308	 reward -16.068	 ms 224.9	 loss -0.021745	 13.2s
Ep 309	 reward -16.029	 ms 224.4	 loss -0.059686	 11.8s
Ep 310	 reward -16.050	 ms 224.7	 loss 0.165296	 12.5s
Ep 311	 reward -16.132	 ms 225.8	 loss 0.226705	 12.8s
Ep 312	 reward -16.032	 ms 224.4	 loss -0.016313	 12.6s
Ep 313	 reward -16.025	 ms 224.3	 loss 0.175996	 13.1s
Ep 314	 reward -16.025	 ms 224.3	 loss 0.191072	 12.7s
Ep 315	 reward -16.111	 ms 225.6	 loss 0.172123	 12.8s
Ep 316	 reward -15.911	 ms 222.8	 loss -0.077421	 13.0s
Ep 317	 reward -16.061	 ms 224.8	 loss -0.004908	 12.7s
Ep 318	 reward -16.071	 ms 225.0	 loss 0.147536	 13.0s
Ep 319	 reward -16.054	 ms 224.8	 loss 0.242248	 13.0s
Ep 320	 reward -16.018	 ms 224.2	 loss 0.046070	 12.9s
Ep 321	 reward -16.043	 ms 224.6	 loss 0.024337	 13.0s
Ep 322	 reward -16.054	 ms 224.8	 loss 0.014404	 13.0s
Ep 323	 reward -16.014	 ms 224.2	 loss 0.044037	 13.6s
Ep 324	 reward -16.146	 ms 226.1	 loss 0.017104	 13.5s
[vali @325] rel=0.8776 (best 0.8741)  LW=222.0
Ep 325	 reward -16.111	 ms 225.6	 loss 0.145669	 22.4s
Ep 326	 reward -16.000	 ms 224.0	 loss -0.011152	 16.4s
Ep 327	 reward -16.096	 ms 225.3	 loss -0.039997	 15.8s
Ep 328	 reward -16.043	 ms 224.6	 loss -0.074249	 17.5s
Ep 329	 reward -16.071	 ms 225.0	 loss -0.012364	 17.0s
Ep 330	 reward -16.032	 ms 224.4	 loss -0.047085	 13.1s
Ep 331	 reward -16.039	 ms 224.6	 loss -0.070622	 13.1s
Ep 332	 reward -16.254	 ms 227.6	 loss 0.038818	 13.5s
Ep 333	 reward -16.089	 ms 225.2	 loss -0.072915	 13.3s
Ep 334	 reward -16.100	 ms 225.4	 loss -0.027830	 12.8s
Ep 335	 reward -16.014	 ms 224.2	 loss -0.052323	 13.6s
Ep 336	 reward -16.154	 ms 226.2	 loss 0.006034	 13.6s
Ep 337	 reward -16.086	 ms 225.2	 loss -0.040636	 13.6s
Ep 338	 reward -16.129	 ms 225.8	 loss -0.045877	 14.2s
Ep 339	 reward -16.100	 ms 225.4	 loss -0.014445	 14.0s
Ep 340	 reward -16.104	 ms 225.4	 loss -0.047990	 13.0s
Ep 341	 reward -15.896	 ms 222.6	 loss 0.175447	 12.9s
Ep 342	 reward -15.932	 ms 223.1	 loss 0.097385	 12.7s
Ep 343	 reward -15.914	 ms 222.8	 loss 0.173994	 12.9s
Ep 344	 reward -15.946	 ms 223.2	 loss 0.156312	 10.9s
Ep 345	 reward -15.936	 ms 223.1	 loss 0.101393	 12.4s
Ep 346	 reward -15.875	 ms 222.2	 loss 0.182751	 12.2s
Ep 347	 reward -15.893	 ms 222.5	 loss 0.119795	 12.7s
Ep 348	 reward -15.968	 ms 223.6	 loss 0.060569	 13.0s
Ep 349	 reward -15.921	 ms 222.9	 loss 0.099221	 12.8s
[vali @350] rel=0.8753 (best 0.8741)  LW=221.4
Ep 350	 reward -15.954	 ms 223.3	 loss 0.036671	 23.0s
Ep 351	 reward -15.925	 ms 222.9	 loss 0.015492	 13.8s
Ep 352	 reward -15.932	 ms 223.1	 loss 0.014294	 14.8s
Ep 353	 reward -15.968	 ms 223.6	 loss 0.042030	 15.0s
Ep 354	 reward -15.896	 ms 222.6	 loss 0.159852	 15.9s
Ep 355	 reward -15.886	 ms 222.4	 loss -0.008412	 14.8s
Ep 356	 reward -15.879	 ms 222.3	 loss 0.045761	 13.1s
Ep 357	 reward -15.886	 ms 222.4	 loss 0.083894	 13.0s
Ep 358	 reward -15.954	 ms 223.3	 loss 0.191549	 12.9s
Ep 359	 reward -15.875	 ms 222.2	 loss 0.112567	 12.4s
Ep 360	 reward -15.925	 ms 222.9	 loss 0.187958	 12.9s
Ep 361	 reward -16.111	 ms 225.6	 loss 0.098963	 12.9s
Ep 362	 reward -16.096	 ms 225.3	 loss 0.161191	 13.2s
Ep 363	 reward -16.121	 ms 225.7	 loss 0.090613	 13.2s
Ep 364	 reward -16.100	 ms 225.4	 loss 0.090453	 13.1s
Ep 365	 reward -16.057	 ms 224.8	 loss 0.198430	 13.0s
Ep 366	 reward -16.093	 ms 225.3	 loss 0.168740	 13.2s
Ep 367	 reward -16.118	 ms 225.7	 loss 0.154998	 13.4s
Ep 368	 reward -16.029	 ms 224.4	 loss 0.133848	 13.1s
Ep 369	 reward -16.104	 ms 225.4	 loss 0.109820	 13.2s
Ep 370	 reward -16.036	 ms 224.5	 loss 0.191612	 13.3s
Ep 371	 reward -16.125	 ms 225.8	 loss 0.047867	 12.6s
Ep 372	 reward -16.043	 ms 224.6	 loss 0.139781	 13.5s
Ep 373	 reward -15.993	 ms 223.9	 loss 0.190709	 12.8s
Ep 374	 reward -16.029	 ms 224.4	 loss 0.133561	 13.1s
[vali @375] rel=0.8771 (best 0.8741)  LW=221.8
Ep 375	 reward -16.057	 ms 224.8	 loss 0.133905	 22.2s
Ep 376	 reward -15.943	 ms 223.2	 loss 0.146499	 12.6s
Ep 377	 reward -16.050	 ms 224.7	 loss 0.153150	 13.1s
Ep 378	 reward -15.968	 ms 223.6	 loss 0.078741	 12.5s
Ep 379	 reward -16.054	 ms 224.8	 loss 0.052615	 12.5s
Ep 380	 reward -15.964	 ms 223.5	 loss 0.157652	 12.9s
Ep 381	 reward -16.086	 ms 225.2	 loss 0.329364	 12.7s
Ep 382	 reward -16.111	 ms 225.6	 loss 0.311138	 12.6s
Ep 383	 reward -16.057	 ms 224.8	 loss 0.313439	 12.6s
Ep 384	 reward -15.982	 ms 223.8	 loss 0.257594	 11.6s
Ep 385	 reward -16.064	 ms 224.9	 loss 0.244596	 11.7s
Ep 386	 reward -16.114	 ms 225.6	 loss 0.244886	 11.7s
Ep 387	 reward -16.046	 ms 224.7	 loss 0.264677	 12.0s
Ep 388	 reward -15.964	 ms 223.5	 loss 0.268880	 11.4s
Ep 389	 reward -15.911	 ms 222.8	 loss 0.266550	 12.1s
Ep 390	 reward -16.018	 ms 224.2	 loss 0.222167	 12.1s
Ep 391	 reward -16.011	 ms 224.2	 loss 0.258956	 11.7s
Ep 392	 reward -15.943	 ms 223.2	 loss 0.240616	 12.1s
Ep 393	 reward -15.982	 ms 223.8	 loss 0.179037	 10.9s
Ep 394	 reward -16.054	 ms 224.8	 loss 0.165617	 11.5s
Ep 395	 reward -15.986	 ms 223.8	 loss 0.153164	 10.5s
Ep 396	 reward -15.996	 ms 223.9	 loss 0.218605	 10.0s
Ep 397	 reward -16.064	 ms 224.9	 loss 0.198146	 11.3s
Ep 398	 reward -16.046	 ms 224.7	 loss 0.293784	 11.2s
Ep 399	 reward -15.989	 ms 223.8	 loss 0.259046	 11.6s
[vali @400] rel=0.8765 (best 0.8741)  LW=221.7
Ep 400	 reward -16.029	 ms 224.4	 loss 0.230678	 19.0s
Ep 401	 reward -16.025	 ms 224.3	 loss -0.011667	 11.2s
Ep 402	 reward -15.929	 ms 223.0	 loss -0.008998	 11.6s
Ep 403	 reward -16.136	 ms 225.9	 loss 0.028370	 11.4s
Ep 404	 reward -16.007	 ms 224.1	 loss 0.032969	 12.3s
Ep 405	 reward -16.054	 ms 224.8	 loss 0.033298	 11.4s
Ep 406	 reward -16.054	 ms 224.8	 loss 0.002049	 12.0s
Ep 407	 reward -16.050	 ms 224.7	 loss 0.008304	 11.6s
Ep 408	 reward -16.100	 ms 225.4	 loss 0.044400	 10.6s
Ep 409	 reward -16.193	 ms 226.7	 loss 0.021333	 11.5s
Ep 410	 reward -16.004	 ms 224.1	 loss 0.004216	 11.7s
Ep 411	 reward -16.146	 ms 226.1	 loss 0.010425	 12.0s
Ep 412	 reward -16.064	 ms 224.9	 loss -0.007265	 12.3s
Ep 413	 reward -16.118	 ms 225.7	 loss 0.014121	 11.4s
Ep 414	 reward -16.032	 ms 224.4	 loss 0.017788	 10.4s
Ep 415	 reward -16.082	 ms 225.2	 loss 0.025677	 11.4s
Ep 416	 reward -16.018	 ms 224.2	 loss 0.011499	 12.6s
Ep 417	 reward -16.121	 ms 225.7	 loss 0.025239	 12.2s
Ep 418	 reward -16.111	 ms 225.6	 loss 0.005402	 13.4s
Ep 419	 reward -16.114	 ms 225.6	 loss 0.033782	 12.6s
Ep 420	 reward -16.093	 ms 225.3	 loss 0.018784	 12.4s
Ep 421	 reward -16.079	 ms 225.1	 loss 0.287320	 14.9s
Ep 422	 reward -16.039	 ms 224.6	 loss 0.212634	 12.9s
Ep 423	 reward -16.075	 ms 225.1	 loss 0.250735	 14.5s
Ep 424	 reward -16.068	 ms 224.9	 loss 0.238227	 13.7s
[vali @425] rel=0.8713 (best 0.8713)  LW=220.4
Ep 425	 reward -16.032	 ms 224.4	 loss 0.209236	 28.3s
Ep 426	 reward -16.050	 ms 224.7	 loss 0.161856	 13.6s
Ep 427	 reward -16.004	 ms 224.1	 loss 0.167916	 16.4s
Ep 428	 reward -16.079	 ms 225.1	 loss 0.226362	 16.9s
Ep 429	 reward -16.171	 ms 226.4	 loss 0.176607	 15.7s
Ep 430	 reward -16.143	 ms 226.0	 loss 0.182985	 16.8s
Ep 431	 reward -16.046	 ms 224.7	 loss 0.099118	 15.2s
Ep 432	 reward -16.054	 ms 224.8	 loss 0.110743	 16.3s
Ep 433	 reward -16.071	 ms 225.0	 loss 0.217341	 15.2s
Ep 434	 reward -16.036	 ms 224.5	 loss 0.202729	 14.5s
Ep 435	 reward -16.100	 ms 225.4	 loss 0.169885	 14.5s
Ep 436	 reward -16.125	 ms 225.8	 loss 0.215602	 14.2s
Ep 437	 reward -16.018	 ms 224.2	 loss 0.186196	 15.7s
Ep 438	 reward -16.036	 ms 224.5	 loss 0.197365	 17.9s
Ep 439	 reward -16.125	 ms 225.8	 loss 0.195295	 13.1s
Ep 440	 reward -16.011	 ms 224.2	 loss 0.193269	 16.4s
Ep 441	 reward -16.143	 ms 226.0	 loss 0.035413	 18.8s
Ep 442	 reward -16.146	 ms 226.1	 loss -0.020917	 17.5s
Ep 443	 reward -16.179	 ms 226.5	 loss 0.098991	 17.1s
Ep 444	 reward -16.257	 ms 227.6	 loss 0.171596	 16.2s
Ep 445	 reward -16.161	 ms 226.2	 loss 0.076903	 17.0s
Ep 446	 reward -16.218	 ms 227.1	 loss 0.021456	 16.5s
Ep 447	 reward -16.168	 ms 226.3	 loss 0.108001	 17.1s
Ep 448	 reward -16.096	 ms 225.3	 loss 0.141165	 15.0s
Ep 449	 reward -16.071	 ms 225.0	 loss 0.111453	 15.8s
[vali @450] rel=0.8767 (best 0.8713)  LW=221.8
Ep 450	 reward -16.114	 ms 225.6	 loss 0.121252	 29.3s
Ep 451	 reward -16.111	 ms 225.6	 loss 0.038566	 18.0s
Ep 452	 reward -16.136	 ms 225.9	 loss 0.186155	 16.9s
Ep 453	 reward -16.064	 ms 224.9	 loss -0.005624	 15.7s
Ep 454	 reward -16.189	 ms 226.7	 loss 0.002655	 15.4s
Ep 455	 reward -16.082	 ms 225.2	 loss 0.020587	 14.9s
Ep 456	 reward -16.164	 ms 226.3	 loss 0.049357	 17.8s
Ep 457	 reward -16.082	 ms 225.2	 loss 0.107418	 18.4s
Ep 458	 reward -16.111	 ms 225.6	 loss 0.100539	 18.4s
Ep 459	 reward -16.193	 ms 226.7	 loss 0.015101	 17.9s
Ep 460	 reward -16.171	 ms 226.4	 loss 0.001234	 17.6s
Ep 461	 reward -16.043	 ms 224.6	 loss -0.042103	 15.3s
Ep 462	 reward -16.018	 ms 224.2	 loss -0.008795	 16.5s
Ep 463	 reward -16.082	 ms 225.2	 loss -0.007676	 14.5s
Ep 464	 reward -16.036	 ms 224.5	 loss -0.054295	 17.5s
Ep 465	 reward -16.093	 ms 225.3	 loss -0.052444	 16.9s
Ep 466	 reward -16.036	 ms 224.5	 loss -0.038607	 18.9s
Ep 467	 reward -16.021	 ms 224.3	 loss -0.038510	 16.6s
Ep 468	 reward -16.100	 ms 225.4	 loss -0.046368	 16.9s
Ep 469	 reward -16.157	 ms 226.2	 loss -0.025267	 17.2s
Ep 470	 reward -16.004	 ms 224.1	 loss -0.004542	 14.8s
Ep 471	 reward -16.075	 ms 225.1	 loss 0.008034	 17.8s
Ep 472	 reward -16.093	 ms 225.3	 loss -0.018373	 17.5s
Ep 473	 reward -16.039	 ms 224.6	 loss -0.028401	 18.6s
Ep 474	 reward -16.057	 ms 224.8	 loss -0.043217	 17.6s
[vali @475] rel=0.8717 (best 0.8713)  LW=220.5
Ep 475	 reward -15.982	 ms 223.8	 loss -0.011526	 26.5s
Ep 476	 reward -16.029	 ms 224.4	 loss -0.031900	 14.4s
Ep 477	 reward -15.989	 ms 223.8	 loss -0.040957	 15.3s
Ep 478	 reward -16.036	 ms 224.5	 loss -0.033471	 13.7s
Ep 479	 reward -16.057	 ms 224.8	 loss -0.051552	 14.2s
Ep 480	 reward -15.982	 ms 223.8	 loss -0.049146	 16.4s
Ep 481	 reward -16.039	 ms 224.6	 loss 0.049708	 14.0s
Ep 482	 reward -16.089	 ms 225.2	 loss 0.037246	 14.7s
Ep 483	 reward -16.111	 ms 225.6	 loss 0.025643	 17.1s
Ep 484	 reward -16.104	 ms 225.4	 loss 0.064156	 17.5s
Ep 485	 reward -16.071	 ms 225.0	 loss -0.021644	 13.8s
Ep 486	 reward -16.046	 ms 224.7	 loss 0.005485	 17.3s
Ep 487	 reward -16.075	 ms 225.1	 loss -0.004379	 13.8s
Ep 488	 reward -16.043	 ms 224.6	 loss 0.057432	 15.9s
Ep 489	 reward -15.982	 ms 223.8	 loss 0.031247	 14.9s
Ep 490	 reward -16.025	 ms 224.3	 loss 0.023073	 15.1s
Ep 491	 reward -16.050	 ms 224.7	 loss 0.048857	 14.2s
Ep 492	 reward -16.121	 ms 225.7	 loss -0.004473	 15.8s
Ep 493	 reward -16.171	 ms 226.4	 loss 0.059050	 14.8s
Ep 494	 reward -16.093	 ms 225.3	 loss -0.031968	 15.6s
Ep 495	 reward -16.093	 ms 225.3	 loss 0.093596	 15.4s
Ep 496	 reward -16.121	 ms 225.7	 loss -0.001864	 17.9s
Ep 497	 reward -16.057	 ms 224.8	 loss 0.085166	 14.9s
Ep 498	 reward -16.132	 ms 225.8	 loss 0.045906	 16.5s
Ep 499	 reward -16.111	 ms 225.6	 loss -0.003738	 15.8s
[vali @500] rel=0.8786 (best 0.8713)  LW=222.2
Ep 500	 reward -16.146	 ms 226.1	 loss -0.044150	 24.2s
Ep 501	 reward -15.811	 ms 221.3	 loss 0.146724	 13.9s
Ep 502	 reward -15.932	 ms 223.1	 loss 0.059759	 13.1s
Ep 503	 reward -15.871	 ms 222.2	 loss 0.089675	 13.6s
Ep 504	 reward -15.775	 ms 220.8	 loss 0.106392	 12.0s
Ep 505	 reward -15.889	 ms 222.4	 loss 0.142263	 13.0s
Ep 506	 reward -15.825	 ms 221.6	 loss 0.050735	 11.1s
Ep 507	 reward -15.861	 ms 222.1	 loss -0.019680	 12.5s
Ep 508	 reward -15.786	 ms 221.0	 loss 0.084677	 12.3s
Ep 509	 reward -15.796	 ms 221.2	 loss 0.149254	 12.5s
Ep 510	 reward -15.861	 ms 222.1	 loss 0.084681	 12.9s
Ep 511	 reward -15.882	 ms 222.3	 loss 0.206073	 15.1s
Ep 512	 reward -15.882	 ms 222.3	 loss 0.113616	 11.7s
Ep 513	 reward -15.800	 ms 221.2	 loss 0.089391	 16.3s
Ep 514	 reward -15.825	 ms 221.6	 loss 0.049825	 12.1s
Ep 515	 reward -15.850	 ms 221.9	 loss 0.177743	 15.7s
Ep 516	 reward -15.814	 ms 221.4	 loss 0.179034	 12.8s
Ep 517	 reward -15.857	 ms 222.0	 loss 0.100053	 12.9s
Ep 518	 reward -15.843	 ms 221.8	 loss 0.020444	 14.8s
Ep 519	 reward -15.796	 ms 221.2	 loss 0.087413	 13.5s
Ep 520	 reward -15.843	 ms 221.8	 loss 0.181781	 15.5s
Ep 521	 reward -16.164	 ms 226.3	 loss -0.084722	 13.9s
Ep 522	 reward -16.146	 ms 226.1	 loss -0.081839	 11.7s
Ep 523	 reward -16.204	 ms 226.8	 loss -0.025491	 12.1s
Ep 524	 reward -16.154	 ms 226.2	 loss -0.096878	 13.4s
[vali @525] rel=0.8784 (best 0.8713)  LW=222.2
Ep 525	 reward -16.182	 ms 226.6	 loss 0.000697	 23.0s
Ep 526	 reward -16.121	 ms 225.7	 loss 0.010685	 14.0s
Ep 527	 reward -16.189	 ms 226.7	 loss 0.010150	 15.0s
Ep 528	 reward -16.157	 ms 226.2	 loss -0.008386	 16.8s
Ep 529	 reward -16.154	 ms 226.2	 loss -0.027847	 13.9s
Ep 530	 reward -16.186	 ms 226.6	 loss -0.005051	 14.9s
Ep 531	 reward -16.171	 ms 226.4	 loss -0.033864	 15.1s
Ep 532	 reward -16.154	 ms 226.2	 loss -0.000018	 17.0s
Ep 533	 reward -16.143	 ms 226.0	 loss 0.006940	 13.9s
Ep 534	 reward -16.254	 ms 227.6	 loss 0.037897	 15.8s
Ep 535	 reward -16.111	 ms 225.6	 loss 0.013957	 13.6s
Ep 536	 reward -16.214	 ms 227.0	 loss 0.049528	 14.9s
Ep 537	 reward -16.211	 ms 226.9	 loss 0.017875	 13.3s
Ep 538	 reward -16.239	 ms 227.3	 loss 0.047691	 14.4s
Ep 539	 reward -16.189	 ms 226.7	 loss -0.052978	 14.4s
Ep 540	 reward -16.132	 ms 225.8	 loss -0.031519	 17.0s
Ep 541	 reward -15.682	 ms 219.6	 loss 0.099192	 15.2s
Ep 542	 reward -15.707	 ms 219.9	 loss 0.103107	 15.0s
Ep 543	 reward -15.636	 ms 218.9	 loss 0.176621	 14.7s
Ep 544	 reward -15.679	 ms 219.5	 loss 0.006577	 15.8s
Ep 545	 reward -15.718	 ms 220.1	 loss 0.101187	 13.9s
Ep 546	 reward -15.793	 ms 221.1	 loss 0.002365	 16.2s
Ep 547	 reward -15.704	 ms 219.8	 loss 0.005724	 15.1s
Ep 548	 reward -15.761	 ms 220.7	 loss -0.043847	 14.6s
Ep 549	 reward -15.729	 ms 220.2	 loss -0.026112	 13.8s
[vali @550] rel=0.8798 (best 0.8713)  LW=222.6
Ep 550	 reward -15.732	 ms 220.2	 loss 0.119406	 26.1s
Ep 551	 reward -15.743	 ms 220.4	 loss 0.013399	 14.1s
Ep 552	 reward -15.743	 ms 220.4	 loss 0.030072	 15.9s
Ep 553	 reward -15.693	 ms 219.7	 loss -0.043854	 14.1s
Ep 554	 reward -15.739	 ms 220.3	 loss 0.046401	 15.4s
Ep 555	 reward -15.704	 ms 219.8	 loss -0.061999	 15.0s
Ep 556	 reward -15.779	 ms 220.9	 loss 0.039625	 16.8s
Ep 557	 reward -15.725	 ms 220.2	 loss 0.135926	 13.5s
Ep 558	 reward -15.768	 ms 220.8	 loss 0.036665	 16.0s
Ep 559	 reward -15.707	 ms 219.9	 loss -0.039275	 15.2s
Ep 560	 reward -15.700	 ms 219.8	 loss 0.063782	 15.1s
Ep 561	 reward -15.843	 ms 221.8	 loss 0.057457	 15.2s
Ep 562	 reward -15.893	 ms 222.5	 loss 0.053615	 17.8s
Ep 563	 reward -15.889	 ms 222.4	 loss -0.000187	 13.5s
Ep 564	 reward -15.843	 ms 221.8	 loss 0.119668	 17.8s
Ep 565	 reward -15.846	 ms 221.8	 loss 0.015854	 15.0s
Ep 566	 reward -15.807	 ms 221.3	 loss 0.139477	 17.3s
Ep 567	 reward -15.889	 ms 222.4	 loss -0.022111	 15.2s
Ep 568	 reward -15.861	 ms 222.1	 loss -0.094311	 17.8s
Ep 569	 reward -15.929	 ms 223.0	 loss 0.130824	 15.8s
Ep 570	 reward -15.861	 ms 222.1	 loss 0.019176	 16.3s
Ep 571	 reward -15.850	 ms 221.9	 loss 0.011813	 18.0s
Ep 572	 reward -15.911	 ms 222.8	 loss -0.060753	 16.0s
Ep 573	 reward -15.839	 ms 221.8	 loss -0.010453	 17.8s
Ep 574	 reward -15.904	 ms 222.7	 loss 0.028787	 13.3s
[vali @575] rel=0.8772 (best 0.8713)  LW=221.9
Ep 575	 reward -15.989	 ms 223.8	 loss -0.075162	 28.6s
Ep 576	 reward -15.904	 ms 222.7	 loss 0.044221	 14.7s
Ep 577	 reward -15.900	 ms 222.6	 loss -0.060702	 14.8s
Ep 578	 reward -15.954	 ms 223.3	 loss 0.058026	 16.3s
Ep 579	 reward -15.871	 ms 222.2	 loss 0.065050	 16.1s
Ep 580	 reward -15.907	 ms 222.7	 loss -0.101693	 15.9s
Ep 581	 reward -16.100	 ms 225.4	 loss -0.008332	 15.8s
Ep 582	 reward -16.050	 ms 224.7	 loss 0.073055	 15.5s
Ep 583	 reward -16.089	 ms 225.2	 loss 0.020679	 15.9s
Ep 584	 reward -16.136	 ms 225.9	 loss 0.139831	 14.6s
Ep 585	 reward -16.071	 ms 225.0	 loss 0.036930	 12.3s
Ep 586	 reward -16.171	 ms 226.4	 loss 0.068159	 14.4s
Ep 587	 reward -16.071	 ms 225.0	 loss -0.038516	 12.0s
Ep 588	 reward -16.114	 ms 225.6	 loss 0.074486	 14.5s
Ep 589	 reward -16.093	 ms 225.3	 loss -0.094586	 14.4s
Ep 590	 reward -16.136	 ms 225.9	 loss -0.044180	 15.8s
Ep 591	 reward -16.200	 ms 226.8	 loss -0.117941	 12.6s
Ep 592	 reward -16.071	 ms 225.0	 loss 0.139025	 13.9s
Ep 593	 reward -16.154	 ms 226.2	 loss -0.034780	 12.7s
Ep 594	 reward -16.096	 ms 225.3	 loss -0.045483	 12.1s
Ep 595	 reward -16.054	 ms 224.8	 loss -0.090784	 11.9s
Ep 596	 reward -16.096	 ms 225.3	 loss -0.026817	 15.1s
Ep 597	 reward -16.121	 ms 225.7	 loss -0.004345	 12.3s
Ep 598	 reward -16.064	 ms 224.9	 loss 0.071935	 13.5s
Ep 599	 reward -16.129	 ms 225.8	 loss -0.114076	 14.1s
[vali @600] rel=0.8784 (best 0.8713)  LW=222.2
Ep 600	 reward -16.114	 ms 225.6	 loss 0.119798	 24.0s
Ep 601	 reward -16.182	 ms 226.6	 loss 0.192970	 15.1s
Ep 602	 reward -16.164	 ms 226.3	 loss 0.131481	 14.3s
Ep 603	 reward -16.179	 ms 226.5	 loss 0.088019	 13.6s
Ep 604	 reward -16.193	 ms 226.7	 loss 0.133088	 13.7s
Ep 605	 reward -16.229	 ms 227.2	 loss 0.045009	 16.2s
Ep 606	 reward -16.268	 ms 227.8	 loss -0.034534	 14.2s
Ep 607	 reward -16.154	 ms 226.2	 loss 0.250179	 11.8s
Ep 608	 reward -16.261	 ms 227.7	 loss -0.000176	 14.8s
Ep 609	 reward -16.218	 ms 227.1	 loss 0.073315	 16.2s
Ep 610	 reward -16.243	 ms 227.4	 loss 0.012566	 13.8s
Ep 611	 reward -16.239	 ms 227.3	 loss -0.015267	 11.8s
Ep 612	 reward -16.296	 ms 228.2	 loss 0.052866	 12.7s
Ep 613	 reward -16.136	 ms 225.9	 loss 0.047256	 12.8s
Ep 614	 reward -16.207	 ms 226.9	 loss 0.110930	 13.4s
Ep 615	 reward -16.254	 ms 227.6	 loss 0.175596	 13.0s
Ep 616	 reward -16.300	 ms 228.2	 loss -0.000191	 12.5s
Ep 617	 reward -16.279	 ms 227.9	 loss -0.040276	 13.0s
Ep 618	 reward -16.318	 ms 228.4	 loss 0.054046	 12.3s
Ep 619	 reward -16.343	 ms 228.8	 loss -0.020382	 15.2s
Ep 620	 reward -16.207	 ms 226.9	 loss 0.239504	 13.0s
Ep 621	 reward -16.032	 ms 224.4	 loss 0.158946	 14.6s
Ep 622	 reward -16.139	 ms 225.9	 loss 0.041742	 13.0s
Ep 623	 reward -16.129	 ms 225.8	 loss 0.217989	 14.1s
Ep 624	 reward -16.089	 ms 225.2	 loss 0.096004	 13.1s
[vali @625] rel=0.8767 (best 0.8713)  LW=221.8
Ep 625	 reward -16.129	 ms 225.8	 loss 0.047752	 23.4s
Ep 626	 reward -16.054	 ms 224.8	 loss -0.049756	 12.7s
Ep 627	 reward -16.136	 ms 225.9	 loss 0.055988	 13.2s
Ep 628	 reward -16.157	 ms 226.2	 loss 0.022342	 13.4s
Ep 629	 reward -16.093	 ms 225.3	 loss -0.050888	 13.2s
Ep 630	 reward -16.146	 ms 226.1	 loss 0.033919	 13.1s
Ep 631	 reward -16.036	 ms 224.5	 loss -0.003802	 14.4s
Ep 632	 reward -16.107	 ms 225.5	 loss 0.073155	 12.0s
Ep 633	 reward -16.032	 ms 224.4	 loss 0.141079	 13.8s
Ep 634	 reward -16.054	 ms 224.8	 loss -0.091396	 15.5s
Ep 635	 reward -16.096	 ms 225.3	 loss 0.236558	 13.1s
Ep 636	 reward -16.107	 ms 225.5	 loss 0.208219	 12.2s
Ep 637	 reward -16.118	 ms 225.7	 loss -0.122015	 11.6s
Ep 638	 reward -16.100	 ms 225.4	 loss -0.045094	 12.9s
Ep 639	 reward -16.075	 ms 225.1	 loss 0.244731	 12.9s
Ep 640	 reward -16.057	 ms 224.8	 loss 0.026730	 14.3s
Ep 641	 reward -16.257	 ms 227.6	 loss 0.090476	 13.0s
Ep 642	 reward -16.314	 ms 228.4	 loss 0.116130	 17.2s
Ep 643	 reward -16.329	 ms 228.6	 loss 0.109660	 14.5s
Ep 644	 reward -16.329	 ms 228.6	 loss 0.156657	 16.9s
Ep 645	 reward -16.364	 ms 229.1	 loss 0.116286	 17.7s
Ep 646	 reward -16.364	 ms 229.1	 loss 0.136326	 16.2s
Ep 647	 reward -16.332	 ms 228.7	 loss 0.115057	 14.8s
Ep 648	 reward -16.382	 ms 229.3	 loss 0.131907	 16.1s
Ep 649	 reward -16.321	 ms 228.5	 loss 0.104692	 15.7s
[vali @650] rel=0.8737 (best 0.8713)  LW=221.0
Ep 650	 reward -16.300	 ms 228.2	 loss 0.105616	 21.8s
Ep 651	 reward -16.311	 ms 228.3	 loss 0.151197	 14.4s
Ep 652	 reward -16.379	 ms 229.3	 loss 0.136423	 16.7s
Ep 653	 reward -16.304	 ms 228.2	 loss 0.110663	 14.9s
Ep 654	 reward -16.336	 ms 228.7	 loss 0.126879	 13.3s
Ep 655	 reward -16.357	 ms 229.0	 loss 0.117139	 17.4s
Ep 656	 reward -16.296	 ms 228.2	 loss 0.098373	 17.6s
Ep 657	 reward -16.268	 ms 227.8	 loss 0.091296	 16.0s
Ep 658	 reward -16.321	 ms 228.5	 loss 0.081374	 15.2s
Ep 659	 reward -16.346	 ms 228.8	 loss 0.109938	 15.9s
Ep 660	 reward -16.307	 ms 228.3	 loss 0.108095	 16.0s
Ep 661	 reward -15.746	 ms 220.4	 loss 0.018249	 16.5s
Ep 662	 reward -15.750	 ms 220.5	 loss -0.017731	 15.6s
Ep 663	 reward -15.682	 ms 219.6	 loss 0.048790	 14.8s
Ep 664	 reward -15.711	 ms 219.9	 loss -0.034747	 14.7s
Ep 665	 reward -15.657	 ms 219.2	 loss -0.060452	 15.1s
Ep 666	 reward -15.696	 ms 219.8	 loss -0.065235	 17.3s
Ep 667	 reward -15.643	 ms 219.0	 loss -0.039632	 15.9s
Ep 668	 reward -15.711	 ms 219.9	 loss 0.155007	 13.5s
Ep 669	 reward -15.700	 ms 219.8	 loss 0.084934	 14.2s
Ep 670	 reward -15.736	 ms 220.3	 loss 0.020599	 15.5s
Ep 671	 reward -15.657	 ms 219.2	 loss -0.044314	 15.7s
Ep 672	 reward -15.661	 ms 219.2	 loss -0.032972	 16.6s
Ep 673	 reward -15.707	 ms 219.9	 loss 0.016122	 16.4s
Ep 674	 reward -15.700	 ms 219.8	 loss 0.104615	 20.2s
[vali @675] rel=0.8733 (best 0.8713)  LW=220.9
Ep 675	 reward -15.700	 ms 219.8	 loss 0.054614	 29.5s
Ep 676	 reward -15.654	 ms 219.2	 loss 0.072714	 17.5s
Ep 677	 reward -15.768	 ms 220.8	 loss -0.011105	 12.5s
Ep 678	 reward -15.721	 ms 220.1	 loss 0.003411	 16.9s
Ep 679	 reward -15.689	 ms 219.7	 loss -0.047666	 19.7s
Ep 680	 reward -15.682	 ms 219.6	 loss 0.165063	 17.2s
Ep 681	 reward -16.193	 ms 226.7	 loss -0.072352	 19.7s
Ep 682	 reward -16.289	 ms 228.1	 loss -0.013868	 16.8s
Ep 683	 reward -16.261	 ms 227.7	 loss -0.035270	 16.7s
Ep 684	 reward -16.207	 ms 226.9	 loss 0.003866	 16.6s
Ep 685	 reward -16.275	 ms 227.8	 loss -0.061720	 15.8s
Ep 686	 reward -16.264	 ms 227.7	 loss -0.016839	 15.9s
Ep 687	 reward -16.254	 ms 227.6	 loss 0.092626	 15.5s
Ep 688	 reward -16.300	 ms 228.2	 loss -0.005094	 15.2s
Ep 689	 reward -16.329	 ms 228.6	 loss -0.025506	 14.3s
Ep 690	 reward -16.204	 ms 226.8	 loss 0.004580	 13.8s
Ep 691	 reward -16.221	 ms 227.1	 loss -0.018201	 16.8s
Ep 692	 reward -16.236	 ms 227.3	 loss -0.064028	 16.8s
Ep 693	 reward -16.239	 ms 227.3	 loss -0.052164	 18.0s
Ep 694	 reward -16.289	 ms 228.1	 loss -0.023373	 19.0s
Ep 695	 reward -16.246	 ms 227.4	 loss -0.042035	 16.5s
Ep 696	 reward -16.314	 ms 228.4	 loss -0.045673	 19.0s
Ep 697	 reward -16.286	 ms 228.0	 loss -0.024030	 17.1s
Ep 698	 reward -16.275	 ms 227.8	 loss -0.069238	 17.8s
Ep 699	 reward -16.239	 ms 227.3	 loss -0.010177	 17.0s
[vali @700] rel=0.8733 (best 0.8713)  LW=220.9
Ep 700	 reward -16.282	 ms 227.9	 loss -0.049220	 27.5s
Ep 701	 reward -15.943	 ms 223.2	 loss 0.160969	 16.4s
Ep 702	 reward -16.025	 ms 224.3	 loss 0.229137	 16.5s
Ep 703	 reward -16.000	 ms 224.0	 loss 0.040366	 17.0s
Ep 704	 reward -16.011	 ms 224.2	 loss 0.144004	 16.0s
Ep 705	 reward -15.964	 ms 223.5	 loss 0.013402	 16.1s
Ep 706	 reward -16.043	 ms 224.6	 loss 0.091735	 18.3s
Ep 707	 reward -15.936	 ms 223.1	 loss 0.099295	 14.9s
Ep 708	 reward -16.182	 ms 226.6	 loss 0.029862	 15.0s
Ep 709	 reward -16.046	 ms 224.7	 loss 0.012951	 15.9s
Ep 710	 reward -16.011	 ms 224.2	 loss -0.001825	 13.4s
Ep 711	 reward -15.982	 ms 223.8	 loss 0.200513	 16.1s
Ep 712	 reward -15.929	 ms 223.0	 loss 0.187770	 16.8s
Ep 713	 reward -15.996	 ms 223.9	 loss 0.189619	 14.6s
Ep 714	 reward -16.046	 ms 224.7	 loss -0.021689	 16.8s
Ep 715	 reward -15.918	 ms 222.8	 loss 0.059414	 17.0s
Ep 716	 reward -16.068	 ms 224.9	 loss 0.163514	 12.9s
Ep 717	 reward -16.182	 ms 226.6	 loss 0.251413	 17.2s
Ep 718	 reward -16.096	 ms 225.3	 loss 0.190932	 18.6s
Ep 719	 reward -16.050	 ms 224.7	 loss 0.135554	 16.8s
Ep 720	 reward -16.046	 ms 224.7	 loss 0.037532	 14.4s
Ep 721	 reward -15.861	 ms 222.1	 loss 0.172395	 15.4s
Ep 722	 reward -15.946	 ms 223.2	 loss 0.136924	 16.8s
Ep 723	 reward -15.882	 ms 222.3	 loss 0.171724	 15.6s
Ep 724	 reward -15.907	 ms 222.7	 loss 0.136005	 17.3s
[vali @725] rel=0.8767 (best 0.8713)  LW=221.8
Ep 725	 reward -15.921	 ms 222.9	 loss 0.086571	 26.8s
Ep 726	 reward -15.861	 ms 222.1	 loss 0.065705	 17.6s
Ep 727	 reward -15.786	 ms 221.0	 loss 0.113659	 13.3s
Ep 728	 reward -15.832	 ms 221.7	 loss 0.139110	 14.6s
Ep 729	 reward -15.889	 ms 222.4	 loss 0.229209	 14.5s
Ep 730	 reward -15.861	 ms 222.1	 loss 0.130044	 20.1s
Ep 731	 reward -15.829	 ms 221.6	 loss 0.030239	 15.7s
Ep 732	 reward -15.961	 ms 223.4	 loss 0.004590	 15.1s
Ep 733	 reward -15.943	 ms 223.2	 loss 0.177564	 15.1s
Ep 734	 reward -15.875	 ms 222.2	 loss 0.038505	 15.5s
Ep 735	 reward -15.904	 ms 222.7	 loss 0.173587	 17.0s
Ep 736	 reward -15.921	 ms 222.9	 loss 0.137007	 14.3s
Ep 737	 reward -15.889	 ms 222.4	 loss 0.075480	 18.3s
Ep 738	 reward -15.954	 ms 223.3	 loss 0.178347	 15.1s
Ep 739	 reward -15.814	 ms 221.4	 loss 0.201159	 14.3s
Ep 740	 reward -15.968	 ms 223.6	 loss 0.206488	 16.2s
Ep 741	 reward -16.225	 ms 227.2	 loss 0.199584	 14.8s
Ep 742	 reward -16.125	 ms 225.8	 loss 0.082897	 14.9s
Ep 743	 reward -16.114	 ms 225.6	 loss 0.114691	 16.2s
Ep 744	 reward -16.157	 ms 226.2	 loss 0.215992	 16.2s
Ep 745	 reward -16.157	 ms 226.2	 loss 0.108892	 17.6s
Ep 746	 reward -16.275	 ms 227.8	 loss 0.227744	 15.9s
Ep 747	 reward -16.204	 ms 226.8	 loss 0.025301	 13.6s
Ep 748	 reward -16.225	 ms 227.2	 loss 0.136366	 17.0s
Ep 749	 reward -16.179	 ms 226.5	 loss 0.081409	 15.7s
[vali @750] rel=0.8767 (best 0.8713)  LW=221.8
Ep 750	 reward -16.164	 ms 226.3	 loss 0.081969	 25.9s
Ep 751	 reward -16.211	 ms 226.9	 loss 0.174111	 17.7s
Ep 752	 reward -16.118	 ms 225.7	 loss 0.101838	 16.9s
Ep 753	 reward -16.139	 ms 225.9	 loss 0.037450	 17.4s
Ep 754	 reward -16.146	 ms 226.1	 loss 0.067506	 15.9s
Ep 755	 reward -16.139	 ms 225.9	 loss 0.223689	 17.6s
Ep 756	 reward -16.250	 ms 227.5	 loss 0.075276	 16.4s
Ep 757	 reward -16.182	 ms 226.6	 loss 0.060691	 15.8s
Ep 758	 reward -16.057	 ms 224.8	 loss 0.148577	 17.8s
Ep 759	 reward -16.118	 ms 225.7	 loss 0.147596	 14.9s
Ep 760	 reward -16.204	 ms 226.8	 loss 0.137198	 15.2s
Ep 761	 reward -16.121	 ms 225.7	 loss 0.040282	 15.6s
Ep 762	 reward -16.096	 ms 225.3	 loss 0.134293	 15.2s
Ep 763	 reward -16.036	 ms 224.5	 loss -0.032115	 14.1s
Ep 764	 reward -16.114	 ms 225.6	 loss -0.067675	 13.3s
Ep 765	 reward -16.089	 ms 225.2	 loss -0.046022	 14.2s
Ep 766	 reward -16.132	 ms 225.8	 loss 0.165658	 15.4s
Ep 767	 reward -16.100	 ms 225.4	 loss 0.160686	 16.0s
Ep 768	 reward -16.104	 ms 225.4	 loss 0.023531	 15.9s
Ep 769	 reward -16.071	 ms 225.0	 loss 0.001024	 16.9s
Ep 770	 reward -15.986	 ms 223.8	 loss 0.189196	 16.5s
Ep 771	 reward -16.018	 ms 224.2	 loss -0.013537	 16.7s
Ep 772	 reward -16.057	 ms 224.8	 loss 0.196675	 16.7s
Ep 773	 reward -16.050	 ms 224.7	 loss -0.098981	 18.0s
Ep 774	 reward -16.079	 ms 225.1	 loss 0.141986	 16.5s
[vali @775] rel=0.8798 (best 0.8713)  LW=222.6
Ep 775	 reward -16.061	 ms 224.8	 loss -0.126486	 28.0s
Ep 776	 reward -16.061	 ms 224.8	 loss 0.145220	 14.7s
Ep 777	 reward -16.079	 ms 225.1	 loss 0.069706	 18.3s
Ep 778	 reward -16.089	 ms 225.2	 loss 0.184596	 17.0s
Ep 779	 reward -16.043	 ms 224.6	 loss -0.129094	 12.2s
Ep 780	 reward -16.139	 ms 225.9	 loss 0.045077	 15.7s
Ep 781	 reward -16.079	 ms 225.1	 loss 0.023856	 16.6s
Ep 782	 reward -16.136	 ms 225.9	 loss -0.054647	 16.9s
Ep 783	 reward -16.086	 ms 225.2	 loss -0.093244	 14.9s
Ep 784	 reward -16.104	 ms 225.4	 loss -0.103345	 16.6s
Ep 785	 reward -16.061	 ms 224.8	 loss -0.094514	 13.1s
Ep 786	 reward -16.064	 ms 224.9	 loss -0.110220	 15.6s
Ep 787	 reward -16.139	 ms 225.9	 loss 0.012724	 14.7s
Ep 788	 reward -16.039	 ms 224.6	 loss -0.097763	 17.1s
Ep 789	 reward -16.139	 ms 225.9	 loss -0.075870	 13.1s
Ep 790	 reward -16.104	 ms 225.4	 loss -0.059464	 13.0s
Ep 791	 reward -16.054	 ms 224.8	 loss -0.104007	 14.0s
Ep 792	 reward -16.064	 ms 224.9	 loss -0.087249	 14.4s
Ep 793	 reward -16.039	 ms 224.6	 loss -0.109036	 15.7s
Ep 794	 reward -16.168	 ms 226.3	 loss -0.036485	 14.5s
Ep 795	 reward -16.086	 ms 225.2	 loss -0.106140	 14.4s
Ep 796	 reward -16.179	 ms 226.5	 loss -0.097809	 13.5s
Ep 797	 reward -16.107	 ms 225.5	 loss -0.119894	 16.3s
Ep 798	 reward -16.114	 ms 225.6	 loss -0.132340	 14.5s
Ep 799	 reward -16.207	 ms 226.9	 loss -0.082659	 16.0s
[vali @800] rel=0.8802 (best 0.8713)  LW=222.7
Ep 800	 reward -16.104	 ms 225.4	 loss 0.095162	 21.6s
Ep 801	 reward -15.954	 ms 223.3	 loss 0.289419	 12.0s
Ep 802	 reward -15.786	 ms 221.0	 loss 0.168104	 14.5s
Ep 803	 reward -15.932	 ms 223.1	 loss 0.231956	 13.9s
Ep 804	 reward -15.932	 ms 223.1	 loss 0.043187	 14.2s
Ep 805	 reward -15.921	 ms 222.9	 loss 0.040281	 13.1s
Ep 806	 reward -15.900	 ms 222.6	 loss 0.237796	 14.0s
Ep 807	 reward -15.946	 ms 223.2	 loss 0.215012	 14.3s
Ep 808	 reward -15.964	 ms 223.5	 loss -0.094747	 13.7s
Ep 809	 reward -15.918	 ms 222.8	 loss 0.176737	 13.2s
Ep 810	 reward -15.893	 ms 222.5	 loss 0.129145	 13.2s
Ep 811	 reward -15.939	 ms 223.2	 loss 0.063205	 13.0s
Ep 812	 reward -15.986	 ms 223.8	 loss -0.094499	 11.9s
Ep 813	 reward -15.914	 ms 222.8	 loss 0.290959	 15.7s
Ep 814	 reward -15.957	 ms 223.4	 loss -0.071436	 12.6s
Ep 815	 reward -16.029	 ms 224.4	 loss 0.073847	 13.0s
Ep 816	 reward -15.929	 ms 223.0	 loss 0.047296	 13.4s
Ep 817	 reward -15.850	 ms 221.9	 loss 0.260585	 13.7s
Ep 818	 reward -15.961	 ms 223.4	 loss 0.250296	 13.0s
Ep 819	 reward -15.900	 ms 222.6	 loss -0.063079	 14.3s
Ep 820	 reward -15.925	 ms 222.9	 loss 0.267063	 14.4s
Ep 821	 reward -16.243	 ms 227.4	 loss 0.062924	 15.4s
Ep 822	 reward -16.204	 ms 226.8	 loss 0.043492	 15.9s
Ep 823	 reward -16.271	 ms 227.8	 loss 0.052697	 14.1s
Ep 824	 reward -16.304	 ms 228.2	 loss 0.006534	 13.8s
[vali @825] rel=0.8784 (best 0.8713)  LW=222.2
Ep 825	 reward -16.275	 ms 227.8	 loss 0.113790	 23.2s
Ep 826	 reward -16.339	 ms 228.8	 loss 0.027958	 14.1s
Ep 827	 reward -16.261	 ms 227.7	 loss 0.052489	 12.8s
Ep 828	 reward -16.343	 ms 228.8	 loss 0.082246	 14.7s
Ep 829	 reward -16.268	 ms 227.8	 loss 0.127838	 14.3s
Ep 830	 reward -16.268	 ms 227.8	 loss -0.005366	 16.0s
Ep 831	 reward -16.314	 ms 228.4	 loss 0.049789	 16.7s
Ep 832	 reward -16.300	 ms 228.2	 loss 0.041841	 18.0s
Ep 833	 reward -16.339	 ms 228.8	 loss 0.140394	 12.6s
Ep 834	 reward -16.275	 ms 227.8	 loss 0.022596	 14.0s
Ep 835	 reward -16.279	 ms 227.9	 loss 0.012365	 16.6s
Ep 836	 reward -16.279	 ms 227.9	 loss 0.059822	 16.5s
Ep 837	 reward -16.254	 ms 227.6	 loss 0.133404	 16.2s
Ep 838	 reward -16.289	 ms 228.1	 loss -0.007356	 12.7s
Ep 839	 reward -16.304	 ms 228.2	 loss 0.046983	 12.3s
Ep 840	 reward -16.304	 ms 228.2	 loss 0.145616	 14.3s
Ep 841	 reward -16.111	 ms 225.6	 loss 0.263400	 14.3s
Ep 842	 reward -16.146	 ms 226.1	 loss 0.226511	 16.7s
Ep 843	 reward -16.064	 ms 224.9	 loss 0.105198	 14.1s
Ep 844	 reward -16.200	 ms 226.8	 loss 0.053945	 15.1s
Ep 845	 reward -16.136	 ms 225.9	 loss 0.044344	 14.0s
Ep 846	 reward -16.111	 ms 225.6	 loss 0.248120	 12.8s
Ep 847	 reward -16.132	 ms 225.8	 loss -0.069586	 14.0s
Ep 848	 reward -16.125	 ms 225.8	 loss 0.124302	 16.3s
Ep 849	 reward -16.114	 ms 225.6	 loss -0.053705	 13.6s
[vali @850] rel=0.8810 (best 0.8713)  LW=222.8
Ep 850	 reward -16.150	 ms 226.1	 loss 0.211790	 22.8s
Ep 851	 reward -16.104	 ms 225.4	 loss -0.060241	 13.9s
Ep 852	 reward -16.154	 ms 226.2	 loss 0.194538	 12.8s
Ep 853	 reward -16.104	 ms 225.4	 loss 0.216055	 12.5s
Ep 854	 reward -16.175	 ms 226.4	 loss 0.190588	 13.2s
Ep 855	 reward -16.132	 ms 225.8	 loss 0.208838	 13.3s
Ep 856	 reward -16.089	 ms 225.2	 loss 0.180522	 12.8s
Ep 857	 reward -16.129	 ms 225.8	 loss 0.193401	 12.3s
Ep 858	 reward -16.107	 ms 225.5	 loss 0.078266	 11.4s
Ep 859	 reward -16.093	 ms 225.3	 loss 0.182075	 11.6s
Ep 860	 reward -16.139	 ms 225.9	 loss 0.207805	 11.8s
Ep 861	 reward -16.300	 ms 228.2	 loss -0.044512	 11.5s
Ep 862	 reward -16.229	 ms 227.2	 loss 0.013013	 11.5s
Ep 863	 reward -16.254	 ms 227.6	 loss -0.084827	 11.2s
Ep 864	 reward -16.289	 ms 228.1	 loss -0.086752	 11.0s
Ep 865	 reward -16.325	 ms 228.6	 loss 0.064071	 10.6s
Ep 866	 reward -16.139	 ms 225.9	 loss -0.024557	 11.2s
Ep 867	 reward -16.314	 ms 228.4	 loss -0.019840	 11.0s
Ep 868	 reward -16.271	 ms 227.8	 loss -0.060137	 11.9s
Ep 869	 reward -16.296	 ms 228.2	 loss -0.062964	 11.6s
Ep 870	 reward -16.304	 ms 228.2	 loss 0.026073	 11.5s
Ep 871	 reward -16.361	 ms 229.1	 loss 0.049764	 11.4s
Ep 872	 reward -16.236	 ms 227.3	 loss 0.023961	 11.4s
Ep 873	 reward -16.275	 ms 227.8	 loss 0.036643	 11.4s
Ep 874	 reward -16.225	 ms 227.2	 loss 0.035966	 11.4s
[vali @875] rel=0.8806 (best 0.8713)  LW=222.8
Ep 875	 reward -16.236	 ms 227.3	 loss -0.060132	 18.0s
Ep 876	 reward -16.207	 ms 226.9	 loss 0.055878	 11.7s
Ep 877	 reward -16.325	 ms 228.6	 loss 0.038900	 11.7s
Ep 878	 reward -16.218	 ms 227.1	 loss 0.034054	 10.5s
Ep 879	 reward -16.214	 ms 227.0	 loss 0.045115	 11.3s
Ep 880	 reward -16.239	 ms 227.3	 loss -0.042697	 11.7s
Ep 881	 reward -16.229	 ms 227.2	 loss 0.138879	 11.3s
Ep 882	 reward -16.293	 ms 228.1	 loss 0.101206	 12.0s
Ep 883	 reward -16.221	 ms 227.1	 loss 0.195490	 11.1s
Ep 884	 reward -16.229	 ms 227.2	 loss 0.191413	 12.5s
Ep 885	 reward -16.200	 ms 226.8	 loss 0.076055	 11.4s
Ep 886	 reward -16.186	 ms 226.6	 loss 0.127874	 11.7s
Ep 887	 reward -16.300	 ms 228.2	 loss 0.161140	 12.6s
Ep 888	 reward -16.146	 ms 226.1	 loss 0.085915	 12.0s
Ep 889	 reward -16.225	 ms 227.2	 loss 0.072197	 11.2s
Ep 890	 reward -16.221	 ms 227.1	 loss 0.152375	 11.7s
Ep 891	 reward -16.221	 ms 227.1	 loss 0.088743	 11.6s
Ep 892	 reward -16.189	 ms 226.7	 loss 0.041079	 11.6s
Ep 893	 reward -16.175	 ms 226.4	 loss 0.054061	 11.1s
Ep 894	 reward -16.168	 ms 226.3	 loss 0.048921	 11.5s
Ep 895	 reward -16.179	 ms 226.5	 loss 0.141550	 11.7s
Ep 896	 reward -16.129	 ms 225.8	 loss 0.097415	 11.9s
Ep 897	 reward -16.186	 ms 226.6	 loss -0.040499	 11.9s
Ep 898	 reward -16.164	 ms 226.3	 loss 0.058763	 12.0s
Ep 899	 reward -16.175	 ms 226.4	 loss 0.139053	 12.0s
[vali @900] rel=0.8749 (best 0.8713)  LW=221.3
Ep 900	 reward -16.214	 ms 227.0	 loss 0.079406	 18.4s
Ep 901	 reward -16.214	 ms 227.0	 loss 0.079685	 13.6s
Ep 902	 reward -16.239	 ms 227.3	 loss 0.059494	 11.3s
Ep 903	 reward -16.254	 ms 227.6	 loss 0.054944	 11.6s
Ep 904	 reward -16.339	 ms 228.8	 loss -0.016360	 10.6s
Ep 905	 reward -16.218	 ms 227.1	 loss 0.147697	 12.1s
Ep 906	 reward -16.157	 ms 226.2	 loss 0.004411	 11.9s
Ep 907	 reward -16.214	 ms 227.0	 loss 0.069378	 11.4s
Ep 908	 reward -16.243	 ms 227.4	 loss 0.185697	 11.3s
Ep 909	 reward -16.236	 ms 227.3	 loss 0.074501	 11.3s
Ep 910	 reward -16.286	 ms 228.0	 loss -0.006505	 11.2s
Ep 911	 reward -16.268	 ms 227.8	 loss 0.114833	 11.6s
Ep 912	 reward -16.136	 ms 225.9	 loss 0.172747	 10.8s
Ep 913	 reward -16.243	 ms 227.4	 loss 0.125660	 11.8s
Ep 914	 reward -16.279	 ms 227.9	 loss 0.240858	 11.8s
Ep 915	 reward -16.164	 ms 226.3	 loss 0.128995	 11.6s
Ep 916	 reward -16.264	 ms 227.7	 loss 0.141624	 12.0s
Ep 917	 reward -16.204	 ms 226.8	 loss 0.023613	 12.3s
Ep 918	 reward -16.264	 ms 227.7	 loss -0.030863	 12.0s
Ep 919	 reward -16.157	 ms 226.2	 loss 0.168263	 12.7s
Ep 920	 reward -16.154	 ms 226.2	 loss 0.088410	 11.1s
Ep 921	 reward -15.900	 ms 222.6	 loss 0.027214	 12.4s
Ep 922	 reward -15.889	 ms 222.4	 loss 0.017258	 11.5s
Ep 923	 reward -15.911	 ms 222.8	 loss 0.018981	 12.3s
Ep 924	 reward -15.968	 ms 223.6	 loss 0.017470	 12.7s
[vali @925] rel=0.8800 (best 0.8713)  LW=222.6
Ep 925	 reward -15.946	 ms 223.2	 loss 0.023657	 19.9s
Ep 926	 reward -15.982	 ms 223.8	 loss 0.112299	 12.4s
Ep 927	 reward -15.936	 ms 223.1	 loss 0.001114	 12.2s
Ep 928	 reward -15.836	 ms 221.7	 loss 0.051837	 11.8s
Ep 929	 reward -15.921	 ms 222.9	 loss 0.103470	 11.0s
Ep 930	 reward -15.907	 ms 222.7	 loss -0.068210	 10.9s
Ep 931	 reward -16.000	 ms 224.0	 loss 0.007464	 11.6s
Ep 932	 reward -15.879	 ms 222.3	 loss 0.051917	 11.3s
Ep 933	 reward -15.932	 ms 223.1	 loss 0.054195	 11.5s
Ep 934	 reward -15.968	 ms 223.6	 loss 0.013380	 11.3s
Ep 935	 reward -15.921	 ms 222.9	 loss -0.004793	 11.6s
Ep 936	 reward -16.029	 ms 224.4	 loss 0.062694	 11.3s
Ep 937	 reward -15.996	 ms 223.9	 loss -0.024940	 11.1s
Ep 938	 reward -16.046	 ms 224.7	 loss 0.008513	 11.8s
Ep 939	 reward -16.021	 ms 224.3	 loss 0.009148	 11.1s
Ep 940	 reward -16.039	 ms 224.6	 loss 0.120326	 11.8s
Ep 941	 reward -16.125	 ms 225.8	 loss 0.169925	 12.3s
Ep 942	 reward -16.082	 ms 225.2	 loss 0.079662	 12.1s
Ep 943	 reward -16.104	 ms 225.4	 loss 0.119295	 12.9s
Ep 944	 reward -16.129	 ms 225.8	 loss 0.179723	 12.4s
Ep 945	 reward -16.093	 ms 225.3	 loss 0.086946	 12.0s
Ep 946	 reward -16.154	 ms 226.2	 loss 0.043338	 12.9s
Ep 947	 reward -16.136	 ms 225.9	 loss 0.233303	 12.5s
Ep 948	 reward -16.186	 ms 226.6	 loss -0.019670	 12.6s
Ep 949	 reward -16.079	 ms 225.1	 loss 0.072425	 12.4s
[vali @950] rel=0.8810 (best 0.8713)  LW=222.8
Ep 950	 reward -16.243	 ms 227.4	 loss 0.042973	 21.9s
Ep 951	 reward -16.168	 ms 226.3	 loss 0.202027	 11.9s
Ep 952	 reward -16.082	 ms 225.2	 loss -0.025508	 12.4s
Ep 953	 reward -16.068	 ms 224.9	 loss 0.096085	 12.0s
Ep 954	 reward -16.164	 ms 226.3	 loss 0.112244	 11.6s
Ep 955	 reward -16.061	 ms 224.8	 loss 0.117265	 12.1s
Ep 956	 reward -16.089	 ms 225.2	 loss 0.006050	 12.4s
Ep 957	 reward -16.218	 ms 227.1	 loss 0.045747	 11.1s
Ep 958	 reward -16.093	 ms 225.3	 loss 0.037122	 11.8s
Ep 959	 reward -16.096	 ms 225.3	 loss 0.194915	 13.4s
Ep 960	 reward -16.161	 ms 226.2	 loss 0.075162	 12.2s
Ep 961	 reward -16.096	 ms 225.3	 loss 0.040775	 12.5s
Ep 962	 reward -16.139	 ms 225.9	 loss 0.044554	 12.1s
Ep 963	 reward -16.139	 ms 225.9	 loss 0.159240	 10.9s
Ep 964	 reward -16.154	 ms 226.2	 loss 0.129323	 11.5s
Ep 965	 reward -16.171	 ms 226.4	 loss 0.119016	 13.4s
Ep 966	 reward -16.186	 ms 226.6	 loss 0.032128	 12.9s
Ep 967	 reward -16.196	 ms 226.8	 loss -0.032940	 11.1s
Ep 968	 reward -16.136	 ms 225.9	 loss 0.019860	 13.6s
Ep 969	 reward -16.211	 ms 226.9	 loss 0.137998	 11.9s
Ep 970	 reward -16.136	 ms 225.9	 loss 0.137331	 12.6s
Ep 971	 reward -16.121	 ms 225.7	 loss 0.060754	 11.9s
Ep 972	 reward -16.189	 ms 226.7	 loss 0.133707	 11.4s
Ep 973	 reward -16.129	 ms 225.8	 loss 0.137603	 11.7s
Ep 974	 reward -16.200	 ms 226.8	 loss 0.054173	 12.1s
[vali @975] rel=0.8800 (best 0.8713)  LW=222.6
Ep 975	 reward -16.161	 ms 226.2	 loss 0.076031	 19.7s
Ep 976	 reward -16.114	 ms 225.6	 loss 0.103778	 11.7s
Ep 977	 reward -16.114	 ms 225.6	 loss 0.084750	 12.1s
Ep 978	 reward -16.175	 ms 226.4	 loss 0.054045	 11.5s
Ep 979	 reward -16.193	 ms 226.7	 loss 0.014277	 11.1s
Ep 980	 reward -16.189	 ms 226.7	 loss 0.079609	 11.8s
Ep 981	 reward -15.875	 ms 222.2	 loss 0.035851	 11.5s
Ep 982	 reward -15.900	 ms 222.6	 loss -0.009434	 11.1s
Ep 983	 reward -15.900	 ms 222.6	 loss 0.017960	 12.0s
Ep 984	 reward -15.929	 ms 223.0	 loss -0.053127	 11.6s
Ep 985	 reward -15.929	 ms 223.0	 loss -0.031241	 10.6s
Ep 986	 reward -15.875	 ms 222.2	 loss 0.073104	 11.9s
Ep 987	 reward -15.825	 ms 221.6	 loss 0.098398	 12.9s
Ep 988	 reward -15.939	 ms 223.2	 loss 0.098400	 11.7s
Ep 989	 reward -15.964	 ms 223.5	 loss 0.066717	 10.3s
Ep 990	 reward -15.886	 ms 222.4	 loss -0.056578	 9.9s
Ep 991	 reward -15.843	 ms 221.8	 loss 0.004057	 10.0s
Ep 992	 reward -15.950	 ms 223.3	 loss 0.005150	 10.0s
Ep 993	 reward -15.836	 ms 221.7	 loss 0.079174	 10.3s
Ep 994	 reward -15.771	 ms 220.8	 loss 0.035675	 10.3s
Ep 995	 reward -15.786	 ms 221.0	 loss 0.019123	 10.3s
Ep 996	 reward -15.896	 ms 222.6	 loss -0.000627	 11.2s
Ep 997	 reward -15.843	 ms 221.8	 loss 0.010873	 11.1s
Ep 998	 reward -15.768	 ms 220.8	 loss -0.000352	 11.0s
Ep 999	 reward -15.836	 ms 221.7	 loss 0.078381	 11.7s
[vali @1000] rel=0.8743 (best 0.8713)  LW=221.2
Ep 1000	 reward -15.857	 ms 222.0	 loss 0.071836	 17.8s
[train_family] done in 3.83 h; best rel=0.8713
