[vali] MWKR norms: W=186.3
[model] params total=32786  film=0 (0.00%)
[train_family] model=10x25+family+spec-W-s302 regimes=['W'] updates=1000
Ep 1	 reward -11.775	 ms 164.8	 loss 1.266451	 11.7s
Ep 2	 reward -11.850	 ms 165.9	 loss 1.044897	 10.2s
Ep 3	 reward -11.629	 ms 162.8	 loss 1.188362	 9.7s
Ep 4	 reward -11.757	 ms 164.6	 loss 1.228957	 9.1s
Ep 5	 reward -11.971	 ms 167.6	 loss 0.886837	 12.3s
Ep 6	 reward -11.900	 ms 166.6	 loss 0.910657	 11.0s
Ep 7	 reward -11.889	 ms 166.4	 loss 0.995477	 10.2s
Ep 8	 reward -11.993	 ms 167.9	 loss 0.756815	 11.2s
Ep 9	 reward -11.700	 ms 163.8	 loss 0.573155	 10.3s
Ep 10	 reward -11.654	 ms 163.2	 loss 0.609777	 11.1s
Ep 11	 reward -11.507	 ms 161.1	 loss 0.401756	 11.2s
Ep 12	 reward -11.850	 ms 165.9	 loss 0.587627	 10.0s
Ep 13	 reward -11.646	 ms 163.1	 loss 0.416874	 10.5s
Ep 14	 reward -11.739	 ms 164.3	 loss 0.374418	 11.2s
Ep 15	 reward -11.818	 ms 165.4	 loss 0.331013	 10.9s
Ep 16	 reward -11.846	 ms 165.8	 loss 0.347129	 10.7s
Ep 17	 reward -11.832	 ms 165.7	 loss 0.333712	 10.6s
Ep 18	 reward -11.657	 ms 163.2	 loss 0.257396	 10.4s
Ep 19	 reward -11.775	 ms 164.8	 loss 0.308345	 11.3s
Ep 20	 reward -11.918	 ms 166.8	 loss 0.292646	 12.0s
Ep 21	 reward -11.546	 ms 161.7	 loss 0.404700	 11.0s
Ep 22	 reward -11.604	 ms 162.4	 loss 0.349680	 11.6s
Ep 23	 reward -11.657	 ms 163.2	 loss 0.360678	 11.3s
Ep 24	 reward -11.618	 ms 162.7	 loss 0.369720	 11.3s
[vali @25] rel=0.8478 (best 0.8478)  W=157.9
Ep 25	 reward -11.621	 ms 162.7	 loss 0.398809	 20.5s
Ep 26	 reward -11.661	 ms 163.2	 loss 0.320682	 11.6s
Ep 27	 reward -11.757	 ms 164.6	 loss 0.423275	 11.7s
Ep 28	 reward -11.607	 ms 162.5	 loss 0.265992	 11.5s
Ep 29	 reward -11.489	 ms 160.8	 loss 0.227310	 11.9s
Ep 30	 reward -11.886	 ms 166.4	 loss 0.406207	 10.9s
Ep 31	 reward -11.579	 ms 162.1	 loss 0.294656	 11.2s
Ep 32	 reward -11.457	 ms 160.4	 loss 0.219920	 11.5s
Ep 33	 reward -11.764	 ms 164.7	 loss 0.359281	 11.7s
Ep 34	 reward -11.514	 ms 161.2	 loss 0.401459	 11.5s
Ep 35	 reward -11.607	 ms 162.5	 loss 0.251231	 11.5s
Ep 36	 reward -11.629	 ms 162.8	 loss 0.317930	 11.2s
Ep 37	 reward -11.675	 ms 163.4	 loss 0.263544	 11.6s
Ep 38	 reward -11.582	 ms 162.2	 loss 0.322709	 11.7s
Ep 39	 reward -11.432	 ms 160.1	 loss 0.273449	 11.5s
Ep 40	 reward -11.521	 ms 161.3	 loss 0.289781	 10.7s
Ep 41	 reward -11.471	 ms 160.6	 loss 0.288134	 11.7s
Ep 42	 reward -11.493	 ms 160.9	 loss 0.153831	 11.5s
Ep 43	 reward -11.196	 ms 156.8	 loss 0.222311	 11.2s
Ep 44	 reward -11.196	 ms 156.8	 loss 0.155068	 11.5s
Ep 45	 reward -11.354	 ms 158.9	 loss 0.230088	 11.3s
Ep 46	 reward -11.221	 ms 157.1	 loss 0.144425	 11.5s
Ep 47	 reward -11.275	 ms 157.8	 loss 0.222590	 11.3s
Ep 48	 reward -11.207	 ms 156.9	 loss 0.195136	 11.2s
Ep 49	 reward -11.257	 ms 157.6	 loss 0.250419	 11.9s
[vali @50] rel=0.8288 (best 0.8288)  W=154.4
Ep 50	 reward -11.096	 ms 155.3	 loss 0.130597	 19.8s
Ep 51	 reward -11.264	 ms 157.7	 loss 0.223677	 10.7s
Ep 52	 reward -11.196	 ms 156.8	 loss 0.091178	 11.8s
Ep 53	 reward -11.239	 ms 157.3	 loss 0.165249	 11.5s
Ep 54	 reward -11.254	 ms 157.6	 loss 0.208511	 11.4s
Ep 55	 reward -11.257	 ms 157.6	 loss 0.172945	 11.1s
Ep 56	 reward -11.343	 ms 158.8	 loss 0.220467	 10.9s
Ep 57	 reward -11.164	 ms 156.3	 loss 0.234492	 12.0s
Ep 58	 reward -11.211	 ms 156.9	 loss 0.179842	 10.9s
Ep 59	 reward -11.186	 ms 156.6	 loss 0.236182	 11.5s
Ep 60	 reward -11.136	 ms 155.9	 loss 0.179806	 11.0s
Ep 61	 reward -11.179	 ms 156.5	 loss 0.027017	 11.4s
Ep 62	 reward -11.386	 ms 159.4	 loss 0.117503	 11.0s
Ep 63	 reward -11.379	 ms 159.3	 loss 0.073845	 12.8s
Ep 64	 reward -11.282	 ms 157.9	 loss -0.043057	 12.3s
Ep 65	 reward -11.129	 ms 155.8	 loss 0.049195	 12.2s
Ep 66	 reward -11.314	 ms 158.4	 loss 0.102980	 12.2s
Ep 67	 reward -11.221	 ms 157.1	 loss 0.023644	 12.2s
Ep 68	 reward -11.279	 ms 157.9	 loss 0.151979	 12.0s
Ep 69	 reward -11.400	 ms 159.6	 loss 0.128856	 13.4s
Ep 70	 reward -11.139	 ms 155.9	 loss 0.056644	 11.9s
Ep 71	 reward -11.225	 ms 157.2	 loss -0.037563	 12.3s
Ep 72	 reward -11.200	 ms 156.8	 loss 0.045645	 11.7s
Ep 73	 reward -11.254	 ms 157.6	 loss 0.094633	 11.9s
Ep 74	 reward -11.025	 ms 154.3	 loss 0.128525	 14.0s
[vali @75] rel=0.8164 (best 0.8164)  W=152.1
Ep 75	 reward -10.964	 ms 153.5	 loss 0.165422	 21.1s
Ep 76	 reward -10.929	 ms 153.0	 loss 0.150206	 12.1s
Ep 77	 reward -11.175	 ms 156.4	 loss 0.004167	 12.2s
Ep 78	 reward -11.050	 ms 154.7	 loss 0.063781	 12.5s
Ep 79	 reward -11.118	 ms 155.7	 loss 0.162068	 11.7s
Ep 80	 reward -11.068	 ms 154.9	 loss 0.103045	 12.2s
Ep 81	 reward -11.211	 ms 156.9	 loss 0.110223	 11.7s
Ep 82	 reward -11.146	 ms 156.1	 loss 0.106737	 12.7s
Ep 83	 reward -11.021	 ms 154.3	 loss 0.150161	 11.0s
Ep 84	 reward -11.061	 ms 154.8	 loss 0.143251	 11.6s
Ep 85	 reward -11.089	 ms 155.2	 loss 0.133648	 14.0s
Ep 86	 reward -11.064	 ms 154.9	 loss 0.250200	 13.1s
Ep 87	 reward -11.039	 ms 154.6	 loss 0.093370	 11.6s
Ep 88	 reward -11.157	 ms 156.2	 loss 0.180113	 11.4s
Ep 89	 reward -11.046	 ms 154.7	 loss 0.157581	 12.8s
Ep 90	 reward -11.118	 ms 155.7	 loss 0.070690	 12.3s
Ep 91	 reward -11.129	 ms 155.8	 loss 0.237533	 12.1s
Ep 92	 reward -10.979	 ms 153.7	 loss 0.105592	 12.0s
Ep 93	 reward -11.104	 ms 155.4	 loss 0.151970	 12.5s
Ep 94	 reward -11.114	 ms 155.6	 loss 0.129485	 11.8s
Ep 95	 reward -11.082	 ms 155.2	 loss 0.102662	 11.8s
Ep 96	 reward -11.121	 ms 155.7	 loss 0.071229	 12.0s
Ep 97	 reward -11.064	 ms 154.9	 loss 0.028541	 12.9s
Ep 98	 reward -10.918	 ms 152.8	 loss 0.029092	 13.2s
Ep 99	 reward -11.071	 ms 155.0	 loss 0.216867	 12.7s
[vali @100] rel=0.8245 (best 0.8164)  W=153.6
Ep 100	 reward -11.143	 ms 156.0	 loss 0.071058	 20.1s
Ep 101	 reward -11.225	 ms 157.2	 loss 0.165929	 13.2s
Ep 102	 reward -11.232	 ms 157.2	 loss 0.247851	 13.5s
Ep 103	 reward -11.175	 ms 156.4	 loss 0.156890	 12.3s
Ep 104	 reward -11.064	 ms 154.9	 loss 0.301591	 11.6s
Ep 105	 reward -11.118	 ms 155.7	 loss 0.183858	 13.6s
Ep 106	 reward -11.032	 ms 154.4	 loss 0.232692	 11.1s
Ep 107	 reward -11.093	 ms 155.3	 loss 0.128130	 12.8s
Ep 108	 reward -11.136	 ms 155.9	 loss 0.178185	 11.7s
Ep 109	 reward -11.200	 ms 156.8	 loss 0.302850	 11.3s
Ep 110	 reward -11.104	 ms 155.4	 loss 0.202489	 13.8s
Ep 111	 reward -11.239	 ms 157.3	 loss 0.224031	 11.5s
Ep 112	 reward -11.075	 ms 155.1	 loss 0.150790	 11.1s
Ep 113	 reward -11.136	 ms 155.9	 loss 0.254355	 11.9s
Ep 114	 reward -11.093	 ms 155.3	 loss 0.158536	 12.3s
Ep 115	 reward -11.150	 ms 156.1	 loss 0.146923	 11.8s
Ep 116	 reward -11.186	 ms 156.6	 loss 0.228864	 12.8s
Ep 117	 reward -11.054	 ms 154.8	 loss 0.062657	 11.6s
Ep 118	 reward -11.075	 ms 155.1	 loss 0.151436	 12.6s
Ep 119	 reward -10.993	 ms 153.9	 loss 0.215541	 13.2s
Ep 120	 reward -11.093	 ms 155.3	 loss 0.219528	 13.4s
Ep 121	 reward -11.275	 ms 157.8	 loss 0.250851	 13.0s
Ep 122	 reward -11.357	 ms 159.0	 loss 0.279140	 12.2s
Ep 123	 reward -11.107	 ms 155.5	 loss 0.142308	 12.6s
Ep 124	 reward -11.257	 ms 157.6	 loss 0.273628	 12.3s
[vali @125] rel=0.8213 (best 0.8164)  W=153.0
Ep 125	 reward -11.236	 ms 157.3	 loss 0.263668	 20.9s
Ep 126	 reward -11.329	 ms 158.6	 loss 0.144863	 12.8s
Ep 127	 reward -11.150	 ms 156.1	 loss 0.110719	 14.0s
Ep 128	 reward -11.100	 ms 155.4	 loss 0.242654	 12.2s
Ep 129	 reward -11.146	 ms 156.1	 loss 0.320277	 11.9s
Ep 130	 reward -11.186	 ms 156.6	 loss 0.199819	 13.8s
Ep 131	 reward -11.193	 ms 156.7	 loss 0.194778	 13.0s
Ep 132	 reward -11.129	 ms 155.8	 loss 0.149878	 12.2s
Ep 133	 reward -11.146	 ms 156.1	 loss 0.188829	 12.4s
Ep 134	 reward -11.086	 ms 155.2	 loss 0.203119	 13.3s
Ep 135	 reward -11.139	 ms 155.9	 loss 0.216878	 12.8s
Ep 136	 reward -11.007	 ms 154.1	 loss 0.093644	 12.6s
Ep 137	 reward -11.071	 ms 155.0	 loss 0.164366	 12.1s
Ep 138	 reward -10.946	 ms 153.2	 loss 0.139879	 12.5s
Ep 139	 reward -11.111	 ms 155.6	 loss 0.230652	 12.8s
Ep 140	 reward -11.018	 ms 154.2	 loss 0.292227	 12.0s
Ep 141	 reward -10.968	 ms 153.6	 loss 0.048054	 12.2s
Ep 142	 reward -10.921	 ms 152.9	 loss -0.032916	 12.9s
Ep 143	 reward -10.875	 ms 152.2	 loss -0.026302	 12.1s
Ep 144	 reward -10.961	 ms 153.4	 loss 0.033690	 11.9s
Ep 145	 reward -10.961	 ms 153.4	 loss 0.094922	 13.1s
Ep 146	 reward -11.043	 ms 154.6	 loss -0.004761	 12.8s
Ep 147	 reward -11.011	 ms 154.2	 loss 0.047227	 14.3s
Ep 148	 reward -10.996	 ms 153.9	 loss 0.040078	 12.4s
Ep 149	 reward -10.996	 ms 153.9	 loss 0.057429	 12.6s
[vali @150] rel=0.8014 (best 0.8014)  W=149.3
Ep 150	 reward -11.021	 ms 154.3	 loss 0.060541	 20.4s
Ep 151	 reward -11.043	 ms 154.6	 loss -0.002550	 11.6s
Ep 152	 reward -10.943	 ms 153.2	 loss 0.071503	 12.2s
Ep 153	 reward -11.039	 ms 154.6	 loss 0.090899	 13.4s
Ep 154	 reward -10.996	 ms 153.9	 loss -0.008605	 11.6s
Ep 155	 reward -10.993	 ms 153.9	 loss 0.112854	 12.9s
Ep 156	 reward -11.032	 ms 154.4	 loss -0.013898	 11.8s
Ep 157	 reward -10.939	 ms 153.2	 loss 0.069146	 11.9s
Ep 158	 reward -11.036	 ms 154.5	 loss 0.032431	 11.3s
Ep 159	 reward -10.957	 ms 153.4	 loss 0.117751	 11.7s
Ep 160	 reward -11.004	 ms 154.1	 loss -0.008722	 12.3s
Ep 161	 reward -11.000	 ms 154.0	 loss 0.112627	 12.4s
Ep 162	 reward -11.032	 ms 154.4	 loss 0.147812	 12.4s
Ep 163	 reward -10.875	 ms 152.2	 loss 0.147449	 12.1s
Ep 164	 reward -11.179	 ms 156.5	 loss 0.068879	 13.3s
Ep 165	 reward -11.043	 ms 154.6	 loss 0.110185	 11.9s
Ep 166	 reward -11.079	 ms 155.1	 loss 0.020919	 12.0s
Ep 167	 reward -11.132	 ms 155.8	 loss 0.029215	 12.5s
Ep 168	 reward -11.107	 ms 155.5	 loss 0.071998	 11.0s
Ep 169	 reward -11.143	 ms 156.0	 loss 0.049553	 13.5s
Ep 170	 reward -11.129	 ms 155.8	 loss 0.003669	 13.6s
Ep 171	 reward -11.207	 ms 156.9	 loss 0.091906	 11.8s
Ep 172	 reward -11.079	 ms 155.1	 loss 0.031020	 11.0s
Ep 173	 reward -11.064	 ms 154.9	 loss -0.001517	 12.5s
Ep 174	 reward -11.064	 ms 154.9	 loss 0.119883	 13.5s
[vali @175] rel=0.7990 (best 0.7990)  W=148.8
Ep 175	 reward -11.054	 ms 154.8	 loss 0.198401	 21.9s
Ep 176	 reward -11.061	 ms 154.8	 loss 0.068177	 11.4s
Ep 177	 reward -11.143	 ms 156.0	 loss 0.082449	 12.9s
Ep 178	 reward -11.025	 ms 154.3	 loss 0.085879	 12.1s
Ep 179	 reward -11.114	 ms 155.6	 loss 0.113781	 12.5s
Ep 180	 reward -10.982	 ms 153.8	 loss 0.065169	 11.7s
Ep 181	 reward -10.879	 ms 152.3	 loss 0.217226	 12.1s
Ep 182	 reward -10.736	 ms 150.3	 loss 0.191903	 12.6s
Ep 183	 reward -10.893	 ms 152.5	 loss 0.190139	 12.1s
Ep 184	 reward -10.882	 ms 152.3	 loss 0.208426	 11.5s
Ep 185	 reward -10.818	 ms 151.4	 loss 0.181782	 12.3s
Ep 186	 reward -10.732	 ms 150.2	 loss 0.130617	 12.4s
Ep 187	 reward -10.739	 ms 150.3	 loss 0.223063	 13.4s
Ep 188	 reward -10.879	 ms 152.3	 loss 0.270772	 11.3s
Ep 189	 reward -10.911	 ms 152.8	 loss 0.251514	 13.3s
Ep 190	 reward -10.904	 ms 152.7	 loss 0.192588	 12.2s
Ep 191	 reward -10.771	 ms 150.8	 loss 0.142852	 12.5s
Ep 192	 reward -10.900	 ms 152.6	 loss 0.070365	 13.7s
Ep 193	 reward -10.829	 ms 151.6	 loss 0.149874	 12.6s
Ep 194	 reward -10.711	 ms 149.9	 loss 0.201429	 14.8s
Ep 195	 reward -10.946	 ms 153.2	 loss 0.269566	 11.1s
Ep 196	 reward -10.821	 ms 151.5	 loss 0.099815	 12.1s
Ep 197	 reward -10.754	 ms 150.6	 loss 0.176082	 11.5s
Ep 198	 reward -10.900	 ms 152.6	 loss 0.090448	 12.9s
Ep 199	 reward -10.800	 ms 151.2	 loss 0.192244	 13.1s
[vali @200] rel=0.8038 (best 0.7990)  W=149.8
Ep 200	 reward -10.736	 ms 150.3	 loss 0.162674	 19.4s
Ep 201	 reward -10.768	 ms 150.8	 loss 0.127122	 11.6s
Ep 202	 reward -10.775	 ms 150.8	 loss 0.071200	 13.5s
Ep 203	 reward -10.707	 ms 149.9	 loss 0.092559	 12.6s
Ep 204	 reward -10.800	 ms 151.2	 loss 0.107324	 11.9s
Ep 205	 reward -10.775	 ms 150.8	 loss 0.015785	 12.1s
Ep 206	 reward -10.771	 ms 150.8	 loss 0.006906	 12.2s
Ep 207	 reward -10.814	 ms 151.4	 loss 0.116506	 11.7s
Ep 208	 reward -10.643	 ms 149.0	 loss 0.042656	 12.8s
Ep 209	 reward -10.811	 ms 151.3	 loss 0.042332	 14.0s
Ep 210	 reward -10.754	 ms 150.6	 loss 0.012162	 14.3s
Ep 211	 reward -10.811	 ms 151.3	 loss 0.118858	 11.5s
Ep 212	 reward -10.854	 ms 151.9	 loss 0.088867	 12.1s
Ep 213	 reward -10.764	 ms 150.7	 loss 0.124222	 12.3s
Ep 214	 reward -10.686	 ms 149.6	 loss 0.144269	 11.5s
Ep 215	 reward -10.739	 ms 150.3	 loss 0.114721	 11.5s
Ep 216	 reward -10.779	 ms 150.9	 loss 0.048079	 12.2s
Ep 217	 reward -10.796	 ms 151.2	 loss 0.088381	 13.3s
Ep 218	 reward -10.818	 ms 151.4	 loss 0.136500	 11.0s
Ep 219	 reward -10.707	 ms 149.9	 loss 0.015818	 11.5s
Ep 220	 reward -10.779	 ms 150.9	 loss 0.082468	 11.7s
Ep 221	 reward -10.904	 ms 152.7	 loss 0.172979	 12.2s
Ep 222	 reward -10.875	 ms 152.2	 loss 0.178591	 11.7s
Ep 223	 reward -10.821	 ms 151.5	 loss 0.099761	 11.7s
Ep 224	 reward -10.921	 ms 152.9	 loss 0.175181	 11.7s
[vali @225] rel=0.8035 (best 0.7990)  W=149.7
Ep 225	 reward -10.871	 ms 152.2	 loss 0.190941	 19.6s
Ep 226	 reward -10.925	 ms 152.9	 loss 0.141476	 11.5s
Ep 227	 reward -10.814	 ms 151.4	 loss 0.197839	 11.6s
Ep 228	 reward -10.718	 ms 150.1	 loss 0.222639	 11.4s
Ep 229	 reward -10.757	 ms 150.6	 loss 0.188578	 11.1s
Ep 230	 reward -10.882	 ms 152.3	 loss 0.017987	 11.7s
Ep 231	 reward -10.732	 ms 150.2	 loss 0.137879	 11.1s
Ep 232	 reward -10.804	 ms 151.2	 loss 0.187541	 11.4s
Ep 233	 reward -10.846	 ms 151.8	 loss 0.129688	 11.6s
Ep 234	 reward -10.786	 ms 151.0	 loss 0.079496	 11.8s
Ep 235	 reward -10.750	 ms 150.5	 loss 0.036299	 11.5s
Ep 236	 reward -10.850	 ms 151.9	 loss 0.175711	 11.3s
Ep 237	 reward -10.729	 ms 150.2	 loss 0.217808	 12.0s
Ep 238	 reward -10.768	 ms 150.8	 loss 0.111685	 11.2s
Ep 239	 reward -10.800	 ms 151.2	 loss 0.072875	 11.0s
Ep 240	 reward -10.814	 ms 151.4	 loss 0.143761	 11.2s
Ep 241	 reward -10.782	 ms 150.9	 loss 0.175825	 11.7s
Ep 242	 reward -10.679	 ms 149.5	 loss 0.214664	 11.6s
Ep 243	 reward -10.750	 ms 150.5	 loss 0.120506	 11.4s
Ep 244	 reward -10.775	 ms 150.8	 loss 0.194403	 10.9s
Ep 245	 reward -10.668	 ms 149.3	 loss 0.210255	 11.6s
Ep 246	 reward -10.743	 ms 150.4	 loss 0.164549	 12.2s
Ep 247	 reward -10.793	 ms 151.1	 loss 0.187195	 11.6s
Ep 248	 reward -10.786	 ms 151.0	 loss 0.162884	 11.5s
Ep 249	 reward -10.882	 ms 152.3	 loss 0.252318	 11.6s
[vali @250] rel=0.8014 (best 0.7990)  W=149.3
Ep 250	 reward -10.693	 ms 149.7	 loss 0.166446	 19.1s
Ep 251	 reward -10.686	 ms 149.6	 loss 0.216672	 12.2s
Ep 252	 reward -10.811	 ms 151.3	 loss 0.262837	 11.5s
Ep 253	 reward -10.739	 ms 150.3	 loss 0.224058	 11.3s
Ep 254	 reward -10.739	 ms 150.3	 loss 0.186199	 11.8s
Ep 255	 reward -10.650	 ms 149.1	 loss 0.207052	 11.8s
Ep 256	 reward -10.686	 ms 149.6	 loss 0.203000	 10.6s
Ep 257	 reward -10.718	 ms 150.1	 loss 0.264536	 11.5s
Ep 258	 reward -10.843	 ms 151.8	 loss 0.190263	 11.9s
Ep 259	 reward -10.675	 ms 149.4	 loss 0.260680	 11.8s
Ep 260	 reward -10.736	 ms 150.3	 loss 0.225464	 11.8s
Ep 261	 reward -11.014	 ms 154.2	 loss 0.121372	 12.4s
Ep 262	 reward -10.864	 ms 152.1	 loss 0.092647	 12.1s
Ep 263	 reward -11.011	 ms 154.2	 loss 0.242541	 12.2s
Ep 264	 reward -10.854	 ms 151.9	 loss -0.010854	 12.1s
Ep 265	 reward -10.950	 ms 153.3	 loss 0.231129	 12.9s
Ep 266	 reward -10.939	 ms 153.2	 loss 0.162068	 12.7s
Ep 267	 reward -10.925	 ms 152.9	 loss 0.134529	 13.6s
Ep 268	 reward -10.907	 ms 152.7	 loss 0.128802	 12.6s
Ep 269	 reward -10.929	 ms 153.0	 loss 0.204304	 12.3s
Ep 270	 reward -10.836	 ms 151.7	 loss 0.219318	 11.3s
Ep 271	 reward -10.889	 ms 152.4	 loss 0.146731	 12.2s
Ep 272	 reward -10.961	 ms 153.4	 loss 0.194109	 12.0s
Ep 273	 reward -10.743	 ms 150.4	 loss 0.101703	 12.0s
Ep 274	 reward -10.986	 ms 153.8	 loss 0.139021	 11.8s
[vali @275] rel=0.7971 (best 0.7971)  W=148.5
Ep 275	 reward -10.964	 ms 153.5	 loss 0.180015	 20.7s
Ep 276	 reward -10.918	 ms 152.8	 loss 0.125006	 12.0s
Ep 277	 reward -10.836	 ms 151.7	 loss 0.099612	 12.2s
Ep 278	 reward -10.900	 ms 152.6	 loss 0.127158	 12.7s
Ep 279	 reward -10.982	 ms 153.8	 loss 0.129981	 12.3s
Ep 280	 reward -11.032	 ms 154.4	 loss 0.150853	 12.1s
Ep 281	 reward -10.696	 ms 149.8	 loss -0.020227	 11.1s
Ep 282	 reward -10.664	 ms 149.3	 loss 0.028258	 12.3s
Ep 283	 reward -10.575	 ms 148.1	 loss -0.013218	 12.0s
Ep 284	 reward -10.646	 ms 149.1	 loss -0.039647	 12.1s
Ep 285	 reward -10.750	 ms 150.5	 loss -0.020079	 12.2s
Ep 286	 reward -10.668	 ms 149.3	 loss -0.021892	 11.8s
Ep 287	 reward -10.700	 ms 149.8	 loss -0.017301	 11.3s
Ep 288	 reward -10.664	 ms 149.3	 loss -0.039212	 11.9s
Ep 289	 reward -10.721	 ms 150.1	 loss -0.046513	 11.1s
Ep 290	 reward -10.629	 ms 148.8	 loss -0.090672	 11.4s
Ep 291	 reward -10.729	 ms 150.2	 loss -0.079954	 12.1s
Ep 292	 reward -10.643	 ms 149.0	 loss -0.079823	 11.4s
Ep 293	 reward -10.629	 ms 148.8	 loss -0.099360	 12.4s
Ep 294	 reward -10.625	 ms 148.8	 loss 0.048267	 12.0s
Ep 295	 reward -10.646	 ms 149.1	 loss -0.068053	 12.1s
Ep 296	 reward -10.643	 ms 149.0	 loss -0.115723	 11.9s
Ep 297	 reward -10.696	 ms 149.8	 loss -0.068906	 12.7s
Ep 298	 reward -10.596	 ms 148.3	 loss -0.092077	 11.9s
Ep 299	 reward -10.696	 ms 149.8	 loss -0.064543	 12.1s
[vali @300] rel=0.7950 (best 0.7950)  W=148.1
Ep 300	 reward -10.582	 ms 148.2	 loss -0.072221	 20.8s
Ep 301	 reward -10.689	 ms 149.7	 loss 0.008943	 12.1s
Ep 302	 reward -10.768	 ms 150.8	 loss 0.206683	 12.1s
Ep 303	 reward -10.639	 ms 148.9	 loss -0.038637	 12.0s
Ep 304	 reward -10.711	 ms 149.9	 loss 0.157355	 12.2s
Ep 305	 reward -10.739	 ms 150.3	 loss -0.036392	 12.7s
Ep 306	 reward -10.789	 ms 151.1	 loss -0.025430	 11.9s
Ep 307	 reward -10.771	 ms 150.8	 loss 0.185383	 12.3s
Ep 308	 reward -10.825	 ms 151.6	 loss 0.125073	 12.6s
Ep 309	 reward -10.789	 ms 151.1	 loss 0.142034	 12.6s
Ep 310	 reward -10.786	 ms 151.0	 loss 0.070267	 13.0s
Ep 311	 reward -10.607	 ms 148.5	 loss -0.090420	 12.9s
Ep 312	 reward -10.754	 ms 150.6	 loss 0.137937	 12.7s
Ep 313	 reward -10.600	 ms 148.4	 loss 0.043880	 13.0s
Ep 314	 reward -10.757	 ms 150.6	 loss 0.155544	 11.9s
Ep 315	 reward -10.761	 ms 150.7	 loss 0.035757	 12.4s
Ep 316	 reward -10.696	 ms 149.8	 loss 0.160702	 12.8s
Ep 317	 reward -10.779	 ms 150.9	 loss 0.186744	 12.7s
Ep 318	 reward -10.700	 ms 149.8	 loss -0.001160	 13.2s
Ep 319	 reward -10.786	 ms 151.0	 loss 0.250850	 12.9s
Ep 320	 reward -10.700	 ms 149.8	 loss 0.141338	 12.9s
Ep 321	 reward -10.989	 ms 153.8	 loss -0.010300	 13.1s
Ep 322	 reward -10.879	 ms 152.3	 loss 0.100631	 12.5s
Ep 323	 reward -10.896	 ms 152.6	 loss 0.044898	 12.9s
Ep 324	 reward -10.929	 ms 153.0	 loss -0.040045	 13.2s
[vali @325] rel=0.7987 (best 0.7950)  W=148.8
Ep 325	 reward -10.943	 ms 153.2	 loss 0.012898	 22.1s
Ep 326	 reward -10.739	 ms 150.3	 loss 0.027698	 13.3s
Ep 327	 reward -10.904	 ms 152.7	 loss 0.005440	 13.5s
Ep 328	 reward -10.907	 ms 152.7	 loss 0.074437	 13.3s
Ep 329	 reward -10.986	 ms 153.8	 loss 0.072178	 13.4s
Ep 330	 reward -10.936	 ms 153.1	 loss -0.006078	 13.0s
Ep 331	 reward -10.864	 ms 152.1	 loss -0.000540	 14.5s
Ep 332	 reward -11.046	 ms 154.7	 loss 0.014728	 17.1s
Ep 333	 reward -10.946	 ms 153.2	 loss 0.048084	 15.9s
Ep 334	 reward -11.039	 ms 154.6	 loss -0.048851	 18.4s
Ep 335	 reward -10.968	 ms 153.6	 loss -0.069186	 13.0s
Ep 336	 reward -10.850	 ms 151.9	 loss -0.000962	 13.2s
Ep 337	 reward -10.918	 ms 152.8	 loss 0.143122	 13.5s
Ep 338	 reward -10.811	 ms 151.3	 loss 0.032366	 13.3s
Ep 339	 reward -10.904	 ms 152.7	 loss 0.054238	 12.2s
Ep 340	 reward -10.943	 ms 153.2	 loss 0.016337	 13.5s
Ep 341	 reward -10.679	 ms 149.5	 loss 0.128996	 13.7s
Ep 342	 reward -10.625	 ms 148.8	 loss 0.004248	 13.7s
Ep 343	 reward -10.554	 ms 147.8	 loss 0.041892	 13.9s
Ep 344	 reward -10.657	 ms 149.2	 loss 0.070871	 13.7s
Ep 345	 reward -10.757	 ms 150.6	 loss 0.016386	 12.6s
Ep 346	 reward -10.711	 ms 149.9	 loss 0.025501	 12.6s
Ep 347	 reward -10.639	 ms 148.9	 loss 0.156567	 12.6s
Ep 348	 reward -10.739	 ms 150.3	 loss -0.052710	 12.9s
Ep 349	 reward -10.621	 ms 148.7	 loss 0.062921	 12.5s
[vali @350] rel=0.7982 (best 0.7950)  W=148.7
Ep 350	 reward -10.629	 ms 148.8	 loss -0.040896	 21.9s
Ep 351	 reward -10.621	 ms 148.7	 loss 0.033237	 13.0s
Ep 352	 reward -10.614	 ms 148.6	 loss -0.009585	 13.0s
Ep 353	 reward -10.607	 ms 148.5	 loss 0.051167	 12.6s
Ep 354	 reward -10.718	 ms 150.1	 loss 0.063567	 12.9s
Ep 355	 reward -10.654	 ms 149.2	 loss 0.013257	 13.2s
Ep 356	 reward -10.579	 ms 148.1	 loss -0.117844	 13.1s
Ep 357	 reward -10.664	 ms 149.3	 loss 0.093092	 16.0s
Ep 358	 reward -10.625	 ms 148.8	 loss 0.038856	 14.4s
Ep 359	 reward -10.561	 ms 147.8	 loss -0.003704	 15.6s
Ep 360	 reward -10.643	 ms 149.0	 loss 0.047319	 15.5s
Ep 361	 reward -10.575	 ms 148.1	 loss 0.113117	 13.0s
Ep 362	 reward -10.532	 ms 147.4	 loss 0.234160	 13.3s
Ep 363	 reward -10.725	 ms 150.2	 loss 0.337709	 13.0s
Ep 364	 reward -10.604	 ms 148.4	 loss 0.217272	 12.5s
Ep 365	 reward -10.693	 ms 149.7	 loss 0.254447	 12.9s
Ep 366	 reward -10.671	 ms 149.4	 loss 0.320221	 12.7s
Ep 367	 reward -10.643	 ms 149.0	 loss 0.140785	 12.8s
Ep 368	 reward -10.718	 ms 150.1	 loss 0.295025	 13.1s
Ep 369	 reward -10.714	 ms 150.0	 loss 0.167649	 13.2s
Ep 370	 reward -10.693	 ms 149.7	 loss 0.234812	 13.4s
Ep 371	 reward -10.621	 ms 148.7	 loss 0.261848	 13.2s
Ep 372	 reward -10.757	 ms 150.6	 loss 0.319014	 13.1s
Ep 373	 reward -10.739	 ms 150.3	 loss 0.278874	 13.2s
Ep 374	 reward -10.782	 ms 150.9	 loss 0.298964	 14.0s
[vali @375] rel=0.7944 (best 0.7944)  W=148.0
Ep 375	 reward -10.650	 ms 149.1	 loss 0.272956	 22.0s
Ep 376	 reward -10.657	 ms 149.2	 loss 0.282600	 13.0s
Ep 377	 reward -10.754	 ms 150.6	 loss 0.199803	 13.0s
Ep 378	 reward -10.696	 ms 149.8	 loss 0.132397	 13.3s
Ep 379	 reward -10.729	 ms 150.2	 loss 0.261294	 13.3s
Ep 380	 reward -10.639	 ms 148.9	 loss 0.197600	 13.2s
Ep 381	 reward -10.654	 ms 149.2	 loss 0.040269	 12.6s
Ep 382	 reward -10.761	 ms 150.7	 loss 0.107683	 12.7s
Ep 383	 reward -10.650	 ms 149.1	 loss 0.116388	 12.6s
Ep 384	 reward -10.793	 ms 151.1	 loss 0.046743	 12.4s
Ep 385	 reward -10.771	 ms 150.8	 loss 0.129077	 12.7s
Ep 386	 reward -10.704	 ms 149.8	 loss 0.063318	 12.7s
Ep 387	 reward -10.746	 ms 150.4	 loss 0.018664	 12.8s
Ep 388	 reward -10.696	 ms 149.8	 loss 0.040946	 12.7s
Ep 389	 reward -10.779	 ms 150.9	 loss 0.114469	 11.0s
Ep 390	 reward -10.686	 ms 149.6	 loss 0.096470	 11.9s
Ep 391	 reward -10.743	 ms 150.4	 loss 0.137583	 12.3s
Ep 392	 reward -10.657	 ms 149.2	 loss 0.043116	 12.0s
Ep 393	 reward -10.750	 ms 150.5	 loss 0.201227	 11.9s
Ep 394	 reward -10.736	 ms 150.3	 loss 0.082540	 11.8s
Ep 395	 reward -10.721	 ms 150.1	 loss 0.096306	 11.9s
Ep 396	 reward -10.754	 ms 150.6	 loss 0.051872	 12.2s
Ep 397	 reward -10.732	 ms 150.2	 loss 0.072737	 11.1s
Ep 398	 reward -10.796	 ms 151.2	 loss 0.066327	 10.8s
Ep 399	 reward -10.789	 ms 151.1	 loss 0.064515	 11.4s
[vali @400] rel=0.7966 (best 0.7944)  W=148.4
Ep 400	 reward -10.679	 ms 149.5	 loss 0.078492	 19.2s
Ep 401	 reward -10.868	 ms 152.2	 loss 0.228716	 11.2s
Ep 402	 reward -10.939	 ms 153.2	 loss 0.011966	 11.7s
Ep 403	 reward -10.836	 ms 151.7	 loss 0.019055	 11.5s
Ep 404	 reward -10.929	 ms 153.0	 loss 0.026377	 11.6s
Ep 405	 reward -10.882	 ms 152.3	 loss 0.117451	 11.6s
Ep 406	 reward -10.954	 ms 153.3	 loss -0.038239	 11.4s
Ep 407	 reward -10.904	 ms 152.7	 loss -0.000720	 11.0s
Ep 408	 reward -10.904	 ms 152.7	 loss 0.082386	 12.6s
Ep 409	 reward -10.896	 ms 152.6	 loss 0.166821	 12.2s
Ep 410	 reward -10.839	 ms 151.8	 loss -0.008006	 12.1s
Ep 411	 reward -10.807	 ms 151.3	 loss 0.008339	 11.5s
Ep 412	 reward -10.879	 ms 152.3	 loss 0.045338	 11.9s
Ep 413	 reward -10.914	 ms 152.8	 loss 0.019501	 11.8s
Ep 414	 reward -10.857	 ms 152.0	 loss 0.136770	 12.3s
Ep 415	 reward -10.796	 ms 151.2	 loss 0.119118	 12.2s
Ep 416	 reward -10.789	 ms 151.1	 loss 0.004097	 12.4s
Ep 417	 reward -10.868	 ms 152.2	 loss 0.157851	 11.6s
Ep 418	 reward -10.896	 ms 152.6	 loss 0.020843	 11.4s
Ep 419	 reward -10.782	 ms 150.9	 loss -0.038228	 10.9s
Ep 420	 reward -10.800	 ms 151.2	 loss 0.011315	 12.2s
Ep 421	 reward -10.750	 ms 150.5	 loss 0.185077	 14.7s
Ep 422	 reward -10.875	 ms 152.2	 loss 0.141207	 12.6s
Ep 423	 reward -10.700	 ms 149.8	 loss 0.228100	 14.5s
Ep 424	 reward -10.721	 ms 150.1	 loss 0.215860	 13.3s
[vali @425] rel=0.7890 (best 0.7890)  W=147.0
Ep 425	 reward -10.757	 ms 150.6	 loss 0.190694	 26.3s
Ep 426	 reward -10.657	 ms 149.2	 loss 0.198613	 12.0s
Ep 427	 reward -10.818	 ms 151.4	 loss 0.203179	 14.4s
Ep 428	 reward -10.732	 ms 150.2	 loss 0.201875	 13.9s
Ep 429	 reward -10.675	 ms 149.4	 loss 0.180409	 17.7s
Ep 430	 reward -10.857	 ms 152.0	 loss 0.201382	 12.9s
Ep 431	 reward -10.868	 ms 152.2	 loss 0.204809	 19.0s
Ep 432	 reward -10.729	 ms 150.2	 loss 0.157038	 14.0s
Ep 433	 reward -10.846	 ms 151.8	 loss 0.215406	 15.5s
Ep 434	 reward -10.775	 ms 150.8	 loss 0.241045	 14.5s
Ep 435	 reward -10.807	 ms 151.3	 loss 0.166177	 14.8s
Ep 436	 reward -10.639	 ms 148.9	 loss 0.236882	 16.2s
Ep 437	 reward -10.804	 ms 151.2	 loss 0.222730	 16.6s
Ep 438	 reward -10.782	 ms 150.9	 loss 0.213321	 15.6s
Ep 439	 reward -10.825	 ms 151.6	 loss 0.165724	 13.4s
Ep 440	 reward -10.904	 ms 152.7	 loss 0.165605	 13.2s
Ep 441	 reward -10.686	 ms 149.6	 loss 0.064010	 14.8s
Ep 442	 reward -10.682	 ms 149.6	 loss 0.089550	 15.3s
Ep 443	 reward -10.525	 ms 147.3	 loss 0.098301	 15.4s
Ep 444	 reward -10.600	 ms 148.4	 loss 0.180010	 14.7s
Ep 445	 reward -10.707	 ms 149.9	 loss 0.178304	 16.1s
Ep 446	 reward -10.632	 ms 148.8	 loss 0.115879	 16.6s
Ep 447	 reward -10.643	 ms 149.0	 loss 0.144099	 17.6s
Ep 448	 reward -10.714	 ms 150.0	 loss 0.150957	 15.8s
Ep 449	 reward -10.629	 ms 148.8	 loss 0.025116	 17.6s
[vali @450] rel=0.7952 (best 0.7890)  W=148.2
Ep 450	 reward -10.743	 ms 150.4	 loss 0.141589	 29.0s
Ep 451	 reward -10.654	 ms 149.2	 loss 0.102302	 17.0s
Ep 452	 reward -10.696	 ms 149.8	 loss 0.120287	 14.9s
Ep 453	 reward -10.754	 ms 150.6	 loss 0.183612	 15.9s
Ep 454	 reward -10.714	 ms 150.0	 loss 0.067266	 18.8s
Ep 455	 reward -10.671	 ms 149.4	 loss 0.077632	 16.4s
Ep 456	 reward -10.814	 ms 151.4	 loss 0.158503	 19.8s
Ep 457	 reward -10.786	 ms 151.0	 loss 0.094010	 16.3s
Ep 458	 reward -10.636	 ms 148.9	 loss 0.091806	 18.8s
Ep 459	 reward -10.793	 ms 151.1	 loss 0.064968	 18.5s
Ep 460	 reward -10.711	 ms 149.9	 loss 0.105226	 13.4s
Ep 461	 reward -10.721	 ms 150.1	 loss -0.077745	 17.1s
Ep 462	 reward -10.829	 ms 151.6	 loss -0.052652	 14.7s
Ep 463	 reward -10.721	 ms 150.1	 loss -0.098948	 19.4s
Ep 464	 reward -10.757	 ms 150.6	 loss -0.014266	 16.6s
Ep 465	 reward -10.657	 ms 149.2	 loss -0.065620	 16.0s
Ep 466	 reward -10.657	 ms 149.2	 loss -0.109801	 17.7s
Ep 467	 reward -10.793	 ms 151.1	 loss -0.107120	 15.8s
Ep 468	 reward -10.768	 ms 150.8	 loss -0.061732	 13.1s
Ep 469	 reward -10.721	 ms 150.1	 loss -0.060069	 17.2s
Ep 470	 reward -10.771	 ms 150.8	 loss -0.077859	 17.0s
Ep 471	 reward -10.743	 ms 150.4	 loss -0.053802	 17.0s
Ep 472	 reward -10.668	 ms 149.3	 loss -0.073369	 18.2s
Ep 473	 reward -10.818	 ms 151.4	 loss -0.085664	 19.5s
Ep 474	 reward -10.771	 ms 150.8	 loss 0.054937	 18.1s
[vali @475] rel=0.7976 (best 0.7890)  W=148.6
Ep 475	 reward -10.929	 ms 153.0	 loss 0.043441	 31.5s
Ep 476	 reward -10.839	 ms 151.8	 loss -0.055983	 16.0s
Ep 477	 reward -10.743	 ms 150.4	 loss -0.070004	 17.6s
Ep 478	 reward -10.761	 ms 150.7	 loss -0.099892	 16.5s
Ep 479	 reward -10.857	 ms 152.0	 loss -0.011140	 15.9s
Ep 480	 reward -10.732	 ms 150.2	 loss -0.001059	 15.6s
Ep 481	 reward -10.632	 ms 148.8	 loss -0.101797	 16.2s
Ep 482	 reward -10.664	 ms 149.3	 loss -0.058991	 14.6s
Ep 483	 reward -10.611	 ms 148.6	 loss -0.025906	 14.9s
Ep 484	 reward -10.675	 ms 149.4	 loss -0.063186	 16.1s
Ep 485	 reward -10.800	 ms 151.2	 loss -0.064375	 14.6s
Ep 486	 reward -10.639	 ms 148.9	 loss -0.088796	 17.1s
Ep 487	 reward -10.718	 ms 150.1	 loss -0.081081	 17.2s
Ep 488	 reward -10.671	 ms 149.4	 loss -0.102005	 18.2s
Ep 489	 reward -10.639	 ms 148.9	 loss -0.057008	 16.7s
Ep 490	 reward -10.636	 ms 148.9	 loss -0.057285	 15.2s
Ep 491	 reward -10.679	 ms 149.5	 loss -0.046461	 17.6s
Ep 492	 reward -10.657	 ms 149.2	 loss -0.085286	 15.3s
Ep 493	 reward -10.654	 ms 149.2	 loss -0.075231	 14.8s
Ep 494	 reward -10.721	 ms 150.1	 loss -0.079662	 14.3s
Ep 495	 reward -10.700	 ms 149.8	 loss -0.103062	 14.9s
Ep 496	 reward -10.650	 ms 149.1	 loss -0.064543	 14.2s
Ep 497	 reward -10.686	 ms 149.6	 loss -0.070548	 15.1s
Ep 498	 reward -10.571	 ms 148.0	 loss -0.125757	 17.0s
Ep 499	 reward -10.700	 ms 149.8	 loss -0.056763	 15.1s
[vali @500] rel=0.7960 (best 0.7890)  W=148.3
Ep 500	 reward -10.657	 ms 149.2	 loss -0.091761	 26.4s
Ep 501	 reward -10.618	 ms 148.7	 loss 0.238080	 15.7s
Ep 502	 reward -10.700	 ms 149.8	 loss 0.210564	 15.6s
Ep 503	 reward -10.718	 ms 150.1	 loss 0.222656	 16.6s
Ep 504	 reward -10.657	 ms 149.2	 loss -0.010297	 14.2s
Ep 505	 reward -10.650	 ms 149.1	 loss 0.104370	 14.8s
Ep 506	 reward -10.779	 ms 150.9	 loss 0.062834	 13.1s
Ep 507	 reward -10.586	 ms 148.2	 loss 0.164488	 14.4s
Ep 508	 reward -10.729	 ms 150.2	 loss 0.186386	 12.9s
Ep 509	 reward -10.739	 ms 150.3	 loss 0.174999	 14.4s
Ep 510	 reward -10.568	 ms 147.9	 loss 0.214285	 12.0s
Ep 511	 reward -10.782	 ms 150.9	 loss 0.103849	 13.4s
Ep 512	 reward -10.582	 ms 148.2	 loss 0.125798	 12.5s
Ep 513	 reward -10.639	 ms 148.9	 loss 0.144799	 14.4s
Ep 514	 reward -10.814	 ms 151.4	 loss 0.153551	 15.1s
Ep 515	 reward -10.657	 ms 149.2	 loss 0.152909	 13.0s
Ep 516	 reward -10.711	 ms 149.9	 loss 0.094029	 15.1s
Ep 517	 reward -10.661	 ms 149.2	 loss 0.092571	 12.2s
Ep 518	 reward -10.696	 ms 149.8	 loss 0.170129	 14.3s
Ep 519	 reward -10.664	 ms 149.3	 loss 0.209144	 13.7s
Ep 520	 reward -10.786	 ms 151.0	 loss 0.220151	 13.2s
Ep 521	 reward -10.600	 ms 148.4	 loss 0.006287	 12.9s
Ep 522	 reward -10.582	 ms 148.2	 loss -0.060577	 16.8s
Ep 523	 reward -10.561	 ms 147.8	 loss 0.012288	 13.0s
Ep 524	 reward -10.582	 ms 148.2	 loss -0.038309	 13.0s
[vali @525] rel=0.7974 (best 0.7890)  W=148.6
Ep 525	 reward -10.600	 ms 148.4	 loss -0.051048	 21.0s
Ep 526	 reward -10.554	 ms 147.8	 loss 0.041516	 13.3s
Ep 527	 reward -10.543	 ms 147.6	 loss 0.024133	 13.8s
Ep 528	 reward -10.571	 ms 148.0	 loss -0.056720	 12.1s
Ep 529	 reward -10.521	 ms 147.3	 loss -0.091077	 10.7s
Ep 530	 reward -10.479	 ms 146.7	 loss -0.068282	 14.5s
Ep 531	 reward -10.546	 ms 147.7	 loss -0.110889	 14.7s
Ep 532	 reward -10.504	 ms 147.1	 loss -0.061291	 15.1s
Ep 533	 reward -10.564	 ms 147.9	 loss -0.101714	 16.2s
Ep 534	 reward -10.443	 ms 146.2	 loss -0.070400	 15.1s
Ep 535	 reward -10.629	 ms 148.8	 loss 0.021981	 17.0s
Ep 536	 reward -10.486	 ms 146.8	 loss -0.078730	 13.9s
Ep 537	 reward -10.518	 ms 147.2	 loss -0.128956	 16.5s
Ep 538	 reward -10.536	 ms 147.5	 loss 0.018958	 16.1s
Ep 539	 reward -10.582	 ms 148.2	 loss -0.093138	 15.0s
Ep 540	 reward -10.543	 ms 147.6	 loss 0.012023	 13.4s
Ep 541	 reward -10.575	 ms 148.1	 loss 0.220469	 13.5s
Ep 542	 reward -10.496	 ms 146.9	 loss 0.223213	 15.2s
Ep 543	 reward -10.539	 ms 147.6	 loss 0.149783	 15.0s
Ep 544	 reward -10.539	 ms 147.6	 loss 0.152960	 15.5s
Ep 545	 reward -10.657	 ms 149.2	 loss 0.083175	 14.5s
Ep 546	 reward -10.507	 ms 147.1	 loss 0.171297	 15.8s
Ep 547	 reward -10.454	 ms 146.3	 loss 0.174489	 14.4s
Ep 548	 reward -10.500	 ms 147.0	 loss 0.198204	 15.5s
Ep 549	 reward -10.471	 ms 146.6	 loss 0.154389	 13.2s
[vali @550] rel=0.7979 (best 0.7890)  W=148.7
Ep 550	 reward -10.586	 ms 148.2	 loss 0.156876	 25.1s
Ep 551	 reward -10.511	 ms 147.2	 loss 0.230302	 18.6s
Ep 552	 reward -10.536	 ms 147.5	 loss 0.047702	 14.3s
Ep 553	 reward -10.518	 ms 147.2	 loss 0.105317	 17.9s
Ep 554	 reward -10.493	 ms 146.9	 loss 0.033669	 13.8s
Ep 555	 reward -10.536	 ms 147.5	 loss 0.118336	 18.1s
Ep 556	 reward -10.489	 ms 146.8	 loss 0.148534	 16.6s
Ep 557	 reward -10.561	 ms 147.8	 loss 0.033846	 16.1s
Ep 558	 reward -10.461	 ms 146.4	 loss 0.199583	 15.8s
Ep 559	 reward -10.579	 ms 148.1	 loss 0.207675	 18.0s
Ep 560	 reward -10.525	 ms 147.3	 loss 0.214217	 17.2s
Ep 561	 reward -10.411	 ms 145.8	 loss -0.040883	 15.4s
Ep 562	 reward -10.382	 ms 145.3	 loss 0.054928	 17.2s
Ep 563	 reward -10.439	 ms 146.2	 loss -0.030833	 15.7s
Ep 564	 reward -10.396	 ms 145.6	 loss -0.013234	 15.6s
Ep 565	 reward -10.429	 ms 146.0	 loss -0.031036	 14.2s
Ep 566	 reward -10.482	 ms 146.8	 loss 0.065969	 17.5s
Ep 567	 reward -10.407	 ms 145.7	 loss 0.055190	 16.1s
Ep 568	 reward -10.389	 ms 145.4	 loss -0.120103	 19.5s
Ep 569	 reward -10.371	 ms 145.2	 loss 0.012393	 13.4s
Ep 570	 reward -10.357	 ms 145.0	 loss -0.034507	 17.6s
Ep 571	 reward -10.379	 ms 145.3	 loss -0.040327	 14.2s
Ep 572	 reward -10.450	 ms 146.3	 loss -0.001695	 15.5s
Ep 573	 reward -10.489	 ms 146.8	 loss -0.043037	 16.2s
Ep 574	 reward -10.457	 ms 146.4	 loss -0.029073	 17.9s
[vali @575] rel=0.7952 (best 0.7890)  W=148.2
Ep 575	 reward -10.450	 ms 146.3	 loss 0.054873	 26.5s
Ep 576	 reward -10.368	 ms 145.2	 loss 0.039943	 15.0s
Ep 577	 reward -10.507	 ms 147.1	 loss 0.028755	 14.7s
Ep 578	 reward -10.407	 ms 145.7	 loss -0.007109	 14.5s
Ep 579	 reward -10.354	 ms 144.9	 loss 0.030180	 17.3s
Ep 580	 reward -10.436	 ms 146.1	 loss 0.042309	 13.9s
Ep 581	 reward -10.450	 ms 146.3	 loss 0.121843	 17.6s
Ep 582	 reward -10.475	 ms 146.7	 loss 0.030555	 13.7s
Ep 583	 reward -10.596	 ms 148.3	 loss 0.175375	 17.5s
Ep 584	 reward -10.461	 ms 146.4	 loss 0.127139	 17.0s
Ep 585	 reward -10.579	 ms 148.1	 loss 0.056056	 16.9s
Ep 586	 reward -10.475	 ms 146.7	 loss 0.080475	 16.9s
Ep 587	 reward -10.479	 ms 146.7	 loss 0.186382	 12.6s
Ep 588	 reward -10.500	 ms 147.0	 loss 0.154173	 13.1s
Ep 589	 reward -10.429	 ms 146.0	 loss 0.027783	 12.7s
Ep 590	 reward -10.400	 ms 145.6	 loss 0.021250	 16.7s
Ep 591	 reward -10.493	 ms 146.9	 loss 0.122121	 14.2s
Ep 592	 reward -10.450	 ms 146.3	 loss 0.114620	 14.7s
Ep 593	 reward -10.371	 ms 145.2	 loss 0.099608	 12.3s
Ep 594	 reward -10.457	 ms 146.4	 loss 0.050330	 15.1s
Ep 595	 reward -10.475	 ms 146.7	 loss 0.145379	 12.5s
Ep 596	 reward -10.421	 ms 145.9	 loss 0.061433	 13.4s
Ep 597	 reward -10.421	 ms 145.9	 loss 0.113433	 15.9s
Ep 598	 reward -10.525	 ms 147.3	 loss 0.080078	 12.9s
Ep 599	 reward -10.421	 ms 145.9	 loss 0.178589	 15.5s
[vali @600] rel=0.7941 (best 0.7890)  W=147.9
Ep 600	 reward -10.550	 ms 147.7	 loss 0.039145	 24.8s
Ep 601	 reward -10.446	 ms 146.2	 loss 0.191164	 14.4s
Ep 602	 reward -10.504	 ms 147.1	 loss 0.095654	 14.0s
Ep 603	 reward -10.468	 ms 146.6	 loss 0.017796	 13.1s
Ep 604	 reward -10.400	 ms 145.6	 loss 0.002953	 14.6s
Ep 605	 reward -10.436	 ms 146.1	 loss 0.139943	 13.7s
Ep 606	 reward -10.504	 ms 147.1	 loss 0.164283	 14.9s
Ep 607	 reward -10.554	 ms 147.8	 loss 0.253753	 14.2s
Ep 608	 reward -10.468	 ms 146.6	 loss 0.206001	 14.0s
Ep 609	 reward -10.454	 ms 146.3	 loss 0.228850	 14.5s
Ep 610	 reward -10.504	 ms 147.1	 loss 0.153733	 14.9s
Ep 611	 reward -10.532	 ms 147.4	 loss 0.103406	 14.9s
Ep 612	 reward -10.482	 ms 146.8	 loss 0.141568	 12.5s
Ep 613	 reward -10.475	 ms 146.7	 loss 0.115465	 13.1s
Ep 614	 reward -10.454	 ms 146.3	 loss 0.117103	 12.9s
Ep 615	 reward -10.450	 ms 146.3	 loss 0.211565	 13.8s
Ep 616	 reward -10.429	 ms 146.0	 loss 0.142989	 14.1s
Ep 617	 reward -10.461	 ms 146.4	 loss 0.201215	 13.0s
Ep 618	 reward -10.479	 ms 146.7	 loss 0.108586	 15.0s
Ep 619	 reward -10.571	 ms 148.0	 loss 0.188153	 16.4s
Ep 620	 reward -10.489	 ms 146.8	 loss 0.179878	 12.8s
Ep 621	 reward -10.779	 ms 150.9	 loss 0.020739	 13.7s
Ep 622	 reward -10.846	 ms 151.8	 loss -0.001634	 11.7s
Ep 623	 reward -10.793	 ms 151.1	 loss -0.056604	 13.1s
Ep 624	 reward -10.718	 ms 150.1	 loss -0.071887	 13.6s
[vali @625] rel=0.7856 (best 0.7856)  W=146.3
Ep 625	 reward -10.807	 ms 151.3	 loss 0.017644	 25.6s
Ep 626	 reward -10.746	 ms 150.4	 loss 0.071336	 16.0s
Ep 627	 reward -10.682	 ms 149.6	 loss -0.060551	 15.4s
Ep 628	 reward -10.814	 ms 151.4	 loss -0.016476	 13.5s
Ep 629	 reward -10.743	 ms 150.4	 loss 0.090629	 15.3s
Ep 630	 reward -10.886	 ms 152.4	 loss -0.072126	 14.1s
Ep 631	 reward -10.825	 ms 151.6	 loss 0.051008	 14.6s
Ep 632	 reward -10.868	 ms 152.2	 loss -0.040004	 13.1s
Ep 633	 reward -10.975	 ms 153.7	 loss 0.033888	 12.3s
Ep 634	 reward -10.696	 ms 149.8	 loss -0.050205	 12.5s
Ep 635	 reward -10.818	 ms 151.4	 loss 0.005063	 13.2s
Ep 636	 reward -10.861	 ms 152.1	 loss 0.017298	 13.5s
Ep 637	 reward -10.843	 ms 151.8	 loss 0.126933	 12.9s
Ep 638	 reward -10.782	 ms 150.9	 loss 0.095692	 11.6s
Ep 639	 reward -10.725	 ms 150.2	 loss -0.026853	 13.5s
Ep 640	 reward -10.789	 ms 151.1	 loss 0.022064	 13.2s
Ep 641	 reward -10.746	 ms 150.4	 loss 0.006497	 16.8s
Ep 642	 reward -10.707	 ms 149.9	 loss 0.053955	 14.9s
Ep 643	 reward -10.689	 ms 149.7	 loss 0.075235	 14.8s
Ep 644	 reward -10.721	 ms 150.1	 loss 0.043428	 16.3s
Ep 645	 reward -10.875	 ms 152.2	 loss 0.033342	 16.6s
Ep 646	 reward -10.721	 ms 150.1	 loss 0.011561	 13.8s
Ep 647	 reward -10.721	 ms 150.1	 loss 0.111987	 15.8s
Ep 648	 reward -10.775	 ms 150.8	 loss -0.077160	 16.5s
Ep 649	 reward -10.664	 ms 149.3	 loss -0.033986	 17.2s
[vali @650] rel=0.7907 (best 0.7856)  W=147.3
Ep 650	 reward -10.707	 ms 149.9	 loss -0.051846	 25.6s
Ep 651	 reward -10.779	 ms 150.9	 loss 0.010247	 14.1s
Ep 652	 reward -10.775	 ms 150.8	 loss -0.030086	 15.3s
Ep 653	 reward -10.657	 ms 149.2	 loss -0.089306	 15.3s
Ep 654	 reward -10.768	 ms 150.8	 loss 0.124930	 16.7s
Ep 655	 reward -10.704	 ms 149.8	 loss -0.056154	 15.2s
Ep 656	 reward -10.732	 ms 150.2	 loss -0.009310	 17.8s
Ep 657	 reward -10.732	 ms 150.2	 loss -0.021474	 14.1s
Ep 658	 reward -10.721	 ms 150.1	 loss -0.001916	 14.1s
Ep 659	 reward -10.625	 ms 148.8	 loss -0.029621	 16.1s
Ep 660	 reward -10.757	 ms 150.6	 loss -0.027393	 17.6s
Ep 661	 reward -10.571	 ms 148.0	 loss 0.235091	 16.7s
Ep 662	 reward -10.618	 ms 148.7	 loss 0.198723	 17.1s
Ep 663	 reward -10.600	 ms 148.4	 loss 0.198622	 15.6s
Ep 664	 reward -10.607	 ms 148.5	 loss 0.152551	 15.6s
Ep 665	 reward -10.575	 ms 148.1	 loss 0.125190	 12.4s
Ep 666	 reward -10.475	 ms 146.7	 loss 0.189777	 16.2s
Ep 667	 reward -10.414	 ms 145.8	 loss 0.143735	 13.5s
Ep 668	 reward -10.618	 ms 148.7	 loss 0.189467	 15.0s
Ep 669	 reward -10.557	 ms 147.8	 loss 0.241277	 15.7s
Ep 670	 reward -10.529	 ms 147.4	 loss 0.131913	 16.0s
Ep 671	 reward -10.464	 ms 146.5	 loss 0.212457	 14.9s
Ep 672	 reward -10.536	 ms 147.5	 loss 0.203501	 17.0s
Ep 673	 reward -10.600	 ms 148.4	 loss 0.173107	 17.7s
Ep 674	 reward -10.564	 ms 147.9	 loss 0.109269	 14.8s
[vali @675] rel=0.7872 (best 0.7856)  W=146.7
Ep 675	 reward -10.629	 ms 148.8	 loss 0.179718	 29.4s
Ep 676	 reward -10.468	 ms 146.6	 loss 0.114580	 17.3s
Ep 677	 reward -10.571	 ms 148.0	 loss 0.215038	 17.4s
Ep 678	 reward -10.493	 ms 146.9	 loss 0.157577	 18.5s
Ep 679	 reward -10.582	 ms 148.2	 loss 0.152425	 18.0s
Ep 680	 reward -10.582	 ms 148.2	 loss 0.096966	 18.1s
Ep 681	 reward -10.518	 ms 147.2	 loss -0.089595	 17.0s
Ep 682	 reward -10.743	 ms 150.4	 loss 0.007184	 15.6s
Ep 683	 reward -10.600	 ms 148.4	 loss 0.002940	 16.7s
Ep 684	 reward -10.625	 ms 148.8	 loss -0.010904	 17.9s
Ep 685	 reward -10.536	 ms 147.5	 loss -0.087538	 17.8s
Ep 686	 reward -10.614	 ms 148.6	 loss -0.008712	 16.8s
Ep 687	 reward -10.489	 ms 146.8	 loss -0.062711	 15.0s
Ep 688	 reward -10.496	 ms 146.9	 loss 0.088721	 17.2s
Ep 689	 reward -10.675	 ms 149.4	 loss -0.030663	 16.8s
Ep 690	 reward -10.618	 ms 148.7	 loss -0.076653	 16.6s
Ep 691	 reward -10.589	 ms 148.2	 loss -0.098788	 13.8s
Ep 692	 reward -10.411	 ms 145.8	 loss -0.037208	 18.4s
Ep 693	 reward -10.464	 ms 146.5	 loss -0.084321	 16.8s
Ep 694	 reward -10.596	 ms 148.3	 loss -0.027601	 15.6s
Ep 695	 reward -10.636	 ms 148.9	 loss -0.026829	 16.0s
Ep 696	 reward -10.539	 ms 147.6	 loss -0.079375	 15.9s
Ep 697	 reward -10.543	 ms 147.6	 loss 0.030374	 16.3s
Ep 698	 reward -10.536	 ms 147.5	 loss -0.090622	 18.1s
Ep 699	 reward -10.571	 ms 148.0	 loss -0.082007	 15.1s
[vali @700] rel=0.7982 (best 0.7856)  W=148.7
Ep 700	 reward -10.586	 ms 148.2	 loss -0.065567	 26.9s
Ep 701	 reward -10.586	 ms 148.2	 loss 0.139249	 16.4s
Ep 702	 reward -10.532	 ms 147.4	 loss 0.060210	 17.5s
Ep 703	 reward -10.589	 ms 148.2	 loss 0.064012	 16.3s
Ep 704	 reward -10.600	 ms 148.4	 loss 0.183501	 14.4s
Ep 705	 reward -10.679	 ms 149.5	 loss 0.025535	 16.1s
Ep 706	 reward -10.664	 ms 149.3	 loss 0.102915	 16.4s
Ep 707	 reward -10.571	 ms 148.0	 loss 0.042138	 16.6s
Ep 708	 reward -10.629	 ms 148.8	 loss 0.070962	 14.0s
Ep 709	 reward -10.664	 ms 149.3	 loss 0.121865	 16.7s
Ep 710	 reward -10.682	 ms 149.6	 loss 0.084223	 16.2s
Ep 711	 reward -10.614	 ms 148.6	 loss 0.192128	 17.0s
Ep 712	 reward -10.682	 ms 149.6	 loss 0.103229	 17.5s
Ep 713	 reward -10.643	 ms 149.0	 loss 0.091121	 16.0s
Ep 714	 reward -10.589	 ms 148.2	 loss 0.012194	 13.1s
Ep 715	 reward -10.704	 ms 149.8	 loss 0.083729	 15.9s
Ep 716	 reward -10.593	 ms 148.3	 loss 0.095751	 16.7s
Ep 717	 reward -10.636	 ms 148.9	 loss -0.005456	 18.2s
Ep 718	 reward -10.589	 ms 148.2	 loss 0.117489	 18.1s
Ep 719	 reward -10.643	 ms 149.0	 loss 0.041085	 17.1s
Ep 720	 reward -10.693	 ms 149.7	 loss 0.056520	 18.6s
Ep 721	 reward -10.589	 ms 148.2	 loss -0.056769	 16.8s
Ep 722	 reward -10.614	 ms 148.6	 loss -0.130822	 16.6s
Ep 723	 reward -10.711	 ms 149.9	 loss -0.111617	 16.5s
Ep 724	 reward -10.529	 ms 147.4	 loss -0.109628	 14.9s
[vali @725] rel=0.8025 (best 0.7856)  W=149.5
Ep 725	 reward -10.625	 ms 148.8	 loss -0.117078	 29.9s
Ep 726	 reward -10.714	 ms 150.0	 loss -0.068368	 15.3s
Ep 727	 reward -10.504	 ms 147.1	 loss -0.096937	 17.4s
Ep 728	 reward -10.564	 ms 147.9	 loss -0.141975	 17.3s
Ep 729	 reward -10.596	 ms 148.3	 loss -0.047653	 17.6s
Ep 730	 reward -10.543	 ms 147.6	 loss -0.114095	 17.9s
Ep 731	 reward -10.629	 ms 148.8	 loss -0.058274	 15.4s
Ep 732	 reward -10.621	 ms 148.7	 loss -0.071083	 16.3s
Ep 733	 reward -10.739	 ms 150.3	 loss -0.045927	 14.1s
Ep 734	 reward -10.650	 ms 149.1	 loss -0.086341	 15.6s
Ep 735	 reward -10.539	 ms 147.6	 loss -0.069558	 16.9s
Ep 736	 reward -10.596	 ms 148.3	 loss -0.132362	 17.2s
Ep 737	 reward -10.589	 ms 148.2	 loss -0.115721	 15.8s
Ep 738	 reward -10.536	 ms 147.5	 loss -0.007485	 15.8s
Ep 739	 reward -10.607	 ms 148.5	 loss -0.057150	 17.1s
Ep 740	 reward -10.614	 ms 148.6	 loss -0.074110	 15.3s
Ep 741	 reward -10.632	 ms 148.8	 loss 0.275604	 17.0s
Ep 742	 reward -10.311	 ms 144.3	 loss 0.272815	 15.9s
Ep 743	 reward -10.450	 ms 146.3	 loss 0.159063	 19.2s
Ep 744	 reward -10.636	 ms 148.9	 loss 0.240583	 16.1s
Ep 745	 reward -10.529	 ms 147.4	 loss 0.224389	 16.5s
Ep 746	 reward -10.579	 ms 148.1	 loss 0.138338	 18.4s
Ep 747	 reward -10.521	 ms 147.3	 loss 0.226967	 13.7s
Ep 748	 reward -10.393	 ms 145.5	 loss 0.161680	 17.1s
Ep 749	 reward -10.532	 ms 147.4	 loss 0.216253	 15.9s
[vali @750] rel=0.7933 (best 0.7856)  W=147.8
Ep 750	 reward -10.489	 ms 146.8	 loss 0.216614	 24.0s
Ep 751	 reward -10.536	 ms 147.5	 loss 0.188756	 15.7s
Ep 752	 reward -10.539	 ms 147.6	 loss 0.235190	 18.7s
Ep 753	 reward -10.518	 ms 147.2	 loss 0.106969	 17.5s
Ep 754	 reward -10.457	 ms 146.4	 loss 0.205923	 15.2s
Ep 755	 reward -10.507	 ms 147.1	 loss 0.163535	 17.6s
Ep 756	 reward -10.368	 ms 145.2	 loss 0.137347	 14.8s
Ep 757	 reward -10.521	 ms 147.3	 loss 0.193467	 15.3s
Ep 758	 reward -10.464	 ms 146.5	 loss 0.156871	 16.7s
Ep 759	 reward -10.511	 ms 147.2	 loss 0.163910	 18.7s
Ep 760	 reward -10.414	 ms 145.8	 loss 0.166911	 16.6s
Ep 761	 reward -10.625	 ms 148.8	 loss 0.241848	 16.7s
Ep 762	 reward -10.589	 ms 148.2	 loss 0.040571	 14.3s
Ep 763	 reward -10.618	 ms 148.7	 loss 0.235148	 16.3s
Ep 764	 reward -10.579	 ms 148.1	 loss -0.026770	 16.3s
Ep 765	 reward -10.661	 ms 149.2	 loss 0.080121	 16.8s
Ep 766	 reward -10.571	 ms 148.0	 loss 0.134489	 14.7s
Ep 767	 reward -10.675	 ms 149.4	 loss 0.023848	 15.2s
Ep 768	 reward -10.629	 ms 148.8	 loss 0.051765	 18.1s
Ep 769	 reward -10.675	 ms 149.4	 loss 0.179964	 14.2s
Ep 770	 reward -10.682	 ms 149.6	 loss 0.221031	 14.6s
Ep 771	 reward -10.704	 ms 149.8	 loss 0.201339	 19.3s
Ep 772	 reward -10.550	 ms 147.7	 loss 0.150980	 14.4s
Ep 773	 reward -10.671	 ms 149.4	 loss 0.212509	 18.3s
Ep 774	 reward -10.589	 ms 148.2	 loss 0.236074	 16.1s
[vali @775] rel=0.7982 (best 0.7856)  W=148.7
Ep 775	 reward -10.539	 ms 147.6	 loss 0.182831	 27.3s
Ep 776	 reward -10.614	 ms 148.6	 loss 0.194673	 14.5s
Ep 777	 reward -10.536	 ms 147.5	 loss 0.036156	 17.1s
Ep 778	 reward -10.607	 ms 148.5	 loss 0.034513	 16.7s
Ep 779	 reward -10.564	 ms 147.9	 loss 0.134922	 14.9s
Ep 780	 reward -10.564	 ms 147.9	 loss -0.061728	 15.9s
Ep 781	 reward -10.550	 ms 147.7	 loss 0.195518	 15.0s
Ep 782	 reward -10.479	 ms 146.7	 loss 0.169365	 15.5s
Ep 783	 reward -10.571	 ms 148.0	 loss 0.142630	 15.2s
Ep 784	 reward -10.554	 ms 147.8	 loss 0.136853	 13.0s
Ep 785	 reward -10.532	 ms 147.4	 loss 0.185049	 13.7s
Ep 786	 reward -10.504	 ms 147.1	 loss 0.186326	 11.6s
Ep 787	 reward -10.614	 ms 148.6	 loss 0.164677	 17.1s
Ep 788	 reward -10.489	 ms 146.8	 loss 0.073523	 12.2s
Ep 789	 reward -10.521	 ms 147.3	 loss 0.172300	 14.3s
Ep 790	 reward -10.432	 ms 146.1	 loss 0.120912	 13.9s
Ep 791	 reward -10.557	 ms 147.8	 loss 0.126311	 15.9s
Ep 792	 reward -10.493	 ms 146.9	 loss 0.147409	 13.8s
Ep 793	 reward -10.518	 ms 147.2	 loss 0.168315	 14.2s
Ep 794	 reward -10.486	 ms 146.8	 loss 0.162818	 14.4s
Ep 795	 reward -10.482	 ms 146.8	 loss 0.134117	 15.4s
Ep 796	 reward -10.421	 ms 145.9	 loss 0.144719	 13.8s
Ep 797	 reward -10.436	 ms 146.1	 loss 0.168214	 15.3s
Ep 798	 reward -10.418	 ms 145.8	 loss 0.188144	 15.5s
Ep 799	 reward -10.486	 ms 146.8	 loss 0.185073	 14.2s
[vali @800] rel=0.7950 (best 0.7856)  W=148.1
Ep 800	 reward -10.454	 ms 146.3	 loss 0.174611	 24.0s
Ep 801	 reward -10.689	 ms 149.7	 loss 0.241318	 14.8s
Ep 802	 reward -10.568	 ms 147.9	 loss 0.225377	 15.5s
Ep 803	 reward -10.646	 ms 149.1	 loss 0.007580	 14.1s
Ep 804	 reward -10.486	 ms 146.8	 loss 0.057712	 13.8s
Ep 805	 reward -10.686	 ms 149.6	 loss 0.255379	 15.8s
Ep 806	 reward -10.554	 ms 147.8	 loss 0.009109	 15.1s
Ep 807	 reward -10.557	 ms 147.8	 loss -0.049905	 13.8s
Ep 808	 reward -10.604	 ms 148.4	 loss -0.016193	 14.3s
Ep 809	 reward -10.561	 ms 147.8	 loss 0.082060	 14.3s
Ep 810	 reward -10.493	 ms 146.9	 loss -0.045834	 14.8s
Ep 811	 reward -10.550	 ms 147.7	 loss 0.107701	 15.6s
Ep 812	 reward -10.579	 ms 148.1	 loss 0.249491	 16.6s
Ep 813	 reward -10.536	 ms 147.5	 loss 0.012889	 14.1s
Ep 814	 reward -10.568	 ms 147.9	 loss 0.031356	 15.1s
Ep 815	 reward -10.632	 ms 148.8	 loss 0.109724	 13.7s
Ep 816	 reward -10.582	 ms 148.2	 loss 0.048159	 13.8s
Ep 817	 reward -10.539	 ms 147.6	 loss 0.044693	 12.1s
Ep 818	 reward -10.579	 ms 148.1	 loss 0.251167	 14.9s
Ep 819	 reward -10.586	 ms 148.2	 loss 0.243131	 15.6s
Ep 820	 reward -10.586	 ms 148.2	 loss -0.059375	 13.5s
Ep 821	 reward -10.511	 ms 147.2	 loss -0.105877	 16.8s
Ep 822	 reward -10.532	 ms 147.4	 loss -0.077022	 14.6s
Ep 823	 reward -10.525	 ms 147.3	 loss -0.014028	 15.2s
Ep 824	 reward -10.679	 ms 149.5	 loss 0.181465	 14.1s
[vali @825] rel=0.7831 (best 0.7831)  W=145.9
Ep 825	 reward -10.646	 ms 149.1	 loss -0.077536	 23.5s
Ep 826	 reward -10.704	 ms 149.8	 loss 0.102422	 15.7s
Ep 827	 reward -10.636	 ms 148.9	 loss -0.027492	 13.7s
Ep 828	 reward -10.568	 ms 147.9	 loss 0.004244	 17.5s
Ep 829	 reward -10.646	 ms 149.1	 loss -0.015880	 14.3s
Ep 830	 reward -10.543	 ms 147.6	 loss -0.057645	 14.2s
Ep 831	 reward -10.582	 ms 148.2	 loss -0.013135	 14.0s
Ep 832	 reward -10.504	 ms 147.1	 loss -0.067878	 15.0s
Ep 833	 reward -10.575	 ms 148.1	 loss 0.123948	 13.8s
Ep 834	 reward -10.636	 ms 148.9	 loss 0.091111	 13.5s
Ep 835	 reward -10.650	 ms 149.1	 loss -0.079818	 16.0s
Ep 836	 reward -10.500	 ms 147.0	 loss -0.064832	 14.2s
Ep 837	 reward -10.550	 ms 147.7	 loss -0.054574	 13.2s
Ep 838	 reward -10.561	 ms 147.8	 loss 0.094520	 13.9s
Ep 839	 reward -10.593	 ms 148.3	 loss 0.002180	 15.4s
Ep 840	 reward -10.604	 ms 148.4	 loss -0.046057	 15.8s
Ep 841	 reward -10.596	 ms 148.3	 loss -0.041792	 13.5s
Ep 842	 reward -10.636	 ms 148.9	 loss 0.150418	 14.9s
Ep 843	 reward -10.643	 ms 149.0	 loss -0.041697	 14.5s
Ep 844	 reward -10.668	 ms 149.3	 loss 0.077876	 14.3s
Ep 845	 reward -10.686	 ms 149.6	 loss 0.036540	 13.6s
Ep 846	 reward -10.593	 ms 148.3	 loss 0.079444	 14.3s
Ep 847	 reward -10.668	 ms 149.3	 loss 0.004736	 14.6s
Ep 848	 reward -10.686	 ms 149.6	 loss 0.031817	 14.9s
Ep 849	 reward -10.664	 ms 149.3	 loss -0.005880	 12.5s
[vali @850] rel=0.7917 (best 0.7831)  W=147.5
Ep 850	 reward -10.657	 ms 149.2	 loss -0.015847	 26.7s
Ep 851	 reward -10.632	 ms 148.8	 loss -0.019671	 13.5s
Ep 852	 reward -10.518	 ms 147.2	 loss -0.037659	 12.4s
Ep 853	 reward -10.654	 ms 149.2	 loss 0.017608	 12.7s
Ep 854	 reward -10.757	 ms 150.6	 loss -0.059168	 13.3s
Ep 855	 reward -10.611	 ms 148.6	 loss -0.024581	 11.4s
Ep 856	 reward -10.714	 ms 150.0	 loss 0.128654	 12.1s
Ep 857	 reward -10.686	 ms 149.6	 loss -0.039297	 11.6s
Ep 858	 reward -10.793	 ms 151.1	 loss 0.143914	 11.4s
Ep 859	 reward -10.700	 ms 149.8	 loss -0.045882	 11.5s
Ep 860	 reward -10.675	 ms 149.4	 loss 0.017267	 11.1s
Ep 861	 reward -10.714	 ms 150.0	 loss 0.117832	 11.2s
Ep 862	 reward -10.579	 ms 148.1	 loss 0.150832	 10.6s
Ep 863	 reward -10.743	 ms 150.4	 loss 0.031345	 11.3s
Ep 864	 reward -10.711	 ms 149.9	 loss -0.039034	 11.3s
Ep 865	 reward -10.721	 ms 150.1	 loss -0.097713	 11.6s
Ep 866	 reward -10.661	 ms 149.2	 loss 0.106343	 11.7s
Ep 867	 reward -10.671	 ms 149.4	 loss 0.057076	 11.8s
Ep 868	 reward -10.621	 ms 148.7	 loss 0.073004	 11.6s
Ep 869	 reward -10.714	 ms 150.0	 loss 0.058339	 12.0s
Ep 870	 reward -10.707	 ms 149.9	 loss 0.066195	 11.4s
Ep 871	 reward -10.786	 ms 151.0	 loss 0.122502	 11.7s
Ep 872	 reward -10.679	 ms 149.5	 loss 0.075181	 11.7s
Ep 873	 reward -10.643	 ms 149.0	 loss -0.045378	 11.4s
Ep 874	 reward -10.529	 ms 147.4	 loss 0.031745	 11.9s
[vali @875] rel=0.7925 (best 0.7831)  W=147.7
Ep 875	 reward -10.654	 ms 149.2	 loss 0.148192	 17.5s
Ep 876	 reward -10.689	 ms 149.7	 loss 0.067562	 11.3s
Ep 877	 reward -10.593	 ms 148.3	 loss 0.066153	 11.6s
Ep 878	 reward -10.629	 ms 148.8	 loss 0.072340	 11.6s
Ep 879	 reward -10.575	 ms 148.1	 loss 0.067395	 11.9s
Ep 880	 reward -10.629	 ms 148.8	 loss 0.098710	 11.3s
Ep 881	 reward -10.736	 ms 150.3	 loss 0.187440	 12.5s
Ep 882	 reward -10.689	 ms 149.7	 loss 0.141641	 11.4s
Ep 883	 reward -10.679	 ms 149.5	 loss 0.086452	 11.5s
Ep 884	 reward -10.757	 ms 150.6	 loss 0.198383	 13.1s
Ep 885	 reward -10.654	 ms 149.2	 loss 0.052687	 11.6s
Ep 886	 reward -10.829	 ms 151.6	 loss 0.106746	 12.0s
Ep 887	 reward -10.675	 ms 149.4	 loss 0.106159	 11.2s
Ep 888	 reward -10.657	 ms 149.2	 loss 0.156896	 11.4s
Ep 889	 reward -10.768	 ms 150.8	 loss 0.181809	 11.5s
Ep 890	 reward -10.739	 ms 150.3	 loss 0.118520	 11.7s
Ep 891	 reward -10.664	 ms 149.3	 loss 0.089396	 12.1s
Ep 892	 reward -10.693	 ms 149.7	 loss 0.142402	 11.5s
Ep 893	 reward -10.614	 ms 148.6	 loss 0.047908	 12.4s
Ep 894	 reward -10.729	 ms 150.2	 loss 0.104450	 11.8s
Ep 895	 reward -10.654	 ms 149.2	 loss -0.026073	 12.2s
Ep 896	 reward -10.621	 ms 148.7	 loss 0.002010	 11.9s
Ep 897	 reward -10.686	 ms 149.6	 loss 0.120135	 12.2s
Ep 898	 reward -10.682	 ms 149.6	 loss 0.018494	 12.2s
Ep 899	 reward -10.693	 ms 149.7	 loss 0.112519	 11.8s
[vali @900] rel=0.7909 (best 0.7831)  W=147.3
Ep 900	 reward -10.604	 ms 148.4	 loss -0.019865	 19.4s
Ep 901	 reward -10.446	 ms 146.2	 loss 0.078656	 11.0s
Ep 902	 reward -10.436	 ms 146.1	 loss 0.111283	 11.7s
Ep 903	 reward -10.375	 ms 145.2	 loss 0.082500	 11.7s
Ep 904	 reward -10.443	 ms 146.2	 loss 0.204655	 12.0s
Ep 905	 reward -10.418	 ms 145.8	 loss 0.157569	 11.6s
Ep 906	 reward -10.432	 ms 146.1	 loss 0.053837	 11.5s
Ep 907	 reward -10.375	 ms 145.2	 loss 0.013873	 11.7s
Ep 908	 reward -10.371	 ms 145.2	 loss 0.051884	 11.8s
Ep 909	 reward -10.425	 ms 145.9	 loss 0.128431	 11.7s
Ep 910	 reward -10.404	 ms 145.7	 loss 0.186981	 11.6s
Ep 911	 reward -10.454	 ms 146.3	 loss 0.082437	 11.8s
Ep 912	 reward -10.454	 ms 146.3	 loss -0.002750	 11.9s
Ep 913	 reward -10.482	 ms 146.8	 loss 0.035748	 12.6s
Ep 914	 reward -10.461	 ms 146.4	 loss 0.089226	 11.2s
Ep 915	 reward -10.436	 ms 146.1	 loss 0.093120	 12.0s
Ep 916	 reward -10.450	 ms 146.3	 loss 0.111714	 12.1s
Ep 917	 reward -10.471	 ms 146.6	 loss -0.014844	 11.4s
Ep 918	 reward -10.482	 ms 146.8	 loss 0.160945	 12.2s
Ep 919	 reward -10.529	 ms 147.4	 loss 0.076241	 11.7s
Ep 920	 reward -10.436	 ms 146.1	 loss 0.005259	 12.2s
Ep 921	 reward -10.546	 ms 147.7	 loss 0.192083	 12.0s
Ep 922	 reward -10.529	 ms 147.4	 loss 0.066674	 11.9s
Ep 923	 reward -10.646	 ms 149.1	 loss 0.111523	 11.7s
Ep 924	 reward -10.757	 ms 150.6	 loss 0.126140	 11.9s
[vali @925] rel=0.7888 (best 0.7831)  W=146.9
Ep 925	 reward -10.554	 ms 147.8	 loss 0.128770	 20.2s
Ep 926	 reward -10.743	 ms 150.4	 loss 0.207075	 11.5s
Ep 927	 reward -10.614	 ms 148.6	 loss 0.121334	 11.5s
Ep 928	 reward -10.689	 ms 149.7	 loss 0.114133	 11.7s
Ep 929	 reward -10.607	 ms 148.5	 loss 0.124237	 11.8s
Ep 930	 reward -10.682	 ms 149.6	 loss 0.097622	 11.9s
Ep 931	 reward -10.489	 ms 146.8	 loss 0.146836	 11.7s
Ep 932	 reward -10.550	 ms 147.7	 loss 0.130208	 11.6s
Ep 933	 reward -10.657	 ms 149.2	 loss 0.141826	 11.3s
Ep 934	 reward -10.639	 ms 148.9	 loss 0.157277	 11.6s
Ep 935	 reward -10.700	 ms 149.8	 loss 0.241205	 11.3s
Ep 936	 reward -10.621	 ms 148.7	 loss 0.202736	 11.5s
Ep 937	 reward -10.793	 ms 151.1	 loss 0.188643	 11.4s
Ep 938	 reward -10.639	 ms 148.9	 loss 0.084201	 11.9s
Ep 939	 reward -10.639	 ms 148.9	 loss 0.175202	 12.3s
Ep 940	 reward -10.579	 ms 148.1	 loss 0.089691	 12.2s
Ep 941	 reward -10.814	 ms 151.4	 loss 0.149119	 12.3s
Ep 942	 reward -10.739	 ms 150.3	 loss 0.010768	 12.0s
Ep 943	 reward -10.636	 ms 148.9	 loss 0.135865	 12.7s
Ep 944	 reward -10.754	 ms 150.6	 loss 0.095526	 12.1s
Ep 945	 reward -10.693	 ms 149.7	 loss 0.046925	 12.0s
Ep 946	 reward -10.779	 ms 150.9	 loss -0.030395	 12.9s
Ep 947	 reward -10.700	 ms 149.8	 loss -0.027277	 11.8s
Ep 948	 reward -10.721	 ms 150.1	 loss -0.052407	 11.8s
Ep 949	 reward -10.757	 ms 150.6	 loss 0.057301	 11.7s
[vali @950] rel=0.7907 (best 0.7831)  W=147.3
Ep 950	 reward -10.632	 ms 148.8	 loss 0.143199	 21.4s
Ep 951	 reward -10.693	 ms 149.7	 loss 0.015701	 12.4s
Ep 952	 reward -10.718	 ms 150.1	 loss -0.083399	 14.2s
Ep 953	 reward -10.657	 ms 149.2	 loss -0.033666	 12.4s
Ep 954	 reward -10.714	 ms 150.0	 loss 0.088858	 11.0s
Ep 955	 reward -10.743	 ms 150.4	 loss 0.165924	 11.8s
Ep 956	 reward -10.721	 ms 150.1	 loss 0.020807	 12.5s
Ep 957	 reward -10.657	 ms 149.2	 loss 0.024548	 11.1s
Ep 958	 reward -10.704	 ms 149.8	 loss 0.006342	 11.7s
Ep 959	 reward -10.714	 ms 150.0	 loss -0.054786	 12.2s
Ep 960	 reward -10.657	 ms 149.2	 loss -0.079072	 12.2s
Ep 961	 reward -10.596	 ms 148.3	 loss 0.050778	 12.9s
Ep 962	 reward -10.654	 ms 149.2	 loss 0.080032	 11.9s
Ep 963	 reward -10.629	 ms 148.8	 loss -0.126265	 12.8s
Ep 964	 reward -10.579	 ms 148.1	 loss -0.066674	 11.8s
Ep 965	 reward -10.664	 ms 149.3	 loss -0.082002	 13.6s
Ep 966	 reward -10.768	 ms 150.8	 loss 0.057723	 12.2s
Ep 967	 reward -10.546	 ms 147.7	 loss -0.085748	 11.6s
Ep 968	 reward -10.518	 ms 147.2	 loss -0.076960	 11.9s
Ep 969	 reward -10.664	 ms 149.3	 loss -0.087706	 11.6s
Ep 970	 reward -10.621	 ms 148.7	 loss -0.066353	 12.3s
Ep 971	 reward -10.518	 ms 147.2	 loss -0.108403	 12.3s
Ep 972	 reward -10.568	 ms 147.9	 loss -0.070245	 11.7s
Ep 973	 reward -10.532	 ms 147.4	 loss -0.095220	 11.1s
Ep 974	 reward -10.539	 ms 147.6	 loss -0.072459	 11.6s
[vali @975] rel=0.7869 (best 0.7831)  W=146.6
Ep 975	 reward -10.446	 ms 146.2	 loss -0.129014	 19.9s
Ep 976	 reward -10.521	 ms 147.3	 loss -0.075681	 11.3s
Ep 977	 reward -10.571	 ms 148.0	 loss -0.018154	 12.0s
Ep 978	 reward -10.521	 ms 147.3	 loss 0.052028	 11.6s
Ep 979	 reward -10.568	 ms 147.9	 loss -0.078579	 11.1s
Ep 980	 reward -10.625	 ms 148.8	 loss -0.118060	 11.9s
Ep 981	 reward -10.443	 ms 146.2	 loss 0.219195	 11.9s
Ep 982	 reward -10.464	 ms 146.5	 loss 0.045140	 11.7s
Ep 983	 reward -10.464	 ms 146.5	 loss 0.152333	 11.2s
Ep 984	 reward -10.396	 ms 145.6	 loss 0.097057	 11.5s
Ep 985	 reward -10.393	 ms 145.5	 loss 0.226289	 11.2s
Ep 986	 reward -10.368	 ms 145.2	 loss 0.115919	 10.3s
Ep 987	 reward -10.482	 ms 146.8	 loss 0.180575	 10.3s
Ep 988	 reward -10.429	 ms 146.0	 loss 0.086431	 10.4s
Ep 989	 reward -10.414	 ms 145.8	 loss 0.057860	 10.1s
Ep 990	 reward -10.436	 ms 146.1	 loss 0.048748	 10.1s
Ep 991	 reward -10.439	 ms 146.2	 loss -0.051559	 11.2s
Ep 992	 reward -10.436	 ms 146.1	 loss 0.020752	 10.6s
Ep 993	 reward -10.414	 ms 145.8	 loss 0.097022	 10.9s
Ep 994	 reward -10.336	 ms 144.7	 loss -0.017665	 11.0s
Ep 995	 reward -10.396	 ms 145.6	 loss 0.054972	 11.4s
Ep 996	 reward -10.318	 ms 144.4	 loss 0.122456	 11.5s
Ep 997	 reward -10.368	 ms 145.2	 loss 0.047034	 10.8s
Ep 998	 reward -10.429	 ms 146.0	 loss 0.066344	 10.8s
Ep 999	 reward -10.539	 ms 147.6	 loss 0.146767	 10.0s
[vali @1000] rel=0.7912 (best 0.7831)  W=147.4
Ep 1000	 reward -10.400	 ms 145.6	 loss 0.107428	 19.8s
[train_family] done in 3.86 h; best rel=0.7831
