[vali] MWKR norms: SW=278.1
[model] params total=32786  film=0 (0.00%)
[train_family] model=10x25+family+spec-SW-s303 regimes=['SW'] updates=1000
Ep 1	 reward -16.436	 ms 230.1	 loss 3.091161	 13.0s
Ep 2	 reward -16.339	 ms 228.8	 loss 2.383887	 10.9s
Ep 3	 reward -16.129	 ms 225.8	 loss 2.351524	 11.9s
Ep 4	 reward -16.236	 ms 227.3	 loss 2.766723	 12.2s
Ep 5	 reward -16.250	 ms 227.5	 loss 3.088003	 11.3s
Ep 6	 reward -16.193	 ms 226.7	 loss 2.854246	 12.1s
Ep 7	 reward -16.136	 ms 225.9	 loss 2.402799	 11.7s
Ep 8	 reward -16.368	 ms 229.2	 loss 2.050789	 11.6s
Ep 9	 reward -16.114	 ms 225.6	 loss 1.811097	 12.0s
Ep 10	 reward -16.307	 ms 228.3	 loss 1.496625	 11.9s
Ep 11	 reward -16.161	 ms 226.2	 loss 1.164430	 12.1s
Ep 12	 reward -16.086	 ms 225.2	 loss 1.037686	 12.0s
Ep 13	 reward -16.204	 ms 226.8	 loss 0.947577	 12.2s
Ep 14	 reward -16.364	 ms 229.1	 loss 0.918917	 12.0s
Ep 15	 reward -16.086	 ms 225.2	 loss 0.867031	 12.4s
Ep 16	 reward -16.121	 ms 225.7	 loss 0.668931	 11.5s
Ep 17	 reward -16.339	 ms 228.8	 loss 0.626361	 11.2s
Ep 18	 reward -16.186	 ms 226.6	 loss 0.565843	 10.6s
Ep 19	 reward -16.250	 ms 227.5	 loss 0.555304	 10.8s
Ep 20	 reward -16.111	 ms 225.6	 loss 0.547338	 11.0s
Ep 21	 reward -16.257	 ms 227.6	 loss 0.750980	 10.4s
Ep 22	 reward -16.225	 ms 227.2	 loss 0.675290	 10.5s
Ep 23	 reward -16.011	 ms 224.2	 loss 0.742726	 10.8s
Ep 24	 reward -16.314	 ms 228.4	 loss 0.780870	 10.7s
[vali @25] rel=0.7851 (best 0.7851)  SW=218.3
Ep 25	 reward -16.300	 ms 228.2	 loss 0.614619	 18.8s
Ep 26	 reward -16.232	 ms 227.2	 loss 0.490122	 12.4s
Ep 27	 reward -16.146	 ms 226.1	 loss 0.732061	 11.4s
Ep 28	 reward -16.218	 ms 227.1	 loss 0.575317	 11.0s
Ep 29	 reward -16.107	 ms 225.5	 loss 0.628292	 11.1s
Ep 30	 reward -16.104	 ms 225.4	 loss 0.561875	 10.7s
Ep 31	 reward -16.200	 ms 226.8	 loss 0.637760	 10.7s
Ep 32	 reward -16.186	 ms 226.6	 loss 0.538778	 11.1s
Ep 33	 reward -16.075	 ms 225.1	 loss 0.601853	 10.7s
Ep 34	 reward -16.196	 ms 226.8	 loss 0.580233	 10.9s
Ep 35	 reward -16.211	 ms 226.9	 loss 0.555616	 10.7s
Ep 36	 reward -16.218	 ms 227.1	 loss 0.604522	 10.7s
Ep 37	 reward -16.325	 ms 228.6	 loss 0.631794	 11.6s
Ep 38	 reward -16.339	 ms 228.8	 loss 0.688265	 11.4s
Ep 39	 reward -16.475	 ms 230.7	 loss 0.472089	 11.0s
Ep 40	 reward -16.268	 ms 227.8	 loss 0.439324	 11.5s
Ep 41	 reward -16.196	 ms 226.8	 loss 0.746740	 11.1s
Ep 42	 reward -16.121	 ms 225.7	 loss 0.664951	 11.2s
Ep 43	 reward -16.043	 ms 224.6	 loss 0.621740	 10.4s
Ep 44	 reward -16.271	 ms 227.8	 loss 0.609891	 10.8s
Ep 45	 reward -16.293	 ms 228.1	 loss 0.726635	 9.7s
Ep 46	 reward -16.411	 ms 229.8	 loss 0.712161	 10.0s
Ep 47	 reward -16.429	 ms 230.0	 loss 0.624040	 10.8s
Ep 48	 reward -16.339	 ms 228.8	 loss 0.441962	 10.9s
Ep 49	 reward -16.421	 ms 229.9	 loss 0.660391	 10.2s
[vali @50] rel=0.8173 (best 0.7851)  SW=227.3
Ep 50	 reward -16.579	 ms 232.1	 loss 0.566486	 16.0s
Ep 51	 reward -16.368	 ms 229.2	 loss 0.568626	 10.5s
Ep 52	 reward -16.254	 ms 227.6	 loss 0.616362	 11.0s
Ep 53	 reward -16.104	 ms 225.4	 loss 0.473016	 11.4s
Ep 54	 reward -16.400	 ms 229.6	 loss 0.400337	 11.1s
Ep 55	 reward -16.179	 ms 226.5	 loss 0.410758	 11.3s
Ep 56	 reward -16.286	 ms 228.0	 loss 0.532475	 11.1s
Ep 57	 reward -16.104	 ms 225.4	 loss 0.426442	 11.1s
Ep 58	 reward -16.336	 ms 228.7	 loss 0.397272	 10.7s
Ep 59	 reward -16.296	 ms 228.2	 loss 0.496958	 10.9s
Ep 60	 reward -16.275	 ms 227.8	 loss 0.476316	 11.4s
Ep 61	 reward -16.632	 ms 232.8	 loss 0.530094	 11.2s
Ep 62	 reward -16.600	 ms 232.4	 loss 0.526333	 11.0s
Ep 63	 reward -16.382	 ms 229.3	 loss 0.526341	 10.8s
Ep 64	 reward -16.421	 ms 229.9	 loss 0.314810	 11.3s
Ep 65	 reward -16.389	 ms 229.4	 loss 0.489923	 11.0s
Ep 66	 reward -16.371	 ms 229.2	 loss 0.435376	 11.3s
Ep 67	 reward -16.336	 ms 228.7	 loss 0.331774	 10.9s
Ep 68	 reward -16.521	 ms 231.3	 loss 0.331870	 11.1s
Ep 69	 reward -16.604	 ms 232.4	 loss 0.647883	 11.0s
Ep 70	 reward -16.421	 ms 229.9	 loss 0.614085	 10.8s
Ep 71	 reward -16.764	 ms 234.7	 loss 0.382122	 10.5s
Ep 72	 reward -16.418	 ms 229.8	 loss 0.399785	 10.6s
Ep 73	 reward -16.589	 ms 232.2	 loss 0.511487	 9.9s
Ep 74	 reward -16.743	 ms 234.4	 loss 0.510574	 9.9s
[vali @75] rel=0.8396 (best 0.7851)  SW=233.5
Ep 75	 reward -16.586	 ms 232.2	 loss 0.312978	 17.1s
Ep 76	 reward -16.596	 ms 232.3	 loss 0.482762	 10.8s
Ep 77	 reward -16.804	 ms 235.2	 loss 0.416180	 10.1s
Ep 78	 reward -16.775	 ms 234.8	 loss 0.364904	 10.1s
Ep 79	 reward -16.800	 ms 235.2	 loss 0.418860	 11.1s
Ep 80	 reward -16.682	 ms 233.6	 loss 0.483618	 10.9s
Ep 81	 reward -17.132	 ms 239.8	 loss 0.423961	 11.4s
Ep 82	 reward -16.939	 ms 237.2	 loss 0.357653	 11.3s
Ep 83	 reward -16.914	 ms 236.8	 loss 0.629996	 11.8s
Ep 84	 reward -16.646	 ms 233.1	 loss 0.469028	 11.6s
Ep 85	 reward -16.764	 ms 234.7	 loss 0.465884	 11.6s
Ep 86	 reward -16.571	 ms 232.0	 loss 0.576503	 11.6s
Ep 87	 reward -16.746	 ms 234.4	 loss 0.421672	 11.4s
Ep 88	 reward -16.768	 ms 234.8	 loss 0.335392	 11.3s
Ep 89	 reward -16.714	 ms 234.0	 loss 0.503860	 11.3s
Ep 90	 reward -16.725	 ms 234.2	 loss 0.439182	 11.0s
Ep 91	 reward -16.636	 ms 232.9	 loss 0.413284	 11.6s
Ep 92	 reward -16.757	 ms 234.6	 loss 0.479129	 11.6s
Ep 93	 reward -16.679	 ms 233.5	 loss 0.453857	 11.1s
Ep 94	 reward -16.718	 ms 234.1	 loss 0.336397	 11.8s
Ep 95	 reward -16.593	 ms 232.3	 loss 0.590578	 11.0s
Ep 96	 reward -16.614	 ms 232.6	 loss 0.426460	 11.1s
Ep 97	 reward -16.600	 ms 232.4	 loss 0.345784	 11.1s
Ep 98	 reward -16.789	 ms 235.1	 loss 0.532532	 11.4s
Ep 99	 reward -16.714	 ms 234.0	 loss 0.464575	 10.8s
[vali @100] rel=0.8173 (best 0.7851)  SW=227.3
Ep 100	 reward -16.796	 ms 235.2	 loss 0.447477	 17.1s
Ep 101	 reward -16.439	 ms 230.2	 loss 0.291176	 10.2s
Ep 102	 reward -16.421	 ms 229.9	 loss 0.329750	 10.6s
Ep 103	 reward -16.475	 ms 230.7	 loss 0.334936	 10.9s
Ep 104	 reward -16.675	 ms 233.4	 loss 0.409480	 10.8s
Ep 105	 reward -16.575	 ms 232.1	 loss 0.369719	 10.6s
Ep 106	 reward -16.489	 ms 230.8	 loss 0.531075	 10.5s
Ep 107	 reward -16.689	 ms 233.7	 loss 0.356101	 10.3s
Ep 108	 reward -16.521	 ms 231.3	 loss 0.415434	 11.1s
Ep 109	 reward -16.679	 ms 233.5	 loss 0.376361	 10.8s
Ep 110	 reward -16.607	 ms 232.5	 loss 0.372297	 11.6s
Ep 111	 reward -16.554	 ms 231.8	 loss 0.375794	 11.6s
Ep 112	 reward -16.693	 ms 233.7	 loss 0.476734	 11.6s
Ep 113	 reward -16.368	 ms 229.2	 loss 0.443889	 11.6s
Ep 114	 reward -16.543	 ms 231.6	 loss 0.473308	 11.4s
Ep 115	 reward -16.568	 ms 231.9	 loss 0.345580	 12.0s
Ep 116	 reward -16.407	 ms 229.7	 loss 0.385080	 12.1s
Ep 117	 reward -16.225	 ms 227.2	 loss 0.351955	 11.9s
Ep 118	 reward -16.318	 ms 228.4	 loss 0.315806	 12.0s
Ep 119	 reward -16.100	 ms 225.4	 loss 0.246309	 11.9s
Ep 120	 reward -16.204	 ms 226.8	 loss 0.386717	 11.4s
Ep 121	 reward -16.261	 ms 227.7	 loss 0.312188	 11.2s
Ep 122	 reward -16.368	 ms 229.2	 loss 0.387106	 11.8s
Ep 123	 reward -16.329	 ms 228.6	 loss 0.282656	 11.8s
Ep 124	 reward -16.393	 ms 229.5	 loss 0.372021	 11.7s
[vali @125] rel=0.7877 (best 0.7851)  SW=219.1
Ep 125	 reward -16.246	 ms 227.4	 loss 0.393424	 19.6s
Ep 126	 reward -16.296	 ms 228.2	 loss 0.325225	 11.3s
Ep 127	 reward -16.314	 ms 228.4	 loss 0.275428	 11.6s
Ep 128	 reward -16.357	 ms 229.0	 loss 0.419451	 11.2s
Ep 129	 reward -16.250	 ms 227.5	 loss 0.341038	 10.8s
Ep 130	 reward -16.325	 ms 228.6	 loss 0.361469	 10.4s
Ep 131	 reward -16.418	 ms 229.8	 loss 0.438034	 11.3s
Ep 132	 reward -16.586	 ms 232.2	 loss 0.260362	 10.4s
Ep 133	 reward -16.304	 ms 228.2	 loss 0.365324	 11.2s
Ep 134	 reward -16.429	 ms 230.0	 loss 0.392644	 10.6s
Ep 135	 reward -16.464	 ms 230.5	 loss 0.362771	 10.8s
Ep 136	 reward -16.500	 ms 231.0	 loss 0.487040	 11.0s
Ep 137	 reward -16.286	 ms 228.0	 loss 0.303788	 11.2s
Ep 138	 reward -16.300	 ms 228.2	 loss 0.278462	 11.7s
Ep 139	 reward -16.386	 ms 229.4	 loss 0.422781	 11.2s
Ep 140	 reward -16.343	 ms 228.8	 loss 0.222927	 11.3s
Ep 141	 reward -16.586	 ms 232.2	 loss 0.381443	 11.2s
Ep 142	 reward -16.714	 ms 234.0	 loss 0.344034	 11.2s
Ep 143	 reward -16.457	 ms 230.4	 loss 0.298783	 11.2s
Ep 144	 reward -16.579	 ms 232.1	 loss 0.252058	 11.3s
Ep 145	 reward -16.414	 ms 229.8	 loss 0.219945	 11.4s
Ep 146	 reward -16.421	 ms 229.9	 loss 0.276905	 10.3s
Ep 147	 reward -16.500	 ms 231.0	 loss 0.279387	 11.3s
Ep 148	 reward -16.546	 ms 231.7	 loss 0.269994	 11.0s
Ep 149	 reward -16.361	 ms 229.1	 loss 0.253654	 11.1s
[vali @150] rel=0.7789 (best 0.7789)  SW=216.6
Ep 150	 reward -16.550	 ms 231.7	 loss 0.214643	 18.3s
Ep 151	 reward -16.371	 ms 229.2	 loss 0.194595	 11.5s
Ep 152	 reward -16.311	 ms 228.3	 loss 0.253749	 11.5s
Ep 153	 reward -16.400	 ms 229.6	 loss 0.253150	 11.7s
Ep 154	 reward -16.371	 ms 229.2	 loss 0.217126	 11.3s
Ep 155	 reward -16.250	 ms 227.5	 loss 0.265468	 11.2s
Ep 156	 reward -16.511	 ms 231.2	 loss 0.202387	 11.2s
Ep 157	 reward -16.271	 ms 227.8	 loss 0.253949	 11.0s
Ep 158	 reward -16.543	 ms 231.6	 loss 0.229668	 10.8s
Ep 159	 reward -16.361	 ms 229.1	 loss 0.188714	 11.3s
Ep 160	 reward -16.396	 ms 229.6	 loss 0.297589	 11.2s
Ep 161	 reward -16.079	 ms 225.1	 loss 0.399888	 10.3s
Ep 162	 reward -16.196	 ms 226.8	 loss 0.250616	 11.2s
Ep 163	 reward -16.168	 ms 226.3	 loss 0.277430	 10.8s
Ep 164	 reward -15.939	 ms 223.2	 loss 0.224721	 10.7s
Ep 165	 reward -16.239	 ms 227.3	 loss 0.394956	 10.8s
Ep 166	 reward -16.093	 ms 225.3	 loss 0.228544	 10.9s
Ep 167	 reward -15.993	 ms 223.9	 loss 0.333058	 11.7s
Ep 168	 reward -16.075	 ms 225.1	 loss 0.330893	 11.6s
Ep 169	 reward -16.089	 ms 225.2	 loss 0.249360	 11.7s
Ep 170	 reward -16.229	 ms 227.2	 loss 0.230951	 11.1s
Ep 171	 reward -16.193	 ms 226.7	 loss 0.319659	 11.0s
Ep 172	 reward -16.075	 ms 225.1	 loss 0.201028	 11.8s
Ep 173	 reward -16.293	 ms 228.1	 loss 0.269772	 11.6s
Ep 174	 reward -16.171	 ms 226.4	 loss 0.230817	 11.0s
[vali @175] rel=0.8040 (best 0.7789)  SW=223.6
Ep 175	 reward -16.179	 ms 226.5	 loss 0.394842	 19.7s
Ep 176	 reward -16.093	 ms 225.3	 loss 0.161858	 12.1s
Ep 177	 reward -16.193	 ms 226.7	 loss 0.328816	 11.4s
Ep 178	 reward -16.125	 ms 225.8	 loss 0.330204	 11.6s
Ep 179	 reward -16.136	 ms 225.9	 loss 0.248155	 11.9s
Ep 180	 reward -16.232	 ms 227.2	 loss 0.256567	 11.7s
Ep 181	 reward -16.407	 ms 229.7	 loss 0.395001	 11.6s
Ep 182	 reward -16.400	 ms 229.6	 loss 0.423375	 11.7s
Ep 183	 reward -16.475	 ms 230.7	 loss 0.464579	 11.8s
Ep 184	 reward -16.536	 ms 231.5	 loss 0.497104	 10.8s
Ep 185	 reward -16.332	 ms 228.7	 loss 0.447851	 11.0s
Ep 186	 reward -16.500	 ms 231.0	 loss 0.488422	 10.8s
Ep 187	 reward -16.525	 ms 231.3	 loss 0.429476	 11.0s
Ep 188	 reward -16.371	 ms 229.2	 loss 0.461318	 11.0s
Ep 189	 reward -16.518	 ms 231.2	 loss 0.413608	 10.6s
Ep 190	 reward -16.236	 ms 227.3	 loss 0.446222	 10.5s
Ep 191	 reward -16.489	 ms 230.8	 loss 0.464136	 11.2s
Ep 192	 reward -16.461	 ms 230.4	 loss 0.289722	 10.7s
Ep 193	 reward -16.275	 ms 227.8	 loss 0.384556	 11.5s
Ep 194	 reward -16.421	 ms 229.9	 loss 0.397286	 11.4s
Ep 195	 reward -16.418	 ms 229.8	 loss 0.437846	 10.7s
Ep 196	 reward -16.371	 ms 229.2	 loss 0.400491	 11.8s
Ep 197	 reward -16.289	 ms 228.1	 loss 0.394833	 11.3s
Ep 198	 reward -16.429	 ms 230.0	 loss 0.429015	 11.9s
Ep 199	 reward -16.261	 ms 227.7	 loss 0.308023	 11.5s
[vali @200] rel=0.7916 (best 0.7789)  SW=220.2
Ep 200	 reward -16.486	 ms 230.8	 loss 0.378186	 19.7s
Ep 201	 reward -15.836	 ms 221.7	 loss 0.319653	 11.8s
Ep 202	 reward -15.979	 ms 223.7	 loss 0.349051	 11.6s
Ep 203	 reward -15.825	 ms 221.6	 loss 0.206598	 11.5s
Ep 204	 reward -15.896	 ms 222.6	 loss 0.169974	 11.7s
Ep 205	 reward -15.954	 ms 223.3	 loss 0.094702	 11.9s
Ep 206	 reward -15.864	 ms 222.1	 loss 0.154999	 11.8s
Ep 207	 reward -15.743	 ms 220.4	 loss 0.288579	 11.2s
Ep 208	 reward -15.714	 ms 220.0	 loss 0.185925	 11.5s
Ep 209	 reward -15.814	 ms 221.4	 loss 0.225022	 12.6s
Ep 210	 reward -15.864	 ms 222.1	 loss 0.222909	 11.7s
Ep 211	 reward -15.796	 ms 221.2	 loss 0.124118	 11.6s
Ep 212	 reward -15.657	 ms 219.2	 loss 0.291787	 11.4s
Ep 213	 reward -15.721	 ms 220.1	 loss 0.060875	 12.2s
Ep 214	 reward -15.786	 ms 221.0	 loss 0.322266	 11.3s
Ep 215	 reward -15.904	 ms 222.7	 loss 0.046695	 10.8s
Ep 216	 reward -15.618	 ms 218.7	 loss 0.124468	 10.6s
Ep 217	 reward -15.686	 ms 219.6	 loss 0.192048	 10.4s
Ep 218	 reward -15.957	 ms 223.4	 loss 0.158049	 10.7s
Ep 219	 reward -15.743	 ms 220.4	 loss 0.215022	 11.5s
Ep 220	 reward -15.743	 ms 220.4	 loss 0.233333	 10.6s
Ep 221	 reward -15.818	 ms 221.4	 loss 0.395932	 11.1s
Ep 222	 reward -15.918	 ms 222.8	 loss 0.583592	 11.2s
Ep 223	 reward -15.900	 ms 222.6	 loss 0.500070	 11.3s
Ep 224	 reward -15.693	 ms 219.7	 loss 0.380094	 11.1s
[vali @225] rel=0.7756 (best 0.7756)  SW=215.7
Ep 225	 reward -15.811	 ms 221.3	 loss 0.399543	 18.8s
Ep 226	 reward -15.739	 ms 220.3	 loss 0.340085	 11.4s
Ep 227	 reward -15.796	 ms 221.2	 loss 0.260461	 11.8s
Ep 228	 reward -15.882	 ms 222.3	 loss 0.392998	 11.4s
Ep 229	 reward -15.907	 ms 222.7	 loss 0.420379	 11.6s
Ep 230	 reward -15.671	 ms 219.4	 loss 0.291832	 11.8s
Ep 231	 reward -15.936	 ms 223.1	 loss 0.419457	 11.5s
Ep 232	 reward -15.814	 ms 221.4	 loss 0.304509	 11.4s
Ep 233	 reward -15.896	 ms 222.6	 loss 0.487338	 11.9s
Ep 234	 reward -15.904	 ms 222.7	 loss 0.344435	 11.9s
Ep 235	 reward -15.907	 ms 222.7	 loss 0.319988	 11.8s
Ep 236	 reward -16.025	 ms 224.3	 loss 0.401604	 11.7s
Ep 237	 reward -15.793	 ms 221.1	 loss 0.331140	 11.7s
Ep 238	 reward -15.857	 ms 222.0	 loss 0.482449	 12.1s
Ep 239	 reward -15.886	 ms 222.4	 loss 0.368693	 11.5s
Ep 240	 reward -15.804	 ms 221.2	 loss 0.364867	 11.7s
Ep 241	 reward -16.168	 ms 226.3	 loss 0.240489	 10.8s
Ep 242	 reward -16.154	 ms 226.2	 loss 0.251006	 10.9s
Ep 243	 reward -16.314	 ms 228.4	 loss 0.226500	 11.3s
Ep 244	 reward -16.246	 ms 227.4	 loss 0.221113	 11.0s
Ep 245	 reward -16.325	 ms 228.6	 loss 0.346945	 10.6s
Ep 246	 reward -16.100	 ms 225.4	 loss 0.251120	 11.4s
Ep 247	 reward -16.136	 ms 225.9	 loss 0.261071	 11.7s
Ep 248	 reward -16.168	 ms 226.3	 loss 0.215097	 10.7s
Ep 249	 reward -16.232	 ms 227.2	 loss 0.206480	 10.6s
[vali @250] rel=0.7758 (best 0.7756)  SW=215.8
Ep 250	 reward -16.236	 ms 227.3	 loss 0.336740	 18.3s
Ep 251	 reward -16.046	 ms 224.7	 loss 0.189595	 11.2s
Ep 252	 reward -16.082	 ms 225.2	 loss 0.275570	 11.0s
Ep 253	 reward -16.129	 ms 225.8	 loss 0.292791	 11.7s
Ep 254	 reward -16.089	 ms 225.2	 loss 0.303573	 11.4s
Ep 255	 reward -16.032	 ms 224.4	 loss 0.240623	 11.5s
Ep 256	 reward -16.225	 ms 227.2	 loss 0.270781	 11.8s
Ep 257	 reward -16.254	 ms 227.6	 loss 0.246745	 11.3s
Ep 258	 reward -16.121	 ms 225.7	 loss 0.247874	 11.3s
Ep 259	 reward -16.143	 ms 226.0	 loss 0.169870	 11.8s
Ep 260	 reward -15.993	 ms 223.9	 loss 0.254331	 11.6s
Ep 261	 reward -15.875	 ms 222.2	 loss 0.463582	 12.1s
Ep 262	 reward -16.025	 ms 224.3	 loss 0.425262	 11.9s
Ep 263	 reward -16.089	 ms 225.2	 loss 0.432234	 12.1s
Ep 264	 reward -15.989	 ms 223.8	 loss 0.251380	 11.8s
Ep 265	 reward -15.914	 ms 222.8	 loss 0.227639	 11.6s
Ep 266	 reward -15.986	 ms 223.8	 loss 0.243788	 12.4s
Ep 267	 reward -16.071	 ms 225.0	 loss 0.245541	 11.7s
Ep 268	 reward -16.018	 ms 224.2	 loss 0.166489	 11.7s
Ep 269	 reward -15.918	 ms 222.8	 loss 0.143237	 11.7s
Ep 270	 reward -15.939	 ms 223.2	 loss 0.305892	 10.7s
Ep 271	 reward -15.879	 ms 222.3	 loss 0.100913	 12.6s
Ep 272	 reward -16.021	 ms 224.3	 loss 0.198250	 11.4s
Ep 273	 reward -15.943	 ms 223.2	 loss 0.379921	 10.7s
Ep 274	 reward -15.979	 ms 223.7	 loss 0.146189	 10.3s
[vali @275] rel=0.7783 (best 0.7756)  SW=216.4
Ep 275	 reward -15.932	 ms 223.1	 loss 0.275182	 18.2s
Ep 276	 reward -15.921	 ms 222.9	 loss 0.386584	 11.3s
Ep 277	 reward -16.018	 ms 224.2	 loss 0.107107	 10.6s
Ep 278	 reward -15.857	 ms 222.0	 loss 0.171718	 10.5s
Ep 279	 reward -15.907	 ms 222.7	 loss 0.290755	 12.1s
Ep 280	 reward -16.082	 ms 225.2	 loss 0.140295	 11.7s
Ep 281	 reward -15.496	 ms 216.9	 loss 0.346338	 11.8s
Ep 282	 reward -15.439	 ms 216.2	 loss 0.373688	 11.4s
Ep 283	 reward -15.614	 ms 218.6	 loss 0.284175	 11.8s
Ep 284	 reward -15.507	 ms 217.1	 loss 0.364143	 11.6s
Ep 285	 reward -15.479	 ms 216.7	 loss 0.296769	 12.2s
Ep 286	 reward -15.621	 ms 218.7	 loss 0.333246	 11.5s
Ep 287	 reward -15.457	 ms 216.4	 loss 0.334716	 11.6s
Ep 288	 reward -15.618	 ms 218.7	 loss 0.416100	 11.8s
Ep 289	 reward -15.511	 ms 217.2	 loss 0.259383	 11.6s
Ep 290	 reward -15.543	 ms 217.6	 loss 0.415800	 11.8s
Ep 291	 reward -15.686	 ms 219.6	 loss 0.386367	 11.4s
Ep 292	 reward -15.539	 ms 217.6	 loss 0.447138	 11.8s
Ep 293	 reward -15.396	 ms 215.6	 loss 0.312504	 11.6s
Ep 294	 reward -15.614	 ms 218.6	 loss 0.454201	 11.8s
Ep 295	 reward -15.625	 ms 218.8	 loss 0.410482	 11.2s
Ep 296	 reward -15.411	 ms 215.8	 loss 0.322814	 11.8s
Ep 297	 reward -15.557	 ms 217.8	 loss 0.373832	 11.4s
Ep 298	 reward -15.496	 ms 216.9	 loss 0.304177	 11.4s
Ep 299	 reward -15.468	 ms 216.6	 loss 0.334203	 11.1s
[vali @300] rel=0.7753 (best 0.7753)  SW=215.6
Ep 300	 reward -15.482	 ms 216.8	 loss 0.349744	 18.8s
Ep 301	 reward -15.646	 ms 219.1	 loss 0.227899	 10.7s
Ep 302	 reward -15.675	 ms 219.4	 loss 0.133736	 10.8s
Ep 303	 reward -15.836	 ms 221.7	 loss 0.221675	 10.5s
Ep 304	 reward -15.786	 ms 221.0	 loss 0.293721	 10.6s
Ep 305	 reward -15.682	 ms 219.6	 loss 0.310299	 11.9s
Ep 306	 reward -15.632	 ms 218.8	 loss 0.243339	 10.8s
Ep 307	 reward -15.711	 ms 219.9	 loss 0.258369	 11.5s
Ep 308	 reward -15.696	 ms 219.8	 loss 0.239648	 10.9s
Ep 309	 reward -15.725	 ms 220.2	 loss 0.321439	 11.1s
Ep 310	 reward -15.689	 ms 219.7	 loss 0.231025	 12.5s
Ep 311	 reward -15.618	 ms 218.7	 loss 0.198110	 11.6s
Ep 312	 reward -15.607	 ms 218.5	 loss 0.313634	 11.4s
Ep 313	 reward -15.689	 ms 219.7	 loss 0.242153	 11.6s
Ep 314	 reward -15.618	 ms 218.7	 loss 0.333996	 12.2s
Ep 315	 reward -15.518	 ms 217.2	 loss 0.349925	 11.5s
Ep 316	 reward -15.732	 ms 220.2	 loss 0.255252	 12.1s
Ep 317	 reward -15.714	 ms 220.0	 loss 0.377300	 11.8s
Ep 318	 reward -15.686	 ms 219.6	 loss 0.177012	 12.0s
Ep 319	 reward -15.714	 ms 220.0	 loss 0.234000	 12.1s
Ep 320	 reward -15.568	 ms 217.9	 loss 0.064599	 11.4s
Ep 321	 reward -15.696	 ms 219.8	 loss 0.124992	 12.3s
Ep 322	 reward -15.532	 ms 217.4	 loss 0.095499	 12.3s
Ep 323	 reward -15.632	 ms 218.8	 loss 0.088618	 11.8s
Ep 324	 reward -15.646	 ms 219.1	 loss 0.101848	 11.7s
[vali @325] rel=0.7839 (best 0.7753)  SW=218.0
Ep 325	 reward -15.725	 ms 220.2	 loss 0.067870	 18.9s
Ep 326	 reward -15.782	 ms 220.9	 loss 0.163416	 12.5s
Ep 327	 reward -15.521	 ms 217.3	 loss 0.122472	 11.3s
Ep 328	 reward -15.689	 ms 219.7	 loss 0.073511	 11.0s
Ep 329	 reward -15.739	 ms 220.3	 loss 0.183251	 12.1s
Ep 330	 reward -15.529	 ms 217.4	 loss 0.082238	 11.2s
Ep 331	 reward -15.682	 ms 219.6	 loss 0.143955	 10.8s
Ep 332	 reward -15.539	 ms 217.6	 loss 0.185128	 9.9s
Ep 333	 reward -15.611	 ms 218.6	 loss 0.104987	 12.0s
Ep 334	 reward -15.546	 ms 217.7	 loss 0.116553	 11.3s
Ep 335	 reward -15.582	 ms 218.2	 loss 0.129957	 10.8s
Ep 336	 reward -15.561	 ms 217.8	 loss 0.094594	 11.0s
Ep 337	 reward -15.511	 ms 217.2	 loss 0.111350	 11.2s
Ep 338	 reward -15.568	 ms 217.9	 loss 0.085688	 11.6s
Ep 339	 reward -15.639	 ms 218.9	 loss 0.045010	 12.0s
Ep 340	 reward -15.657	 ms 219.2	 loss 0.168279	 11.6s
Ep 341	 reward -16.096	 ms 225.3	 loss 0.344852	 11.9s
Ep 342	 reward -16.011	 ms 224.2	 loss 0.363994	 11.7s
Ep 343	 reward -16.007	 ms 224.1	 loss 0.245581	 12.0s
Ep 344	 reward -15.996	 ms 223.9	 loss 0.361732	 11.8s
Ep 345	 reward -15.904	 ms 222.7	 loss 0.409240	 11.6s
Ep 346	 reward -16.029	 ms 224.4	 loss 0.171128	 12.0s
Ep 347	 reward -16.100	 ms 225.4	 loss 0.326325	 11.4s
Ep 348	 reward -16.129	 ms 225.8	 loss 0.238361	 11.7s
Ep 349	 reward -16.068	 ms 224.9	 loss 0.435999	 11.2s
[vali @350] rel=0.7776 (best 0.7753)  SW=216.2
Ep 350	 reward -15.961	 ms 223.4	 loss 0.263895	 19.4s
Ep 351	 reward -16.025	 ms 224.3	 loss 0.338885	 12.1s
Ep 352	 reward -15.932	 ms 223.1	 loss 0.313745	 11.6s
Ep 353	 reward -16.050	 ms 224.7	 loss 0.292417	 11.3s
Ep 354	 reward -15.993	 ms 223.9	 loss 0.158531	 11.6s
Ep 355	 reward -16.057	 ms 224.8	 loss 0.247712	 11.2s
Ep 356	 reward -16.050	 ms 224.7	 loss 0.208560	 10.9s
Ep 357	 reward -15.996	 ms 223.9	 loss 0.228445	 10.3s
Ep 358	 reward -15.982	 ms 223.8	 loss 0.295476	 10.8s
Ep 359	 reward -15.936	 ms 223.1	 loss 0.331914	 11.1s
Ep 360	 reward -16.000	 ms 224.0	 loss 0.344365	 10.7s
Ep 361	 reward -15.871	 ms 222.2	 loss 0.167045	 11.5s
Ep 362	 reward -15.768	 ms 220.8	 loss 0.155319	 11.2s
Ep 363	 reward -15.746	 ms 220.4	 loss 0.262557	 10.9s
Ep 364	 reward -15.971	 ms 223.6	 loss 0.149229	 11.1s
Ep 365	 reward -15.907	 ms 222.7	 loss 0.198463	 11.1s
Ep 366	 reward -15.918	 ms 222.8	 loss 0.158946	 11.6s
Ep 367	 reward -15.864	 ms 222.1	 loss 0.205280	 11.3s
Ep 368	 reward -15.996	 ms 223.9	 loss 0.184447	 11.7s
Ep 369	 reward -15.832	 ms 221.7	 loss 0.075941	 11.2s
Ep 370	 reward -15.957	 ms 223.4	 loss 0.287272	 11.5s
Ep 371	 reward -15.782	 ms 220.9	 loss 0.318083	 11.4s
Ep 372	 reward -15.896	 ms 222.6	 loss 0.121894	 12.1s
Ep 373	 reward -15.804	 ms 221.2	 loss 0.073426	 11.6s
Ep 374	 reward -15.864	 ms 222.1	 loss 0.176837	 11.4s
[vali @375] rel=0.7823 (best 0.7753)  SW=217.6
Ep 375	 reward -15.739	 ms 220.3	 loss 0.063108	 19.8s
Ep 376	 reward -15.821	 ms 221.5	 loss 0.218130	 12.2s
Ep 377	 reward -15.896	 ms 222.6	 loss 0.245624	 11.6s
Ep 378	 reward -15.843	 ms 221.8	 loss 0.127692	 11.3s
Ep 379	 reward -15.836	 ms 221.7	 loss 0.100012	 12.0s
Ep 380	 reward -15.871	 ms 222.2	 loss 0.121877	 11.9s
Ep 381	 reward -15.807	 ms 221.3	 loss 0.444153	 11.6s
Ep 382	 reward -15.814	 ms 221.4	 loss 0.339215	 11.8s
Ep 383	 reward -15.714	 ms 220.0	 loss 0.346158	 11.4s
Ep 384	 reward -15.843	 ms 221.8	 loss 0.306214	 11.4s
Ep 385	 reward -15.932	 ms 223.1	 loss 0.434084	 11.9s
Ep 386	 reward -15.721	 ms 220.1	 loss 0.365318	 10.6s
Ep 387	 reward -15.607	 ms 218.5	 loss 0.396738	 11.7s
Ep 388	 reward -15.825	 ms 221.6	 loss 0.445579	 11.1s
Ep 389	 reward -15.807	 ms 221.3	 loss 0.307568	 10.7s
Ep 390	 reward -15.864	 ms 222.1	 loss 0.319230	 10.8s
Ep 391	 reward -15.982	 ms 223.8	 loss 0.417927	 10.9s
Ep 392	 reward -15.882	 ms 222.3	 loss 0.264766	 10.7s
Ep 393	 reward -15.829	 ms 221.6	 loss 0.422215	 11.0s
Ep 394	 reward -15.843	 ms 221.8	 loss 0.421112	 11.3s
Ep 395	 reward -15.871	 ms 222.2	 loss 0.342203	 11.1s
Ep 396	 reward -15.686	 ms 219.6	 loss 0.324104	 11.7s
Ep 397	 reward -15.743	 ms 220.4	 loss 0.322904	 12.3s
Ep 398	 reward -15.861	 ms 222.1	 loss 0.358317	 11.7s
Ep 399	 reward -15.636	 ms 218.9	 loss 0.272757	 11.8s
[vali @400] rel=0.7868 (best 0.7753)  SW=218.8
Ep 400	 reward -15.718	 ms 220.1	 loss 0.358502	 19.4s
Ep 401	 reward -15.836	 ms 221.7	 loss 0.323594	 11.4s
Ep 402	 reward -15.811	 ms 221.3	 loss 0.258437	 11.4s
Ep 403	 reward -15.682	 ms 219.6	 loss 0.103701	 11.8s
Ep 404	 reward -15.696	 ms 219.8	 loss 0.152264	 11.7s
Ep 405	 reward -15.779	 ms 220.9	 loss 0.162375	 12.4s
Ep 406	 reward -15.886	 ms 222.4	 loss 0.227851	 11.6s
Ep 407	 reward -15.793	 ms 221.1	 loss 0.087407	 11.2s
Ep 408	 reward -15.800	 ms 221.2	 loss 0.120314	 11.7s
Ep 409	 reward -15.918	 ms 222.8	 loss 0.176724	 12.2s
Ep 410	 reward -15.857	 ms 222.0	 loss 0.251540	 11.8s
Ep 411	 reward -15.829	 ms 221.6	 loss 0.185739	 11.6s
Ep 412	 reward -15.821	 ms 221.5	 loss 0.205057	 11.5s
Ep 413	 reward -15.904	 ms 222.7	 loss 0.066191	 11.7s
Ep 414	 reward -15.857	 ms 222.0	 loss 0.202627	 11.5s
Ep 415	 reward -15.868	 ms 222.2	 loss 0.107859	 10.9s
Ep 416	 reward -15.804	 ms 221.2	 loss 0.257513	 10.6s
Ep 417	 reward -15.836	 ms 221.7	 loss 0.266401	 11.2s
Ep 418	 reward -15.714	 ms 220.0	 loss 0.315111	 10.8s
Ep 419	 reward -15.800	 ms 221.2	 loss 0.198770	 10.6s
Ep 420	 reward -15.764	 ms 220.7	 loss 0.232323	 11.1s
Ep 421	 reward -16.000	 ms 224.0	 loss 0.329776	 11.3s
Ep 422	 reward -15.739	 ms 220.3	 loss 0.076035	 11.4s
Ep 423	 reward -15.811	 ms 221.3	 loss 0.115060	 11.4s
Ep 424	 reward -16.007	 ms 224.1	 loss 0.103073	 11.1s
[vali @425] rel=0.7848 (best 0.7753)  SW=218.2
Ep 425	 reward -15.900	 ms 222.6	 loss 0.120615	 19.4s
Ep 426	 reward -15.943	 ms 223.2	 loss 0.140670	 11.3s
Ep 427	 reward -15.929	 ms 223.0	 loss 0.233240	 11.8s
Ep 428	 reward -15.871	 ms 222.2	 loss 0.093014	 12.0s
Ep 429	 reward -15.964	 ms 223.5	 loss 0.177445	 11.8s
Ep 430	 reward -15.836	 ms 221.7	 loss 0.072218	 12.2s
Ep 431	 reward -15.882	 ms 222.3	 loss 0.231847	 11.6s
Ep 432	 reward -16.082	 ms 225.2	 loss 0.066499	 11.1s
Ep 433	 reward -15.989	 ms 223.8	 loss 0.068091	 11.8s
Ep 434	 reward -15.857	 ms 222.0	 loss 0.055281	 12.1s
Ep 435	 reward -15.957	 ms 223.4	 loss 0.275022	 12.0s
Ep 436	 reward -15.871	 ms 222.2	 loss 0.204078	 11.7s
Ep 437	 reward -15.886	 ms 222.4	 loss 0.165051	 11.9s
Ep 438	 reward -15.843	 ms 221.8	 loss 0.076651	 12.7s
Ep 439	 reward -15.996	 ms 223.9	 loss 0.072934	 11.7s
Ep 440	 reward -15.882	 ms 222.3	 loss 0.179382	 11.3s
Ep 441	 reward -15.964	 ms 223.5	 loss 0.077746	 11.2s
Ep 442	 reward -16.161	 ms 226.2	 loss 0.130369	 11.3s
Ep 443	 reward -16.064	 ms 224.9	 loss 0.075407	 10.9s
Ep 444	 reward -15.925	 ms 222.9	 loss 0.050145	 10.7s
Ep 445	 reward -16.071	 ms 225.0	 loss 0.265060	 11.1s
Ep 446	 reward -15.907	 ms 222.7	 loss 0.089920	 10.9s
Ep 447	 reward -16.068	 ms 224.9	 loss 0.131075	 11.0s
Ep 448	 reward -16.046	 ms 224.7	 loss 0.127113	 11.0s
Ep 449	 reward -15.979	 ms 223.7	 loss 0.078447	 11.1s
[vali @450] rel=0.7916 (best 0.7753)  SW=220.2
Ep 450	 reward -16.129	 ms 225.8	 loss 0.104130	 18.4s
Ep 451	 reward -15.775	 ms 220.8	 loss 0.027650	 11.6s
Ep 452	 reward -15.914	 ms 222.8	 loss 0.160004	 10.9s
Ep 453	 reward -16.025	 ms 224.3	 loss 0.125660	 11.8s
Ep 454	 reward -16.018	 ms 224.2	 loss 0.209816	 12.1s
Ep 455	 reward -16.057	 ms 224.8	 loss 0.020406	 11.4s
Ep 456	 reward -15.993	 ms 223.9	 loss 0.138302	 12.3s
Ep 457	 reward -15.975	 ms 223.7	 loss 0.095175	 11.1s
Ep 458	 reward -15.939	 ms 223.2	 loss 0.114512	 11.7s
Ep 459	 reward -15.986	 ms 223.8	 loss 0.128359	 12.3s
Ep 460	 reward -16.075	 ms 225.1	 loss 0.010158	 11.7s
Ep 461	 reward -15.996	 ms 223.9	 loss 0.160006	 11.7s
Ep 462	 reward -15.893	 ms 222.5	 loss 0.095492	 12.0s
Ep 463	 reward -15.946	 ms 223.2	 loss 0.182052	 12.4s
Ep 464	 reward -16.032	 ms 224.4	 loss 0.159169	 11.6s
Ep 465	 reward -16.082	 ms 225.2	 loss 0.240081	 11.7s
Ep 466	 reward -16.018	 ms 224.2	 loss 0.185302	 11.6s
Ep 467	 reward -15.986	 ms 223.8	 loss 0.148342	 12.0s
Ep 468	 reward -16.154	 ms 226.2	 loss 0.216561	 11.6s
Ep 469	 reward -16.107	 ms 225.5	 loss 0.174461	 11.4s
Ep 470	 reward -16.157	 ms 226.2	 loss 0.107597	 11.5s
Ep 471	 reward -15.957	 ms 223.4	 loss 0.163750	 11.4s
Ep 472	 reward -15.850	 ms 221.9	 loss 0.190714	 11.3s
Ep 473	 reward -16.014	 ms 224.2	 loss 0.218003	 10.1s
Ep 474	 reward -16.150	 ms 226.1	 loss 0.263309	 10.8s
[vali @475] rel=0.7968 (best 0.7753)  SW=221.6
Ep 475	 reward -16.007	 ms 224.1	 loss 0.031707	 13.1s
Ep 476	 reward -15.925	 ms 222.9	 loss 0.219872	 7.6s
Ep 477	 reward -16.139	 ms 225.9	 loss 0.122696	 7.3s
Ep 478	 reward -16.096	 ms 225.3	 loss 0.102210	 7.5s
Ep 479	 reward -16.043	 ms 224.6	 loss 0.157778	 7.6s
Ep 480	 reward -16.000	 ms 224.0	 loss 0.056063	 7.3s
Ep 481	 reward -15.846	 ms 221.8	 loss 0.359747	 7.8s
Ep 482	 reward -15.746	 ms 220.4	 loss 0.273260	 7.7s
Ep 483	 reward -15.636	 ms 218.9	 loss 0.192584	 7.6s
Ep 484	 reward -15.546	 ms 217.7	 loss 0.117877	 8.0s
Ep 485	 reward -15.793	 ms 221.1	 loss 0.180876	 9.1s
Ep 486	 reward -15.764	 ms 220.7	 loss 0.299879	 9.0s
Ep 487	 reward -15.764	 ms 220.7	 loss 0.195315	 8.4s
Ep 488	 reward -15.829	 ms 221.6	 loss 0.280189	 9.0s
Ep 489	 reward -15.836	 ms 221.7	 loss 0.086440	 9.1s
Ep 490	 reward -15.707	 ms 219.9	 loss 0.125881	 10.3s
Ep 491	 reward -15.750	 ms 220.5	 loss 0.211753	 10.6s
Ep 492	 reward -15.811	 ms 221.3	 loss 0.111495	 10.0s
Ep 493	 reward -15.800	 ms 221.2	 loss 0.077388	 10.8s
Ep 494	 reward -15.857	 ms 222.0	 loss 0.076971	 9.8s
Ep 495	 reward -15.854	 ms 221.9	 loss 0.075909	 10.7s
Ep 496	 reward -15.714	 ms 220.0	 loss 0.207816	 11.1s
Ep 497	 reward -15.807	 ms 221.3	 loss 0.106190	 10.9s
Ep 498	 reward -15.725	 ms 220.2	 loss 0.205645	 10.6s
Ep 499	 reward -15.696	 ms 219.8	 loss 0.124504	 11.3s
[vali @500] rel=0.7891 (best 0.7753)  SW=219.4
Ep 500	 reward -15.789	 ms 221.1	 loss 0.128812	 19.1s
Ep 501	 reward -15.946	 ms 223.2	 loss 0.355614	 12.1s
Ep 502	 reward -15.996	 ms 223.9	 loss 0.350572	 11.2s
Ep 503	 reward -16.004	 ms 224.1	 loss 0.432513	 11.0s
Ep 504	 reward -16.121	 ms 225.7	 loss 0.551268	 11.7s
Ep 505	 reward -16.086	 ms 225.2	 loss 0.269427	 12.1s
Ep 506	 reward -15.925	 ms 222.9	 loss 0.387164	 12.1s
Ep 507	 reward -16.132	 ms 225.8	 loss 0.296427	 12.3s
Ep 508	 reward -16.132	 ms 225.8	 loss 0.544649	 11.9s
Ep 509	 reward -15.939	 ms 223.2	 loss 0.398340	 11.9s
Ep 510	 reward -15.971	 ms 223.6	 loss 0.530964	 11.7s
Ep 511	 reward -16.068	 ms 224.9	 loss 0.406094	 11.6s
Ep 512	 reward -16.011	 ms 224.2	 loss 0.329093	 11.4s
Ep 513	 reward -16.150	 ms 226.1	 loss 0.394097	 11.0s
Ep 514	 reward -16.150	 ms 226.1	 loss 0.443919	 12.3s
Ep 515	 reward -15.975	 ms 223.7	 loss 0.377265	 11.3s
Ep 516	 reward -15.889	 ms 222.4	 loss 0.303887	 11.8s
Ep 517	 reward -15.868	 ms 222.2	 loss 0.332408	 11.8s
Ep 518	 reward -15.993	 ms 223.9	 loss 0.413243	 11.9s
Ep 519	 reward -15.996	 ms 223.9	 loss 0.392395	 11.6s
Ep 520	 reward -15.968	 ms 223.6	 loss 0.341545	 11.7s
Ep 521	 reward -15.729	 ms 220.2	 loss 0.302374	 12.0s
Ep 522	 reward -15.582	 ms 218.2	 loss 0.329486	 11.8s
Ep 523	 reward -15.743	 ms 220.4	 loss 0.331784	 10.8s
Ep 524	 reward -15.739	 ms 220.3	 loss 0.334267	 11.1s
[vali @525] rel=0.7803 (best 0.7753)  SW=217.0
Ep 525	 reward -15.775	 ms 220.8	 loss 0.306573	 19.1s
Ep 526	 reward -15.661	 ms 219.2	 loss 0.256240	 11.5s
Ep 527	 reward -15.796	 ms 221.2	 loss 0.289912	 11.3s
Ep 528	 reward -15.789	 ms 221.1	 loss 0.233042	 11.4s
Ep 529	 reward -15.729	 ms 220.2	 loss 0.276665	 11.5s
Ep 530	 reward -15.593	 ms 218.3	 loss 0.259281	 11.8s
Ep 531	 reward -15.879	 ms 222.3	 loss 0.307762	 11.3s
Ep 532	 reward -15.814	 ms 221.4	 loss 0.298850	 11.2s
Ep 533	 reward -15.671	 ms 219.4	 loss 0.239828	 11.9s
Ep 534	 reward -15.768	 ms 220.8	 loss 0.246884	 11.5s
Ep 535	 reward -15.686	 ms 219.6	 loss 0.308082	 11.5s
Ep 536	 reward -15.586	 ms 218.2	 loss 0.253551	 11.3s
Ep 537	 reward -15.682	 ms 219.6	 loss 0.268431	 11.0s
Ep 538	 reward -15.811	 ms 221.3	 loss 0.226322	 11.2s
Ep 539	 reward -15.636	 ms 218.9	 loss 0.270934	 11.4s
Ep 540	 reward -15.586	 ms 218.2	 loss 0.273861	 11.2s
Ep 541	 reward -15.882	 ms 222.3	 loss 0.252088	 11.5s
Ep 542	 reward -15.979	 ms 223.7	 loss 0.203865	 11.5s
Ep 543	 reward -15.900	 ms 222.6	 loss 0.177203	 11.4s
Ep 544	 reward -15.896	 ms 222.6	 loss 0.185682	 11.3s
Ep 545	 reward -15.854	 ms 221.9	 loss 0.114147	 11.8s
Ep 546	 reward -15.889	 ms 222.4	 loss 0.216038	 11.7s
Ep 547	 reward -15.946	 ms 223.2	 loss 0.229743	 11.5s
Ep 548	 reward -16.061	 ms 224.8	 loss 0.257767	 10.9s
Ep 549	 reward -15.807	 ms 221.3	 loss 0.240334	 11.0s
[vali @550] rel=0.7771 (best 0.7753)  SW=216.1
Ep 550	 reward -15.946	 ms 223.2	 loss 0.218145	 18.3s
Ep 551	 reward -15.882	 ms 222.3	 loss 0.259412	 11.4s
Ep 552	 reward -15.864	 ms 222.1	 loss 0.259174	 11.1s
Ep 553	 reward -15.907	 ms 222.7	 loss 0.121245	 11.9s
Ep 554	 reward -15.829	 ms 221.6	 loss 0.222897	 11.0s
Ep 555	 reward -16.004	 ms 224.1	 loss 0.151542	 11.5s
Ep 556	 reward -15.943	 ms 223.2	 loss 0.166846	 11.7s
Ep 557	 reward -15.868	 ms 222.2	 loss 0.181666	 11.9s
Ep 558	 reward -15.986	 ms 223.8	 loss 0.263260	 11.9s
Ep 559	 reward -16.004	 ms 224.1	 loss 0.269269	 12.1s
Ep 560	 reward -15.989	 ms 223.8	 loss 0.286919	 13.7s
Ep 561	 reward -15.979	 ms 223.7	 loss 0.239995	 12.4s
Ep 562	 reward -16.018	 ms 224.2	 loss 0.297828	 12.1s
Ep 563	 reward -15.904	 ms 222.7	 loss 0.297706	 12.0s
Ep 564	 reward -16.018	 ms 224.2	 loss 0.143050	 11.3s
Ep 565	 reward -16.046	 ms 224.7	 loss 0.238619	 11.2s
Ep 566	 reward -15.961	 ms 223.4	 loss 0.200623	 12.0s
Ep 567	 reward -16.046	 ms 224.7	 loss 0.233432	 12.7s
Ep 568	 reward -16.082	 ms 225.2	 loss 0.147718	 12.3s
Ep 569	 reward -15.979	 ms 223.7	 loss 0.088370	 11.2s
Ep 570	 reward -16.007	 ms 224.1	 loss 0.172787	 13.0s
Ep 571	 reward -16.075	 ms 225.1	 loss 0.204818	 11.8s
Ep 572	 reward -15.989	 ms 223.8	 loss 0.246886	 12.2s
Ep 573	 reward -16.179	 ms 226.5	 loss 0.312733	 12.4s
Ep 574	 reward -16.007	 ms 224.1	 loss 0.213411	 12.3s
[vali @575] rel=0.7781 (best 0.7753)  SW=216.4
Ep 575	 reward -15.929	 ms 223.0	 loss 0.125318	 19.9s
Ep 576	 reward -16.179	 ms 226.5	 loss 0.249696	 12.0s
Ep 577	 reward -15.925	 ms 222.9	 loss 0.118470	 12.8s
Ep 578	 reward -16.068	 ms 224.9	 loss 0.146027	 13.2s
Ep 579	 reward -16.139	 ms 225.9	 loss 0.247598	 11.4s
Ep 580	 reward -15.993	 ms 223.9	 loss 0.140850	 12.7s
Ep 581	 reward -15.904	 ms 222.7	 loss 0.204851	 11.7s
Ep 582	 reward -15.843	 ms 221.8	 loss 0.074348	 13.2s
Ep 583	 reward -15.843	 ms 221.8	 loss 0.144442	 11.9s
Ep 584	 reward -16.046	 ms 224.7	 loss 0.200911	 12.3s
Ep 585	 reward -15.886	 ms 222.4	 loss 0.112684	 11.7s
Ep 586	 reward -15.964	 ms 223.5	 loss 0.198125	 12.5s
Ep 587	 reward -15.925	 ms 222.9	 loss 0.218819	 12.5s
Ep 588	 reward -15.907	 ms 222.7	 loss 0.140254	 11.8s
Ep 589	 reward -15.961	 ms 223.4	 loss 0.136709	 12.3s
Ep 590	 reward -15.779	 ms 220.9	 loss 0.163716	 12.5s
Ep 591	 reward -15.932	 ms 223.1	 loss 0.216602	 11.7s
Ep 592	 reward -15.975	 ms 223.7	 loss 0.075431	 12.0s
Ep 593	 reward -15.882	 ms 222.3	 loss 0.166743	 12.0s
Ep 594	 reward -15.907	 ms 222.7	 loss 0.140286	 11.9s
Ep 595	 reward -15.929	 ms 223.0	 loss 0.275899	 12.4s
Ep 596	 reward -15.896	 ms 222.6	 loss 0.099808	 12.4s
Ep 597	 reward -15.925	 ms 222.9	 loss 0.142172	 11.5s
Ep 598	 reward -15.904	 ms 222.7	 loss 0.162643	 11.8s
Ep 599	 reward -15.889	 ms 222.4	 loss 0.060717	 13.3s
[vali @600] rel=0.7767 (best 0.7753)  SW=216.0
Ep 600	 reward -15.939	 ms 223.2	 loss 0.115942	 22.7s
Ep 601	 reward -16.382	 ms 229.3	 loss 0.243760	 11.4s
Ep 602	 reward -16.246	 ms 227.4	 loss 0.347237	 12.6s
Ep 603	 reward -16.329	 ms 228.6	 loss 0.381558	 12.8s
Ep 604	 reward -16.475	 ms 230.7	 loss 0.441169	 12.7s
Ep 605	 reward -16.296	 ms 228.2	 loss 0.276181	 12.6s
Ep 606	 reward -16.443	 ms 230.2	 loss 0.338736	 12.0s
Ep 607	 reward -16.171	 ms 226.4	 loss 0.259651	 13.2s
Ep 608	 reward -16.339	 ms 228.8	 loss 0.383626	 13.9s
Ep 609	 reward -16.236	 ms 227.3	 loss 0.286440	 12.7s
Ep 610	 reward -16.275	 ms 227.8	 loss 0.325192	 12.8s
Ep 611	 reward -16.368	 ms 229.2	 loss 0.267459	 13.3s
Ep 612	 reward -16.393	 ms 229.5	 loss 0.272635	 12.0s
Ep 613	 reward -16.271	 ms 227.8	 loss 0.146890	 11.6s
Ep 614	 reward -16.243	 ms 227.4	 loss 0.326855	 12.9s
Ep 615	 reward -16.257	 ms 227.6	 loss 0.258486	 12.9s
Ep 616	 reward -16.229	 ms 227.2	 loss 0.244331	 11.9s
Ep 617	 reward -16.250	 ms 227.5	 loss 0.197099	 11.9s
Ep 618	 reward -16.393	 ms 229.5	 loss 0.338976	 13.7s
Ep 619	 reward -16.182	 ms 226.6	 loss 0.238650	 12.8s
Ep 620	 reward -16.236	 ms 227.3	 loss 0.160389	 11.2s
Ep 621	 reward -15.654	 ms 219.2	 loss 0.238238	 12.3s
Ep 622	 reward -15.736	 ms 220.3	 loss 0.380261	 13.2s
Ep 623	 reward -15.557	 ms 217.8	 loss 0.303876	 13.0s
Ep 624	 reward -15.789	 ms 221.1	 loss 0.267074	 11.6s
[vali @625] rel=0.7805 (best 0.7753)  SW=217.1
Ep 625	 reward -15.536	 ms 217.5	 loss 0.375679	 21.8s
Ep 626	 reward -15.739	 ms 220.3	 loss 0.356722	 12.2s
Ep 627	 reward -15.496	 ms 216.9	 loss 0.233668	 13.6s
Ep 628	 reward -15.661	 ms 219.2	 loss 0.426848	 10.7s
Ep 629	 reward -15.589	 ms 218.2	 loss 0.292479	 12.1s
Ep 630	 reward -15.611	 ms 218.6	 loss 0.215970	 13.2s
Ep 631	 reward -15.679	 ms 219.5	 loss 0.384081	 12.5s
Ep 632	 reward -15.661	 ms 219.2	 loss 0.218977	 11.1s
Ep 633	 reward -15.793	 ms 221.1	 loss 0.189360	 11.6s
Ep 634	 reward -15.646	 ms 219.1	 loss 0.259616	 13.0s
Ep 635	 reward -15.596	 ms 218.3	 loss 0.426613	 13.2s
Ep 636	 reward -15.721	 ms 220.1	 loss 0.198635	 12.2s
Ep 637	 reward -15.743	 ms 220.4	 loss 0.349394	 12.1s
Ep 638	 reward -15.704	 ms 219.8	 loss 0.261110	 13.1s
Ep 639	 reward -15.571	 ms 218.0	 loss 0.159827	 12.2s
Ep 640	 reward -15.732	 ms 220.2	 loss 0.292941	 12.2s
Ep 641	 reward -16.204	 ms 226.8	 loss 0.399997	 12.4s
Ep 642	 reward -16.189	 ms 226.7	 loss 0.182223	 12.0s
Ep 643	 reward -16.161	 ms 226.2	 loss 0.223322	 12.3s
Ep 644	 reward -16.189	 ms 226.7	 loss 0.212386	 12.8s
Ep 645	 reward -16.182	 ms 226.6	 loss 0.267103	 12.9s
Ep 646	 reward -16.354	 ms 228.9	 loss 0.246768	 12.6s
Ep 647	 reward -16.325	 ms 228.6	 loss 0.208255	 13.5s
Ep 648	 reward -16.261	 ms 227.7	 loss 0.223260	 11.9s
Ep 649	 reward -16.221	 ms 227.1	 loss 0.263711	 11.5s
[vali @650] rel=0.7796 (best 0.7753)  SW=216.8
Ep 650	 reward -16.221	 ms 227.1	 loss 0.125297	 21.8s
Ep 651	 reward -16.186	 ms 226.6	 loss 0.265069	 12.4s
Ep 652	 reward -16.211	 ms 226.9	 loss 0.117926	 11.9s
Ep 653	 reward -16.286	 ms 228.0	 loss 0.318348	 12.3s
Ep 654	 reward -16.236	 ms 227.3	 loss 0.129712	 12.7s
Ep 655	 reward -16.254	 ms 227.6	 loss 0.220651	 11.6s
Ep 656	 reward -16.146	 ms 226.1	 loss 0.146228	 12.3s
Ep 657	 reward -16.189	 ms 226.7	 loss 0.111950	 11.7s
Ep 658	 reward -16.079	 ms 225.1	 loss 0.184399	 12.6s
Ep 659	 reward -16.261	 ms 227.7	 loss 0.103714	 12.8s
Ep 660	 reward -16.229	 ms 227.2	 loss 0.190457	 11.5s
Ep 661	 reward -15.389	 ms 215.4	 loss 0.300661	 12.5s
Ep 662	 reward -15.382	 ms 215.3	 loss 0.335831	 12.5s
Ep 663	 reward -15.439	 ms 216.2	 loss 0.176829	 12.5s
Ep 664	 reward -15.500	 ms 217.0	 loss 0.165282	 12.3s
Ep 665	 reward -15.450	 ms 216.3	 loss 0.224958	 11.4s
Ep 666	 reward -15.439	 ms 216.2	 loss 0.136479	 13.1s
Ep 667	 reward -15.475	 ms 216.7	 loss 0.215060	 12.7s
Ep 668	 reward -15.514	 ms 217.2	 loss 0.056084	 11.8s
Ep 669	 reward -15.486	 ms 216.8	 loss 0.229628	 11.2s
Ep 670	 reward -15.500	 ms 217.0	 loss 0.163074	 13.4s
Ep 671	 reward -15.504	 ms 217.1	 loss 0.170487	 12.8s
Ep 672	 reward -15.332	 ms 214.7	 loss 0.174630	 11.7s
Ep 673	 reward -15.546	 ms 217.7	 loss 0.148527	 11.2s
Ep 674	 reward -15.436	 ms 216.1	 loss 0.274270	 11.8s
[vali @675] rel=0.7834 (best 0.7753)  SW=217.8
Ep 675	 reward -15.557	 ms 217.8	 loss 0.185725	 21.1s
Ep 676	 reward -15.307	 ms 214.3	 loss 0.173936	 11.8s
Ep 677	 reward -15.507	 ms 217.1	 loss 0.206690	 12.9s
Ep 678	 reward -15.496	 ms 216.9	 loss 0.260936	 12.4s
Ep 679	 reward -15.461	 ms 216.4	 loss 0.199363	 12.0s
Ep 680	 reward -15.400	 ms 215.6	 loss 0.263538	 12.3s
Ep 681	 reward -15.993	 ms 223.9	 loss 0.093917	 13.3s
Ep 682	 reward -16.125	 ms 225.8	 loss 0.115560	 12.6s
Ep 683	 reward -16.032	 ms 224.4	 loss 0.234145	 10.6s
Ep 684	 reward -15.904	 ms 222.7	 loss 0.334261	 11.3s
Ep 685	 reward -16.143	 ms 226.0	 loss 0.403141	 10.9s
Ep 686	 reward -15.825	 ms 221.6	 loss 0.047203	 11.9s
Ep 687	 reward -16.257	 ms 227.6	 loss 0.265114	 11.3s
Ep 688	 reward -16.054	 ms 224.8	 loss 0.034267	 11.4s
Ep 689	 reward -16.029	 ms 224.4	 loss 0.004084	 11.3s
Ep 690	 reward -16.296	 ms 228.2	 loss 0.359747	 11.7s
Ep 691	 reward -15.989	 ms 223.8	 loss 0.059819	 11.0s
Ep 692	 reward -16.114	 ms 225.6	 loss 0.140839	 11.9s
Ep 693	 reward -16.096	 ms 225.3	 loss 0.200167	 11.9s
Ep 694	 reward -16.093	 ms 225.3	 loss 0.059179	 11.5s
Ep 695	 reward -16.168	 ms 226.3	 loss 0.169824	 11.9s
Ep 696	 reward -16.186	 ms 226.6	 loss 0.162706	 11.6s
Ep 697	 reward -16.132	 ms 225.8	 loss 0.041568	 11.7s
Ep 698	 reward -16.046	 ms 224.7	 loss 0.011047	 12.0s
Ep 699	 reward -16.064	 ms 224.9	 loss 0.223431	 12.9s
[vali @700] rel=0.7805 (best 0.7753)  SW=217.1
Ep 700	 reward -16.025	 ms 224.3	 loss 0.083618	 20.2s
Ep 701	 reward -16.089	 ms 225.2	 loss 0.299811	 12.0s
Ep 702	 reward -15.943	 ms 223.2	 loss 0.110896	 13.2s
Ep 703	 reward -15.986	 ms 223.8	 loss 0.128258	 11.7s
Ep 704	 reward -15.771	 ms 220.8	 loss 0.213247	 12.2s
Ep 705	 reward -15.761	 ms 220.7	 loss 0.131699	 12.0s
Ep 706	 reward -15.946	 ms 223.2	 loss 0.163101	 10.4s
Ep 707	 reward -15.882	 ms 222.3	 loss 0.114079	 13.4s
Ep 708	 reward -15.989	 ms 223.8	 loss 0.137987	 11.6s
Ep 709	 reward -15.993	 ms 223.9	 loss 0.155706	 14.0s
Ep 710	 reward -15.854	 ms 221.9	 loss 0.137657	 12.2s
Ep 711	 reward -15.900	 ms 222.6	 loss 0.191990	 12.5s
Ep 712	 reward -15.889	 ms 222.4	 loss 0.117412	 12.1s
Ep 713	 reward -15.857	 ms 222.0	 loss 0.128675	 11.7s
Ep 714	 reward -15.746	 ms 220.4	 loss 0.139230	 11.3s
Ep 715	 reward -15.989	 ms 223.8	 loss 0.132066	 12.2s
Ep 716	 reward -15.957	 ms 223.4	 loss 0.179989	 11.9s
Ep 717	 reward -15.936	 ms 223.1	 loss 0.142626	 11.7s
Ep 718	 reward -15.811	 ms 221.3	 loss 0.170245	 12.0s
Ep 719	 reward -15.936	 ms 223.1	 loss 0.148814	 11.9s
Ep 720	 reward -15.829	 ms 221.6	 loss 0.113173	 11.5s
Ep 721	 reward -15.636	 ms 218.9	 loss 0.353300	 11.5s
Ep 722	 reward -15.532	 ms 217.4	 loss 0.113699	 11.5s
Ep 723	 reward -15.461	 ms 216.4	 loss 0.130285	 11.5s
Ep 724	 reward -15.475	 ms 216.7	 loss 0.170218	 11.8s
[vali @725] rel=0.7810 (best 0.7753)  SW=217.2
Ep 725	 reward -15.464	 ms 216.5	 loss 0.222323	 19.3s
Ep 726	 reward -15.364	 ms 215.1	 loss 0.181251	 11.3s
Ep 727	 reward -15.396	 ms 215.6	 loss 0.204808	 12.0s
Ep 728	 reward -15.361	 ms 215.1	 loss 0.194017	 11.6s
Ep 729	 reward -15.393	 ms 215.5	 loss 0.081222	 11.5s
Ep 730	 reward -15.554	 ms 217.8	 loss 0.195585	 10.9s
Ep 731	 reward -15.396	 ms 215.6	 loss 0.071175	 11.8s
Ep 732	 reward -15.514	 ms 217.2	 loss 0.096120	 11.2s
Ep 733	 reward -15.457	 ms 216.4	 loss 0.106069	 11.1s
Ep 734	 reward -15.386	 ms 215.4	 loss 0.164238	 11.1s
Ep 735	 reward -15.382	 ms 215.3	 loss 0.107534	 11.6s
Ep 736	 reward -15.368	 ms 215.2	 loss 0.216886	 11.2s
Ep 737	 reward -15.514	 ms 217.2	 loss 0.094755	 11.0s
Ep 738	 reward -15.479	 ms 216.7	 loss 0.010415	 11.7s
Ep 739	 reward -15.364	 ms 215.1	 loss 0.162229	 12.0s
Ep 740	 reward -15.418	 ms 215.8	 loss 0.062204	 11.6s
Ep 741	 reward -15.771	 ms 220.8	 loss 0.166933	 11.6s
Ep 742	 reward -15.600	 ms 218.4	 loss 0.213613	 11.7s
Ep 743	 reward -15.707	 ms 219.9	 loss 0.191563	 11.8s
Ep 744	 reward -15.600	 ms 218.4	 loss 0.050072	 12.9s
Ep 745	 reward -15.600	 ms 218.4	 loss 0.079877	 12.1s
Ep 746	 reward -15.825	 ms 221.6	 loss 0.236088	 11.6s
Ep 747	 reward -15.746	 ms 220.4	 loss 0.076680	 11.6s
Ep 748	 reward -15.689	 ms 219.7	 loss 0.083102	 11.6s
Ep 749	 reward -15.589	 ms 218.2	 loss 0.058656	 12.1s
[vali @750] rel=0.7801 (best 0.7753)  SW=216.9
Ep 750	 reward -15.704	 ms 219.8	 loss 0.051308	 18.2s
Ep 751	 reward -15.636	 ms 218.9	 loss 0.209410	 11.4s
Ep 752	 reward -15.736	 ms 220.3	 loss 0.219053	 11.3s
Ep 753	 reward -15.636	 ms 218.9	 loss 0.165049	 11.7s
Ep 754	 reward -15.686	 ms 219.6	 loss 0.087444	 11.7s
Ep 755	 reward -15.554	 ms 217.8	 loss 0.070223	 11.9s
Ep 756	 reward -15.786	 ms 221.0	 loss 0.223153	 12.4s
Ep 757	 reward -15.521	 ms 217.3	 loss 0.139418	 12.0s
Ep 758	 reward -15.614	 ms 218.6	 loss 0.247596	 11.5s
Ep 759	 reward -15.621	 ms 218.7	 loss 0.126607	 12.5s
Ep 760	 reward -15.604	 ms 218.4	 loss 0.095256	 16.0s
Ep 761	 reward -15.764	 ms 220.7	 loss 0.255114	 13.1s
Ep 762	 reward -15.896	 ms 222.6	 loss 0.200496	 13.0s
Ep 763	 reward -15.743	 ms 220.4	 loss 0.211240	 12.4s
Ep 764	 reward -15.775	 ms 220.8	 loss 0.117075	 10.7s
Ep 765	 reward -15.804	 ms 221.2	 loss 0.149462	 12.1s
Ep 766	 reward -15.889	 ms 222.4	 loss 0.048021	 12.0s
Ep 767	 reward -15.893	 ms 222.5	 loss 0.113035	 11.8s
Ep 768	 reward -15.668	 ms 219.3	 loss 0.127062	 11.5s
Ep 769	 reward -15.732	 ms 220.2	 loss 0.137413	 12.3s
Ep 770	 reward -15.786	 ms 221.0	 loss 0.154654	 11.5s
Ep 771	 reward -15.843	 ms 221.8	 loss 0.274860	 12.0s
Ep 772	 reward -15.764	 ms 220.7	 loss 0.231556	 13.0s
Ep 773	 reward -15.986	 ms 223.8	 loss 0.235141	 11.8s
Ep 774	 reward -15.682	 ms 219.6	 loss 0.158164	 12.1s
[vali @775] rel=0.7762 (best 0.7753)  SW=215.8
Ep 775	 reward -15.768	 ms 220.8	 loss 0.148022	 19.7s
Ep 776	 reward -15.707	 ms 219.9	 loss 0.105356	 12.2s
Ep 777	 reward -15.907	 ms 222.7	 loss 0.149506	 11.9s
Ep 778	 reward -15.775	 ms 220.8	 loss 0.036066	 12.1s
Ep 779	 reward -15.857	 ms 222.0	 loss 0.140271	 12.0s
Ep 780	 reward -15.946	 ms 223.2	 loss 0.102624	 11.8s
Ep 781	 reward -16.139	 ms 225.9	 loss 0.195118	 11.8s
Ep 782	 reward -16.025	 ms 224.3	 loss 0.171819	 11.9s
Ep 783	 reward -15.904	 ms 222.7	 loss 0.151572	 11.4s
Ep 784	 reward -16.032	 ms 224.4	 loss 0.390284	 11.7s
Ep 785	 reward -16.164	 ms 226.3	 loss 0.207548	 12.3s
Ep 786	 reward -16.225	 ms 227.2	 loss 0.115088	 11.7s
Ep 787	 reward -16.086	 ms 225.2	 loss 0.145967	 12.3s
Ep 788	 reward -16.014	 ms 224.2	 loss 0.145560	 11.8s
Ep 789	 reward -16.089	 ms 225.2	 loss 0.119979	 12.1s
Ep 790	 reward -16.132	 ms 225.8	 loss 0.208838	 12.0s
Ep 791	 reward -15.925	 ms 222.9	 loss 0.181376	 12.7s
Ep 792	 reward -16.143	 ms 226.0	 loss 0.139157	 12.0s
Ep 793	 reward -15.736	 ms 220.3	 loss 0.123098	 12.2s
Ep 794	 reward -16.061	 ms 224.8	 loss 0.179038	 12.0s
Ep 795	 reward -16.107	 ms 225.5	 loss 0.193705	 11.5s
Ep 796	 reward -15.854	 ms 221.9	 loss 0.056004	 12.0s
Ep 797	 reward -16.004	 ms 224.1	 loss 0.220312	 12.3s
Ep 798	 reward -15.907	 ms 222.7	 loss 0.195769	 12.4s
Ep 799	 reward -15.954	 ms 223.3	 loss 0.250006	 12.0s
[vali @800] rel=0.7762 (best 0.7753)  SW=215.8
Ep 800	 reward -16.064	 ms 224.9	 loss 0.210744	 21.2s
Ep 801	 reward -15.686	 ms 219.6	 loss 0.417021	 12.8s
Ep 802	 reward -15.725	 ms 220.2	 loss 0.361958	 12.6s
Ep 803	 reward -15.679	 ms 219.5	 loss 0.296651	 12.8s
Ep 804	 reward -15.746	 ms 220.4	 loss 0.209539	 13.0s
Ep 805	 reward -15.686	 ms 219.6	 loss 0.294498	 12.6s
Ep 806	 reward -15.657	 ms 219.2	 loss 0.224938	 12.7s
Ep 807	 reward -15.446	 ms 216.2	 loss 0.322151	 13.1s
Ep 808	 reward -15.654	 ms 219.2	 loss 0.351707	 12.1s
Ep 809	 reward -15.625	 ms 218.8	 loss 0.323533	 12.7s
Ep 810	 reward -15.504	 ms 217.1	 loss 0.263902	 12.9s
Ep 811	 reward -15.479	 ms 216.7	 loss 0.192161	 12.9s
Ep 812	 reward -15.557	 ms 217.8	 loss 0.265250	 13.1s
Ep 813	 reward -15.664	 ms 219.3	 loss 0.323645	 12.9s
Ep 814	 reward -15.725	 ms 220.2	 loss 0.132900	 12.9s
Ep 815	 reward -15.761	 ms 220.7	 loss 0.218154	 13.1s
Ep 816	 reward -15.661	 ms 219.2	 loss 0.153254	 12.5s
Ep 817	 reward -15.750	 ms 220.5	 loss 0.392982	 12.9s
Ep 818	 reward -15.786	 ms 221.0	 loss 0.296715	 13.0s
Ep 819	 reward -15.664	 ms 219.3	 loss 0.276258	 12.7s
Ep 820	 reward -15.636	 ms 218.9	 loss 0.361683	 13.0s
Ep 821	 reward -15.982	 ms 223.8	 loss 0.192190	 13.0s
Ep 822	 reward -16.086	 ms 225.2	 loss 0.312813	 13.7s
Ep 823	 reward -16.021	 ms 224.3	 loss 0.103084	 13.5s
Ep 824	 reward -16.014	 ms 224.2	 loss 0.035599	 13.4s
[vali @825] rel=0.7763 (best 0.7753)  SW=215.9
Ep 825	 reward -16.014	 ms 224.2	 loss 0.166983	 27.7s
Ep 826	 reward -15.939	 ms 223.2	 loss 0.068566	 16.6s
Ep 827	 reward -15.968	 ms 223.6	 loss 0.098791	 16.6s
Ep 828	 reward -15.929	 ms 223.0	 loss 0.147474	 15.2s
Ep 829	 reward -16.025	 ms 224.3	 loss 0.067240	 13.2s
Ep 830	 reward -15.846	 ms 221.8	 loss 0.087211	 13.1s
Ep 831	 reward -15.971	 ms 223.6	 loss 0.055499	 13.4s
Ep 832	 reward -15.829	 ms 221.6	 loss 0.082900	 13.3s
Ep 833	 reward -15.864	 ms 222.1	 loss 0.261554	 13.5s
Ep 834	 reward -16.086	 ms 225.2	 loss 0.056590	 12.9s
Ep 835	 reward -15.889	 ms 222.4	 loss 0.050449	 13.8s
Ep 836	 reward -15.900	 ms 222.6	 loss 0.036440	 13.5s
Ep 837	 reward -16.100	 ms 225.4	 loss 0.059004	 14.2s
Ep 838	 reward -15.918	 ms 222.8	 loss 0.127992	 13.3s
Ep 839	 reward -15.914	 ms 222.8	 loss 0.281338	 12.5s
Ep 840	 reward -16.025	 ms 224.3	 loss 0.084639	 12.8s
Ep 841	 reward -15.600	 ms 218.4	 loss 0.257824	 13.1s
Ep 842	 reward -15.475	 ms 216.7	 loss 0.154381	 12.7s
Ep 843	 reward -15.575	 ms 218.1	 loss 0.220861	 12.8s
Ep 844	 reward -15.504	 ms 217.1	 loss 0.083817	 12.9s
Ep 845	 reward -15.696	 ms 219.8	 loss 0.223291	 12.5s
Ep 846	 reward -15.575	 ms 218.1	 loss 0.068022	 12.9s
Ep 847	 reward -15.518	 ms 217.2	 loss 0.043885	 12.6s
Ep 848	 reward -15.454	 ms 216.3	 loss 0.135723	 12.8s
Ep 849	 reward -15.411	 ms 215.8	 loss 0.129172	 14.1s
[vali @850] rel=0.7729 (best 0.7729)  SW=214.9
Ep 850	 reward -15.504	 ms 217.1	 loss 0.205209	 20.8s
Ep 851	 reward -15.507	 ms 217.1	 loss 0.024099	 13.9s
Ep 852	 reward -15.454	 ms 216.3	 loss 0.029632	 15.6s
Ep 853	 reward -15.571	 ms 218.0	 loss 0.180358	 16.2s
Ep 854	 reward -15.643	 ms 219.0	 loss 0.115826	 15.8s
Ep 855	 reward -15.504	 ms 217.1	 loss 0.171197	 13.2s
Ep 856	 reward -15.439	 ms 216.2	 loss -0.003589	 12.9s
Ep 857	 reward -15.571	 ms 218.0	 loss 0.067699	 13.2s
Ep 858	 reward -15.586	 ms 218.2	 loss 0.138374	 13.1s
Ep 859	 reward -15.486	 ms 216.8	 loss 0.035297	 12.8s
Ep 860	 reward -15.536	 ms 217.5	 loss 0.269717	 12.5s
Ep 861	 reward -15.721	 ms 220.1	 loss 0.028499	 13.1s
Ep 862	 reward -15.525	 ms 217.3	 loss 0.026846	 13.0s
Ep 863	 reward -15.575	 ms 218.1	 loss 0.121778	 13.3s
Ep 864	 reward -15.646	 ms 219.1	 loss 0.176490	 13.0s
Ep 865	 reward -15.418	 ms 215.8	 loss 0.068398	 13.1s
Ep 866	 reward -15.529	 ms 217.4	 loss 0.039437	 13.1s
Ep 867	 reward -15.571	 ms 218.0	 loss 0.063428	 13.0s
Ep 868	 reward -15.486	 ms 216.8	 loss 0.034932	 13.1s
Ep 869	 reward -15.554	 ms 217.8	 loss 0.110687	 13.1s
Ep 870	 reward -15.564	 ms 217.9	 loss 0.030875	 12.8s
Ep 871	 reward -15.607	 ms 218.5	 loss 0.094883	 13.1s
Ep 872	 reward -15.707	 ms 219.9	 loss 0.169754	 12.9s
Ep 873	 reward -15.475	 ms 216.7	 loss 0.173072	 13.2s
Ep 874	 reward -15.571	 ms 218.0	 loss 0.121995	 13.3s
[vali @875] rel=0.7720 (best 0.7720)  SW=214.7
Ep 875	 reward -15.486	 ms 216.8	 loss 0.082544	 20.9s
Ep 876	 reward -15.521	 ms 217.3	 loss 0.157933	 13.3s
Ep 877	 reward -15.661	 ms 219.2	 loss 0.279046	 13.0s
Ep 878	 reward -15.629	 ms 218.8	 loss 0.017042	 12.4s
Ep 879	 reward -15.514	 ms 217.2	 loss -0.007968	 12.8s
Ep 880	 reward -15.389	 ms 215.4	 loss 0.034375	 12.7s
Ep 881	 reward -15.954	 ms 223.3	 loss 0.135211	 12.9s
Ep 882	 reward -15.996	 ms 223.9	 loss 0.152524	 12.4s
Ep 883	 reward -16.061	 ms 224.8	 loss 0.209893	 11.6s
Ep 884	 reward -15.825	 ms 221.6	 loss 0.184737	 11.6s
Ep 885	 reward -15.939	 ms 223.2	 loss 0.183411	 11.9s
Ep 886	 reward -15.868	 ms 222.2	 loss 0.156495	 11.7s
Ep 887	 reward -15.736	 ms 220.3	 loss 0.160251	 11.9s
Ep 888	 reward -15.939	 ms 223.2	 loss 0.147852	 11.8s
Ep 889	 reward -15.846	 ms 221.8	 loss 0.210238	 12.0s
Ep 890	 reward -15.771	 ms 220.8	 loss 0.124773	 12.1s
Ep 891	 reward -15.957	 ms 223.4	 loss 0.131513	 10.7s
Ep 892	 reward -15.825	 ms 221.6	 loss 0.104235	 11.2s
Ep 893	 reward -15.843	 ms 221.8	 loss 0.111099	 11.3s
Ep 894	 reward -15.911	 ms 222.8	 loss 0.091837	 11.3s
Ep 895	 reward -15.946	 ms 223.2	 loss 0.103357	 10.1s
Ep 896	 reward -16.089	 ms 225.2	 loss 0.113482	 11.4s
Ep 897	 reward -15.925	 ms 222.9	 loss 0.133639	 11.3s
Ep 898	 reward -16.093	 ms 225.3	 loss 0.179572	 11.5s
Ep 899	 reward -15.961	 ms 223.4	 loss 0.072099	 12.0s
[vali @900] rel=0.7722 (best 0.7720)  SW=214.8
Ep 900	 reward -16.086	 ms 225.2	 loss 0.229634	 18.4s
Ep 901	 reward -15.507	 ms 217.1	 loss 0.392731	 12.4s
Ep 902	 reward -15.621	 ms 218.7	 loss 0.410053	 11.9s
Ep 903	 reward -15.571	 ms 218.0	 loss 0.433260	 12.0s
Ep 904	 reward -15.475	 ms 216.7	 loss 0.305834	 12.1s
Ep 905	 reward -15.546	 ms 217.7	 loss 0.236950	 11.8s
Ep 906	 reward -15.475	 ms 216.7	 loss 0.242260	 12.4s
Ep 907	 reward -15.454	 ms 216.3	 loss 0.289205	 12.1s
Ep 908	 reward -15.386	 ms 215.4	 loss 0.306483	 12.3s
Ep 909	 reward -15.471	 ms 216.6	 loss 0.403598	 12.5s
Ep 910	 reward -15.568	 ms 217.9	 loss 0.318387	 11.4s
Ep 911	 reward -15.546	 ms 217.7	 loss 0.256590	 11.5s
Ep 912	 reward -15.632	 ms 218.8	 loss 0.378530	 11.2s
Ep 913	 reward -15.689	 ms 219.7	 loss 0.342485	 10.9s
Ep 914	 reward -15.664	 ms 219.3	 loss 0.368512	 13.6s
Ep 915	 reward -15.625	 ms 218.8	 loss 0.253902	 12.9s
Ep 916	 reward -15.682	 ms 219.6	 loss 0.378664	 12.7s
Ep 917	 reward -15.600	 ms 218.4	 loss 0.129998	 15.1s
Ep 918	 reward -15.457	 ms 216.4	 loss 0.112268	 13.3s
Ep 919	 reward -15.657	 ms 219.2	 loss 0.296781	 14.3s
Ep 920	 reward -15.496	 ms 216.9	 loss 0.154343	 13.2s
Ep 921	 reward -15.657	 ms 219.2	 loss 0.149825	 12.6s
Ep 922	 reward -15.714	 ms 220.0	 loss 0.134643	 13.8s
Ep 923	 reward -15.671	 ms 219.4	 loss 0.184742	 17.6s
Ep 924	 reward -15.539	 ms 217.6	 loss 0.113703	 13.2s
[vali @925] rel=0.7727 (best 0.7720)  SW=214.9
Ep 925	 reward -15.461	 ms 216.4	 loss 0.085765	 26.6s
Ep 926	 reward -15.521	 ms 217.3	 loss 0.188196	 14.9s
Ep 927	 reward -15.475	 ms 216.7	 loss 0.198909	 15.3s
Ep 928	 reward -15.739	 ms 220.3	 loss 0.062619	 16.8s
Ep 929	 reward -15.593	 ms 218.3	 loss 0.098244	 14.6s
Ep 930	 reward -15.661	 ms 219.2	 loss -0.003097	 14.8s
Ep 931	 reward -15.621	 ms 218.7	 loss -0.012520	 16.4s
Ep 932	 reward -15.789	 ms 221.1	 loss 0.116921	 14.4s
Ep 933	 reward -15.707	 ms 219.9	 loss 0.069683	 16.0s
Ep 934	 reward -15.807	 ms 221.3	 loss 0.023568	 15.9s
Ep 935	 reward -15.729	 ms 220.2	 loss 0.133489	 16.7s
Ep 936	 reward -15.646	 ms 219.1	 loss 0.082246	 14.6s
Ep 937	 reward -15.632	 ms 218.8	 loss 0.132937	 19.8s
Ep 938	 reward -15.732	 ms 220.2	 loss 0.019938	 18.7s
Ep 939	 reward -15.664	 ms 219.3	 loss 0.100466	 14.3s
Ep 940	 reward -15.704	 ms 219.8	 loss 0.157939	 14.4s
Ep 941	 reward -15.529	 ms 217.4	 loss 0.318869	 16.1s
Ep 942	 reward -15.561	 ms 217.8	 loss 0.253903	 16.3s
Ep 943	 reward -15.411	 ms 215.8	 loss 0.286781	 16.9s
Ep 944	 reward -15.379	 ms 215.3	 loss 0.256076	 15.6s
Ep 945	 reward -15.571	 ms 218.0	 loss 0.337071	 15.8s
Ep 946	 reward -15.543	 ms 217.6	 loss 0.127607	 13.5s
Ep 947	 reward -15.400	 ms 215.6	 loss 0.344348	 15.4s
Ep 948	 reward -15.589	 ms 218.2	 loss 0.312195	 13.3s
Ep 949	 reward -15.586	 ms 218.2	 loss 0.212057	 19.6s
[vali @950] rel=0.7765 (best 0.7720)  SW=215.9
Ep 950	 reward -15.443	 ms 216.2	 loss 0.115473	 32.6s
Ep 951	 reward -15.564	 ms 217.9	 loss 0.321322	 15.9s
Ep 952	 reward -15.450	 ms 216.3	 loss 0.225400	 17.2s
Ep 953	 reward -15.432	 ms 216.1	 loss 0.231933	 19.0s
Ep 954	 reward -15.568	 ms 217.9	 loss 0.165170	 17.3s
Ep 955	 reward -15.507	 ms 217.1	 loss 0.242567	 19.0s
Ep 956	 reward -15.332	 ms 214.7	 loss 0.222556	 16.2s
Ep 957	 reward -15.557	 ms 217.8	 loss 0.299987	 18.4s
Ep 958	 reward -15.525	 ms 217.3	 loss 0.248798	 15.2s
Ep 959	 reward -15.529	 ms 217.4	 loss 0.268776	 15.5s
Ep 960	 reward -15.446	 ms 216.2	 loss 0.201651	 16.4s
Ep 961	 reward -15.964	 ms 223.5	 loss 0.234441	 13.6s
Ep 962	 reward -15.971	 ms 223.6	 loss 0.332780	 19.2s
Ep 963	 reward -15.964	 ms 223.5	 loss 0.262302	 17.2s
Ep 964	 reward -15.882	 ms 222.3	 loss 0.344723	 17.1s
Ep 965	 reward -15.864	 ms 222.1	 loss 0.305837	 17.5s
Ep 966	 reward -15.932	 ms 223.1	 loss 0.212855	 19.8s
Ep 967	 reward -15.893	 ms 222.5	 loss 0.334710	 18.5s
Ep 968	 reward -15.939	 ms 223.2	 loss 0.260899	 18.8s
Ep 969	 reward -15.964	 ms 223.5	 loss 0.225689	 18.9s
Ep 970	 reward -15.943	 ms 223.2	 loss 0.255970	 18.0s
Ep 971	 reward -15.839	 ms 221.8	 loss 0.278194	 18.4s
Ep 972	 reward -15.921	 ms 222.9	 loss 0.294462	 17.5s
Ep 973	 reward -15.779	 ms 220.9	 loss 0.173023	 16.3s
Ep 974	 reward -15.846	 ms 221.8	 loss 0.163367	 14.7s
[vali @975] rel=0.7726 (best 0.7720)  SW=214.8
Ep 975	 reward -15.954	 ms 223.3	 loss 0.292890	 25.7s
Ep 976	 reward -15.929	 ms 223.0	 loss 0.267576	 15.0s
Ep 977	 reward -15.911	 ms 222.8	 loss 0.243979	 16.6s
Ep 978	 reward -15.971	 ms 223.6	 loss 0.293435	 14.6s
Ep 979	 reward -15.854	 ms 221.9	 loss 0.203780	 16.6s
Ep 980	 reward -15.896	 ms 222.6	 loss 0.225013	 15.3s
Ep 981	 reward -15.818	 ms 221.4	 loss 0.359721	 16.2s
Ep 982	 reward -15.968	 ms 223.6	 loss 0.283609	 15.8s
Ep 983	 reward -15.907	 ms 222.7	 loss 0.291859	 18.0s
Ep 984	 reward -16.111	 ms 225.6	 loss 0.314159	 14.3s
Ep 985	 reward -15.882	 ms 222.3	 loss 0.280781	 16.7s
Ep 986	 reward -16.039	 ms 224.6	 loss 0.351196	 15.6s
Ep 987	 reward -15.764	 ms 220.7	 loss 0.217450	 17.3s
Ep 988	 reward -15.889	 ms 222.4	 loss 0.144019	 15.1s
Ep 989	 reward -15.918	 ms 222.8	 loss 0.179728	 15.8s
Ep 990	 reward -15.868	 ms 222.2	 loss 0.202765	 13.9s
Ep 991	 reward -15.850	 ms 221.9	 loss 0.249378	 15.6s
Ep 992	 reward -15.782	 ms 220.9	 loss 0.247587	 14.5s
Ep 993	 reward -16.021	 ms 224.3	 loss 0.186565	 17.0s
Ep 994	 reward -15.854	 ms 221.9	 loss 0.217867	 14.3s
Ep 995	 reward -15.889	 ms 222.4	 loss 0.142692	 16.2s
Ep 996	 reward -15.896	 ms 222.6	 loss 0.240305	 14.5s
Ep 997	 reward -15.875	 ms 222.2	 loss 0.260020	 16.8s
Ep 998	 reward -15.875	 ms 222.2	 loss 0.189268	 14.2s
Ep 999	 reward -15.896	 ms 222.6	 loss 0.210073	 16.7s
[vali @1000] rel=0.7765 (best 0.7720)  SW=215.9
Ep 1000	 reward -15.921	 ms 222.9	 loss 0.114922	 24.0s
[train_family] done in 3.44 h; best rel=0.7720
