[vali] MWKR norms: SW=278.1
[model] params total=32786  film=0 (0.00%)
[train_family] model=10x25+family+spec-SW-s302 regimes=['SW'] updates=1000
Ep 1	 reward -16.232	 ms 227.2	 loss 2.837831	 10.9s
Ep 2	 reward -16.229	 ms 227.2	 loss 2.257117	 10.2s
Ep 3	 reward -16.221	 ms 227.1	 loss 2.131694	 10.2s
Ep 4	 reward -16.254	 ms 227.6	 loss 2.553685	 10.8s
Ep 5	 reward -16.436	 ms 230.1	 loss 2.667161	 10.5s
Ep 6	 reward -16.318	 ms 228.4	 loss 2.014524	 10.4s
Ep 7	 reward -16.314	 ms 228.4	 loss 2.069529	 11.4s
Ep 8	 reward -16.439	 ms 230.2	 loss 1.969966	 11.7s
Ep 9	 reward -16.143	 ms 226.0	 loss 1.807469	 11.6s
Ep 10	 reward -16.186	 ms 226.6	 loss 1.210009	 11.6s
Ep 11	 reward -16.136	 ms 225.9	 loss 1.125427	 11.7s
Ep 12	 reward -16.218	 ms 227.1	 loss 0.917720	 11.9s
Ep 13	 reward -16.375	 ms 229.2	 loss 0.913849	 12.0s
Ep 14	 reward -16.211	 ms 226.9	 loss 1.022142	 11.7s
Ep 15	 reward -16.350	 ms 228.9	 loss 0.691407	 11.3s
Ep 16	 reward -16.243	 ms 227.4	 loss 0.934597	 11.3s
Ep 17	 reward -16.304	 ms 228.2	 loss 0.666623	 12.0s
Ep 18	 reward -16.257	 ms 227.6	 loss 0.611589	 11.0s
Ep 19	 reward -16.293	 ms 228.1	 loss 0.800441	 12.1s
Ep 20	 reward -16.161	 ms 226.2	 loss 0.509201	 11.9s
Ep 21	 reward -16.457	 ms 230.4	 loss 0.602012	 11.7s
Ep 22	 reward -16.418	 ms 229.8	 loss 0.724357	 12.1s
Ep 23	 reward -16.375	 ms 229.2	 loss 0.776080	 11.1s
Ep 24	 reward -16.264	 ms 227.7	 loss 0.676936	 11.1s
[vali @25] rel=0.8152 (best 0.8152)  SW=226.7
Ep 25	 reward -16.589	 ms 232.2	 loss 0.720015	 17.0s
Ep 26	 reward -16.325	 ms 228.6	 loss 0.600614	 10.3s
Ep 27	 reward -16.489	 ms 230.8	 loss 0.769427	 10.4s
Ep 28	 reward -16.543	 ms 231.6	 loss 0.522699	 10.5s
Ep 29	 reward -16.493	 ms 230.9	 loss 0.693920	 11.5s
Ep 30	 reward -16.418	 ms 229.8	 loss 0.563554	 11.2s
Ep 31	 reward -16.329	 ms 228.6	 loss 0.538343	 11.8s
Ep 32	 reward -16.311	 ms 228.3	 loss 0.575193	 11.5s
Ep 33	 reward -16.425	 ms 229.9	 loss 0.548797	 11.3s
Ep 34	 reward -16.229	 ms 227.2	 loss 0.496472	 11.2s
Ep 35	 reward -16.200	 ms 226.8	 loss 0.426967	 11.1s
Ep 36	 reward -16.279	 ms 227.9	 loss 0.482146	 10.9s
Ep 37	 reward -16.321	 ms 228.5	 loss 0.464899	 10.8s
Ep 38	 reward -16.400	 ms 229.6	 loss 0.484674	 11.1s
Ep 39	 reward -16.211	 ms 226.9	 loss 0.441577	 10.8s
Ep 40	 reward -16.325	 ms 228.6	 loss 0.380567	 11.2s
Ep 41	 reward -16.379	 ms 229.3	 loss 0.536064	 11.0s
Ep 42	 reward -16.121	 ms 225.7	 loss 0.467291	 11.3s
Ep 43	 reward -16.111	 ms 225.6	 loss 0.303835	 11.4s
Ep 44	 reward -16.211	 ms 226.9	 loss 0.348216	 11.1s
Ep 45	 reward -16.114	 ms 225.6	 loss 0.469356	 11.5s
Ep 46	 reward -16.089	 ms 225.2	 loss 0.217417	 11.1s
Ep 47	 reward -16.100	 ms 225.4	 loss 0.313579	 11.2s
Ep 48	 reward -16.132	 ms 225.8	 loss 0.469620	 11.1s
Ep 49	 reward -15.864	 ms 222.1	 loss 0.360227	 10.6s
[vali @50] rel=0.7869 (best 0.7869)  SW=218.8
Ep 50	 reward -16.032	 ms 224.4	 loss 0.369121	 16.9s
Ep 51	 reward -15.904	 ms 222.7	 loss 0.335728	 10.4s
Ep 52	 reward -15.868	 ms 222.2	 loss 0.427490	 10.8s
Ep 53	 reward -15.736	 ms 220.3	 loss 0.358418	 10.8s
Ep 54	 reward -16.004	 ms 224.1	 loss 0.394718	 10.3s
Ep 55	 reward -16.150	 ms 226.1	 loss 0.310731	 10.5s
Ep 56	 reward -16.046	 ms 224.7	 loss 0.353199	 9.5s
Ep 57	 reward -15.911	 ms 222.8	 loss 0.341244	 10.5s
Ep 58	 reward -15.918	 ms 222.8	 loss 0.362401	 10.8s
Ep 59	 reward -16.189	 ms 226.7	 loss 0.227470	 11.1s
Ep 60	 reward -16.129	 ms 225.8	 loss 0.308934	 11.0s
Ep 61	 reward -15.943	 ms 223.2	 loss 0.294577	 11.4s
Ep 62	 reward -15.993	 ms 223.9	 loss 0.276968	 11.1s
Ep 63	 reward -16.004	 ms 224.1	 loss 0.277774	 10.6s
Ep 64	 reward -15.850	 ms 221.9	 loss 0.263758	 10.9s
Ep 65	 reward -15.879	 ms 222.3	 loss 0.288022	 11.0s
Ep 66	 reward -15.829	 ms 221.6	 loss 0.206572	 11.4s
Ep 67	 reward -15.850	 ms 221.9	 loss 0.342467	 11.2s
Ep 68	 reward -15.993	 ms 223.9	 loss 0.221723	 11.0s
Ep 69	 reward -16.014	 ms 224.2	 loss 0.217743	 11.0s
Ep 70	 reward -16.093	 ms 225.3	 loss 0.181070	 11.3s
Ep 71	 reward -15.889	 ms 222.4	 loss 0.258734	 11.3s
Ep 72	 reward -16.018	 ms 224.2	 loss 0.159189	 11.0s
Ep 73	 reward -16.036	 ms 224.5	 loss 0.232316	 10.9s
Ep 74	 reward -15.893	 ms 222.5	 loss 0.207182	 11.2s
[vali @75] rel=0.7889 (best 0.7869)  SW=219.4
Ep 75	 reward -15.921	 ms 222.9	 loss 0.220709	 18.5s
Ep 76	 reward -15.979	 ms 223.7	 loss 0.166473	 10.6s
Ep 77	 reward -15.879	 ms 222.3	 loss 0.130938	 10.7s
Ep 78	 reward -16.046	 ms 224.7	 loss 0.235777	 10.2s
Ep 79	 reward -15.754	 ms 220.6	 loss 0.199238	 10.1s
Ep 80	 reward -16.025	 ms 224.3	 loss 0.137981	 10.7s
Ep 81	 reward -16.168	 ms 226.3	 loss 0.554006	 10.0s
Ep 82	 reward -16.029	 ms 224.4	 loss 0.374419	 10.7s
Ep 83	 reward -16.139	 ms 225.9	 loss 0.518984	 10.1s
Ep 84	 reward -16.157	 ms 226.2	 loss 0.365283	 10.3s
Ep 85	 reward -16.114	 ms 225.6	 loss 0.451901	 10.9s
Ep 86	 reward -16.229	 ms 227.2	 loss 0.512867	 11.4s
Ep 87	 reward -16.286	 ms 228.0	 loss 0.470415	 11.3s
Ep 88	 reward -16.325	 ms 228.6	 loss 0.462110	 10.6s
Ep 89	 reward -16.257	 ms 227.6	 loss 0.414879	 11.7s
Ep 90	 reward -16.050	 ms 224.7	 loss 0.472354	 11.7s
Ep 91	 reward -16.361	 ms 229.1	 loss 0.401053	 11.1s
Ep 92	 reward -16.100	 ms 225.4	 loss 0.388136	 11.4s
Ep 93	 reward -16.218	 ms 227.1	 loss 0.466954	 11.3s
Ep 94	 reward -16.279	 ms 227.9	 loss 0.580316	 11.4s
Ep 95	 reward -16.146	 ms 226.1	 loss 0.260577	 10.9s
Ep 96	 reward -16.064	 ms 224.9	 loss 0.361541	 11.4s
Ep 97	 reward -16.064	 ms 224.9	 loss 0.535470	 11.6s
Ep 98	 reward -16.129	 ms 225.8	 loss 0.491964	 11.1s
Ep 99	 reward -16.379	 ms 229.3	 loss 0.267566	 11.4s
[vali @100] rel=0.8008 (best 0.7869)  SW=222.7
Ep 100	 reward -16.293	 ms 228.1	 loss 0.297431	 19.1s
Ep 101	 reward -16.361	 ms 229.1	 loss 0.556270	 11.3s
Ep 102	 reward -16.057	 ms 224.8	 loss 0.514436	 11.2s
Ep 103	 reward -16.261	 ms 227.7	 loss 0.461662	 11.7s
Ep 104	 reward -16.100	 ms 225.4	 loss 0.496140	 10.9s
Ep 105	 reward -16.279	 ms 227.9	 loss 0.573193	 10.8s
Ep 106	 reward -16.268	 ms 227.8	 loss 0.530262	 9.9s
Ep 107	 reward -15.989	 ms 223.8	 loss 0.369346	 10.1s
Ep 108	 reward -16.329	 ms 228.6	 loss 0.541703	 10.9s
Ep 109	 reward -16.346	 ms 228.8	 loss 0.552079	 11.1s
Ep 110	 reward -16.279	 ms 227.9	 loss 0.503038	 11.2s
Ep 111	 reward -16.368	 ms 229.2	 loss 0.714439	 10.6s
Ep 112	 reward -16.229	 ms 227.2	 loss 0.466600	 10.7s
Ep 113	 reward -16.121	 ms 225.7	 loss 0.467937	 10.4s
Ep 114	 reward -16.257	 ms 227.6	 loss 0.590488	 11.1s
Ep 115	 reward -16.050	 ms 224.7	 loss 0.396334	 11.6s
Ep 116	 reward -15.975	 ms 223.7	 loss 0.386013	 11.6s
Ep 117	 reward -16.100	 ms 225.4	 loss 0.364090	 11.4s
Ep 118	 reward -16.118	 ms 225.7	 loss 0.528295	 11.6s
Ep 119	 reward -16.096	 ms 225.3	 loss 0.441101	 11.4s
Ep 120	 reward -16.229	 ms 227.2	 loss 0.378665	 11.8s
Ep 121	 reward -16.382	 ms 229.3	 loss 0.474628	 12.2s
Ep 122	 reward -16.336	 ms 228.7	 loss 0.570759	 11.8s
Ep 123	 reward -16.257	 ms 227.6	 loss 0.559363	 12.0s
Ep 124	 reward -16.243	 ms 227.4	 loss 0.440754	 12.0s
[vali @125] rel=0.7860 (best 0.7860)  SW=218.6
Ep 125	 reward -16.454	 ms 230.3	 loss 0.581715	 20.0s
Ep 126	 reward -16.261	 ms 227.7	 loss 0.529635	 11.9s
Ep 127	 reward -16.289	 ms 228.1	 loss 0.328667	 11.7s
Ep 128	 reward -16.214	 ms 227.0	 loss 0.370162	 11.9s
Ep 129	 reward -16.329	 ms 228.6	 loss 0.323962	 11.4s
Ep 130	 reward -16.282	 ms 227.9	 loss 0.445527	 12.0s
Ep 131	 reward -16.200	 ms 226.8	 loss 0.511028	 11.0s
Ep 132	 reward -16.279	 ms 227.9	 loss 0.375894	 11.5s
Ep 133	 reward -16.343	 ms 228.8	 loss 0.368129	 11.1s
Ep 134	 reward -16.207	 ms 226.9	 loss 0.306990	 11.2s
Ep 135	 reward -16.114	 ms 225.6	 loss 0.319130	 10.5s
Ep 136	 reward -16.214	 ms 227.0	 loss 0.484689	 11.2s
Ep 137	 reward -16.111	 ms 225.6	 loss 0.296020	 10.9s
Ep 138	 reward -16.168	 ms 226.3	 loss 0.360114	 10.0s
Ep 139	 reward -16.204	 ms 226.8	 loss 0.277571	 11.2s
Ep 140	 reward -16.243	 ms 227.4	 loss 0.237753	 10.6s
Ep 141	 reward -16.011	 ms 224.2	 loss 0.432464	 10.8s
Ep 142	 reward -16.154	 ms 226.2	 loss 0.390786	 11.1s
Ep 143	 reward -16.007	 ms 224.1	 loss 0.116667	 11.2s
Ep 144	 reward -15.979	 ms 223.7	 loss 0.272672	 11.4s
Ep 145	 reward -15.864	 ms 222.1	 loss 0.196056	 11.1s
Ep 146	 reward -16.118	 ms 225.7	 loss 0.220136	 11.2s
Ep 147	 reward -15.900	 ms 222.6	 loss 0.202759	 11.2s
Ep 148	 reward -15.921	 ms 222.9	 loss 0.169561	 11.3s
Ep 149	 reward -16.025	 ms 224.3	 loss 0.304525	 11.3s
[vali @150] rel=0.7830 (best 0.7830)  SW=217.8
Ep 150	 reward -16.011	 ms 224.2	 loss 0.450368	 19.1s
Ep 151	 reward -16.007	 ms 224.1	 loss 0.365490	 11.1s
Ep 152	 reward -16.086	 ms 225.2	 loss 0.281549	 11.1s
Ep 153	 reward -16.039	 ms 224.6	 loss 0.319006	 11.0s
Ep 154	 reward -15.854	 ms 221.9	 loss 0.172646	 11.2s
Ep 155	 reward -15.850	 ms 221.9	 loss 0.163377	 11.2s
Ep 156	 reward -16.046	 ms 224.7	 loss 0.165718	 10.8s
Ep 157	 reward -16.000	 ms 224.0	 loss 0.311609	 11.6s
Ep 158	 reward -16.032	 ms 224.4	 loss 0.271399	 11.4s
Ep 159	 reward -16.068	 ms 224.9	 loss 0.346580	 11.6s
Ep 160	 reward -15.893	 ms 222.5	 loss 0.259224	 11.9s
Ep 161	 reward -16.093	 ms 225.3	 loss 0.223170	 11.3s
Ep 162	 reward -16.111	 ms 225.6	 loss 0.323173	 10.9s
Ep 163	 reward -16.254	 ms 227.6	 loss 0.282210	 11.3s
Ep 164	 reward -16.214	 ms 227.0	 loss 0.324398	 11.1s
Ep 165	 reward -16.404	 ms 229.7	 loss 0.567476	 11.4s
Ep 166	 reward -16.043	 ms 224.6	 loss 0.259750	 10.4s
Ep 167	 reward -16.189	 ms 226.7	 loss 0.237200	 11.2s
Ep 168	 reward -16.014	 ms 224.2	 loss 0.337054	 11.4s
Ep 169	 reward -16.186	 ms 226.6	 loss 0.342566	 10.6s
Ep 170	 reward -16.307	 ms 228.3	 loss 0.423919	 11.0s
Ep 171	 reward -16.439	 ms 230.2	 loss 0.386152	 11.3s
Ep 172	 reward -15.968	 ms 223.6	 loss 0.268148	 11.5s
Ep 173	 reward -15.950	 ms 223.3	 loss 0.206597	 11.5s
Ep 174	 reward -16.146	 ms 226.1	 loss 0.207454	 11.5s
[vali @175] rel=0.7843 (best 0.7830)  SW=218.1
Ep 175	 reward -16.200	 ms 226.8	 loss 0.247444	 19.4s
Ep 176	 reward -16.132	 ms 225.8	 loss 0.313957	 11.7s
Ep 177	 reward -16.168	 ms 226.3	 loss 0.210264	 11.6s
Ep 178	 reward -16.186	 ms 226.6	 loss 0.367772	 11.4s
Ep 179	 reward -16.200	 ms 226.8	 loss 0.263884	 12.0s
Ep 180	 reward -16.346	 ms 228.8	 loss 0.245994	 11.7s
Ep 181	 reward -16.304	 ms 228.2	 loss 0.330387	 11.6s
Ep 182	 reward -16.371	 ms 229.2	 loss 0.210556	 11.5s
Ep 183	 reward -16.186	 ms 226.6	 loss 0.350422	 12.9s
Ep 184	 reward -16.486	 ms 230.8	 loss 0.260054	 12.3s
Ep 185	 reward -16.339	 ms 228.8	 loss 0.300861	 12.2s
Ep 186	 reward -16.125	 ms 225.8	 loss 0.229579	 11.8s
Ep 187	 reward -16.411	 ms 229.8	 loss 0.312117	 11.2s
Ep 188	 reward -16.254	 ms 227.6	 loss 0.330253	 12.3s
Ep 189	 reward -16.350	 ms 228.9	 loss 0.229977	 10.9s
Ep 190	 reward -16.250	 ms 227.5	 loss 0.200158	 11.1s
Ep 191	 reward -16.236	 ms 227.3	 loss 0.247469	 10.9s
Ep 192	 reward -16.154	 ms 226.2	 loss 0.156817	 11.2s
Ep 193	 reward -16.175	 ms 226.4	 loss 0.183946	 10.9s
Ep 194	 reward -16.189	 ms 226.7	 loss 0.108606	 10.7s
Ep 195	 reward -16.321	 ms 228.5	 loss 0.292887	 10.3s
Ep 196	 reward -16.286	 ms 228.0	 loss 0.202325	 11.1s
Ep 197	 reward -16.189	 ms 226.7	 loss 0.219656	 10.8s
Ep 198	 reward -16.168	 ms 226.3	 loss 0.362976	 11.3s
Ep 199	 reward -16.304	 ms 228.2	 loss 0.168320	 11.3s
[vali @200] rel=0.7859 (best 0.7830)  SW=218.6
Ep 200	 reward -16.286	 ms 228.0	 loss 0.309295	 17.9s
Ep 201	 reward -16.011	 ms 224.2	 loss 0.367237	 11.5s
Ep 202	 reward -15.889	 ms 222.4	 loss 0.426632	 12.0s
Ep 203	 reward -15.943	 ms 223.2	 loss 0.424972	 11.4s
Ep 204	 reward -16.007	 ms 224.1	 loss 0.284366	 12.2s
Ep 205	 reward -16.068	 ms 224.9	 loss 0.471166	 12.0s
Ep 206	 reward -16.064	 ms 224.9	 loss 0.426980	 11.9s
Ep 207	 reward -15.896	 ms 222.6	 loss 0.357394	 11.5s
Ep 208	 reward -16.061	 ms 224.8	 loss 0.486362	 11.6s
Ep 209	 reward -15.950	 ms 223.3	 loss 0.335594	 11.7s
Ep 210	 reward -15.943	 ms 223.2	 loss 0.429293	 12.1s
Ep 211	 reward -15.954	 ms 223.3	 loss 0.463585	 11.7s
Ep 212	 reward -15.961	 ms 223.4	 loss 0.468187	 11.3s
Ep 213	 reward -15.954	 ms 223.3	 loss 0.288444	 12.0s
Ep 214	 reward -15.864	 ms 222.1	 loss 0.509623	 12.3s
Ep 215	 reward -15.800	 ms 221.2	 loss 0.375756	 11.6s
Ep 216	 reward -15.875	 ms 222.2	 loss 0.306837	 11.6s
Ep 217	 reward -15.889	 ms 222.4	 loss 0.413668	 11.9s
Ep 218	 reward -15.950	 ms 223.3	 loss 0.313118	 11.4s
Ep 219	 reward -15.864	 ms 222.1	 loss 0.407131	 11.3s
Ep 220	 reward -15.936	 ms 223.1	 loss 0.366539	 10.7s
Ep 221	 reward -16.068	 ms 224.9	 loss 0.426094	 10.9s
Ep 222	 reward -15.929	 ms 223.0	 loss 0.434422	 11.0s
Ep 223	 reward -16.046	 ms 224.7	 loss 0.370977	 10.6s
Ep 224	 reward -16.054	 ms 224.8	 loss 0.191035	 11.3s
[vali @225] rel=0.7911 (best 0.7830)  SW=220.0
Ep 225	 reward -15.975	 ms 223.7	 loss 0.146958	 17.4s
Ep 226	 reward -16.071	 ms 225.0	 loss 0.222311	 11.0s
Ep 227	 reward -15.932	 ms 223.1	 loss 0.159239	 10.8s
Ep 228	 reward -15.964	 ms 223.5	 loss 0.250809	 11.3s
Ep 229	 reward -16.029	 ms 224.4	 loss 0.180754	 11.7s
Ep 230	 reward -16.179	 ms 226.5	 loss 0.389917	 12.1s
Ep 231	 reward -16.046	 ms 224.7	 loss 0.200398	 11.3s
Ep 232	 reward -16.025	 ms 224.3	 loss 0.361133	 11.9s
Ep 233	 reward -15.993	 ms 223.9	 loss 0.181658	 11.6s
Ep 234	 reward -15.900	 ms 222.6	 loss 0.254605	 11.8s
Ep 235	 reward -15.975	 ms 223.7	 loss 0.310407	 11.7s
Ep 236	 reward -16.032	 ms 224.4	 loss 0.391938	 11.5s
Ep 237	 reward -15.857	 ms 222.0	 loss 0.235469	 11.2s
Ep 238	 reward -15.986	 ms 223.8	 loss 0.351086	 11.8s
Ep 239	 reward -16.171	 ms 226.4	 loss 0.142779	 11.9s
Ep 240	 reward -15.904	 ms 222.7	 loss 0.149681	 11.7s
Ep 241	 reward -15.725	 ms 220.2	 loss 0.299107	 11.7s
Ep 242	 reward -15.596	 ms 218.3	 loss 0.264108	 11.9s
Ep 243	 reward -15.729	 ms 220.2	 loss 0.227954	 11.8s
Ep 244	 reward -15.668	 ms 219.3	 loss 0.172113	 11.6s
Ep 245	 reward -15.796	 ms 221.2	 loss 0.199307	 11.7s
Ep 246	 reward -15.793	 ms 221.1	 loss 0.264435	 11.5s
Ep 247	 reward -15.779	 ms 220.9	 loss 0.261076	 11.2s
Ep 248	 reward -15.693	 ms 219.7	 loss 0.257874	 11.4s
Ep 249	 reward -15.736	 ms 220.3	 loss 0.262050	 11.0s
[vali @250] rel=0.7844 (best 0.7830)  SW=218.2
Ep 250	 reward -15.561	 ms 217.8	 loss 0.246120	 18.2s
Ep 251	 reward -15.525	 ms 217.3	 loss 0.349187	 10.5s
Ep 252	 reward -15.650	 ms 219.1	 loss 0.371151	 11.2s
Ep 253	 reward -15.575	 ms 218.1	 loss 0.165361	 10.7s
Ep 254	 reward -15.525	 ms 217.3	 loss 0.202014	 11.1s
Ep 255	 reward -15.532	 ms 217.4	 loss 0.212637	 11.2s
Ep 256	 reward -15.729	 ms 220.2	 loss 0.274624	 11.1s
Ep 257	 reward -15.668	 ms 219.3	 loss 0.297613	 11.6s
Ep 258	 reward -15.689	 ms 219.7	 loss 0.253627	 12.5s
Ep 259	 reward -15.729	 ms 220.2	 loss 0.257744	 11.6s
Ep 260	 reward -15.682	 ms 219.6	 loss 0.183975	 11.5s
Ep 261	 reward -15.793	 ms 221.1	 loss 0.183424	 11.8s
Ep 262	 reward -15.854	 ms 221.9	 loss 0.120783	 11.1s
Ep 263	 reward -15.818	 ms 221.4	 loss 0.113771	 12.1s
Ep 264	 reward -15.814	 ms 221.4	 loss 0.133263	 11.6s
Ep 265	 reward -15.779	 ms 220.9	 loss 0.137871	 12.1s
Ep 266	 reward -15.807	 ms 221.3	 loss 0.069585	 11.9s
Ep 267	 reward -15.925	 ms 222.9	 loss 0.133499	 11.6s
Ep 268	 reward -15.861	 ms 222.1	 loss 0.165238	 12.9s
Ep 269	 reward -15.732	 ms 220.2	 loss 0.102687	 11.3s
Ep 270	 reward -15.886	 ms 222.4	 loss 0.062748	 11.4s
Ep 271	 reward -15.789	 ms 221.1	 loss 0.205205	 13.0s
Ep 272	 reward -15.925	 ms 222.9	 loss 0.188534	 11.3s
Ep 273	 reward -15.754	 ms 220.6	 loss 0.115487	 11.8s
Ep 274	 reward -15.793	 ms 221.1	 loss 0.039901	 11.5s
[vali @275] rel=0.7846 (best 0.7830)  SW=218.2
Ep 275	 reward -15.871	 ms 222.2	 loss 0.115842	 19.5s
Ep 276	 reward -15.907	 ms 222.7	 loss 0.178389	 11.6s
Ep 277	 reward -15.804	 ms 221.2	 loss 0.098408	 10.9s
Ep 278	 reward -15.818	 ms 221.4	 loss 0.225546	 10.4s
Ep 279	 reward -15.804	 ms 221.2	 loss 0.098820	 11.0s
Ep 280	 reward -15.836	 ms 221.7	 loss 0.063766	 10.4s
Ep 281	 reward -15.804	 ms 221.2	 loss 0.266002	 11.2s
Ep 282	 reward -15.604	 ms 218.4	 loss 0.344040	 10.8s
Ep 283	 reward -15.761	 ms 220.7	 loss 0.275030	 10.8s
Ep 284	 reward -15.896	 ms 222.6	 loss 0.248562	 11.9s
Ep 285	 reward -15.764	 ms 220.7	 loss 0.247125	 11.1s
Ep 286	 reward -15.625	 ms 218.8	 loss 0.255426	 11.8s
Ep 287	 reward -15.693	 ms 219.7	 loss 0.259197	 10.7s
Ep 288	 reward -15.743	 ms 220.4	 loss 0.211981	 11.8s
Ep 289	 reward -15.711	 ms 219.9	 loss 0.281192	 12.2s
Ep 290	 reward -15.614	 ms 218.6	 loss 0.249096	 11.7s
Ep 291	 reward -15.682	 ms 219.6	 loss 0.236557	 11.3s
Ep 292	 reward -15.657	 ms 219.2	 loss 0.193782	 11.7s
Ep 293	 reward -15.839	 ms 221.8	 loss 0.208412	 12.2s
Ep 294	 reward -15.711	 ms 219.9	 loss 0.149077	 11.9s
Ep 295	 reward -15.811	 ms 221.3	 loss 0.240343	 11.3s
Ep 296	 reward -15.736	 ms 220.3	 loss 0.148784	 11.8s
Ep 297	 reward -15.757	 ms 220.6	 loss 0.294040	 11.9s
Ep 298	 reward -15.832	 ms 221.7	 loss 0.233240	 11.8s
Ep 299	 reward -15.800	 ms 221.2	 loss 0.266086	 11.8s
[vali @300] rel=0.7835 (best 0.7830)  SW=217.9
Ep 300	 reward -16.029	 ms 224.4	 loss 0.257064	 19.8s
Ep 301	 reward -16.118	 ms 225.7	 loss 0.403322	 12.3s
Ep 302	 reward -15.750	 ms 220.5	 loss 0.378179	 11.6s
Ep 303	 reward -15.814	 ms 221.4	 loss 0.161645	 10.7s
Ep 304	 reward -15.911	 ms 222.8	 loss 0.347449	 11.3s
Ep 305	 reward -15.800	 ms 221.2	 loss 0.385007	 10.5s
Ep 306	 reward -15.946	 ms 223.2	 loss 0.302906	 10.1s
Ep 307	 reward -15.946	 ms 223.2	 loss 0.261333	 11.0s
Ep 308	 reward -15.907	 ms 222.7	 loss 0.203370	 10.2s
Ep 309	 reward -15.907	 ms 222.7	 loss 0.367952	 11.8s
Ep 310	 reward -15.857	 ms 222.0	 loss 0.328531	 11.1s
Ep 311	 reward -15.643	 ms 219.0	 loss 0.307588	 10.8s
Ep 312	 reward -15.996	 ms 223.9	 loss 0.320231	 11.0s
Ep 313	 reward -15.807	 ms 221.3	 loss 0.296266	 11.1s
Ep 314	 reward -15.739	 ms 220.3	 loss 0.357967	 12.1s
Ep 315	 reward -16.086	 ms 225.2	 loss 0.188943	 11.8s
Ep 316	 reward -15.968	 ms 223.6	 loss 0.276698	 11.3s
Ep 317	 reward -15.764	 ms 220.7	 loss 0.188337	 11.4s
Ep 318	 reward -15.871	 ms 222.2	 loss 0.270085	 11.2s
Ep 319	 reward -15.850	 ms 221.9	 loss 0.392089	 11.7s
Ep 320	 reward -15.943	 ms 223.2	 loss 0.378140	 12.0s
Ep 321	 reward -15.818	 ms 221.4	 loss 0.285352	 11.8s
Ep 322	 reward -15.907	 ms 222.7	 loss 0.261276	 11.9s
Ep 323	 reward -16.136	 ms 225.9	 loss 0.330197	 11.9s
Ep 324	 reward -15.739	 ms 220.3	 loss 0.297752	 11.9s
[vali @325] rel=0.7875 (best 0.7830)  SW=219.0
Ep 325	 reward -15.732	 ms 220.2	 loss 0.237915	 21.3s
Ep 326	 reward -15.864	 ms 222.1	 loss 0.279294	 12.2s
Ep 327	 reward -15.839	 ms 221.8	 loss 0.305875	 11.9s
Ep 328	 reward -15.800	 ms 221.2	 loss 0.227537	 11.7s
Ep 329	 reward -15.879	 ms 222.3	 loss 0.298917	 11.3s
Ep 330	 reward -15.800	 ms 221.2	 loss 0.314926	 11.7s
Ep 331	 reward -15.746	 ms 220.4	 loss 0.179971	 11.3s
Ep 332	 reward -15.832	 ms 221.7	 loss 0.213304	 11.3s
Ep 333	 reward -15.975	 ms 223.7	 loss 0.227200	 11.4s
Ep 334	 reward -15.714	 ms 220.0	 loss 0.297261	 11.4s
Ep 335	 reward -15.804	 ms 221.2	 loss 0.220334	 11.2s
Ep 336	 reward -15.971	 ms 223.6	 loss 0.215550	 10.7s
Ep 337	 reward -15.789	 ms 221.1	 loss 0.286044	 10.6s
Ep 338	 reward -15.818	 ms 221.4	 loss 0.349923	 11.8s
Ep 339	 reward -15.836	 ms 221.7	 loss 0.240556	 10.9s
Ep 340	 reward -15.996	 ms 223.9	 loss 0.355396	 11.2s
Ep 341	 reward -15.746	 ms 220.4	 loss 0.285636	 10.6s
Ep 342	 reward -15.846	 ms 221.8	 loss 0.355228	 11.4s
Ep 343	 reward -15.846	 ms 221.8	 loss 0.289299	 11.8s
Ep 344	 reward -15.721	 ms 220.1	 loss 0.162045	 12.2s
Ep 345	 reward -15.907	 ms 222.7	 loss 0.293804	 11.8s
Ep 346	 reward -15.832	 ms 221.7	 loss 0.291938	 12.0s
Ep 347	 reward -15.707	 ms 219.9	 loss 0.116446	 12.2s
Ep 348	 reward -15.793	 ms 221.1	 loss 0.193868	 12.0s
Ep 349	 reward -15.929	 ms 223.0	 loss 0.223182	 11.5s
[vali @350] rel=0.7848 (best 0.7830)  SW=218.2
Ep 350	 reward -15.811	 ms 221.3	 loss 0.293466	 19.9s
Ep 351	 reward -15.796	 ms 221.2	 loss 0.250710	 11.6s
Ep 352	 reward -15.807	 ms 221.3	 loss 0.079353	 11.7s
Ep 353	 reward -15.946	 ms 223.2	 loss 0.211950	 11.2s
Ep 354	 reward -15.796	 ms 221.2	 loss 0.160916	 11.5s
Ep 355	 reward -15.854	 ms 221.9	 loss 0.191184	 11.5s
Ep 356	 reward -15.996	 ms 223.9	 loss 0.188057	 11.7s
Ep 357	 reward -15.921	 ms 222.9	 loss 0.173328	 11.4s
Ep 358	 reward -15.768	 ms 220.8	 loss 0.118483	 12.0s
Ep 359	 reward -15.979	 ms 223.7	 loss 0.164981	 12.4s
Ep 360	 reward -15.993	 ms 223.9	 loss 0.179226	 11.2s
Ep 361	 reward -15.811	 ms 221.3	 loss 0.393636	 11.0s
Ep 362	 reward -15.871	 ms 222.2	 loss 0.401925	 10.8s
Ep 363	 reward -16.025	 ms 224.3	 loss 0.418488	 11.3s
Ep 364	 reward -16.082	 ms 225.2	 loss 0.254757	 10.7s
Ep 365	 reward -15.861	 ms 222.1	 loss 0.366119	 11.4s
Ep 366	 reward -16.079	 ms 225.1	 loss 0.331798	 11.2s
Ep 367	 reward -15.929	 ms 223.0	 loss 0.312215	 11.3s
Ep 368	 reward -15.825	 ms 221.6	 loss 0.291278	 10.9s
Ep 369	 reward -15.979	 ms 223.7	 loss 0.287454	 11.2s
Ep 370	 reward -15.896	 ms 222.6	 loss 0.318772	 11.5s
Ep 371	 reward -15.993	 ms 223.9	 loss 0.252146	 12.0s
Ep 372	 reward -16.089	 ms 225.2	 loss 0.197031	 11.9s
Ep 373	 reward -15.893	 ms 222.5	 loss 0.172524	 11.7s
Ep 374	 reward -16.032	 ms 224.4	 loss 0.293354	 11.4s
[vali @375] rel=0.7859 (best 0.7830)  SW=218.6
Ep 375	 reward -16.054	 ms 224.8	 loss 0.289587	 20.8s
Ep 376	 reward -15.961	 ms 223.4	 loss 0.244044	 11.7s
Ep 377	 reward -15.889	 ms 222.4	 loss 0.198670	 11.6s
Ep 378	 reward -15.971	 ms 223.6	 loss 0.272780	 12.0s
Ep 379	 reward -15.779	 ms 220.9	 loss 0.237889	 11.8s
Ep 380	 reward -16.036	 ms 224.5	 loss 0.399281	 11.7s
Ep 381	 reward -16.179	 ms 226.5	 loss 0.191231	 11.9s
Ep 382	 reward -16.143	 ms 226.0	 loss 0.245293	 11.3s
Ep 383	 reward -16.129	 ms 225.8	 loss 0.259805	 12.3s
Ep 384	 reward -16.275	 ms 227.8	 loss 0.344505	 12.3s
Ep 385	 reward -16.211	 ms 226.9	 loss 0.351463	 11.6s
Ep 386	 reward -16.261	 ms 227.7	 loss 0.201354	 11.8s
Ep 387	 reward -16.268	 ms 227.8	 loss 0.338910	 11.8s
Ep 388	 reward -16.107	 ms 225.5	 loss 0.217404	 11.7s
Ep 389	 reward -16.243	 ms 227.4	 loss 0.342869	 11.6s
Ep 390	 reward -16.254	 ms 227.6	 loss 0.319097	 10.8s
Ep 391	 reward -16.214	 ms 227.0	 loss 0.116078	 11.3s
Ep 392	 reward -16.186	 ms 226.6	 loss 0.344600	 12.2s
Ep 393	 reward -16.296	 ms 228.2	 loss 0.172175	 10.9s
Ep 394	 reward -16.196	 ms 226.8	 loss 0.245912	 11.1s
Ep 395	 reward -16.250	 ms 227.5	 loss 0.359074	 11.0s
Ep 396	 reward -16.296	 ms 228.2	 loss 0.301453	 12.1s
Ep 397	 reward -16.386	 ms 229.4	 loss 0.243724	 11.6s
Ep 398	 reward -16.064	 ms 224.9	 loss 0.273365	 11.3s
Ep 399	 reward -16.218	 ms 227.1	 loss 0.302430	 11.0s
[vali @400] rel=0.7873 (best 0.7830)  SW=218.9
Ep 400	 reward -16.264	 ms 227.7	 loss 0.169701	 20.1s
Ep 401	 reward -15.982	 ms 223.8	 loss 0.478748	 11.8s
Ep 402	 reward -16.018	 ms 224.2	 loss 0.305271	 11.9s
Ep 403	 reward -15.996	 ms 223.9	 loss 0.177620	 12.0s
Ep 404	 reward -15.854	 ms 221.9	 loss 0.103526	 11.6s
Ep 405	 reward -15.932	 ms 223.1	 loss 0.408237	 11.6s
Ep 406	 reward -16.064	 ms 224.9	 loss 0.371027	 11.6s
Ep 407	 reward -15.786	 ms 221.0	 loss 0.075552	 11.9s
Ep 408	 reward -16.007	 ms 224.1	 loss 0.366414	 12.8s
Ep 409	 reward -16.064	 ms 224.9	 loss 0.277011	 11.9s
Ep 410	 reward -16.018	 ms 224.2	 loss 0.369873	 12.0s
Ep 411	 reward -16.039	 ms 224.6	 loss 0.075205	 10.8s
Ep 412	 reward -15.846	 ms 221.8	 loss 0.053415	 11.9s
Ep 413	 reward -16.064	 ms 224.9	 loss 0.356658	 11.8s
Ep 414	 reward -16.236	 ms 227.3	 loss 0.117353	 11.8s
Ep 415	 reward -15.993	 ms 223.9	 loss 0.038894	 11.3s
Ep 416	 reward -16.232	 ms 227.2	 loss 0.049971	 11.4s
Ep 417	 reward -16.032	 ms 224.4	 loss 0.186599	 11.2s
Ep 418	 reward -16.171	 ms 226.4	 loss 0.232312	 11.1s
Ep 419	 reward -15.986	 ms 223.8	 loss 0.076330	 10.8s
Ep 420	 reward -15.914	 ms 222.8	 loss 0.112554	 10.7s
Ep 421	 reward -15.707	 ms 219.9	 loss 0.474485	 11.0s
Ep 422	 reward -15.575	 ms 218.1	 loss 0.460881	 10.7s
Ep 423	 reward -15.686	 ms 219.6	 loss 0.420200	 11.2s
Ep 424	 reward -15.743	 ms 220.4	 loss 0.424416	 11.1s
[vali @425] rel=0.7868 (best 0.7830)  SW=218.8
Ep 425	 reward -15.675	 ms 219.4	 loss 0.430136	 19.0s
Ep 426	 reward -15.689	 ms 219.7	 loss 0.389969	 11.1s
Ep 427	 reward -15.643	 ms 219.0	 loss 0.468193	 10.8s
Ep 428	 reward -15.675	 ms 219.4	 loss 0.391160	 11.3s
Ep 429	 reward -15.764	 ms 220.7	 loss 0.405661	 11.8s
Ep 430	 reward -15.600	 ms 218.4	 loss 0.428954	 11.5s
Ep 431	 reward -15.689	 ms 219.7	 loss 0.194372	 11.6s
Ep 432	 reward -15.629	 ms 218.8	 loss 0.339497	 11.5s
Ep 433	 reward -15.639	 ms 218.9	 loss 0.411687	 12.1s
Ep 434	 reward -15.643	 ms 219.0	 loss 0.438081	 12.3s
Ep 435	 reward -15.671	 ms 219.4	 loss 0.381625	 11.6s
Ep 436	 reward -15.864	 ms 222.1	 loss 0.244895	 11.0s
Ep 437	 reward -15.593	 ms 218.3	 loss 0.426479	 11.7s
Ep 438	 reward -15.607	 ms 218.5	 loss 0.437691	 12.0s
Ep 439	 reward -15.586	 ms 218.2	 loss 0.327944	 11.7s
Ep 440	 reward -15.743	 ms 220.4	 loss 0.445413	 11.6s
Ep 441	 reward -15.700	 ms 219.8	 loss 0.551624	 12.0s
Ep 442	 reward -15.886	 ms 222.4	 loss 0.421067	 12.4s
Ep 443	 reward -15.829	 ms 221.6	 loss 0.444724	 11.7s
Ep 444	 reward -15.714	 ms 220.0	 loss 0.446898	 11.5s
Ep 445	 reward -15.743	 ms 220.4	 loss 0.413626	 11.2s
Ep 446	 reward -15.775	 ms 220.8	 loss 0.371347	 11.8s
Ep 447	 reward -15.950	 ms 223.3	 loss 0.371134	 10.9s
Ep 448	 reward -15.896	 ms 222.6	 loss 0.440312	 10.7s
Ep 449	 reward -15.882	 ms 222.3	 loss 0.408144	 11.1s
[vali @450] rel=0.7789 (best 0.7789)  SW=216.6
Ep 450	 reward -15.904	 ms 222.7	 loss 0.161230	 17.9s
Ep 451	 reward -15.704	 ms 219.8	 loss 0.422923	 11.4s
Ep 452	 reward -15.821	 ms 221.5	 loss 0.421985	 11.5s
Ep 453	 reward -15.929	 ms 223.0	 loss 0.410681	 11.7s
Ep 454	 reward -15.861	 ms 222.1	 loss 0.340236	 11.2s
Ep 455	 reward -15.964	 ms 223.5	 loss 0.373140	 11.9s
Ep 456	 reward -15.886	 ms 222.4	 loss 0.429405	 11.3s
Ep 457	 reward -15.714	 ms 220.0	 loss 0.412612	 11.9s
Ep 458	 reward -15.804	 ms 221.2	 loss 0.432950	 11.4s
Ep 459	 reward -15.621	 ms 218.7	 loss 0.421483	 11.9s
Ep 460	 reward -15.807	 ms 221.3	 loss 0.413788	 11.9s
Ep 461	 reward -16.043	 ms 224.6	 loss 0.173355	 11.0s
Ep 462	 reward -16.068	 ms 224.9	 loss 0.103224	 12.6s
Ep 463	 reward -15.996	 ms 223.9	 loss 0.130669	 12.3s
Ep 464	 reward -15.961	 ms 223.4	 loss 0.115681	 11.9s
Ep 465	 reward -16.029	 ms 224.4	 loss 0.234131	 11.4s
Ep 466	 reward -15.979	 ms 223.7	 loss 0.180429	 11.3s
Ep 467	 reward -16.111	 ms 225.6	 loss 0.099387	 12.1s
Ep 468	 reward -16.032	 ms 224.4	 loss 0.086789	 11.7s
Ep 469	 reward -16.064	 ms 224.9	 loss 0.129397	 11.7s
Ep 470	 reward -16.050	 ms 224.7	 loss 0.103333	 11.9s
Ep 471	 reward -15.986	 ms 223.8	 loss 0.069653	 11.5s
Ep 472	 reward -15.961	 ms 223.4	 loss 0.128063	 11.5s
Ep 473	 reward -16.025	 ms 224.3	 loss 0.102560	 11.6s
Ep 474	 reward -15.846	 ms 221.8	 loss 0.144319	 11.6s
[vali @475] rel=0.7774 (best 0.7774)  SW=216.2
Ep 475	 reward -15.943	 ms 223.2	 loss 0.079715	 20.0s
Ep 476	 reward -16.068	 ms 224.9	 loss 0.189646	 10.6s
Ep 477	 reward -15.857	 ms 222.0	 loss 0.081851	 10.7s
Ep 478	 reward -16.196	 ms 226.8	 loss 0.127597	 8.4s
Ep 479	 reward -15.914	 ms 222.8	 loss 0.058030	 7.0s
Ep 480	 reward -15.911	 ms 222.8	 loss 0.076542	 7.4s
Ep 481	 reward -15.911	 ms 222.8	 loss 0.277760	 7.0s
Ep 482	 reward -15.846	 ms 221.8	 loss 0.202059	 7.5s
Ep 483	 reward -15.814	 ms 221.4	 loss 0.237166	 7.8s
Ep 484	 reward -15.950	 ms 223.3	 loss 0.208025	 7.8s
Ep 485	 reward -16.036	 ms 224.5	 loss 0.260223	 7.4s
Ep 486	 reward -15.757	 ms 220.6	 loss 0.191116	 7.6s
Ep 487	 reward -15.811	 ms 221.3	 loss 0.160402	 7.5s
Ep 488	 reward -15.854	 ms 221.9	 loss 0.223968	 9.4s
Ep 489	 reward -15.811	 ms 221.3	 loss 0.132008	 8.7s
Ep 490	 reward -15.850	 ms 221.9	 loss 0.143520	 8.8s
Ep 491	 reward -15.871	 ms 222.2	 loss 0.210332	 8.9s
Ep 492	 reward -16.061	 ms 224.8	 loss 0.280555	 9.3s
Ep 493	 reward -15.882	 ms 222.3	 loss 0.276891	 9.7s
Ep 494	 reward -15.900	 ms 222.6	 loss 0.252121	 10.5s
Ep 495	 reward -15.914	 ms 222.8	 loss 0.153498	 10.5s
Ep 496	 reward -15.714	 ms 220.0	 loss 0.149415	 10.5s
Ep 497	 reward -16.114	 ms 225.6	 loss 0.190300	 10.9s
Ep 498	 reward -15.825	 ms 221.6	 loss 0.146834	 10.4s
Ep 499	 reward -15.932	 ms 223.1	 loss 0.243993	 10.8s
[vali @500] rel=0.7753 (best 0.7753)  SW=215.6
Ep 500	 reward -15.868	 ms 222.2	 loss 0.195449	 18.8s
Ep 501	 reward -15.821	 ms 221.5	 loss 0.201675	 10.8s
Ep 502	 reward -15.629	 ms 218.8	 loss 0.124561	 11.6s
Ep 503	 reward -15.729	 ms 220.2	 loss 0.206900	 11.6s
Ep 504	 reward -15.611	 ms 218.6	 loss 0.158022	 12.3s
Ep 505	 reward -15.696	 ms 219.8	 loss 0.145253	 11.7s
Ep 506	 reward -15.689	 ms 219.7	 loss 0.054864	 11.0s
Ep 507	 reward -15.739	 ms 220.3	 loss 0.271543	 11.7s
Ep 508	 reward -15.800	 ms 221.2	 loss 0.187227	 11.8s
Ep 509	 reward -15.611	 ms 218.6	 loss 0.252930	 11.6s
Ep 510	 reward -15.639	 ms 218.9	 loss 0.335702	 12.2s
Ep 511	 reward -15.543	 ms 217.6	 loss 0.274502	 11.3s
Ep 512	 reward -15.739	 ms 220.3	 loss 0.296324	 12.4s
Ep 513	 reward -15.629	 ms 218.8	 loss 0.258768	 13.0s
Ep 514	 reward -15.754	 ms 220.6	 loss 0.225448	 11.1s
Ep 515	 reward -15.689	 ms 219.7	 loss 0.218217	 11.5s
Ep 516	 reward -15.632	 ms 218.8	 loss 0.244153	 11.5s
Ep 517	 reward -15.689	 ms 219.7	 loss 0.201404	 12.1s
Ep 518	 reward -15.693	 ms 219.7	 loss 0.134450	 11.5s
Ep 519	 reward -15.657	 ms 219.2	 loss 0.238402	 11.6s
Ep 520	 reward -15.661	 ms 219.2	 loss 0.091875	 11.9s
Ep 521	 reward -16.000	 ms 224.0	 loss 0.125849	 11.7s
Ep 522	 reward -15.996	 ms 223.9	 loss 0.246754	 11.4s
Ep 523	 reward -16.129	 ms 225.8	 loss 0.198870	 11.8s
Ep 524	 reward -16.046	 ms 224.7	 loss 0.429193	 11.8s
[vali @525] rel=0.7767 (best 0.7753)  SW=216.0
Ep 525	 reward -16.275	 ms 227.8	 loss 0.143756	 19.1s
Ep 526	 reward -15.964	 ms 223.5	 loss 0.074117	 11.5s
Ep 527	 reward -16.139	 ms 225.9	 loss 0.148146	 11.9s
Ep 528	 reward -16.046	 ms 224.7	 loss 0.140963	 12.0s
Ep 529	 reward -16.121	 ms 225.7	 loss 0.086667	 11.0s
Ep 530	 reward -16.132	 ms 225.8	 loss 0.253123	 11.3s
Ep 531	 reward -16.082	 ms 225.2	 loss 0.184896	 11.8s
Ep 532	 reward -15.957	 ms 223.4	 loss 0.155354	 11.4s
Ep 533	 reward -15.979	 ms 223.7	 loss 0.113563	 11.6s
Ep 534	 reward -15.911	 ms 222.8	 loss 0.216504	 11.4s
Ep 535	 reward -16.121	 ms 225.7	 loss 0.084204	 11.7s
Ep 536	 reward -16.096	 ms 225.3	 loss 0.218930	 11.3s
Ep 537	 reward -16.104	 ms 225.4	 loss 0.087674	 11.4s
Ep 538	 reward -16.036	 ms 224.5	 loss 0.259840	 11.2s
Ep 539	 reward -16.354	 ms 228.9	 loss 0.233798	 11.4s
Ep 540	 reward -16.125	 ms 225.8	 loss 0.049900	 11.5s
Ep 541	 reward -15.550	 ms 217.7	 loss 0.413989	 11.8s
Ep 542	 reward -15.682	 ms 219.6	 loss 0.455025	 11.5s
Ep 543	 reward -15.654	 ms 219.2	 loss 0.319153	 10.9s
Ep 544	 reward -15.518	 ms 217.2	 loss 0.426865	 12.4s
Ep 545	 reward -15.600	 ms 218.4	 loss 0.177211	 11.7s
Ep 546	 reward -15.639	 ms 218.9	 loss 0.368686	 11.5s
Ep 547	 reward -15.579	 ms 218.1	 loss 0.251308	 10.6s
Ep 548	 reward -15.486	 ms 216.8	 loss 0.147084	 11.5s
Ep 549	 reward -15.461	 ms 216.4	 loss 0.434256	 12.6s
[vali @550] rel=0.7738 (best 0.7738)  SW=215.2
Ep 550	 reward -15.536	 ms 217.5	 loss 0.313372	 18.4s
Ep 551	 reward -15.475	 ms 216.7	 loss 0.261878	 11.3s
Ep 552	 reward -15.586	 ms 218.2	 loss 0.218703	 11.8s
Ep 553	 reward -15.561	 ms 217.8	 loss 0.369889	 12.0s
Ep 554	 reward -15.454	 ms 216.3	 loss 0.182315	 11.6s
Ep 555	 reward -15.532	 ms 217.4	 loss 0.194246	 11.1s
Ep 556	 reward -15.536	 ms 217.5	 loss 0.377255	 11.7s
Ep 557	 reward -15.404	 ms 215.7	 loss 0.288317	 11.9s
Ep 558	 reward -15.571	 ms 218.0	 loss 0.278030	 14.0s
Ep 559	 reward -15.671	 ms 219.4	 loss 0.402503	 11.5s
Ep 560	 reward -15.636	 ms 218.9	 loss 0.435942	 11.4s
Ep 561	 reward -15.471	 ms 216.6	 loss 0.203670	 12.0s
Ep 562	 reward -15.557	 ms 217.8	 loss 0.225942	 11.9s
Ep 563	 reward -15.636	 ms 218.9	 loss 0.172290	 11.6s
Ep 564	 reward -15.454	 ms 216.3	 loss 0.138680	 12.7s
Ep 565	 reward -15.464	 ms 216.5	 loss 0.144999	 12.8s
Ep 566	 reward -15.446	 ms 216.2	 loss 0.129553	 12.1s
Ep 567	 reward -15.700	 ms 219.8	 loss 0.115036	 11.9s
Ep 568	 reward -15.457	 ms 216.4	 loss 0.131324	 11.4s
Ep 569	 reward -15.525	 ms 217.3	 loss 0.057695	 13.4s
Ep 570	 reward -15.532	 ms 217.4	 loss 0.183608	 12.4s
Ep 571	 reward -15.457	 ms 216.4	 loss 0.234706	 13.0s
Ep 572	 reward -15.561	 ms 217.8	 loss 0.164912	 12.1s
Ep 573	 reward -15.550	 ms 217.7	 loss 0.074785	 11.8s
Ep 574	 reward -15.471	 ms 216.6	 loss 0.224457	 12.2s
[vali @575] rel=0.7749 (best 0.7738)  SW=215.5
Ep 575	 reward -15.718	 ms 220.1	 loss 0.272712	 20.9s
Ep 576	 reward -15.282	 ms 213.9	 loss 0.051569	 12.0s
Ep 577	 reward -15.586	 ms 218.2	 loss 0.264397	 13.7s
Ep 578	 reward -15.511	 ms 217.2	 loss 0.125528	 13.2s
Ep 579	 reward -15.479	 ms 216.7	 loss 0.115016	 12.1s
Ep 580	 reward -15.464	 ms 216.5	 loss 0.068925	 12.8s
Ep 581	 reward -15.611	 ms 218.6	 loss 0.264164	 11.9s
Ep 582	 reward -15.607	 ms 218.5	 loss 0.229906	 12.5s
Ep 583	 reward -15.732	 ms 220.2	 loss 0.170679	 13.4s
Ep 584	 reward -15.625	 ms 218.8	 loss 0.242060	 13.1s
Ep 585	 reward -15.671	 ms 219.4	 loss 0.221126	 11.0s
Ep 586	 reward -15.679	 ms 219.5	 loss 0.252007	 12.0s
Ep 587	 reward -15.564	 ms 217.9	 loss 0.220322	 12.5s
Ep 588	 reward -15.518	 ms 217.2	 loss 0.193517	 12.7s
Ep 589	 reward -15.725	 ms 220.2	 loss 0.153003	 12.5s
Ep 590	 reward -15.514	 ms 217.2	 loss 0.327631	 11.8s
Ep 591	 reward -15.457	 ms 216.4	 loss 0.085671	 13.2s
Ep 592	 reward -15.650	 ms 219.1	 loss 0.223642	 11.9s
Ep 593	 reward -15.611	 ms 218.6	 loss 0.126337	 13.0s
Ep 594	 reward -15.654	 ms 219.2	 loss 0.161458	 11.9s
Ep 595	 reward -15.464	 ms 216.5	 loss 0.041990	 11.9s
Ep 596	 reward -15.611	 ms 218.6	 loss 0.180968	 11.2s
Ep 597	 reward -15.629	 ms 218.8	 loss 0.236097	 12.5s
Ep 598	 reward -15.625	 ms 218.8	 loss 0.244268	 12.5s
Ep 599	 reward -15.650	 ms 219.1	 loss 0.191531	 13.7s
[vali @600] rel=0.7763 (best 0.7738)  SW=215.9
Ep 600	 reward -15.468	 ms 216.6	 loss 0.317996	 22.5s
Ep 601	 reward -15.493	 ms 216.9	 loss 0.101062	 12.5s
Ep 602	 reward -15.564	 ms 217.9	 loss 0.111212	 11.8s
Ep 603	 reward -15.571	 ms 218.0	 loss 0.146809	 12.7s
Ep 604	 reward -15.479	 ms 216.7	 loss 0.198895	 12.6s
Ep 605	 reward -15.511	 ms 217.2	 loss 0.229016	 13.4s
Ep 606	 reward -15.386	 ms 215.4	 loss 0.057770	 12.6s
Ep 607	 reward -15.611	 ms 218.6	 loss 0.259890	 11.3s
Ep 608	 reward -15.500	 ms 217.0	 loss 0.189966	 13.1s
Ep 609	 reward -15.443	 ms 216.2	 loss 0.062645	 12.7s
Ep 610	 reward -15.525	 ms 217.3	 loss -0.008508	 11.5s
Ep 611	 reward -15.439	 ms 216.2	 loss 0.106153	 11.9s
Ep 612	 reward -15.532	 ms 217.4	 loss 0.221235	 12.2s
Ep 613	 reward -15.425	 ms 215.9	 loss 0.056493	 12.5s
Ep 614	 reward -15.596	 ms 218.3	 loss 0.229466	 11.4s
Ep 615	 reward -15.418	 ms 215.8	 loss 0.180204	 12.5s
Ep 616	 reward -15.521	 ms 217.3	 loss 0.133929	 12.1s
Ep 617	 reward -15.496	 ms 216.9	 loss 0.170067	 12.2s
Ep 618	 reward -15.532	 ms 217.4	 loss 0.045909	 12.0s
Ep 619	 reward -15.486	 ms 216.8	 loss 0.089260	 12.0s
Ep 620	 reward -15.579	 ms 218.1	 loss 0.171954	 12.2s
Ep 621	 reward -15.661	 ms 219.2	 loss 0.383689	 11.7s
Ep 622	 reward -15.846	 ms 221.8	 loss 0.096384	 12.3s
Ep 623	 reward -15.729	 ms 220.2	 loss 0.104230	 12.8s
Ep 624	 reward -15.800	 ms 221.2	 loss 0.291840	 13.6s
[vali @625] rel=0.7807 (best 0.7738)  SW=217.1
Ep 625	 reward -15.796	 ms 221.2	 loss 0.176942	 21.2s
Ep 626	 reward -15.932	 ms 223.1	 loss 0.175919	 11.5s
Ep 627	 reward -15.843	 ms 221.8	 loss 0.150984	 12.8s
Ep 628	 reward -15.921	 ms 222.9	 loss 0.181729	 12.3s
Ep 629	 reward -15.832	 ms 221.7	 loss 0.218587	 12.1s
Ep 630	 reward -15.657	 ms 219.2	 loss 0.088675	 11.2s
Ep 631	 reward -15.718	 ms 220.1	 loss 0.084077	 13.5s
Ep 632	 reward -15.743	 ms 220.4	 loss 0.245769	 12.7s
Ep 633	 reward -15.643	 ms 219.0	 loss 0.299301	 12.7s
Ep 634	 reward -15.664	 ms 219.3	 loss 0.063069	 12.5s
Ep 635	 reward -15.754	 ms 220.6	 loss 0.181827	 10.7s
Ep 636	 reward -15.646	 ms 219.1	 loss 0.082758	 13.5s
Ep 637	 reward -15.707	 ms 219.9	 loss 0.156571	 12.5s
Ep 638	 reward -15.725	 ms 220.2	 loss 0.233790	 12.2s
Ep 639	 reward -15.804	 ms 221.2	 loss 0.086408	 11.5s
Ep 640	 reward -15.489	 ms 216.8	 loss 0.093574	 11.9s
Ep 641	 reward -15.929	 ms 223.0	 loss 0.289750	 12.9s
Ep 642	 reward -15.971	 ms 223.6	 loss 0.296530	 12.7s
Ep 643	 reward -15.893	 ms 222.5	 loss 0.353718	 13.1s
Ep 644	 reward -16.021	 ms 224.3	 loss 0.361375	 12.1s
Ep 645	 reward -15.986	 ms 223.8	 loss 0.410566	 11.9s
Ep 646	 reward -15.779	 ms 220.9	 loss 0.277111	 12.7s
Ep 647	 reward -16.025	 ms 224.3	 loss 0.379002	 11.3s
Ep 648	 reward -15.939	 ms 223.2	 loss 0.291741	 13.3s
Ep 649	 reward -16.057	 ms 224.8	 loss 0.384170	 13.5s
[vali @650] rel=0.7745 (best 0.7738)  SW=215.4
Ep 650	 reward -16.075	 ms 225.1	 loss 0.312372	 19.4s
Ep 651	 reward -15.982	 ms 223.8	 loss 0.401340	 11.7s
Ep 652	 reward -16.107	 ms 225.5	 loss 0.380059	 12.6s
Ep 653	 reward -16.061	 ms 224.8	 loss 0.388392	 11.8s
Ep 654	 reward -15.832	 ms 221.7	 loss 0.252827	 12.0s
Ep 655	 reward -16.111	 ms 225.6	 loss 0.325036	 12.5s
Ep 656	 reward -16.161	 ms 226.2	 loss 0.389133	 13.6s
Ep 657	 reward -16.046	 ms 224.7	 loss 0.435399	 12.1s
Ep 658	 reward -15.989	 ms 223.8	 loss 0.278045	 13.4s
Ep 659	 reward -16.011	 ms 224.2	 loss 0.403356	 12.0s
Ep 660	 reward -15.936	 ms 223.1	 loss 0.187089	 11.0s
Ep 661	 reward -15.754	 ms 220.6	 loss 0.332498	 13.0s
Ep 662	 reward -15.818	 ms 221.4	 loss 0.342723	 12.2s
Ep 663	 reward -15.611	 ms 218.6	 loss 0.299744	 11.6s
Ep 664	 reward -15.764	 ms 220.7	 loss 0.347697	 12.2s
Ep 665	 reward -15.725	 ms 220.2	 loss 0.303679	 12.6s
Ep 666	 reward -15.829	 ms 221.6	 loss 0.236619	 12.6s
Ep 667	 reward -15.686	 ms 219.6	 loss 0.135738	 12.1s
Ep 668	 reward -16.004	 ms 224.1	 loss 0.316166	 12.5s
Ep 669	 reward -15.864	 ms 222.1	 loss 0.292866	 12.7s
Ep 670	 reward -15.743	 ms 220.4	 loss 0.273816	 12.3s
Ep 671	 reward -15.689	 ms 219.7	 loss 0.209578	 13.0s
Ep 672	 reward -15.725	 ms 220.2	 loss 0.317193	 13.6s
Ep 673	 reward -15.704	 ms 219.8	 loss 0.345049	 12.0s
Ep 674	 reward -15.771	 ms 220.8	 loss 0.191233	 11.9s
[vali @675] rel=0.7679 (best 0.7679)  SW=213.6
Ep 675	 reward -15.771	 ms 220.8	 loss 0.263746	 19.6s
Ep 676	 reward -15.804	 ms 221.2	 loss 0.385885	 11.7s
Ep 677	 reward -15.929	 ms 223.0	 loss 0.195441	 13.6s
Ep 678	 reward -15.950	 ms 223.3	 loss 0.321439	 12.4s
Ep 679	 reward -15.707	 ms 219.9	 loss 0.171570	 12.8s
Ep 680	 reward -15.771	 ms 220.8	 loss 0.074252	 12.4s
Ep 681	 reward -16.079	 ms 225.1	 loss 0.194838	 13.8s
Ep 682	 reward -16.036	 ms 224.5	 loss 0.129716	 11.6s
Ep 683	 reward -16.261	 ms 227.7	 loss 0.157262	 11.4s
Ep 684	 reward -16.111	 ms 225.6	 loss 0.179345	 12.1s
Ep 685	 reward -16.025	 ms 224.3	 loss 0.124319	 11.2s
Ep 686	 reward -16.171	 ms 226.4	 loss 0.114939	 11.8s
Ep 687	 reward -16.114	 ms 225.6	 loss 0.150456	 11.8s
Ep 688	 reward -16.150	 ms 226.1	 loss 0.217915	 11.5s
Ep 689	 reward -16.154	 ms 226.2	 loss 0.117791	 13.2s
Ep 690	 reward -16.229	 ms 227.2	 loss 0.123234	 14.1s
Ep 691	 reward -16.207	 ms 226.9	 loss 0.089833	 11.4s
Ep 692	 reward -16.168	 ms 226.3	 loss 0.106908	 11.7s
Ep 693	 reward -16.132	 ms 225.8	 loss 0.158897	 11.5s
Ep 694	 reward -16.121	 ms 225.7	 loss 0.039253	 11.8s
Ep 695	 reward -16.254	 ms 227.6	 loss 0.370050	 11.9s
Ep 696	 reward -15.993	 ms 223.9	 loss 0.093905	 12.0s
Ep 697	 reward -16.050	 ms 224.7	 loss 0.144391	 11.0s
Ep 698	 reward -16.004	 ms 224.1	 loss 0.060468	 12.5s
Ep 699	 reward -16.054	 ms 224.8	 loss 0.183558	 14.1s
[vali @700] rel=0.7691 (best 0.7679)  SW=213.9
Ep 700	 reward -16.125	 ms 225.8	 loss 0.225174	 21.6s
Ep 701	 reward -15.600	 ms 218.4	 loss 0.092813	 12.0s
Ep 702	 reward -15.696	 ms 219.8	 loss 0.101544	 11.6s
Ep 703	 reward -15.696	 ms 219.8	 loss 0.144574	 11.7s
Ep 704	 reward -15.646	 ms 219.1	 loss 0.214866	 13.1s
Ep 705	 reward -15.629	 ms 218.8	 loss 0.090749	 12.4s
Ep 706	 reward -15.854	 ms 221.9	 loss 0.111248	 12.2s
Ep 707	 reward -15.629	 ms 218.8	 loss 0.121377	 13.2s
Ep 708	 reward -15.832	 ms 221.7	 loss 0.162843	 12.3s
Ep 709	 reward -15.682	 ms 219.6	 loss 0.084510	 13.3s
Ep 710	 reward -15.829	 ms 221.6	 loss 0.081498	 11.6s
Ep 711	 reward -15.750	 ms 220.5	 loss 0.111978	 11.7s
Ep 712	 reward -15.511	 ms 217.2	 loss 0.099707	 13.5s
Ep 713	 reward -15.696	 ms 219.8	 loss 0.140492	 13.4s
Ep 714	 reward -15.711	 ms 219.9	 loss 0.134605	 13.4s
Ep 715	 reward -15.736	 ms 220.3	 loss 0.090571	 11.2s
Ep 716	 reward -15.661	 ms 219.2	 loss 0.131762	 11.5s
Ep 717	 reward -15.557	 ms 217.8	 loss 0.131446	 12.0s
Ep 718	 reward -15.825	 ms 221.6	 loss 0.168328	 11.9s
Ep 719	 reward -15.679	 ms 219.5	 loss 0.160049	 11.3s
Ep 720	 reward -15.625	 ms 218.8	 loss 0.154421	 12.1s
Ep 721	 reward -15.818	 ms 221.4	 loss 0.180438	 12.2s
Ep 722	 reward -15.546	 ms 217.7	 loss 0.042111	 11.6s
Ep 723	 reward -15.754	 ms 220.6	 loss 0.168180	 11.6s
Ep 724	 reward -15.664	 ms 219.3	 loss 0.197724	 12.1s
[vali @725] rel=0.7785 (best 0.7679)  SW=216.5
Ep 725	 reward -15.604	 ms 218.4	 loss 0.089185	 19.7s
Ep 726	 reward -15.575	 ms 218.1	 loss 0.042195	 11.1s
Ep 727	 reward -15.736	 ms 220.3	 loss 0.071944	 10.9s
Ep 728	 reward -15.632	 ms 218.8	 loss 0.098247	 11.9s
Ep 729	 reward -15.586	 ms 218.2	 loss 0.061503	 11.6s
Ep 730	 reward -15.496	 ms 216.9	 loss 0.059462	 11.5s
Ep 731	 reward -15.614	 ms 218.6	 loss 0.031815	 11.5s
Ep 732	 reward -15.618	 ms 218.7	 loss 0.111865	 11.6s
Ep 733	 reward -15.575	 ms 218.1	 loss 0.047696	 11.9s
Ep 734	 reward -15.743	 ms 220.4	 loss 0.140110	 10.8s
Ep 735	 reward -15.843	 ms 221.8	 loss 0.294397	 11.7s
Ep 736	 reward -15.818	 ms 221.4	 loss 0.138235	 11.0s
Ep 737	 reward -15.661	 ms 219.2	 loss 0.003938	 11.5s
Ep 738	 reward -15.736	 ms 220.3	 loss 0.095645	 11.1s
Ep 739	 reward -15.946	 ms 223.2	 loss 0.226746	 11.8s
Ep 740	 reward -15.675	 ms 219.4	 loss 0.164874	 11.7s
Ep 741	 reward -15.736	 ms 220.3	 loss 0.276847	 12.5s
Ep 742	 reward -15.707	 ms 219.9	 loss 0.269317	 11.4s
Ep 743	 reward -15.582	 ms 218.2	 loss 0.264305	 11.5s
Ep 744	 reward -15.636	 ms 218.9	 loss 0.154662	 11.9s
Ep 745	 reward -15.711	 ms 219.9	 loss 0.276346	 12.4s
Ep 746	 reward -15.396	 ms 215.6	 loss 0.213681	 12.2s
Ep 747	 reward -15.632	 ms 218.8	 loss 0.328010	 11.6s
Ep 748	 reward -15.382	 ms 215.3	 loss 0.122794	 11.4s
Ep 749	 reward -15.511	 ms 217.2	 loss 0.254587	 12.8s
[vali @750] rel=0.7801 (best 0.7679)  SW=216.9
Ep 750	 reward -15.411	 ms 215.8	 loss 0.307474	 19.6s
Ep 751	 reward -15.639	 ms 218.9	 loss 0.182031	 11.1s
Ep 752	 reward -15.504	 ms 217.1	 loss 0.096920	 10.9s
Ep 753	 reward -15.550	 ms 217.7	 loss 0.213836	 11.8s
Ep 754	 reward -15.525	 ms 217.3	 loss 0.166962	 11.9s
Ep 755	 reward -15.657	 ms 219.2	 loss 0.314385	 11.8s
Ep 756	 reward -15.636	 ms 218.9	 loss 0.076115	 12.5s
Ep 757	 reward -15.475	 ms 216.7	 loss 0.155027	 12.4s
Ep 758	 reward -15.825	 ms 221.6	 loss 0.194245	 12.5s
Ep 759	 reward -15.486	 ms 216.8	 loss 0.024183	 12.0s
Ep 760	 reward -15.632	 ms 218.8	 loss 0.101561	 13.3s
Ep 761	 reward -15.768	 ms 220.8	 loss 0.367860	 14.1s
Ep 762	 reward -15.882	 ms 222.3	 loss 0.127150	 13.1s
Ep 763	 reward -15.864	 ms 222.1	 loss 0.233399	 13.0s
Ep 764	 reward -15.807	 ms 221.3	 loss 0.251193	 11.8s
Ep 765	 reward -15.675	 ms 219.4	 loss 0.155597	 12.7s
Ep 766	 reward -15.750	 ms 220.5	 loss 0.272088	 12.1s
Ep 767	 reward -15.979	 ms 223.7	 loss 0.306063	 12.0s
Ep 768	 reward -15.771	 ms 220.8	 loss 0.321975	 11.9s
Ep 769	 reward -15.707	 ms 219.9	 loss 0.295247	 12.1s
Ep 770	 reward -15.654	 ms 219.2	 loss 0.180041	 12.5s
Ep 771	 reward -15.736	 ms 220.3	 loss 0.261125	 11.5s
Ep 772	 reward -15.732	 ms 220.2	 loss 0.231864	 12.2s
Ep 773	 reward -15.757	 ms 220.6	 loss 0.170547	 12.0s
Ep 774	 reward -15.736	 ms 220.3	 loss 0.338472	 12.5s
[vali @775] rel=0.7673 (best 0.7673)  SW=213.4
Ep 775	 reward -15.814	 ms 221.4	 loss 0.177844	 20.1s
Ep 776	 reward -15.818	 ms 221.4	 loss 0.231311	 12.0s
Ep 777	 reward -15.779	 ms 220.9	 loss 0.239140	 12.3s
Ep 778	 reward -15.664	 ms 219.3	 loss 0.194839	 11.9s
Ep 779	 reward -15.861	 ms 222.1	 loss 0.318521	 12.1s
Ep 780	 reward -15.804	 ms 221.2	 loss 0.279880	 11.8s
Ep 781	 reward -15.871	 ms 222.2	 loss 0.449894	 11.7s
Ep 782	 reward -15.746	 ms 220.4	 loss 0.228113	 11.7s
Ep 783	 reward -15.789	 ms 221.1	 loss 0.310082	 11.7s
Ep 784	 reward -15.768	 ms 220.8	 loss 0.280085	 11.7s
Ep 785	 reward -15.661	 ms 219.2	 loss 0.309639	 11.9s
Ep 786	 reward -15.818	 ms 221.4	 loss 0.276554	 12.3s
Ep 787	 reward -15.704	 ms 219.8	 loss 0.323672	 12.1s
Ep 788	 reward -15.800	 ms 221.2	 loss 0.354531	 11.9s
Ep 789	 reward -15.686	 ms 219.6	 loss 0.350289	 12.1s
Ep 790	 reward -15.825	 ms 221.6	 loss 0.263892	 12.1s
Ep 791	 reward -15.904	 ms 222.7	 loss 0.246184	 11.7s
Ep 792	 reward -15.632	 ms 218.8	 loss 0.292434	 12.9s
Ep 793	 reward -15.732	 ms 220.2	 loss 0.207541	 11.8s
Ep 794	 reward -15.929	 ms 223.0	 loss 0.323984	 12.4s
Ep 795	 reward -15.729	 ms 220.2	 loss 0.275829	 12.3s
Ep 796	 reward -15.668	 ms 219.3	 loss 0.309435	 11.6s
Ep 797	 reward -15.821	 ms 221.5	 loss 0.361813	 11.8s
Ep 798	 reward -15.886	 ms 222.4	 loss 0.211661	 12.3s
Ep 799	 reward -15.843	 ms 221.8	 loss 0.319650	 12.1s
[vali @800] rel=0.7673 (best 0.7673)  SW=213.4
Ep 800	 reward -15.775	 ms 220.8	 loss 0.292033	 20.1s
Ep 801	 reward -15.811	 ms 221.3	 loss 0.259312	 12.8s
Ep 802	 reward -15.546	 ms 217.7	 loss 0.195024	 12.9s
Ep 803	 reward -15.611	 ms 218.6	 loss 0.141774	 12.6s
Ep 804	 reward -15.600	 ms 218.4	 loss 0.354096	 12.8s
Ep 805	 reward -15.643	 ms 219.0	 loss 0.224337	 13.0s
Ep 806	 reward -15.775	 ms 220.8	 loss 0.311951	 12.8s
Ep 807	 reward -15.629	 ms 218.8	 loss 0.188266	 12.5s
Ep 808	 reward -15.596	 ms 218.3	 loss 0.204274	 12.7s
Ep 809	 reward -15.475	 ms 216.7	 loss 0.189846	 13.0s
Ep 810	 reward -15.732	 ms 220.2	 loss 0.204599	 12.8s
Ep 811	 reward -15.693	 ms 219.7	 loss 0.288866	 13.1s
Ep 812	 reward -15.704	 ms 219.8	 loss 0.209234	 13.0s
Ep 813	 reward -15.736	 ms 220.3	 loss 0.273467	 13.0s
Ep 814	 reward -15.518	 ms 217.2	 loss 0.194308	 13.0s
Ep 815	 reward -15.711	 ms 219.9	 loss 0.182889	 12.9s
Ep 816	 reward -15.629	 ms 218.8	 loss 0.179047	 13.3s
Ep 817	 reward -15.643	 ms 219.0	 loss 0.204697	 12.9s
Ep 818	 reward -15.632	 ms 218.8	 loss 0.172327	 13.1s
Ep 819	 reward -15.571	 ms 218.0	 loss 0.098846	 13.0s
Ep 820	 reward -15.636	 ms 218.9	 loss 0.329526	 13.0s
Ep 821	 reward -15.621	 ms 218.7	 loss 0.363078	 13.2s
Ep 822	 reward -15.650	 ms 219.1	 loss 0.142462	 13.3s
Ep 823	 reward -15.664	 ms 219.3	 loss 0.176659	 13.7s
Ep 824	 reward -15.775	 ms 220.8	 loss 0.204839	 13.6s
[vali @825] rel=0.7736 (best 0.7673)  SW=215.2
Ep 825	 reward -15.668	 ms 219.3	 loss 0.247695	 21.6s
Ep 826	 reward -15.693	 ms 219.7	 loss 0.242505	 15.7s
Ep 827	 reward -15.479	 ms 216.7	 loss 0.149398	 17.9s
Ep 828	 reward -15.614	 ms 218.6	 loss 0.249334	 19.8s
Ep 829	 reward -15.582	 ms 218.2	 loss 0.167092	 14.6s
Ep 830	 reward -15.821	 ms 221.5	 loss 0.339738	 12.9s
Ep 831	 reward -15.550	 ms 217.7	 loss 0.279099	 13.3s
Ep 832	 reward -15.711	 ms 219.9	 loss 0.245036	 13.5s
Ep 833	 reward -15.546	 ms 217.7	 loss 0.228925	 12.5s
Ep 834	 reward -15.589	 ms 218.2	 loss 0.176063	 13.5s
Ep 835	 reward -15.664	 ms 219.3	 loss 0.236412	 12.7s
Ep 836	 reward -15.675	 ms 219.4	 loss 0.172029	 13.6s
Ep 837	 reward -15.604	 ms 218.4	 loss 0.105422	 13.9s
Ep 838	 reward -15.654	 ms 219.2	 loss 0.326040	 14.2s
Ep 839	 reward -15.675	 ms 219.4	 loss 0.226171	 13.0s
Ep 840	 reward -15.711	 ms 219.9	 loss 0.258327	 12.6s
Ep 841	 reward -15.843	 ms 221.8	 loss 0.284897	 12.7s
Ep 842	 reward -15.961	 ms 223.4	 loss 0.253370	 12.9s
Ep 843	 reward -15.736	 ms 220.3	 loss 0.178344	 12.6s
Ep 844	 reward -15.739	 ms 220.3	 loss 0.195669	 12.8s
Ep 845	 reward -15.950	 ms 223.3	 loss 0.174375	 12.3s
Ep 846	 reward -15.700	 ms 219.8	 loss 0.186991	 12.4s
Ep 847	 reward -15.711	 ms 219.9	 loss 0.072165	 12.9s
Ep 848	 reward -15.889	 ms 222.4	 loss 0.233903	 12.5s
Ep 849	 reward -15.832	 ms 221.7	 loss 0.283184	 12.8s
[vali @850] rel=0.7684 (best 0.7673)  SW=213.7
Ep 850	 reward -15.604	 ms 218.4	 loss 0.125457	 20.2s
Ep 851	 reward -15.861	 ms 222.1	 loss 0.148251	 13.7s
Ep 852	 reward -15.868	 ms 222.2	 loss 0.186477	 15.9s
Ep 853	 reward -15.825	 ms 221.6	 loss 0.236057	 14.2s
Ep 854	 reward -15.775	 ms 220.8	 loss 0.093416	 15.4s
Ep 855	 reward -15.800	 ms 221.2	 loss 0.212554	 14.3s
Ep 856	 reward -15.736	 ms 220.3	 loss 0.138668	 13.3s
Ep 857	 reward -15.864	 ms 222.1	 loss 0.189918	 13.0s
Ep 858	 reward -15.739	 ms 220.3	 loss 0.165914	 13.4s
Ep 859	 reward -15.911	 ms 222.8	 loss 0.251271	 13.1s
Ep 860	 reward -15.686	 ms 219.6	 loss 0.197706	 13.0s
Ep 861	 reward -15.768	 ms 220.8	 loss 0.365237	 12.6s
Ep 862	 reward -15.725	 ms 220.2	 loss 0.188921	 13.0s
Ep 863	 reward -15.700	 ms 219.8	 loss 0.143913	 13.1s
Ep 864	 reward -15.754	 ms 220.6	 loss 0.118096	 13.2s
Ep 865	 reward -15.564	 ms 217.9	 loss 0.037970	 13.1s
Ep 866	 reward -15.657	 ms 219.2	 loss 0.168905	 13.4s
Ep 867	 reward -15.625	 ms 218.8	 loss 0.080302	 13.0s
Ep 868	 reward -15.671	 ms 219.4	 loss 0.209086	 13.1s
Ep 869	 reward -15.639	 ms 218.9	 loss 0.240988	 13.2s
Ep 870	 reward -15.786	 ms 221.0	 loss 0.141754	 13.0s
Ep 871	 reward -15.661	 ms 219.2	 loss 0.045789	 12.8s
Ep 872	 reward -15.664	 ms 219.3	 loss 0.132783	 13.1s
Ep 873	 reward -15.668	 ms 219.3	 loss 0.088217	 12.9s
Ep 874	 reward -15.664	 ms 219.3	 loss 0.109564	 13.2s
[vali @875] rel=0.7717 (best 0.7673)  SW=214.6
Ep 875	 reward -15.557	 ms 217.8	 loss 0.131861	 21.5s
Ep 876	 reward -15.636	 ms 218.9	 loss 0.175559	 13.1s
Ep 877	 reward -15.632	 ms 218.8	 loss 0.058679	 13.3s
Ep 878	 reward -15.689	 ms 219.7	 loss 0.163636	 12.5s
Ep 879	 reward -15.636	 ms 218.9	 loss 0.120594	 12.8s
Ep 880	 reward -15.571	 ms 218.0	 loss 0.230304	 13.1s
Ep 881	 reward -15.607	 ms 218.5	 loss 0.145423	 12.9s
Ep 882	 reward -15.654	 ms 219.2	 loss 0.188330	 12.8s
Ep 883	 reward -15.679	 ms 219.5	 loss 0.146876	 12.2s
Ep 884	 reward -15.671	 ms 219.4	 loss 0.084873	 11.7s
Ep 885	 reward -15.593	 ms 218.3	 loss 0.127854	 11.8s
Ep 886	 reward -15.675	 ms 219.4	 loss 0.080931	 11.1s
Ep 887	 reward -15.657	 ms 219.2	 loss 0.089728	 11.6s
Ep 888	 reward -15.764	 ms 220.7	 loss 0.082841	 12.1s
Ep 889	 reward -15.536	 ms 217.5	 loss 0.152657	 11.9s
Ep 890	 reward -15.661	 ms 219.2	 loss 0.091389	 12.0s
Ep 891	 reward -15.636	 ms 218.9	 loss 0.119550	 12.0s
Ep 892	 reward -15.525	 ms 217.3	 loss 0.189294	 11.4s
Ep 893	 reward -15.650	 ms 219.1	 loss 0.120943	 11.1s
Ep 894	 reward -15.714	 ms 220.0	 loss 0.043743	 11.2s
Ep 895	 reward -15.575	 ms 218.1	 loss 0.186516	 11.2s
Ep 896	 reward -15.571	 ms 218.0	 loss 0.093432	 9.7s
Ep 897	 reward -15.689	 ms 219.7	 loss 0.150733	 11.8s
Ep 898	 reward -15.693	 ms 219.7	 loss 0.091384	 11.5s
Ep 899	 reward -15.729	 ms 220.2	 loss 0.015748	 12.0s
[vali @900] rel=0.7747 (best 0.7673)  SW=215.4
Ep 900	 reward -15.775	 ms 220.8	 loss 0.151508	 18.9s
Ep 901	 reward -15.425	 ms 215.9	 loss 0.178711	 12.0s
Ep 902	 reward -15.314	 ms 214.4	 loss 0.221153	 11.4s
Ep 903	 reward -15.407	 ms 215.7	 loss 0.178813	 12.6s
Ep 904	 reward -15.321	 ms 214.5	 loss 0.191799	 12.2s
Ep 905	 reward -15.414	 ms 215.8	 loss 0.189331	 12.1s
Ep 906	 reward -15.496	 ms 216.9	 loss 0.151454	 11.1s
Ep 907	 reward -15.504	 ms 217.1	 loss 0.212993	 11.0s
Ep 908	 reward -15.429	 ms 216.0	 loss 0.138625	 11.8s
Ep 909	 reward -15.457	 ms 216.4	 loss 0.228776	 12.7s
Ep 910	 reward -15.429	 ms 216.0	 loss 0.140948	 12.4s
Ep 911	 reward -15.461	 ms 216.4	 loss 0.135311	 11.7s
Ep 912	 reward -15.318	 ms 214.4	 loss 0.227999	 11.5s
Ep 913	 reward -15.396	 ms 215.6	 loss 0.134054	 11.4s
Ep 914	 reward -15.446	 ms 216.2	 loss 0.205913	 11.1s
Ep 915	 reward -15.407	 ms 215.7	 loss 0.136813	 11.1s
Ep 916	 reward -15.386	 ms 215.4	 loss 0.204510	 13.6s
Ep 917	 reward -15.561	 ms 217.8	 loss 0.133623	 12.6s
Ep 918	 reward -15.254	 ms 213.6	 loss 0.272816	 14.3s
Ep 919	 reward -15.504	 ms 217.1	 loss 0.123066	 12.1s
Ep 920	 reward -15.286	 ms 214.0	 loss 0.253534	 14.7s
Ep 921	 reward -15.164	 ms 212.3	 loss 0.235452	 13.9s
Ep 922	 reward -15.193	 ms 212.7	 loss 0.210197	 16.8s
Ep 923	 reward -15.339	 ms 214.8	 loss 0.189664	 14.1s
Ep 924	 reward -15.136	 ms 211.9	 loss 0.146155	 16.3s
[vali @925] rel=0.7720 (best 0.7673)  SW=214.7
Ep 925	 reward -15.193	 ms 212.7	 loss 0.133553	 29.2s
Ep 926	 reward -15.204	 ms 212.8	 loss 0.160958	 17.1s
Ep 927	 reward -15.104	 ms 211.4	 loss 0.100314	 16.2s
Ep 928	 reward -15.218	 ms 213.1	 loss 0.163618	 14.3s
Ep 929	 reward -15.196	 ms 212.8	 loss 0.017999	 15.4s
Ep 930	 reward -15.229	 ms 213.2	 loss 0.125026	 15.3s
Ep 931	 reward -15.071	 ms 211.0	 loss 0.116257	 18.5s
Ep 932	 reward -15.204	 ms 212.8	 loss 0.160209	 12.8s
Ep 933	 reward -15.193	 ms 212.7	 loss 0.190207	 16.9s
Ep 934	 reward -15.204	 ms 212.8	 loss 0.204614	 13.4s
Ep 935	 reward -15.143	 ms 212.0	 loss 0.091694	 13.2s
Ep 936	 reward -15.104	 ms 211.4	 loss 0.197747	 16.6s
Ep 937	 reward -15.114	 ms 211.6	 loss 0.150416	 20.2s
Ep 938	 reward -15.204	 ms 212.8	 loss 0.141527	 16.5s
Ep 939	 reward -15.161	 ms 212.2	 loss 0.177692	 18.8s
Ep 940	 reward -15.257	 ms 213.6	 loss 0.195691	 16.1s
Ep 941	 reward -15.657	 ms 219.2	 loss 0.301866	 14.2s
Ep 942	 reward -15.411	 ms 215.8	 loss 0.172440	 19.6s
Ep 943	 reward -15.757	 ms 220.6	 loss 0.291519	 13.6s
Ep 944	 reward -15.589	 ms 218.2	 loss 0.327961	 16.8s
Ep 945	 reward -15.586	 ms 218.2	 loss 0.234075	 13.3s
Ep 946	 reward -15.761	 ms 220.7	 loss 0.287312	 16.1s
Ep 947	 reward -15.657	 ms 219.2	 loss 0.199902	 15.9s
Ep 948	 reward -15.668	 ms 219.3	 loss 0.328583	 15.6s
Ep 949	 reward -15.675	 ms 219.4	 loss 0.336298	 18.6s
[vali @950] rel=0.7726 (best 0.7673)  SW=214.8
Ep 950	 reward -15.600	 ms 218.4	 loss 0.180576	 32.6s
Ep 951	 reward -15.636	 ms 218.9	 loss 0.163941	 13.6s
Ep 952	 reward -15.739	 ms 220.3	 loss 0.282490	 18.2s
Ep 953	 reward -15.621	 ms 218.7	 loss 0.188040	 18.2s
Ep 954	 reward -15.707	 ms 219.9	 loss 0.146427	 16.2s
Ep 955	 reward -15.621	 ms 218.7	 loss 0.277373	 15.5s
Ep 956	 reward -15.643	 ms 219.0	 loss 0.216003	 17.3s
Ep 957	 reward -15.764	 ms 220.7	 loss 0.148151	 15.1s
Ep 958	 reward -15.632	 ms 218.8	 loss 0.206230	 17.2s
Ep 959	 reward -15.689	 ms 219.7	 loss 0.190491	 17.2s
Ep 960	 reward -15.629	 ms 218.8	 loss 0.163292	 14.5s
Ep 961	 reward -16.086	 ms 225.2	 loss 0.295138	 17.5s
Ep 962	 reward -16.107	 ms 225.5	 loss 0.296998	 18.2s
Ep 963	 reward -16.000	 ms 224.0	 loss 0.186798	 18.0s
Ep 964	 reward -15.936	 ms 223.1	 loss 0.150224	 15.6s
Ep 965	 reward -15.971	 ms 223.6	 loss 0.368366	 19.9s
Ep 966	 reward -15.993	 ms 223.9	 loss 0.223346	 18.8s
Ep 967	 reward -16.046	 ms 224.7	 loss 0.361513	 19.1s
Ep 968	 reward -16.018	 ms 224.2	 loss 0.335659	 15.2s
Ep 969	 reward -16.000	 ms 224.0	 loss 0.174735	 17.0s
Ep 970	 reward -15.986	 ms 223.8	 loss 0.331534	 19.6s
Ep 971	 reward -15.971	 ms 223.6	 loss 0.420670	 15.2s
Ep 972	 reward -16.075	 ms 225.1	 loss 0.295989	 18.8s
Ep 973	 reward -15.904	 ms 222.7	 loss 0.337601	 15.6s
Ep 974	 reward -15.982	 ms 223.8	 loss 0.310886	 15.8s
[vali @975] rel=0.7663 (best 0.7663)  SW=213.1
Ep 975	 reward -16.050	 ms 224.7	 loss 0.273408	 23.5s
Ep 976	 reward -15.829	 ms 221.6	 loss 0.183241	 14.2s
Ep 977	 reward -16.050	 ms 224.7	 loss 0.124714	 14.4s
Ep 978	 reward -16.014	 ms 224.2	 loss 0.296335	 14.3s
Ep 979	 reward -16.057	 ms 224.8	 loss 0.199503	 15.9s
Ep 980	 reward -15.871	 ms 222.2	 loss 0.228138	 17.2s
Ep 981	 reward -15.257	 ms 213.6	 loss 0.366422	 16.4s
Ep 982	 reward -15.193	 ms 212.7	 loss 0.247647	 11.5s
Ep 983	 reward -15.254	 ms 213.6	 loss 0.146630	 16.1s
Ep 984	 reward -15.107	 ms 211.5	 loss 0.137473	 17.0s
Ep 985	 reward -15.332	 ms 214.7	 loss 0.145519	 17.5s
Ep 986	 reward -15.125	 ms 211.8	 loss 0.144751	 16.8s
Ep 987	 reward -15.129	 ms 211.8	 loss 0.151092	 15.3s
Ep 988	 reward -15.125	 ms 211.8	 loss 0.178432	 16.2s
Ep 989	 reward -15.254	 ms 213.6	 loss 0.157878	 13.8s
Ep 990	 reward -15.304	 ms 214.2	 loss 0.209044	 15.1s
Ep 991	 reward -15.179	 ms 212.5	 loss 0.112877	 15.0s
Ep 992	 reward -15.246	 ms 213.4	 loss 0.225310	 17.1s
Ep 993	 reward -15.336	 ms 214.7	 loss 0.179261	 14.1s
Ep 994	 reward -15.296	 ms 214.2	 loss 0.174477	 15.8s
Ep 995	 reward -15.143	 ms 212.0	 loss 0.065210	 15.3s
Ep 996	 reward -15.196	 ms 212.8	 loss 0.095367	 15.6s
Ep 997	 reward -15.114	 ms 211.6	 loss 0.136371	 15.3s
Ep 998	 reward -15.218	 ms 213.1	 loss 0.112704	 15.9s
Ep 999	 reward -15.121	 ms 211.7	 loss -0.021047	 14.7s
[vali @1000] rel=0.7711 (best 0.7663)  SW=214.4
Ep 1000	 reward -15.239	 ms 213.3	 loss 0.120132	 23.6s
[train_family] done in 3.45 h; best rel=0.7663
