[vali] MWKR norms: SW=278.1
[model] params total=32786  film=0 (0.00%)
[train_family] model=10x25+family+spec-SW regimes=['SW'] updates=1000
Ep 1	 reward -15.900	 ms 222.6	 loss 2.647501	 26.8s
Ep 2	 reward -15.986	 ms 223.8	 loss 1.933878	 24.5s
Ep 3	 reward -16.068	 ms 224.9	 loss 1.835702	 25.4s
Ep 4	 reward -15.950	 ms 223.3	 loss 2.354939	 25.4s
Ep 5	 reward -16.086	 ms 225.2	 loss 2.096567	 25.9s
Ep 6	 reward -15.982	 ms 223.8	 loss 2.140654	 24.7s
Ep 7	 reward -16.039	 ms 224.6	 loss 2.524490	 25.7s
Ep 8	 reward -16.100	 ms 225.4	 loss 1.881680	 23.5s
Ep 9	 reward -15.979	 ms 223.7	 loss 1.506694	 29.0s
Ep 10	 reward -16.011	 ms 224.2	 loss 1.217200	 28.8s
Ep 11	 reward -16.071	 ms 225.0	 loss 1.148530	 27.8s
Ep 12	 reward -16.071	 ms 225.0	 loss 0.994989	 28.1s
Ep 13	 reward -16.143	 ms 226.0	 loss 0.932458	 29.0s
Ep 14	 reward -16.161	 ms 226.2	 loss 0.737867	 27.2s
Ep 15	 reward -16.000	 ms 224.0	 loss 0.700118	 30.0s
Ep 16	 reward -15.989	 ms 223.8	 loss 0.729846	 29.2s
Ep 17	 reward -16.086	 ms 225.2	 loss 0.571472	 28.9s
Ep 18	 reward -16.171	 ms 226.4	 loss 0.580465	 27.6s
Ep 19	 reward -15.964	 ms 223.5	 loss 0.581776	 29.5s
Ep 20	 reward -15.971	 ms 223.6	 loss 0.560085	 29.7s
Ep 21	 reward -16.236	 ms 227.3	 loss 0.752168	 28.9s
Ep 22	 reward -16.061	 ms 224.8	 loss 0.605480	 30.2s
Ep 23	 reward -16.064	 ms 224.9	 loss 0.610061	 29.2s
Ep 24	 reward -16.054	 ms 224.8	 loss 0.647285	 30.1s
[vali @25] rel=0.7826 (best 0.7826)  SW=217.7
Ep 25	 reward -16.146	 ms 226.1	 loss 0.600103	 53.5s
Ep 26	 reward -16.068	 ms 224.9	 loss 0.604511	 27.5s
Ep 27	 reward -15.946	 ms 223.2	 loss 0.519703	 29.7s
Ep 28	 reward -15.993	 ms 223.9	 loss 0.562188	 28.2s
Ep 29	 reward -16.068	 ms 224.9	 loss 0.519769	 28.5s
Ep 30	 reward -15.993	 ms 223.9	 loss 0.502055	 29.5s
Ep 31	 reward -15.971	 ms 223.6	 loss 0.463159	 31.0s
Ep 32	 reward -16.036	 ms 224.5	 loss 0.507536	 32.8s
Ep 33	 reward -15.989	 ms 223.8	 loss 0.479599	 32.5s
Ep 34	 reward -16.129	 ms 225.8	 loss 0.465637	 33.7s
Ep 35	 reward -16.118	 ms 225.7	 loss 0.445090	 33.0s
Ep 36	 reward -16.011	 ms 224.2	 loss 0.586006	 32.3s
Ep 37	 reward -15.936	 ms 223.1	 loss 0.442936	 32.0s
Ep 38	 reward -16.061	 ms 224.8	 loss 0.434475	 32.4s
Ep 39	 reward -16.143	 ms 226.0	 loss 0.388881	 32.5s
Ep 40	 reward -15.954	 ms 223.3	 loss 0.432447	 34.1s
Ep 41	 reward -16.407	 ms 229.7	 loss 0.713551	 33.7s
Ep 42	 reward -16.257	 ms 227.6	 loss 0.393583	 31.8s
Ep 43	 reward -16.311	 ms 228.3	 loss 0.343480	 32.5s
Ep 44	 reward -16.221	 ms 227.1	 loss 0.506732	 32.9s
Ep 45	 reward -16.318	 ms 228.4	 loss 0.371467	 32.8s
Ep 46	 reward -16.193	 ms 226.7	 loss 0.298280	 33.2s
Ep 47	 reward -16.275	 ms 227.8	 loss 0.406368	 33.6s
Ep 48	 reward -15.932	 ms 223.1	 loss 0.394423	 32.5s
Ep 49	 reward -16.239	 ms 227.3	 loss 0.512835	 34.3s
[vali @50] rel=0.7821 (best 0.7821)  SW=217.5
Ep 50	 reward -16.036	 ms 224.5	 loss 0.302520	 62.1s
Ep 51	 reward -16.200	 ms 226.8	 loss 0.392450	 30.8s
Ep 52	 reward -16.204	 ms 226.8	 loss 0.375913	 31.4s
Ep 53	 reward -16.239	 ms 227.3	 loss 0.566905	 32.2s
Ep 54	 reward -16.175	 ms 226.4	 loss 0.393664	 31.0s
Ep 55	 reward -16.364	 ms 229.1	 loss 0.407681	 32.9s
Ep 56	 reward -16.150	 ms 226.1	 loss 0.297306	 33.4s
Ep 57	 reward -16.229	 ms 227.2	 loss 0.478813	 33.3s
Ep 58	 reward -16.457	 ms 230.4	 loss 0.386080	 32.3s
Ep 59	 reward -16.271	 ms 227.8	 loss 0.377217	 34.6s
Ep 60	 reward -16.300	 ms 228.2	 loss 0.438939	 31.7s
Ep 61	 reward -16.111	 ms 225.6	 loss 0.404858	 31.2s
Ep 62	 reward -16.175	 ms 226.4	 loss 0.411481	 31.9s
Ep 63	 reward -16.246	 ms 227.4	 loss 0.344526	 31.6s
Ep 64	 reward -15.982	 ms 223.8	 loss 0.374515	 32.4s
Ep 65	 reward -16.061	 ms 224.8	 loss 0.467344	 33.5s
Ep 66	 reward -15.900	 ms 222.6	 loss 0.312575	 33.1s
Ep 67	 reward -16.039	 ms 224.6	 loss 0.367611	 34.7s
Ep 68	 reward -16.004	 ms 224.1	 loss 0.307343	 34.3s
Ep 69	 reward -16.036	 ms 224.5	 loss 0.327249	 33.5s
Ep 70	 reward -15.979	 ms 223.7	 loss 0.375941	 34.5s
Ep 71	 reward -15.957	 ms 223.4	 loss 0.366851	 32.2s
Ep 72	 reward -15.939	 ms 223.2	 loss 0.370618	 32.7s
Ep 73	 reward -15.936	 ms 223.1	 loss 0.259156	 31.7s
Ep 74	 reward -15.964	 ms 223.5	 loss 0.249141	 32.6s
[vali @75] rel=0.7819 (best 0.7819)  SW=217.4
Ep 75	 reward -16.000	 ms 224.0	 loss 0.376577	 61.8s
Ep 76	 reward -15.975	 ms 223.7	 loss 0.357806	 32.3s
Ep 77	 reward -16.071	 ms 225.0	 loss 0.452430	 31.7s
Ep 78	 reward -15.975	 ms 223.7	 loss 0.340021	 33.6s
Ep 79	 reward -15.982	 ms 223.8	 loss 0.293867	 32.4s
Ep 80	 reward -16.029	 ms 224.4	 loss 0.420299	 31.0s
Ep 81	 reward -15.768	 ms 220.8	 loss 0.401689	 32.1s
Ep 82	 reward -15.721	 ms 220.1	 loss 0.275099	 33.0s
Ep 83	 reward -15.707	 ms 219.9	 loss 0.295349	 32.3s
Ep 84	 reward -15.889	 ms 222.4	 loss 0.379205	 32.6s
Ep 85	 reward -15.961	 ms 223.4	 loss 0.209659	 32.9s
Ep 86	 reward -15.946	 ms 223.2	 loss 0.315295	 33.8s
Ep 87	 reward -15.793	 ms 221.1	 loss 0.312334	 33.2s
Ep 88	 reward -15.743	 ms 220.4	 loss 0.237391	 31.0s
Ep 89	 reward -15.711	 ms 219.9	 loss 0.268633	 32.5s
Ep 90	 reward -15.739	 ms 220.3	 loss 0.298959	 33.5s
Ep 91	 reward -15.714	 ms 220.0	 loss 0.404928	 32.7s
Ep 92	 reward -15.586	 ms 218.2	 loss 0.266190	 32.9s
Ep 93	 reward -15.679	 ms 219.5	 loss 0.240462	 31.3s
Ep 94	 reward -15.789	 ms 221.1	 loss 0.311941	 33.8s
Ep 95	 reward -15.768	 ms 220.8	 loss 0.291634	 32.6s
Ep 96	 reward -15.689	 ms 219.7	 loss 0.194484	 32.4s
Ep 97	 reward -15.825	 ms 221.6	 loss 0.317704	 32.9s
Ep 98	 reward -15.871	 ms 222.2	 loss 0.228535	 31.7s
Ep 99	 reward -15.575	 ms 218.1	 loss 0.173945	 31.2s
[vali @100] rel=0.7868 (best 0.7819)  SW=218.8
Ep 100	 reward -15.771	 ms 220.8	 loss 0.323841	 60.4s
Ep 101	 reward -15.904	 ms 222.7	 loss 0.419870	 32.1s
Ep 102	 reward -15.868	 ms 222.2	 loss 0.331185	 32.7s
Ep 103	 reward -15.882	 ms 222.3	 loss 0.356366	 33.2s
Ep 104	 reward -15.718	 ms 220.1	 loss 0.301802	 32.7s
Ep 105	 reward -15.929	 ms 223.0	 loss 0.470582	 33.4s
Ep 106	 reward -15.907	 ms 222.7	 loss 0.220997	 33.2s
Ep 107	 reward -15.964	 ms 223.5	 loss 0.427775	 32.4s
Ep 108	 reward -16.036	 ms 224.5	 loss 0.369802	 31.3s
Ep 109	 reward -15.857	 ms 222.0	 loss 0.262639	 32.7s
Ep 110	 reward -15.889	 ms 222.4	 loss 0.370842	 30.9s
Ep 111	 reward -15.725	 ms 220.2	 loss 0.277371	 34.6s
Ep 112	 reward -15.900	 ms 222.6	 loss 0.373616	 35.4s
Ep 113	 reward -15.764	 ms 220.7	 loss 0.388639	 33.6s
Ep 114	 reward -15.796	 ms 221.2	 loss 0.263467	 33.5s
Ep 115	 reward -15.882	 ms 222.3	 loss 0.284237	 34.1s
Ep 116	 reward -15.950	 ms 223.3	 loss 0.421454	 30.7s
Ep 117	 reward -15.811	 ms 221.3	 loss 0.216446	 32.7s
Ep 118	 reward -16.036	 ms 224.5	 loss 0.297238	 34.0s
Ep 119	 reward -15.829	 ms 221.6	 loss 0.313844	 34.4s
Ep 120	 reward -15.668	 ms 219.3	 loss 0.223308	 32.2s
Ep 121	 reward -16.168	 ms 226.3	 loss 0.581131	 33.5s
Ep 122	 reward -16.039	 ms 224.6	 loss 0.362849	 34.1s
Ep 123	 reward -16.182	 ms 226.6	 loss 0.360326	 34.0s
Ep 124	 reward -16.064	 ms 224.9	 loss 0.305290	 32.5s
[vali @125] rel=0.7785 (best 0.7785)  SW=216.5
Ep 125	 reward -16.100	 ms 225.4	 loss 0.316568	 62.6s
Ep 126	 reward -16.125	 ms 225.8	 loss 0.337280	 31.5s
Ep 127	 reward -16.011	 ms 224.2	 loss 0.245702	 34.4s
Ep 128	 reward -16.168	 ms 226.3	 loss 0.377909	 32.8s
Ep 129	 reward -16.114	 ms 225.6	 loss 0.289698	 32.8s
Ep 130	 reward -16.104	 ms 225.4	 loss 0.285339	 33.6s
Ep 131	 reward -15.971	 ms 223.6	 loss 0.322662	 33.3s
Ep 132	 reward -16.021	 ms 224.3	 loss 0.354513	 34.8s
Ep 133	 reward -16.061	 ms 224.8	 loss 0.394170	 33.5s
Ep 134	 reward -16.007	 ms 224.1	 loss 0.281459	 32.3s
Ep 135	 reward -15.996	 ms 223.9	 loss 0.295369	 33.4s
Ep 136	 reward -15.968	 ms 223.6	 loss 0.360171	 34.0s
Ep 137	 reward -16.061	 ms 224.8	 loss 0.268377	 32.0s
Ep 138	 reward -16.036	 ms 224.5	 loss 0.324703	 32.1s
Ep 139	 reward -15.979	 ms 223.7	 loss 0.233617	 33.3s
Ep 140	 reward -15.971	 ms 223.6	 loss 0.375515	 33.0s
Ep 141	 reward -15.879	 ms 222.3	 loss 0.387696	 32.5s
Ep 142	 reward -15.811	 ms 221.3	 loss 0.395342	 31.5s
Ep 143	 reward -15.893	 ms 222.5	 loss 0.323012	 33.1s
Ep 144	 reward -15.893	 ms 222.5	 loss 0.315264	 31.7s
Ep 145	 reward -15.768	 ms 220.8	 loss 0.293786	 33.0s
Ep 146	 reward -15.693	 ms 219.7	 loss 0.214731	 34.2s
Ep 147	 reward -15.739	 ms 220.3	 loss 0.279128	 33.3s
Ep 148	 reward -15.821	 ms 221.5	 loss 0.221310	 32.0s
Ep 149	 reward -15.957	 ms 223.4	 loss 0.288505	 30.1s
[vali @150] rel=0.7839 (best 0.7785)  SW=218.0
Ep 150	 reward -15.804	 ms 221.2	 loss 0.247274	 66.2s
Ep 151	 reward -15.882	 ms 222.3	 loss 0.251516	 31.6s
Ep 152	 reward -15.875	 ms 222.2	 loss 0.175006	 33.4s
Ep 153	 reward -15.821	 ms 221.5	 loss 0.273561	 32.8s
Ep 154	 reward -15.814	 ms 221.4	 loss 0.304452	 33.4s
Ep 155	 reward -15.804	 ms 221.2	 loss 0.366252	 34.1s
Ep 156	 reward -15.621	 ms 218.7	 loss 0.154713	 34.2s
Ep 157	 reward -15.861	 ms 222.1	 loss 0.185209	 31.9s
Ep 158	 reward -15.911	 ms 222.8	 loss 0.256880	 32.4s
Ep 159	 reward -15.804	 ms 221.2	 loss 0.347476	 31.2s
Ep 160	 reward -15.832	 ms 221.7	 loss 0.304243	 33.9s
Ep 161	 reward -16.129	 ms 225.8	 loss 0.620504	 32.8s
Ep 162	 reward -15.879	 ms 222.3	 loss 0.393049	 32.3s
Ep 163	 reward -15.964	 ms 223.5	 loss 0.464520	 30.5s
Ep 164	 reward -15.900	 ms 222.6	 loss 0.391073	 33.1s
Ep 165	 reward -16.004	 ms 224.1	 loss 0.460411	 32.4s
Ep 166	 reward -16.204	 ms 226.8	 loss 0.477385	 34.3s
Ep 167	 reward -16.032	 ms 224.4	 loss 0.393558	 32.1s
Ep 168	 reward -16.146	 ms 226.1	 loss 0.562527	 31.8s
Ep 169	 reward -16.164	 ms 226.3	 loss 0.556825	 31.9s
Ep 170	 reward -15.964	 ms 223.5	 loss 0.429286	 32.8s
Ep 171	 reward -16.018	 ms 224.2	 loss 0.486547	 31.2s
Ep 172	 reward -15.993	 ms 223.9	 loss 0.335784	 32.4s
Ep 173	 reward -16.032	 ms 224.4	 loss 0.293855	 32.4s
Ep 174	 reward -16.032	 ms 224.4	 loss 0.422720	 33.2s
[vali @175] rel=0.7807 (best 0.7785)  SW=217.1
Ep 175	 reward -15.932	 ms 223.1	 loss 0.389479	 59.9s
Ep 176	 reward -16.071	 ms 225.0	 loss 0.317302	 34.2s
Ep 177	 reward -16.139	 ms 225.9	 loss 0.446004	 32.8s
Ep 178	 reward -15.993	 ms 223.9	 loss 0.424584	 31.1s
Ep 179	 reward -15.971	 ms 223.6	 loss 0.409653	 30.9s
Ep 180	 reward -15.789	 ms 221.1	 loss 0.214313	 32.5s
Ep 181	 reward -15.718	 ms 220.1	 loss 0.310823	 34.5s
Ep 182	 reward -15.668	 ms 219.3	 loss 0.280972	 32.8s
Ep 183	 reward -15.725	 ms 220.2	 loss 0.403390	 34.0s
Ep 184	 reward -15.782	 ms 220.9	 loss 0.408454	 31.5s
Ep 185	 reward -15.800	 ms 221.2	 loss 0.349425	 29.7s
Ep 186	 reward -15.918	 ms 222.8	 loss 0.396358	 33.8s
Ep 187	 reward -15.714	 ms 220.0	 loss 0.304672	 31.2s
Ep 188	 reward -15.721	 ms 220.1	 loss 0.191179	 32.3s
Ep 189	 reward -15.800	 ms 221.2	 loss 0.426512	 31.9s
Ep 190	 reward -15.664	 ms 219.3	 loss 0.295365	 32.0s
Ep 191	 reward -15.857	 ms 222.0	 loss 0.325313	 32.8s
Ep 192	 reward -15.729	 ms 220.2	 loss 0.363221	 31.3s
Ep 193	 reward -15.796	 ms 221.2	 loss 0.461524	 32.4s
Ep 194	 reward -15.904	 ms 222.7	 loss 0.716289	 33.2s
Ep 195	 reward -15.811	 ms 221.3	 loss 0.409470	 34.3s
Ep 196	 reward -15.814	 ms 221.4	 loss 0.167799	 31.4s
Ep 197	 reward -15.936	 ms 223.1	 loss 0.319347	 31.9s
Ep 198	 reward -15.836	 ms 221.7	 loss 0.394351	 33.0s
Ep 199	 reward -15.875	 ms 222.2	 loss 0.355718	 32.2s
[vali @200] rel=0.7837 (best 0.7785)  SW=217.9
Ep 200	 reward -15.771	 ms 220.8	 loss 0.375556	 60.4s
Ep 201	 reward -16.039	 ms 224.6	 loss 0.363366	 31.4s
Ep 202	 reward -16.004	 ms 224.1	 loss 0.475292	 32.2s
Ep 203	 reward -16.000	 ms 224.0	 loss 0.279334	 30.3s
Ep 204	 reward -16.050	 ms 224.7	 loss 0.406454	 33.4s
Ep 205	 reward -16.021	 ms 224.3	 loss 0.342210	 33.3s
Ep 206	 reward -15.989	 ms 223.8	 loss 0.299486	 31.1s
Ep 207	 reward -16.125	 ms 225.8	 loss 0.401387	 33.4s
Ep 208	 reward -16.043	 ms 224.6	 loss 0.329155	 32.7s
Ep 209	 reward -15.932	 ms 223.1	 loss 0.220943	 34.1s
Ep 210	 reward -15.900	 ms 222.6	 loss 0.385276	 33.3s
Ep 211	 reward -15.743	 ms 220.4	 loss 0.209966	 32.0s
Ep 212	 reward -16.043	 ms 224.6	 loss 0.398455	 33.7s
Ep 213	 reward -16.096	 ms 225.3	 loss 0.215449	 33.1s
Ep 214	 reward -15.936	 ms 223.1	 loss 0.253118	 32.2s
Ep 215	 reward -16.032	 ms 224.4	 loss 0.439620	 31.0s
Ep 216	 reward -15.939	 ms 223.2	 loss 0.367202	 31.0s
Ep 217	 reward -15.971	 ms 223.6	 loss 0.307964	 30.8s
Ep 218	 reward -15.921	 ms 222.9	 loss 0.330639	 30.9s
Ep 219	 reward -15.989	 ms 223.8	 loss 0.320193	 31.9s
Ep 220	 reward -15.929	 ms 223.0	 loss 0.161676	 32.9s
Ep 221	 reward -16.314	 ms 228.4	 loss 0.728266	 32.5s
Ep 222	 reward -16.150	 ms 226.1	 loss 0.491700	 34.1s
Ep 223	 reward -16.121	 ms 225.7	 loss 0.505872	 34.0s
Ep 224	 reward -16.186	 ms 226.6	 loss 0.456216	 32.9s
[vali @225] rel=0.7843 (best 0.7785)  SW=218.1
Ep 225	 reward -16.068	 ms 224.9	 loss 0.662233	 64.2s
Ep 226	 reward -16.207	 ms 226.9	 loss 0.454295	 30.5s
Ep 227	 reward -16.139	 ms 225.9	 loss 0.500562	 33.5s
Ep 228	 reward -16.143	 ms 226.0	 loss 0.515359	 32.2s
Ep 229	 reward -16.057	 ms 224.8	 loss 0.417473	 28.8s
Ep 230	 reward -16.125	 ms 225.8	 loss 0.465724	 32.7s
Ep 231	 reward -16.114	 ms 225.6	 loss 0.453084	 31.9s
Ep 232	 reward -16.179	 ms 226.5	 loss 0.324885	 32.2s
Ep 233	 reward -16.211	 ms 226.9	 loss 0.502785	 32.1s
Ep 234	 reward -16.164	 ms 226.3	 loss 0.343701	 31.8s
Ep 235	 reward -16.157	 ms 226.2	 loss 0.408275	 32.2s
Ep 236	 reward -16.111	 ms 225.6	 loss 0.441333	 34.7s
Ep 237	 reward -16.161	 ms 226.2	 loss 0.505566	 33.4s
Ep 238	 reward -16.207	 ms 226.9	 loss 0.527373	 31.6s
Ep 239	 reward -16.071	 ms 225.0	 loss 0.406626	 32.3s
Ep 240	 reward -16.275	 ms 227.8	 loss 0.570530	 33.3s
Ep 241	 reward -15.779	 ms 220.9	 loss 0.446271	 34.0s
Ep 242	 reward -15.689	 ms 219.7	 loss 0.393653	 33.8s
Ep 243	 reward -15.679	 ms 219.5	 loss 0.405481	 31.7s
Ep 244	 reward -15.779	 ms 220.9	 loss 0.334077	 32.4s
Ep 245	 reward -15.707	 ms 219.9	 loss 0.404038	 34.9s
Ep 246	 reward -15.764	 ms 220.7	 loss 0.371661	 31.6s
Ep 247	 reward -15.696	 ms 219.8	 loss 0.418644	 33.8s
Ep 248	 reward -15.804	 ms 221.2	 loss 0.233465	 33.2s
Ep 249	 reward -15.779	 ms 220.9	 loss 0.501960	 30.6s
[vali @250] rel=0.7844 (best 0.7785)  SW=218.2
Ep 250	 reward -15.836	 ms 221.7	 loss 0.401019	 61.4s
Ep 251	 reward -15.607	 ms 218.5	 loss 0.199946	 31.2s
Ep 252	 reward -15.743	 ms 220.4	 loss 0.267505	 33.6s
Ep 253	 reward -15.861	 ms 222.1	 loss 0.195965	 32.9s
Ep 254	 reward -15.686	 ms 219.6	 loss 0.472845	 33.1s
Ep 255	 reward -15.789	 ms 221.1	 loss 0.404009	 32.6s
Ep 256	 reward -15.804	 ms 221.2	 loss 0.383265	 30.1s
Ep 257	 reward -15.636	 ms 218.9	 loss 0.356039	 31.9s
Ep 258	 reward -15.679	 ms 219.5	 loss 0.343699	 35.4s
Ep 259	 reward -15.525	 ms 217.3	 loss 0.436384	 32.6s
Ep 260	 reward -15.689	 ms 219.7	 loss 0.340272	 31.2s
Ep 261	 reward -15.757	 ms 220.6	 loss 0.388712	 30.8s
Ep 262	 reward -15.807	 ms 221.3	 loss 0.372926	 33.0s
Ep 263	 reward -15.754	 ms 220.6	 loss 0.307556	 32.2s
Ep 264	 reward -15.771	 ms 220.8	 loss 0.379886	 32.4s
Ep 265	 reward -15.814	 ms 221.4	 loss 0.376721	 33.5s
Ep 266	 reward -15.846	 ms 221.8	 loss 0.224653	 33.1s
Ep 267	 reward -15.818	 ms 221.4	 loss 0.351679	 31.4s
Ep 268	 reward -15.943	 ms 223.2	 loss 0.294539	 32.0s
Ep 269	 reward -15.796	 ms 221.2	 loss 0.350922	 34.1s
Ep 270	 reward -15.636	 ms 218.9	 loss 0.315799	 32.9s
Ep 271	 reward -15.764	 ms 220.7	 loss 0.377685	 31.8s
Ep 272	 reward -15.704	 ms 219.8	 loss 0.309542	 32.2s
Ep 273	 reward -15.682	 ms 219.6	 loss 0.276554	 31.7s
Ep 274	 reward -15.789	 ms 221.1	 loss 0.305030	 33.0s
[vali @275] rel=0.7857 (best 0.7785)  SW=218.5
Ep 275	 reward -15.839	 ms 221.8	 loss 0.361989	 62.1s
Ep 276	 reward -15.689	 ms 219.7	 loss 0.283771	 32.7s
Ep 277	 reward -15.789	 ms 221.1	 loss 0.316046	 35.2s
Ep 278	 reward -15.861	 ms 222.1	 loss 0.255620	 32.3s
Ep 279	 reward -15.786	 ms 221.0	 loss 0.323104	 31.8s
Ep 280	 reward -15.804	 ms 221.2	 loss 0.272417	 31.4s
Ep 281	 reward -15.868	 ms 222.2	 loss 0.283395	 32.7s
Ep 282	 reward -15.989	 ms 223.8	 loss 0.182571	 32.7s
Ep 283	 reward -15.893	 ms 222.5	 loss 0.277219	 32.6s
Ep 284	 reward -15.825	 ms 221.6	 loss 0.199291	 32.6s
Ep 285	 reward -15.954	 ms 223.3	 loss 0.276402	 35.0s
Ep 286	 reward -15.932	 ms 223.1	 loss 0.237482	 32.1s
Ep 287	 reward -15.954	 ms 223.3	 loss 0.202591	 33.7s
Ep 288	 reward -15.993	 ms 223.9	 loss 0.289543	 33.0s
Ep 289	 reward -15.850	 ms 221.9	 loss 0.231094	 31.2s
Ep 290	 reward -15.921	 ms 222.9	 loss 0.177578	 33.0s
Ep 291	 reward -15.939	 ms 223.2	 loss 0.343465	 32.3s
Ep 292	 reward -15.904	 ms 222.7	 loss 0.192824	 31.5s
Ep 293	 reward -15.857	 ms 222.0	 loss 0.139800	 32.7s
Ep 294	 reward -15.829	 ms 221.6	 loss 0.160583	 29.8s
Ep 295	 reward -15.871	 ms 222.2	 loss 0.152981	 30.7s
Ep 296	 reward -15.914	 ms 222.8	 loss 0.282936	 28.9s
Ep 297	 reward -15.882	 ms 222.3	 loss 0.337547	 27.6s
Ep 298	 reward -15.793	 ms 221.1	 loss 0.159242	 25.8s
Ep 299	 reward -16.014	 ms 224.2	 loss 0.278391	 24.7s
[vali @300] rel=0.7762 (best 0.7762)  SW=215.8
Ep 300	 reward -15.879	 ms 222.3	 loss 0.288752	 51.0s
Ep 301	 reward -15.721	 ms 220.1	 loss 0.269750	 25.6s
Ep 302	 reward -15.718	 ms 220.1	 loss 0.256464	 24.4s
Ep 303	 reward -15.818	 ms 221.4	 loss 0.125859	 25.4s
Ep 304	 reward -15.975	 ms 223.7	 loss 0.228888	 27.3s
Ep 305	 reward -15.868	 ms 222.2	 loss 0.120181	 26.6s
Ep 306	 reward -15.882	 ms 222.3	 loss 0.136992	 27.3s
Ep 307	 reward -15.736	 ms 220.3	 loss 0.065586	 28.1s
Ep 308	 reward -15.829	 ms 221.6	 loss 0.191156	 27.8s
Ep 309	 reward -15.914	 ms 222.8	 loss 0.198769	 26.9s
Ep 310	 reward -15.825	 ms 221.6	 loss 0.143562	 26.9s
Ep 311	 reward -15.900	 ms 222.6	 loss 0.130721	 26.1s
Ep 312	 reward -15.871	 ms 222.2	 loss 0.117301	 27.2s
Ep 313	 reward -15.868	 ms 222.2	 loss 0.173934	 24.7s
Ep 314	 reward -15.786	 ms 221.0	 loss 0.132248	 26.7s
Ep 315	 reward -15.829	 ms 221.6	 loss 0.239291	 25.8s
Ep 316	 reward -15.732	 ms 220.2	 loss 0.126157	 25.5s
Ep 317	 reward -15.757	 ms 220.6	 loss 0.197249	 27.1s
Ep 318	 reward -15.914	 ms 222.8	 loss 0.209887	 29.4s
Ep 319	 reward -15.807	 ms 221.3	 loss 0.183320	 29.6s
Ep 320	 reward -15.829	 ms 221.6	 loss 0.141223	 26.4s
Ep 321	 reward -16.121	 ms 225.7	 loss 0.267332	 27.7s
Ep 322	 reward -15.993	 ms 223.9	 loss 0.238638	 25.6s
Ep 323	 reward -16.004	 ms 224.1	 loss 0.402300	 27.7s
Ep 324	 reward -15.879	 ms 222.3	 loss 0.299199	 26.3s
[vali @325] rel=0.7697 (best 0.7697)  SW=214.1
Ep 325	 reward -15.964	 ms 223.5	 loss 0.210464	 49.4s
Ep 326	 reward -16.086	 ms 225.2	 loss 0.123756	 25.4s
Ep 327	 reward -16.061	 ms 224.8	 loss 0.307747	 27.5s
Ep 328	 reward -15.946	 ms 223.2	 loss 0.125951	 27.5s
Ep 329	 reward -16.064	 ms 224.9	 loss 0.165530	 29.1s
Ep 330	 reward -16.132	 ms 225.8	 loss 0.206497	 27.0s
Ep 331	 reward -16.036	 ms 224.5	 loss 0.195359	 28.1s
Ep 332	 reward -15.993	 ms 223.9	 loss 0.245994	 27.0s
Ep 333	 reward -15.989	 ms 223.8	 loss 0.123148	 26.6s
Ep 334	 reward -16.043	 ms 224.6	 loss 0.087653	 27.2s
Ep 335	 reward -16.129	 ms 225.8	 loss 0.131829	 25.2s
Ep 336	 reward -16.079	 ms 225.1	 loss 0.332742	 24.6s
Ep 337	 reward -15.982	 ms 223.8	 loss 0.205197	 26.4s
Ep 338	 reward -15.943	 ms 223.2	 loss 0.062849	 26.0s
Ep 339	 reward -15.961	 ms 223.4	 loss 0.261075	 27.1s
Ep 340	 reward -16.125	 ms 225.8	 loss 0.132114	 26.1s
Ep 341	 reward -15.582	 ms 218.2	 loss 0.099943	 26.4s
Ep 342	 reward -15.646	 ms 219.1	 loss 0.127211	 26.0s
Ep 343	 reward -15.746	 ms 220.4	 loss 0.223564	 27.1s
Ep 344	 reward -15.725	 ms 220.2	 loss 0.100594	 26.8s
Ep 345	 reward -15.693	 ms 219.7	 loss 0.318194	 26.7s
Ep 346	 reward -15.661	 ms 219.2	 loss 0.102092	 26.1s
Ep 347	 reward -15.593	 ms 218.3	 loss 0.092160	 25.1s
Ep 348	 reward -15.764	 ms 220.7	 loss 0.171318	 26.9s
Ep 349	 reward -15.836	 ms 221.7	 loss 0.060687	 27.2s
[vali @350] rel=0.7774 (best 0.7697)  SW=216.2
Ep 350	 reward -15.746	 ms 220.4	 loss 0.075067	 50.7s
Ep 351	 reward -15.725	 ms 220.2	 loss 0.023819	 26.4s
Ep 352	 reward -15.707	 ms 219.9	 loss 0.435300	 26.3s
Ep 353	 reward -15.793	 ms 221.1	 loss 0.047215	 27.5s
Ep 354	 reward -15.786	 ms 221.0	 loss 0.043823	 27.9s
Ep 355	 reward -15.614	 ms 218.6	 loss 0.434185	 26.3s
Ep 356	 reward -15.811	 ms 221.3	 loss 0.298963	 27.7s
Ep 357	 reward -15.554	 ms 217.8	 loss 0.164276	 25.5s
Ep 358	 reward -15.782	 ms 220.9	 loss 0.349751	 25.8s
Ep 359	 reward -15.682	 ms 219.6	 loss 0.071511	 27.1s
Ep 360	 reward -15.618	 ms 218.7	 loss 0.083220	 27.9s
Ep 361	 reward -15.621	 ms 218.7	 loss 0.231228	 26.6s
Ep 362	 reward -15.632	 ms 218.8	 loss 0.346497	 27.9s
Ep 363	 reward -15.457	 ms 216.4	 loss 0.242059	 27.7s
Ep 364	 reward -15.407	 ms 215.7	 loss 0.325434	 28.2s
Ep 365	 reward -15.511	 ms 217.2	 loss 0.192840	 27.3s
Ep 366	 reward -15.596	 ms 218.3	 loss 0.255127	 27.2s
Ep 367	 reward -15.414	 ms 215.8	 loss 0.298145	 26.7s
Ep 368	 reward -15.704	 ms 219.8	 loss 0.173284	 24.8s
Ep 369	 reward -15.639	 ms 218.9	 loss 0.226488	 25.3s
Ep 370	 reward -15.511	 ms 217.2	 loss 0.269809	 27.0s
Ep 371	 reward -15.600	 ms 218.4	 loss 0.207592	 28.3s
Ep 372	 reward -15.561	 ms 217.8	 loss 0.193183	 26.6s
Ep 373	 reward -15.743	 ms 220.4	 loss 0.298649	 26.3s
Ep 374	 reward -15.461	 ms 216.4	 loss 0.229485	 26.6s
[vali @375] rel=0.7778 (best 0.7697)  SW=216.3
Ep 375	 reward -15.632	 ms 218.8	 loss 0.222892	 51.8s
Ep 376	 reward -15.418	 ms 215.8	 loss 0.222451	 28.1s
Ep 377	 reward -15.657	 ms 219.2	 loss 0.145170	 27.5s
Ep 378	 reward -15.629	 ms 218.8	 loss 0.189617	 25.3s
Ep 379	 reward -15.486	 ms 216.8	 loss 0.152757	 25.8s
Ep 380	 reward -15.689	 ms 219.7	 loss 0.222221	 26.6s
Ep 381	 reward -16.232	 ms 227.2	 loss 0.240114	 26.6s
Ep 382	 reward -16.171	 ms 226.4	 loss 0.328662	 26.6s
Ep 383	 reward -16.046	 ms 224.7	 loss 0.400077	 26.8s
Ep 384	 reward -16.225	 ms 227.2	 loss 0.369084	 27.6s
Ep 385	 reward -16.071	 ms 225.0	 loss 0.324066	 27.0s
Ep 386	 reward -16.146	 ms 226.1	 loss 0.402654	 27.2s
Ep 387	 reward -16.018	 ms 224.2	 loss 0.415659	 27.8s
Ep 388	 reward -16.171	 ms 226.4	 loss 0.298906	 26.7s
Ep 389	 reward -16.136	 ms 225.9	 loss 0.379826	 26.0s
Ep 390	 reward -16.186	 ms 226.6	 loss 0.342306	 25.0s
Ep 391	 reward -16.196	 ms 226.8	 loss 0.372100	 25.3s
Ep 392	 reward -16.004	 ms 224.1	 loss 0.333000	 28.7s
Ep 393	 reward -16.193	 ms 226.7	 loss 0.397100	 26.9s
Ep 394	 reward -16.061	 ms 224.8	 loss 0.254772	 27.3s
Ep 395	 reward -16.064	 ms 224.9	 loss 0.388411	 26.7s
Ep 396	 reward -15.879	 ms 222.3	 loss 0.364127	 26.4s
Ep 397	 reward -16.114	 ms 225.6	 loss 0.408469	 26.3s
Ep 398	 reward -16.168	 ms 226.3	 loss 0.379325	 25.8s
Ep 399	 reward -16.018	 ms 224.2	 loss 0.211835	 27.3s
[vali @400] rel=0.7825 (best 0.7697)  SW=217.6
Ep 400	 reward -16.175	 ms 226.4	 loss 0.299209	 49.2s
Ep 401	 reward -16.071	 ms 225.0	 loss 0.414649	 24.8s
Ep 402	 reward -15.839	 ms 221.8	 loss 0.250380	 27.0s
Ep 403	 reward -15.996	 ms 223.9	 loss 0.281479	 26.8s
Ep 404	 reward -15.896	 ms 222.6	 loss 0.385403	 27.9s
Ep 405	 reward -15.950	 ms 223.3	 loss 0.197110	 26.3s
Ep 406	 reward -15.882	 ms 222.3	 loss 0.307771	 26.2s
Ep 407	 reward -15.996	 ms 223.9	 loss 0.300107	 26.0s
Ep 408	 reward -16.021	 ms 224.3	 loss 0.347644	 25.8s
Ep 409	 reward -15.825	 ms 221.6	 loss 0.297360	 27.8s
Ep 410	 reward -16.007	 ms 224.1	 loss 0.255941	 26.8s
Ep 411	 reward -15.893	 ms 222.5	 loss 0.201795	 25.3s
Ep 412	 reward -15.918	 ms 222.8	 loss 0.174484	 26.2s
Ep 413	 reward -15.807	 ms 221.3	 loss 0.125408	 26.2s
Ep 414	 reward -15.786	 ms 221.0	 loss 0.254969	 27.7s
Ep 415	 reward -15.796	 ms 221.2	 loss 0.219803	 26.0s
Ep 416	 reward -15.789	 ms 221.1	 loss 0.195735	 27.1s
Ep 417	 reward -15.825	 ms 221.6	 loss 0.260925	 27.1s
Ep 418	 reward -15.904	 ms 222.7	 loss 0.248171	 26.1s
Ep 419	 reward -15.904	 ms 222.7	 loss 0.292918	 27.3s
Ep 420	 reward -15.993	 ms 223.9	 loss 0.408996	 27.0s
Ep 421	 reward -15.561	 ms 217.8	 loss 0.245990	 25.7s
Ep 422	 reward -15.568	 ms 217.9	 loss 0.352481	 27.9s
Ep 423	 reward -15.557	 ms 217.8	 loss 0.150539	 26.9s
Ep 424	 reward -15.646	 ms 219.1	 loss 0.304101	 25.5s
[vali @425] rel=0.7844 (best 0.7697)  SW=218.2
Ep 425	 reward -15.561	 ms 217.8	 loss 0.229919	 50.5s
Ep 426	 reward -15.425	 ms 215.9	 loss 0.148796	 27.3s
Ep 427	 reward -15.496	 ms 216.9	 loss 0.249025	 26.6s
Ep 428	 reward -15.675	 ms 219.4	 loss 0.180078	 26.7s
Ep 429	 reward -15.618	 ms 218.7	 loss 0.236828	 26.7s
Ep 430	 reward -15.550	 ms 217.7	 loss 0.182273	 27.3s
Ep 431	 reward -15.539	 ms 217.6	 loss 0.216636	 25.7s
Ep 432	 reward -15.636	 ms 218.9	 loss 0.137260	 27.1s
Ep 433	 reward -15.561	 ms 217.8	 loss 0.134816	 26.2s
Ep 434	 reward -15.611	 ms 218.6	 loss 0.219316	 24.9s
Ep 435	 reward -15.507	 ms 217.1	 loss 0.139504	 28.1s
Ep 436	 reward -15.564	 ms 217.9	 loss 0.227139	 27.3s
Ep 437	 reward -15.561	 ms 217.8	 loss 0.138460	 28.0s
Ep 438	 reward -15.661	 ms 219.2	 loss 0.281330	 26.7s
Ep 439	 reward -15.625	 ms 218.8	 loss 0.253160	 27.0s
Ep 440	 reward -15.561	 ms 217.8	 loss 0.321364	 27.0s
Ep 441	 reward -15.707	 ms 219.9	 loss 0.419460	 28.4s
Ep 442	 reward -15.618	 ms 218.7	 loss 0.319009	 26.5s
Ep 443	 reward -15.564	 ms 217.9	 loss 0.333398	 27.5s
Ep 444	 reward -15.729	 ms 220.2	 loss 0.392601	 25.9s
Ep 445	 reward -15.746	 ms 220.4	 loss 0.392035	 26.4s
Ep 446	 reward -15.654	 ms 219.2	 loss 0.390648	 26.3s
Ep 447	 reward -15.711	 ms 219.9	 loss 0.424897	 26.8s
Ep 448	 reward -15.804	 ms 221.2	 loss 0.423063	 27.0s
Ep 449	 reward -15.771	 ms 220.8	 loss 0.403355	 26.4s
[vali @450] rel=0.7735 (best 0.7697)  SW=215.1
Ep 450	 reward -15.521	 ms 217.3	 loss 0.356510	 52.8s
Ep 451	 reward -15.771	 ms 220.8	 loss 0.386986	 26.7s
Ep 452	 reward -15.643	 ms 219.0	 loss 0.356605	 26.0s
Ep 453	 reward -15.821	 ms 221.5	 loss 0.371245	 26.9s
Ep 454	 reward -15.829	 ms 221.6	 loss 0.359345	 27.3s
Ep 455	 reward -15.725	 ms 220.2	 loss 0.269016	 24.4s
Ep 456	 reward -15.746	 ms 220.4	 loss 0.393700	 23.5s
Ep 457	 reward -15.646	 ms 219.1	 loss 0.330560	 25.8s
Ep 458	 reward -15.607	 ms 218.5	 loss 0.282029	 27.7s
Ep 459	 reward -15.686	 ms 219.6	 loss 0.311648	 26.4s
Ep 460	 reward -15.679	 ms 219.5	 loss 0.271834	 26.5s
Ep 461	 reward -15.704	 ms 219.8	 loss 0.358648	 27.0s
Ep 462	 reward -15.796	 ms 221.2	 loss 0.377178	 26.6s
Ep 463	 reward -15.800	 ms 221.2	 loss 0.387464	 27.5s
Ep 464	 reward -15.782	 ms 220.9	 loss 0.386983	 26.8s
Ep 465	 reward -15.911	 ms 222.8	 loss 0.456665	 28.1s
Ep 466	 reward -15.843	 ms 221.8	 loss 0.315056	 25.5s
Ep 467	 reward -15.818	 ms 221.4	 loss 0.375454	 25.5s
Ep 468	 reward -15.739	 ms 220.3	 loss 0.363906	 26.8s
Ep 469	 reward -15.761	 ms 220.7	 loss 0.329214	 27.3s
Ep 470	 reward -15.714	 ms 220.0	 loss 0.316834	 25.5s
Ep 471	 reward -15.707	 ms 219.9	 loss 0.357707	 28.3s
Ep 472	 reward -15.750	 ms 220.5	 loss 0.352691	 27.3s
Ep 473	 reward -15.779	 ms 220.9	 loss 0.347534	 25.8s
Ep 474	 reward -15.736	 ms 220.3	 loss 0.252435	 26.6s
[vali @475] rel=0.7837 (best 0.7697)  SW=217.9
Ep 475	 reward -15.814	 ms 221.4	 loss 0.239902	 51.9s
Ep 476	 reward -15.925	 ms 222.9	 loss 0.328578	 25.9s
Ep 477	 reward -15.779	 ms 220.9	 loss 0.258747	 23.9s
Ep 478	 reward -15.704	 ms 219.8	 loss 0.274067	 26.5s
Ep 479	 reward -15.589	 ms 218.2	 loss 0.216683	 27.9s
Ep 480	 reward -15.718	 ms 220.1	 loss 0.305921	 27.4s
Ep 481	 reward -15.686	 ms 219.6	 loss 0.282942	 27.3s
Ep 482	 reward -15.564	 ms 217.9	 loss 0.253306	 25.5s
Ep 483	 reward -15.789	 ms 221.1	 loss 0.244887	 26.7s
Ep 484	 reward -15.807	 ms 221.3	 loss 0.131378	 25.8s
Ep 485	 reward -15.775	 ms 220.8	 loss 0.244228	 27.3s
Ep 486	 reward -15.879	 ms 222.3	 loss 0.095118	 26.4s
Ep 487	 reward -15.686	 ms 219.6	 loss 0.161121	 27.0s
Ep 488	 reward -15.736	 ms 220.3	 loss 0.142613	 24.1s
Ep 489	 reward -15.829	 ms 221.6	 loss 0.275801	 25.0s
Ep 490	 reward -15.825	 ms 221.6	 loss 0.259036	 27.3s
Ep 491	 reward -15.721	 ms 220.1	 loss 0.127291	 27.2s
Ep 492	 reward -15.632	 ms 218.8	 loss 0.125897	 26.8s
Ep 493	 reward -15.700	 ms 219.8	 loss 0.215271	 26.1s
Ep 494	 reward -15.714	 ms 220.0	 loss 0.075539	 26.1s
Ep 495	 reward -15.771	 ms 220.8	 loss 0.164999	 28.0s
Ep 496	 reward -15.811	 ms 221.3	 loss 0.117652	 26.7s
Ep 497	 reward -15.861	 ms 222.1	 loss 0.121837	 26.6s
Ep 498	 reward -15.689	 ms 219.7	 loss 0.088291	 25.2s
Ep 499	 reward -15.696	 ms 219.8	 loss 0.252464	 26.1s
[vali @500] rel=0.7839 (best 0.7697)  SW=218.0
Ep 500	 reward -15.725	 ms 220.2	 loss 0.079740	 49.8s
Ep 501	 reward -15.668	 ms 219.3	 loss 0.189364	 27.2s
Ep 502	 reward -15.621	 ms 218.7	 loss 0.179819	 27.5s
Ep 503	 reward -15.575	 ms 218.1	 loss 0.266846	 27.7s
Ep 504	 reward -15.604	 ms 218.4	 loss 0.296391	 26.6s
Ep 505	 reward -15.664	 ms 219.3	 loss 0.254580	 27.1s
Ep 506	 reward -15.661	 ms 219.2	 loss 0.285719	 26.9s
Ep 507	 reward -15.686	 ms 219.6	 loss 0.235022	 26.6s
Ep 508	 reward -15.671	 ms 219.4	 loss 0.226509	 25.8s
Ep 509	 reward -15.843	 ms 221.8	 loss 0.116346	 26.4s
Ep 510	 reward -15.711	 ms 219.9	 loss 0.214638	 24.3s
Ep 511	 reward -15.732	 ms 220.2	 loss 0.098125	 24.9s
Ep 512	 reward -15.600	 ms 218.4	 loss 0.129204	 27.8s
Ep 513	 reward -15.764	 ms 220.7	 loss 0.168933	 26.5s
Ep 514	 reward -15.736	 ms 220.3	 loss 0.177639	 26.5s
Ep 515	 reward -15.682	 ms 219.6	 loss 0.160117	 27.4s
Ep 516	 reward -15.746	 ms 220.4	 loss 0.065409	 26.2s
Ep 517	 reward -15.779	 ms 220.9	 loss 0.125240	 26.8s
Ep 518	 reward -15.682	 ms 219.6	 loss 0.109323	 27.0s
Ep 519	 reward -15.689	 ms 219.7	 loss 0.091870	 25.6s
Ep 520	 reward -15.814	 ms 221.4	 loss 0.079961	 25.5s
Ep 521	 reward -15.786	 ms 221.0	 loss 0.266623	 26.0s
Ep 522	 reward -15.839	 ms 221.8	 loss 0.279763	 26.2s
Ep 523	 reward -15.850	 ms 221.9	 loss 0.262127	 24.7s
Ep 524	 reward -15.889	 ms 222.4	 loss 0.380364	 27.4s
[vali @525] rel=0.7805 (best 0.7697)  SW=217.1
Ep 525	 reward -15.854	 ms 221.9	 loss 0.341601	 49.4s
Ep 526	 reward -15.771	 ms 220.8	 loss 0.165126	 26.4s
Ep 527	 reward -15.800	 ms 221.2	 loss 0.183820	 26.4s
Ep 528	 reward -15.879	 ms 222.3	 loss 0.364051	 27.2s
Ep 529	 reward -15.893	 ms 222.5	 loss 0.155477	 26.5s
Ep 530	 reward -15.832	 ms 221.7	 loss 0.159103	 28.2s
Ep 531	 reward -15.864	 ms 222.1	 loss 0.277829	 26.3s
Ep 532	 reward -15.875	 ms 222.2	 loss 0.236128	 24.9s
Ep 533	 reward -15.875	 ms 222.2	 loss 0.272044	 25.8s
Ep 534	 reward -15.811	 ms 221.3	 loss 0.340882	 26.9s
Ep 535	 reward -15.789	 ms 221.1	 loss 0.284654	 27.0s
Ep 536	 reward -15.914	 ms 222.8	 loss 0.248278	 26.6s
Ep 537	 reward -15.918	 ms 222.8	 loss 0.213218	 27.2s
Ep 538	 reward -15.879	 ms 222.3	 loss 0.373395	 27.3s
Ep 539	 reward -15.700	 ms 219.8	 loss 0.263710	 27.5s
Ep 540	 reward -15.857	 ms 222.0	 loss 0.272152	 27.6s
Ep 541	 reward -15.711	 ms 219.9	 loss 0.257616	 27.7s
Ep 542	 reward -15.650	 ms 219.1	 loss 0.230385	 27.7s
Ep 543	 reward -15.671	 ms 219.4	 loss 0.234256	 25.5s
Ep 544	 reward -15.700	 ms 219.8	 loss 0.234752	 26.4s
Ep 545	 reward -15.704	 ms 219.8	 loss 0.138980	 26.2s
Ep 546	 reward -15.711	 ms 219.9	 loss 0.148083	 25.6s
Ep 547	 reward -15.600	 ms 218.4	 loss 0.342833	 26.8s
Ep 548	 reward -15.514	 ms 217.2	 loss 0.148819	 26.3s
Ep 549	 reward -15.571	 ms 218.0	 loss 0.216451	 27.8s
[vali @550] rel=0.7830 (best 0.7697)  SW=217.8
Ep 550	 reward -15.614	 ms 218.6	 loss 0.302114	 51.9s
Ep 551	 reward -15.664	 ms 219.3	 loss 0.337546	 26.1s
Ep 552	 reward -15.682	 ms 219.6	 loss 0.218538	 26.3s
Ep 553	 reward -15.582	 ms 218.2	 loss 0.123846	 26.2s
Ep 554	 reward -15.668	 ms 219.3	 loss 0.069764	 24.6s
Ep 555	 reward -15.596	 ms 218.3	 loss 0.132768	 23.9s
Ep 556	 reward -15.632	 ms 218.8	 loss 0.159234	 25.3s
Ep 557	 reward -15.643	 ms 219.0	 loss 0.207394	 27.3s
Ep 558	 reward -15.618	 ms 218.7	 loss 0.163791	 26.5s
Ep 559	 reward -15.471	 ms 216.6	 loss 0.333144	 27.5s
Ep 560	 reward -15.461	 ms 216.4	 loss 0.039537	 27.1s
Ep 561	 reward -15.621	 ms 218.7	 loss 0.050213	 27.1s
Ep 562	 reward -15.546	 ms 217.7	 loss 0.133341	 26.8s
Ep 563	 reward -15.539	 ms 217.6	 loss 0.120612	 26.3s
Ep 564	 reward -15.589	 ms 218.2	 loss 0.166961	 28.3s
Ep 565	 reward -15.457	 ms 216.4	 loss 0.101006	 24.7s
Ep 566	 reward -15.550	 ms 217.7	 loss 0.147705	 25.7s
Ep 567	 reward -15.650	 ms 219.1	 loss 0.195770	 26.6s
Ep 568	 reward -15.568	 ms 217.9	 loss 0.097999	 26.5s
Ep 569	 reward -15.614	 ms 218.6	 loss 0.082314	 26.1s
Ep 570	 reward -15.546	 ms 217.7	 loss 0.035168	 26.4s
Ep 571	 reward -15.550	 ms 217.7	 loss 0.042275	 26.1s
Ep 572	 reward -15.557	 ms 217.8	 loss 0.190535	 26.7s
Ep 573	 reward -15.468	 ms 216.6	 loss 0.120159	 26.4s
Ep 574	 reward -15.500	 ms 217.0	 loss 0.022452	 28.4s
[vali @575] rel=0.7783 (best 0.7697)  SW=216.4
Ep 575	 reward -15.546	 ms 217.7	 loss 0.178547	 51.0s
Ep 576	 reward -15.596	 ms 218.3	 loss 0.056721	 24.9s
Ep 577	 reward -15.418	 ms 215.8	 loss 0.041911	 25.9s
Ep 578	 reward -15.518	 ms 217.2	 loss 0.104460	 25.4s
Ep 579	 reward -15.650	 ms 219.1	 loss 0.060189	 26.7s
Ep 580	 reward -15.375	 ms 215.2	 loss 0.043779	 26.2s
Ep 581	 reward -15.829	 ms 221.6	 loss 0.356608	 27.3s
Ep 582	 reward -15.704	 ms 219.8	 loss 0.217464	 26.9s
Ep 583	 reward -15.836	 ms 221.7	 loss 0.317230	 27.6s
Ep 584	 reward -15.700	 ms 219.8	 loss 0.343095	 26.6s
Ep 585	 reward -15.650	 ms 219.1	 loss 0.366753	 27.0s
Ep 586	 reward -15.775	 ms 220.8	 loss 0.407863	 26.7s
Ep 587	 reward -15.807	 ms 221.3	 loss 0.362070	 23.9s
Ep 588	 reward -15.989	 ms 223.8	 loss 0.347187	 24.7s
Ep 589	 reward -15.746	 ms 220.4	 loss 0.307072	 26.4s
Ep 590	 reward -15.732	 ms 220.2	 loss 0.316121	 27.8s
Ep 591	 reward -15.889	 ms 222.4	 loss 0.319923	 27.2s
Ep 592	 reward -15.718	 ms 220.1	 loss 0.278851	 25.5s
Ep 593	 reward -15.714	 ms 220.0	 loss 0.306124	 27.2s
Ep 594	 reward -15.725	 ms 220.2	 loss 0.231333	 26.7s
Ep 595	 reward -15.711	 ms 219.9	 loss 0.277087	 25.8s
Ep 596	 reward -15.639	 ms 218.9	 loss 0.356751	 28.6s
Ep 597	 reward -15.693	 ms 219.7	 loss 0.193951	 27.4s
Ep 598	 reward -15.746	 ms 220.4	 loss 0.367785	 26.5s
Ep 599	 reward -15.789	 ms 221.1	 loss 0.356585	 24.8s
[vali @600] rel=0.7780 (best 0.7697)  SW=216.3
Ep 600	 reward -15.696	 ms 219.8	 loss 0.221988	 49.0s
Ep 601	 reward -15.571	 ms 218.0	 loss 0.310881	 27.0s
Ep 602	 reward -15.486	 ms 216.8	 loss 0.202721	 27.8s
Ep 603	 reward -15.671	 ms 219.4	 loss 0.286256	 26.2s
Ep 604	 reward -15.539	 ms 217.6	 loss 0.099336	 27.7s
Ep 605	 reward -15.418	 ms 215.8	 loss 0.374473	 26.8s
Ep 606	 reward -15.571	 ms 218.0	 loss 0.330673	 26.7s
Ep 607	 reward -15.611	 ms 218.6	 loss 0.384682	 27.5s
Ep 608	 reward -15.589	 ms 218.2	 loss 0.185322	 28.0s
Ep 609	 reward -15.461	 ms 216.4	 loss 0.179293	 25.5s
Ep 610	 reward -15.536	 ms 217.5	 loss 0.085825	 24.3s
Ep 611	 reward -15.550	 ms 217.7	 loss 0.272890	 28.2s
Ep 612	 reward -15.543	 ms 217.6	 loss 0.369952	 27.8s
Ep 613	 reward -15.543	 ms 217.6	 loss 0.114542	 27.5s
Ep 614	 reward -15.471	 ms 216.6	 loss 0.227553	 25.1s
Ep 615	 reward -15.536	 ms 217.5	 loss 0.323707	 26.1s
Ep 616	 reward -15.529	 ms 217.4	 loss 0.163098	 27.2s
Ep 617	 reward -15.489	 ms 216.8	 loss 0.098355	 26.0s
Ep 618	 reward -15.554	 ms 217.8	 loss 0.215643	 27.6s
Ep 619	 reward -15.564	 ms 217.9	 loss 0.331707	 27.1s
Ep 620	 reward -15.404	 ms 215.7	 loss 0.087227	 25.3s
Ep 621	 reward -15.929	 ms 223.0	 loss 0.177951	 27.1s
Ep 622	 reward -15.786	 ms 221.0	 loss 0.142002	 27.3s
Ep 623	 reward -15.950	 ms 223.3	 loss 0.309546	 28.7s
Ep 624	 reward -15.814	 ms 221.4	 loss 0.219096	 27.3s
[vali @625] rel=0.7913 (best 0.7697)  SW=220.1
Ep 625	 reward -15.929	 ms 223.0	 loss 0.262534	 54.0s
Ep 626	 reward -15.914	 ms 222.8	 loss 0.305775	 27.7s
Ep 627	 reward -16.018	 ms 224.2	 loss 0.255205	 27.7s
Ep 628	 reward -15.889	 ms 222.4	 loss 0.160722	 28.0s
Ep 629	 reward -15.839	 ms 221.8	 loss 0.291152	 27.6s
Ep 630	 reward -15.818	 ms 221.4	 loss 0.131812	 25.0s
Ep 631	 reward -15.986	 ms 223.8	 loss 0.157913	 25.4s
Ep 632	 reward -15.921	 ms 222.9	 loss 0.244837	 25.4s
Ep 633	 reward -15.939	 ms 223.2	 loss 0.220823	 26.3s
Ep 634	 reward -16.000	 ms 224.0	 loss 0.281766	 26.9s
Ep 635	 reward -15.896	 ms 222.6	 loss 0.238832	 26.3s
Ep 636	 reward -15.986	 ms 223.8	 loss 0.273382	 26.6s
Ep 637	 reward -15.843	 ms 221.8	 loss 0.064821	 27.4s
Ep 638	 reward -15.907	 ms 222.7	 loss 0.230840	 26.6s
Ep 639	 reward -15.814	 ms 221.4	 loss 0.167930	 26.7s
Ep 640	 reward -15.921	 ms 222.9	 loss 0.176678	 27.8s
Ep 641	 reward -16.107	 ms 225.5	 loss 0.159255	 27.4s
Ep 642	 reward -15.975	 ms 223.7	 loss 0.216324	 25.0s
Ep 643	 reward -15.993	 ms 223.9	 loss 0.284906	 24.7s
Ep 644	 reward -15.961	 ms 223.4	 loss 0.216581	 27.8s
Ep 645	 reward -16.061	 ms 224.8	 loss 0.195402	 26.6s
Ep 646	 reward -16.057	 ms 224.8	 loss 0.086918	 27.1s
Ep 647	 reward -15.943	 ms 223.2	 loss 0.125114	 25.7s
Ep 648	 reward -15.932	 ms 223.1	 loss 0.358078	 27.2s
Ep 649	 reward -15.886	 ms 222.4	 loss 0.111957	 27.1s
[vali @650] rel=0.7751 (best 0.7697)  SW=215.6
Ep 650	 reward -15.964	 ms 223.5	 loss 0.078962	 52.2s
Ep 651	 reward -15.900	 ms 222.6	 loss 0.204458	 27.4s
Ep 652	 reward -15.921	 ms 222.9	 loss 0.359092	 26.1s
Ep 653	 reward -16.111	 ms 225.6	 loss 0.177611	 24.6s
Ep 654	 reward -16.011	 ms 224.2	 loss 0.354423	 27.6s
Ep 655	 reward -15.946	 ms 223.2	 loss 0.124846	 26.8s
Ep 656	 reward -15.818	 ms 221.4	 loss 0.171937	 28.0s
Ep 657	 reward -15.900	 ms 222.6	 loss 0.128777	 27.3s
Ep 658	 reward -15.814	 ms 221.4	 loss 0.095224	 26.5s
Ep 659	 reward -16.043	 ms 224.6	 loss 0.201050	 26.3s
Ep 660	 reward -16.025	 ms 224.3	 loss 0.136609	 26.7s
Ep 661	 reward -16.004	 ms 224.1	 loss 0.237178	 27.6s
Ep 662	 reward -16.029	 ms 224.4	 loss 0.117510	 26.6s
Ep 663	 reward -15.957	 ms 223.4	 loss 0.185631	 26.9s
Ep 664	 reward -15.968	 ms 223.6	 loss 0.194688	 25.6s
Ep 665	 reward -15.939	 ms 223.2	 loss 0.146899	 23.8s
Ep 666	 reward -15.975	 ms 223.7	 loss 0.065625	 27.0s
Ep 667	 reward -15.921	 ms 222.9	 loss 0.143469	 26.9s
Ep 668	 reward -15.925	 ms 222.9	 loss 0.193415	 27.8s
Ep 669	 reward -15.936	 ms 223.1	 loss 0.168269	 26.4s
Ep 670	 reward -15.889	 ms 222.4	 loss 0.076047	 26.8s
Ep 671	 reward -15.982	 ms 223.8	 loss 0.174391	 26.1s
Ep 672	 reward -16.096	 ms 225.3	 loss 0.312254	 25.9s
Ep 673	 reward -16.168	 ms 226.3	 loss 0.213650	 27.1s
Ep 674	 reward -15.968	 ms 223.6	 loss 0.099729	 26.1s
[vali @675] rel=0.7787 (best 0.7697)  SW=216.6
Ep 675	 reward -15.907	 ms 222.7	 loss 0.174679	 46.0s
Ep 676	 reward -16.061	 ms 224.8	 loss 0.155943	 25.8s
Ep 677	 reward -15.818	 ms 221.4	 loss 0.092666	 25.9s
Ep 678	 reward -15.907	 ms 222.7	 loss 0.202545	 26.6s
Ep 679	 reward -15.936	 ms 223.1	 loss 0.116124	 27.1s
Ep 680	 reward -16.004	 ms 224.1	 loss 0.297674	 25.7s
Ep 681	 reward -15.582	 ms 218.2	 loss 0.071734	 26.1s
Ep 682	 reward -15.718	 ms 220.1	 loss 0.049827	 26.8s
Ep 683	 reward -15.743	 ms 220.4	 loss 0.102741	 26.3s
Ep 684	 reward -15.807	 ms 221.3	 loss 0.090420	 25.6s
Ep 685	 reward -15.725	 ms 220.2	 loss 0.109115	 26.3s
Ep 686	 reward -15.650	 ms 219.1	 loss 0.071279	 26.0s
Ep 687	 reward -15.611	 ms 218.6	 loss 0.121579	 24.5s
Ep 688	 reward -15.682	 ms 219.6	 loss 0.128591	 26.8s
Ep 689	 reward -15.646	 ms 219.1	 loss 0.018931	 27.7s
Ep 690	 reward -15.718	 ms 220.1	 loss 0.077245	 27.1s
Ep 691	 reward -15.779	 ms 220.9	 loss 0.231196	 27.8s
Ep 692	 reward -15.807	 ms 221.3	 loss 0.054090	 26.1s
Ep 693	 reward -15.611	 ms 218.6	 loss 0.034328	 27.1s
Ep 694	 reward -15.732	 ms 220.2	 loss 0.189927	 25.2s
Ep 695	 reward -15.643	 ms 219.0	 loss 0.160650	 28.1s
Ep 696	 reward -15.629	 ms 218.8	 loss 0.101855	 28.2s
Ep 697	 reward -15.743	 ms 220.4	 loss 0.081605	 23.1s
Ep 698	 reward -15.646	 ms 219.1	 loss 0.228264	 26.4s
Ep 699	 reward -15.629	 ms 218.8	 loss 0.176336	 27.4s
[vali @700] rel=0.7783 (best 0.7697)  SW=216.4
Ep 700	 reward -15.607	 ms 218.5	 loss 0.089989	 51.9s
Ep 701	 reward -15.546	 ms 217.7	 loss 0.226391	 27.1s
Ep 702	 reward -15.675	 ms 219.4	 loss 0.257272	 25.7s
Ep 703	 reward -15.571	 ms 218.0	 loss 0.171666	 25.8s
Ep 704	 reward -15.468	 ms 216.6	 loss 0.181362	 28.3s
Ep 705	 reward -15.671	 ms 219.4	 loss 0.193996	 26.4s
Ep 706	 reward -15.689	 ms 219.7	 loss 0.220507	 27.1s
Ep 707	 reward -15.768	 ms 220.8	 loss 0.083681	 26.8s
Ep 708	 reward -15.582	 ms 218.2	 loss 0.085444	 25.5s
Ep 709	 reward -15.725	 ms 220.2	 loss 0.277690	 27.6s
Ep 710	 reward -15.611	 ms 218.6	 loss 0.153323	 26.8s
Ep 711	 reward -15.682	 ms 219.6	 loss 0.186343	 27.2s
Ep 712	 reward -15.746	 ms 220.4	 loss 0.209354	 26.6s
Ep 713	 reward -15.418	 ms 215.8	 loss 0.055290	 27.1s
Ep 714	 reward -15.643	 ms 219.0	 loss 0.281371	 28.1s
Ep 715	 reward -15.675	 ms 219.4	 loss 0.233975	 27.8s
Ep 716	 reward -15.593	 ms 218.3	 loss 0.103511	 27.0s
Ep 717	 reward -15.589	 ms 218.2	 loss 0.144443	 27.8s
Ep 718	 reward -15.825	 ms 221.6	 loss 0.230279	 27.3s
Ep 719	 reward -15.539	 ms 217.6	 loss 0.073500	 24.7s
Ep 720	 reward -15.604	 ms 218.4	 loss 0.132905	 24.2s
Ep 721	 reward -15.875	 ms 222.2	 loss 0.115519	 26.3s
Ep 722	 reward -15.918	 ms 222.8	 loss 0.172077	 26.4s
Ep 723	 reward -15.757	 ms 220.6	 loss 0.197785	 26.8s
Ep 724	 reward -15.721	 ms 220.1	 loss 0.219611	 26.6s
[vali @725] rel=0.7794 (best 0.7697)  SW=216.8
Ep 725	 reward -15.818	 ms 221.4	 loss 0.131662	 52.1s
Ep 726	 reward -15.804	 ms 221.2	 loss 0.273845	 26.4s
Ep 727	 reward -15.821	 ms 221.5	 loss 0.123414	 27.4s
Ep 728	 reward -15.732	 ms 220.2	 loss 0.307480	 26.5s
Ep 729	 reward -15.886	 ms 222.4	 loss 0.220133	 24.1s
Ep 730	 reward -15.732	 ms 220.2	 loss 0.309861	 24.9s
Ep 731	 reward -15.782	 ms 220.9	 loss 0.216038	 26.0s
Ep 732	 reward -15.732	 ms 220.2	 loss 0.319769	 26.6s
Ep 733	 reward -15.664	 ms 219.3	 loss 0.345082	 26.7s
Ep 734	 reward -15.768	 ms 220.8	 loss 0.135447	 25.6s
Ep 735	 reward -15.871	 ms 222.2	 loss 0.267136	 27.3s
Ep 736	 reward -15.832	 ms 221.7	 loss 0.205931	 27.3s
Ep 737	 reward -15.986	 ms 223.8	 loss 0.243632	 27.1s
Ep 738	 reward -15.811	 ms 221.3	 loss 0.150524	 27.2s
Ep 739	 reward -15.861	 ms 222.1	 loss 0.281011	 27.1s
Ep 740	 reward -15.761	 ms 220.7	 loss 0.179489	 26.8s
Ep 741	 reward -15.407	 ms 215.7	 loss 0.197843	 25.8s
Ep 742	 reward -15.546	 ms 217.7	 loss 0.137395	 25.9s
Ep 743	 reward -15.514	 ms 217.2	 loss 0.207124	 27.7s
Ep 744	 reward -15.321	 ms 214.5	 loss 0.254216	 27.4s
Ep 745	 reward -15.436	 ms 216.1	 loss 0.275205	 26.7s
Ep 746	 reward -15.411	 ms 215.8	 loss 0.173321	 27.1s
Ep 747	 reward -15.354	 ms 214.9	 loss 0.210740	 25.8s
Ep 748	 reward -15.482	 ms 216.8	 loss 0.199938	 27.7s
Ep 749	 reward -15.389	 ms 215.4	 loss 0.204474	 27.0s
[vali @750] rel=0.7780 (best 0.7697)  SW=216.3
Ep 750	 reward -15.411	 ms 215.8	 loss 0.257630	 51.6s
Ep 751	 reward -15.325	 ms 214.6	 loss 0.091130	 25.8s
Ep 752	 reward -15.407	 ms 215.7	 loss 0.250996	 23.9s
Ep 753	 reward -15.339	 ms 214.8	 loss 0.285672	 25.9s
Ep 754	 reward -15.404	 ms 215.7	 loss 0.278773	 26.4s
Ep 755	 reward -15.429	 ms 216.0	 loss 0.119231	 25.7s
Ep 756	 reward -15.564	 ms 217.9	 loss 0.149995	 26.8s
Ep 757	 reward -15.411	 ms 215.8	 loss 0.135615	 28.1s
Ep 758	 reward -15.482	 ms 216.8	 loss 0.197463	 27.0s
Ep 759	 reward -15.400	 ms 215.6	 loss 0.053838	 27.6s
Ep 760	 reward -15.343	 ms 214.8	 loss 0.108247	 26.5s
Ep 761	 reward -15.454	 ms 216.3	 loss 0.331970	 27.5s
Ep 762	 reward -15.450	 ms 216.3	 loss 0.286657	 26.6s
Ep 763	 reward -15.536	 ms 217.5	 loss 0.232095	 25.8s
Ep 764	 reward -15.607	 ms 218.5	 loss 0.265848	 25.7s
Ep 765	 reward -15.557	 ms 217.8	 loss 0.215722	 25.9s
Ep 766	 reward -15.507	 ms 217.1	 loss 0.210288	 26.8s
Ep 767	 reward -15.461	 ms 216.4	 loss 0.248175	 27.5s
Ep 768	 reward -15.507	 ms 217.1	 loss 0.192271	 26.9s
Ep 769	 reward -15.536	 ms 217.5	 loss 0.264682	 26.4s
Ep 770	 reward -15.650	 ms 219.1	 loss 0.195343	 27.2s
Ep 771	 reward -15.596	 ms 218.3	 loss 0.193011	 27.3s
Ep 772	 reward -15.654	 ms 219.2	 loss 0.261431	 27.0s
Ep 773	 reward -15.561	 ms 217.8	 loss 0.387688	 26.7s
Ep 774	 reward -15.514	 ms 217.2	 loss 0.163871	 25.3s
[vali @775] rel=0.7805 (best 0.7697)  SW=217.1
Ep 775	 reward -15.543	 ms 217.6	 loss 0.298656	 49.2s
Ep 776	 reward -15.482	 ms 216.8	 loss 0.269306	 27.2s
Ep 777	 reward -15.568	 ms 217.9	 loss 0.215644	 27.1s
Ep 778	 reward -15.804	 ms 221.2	 loss 0.210578	 27.0s
Ep 779	 reward -15.336	 ms 214.7	 loss 0.194628	 25.2s
Ep 780	 reward -15.536	 ms 217.5	 loss 0.333873	 25.7s
Ep 781	 reward -15.632	 ms 218.8	 loss 0.311871	 27.4s
Ep 782	 reward -15.632	 ms 218.8	 loss 0.264432	 26.9s
Ep 783	 reward -15.632	 ms 218.8	 loss 0.324403	 27.7s
Ep 784	 reward -15.846	 ms 221.8	 loss 0.372745	 24.9s
Ep 785	 reward -15.654	 ms 219.2	 loss 0.344739	 25.2s
Ep 786	 reward -15.693	 ms 219.7	 loss 0.298266	 26.3s
Ep 787	 reward -15.757	 ms 220.6	 loss 0.248594	 26.0s
Ep 788	 reward -15.654	 ms 219.2	 loss 0.224950	 27.1s
Ep 789	 reward -15.525	 ms 217.3	 loss 0.247620	 26.9s
Ep 790	 reward -15.604	 ms 218.4	 loss 0.162444	 24.6s
Ep 791	 reward -15.571	 ms 218.0	 loss 0.218134	 26.6s
Ep 792	 reward -15.586	 ms 218.2	 loss 0.291275	 26.9s
Ep 793	 reward -15.611	 ms 218.6	 loss 0.247585	 27.2s
Ep 794	 reward -15.686	 ms 219.6	 loss 0.224832	 26.1s
Ep 795	 reward -15.550	 ms 217.7	 loss 0.184259	 25.3s
Ep 796	 reward -15.614	 ms 218.6	 loss 0.213117	 22.2s
Ep 797	 reward -15.693	 ms 219.7	 loss 0.276553	 26.3s
Ep 798	 reward -15.668	 ms 219.3	 loss 0.128874	 28.5s
Ep 799	 reward -15.725	 ms 220.2	 loss 0.263096	 29.2s
[vali @800] rel=0.7769 (best 0.7697)  SW=216.1
Ep 800	 reward -15.536	 ms 217.5	 loss 0.149327	 50.7s
Ep 801	 reward -15.696	 ms 219.8	 loss 0.330152	 27.4s
Ep 802	 reward -15.486	 ms 216.8	 loss 0.128230	 26.6s
Ep 803	 reward -15.454	 ms 216.3	 loss 0.240844	 27.0s
Ep 804	 reward -15.439	 ms 216.2	 loss 0.222166	 27.5s
Ep 805	 reward -15.429	 ms 216.0	 loss 0.202070	 26.3s
Ep 806	 reward -15.461	 ms 216.4	 loss 0.178162	 25.0s
Ep 807	 reward -15.518	 ms 217.2	 loss 0.220002	 24.8s
Ep 808	 reward -15.479	 ms 216.7	 loss 0.054239	 26.7s
Ep 809	 reward -15.429	 ms 216.0	 loss 0.220248	 26.2s
Ep 810	 reward -15.561	 ms 217.8	 loss 0.285068	 28.2s
Ep 811	 reward -15.593	 ms 218.3	 loss 0.360147	 26.9s
Ep 812	 reward -15.425	 ms 215.9	 loss 0.248581	 27.0s
Ep 813	 reward -15.543	 ms 217.6	 loss 0.089126	 26.4s
Ep 814	 reward -15.529	 ms 217.4	 loss 0.320765	 26.4s
Ep 815	 reward -15.682	 ms 219.6	 loss 0.157192	 25.3s
Ep 816	 reward -15.518	 ms 217.2	 loss 0.103283	 26.8s
Ep 817	 reward -15.457	 ms 216.4	 loss 0.110161	 27.3s
Ep 818	 reward -15.632	 ms 218.8	 loss 0.321479	 26.7s
Ep 819	 reward -15.450	 ms 216.3	 loss 0.230788	 26.5s
Ep 820	 reward -15.450	 ms 216.3	 loss 0.201256	 28.2s
Ep 821	 reward -15.525	 ms 217.3	 loss 0.140632	 27.5s
Ep 822	 reward -15.414	 ms 215.8	 loss 0.088884	 26.4s
Ep 823	 reward -15.543	 ms 217.6	 loss 0.058696	 27.9s
Ep 824	 reward -15.493	 ms 216.9	 loss 0.053724	 27.0s
[vali @825] rel=0.7749 (best 0.7697)  SW=215.5
Ep 825	 reward -15.457	 ms 216.4	 loss 0.063654	 50.9s
Ep 826	 reward -15.529	 ms 217.4	 loss 0.031702	 27.2s
Ep 827	 reward -15.489	 ms 216.8	 loss 0.121044	 27.1s
Ep 828	 reward -15.468	 ms 216.6	 loss 0.133130	 26.8s
Ep 829	 reward -15.446	 ms 216.2	 loss 0.061776	 27.4s
Ep 830	 reward -15.425	 ms 215.9	 loss 0.146310	 28.0s
Ep 831	 reward -15.511	 ms 217.2	 loss 0.036483	 26.0s
Ep 832	 reward -15.539	 ms 217.6	 loss 0.136564	 27.3s
Ep 833	 reward -15.432	 ms 216.1	 loss -0.014046	 27.4s
Ep 834	 reward -15.621	 ms 218.7	 loss 0.085723	 27.3s
Ep 835	 reward -15.586	 ms 218.2	 loss 0.096544	 26.8s
Ep 836	 reward -15.607	 ms 218.5	 loss 0.075507	 26.2s
Ep 837	 reward -15.521	 ms 217.3	 loss 0.010842	 27.5s
Ep 838	 reward -15.557	 ms 217.8	 loss 0.083456	 27.8s
Ep 839	 reward -15.618	 ms 218.7	 loss 0.014797	 27.5s
Ep 840	 reward -15.586	 ms 218.2	 loss 0.120003	 26.3s
Ep 841	 reward -15.693	 ms 219.7	 loss 0.410456	 27.6s
Ep 842	 reward -15.686	 ms 219.6	 loss 0.339228	 27.5s
Ep 843	 reward -15.618	 ms 218.7	 loss 0.419310	 26.8s
Ep 844	 reward -15.707	 ms 219.9	 loss 0.293949	 27.5s
Ep 845	 reward -15.700	 ms 219.8	 loss 0.381248	 27.6s
Ep 846	 reward -15.696	 ms 219.8	 loss 0.206350	 26.1s
Ep 847	 reward -15.646	 ms 219.1	 loss 0.262879	 27.1s
Ep 848	 reward -15.875	 ms 222.2	 loss 0.370569	 27.3s
Ep 849	 reward -15.682	 ms 219.6	 loss 0.285605	 27.7s
[vali @850] rel=0.7774 (best 0.7697)  SW=216.2
Ep 850	 reward -15.846	 ms 221.8	 loss 0.273664	 52.2s
Ep 851	 reward -15.661	 ms 219.2	 loss 0.317107	 26.1s
Ep 852	 reward -15.811	 ms 221.3	 loss 0.268201	 27.7s
Ep 853	 reward -15.657	 ms 219.2	 loss 0.362173	 29.4s
Ep 854	 reward -15.750	 ms 220.5	 loss 0.271870	 27.1s
Ep 855	 reward -15.721	 ms 220.1	 loss 0.336030	 26.3s
Ep 856	 reward -15.771	 ms 220.8	 loss 0.244890	 27.5s
Ep 857	 reward -15.689	 ms 219.7	 loss 0.340374	 27.4s
Ep 858	 reward -15.618	 ms 218.7	 loss 0.239823	 27.7s
Ep 859	 reward -15.750	 ms 220.5	 loss 0.233988	 26.7s
Ep 860	 reward -15.682	 ms 219.6	 loss 0.308029	 26.8s
Ep 861	 reward -15.468	 ms 216.6	 loss 0.217044	 26.5s
Ep 862	 reward -15.361	 ms 215.1	 loss 0.244802	 26.3s
Ep 863	 reward -15.389	 ms 215.4	 loss 0.085008	 26.8s
Ep 864	 reward -15.511	 ms 217.2	 loss 0.137151	 27.6s
Ep 865	 reward -15.486	 ms 216.8	 loss 0.238737	 27.4s
Ep 866	 reward -15.536	 ms 217.5	 loss 0.142302	 25.9s
Ep 867	 reward -15.393	 ms 215.5	 loss 0.039475	 26.5s
Ep 868	 reward -15.461	 ms 216.4	 loss 0.060211	 26.8s
Ep 869	 reward -15.396	 ms 215.6	 loss 0.138695	 28.0s
Ep 870	 reward -15.496	 ms 216.9	 loss 0.129769	 27.0s
Ep 871	 reward -15.761	 ms 220.7	 loss 0.090482	 26.8s
Ep 872	 reward -15.489	 ms 216.8	 loss 0.011310	 26.8s
Ep 873	 reward -15.436	 ms 216.1	 loss 0.047297	 25.6s
Ep 874	 reward -15.414	 ms 215.8	 loss 0.069148	 27.6s
[vali @875] rel=0.7826 (best 0.7697)  SW=217.7
Ep 875	 reward -15.446	 ms 216.2	 loss 0.075040	 50.7s
Ep 876	 reward -15.582	 ms 218.2	 loss 0.075142	 25.5s
Ep 877	 reward -15.414	 ms 215.8	 loss -0.050776	 26.5s
Ep 878	 reward -15.486	 ms 216.8	 loss 0.056592	 27.2s
Ep 879	 reward -15.536	 ms 217.5	 loss 0.063861	 27.1s
Ep 880	 reward -15.661	 ms 219.2	 loss 0.141138	 26.4s
Ep 881	 reward -15.829	 ms 221.6	 loss 0.103150	 26.1s
Ep 882	 reward -15.925	 ms 222.9	 loss 0.097141	 26.0s
Ep 883	 reward -15.754	 ms 220.6	 loss 0.125283	 27.8s
Ep 884	 reward -15.846	 ms 221.8	 loss 0.068986	 25.9s
Ep 885	 reward -15.761	 ms 220.7	 loss 0.052068	 26.4s
Ep 886	 reward -15.779	 ms 220.9	 loss 0.082189	 27.9s
Ep 887	 reward -15.825	 ms 221.6	 loss 0.065764	 26.1s
Ep 888	 reward -15.721	 ms 220.1	 loss 0.030816	 27.0s
Ep 889	 reward -15.779	 ms 220.9	 loss 0.078474	 26.9s
Ep 890	 reward -15.882	 ms 222.3	 loss 0.039088	 26.8s
Ep 891	 reward -15.846	 ms 221.8	 loss 0.010839	 25.6s
Ep 892	 reward -15.829	 ms 221.6	 loss 0.096764	 26.3s
Ep 893	 reward -15.829	 ms 221.6	 loss 0.058862	 25.8s
Ep 894	 reward -15.911	 ms 222.8	 loss 0.075988	 27.2s
Ep 895	 reward -15.896	 ms 222.6	 loss 0.020821	 27.2s
Ep 896	 reward -15.932	 ms 223.1	 loss 0.067315	 26.5s
Ep 897	 reward -15.804	 ms 221.2	 loss 0.112844	 28.2s
Ep 898	 reward -15.896	 ms 222.6	 loss 0.056374	 26.5s
Ep 899	 reward -15.771	 ms 220.8	 loss 0.037233	 27.4s
[vali @900] rel=0.7785 (best 0.7697)  SW=216.5
Ep 900	 reward -15.839	 ms 221.8	 loss 0.057560	 53.4s
Ep 901	 reward -15.736	 ms 220.3	 loss 0.268097	 27.5s
Ep 902	 reward -15.693	 ms 219.7	 loss 0.152296	 26.6s
Ep 903	 reward -15.636	 ms 218.9	 loss 0.099222	 27.0s
Ep 904	 reward -15.664	 ms 219.3	 loss 0.075880	 27.3s
Ep 905	 reward -15.818	 ms 221.4	 loss 0.235499	 27.9s
Ep 906	 reward -15.639	 ms 218.9	 loss 0.256853	 28.1s
Ep 907	 reward -15.746	 ms 220.4	 loss 0.080427	 25.9s
Ep 908	 reward -15.714	 ms 220.0	 loss 0.129525	 25.7s
Ep 909	 reward -15.725	 ms 220.2	 loss 0.167324	 26.0s
Ep 910	 reward -15.614	 ms 218.6	 loss 0.167419	 25.8s
Ep 911	 reward -15.793	 ms 221.1	 loss 0.180761	 27.5s
Ep 912	 reward -15.771	 ms 220.8	 loss 0.146346	 26.5s
Ep 913	 reward -15.500	 ms 217.0	 loss 0.264054	 26.0s
Ep 914	 reward -15.714	 ms 220.0	 loss 0.250676	 26.5s
Ep 915	 reward -15.736	 ms 220.3	 loss 0.205587	 27.5s
Ep 916	 reward -15.804	 ms 221.2	 loss 0.023028	 26.2s
Ep 917	 reward -15.779	 ms 220.9	 loss 0.142873	 27.2s
Ep 918	 reward -15.789	 ms 221.1	 loss 0.038178	 27.5s
Ep 919	 reward -15.729	 ms 220.2	 loss 0.038451	 27.4s
Ep 920	 reward -15.757	 ms 220.6	 loss 0.058212	 26.4s
Ep 921	 reward -15.450	 ms 216.3	 loss 0.081187	 25.8s
Ep 922	 reward -15.529	 ms 217.4	 loss 0.186839	 26.1s
Ep 923	 reward -15.557	 ms 217.8	 loss 0.055919	 26.4s
Ep 924	 reward -15.389	 ms 215.4	 loss 0.081036	 27.4s
[vali @925] rel=0.7724 (best 0.7697)  SW=214.8
Ep 925	 reward -15.393	 ms 215.5	 loss 0.068276	 48.5s
Ep 926	 reward -15.407	 ms 215.7	 loss 0.073659	 26.0s
Ep 927	 reward -15.307	 ms 214.3	 loss 0.062809	 25.8s
Ep 928	 reward -15.571	 ms 218.0	 loss 0.058980	 25.8s
Ep 929	 reward -15.468	 ms 216.6	 loss 0.050790	 27.1s
Ep 930	 reward -15.668	 ms 219.3	 loss -0.012745	 27.6s
Ep 931	 reward -15.307	 ms 214.3	 loss 0.021292	 25.8s
Ep 932	 reward -15.414	 ms 215.8	 loss -0.026263	 27.7s
Ep 933	 reward -15.429	 ms 216.0	 loss 0.109243	 25.7s
Ep 934	 reward -15.279	 ms 213.9	 loss 0.053782	 26.1s
Ep 935	 reward -15.354	 ms 214.9	 loss 0.136904	 25.8s
Ep 936	 reward -15.489	 ms 216.8	 loss 0.076273	 28.1s
Ep 937	 reward -15.393	 ms 215.5	 loss 0.079993	 27.5s
Ep 938	 reward -15.496	 ms 216.9	 loss 0.078758	 25.8s
Ep 939	 reward -15.439	 ms 216.2	 loss 0.106443	 26.0s
Ep 940	 reward -15.586	 ms 218.2	 loss 0.022425	 26.4s
Ep 941	 reward -15.746	 ms 220.4	 loss 0.169244	 27.0s
Ep 942	 reward -15.771	 ms 220.8	 loss 0.179168	 25.4s
Ep 943	 reward -15.832	 ms 221.7	 loss 0.185595	 26.1s
Ep 944	 reward -15.589	 ms 218.2	 loss 0.196345	 28.1s
Ep 945	 reward -15.646	 ms 219.1	 loss 0.167331	 26.0s
Ep 946	 reward -15.825	 ms 221.6	 loss 0.223844	 27.7s
Ep 947	 reward -15.771	 ms 220.8	 loss 0.119278	 28.0s
Ep 948	 reward -15.689	 ms 219.7	 loss 0.237570	 25.6s
Ep 949	 reward -15.618	 ms 218.7	 loss 0.130698	 25.4s
[vali @950] rel=0.7722 (best 0.7697)  SW=214.8
Ep 950	 reward -15.661	 ms 219.2	 loss 0.214532	 52.6s
Ep 951	 reward -15.693	 ms 219.7	 loss 0.140790	 27.4s
Ep 952	 reward -15.764	 ms 220.7	 loss 0.152234	 26.6s
Ep 953	 reward -15.650	 ms 219.1	 loss 0.229027	 26.4s
Ep 954	 reward -15.718	 ms 220.1	 loss 0.216187	 27.0s
Ep 955	 reward -15.832	 ms 221.7	 loss 0.125817	 25.6s
Ep 956	 reward -15.754	 ms 220.6	 loss 0.207300	 26.0s
Ep 957	 reward -15.693	 ms 219.7	 loss 0.083452	 26.8s
Ep 958	 reward -15.636	 ms 218.9	 loss 0.219860	 25.9s
Ep 959	 reward -15.861	 ms 222.1	 loss 0.234665	 26.4s
Ep 960	 reward -15.743	 ms 220.4	 loss 0.281442	 28.1s
Ep 961	 reward -15.636	 ms 218.9	 loss 0.178514	 27.0s
Ep 962	 reward -15.582	 ms 218.2	 loss 0.276430	 27.5s
Ep 963	 reward -15.543	 ms 217.6	 loss 0.109670	 27.9s
Ep 964	 reward -15.482	 ms 216.8	 loss 0.210700	 26.1s
Ep 965	 reward -15.371	 ms 215.2	 loss 0.057805	 26.3s
Ep 966	 reward -15.714	 ms 220.0	 loss 0.257429	 28.9s
Ep 967	 reward -15.539	 ms 217.6	 loss 0.093406	 27.9s
Ep 968	 reward -15.529	 ms 217.4	 loss 0.057178	 27.8s
Ep 969	 reward -15.432	 ms 216.1	 loss 0.054358	 28.2s
Ep 970	 reward -15.489	 ms 216.8	 loss 0.220478	 27.0s
Ep 971	 reward -15.586	 ms 218.2	 loss 0.087429	 27.5s
Ep 972	 reward -15.525	 ms 217.3	 loss 0.167216	 26.6s
Ep 973	 reward -15.496	 ms 216.9	 loss 0.081221	 26.8s
Ep 974	 reward -15.650	 ms 219.1	 loss 0.167407	 27.6s
[vali @975] rel=0.7769 (best 0.7697)  SW=216.1
Ep 975	 reward -15.550	 ms 217.7	 loss 0.124668	 52.1s
Ep 976	 reward -15.493	 ms 216.9	 loss 0.070714	 25.9s
Ep 977	 reward -15.436	 ms 216.1	 loss 0.045477	 26.7s
Ep 978	 reward -15.393	 ms 215.5	 loss 0.114896	 27.9s
Ep 979	 reward -15.500	 ms 217.0	 loss 0.125818	 25.4s
Ep 980	 reward -15.411	 ms 215.8	 loss 0.110889	 27.3s
Ep 981	 reward -15.561	 ms 217.8	 loss 0.263776	 28.0s
Ep 982	 reward -15.936	 ms 223.1	 loss 0.310967	 26.9s
Ep 983	 reward -15.743	 ms 220.4	 loss 0.268540	 25.9s
Ep 984	 reward -15.789	 ms 221.1	 loss 0.278519	 27.2s
Ep 985	 reward -15.639	 ms 218.9	 loss 0.322836	 26.2s
Ep 986	 reward -15.657	 ms 219.2	 loss 0.288356	 26.9s
Ep 987	 reward -15.657	 ms 219.2	 loss 0.150886	 26.8s
Ep 988	 reward -15.675	 ms 219.4	 loss 0.239902	 27.0s
Ep 989	 reward -15.696	 ms 219.8	 loss 0.300236	 26.8s
Ep 990	 reward -15.743	 ms 220.4	 loss 0.290551	 27.2s
Ep 991	 reward -15.746	 ms 220.4	 loss 0.356371	 27.0s
Ep 992	 reward -15.707	 ms 219.9	 loss 0.303622	 26.0s
Ep 993	 reward -15.604	 ms 218.4	 loss 0.166597	 25.4s
Ep 994	 reward -15.800	 ms 221.2	 loss 0.273981	 27.1s
Ep 995	 reward -15.854	 ms 221.9	 loss 0.148092	 27.0s
Ep 996	 reward -15.754	 ms 220.6	 loss 0.262516	 26.6s
Ep 997	 reward -15.789	 ms 221.1	 loss 0.246402	 28.8s
Ep 998	 reward -15.636	 ms 218.9	 loss 0.239697	 27.0s
Ep 999	 reward -15.575	 ms 218.1	 loss 0.175256	 26.2s
[vali @1000] rel=0.7715 (best 0.7697)  SW=214.6
Ep 1000	 reward -15.700	 ms 219.8	 loss 0.290628	 47.9s
[train_family] done in 8.14 h; best rel=0.7697
