[vali] MWKR norms: N=156.6
[model] params total=32786  film=0 (0.00%)
[train_family] model=10x25+family+spec-N regimes=['N'] updates=1000
Ep 1	 reward -10.296	 ms 144.2	 loss 0.591561	 28.3s
Ep 2	 reward -10.221	 ms 143.1	 loss 0.425415	 27.0s
Ep 3	 reward -10.300	 ms 144.2	 loss 0.560543	 23.9s
Ep 4	 reward -10.446	 ms 146.2	 loss 0.550687	 25.8s
Ep 5	 reward -10.400	 ms 145.6	 loss 0.483952	 25.8s
Ep 6	 reward -10.218	 ms 143.1	 loss 0.530171	 26.3s
Ep 7	 reward -10.300	 ms 144.2	 loss 0.523583	 26.8s
Ep 8	 reward -10.179	 ms 142.5	 loss 0.343670	 26.9s
Ep 9	 reward -10.318	 ms 144.4	 loss 0.400549	 26.1s
Ep 10	 reward -10.304	 ms 144.2	 loss 0.204133	 26.9s
Ep 11	 reward -10.404	 ms 145.7	 loss 0.331652	 25.8s
Ep 12	 reward -10.279	 ms 143.9	 loss 0.248290	 26.0s
Ep 13	 reward -10.250	 ms 143.5	 loss 0.110838	 27.0s
Ep 14	 reward -10.268	 ms 143.8	 loss 0.260914	 26.5s
Ep 15	 reward -10.232	 ms 143.2	 loss 0.121412	 27.2s
Ep 16	 reward -10.339	 ms 144.8	 loss 0.131419	 36.7s
Ep 17	 reward -10.354	 ms 144.9	 loss 0.023725	 39.7s
Ep 18	 reward -10.246	 ms 143.4	 loss 0.095065	 36.9s
Ep 19	 reward -10.236	 ms 143.3	 loss 0.081314	 26.1s
Ep 20	 reward -10.296	 ms 144.2	 loss 0.069917	 29.1s
Ep 21	 reward -10.564	 ms 147.9	 loss 0.235288	 29.8s
Ep 22	 reward -10.357	 ms 145.0	 loss 0.226925	 28.9s
Ep 23	 reward -10.475	 ms 146.7	 loss 0.217135	 27.1s
Ep 24	 reward -10.414	 ms 145.8	 loss 0.247863	 27.3s
[vali @25] rel=0.8519 (best 0.8519)  N=133.4
Ep 25	 reward -10.361	 ms 145.1	 loss 0.229155	 51.2s
Ep 26	 reward -10.186	 ms 142.6	 loss 0.127309	 27.4s
Ep 27	 reward -10.271	 ms 143.8	 loss 0.186581	 29.0s
Ep 28	 reward -10.100	 ms 141.4	 loss 0.123571	 27.4s
Ep 29	 reward -10.175	 ms 142.4	 loss 0.215809	 28.1s
Ep 30	 reward -10.068	 ms 140.9	 loss 0.138456	 26.1s
Ep 31	 reward -10.061	 ms 140.8	 loss 0.161731	 26.3s
Ep 32	 reward -10.036	 ms 140.5	 loss 0.154870	 28.4s
Ep 33	 reward -10.054	 ms 140.8	 loss 0.157532	 29.0s
Ep 34	 reward -10.114	 ms 141.6	 loss 0.089503	 28.4s
Ep 35	 reward -10.114	 ms 141.6	 loss 0.073210	 29.1s
Ep 36	 reward -10.086	 ms 141.2	 loss 0.160347	 26.9s
Ep 37	 reward -10.043	 ms 140.6	 loss 0.236575	 28.2s
Ep 38	 reward -9.911	 ms 138.8	 loss 0.179495	 26.9s
Ep 39	 reward -10.014	 ms 140.2	 loss 0.142154	 28.2s
Ep 40	 reward -10.114	 ms 141.6	 loss 0.202330	 27.4s
Ep 41	 reward -10.368	 ms 145.2	 loss 0.118390	 27.2s
Ep 42	 reward -10.136	 ms 141.9	 loss -0.010776	 26.3s
Ep 43	 reward -10.086	 ms 141.2	 loss 0.117229	 26.7s
Ep 44	 reward -10.186	 ms 142.6	 loss 0.170564	 27.5s
Ep 45	 reward -10.068	 ms 140.9	 loss 0.023531	 28.2s
Ep 46	 reward -10.239	 ms 143.3	 loss 0.090561	 27.8s
Ep 47	 reward -10.093	 ms 141.3	 loss 0.050363	 27.8s
Ep 48	 reward -10.043	 ms 140.6	 loss 0.074513	 26.0s
Ep 49	 reward -9.968	 ms 139.6	 loss 0.174157	 27.7s
[vali @50] rel=0.8579 (best 0.8519)  N=134.3
Ep 50	 reward -9.911	 ms 138.8	 loss 0.065391	 52.4s
Ep 51	 reward -9.861	 ms 138.1	 loss 0.079378	 25.8s
Ep 52	 reward -9.989	 ms 139.8	 loss -0.004951	 26.2s
Ep 53	 reward -9.800	 ms 137.2	 loss 0.059147	 25.8s
Ep 54	 reward -9.825	 ms 137.6	 loss 0.098234	 25.1s
Ep 55	 reward -9.800	 ms 137.2	 loss 0.112301	 26.4s
Ep 56	 reward -9.875	 ms 138.2	 loss 0.079855	 27.6s
Ep 57	 reward -9.729	 ms 136.2	 loss 0.164170	 28.6s
Ep 58	 reward -9.914	 ms 138.8	 loss 0.047723	 26.2s
Ep 59	 reward -9.811	 ms 137.3	 loss 0.118382	 27.9s
Ep 60	 reward -9.864	 ms 138.1	 loss -0.012202	 27.7s
Ep 61	 reward -9.904	 ms 138.7	 loss -0.028063	 28.4s
Ep 62	 reward -9.804	 ms 137.2	 loss 0.048479	 26.6s
Ep 63	 reward -9.854	 ms 137.9	 loss -0.021214	 25.0s
Ep 64	 reward -9.743	 ms 136.4	 loss -0.015529	 25.7s
Ep 65	 reward -9.821	 ms 137.5	 loss 0.014830	 25.9s
Ep 66	 reward -9.821	 ms 137.5	 loss 0.049322	 25.7s
Ep 67	 reward -9.775	 ms 136.8	 loss 0.064039	 26.7s
Ep 68	 reward -9.757	 ms 136.6	 loss 0.027264	 25.4s
Ep 69	 reward -9.850	 ms 137.9	 loss -0.023636	 25.5s
Ep 70	 reward -9.811	 ms 137.3	 loss -0.005331	 26.7s
Ep 71	 reward -9.829	 ms 137.6	 loss 0.001362	 27.5s
Ep 72	 reward -9.768	 ms 136.8	 loss 0.029014	 27.0s
Ep 73	 reward -9.793	 ms 137.1	 loss 0.028108	 26.5s
Ep 74	 reward -9.793	 ms 137.1	 loss 0.013579	 26.9s
[vali @75] rel=0.8541 (best 0.8519)  N=133.8
Ep 75	 reward -9.796	 ms 137.2	 loss -0.022490	 51.4s
Ep 76	 reward -9.789	 ms 137.1	 loss -0.007866	 26.2s
Ep 77	 reward -9.832	 ms 137.7	 loss -0.001446	 27.1s
Ep 78	 reward -9.911	 ms 138.8	 loss 0.022977	 26.8s
Ep 79	 reward -9.900	 ms 138.6	 loss 0.020863	 27.9s
Ep 80	 reward -9.868	 ms 138.2	 loss -0.037664	 25.8s
Ep 81	 reward -9.743	 ms 136.4	 loss 0.038142	 25.2s
Ep 82	 reward -9.800	 ms 137.2	 loss -0.000554	 26.2s
Ep 83	 reward -9.771	 ms 136.8	 loss -0.022166	 27.8s
Ep 84	 reward -9.857	 ms 138.0	 loss 0.038378	 26.7s
Ep 85	 reward -9.800	 ms 137.2	 loss 0.068596	 25.9s
Ep 86	 reward -9.768	 ms 136.8	 loss -0.014114	 27.6s
Ep 87	 reward -9.729	 ms 136.2	 loss -0.021907	 25.5s
Ep 88	 reward -9.786	 ms 137.0	 loss 0.058096	 25.7s
Ep 89	 reward -9.743	 ms 136.4	 loss 0.038750	 26.7s
Ep 90	 reward -9.693	 ms 135.7	 loss 0.045342	 28.3s
Ep 91	 reward -9.821	 ms 137.5	 loss 0.051069	 28.2s
Ep 92	 reward -9.779	 ms 136.9	 loss 0.065416	 29.5s
Ep 93	 reward -9.793	 ms 137.1	 loss 0.065573	 31.6s
Ep 94	 reward -9.764	 ms 136.7	 loss -0.036970	 27.8s
Ep 95	 reward -9.811	 ms 137.3	 loss 0.010946	 26.1s
Ep 96	 reward -9.839	 ms 137.8	 loss 0.078485	 27.4s
Ep 97	 reward -9.743	 ms 136.4	 loss -0.056725	 28.2s
Ep 98	 reward -9.682	 ms 135.6	 loss -0.079944	 27.5s
Ep 99	 reward -9.771	 ms 136.8	 loss 0.100650	 26.7s
[vali @100] rel=0.8362 (best 0.8362)  N=130.9
Ep 100	 reward -9.707	 ms 135.9	 loss 0.047033	 52.1s
Ep 101	 reward -9.671	 ms 135.4	 loss 0.020917	 26.3s
Ep 102	 reward -9.700	 ms 135.8	 loss 0.002015	 26.1s
Ep 103	 reward -9.689	 ms 135.7	 loss 0.076885	 26.6s
Ep 104	 reward -9.675	 ms 135.4	 loss 0.074604	 27.1s
Ep 105	 reward -9.779	 ms 136.9	 loss 0.036761	 26.6s
Ep 106	 reward -9.629	 ms 134.8	 loss 0.009293	 26.9s
Ep 107	 reward -9.657	 ms 135.2	 loss 0.029052	 26.9s
Ep 108	 reward -9.668	 ms 135.3	 loss 0.066425	 26.5s
Ep 109	 reward -9.654	 ms 135.2	 loss 0.084600	 24.6s
Ep 110	 reward -9.779	 ms 136.9	 loss 0.053399	 26.6s
Ep 111	 reward -9.639	 ms 134.9	 loss 0.040094	 26.8s
Ep 112	 reward -9.600	 ms 134.4	 loss -0.031923	 27.4s
Ep 113	 reward -9.707	 ms 135.9	 loss 0.102660	 26.8s
Ep 114	 reward -9.629	 ms 134.8	 loss -0.023185	 26.5s
Ep 115	 reward -9.679	 ms 135.5	 loss 0.084153	 28.2s
Ep 116	 reward -9.646	 ms 135.1	 loss 0.128353	 27.4s
Ep 117	 reward -9.707	 ms 135.9	 loss 0.000598	 29.3s
Ep 118	 reward -9.643	 ms 135.0	 loss 0.062427	 26.8s
Ep 119	 reward -9.679	 ms 135.5	 loss 0.152518	 28.5s
Ep 120	 reward -9.693	 ms 135.7	 loss 0.053005	 26.8s
Ep 121	 reward -9.596	 ms 134.3	 loss 0.054026	 26.3s
Ep 122	 reward -9.550	 ms 133.7	 loss 0.065202	 27.4s
Ep 123	 reward -9.589	 ms 134.2	 loss -0.046937	 26.8s
Ep 124	 reward -9.561	 ms 133.8	 loss 0.064263	 27.7s
[vali @125] rel=0.8349 (best 0.8349)  N=130.8
Ep 125	 reward -9.643	 ms 135.0	 loss 0.024860	 53.2s
Ep 126	 reward -9.682	 ms 135.6	 loss -0.062844	 27.2s
Ep 127	 reward -9.614	 ms 134.6	 loss 0.084487	 26.7s
Ep 128	 reward -9.607	 ms 134.5	 loss -0.023374	 27.1s
Ep 129	 reward -9.621	 ms 134.7	 loss -0.027791	 25.8s
Ep 130	 reward -9.539	 ms 133.6	 loss -0.013455	 25.6s
Ep 131	 reward -9.568	 ms 133.9	 loss -0.046495	 25.3s
Ep 132	 reward -9.589	 ms 134.2	 loss 0.032920	 27.7s
Ep 133	 reward -9.521	 ms 133.3	 loss -0.030553	 28.1s
Ep 134	 reward -9.586	 ms 134.2	 loss -0.004845	 26.6s
Ep 135	 reward -9.618	 ms 134.7	 loss 0.069809	 25.4s
Ep 136	 reward -9.646	 ms 135.1	 loss 0.000166	 27.7s
Ep 137	 reward -9.575	 ms 134.1	 loss -0.094039	 27.9s
Ep 138	 reward -9.625	 ms 134.8	 loss 0.123435	 25.6s
Ep 139	 reward -9.646	 ms 135.1	 loss -0.048203	 26.2s
Ep 140	 reward -9.643	 ms 135.0	 loss -0.059795	 25.5s
Ep 141	 reward -9.514	 ms 133.2	 loss -0.101118	 26.3s
Ep 142	 reward -9.568	 ms 133.9	 loss 0.023255	 25.5s
Ep 143	 reward -9.539	 ms 133.6	 loss 0.090853	 25.9s
Ep 144	 reward -9.550	 ms 133.7	 loss 0.026848	 26.5s
Ep 145	 reward -9.539	 ms 133.6	 loss 0.030039	 26.2s
Ep 146	 reward -9.521	 ms 133.3	 loss 0.042523	 26.9s
Ep 147	 reward -9.561	 ms 133.8	 loss 0.061885	 26.2s
Ep 148	 reward -9.518	 ms 133.2	 loss 0.010693	 27.3s
Ep 149	 reward -9.486	 ms 132.8	 loss 0.040249	 27.6s
[vali @150] rel=0.8314 (best 0.8314)  N=130.2
Ep 150	 reward -9.486	 ms 132.8	 loss -0.005075	 51.3s
Ep 151	 reward -9.407	 ms 131.7	 loss 0.057128	 23.3s
Ep 152	 reward -9.450	 ms 132.3	 loss 0.085007	 26.2s
Ep 153	 reward -9.529	 ms 133.4	 loss 0.006317	 23.1s
Ep 154	 reward -9.511	 ms 133.2	 loss -0.036305	 25.7s
Ep 155	 reward -9.432	 ms 132.1	 loss -0.042840	 26.4s
Ep 156	 reward -9.496	 ms 132.9	 loss 0.093644	 27.3s
Ep 157	 reward -9.518	 ms 133.2	 loss 0.023532	 26.3s
Ep 158	 reward -9.504	 ms 133.1	 loss 0.041602	 27.1s
Ep 159	 reward -9.496	 ms 132.9	 loss 0.086061	 26.8s
Ep 160	 reward -9.461	 ms 132.4	 loss 0.008712	 27.0s
Ep 161	 reward -9.525	 ms 133.3	 loss 0.003925	 26.0s
Ep 162	 reward -9.532	 ms 133.4	 loss 0.021147	 25.9s
Ep 163	 reward -9.479	 ms 132.7	 loss 0.019313	 25.4s
Ep 164	 reward -9.457	 ms 132.4	 loss -0.018901	 25.3s
Ep 165	 reward -9.521	 ms 133.3	 loss 0.060011	 22.3s
Ep 166	 reward -9.468	 ms 132.6	 loss -0.053561	 26.1s
Ep 167	 reward -9.529	 ms 133.4	 loss 0.030706	 26.9s
Ep 168	 reward -9.521	 ms 133.3	 loss 0.004887	 26.4s
Ep 169	 reward -9.450	 ms 132.3	 loss 0.071551	 24.7s
Ep 170	 reward -9.482	 ms 132.8	 loss -0.059120	 27.0s
Ep 171	 reward -9.471	 ms 132.6	 loss -0.066767	 26.1s
Ep 172	 reward -9.479	 ms 132.7	 loss 0.030409	 27.1s
Ep 173	 reward -9.489	 ms 132.8	 loss 0.019050	 26.4s
Ep 174	 reward -9.568	 ms 133.9	 loss 0.007205	 24.9s
[vali @175] rel=0.8305 (best 0.8305)  N=130.1
Ep 175	 reward -9.464	 ms 132.5	 loss 0.017568	 49.8s
Ep 176	 reward -9.596	 ms 134.3	 loss 0.023998	 26.3s
Ep 177	 reward -9.468	 ms 132.6	 loss 0.030926	 27.2s
Ep 178	 reward -9.475	 ms 132.7	 loss -0.019375	 26.3s
Ep 179	 reward -9.471	 ms 132.6	 loss -0.031187	 26.8s
Ep 180	 reward -9.464	 ms 132.5	 loss 0.020755	 26.4s
Ep 181	 reward -9.461	 ms 132.4	 loss 0.012654	 26.3s
Ep 182	 reward -9.489	 ms 132.8	 loss -0.020716	 26.3s
Ep 183	 reward -9.439	 ms 132.2	 loss -0.008290	 27.9s
Ep 184	 reward -9.464	 ms 132.5	 loss 0.085726	 27.8s
Ep 185	 reward -9.446	 ms 132.2	 loss 0.091245	 25.2s
Ep 186	 reward -9.425	 ms 131.9	 loss 0.065556	 27.3s
Ep 187	 reward -9.475	 ms 132.7	 loss -0.065185	 25.3s
Ep 188	 reward -9.425	 ms 131.9	 loss 0.019668	 27.2s
Ep 189	 reward -9.489	 ms 132.8	 loss 0.111786	 26.6s
Ep 190	 reward -9.479	 ms 132.7	 loss -0.080114	 26.5s
Ep 191	 reward -9.461	 ms 132.4	 loss -0.016934	 27.1s
Ep 192	 reward -9.511	 ms 133.2	 loss -0.016824	 27.5s
Ep 193	 reward -9.396	 ms 131.6	 loss 0.026980	 27.1s
Ep 194	 reward -9.418	 ms 131.8	 loss -0.037528	 27.9s
Ep 195	 reward -9.486	 ms 132.8	 loss -0.031840	 26.9s
Ep 196	 reward -9.450	 ms 132.3	 loss 0.079776	 23.6s
Ep 197	 reward -9.511	 ms 133.2	 loss 0.024141	 26.4s
Ep 198	 reward -9.468	 ms 132.6	 loss -0.080844	 23.4s
Ep 199	 reward -9.432	 ms 132.1	 loss -0.026831	 27.9s
[vali @200] rel=0.8317 (best 0.8305)  N=130.2
Ep 200	 reward -9.411	 ms 131.8	 loss 0.021412	 51.0s
Ep 201	 reward -9.382	 ms 131.3	 loss -0.008270	 26.3s
Ep 202	 reward -9.386	 ms 131.4	 loss 0.077254	 26.9s
Ep 203	 reward -9.407	 ms 131.7	 loss -0.099474	 25.6s
Ep 204	 reward -9.318	 ms 130.4	 loss -0.146445	 26.7s
Ep 205	 reward -9.414	 ms 131.8	 loss 0.004710	 26.9s
Ep 206	 reward -9.336	 ms 130.7	 loss -0.037297	 27.8s
Ep 207	 reward -9.339	 ms 130.8	 loss -0.080433	 25.9s
Ep 208	 reward -9.304	 ms 130.2	 loss -0.027313	 26.9s
Ep 209	 reward -9.418	 ms 131.8	 loss -0.010091	 25.0s
Ep 210	 reward -9.375	 ms 131.2	 loss -0.073825	 26.9s
Ep 211	 reward -9.346	 ms 130.8	 loss -0.007526	 26.9s
Ep 212	 reward -9.346	 ms 130.8	 loss -0.015667	 27.2s
Ep 213	 reward -9.382	 ms 131.3	 loss -0.094050	 28.1s
Ep 214	 reward -9.375	 ms 131.2	 loss 0.009537	 28.0s
Ep 215	 reward -9.346	 ms 130.8	 loss -0.058064	 27.8s
Ep 216	 reward -9.286	 ms 130.0	 loss -0.090674	 27.1s
Ep 217	 reward -9.379	 ms 131.3	 loss 0.111165	 26.7s
Ep 218	 reward -9.307	 ms 130.3	 loss -0.109530	 24.6s
Ep 219	 reward -9.300	 ms 130.2	 loss -0.146698	 26.4s
Ep 220	 reward -9.307	 ms 130.3	 loss -0.035344	 25.6s
Ep 221	 reward -9.475	 ms 132.7	 loss -0.030452	 27.4s
Ep 222	 reward -9.475	 ms 132.7	 loss 0.007611	 25.4s
Ep 223	 reward -9.482	 ms 132.8	 loss 0.089954	 27.1s
Ep 224	 reward -9.493	 ms 132.9	 loss -0.033668	 27.7s
[vali @225] rel=0.8285 (best 0.8285)  N=129.8
Ep 225	 reward -9.475	 ms 132.7	 loss 0.034209	 50.4s
Ep 226	 reward -9.518	 ms 133.2	 loss 0.038291	 26.6s
Ep 227	 reward -9.511	 ms 133.2	 loss -0.025857	 26.6s
Ep 228	 reward -9.571	 ms 134.0	 loss -0.122752	 26.1s
Ep 229	 reward -9.525	 ms 133.3	 loss 0.011696	 26.6s
Ep 230	 reward -9.489	 ms 132.8	 loss 0.013900	 26.3s
Ep 231	 reward -9.550	 ms 133.7	 loss 0.029751	 24.8s
Ep 232	 reward -9.543	 ms 133.6	 loss 0.036407	 26.7s
Ep 233	 reward -9.507	 ms 133.1	 loss -0.120547	 26.6s
Ep 234	 reward -9.468	 ms 132.6	 loss 0.002900	 26.2s
Ep 235	 reward -9.511	 ms 133.2	 loss -0.021467	 27.0s
Ep 236	 reward -9.479	 ms 132.7	 loss -0.049650	 26.0s
Ep 237	 reward -9.414	 ms 131.8	 loss 0.015873	 26.2s
Ep 238	 reward -9.500	 ms 133.0	 loss -0.000266	 27.6s
Ep 239	 reward -9.518	 ms 133.2	 loss 0.012749	 29.1s
Ep 240	 reward -9.464	 ms 132.5	 loss 0.005465	 24.9s
Ep 241	 reward -9.521	 ms 133.3	 loss 0.101508	 28.5s
Ep 242	 reward -9.475	 ms 132.7	 loss 0.014940	 24.9s
Ep 243	 reward -9.518	 ms 133.2	 loss 0.030064	 27.4s
Ep 244	 reward -9.436	 ms 132.1	 loss 0.034876	 25.3s
Ep 245	 reward -9.543	 ms 133.6	 loss 0.050826	 27.7s
Ep 246	 reward -9.611	 ms 134.6	 loss -0.072416	 25.9s
Ep 247	 reward -9.618	 ms 134.7	 loss -0.013367	 27.2s
Ep 248	 reward -9.521	 ms 133.3	 loss 0.055343	 26.7s
Ep 249	 reward -9.521	 ms 133.3	 loss -0.106107	 28.1s
[vali @250] rel=0.8397 (best 0.8285)  N=131.5
Ep 250	 reward -9.582	 ms 134.2	 loss 0.101874	 47.7s
Ep 251	 reward -9.529	 ms 133.4	 loss 0.033069	 25.6s
Ep 252	 reward -9.536	 ms 133.5	 loss 0.012829	 26.6s
Ep 253	 reward -9.579	 ms 134.1	 loss -0.003130	 24.1s
Ep 254	 reward -9.543	 ms 133.6	 loss -0.004848	 27.3s
Ep 255	 reward -9.482	 ms 132.8	 loss 0.029366	 25.4s
Ep 256	 reward -9.511	 ms 133.2	 loss 0.015877	 26.9s
Ep 257	 reward -9.568	 ms 133.9	 loss 0.081547	 27.7s
Ep 258	 reward -9.529	 ms 133.4	 loss 0.003998	 27.5s
Ep 259	 reward -9.529	 ms 133.4	 loss -0.025866	 26.9s
Ep 260	 reward -9.568	 ms 133.9	 loss -0.061047	 27.4s
Ep 261	 reward -9.643	 ms 135.0	 loss 0.135393	 27.0s
Ep 262	 reward -9.682	 ms 135.6	 loss 0.119569	 23.8s
Ep 263	 reward -9.664	 ms 135.3	 loss 0.125855	 28.5s
Ep 264	 reward -9.650	 ms 135.1	 loss 0.077852	 25.6s
Ep 265	 reward -9.671	 ms 135.4	 loss 0.014144	 25.9s
Ep 266	 reward -9.711	 ms 135.9	 loss 0.139329	 25.3s
Ep 267	 reward -9.736	 ms 136.3	 loss 0.079382	 27.0s
Ep 268	 reward -9.711	 ms 135.9	 loss 0.120093	 26.8s
Ep 269	 reward -9.832	 ms 137.7	 loss 0.041703	 25.6s
Ep 270	 reward -9.789	 ms 137.1	 loss 0.045402	 24.9s
Ep 271	 reward -9.668	 ms 135.3	 loss 0.058296	 26.8s
Ep 272	 reward -9.711	 ms 135.9	 loss 0.109479	 26.3s
Ep 273	 reward -9.725	 ms 136.2	 loss 0.104748	 25.1s
Ep 274	 reward -9.746	 ms 136.4	 loss 0.078026	 28.2s
[vali @275] rel=0.8375 (best 0.8285)  N=131.2
Ep 275	 reward -9.746	 ms 136.4	 loss 0.035400	 48.8s
Ep 276	 reward -9.725	 ms 136.2	 loss 0.150056	 27.2s
Ep 277	 reward -9.814	 ms 137.4	 loss 0.000757	 25.8s
Ep 278	 reward -9.779	 ms 136.9	 loss 0.082728	 25.7s
Ep 279	 reward -9.729	 ms 136.2	 loss 0.166157	 24.9s
Ep 280	 reward -9.732	 ms 136.2	 loss 0.101414	 25.2s
Ep 281	 reward -9.625	 ms 134.8	 loss 0.094455	 26.4s
Ep 282	 reward -9.639	 ms 134.9	 loss 0.003451	 24.5s
Ep 283	 reward -9.629	 ms 134.8	 loss -0.023015	 25.4s
Ep 284	 reward -9.679	 ms 135.5	 loss 0.048207	 24.4s
Ep 285	 reward -9.775	 ms 136.8	 loss -0.046916	 27.2s
Ep 286	 reward -9.668	 ms 135.3	 loss 0.091591	 24.9s
Ep 287	 reward -9.657	 ms 135.2	 loss -0.008723	 24.8s
Ep 288	 reward -9.682	 ms 135.6	 loss 0.030803	 26.3s
Ep 289	 reward -9.693	 ms 135.7	 loss 0.002767	 27.8s
Ep 290	 reward -9.761	 ms 136.7	 loss 0.002751	 25.7s
Ep 291	 reward -9.696	 ms 135.8	 loss 0.056666	 27.2s
Ep 292	 reward -9.636	 ms 134.9	 loss 0.095409	 26.0s
Ep 293	 reward -9.725	 ms 136.2	 loss -0.062629	 26.7s
Ep 294	 reward -9.850	 ms 137.9	 loss 0.120258	 27.2s
Ep 295	 reward -9.775	 ms 136.8	 loss 0.090199	 26.1s
Ep 296	 reward -9.757	 ms 136.6	 loss 0.027812	 25.2s
Ep 297	 reward -9.711	 ms 135.9	 loss 0.002120	 26.6s
Ep 298	 reward -9.768	 ms 136.8	 loss 0.013234	 24.4s
Ep 299	 reward -9.711	 ms 135.9	 loss -0.006488	 26.2s
[vali @300] rel=0.8493 (best 0.8285)  N=133.0
Ep 300	 reward -9.771	 ms 136.8	 loss 0.059981	 48.2s
Ep 301	 reward -9.771	 ms 136.8	 loss -0.003940	 26.9s
Ep 302	 reward -9.686	 ms 135.6	 loss -0.043448	 26.5s
Ep 303	 reward -9.714	 ms 136.0	 loss -0.043649	 27.9s
Ep 304	 reward -9.675	 ms 135.4	 loss -0.095926	 27.8s
Ep 305	 reward -9.650	 ms 135.1	 loss -0.068510	 26.6s
Ep 306	 reward -9.582	 ms 134.2	 loss 0.068225	 23.1s
Ep 307	 reward -9.657	 ms 135.2	 loss 0.019050	 25.4s
Ep 308	 reward -9.675	 ms 135.4	 loss -0.037325	 26.4s
Ep 309	 reward -9.557	 ms 133.8	 loss 0.090547	 23.6s
Ep 310	 reward -9.589	 ms 134.2	 loss 0.102522	 25.8s
Ep 311	 reward -9.604	 ms 134.4	 loss -0.058146	 26.0s
Ep 312	 reward -9.579	 ms 134.1	 loss 0.041284	 26.8s
Ep 313	 reward -9.564	 ms 133.9	 loss -0.123347	 25.6s
Ep 314	 reward -9.607	 ms 134.5	 loss 0.009259	 26.4s
Ep 315	 reward -9.521	 ms 133.3	 loss 0.070096	 26.0s
Ep 316	 reward -9.475	 ms 132.7	 loss -0.072590	 25.4s
Ep 317	 reward -9.500	 ms 133.0	 loss 0.078618	 27.1s
Ep 318	 reward -9.496	 ms 132.9	 loss -0.052518	 24.1s
Ep 319	 reward -9.579	 ms 134.1	 loss 0.056521	 26.7s
Ep 320	 reward -9.575	 ms 134.1	 loss -0.010676	 26.0s
Ep 321	 reward -9.500	 ms 133.0	 loss 0.058052	 25.4s
Ep 322	 reward -9.493	 ms 132.9	 loss 0.040062	 26.4s
Ep 323	 reward -9.539	 ms 133.6	 loss -0.088602	 26.3s
Ep 324	 reward -9.493	 ms 132.9	 loss 0.026626	 26.2s
[vali @325] rel=0.8359 (best 0.8285)  N=130.9
Ep 325	 reward -9.479	 ms 132.7	 loss 0.048941	 49.8s
Ep 326	 reward -9.461	 ms 132.4	 loss 0.080271	 26.8s
Ep 327	 reward -9.443	 ms 132.2	 loss 0.051188	 26.7s
Ep 328	 reward -9.489	 ms 132.8	 loss -0.029048	 27.0s
Ep 329	 reward -9.421	 ms 131.9	 loss -0.048816	 25.3s
Ep 330	 reward -9.404	 ms 131.7	 loss 0.004343	 27.4s
Ep 331	 reward -9.421	 ms 131.9	 loss -0.058842	 24.4s
Ep 332	 reward -9.443	 ms 132.2	 loss 0.072788	 27.6s
Ep 333	 reward -9.425	 ms 131.9	 loss -0.045848	 28.5s
Ep 334	 reward -9.393	 ms 131.5	 loss 0.064705	 28.7s
Ep 335	 reward -9.386	 ms 131.4	 loss 0.055455	 26.2s
Ep 336	 reward -9.421	 ms 131.9	 loss 0.048800	 26.7s
Ep 337	 reward -9.414	 ms 131.8	 loss 0.067256	 26.5s
Ep 338	 reward -9.454	 ms 132.3	 loss -0.005207	 27.8s
Ep 339	 reward -9.464	 ms 132.5	 loss 0.029346	 27.5s
Ep 340	 reward -9.364	 ms 131.1	 loss 0.030620	 24.7s
Ep 341	 reward -9.350	 ms 130.9	 loss 0.122565	 26.4s
Ep 342	 reward -9.357	 ms 131.0	 loss 0.124530	 25.2s
Ep 343	 reward -9.454	 ms 132.3	 loss 0.079686	 25.8s
Ep 344	 reward -9.425	 ms 131.9	 loss -0.066679	 26.5s
Ep 345	 reward -9.343	 ms 130.8	 loss 0.089162	 27.5s
Ep 346	 reward -9.411	 ms 131.8	 loss 0.129677	 26.2s
Ep 347	 reward -9.389	 ms 131.4	 loss 0.112539	 26.4s
Ep 348	 reward -9.371	 ms 131.2	 loss 0.169357	 26.0s
Ep 349	 reward -9.425	 ms 131.9	 loss 0.128632	 26.8s
[vali @350] rel=0.8416 (best 0.8285)  N=131.8
Ep 350	 reward -9.421	 ms 131.9	 loss 0.165273	 49.6s
Ep 351	 reward -9.325	 ms 130.6	 loss 0.166906	 25.8s
Ep 352	 reward -9.343	 ms 130.8	 loss 0.035922	 26.5s
Ep 353	 reward -9.368	 ms 131.2	 loss 0.062004	 24.8s
Ep 354	 reward -9.386	 ms 131.4	 loss 0.136581	 27.7s
Ep 355	 reward -9.407	 ms 131.7	 loss 0.141649	 25.6s
Ep 356	 reward -9.429	 ms 132.0	 loss 0.157988	 26.4s
Ep 357	 reward -9.418	 ms 131.8	 loss -0.037764	 26.7s
Ep 358	 reward -9.321	 ms 130.5	 loss 0.048424	 27.0s
Ep 359	 reward -9.321	 ms 130.5	 loss 0.182921	 27.3s
Ep 360	 reward -9.329	 ms 130.6	 loss 0.078306	 25.0s
Ep 361	 reward -9.386	 ms 131.4	 loss 0.077017	 27.2s
Ep 362	 reward -9.339	 ms 130.8	 loss 0.174378	 22.7s
Ep 363	 reward -9.289	 ms 130.1	 loss 0.034228	 27.3s
Ep 364	 reward -9.354	 ms 130.9	 loss 0.064444	 26.4s
Ep 365	 reward -9.307	 ms 130.3	 loss 0.083203	 27.0s
Ep 366	 reward -9.350	 ms 130.9	 loss 0.122725	 26.7s
Ep 367	 reward -9.300	 ms 130.2	 loss 0.033994	 27.5s
Ep 368	 reward -9.257	 ms 129.6	 loss 0.007942	 28.4s
Ep 369	 reward -9.325	 ms 130.6	 loss 0.104409	 27.5s
Ep 370	 reward -9.339	 ms 130.8	 loss 0.036976	 27.1s
Ep 371	 reward -9.354	 ms 130.9	 loss 0.164278	 25.6s
Ep 372	 reward -9.300	 ms 130.2	 loss 0.061243	 25.9s
Ep 373	 reward -9.314	 ms 130.4	 loss 0.073014	 26.2s
Ep 374	 reward -9.357	 ms 131.0	 loss 0.075561	 24.6s
[vali @375] rel=0.8400 (best 0.8285)  N=131.6
Ep 375	 reward -9.368	 ms 131.2	 loss 0.094927	 50.6s
Ep 376	 reward -9.375	 ms 131.2	 loss 0.111092	 26.5s
Ep 377	 reward -9.332	 ms 130.7	 loss 0.058835	 25.7s
Ep 378	 reward -9.332	 ms 130.7	 loss 0.049611	 26.7s
Ep 379	 reward -9.304	 ms 130.2	 loss 0.054003	 27.0s
Ep 380	 reward -9.293	 ms 130.1	 loss 0.012340	 25.3s
Ep 381	 reward -9.564	 ms 133.9	 loss 0.030745	 26.9s
Ep 382	 reward -9.543	 ms 133.6	 loss 0.087499	 25.9s
Ep 383	 reward -9.489	 ms 132.8	 loss 0.026634	 26.5s
Ep 384	 reward -9.539	 ms 133.6	 loss 0.094412	 24.8s
Ep 385	 reward -9.511	 ms 133.2	 loss 0.046195	 26.7s
Ep 386	 reward -9.546	 ms 133.7	 loss 0.136259	 25.5s
Ep 387	 reward -9.589	 ms 134.2	 loss 0.122891	 24.7s
Ep 388	 reward -9.539	 ms 133.6	 loss 0.086625	 26.5s
Ep 389	 reward -9.557	 ms 133.8	 loss 0.039317	 25.7s
Ep 390	 reward -9.518	 ms 133.2	 loss 0.044634	 26.0s
Ep 391	 reward -9.475	 ms 132.7	 loss 0.027062	 26.3s
Ep 392	 reward -9.561	 ms 133.8	 loss 0.103832	 27.6s
Ep 393	 reward -9.500	 ms 133.0	 loss 0.131435	 28.0s
Ep 394	 reward -9.600	 ms 134.4	 loss 0.034605	 26.8s
Ep 395	 reward -9.554	 ms 133.8	 loss 0.068135	 26.7s
Ep 396	 reward -9.521	 ms 133.3	 loss 0.121186	 25.5s
Ep 397	 reward -9.568	 ms 133.9	 loss 0.033446	 25.8s
Ep 398	 reward -9.514	 ms 133.2	 loss 0.037851	 24.2s
Ep 399	 reward -9.514	 ms 133.2	 loss 0.043252	 26.6s
[vali @400] rel=0.8410 (best 0.8285)  N=131.7
Ep 400	 reward -9.536	 ms 133.5	 loss 0.026508	 49.4s
Ep 401	 reward -9.386	 ms 131.4	 loss 0.044868	 26.1s
Ep 402	 reward -9.325	 ms 130.6	 loss 0.060302	 26.7s
Ep 403	 reward -9.368	 ms 131.2	 loss 0.028462	 26.4s
Ep 404	 reward -9.389	 ms 131.4	 loss 0.081252	 24.8s
Ep 405	 reward -9.379	 ms 131.3	 loss 0.033014	 26.9s
Ep 406	 reward -9.346	 ms 130.8	 loss 0.081051	 24.2s
Ep 407	 reward -9.425	 ms 131.9	 loss 0.024669	 26.6s
Ep 408	 reward -9.375	 ms 131.2	 loss 0.008995	 26.6s
Ep 409	 reward -9.393	 ms 131.5	 loss -0.008975	 24.8s
Ep 410	 reward -9.411	 ms 131.8	 loss -0.034373	 27.3s
Ep 411	 reward -9.421	 ms 131.9	 loss 0.008226	 25.3s
Ep 412	 reward -9.414	 ms 131.8	 loss -0.024654	 25.5s
Ep 413	 reward -9.489	 ms 132.8	 loss 0.030234	 26.8s
Ep 414	 reward -9.393	 ms 131.5	 loss 0.058576	 27.0s
Ep 415	 reward -9.382	 ms 131.3	 loss 0.032552	 27.0s
Ep 416	 reward -9.364	 ms 131.1	 loss -0.013505	 26.5s
Ep 417	 reward -9.414	 ms 131.8	 loss 0.039985	 26.8s
Ep 418	 reward -9.407	 ms 131.7	 loss -0.025566	 25.5s
Ep 419	 reward -9.382	 ms 131.3	 loss 0.035768	 27.2s
Ep 420	 reward -9.354	 ms 130.9	 loss -0.001463	 24.6s
Ep 421	 reward -9.404	 ms 131.7	 loss 0.061695	 26.0s
Ep 422	 reward -9.439	 ms 132.2	 loss -0.061529	 26.9s
Ep 423	 reward -9.396	 ms 131.6	 loss 0.127002	 27.5s
Ep 424	 reward -9.386	 ms 131.4	 loss 0.003748	 26.4s
[vali @425] rel=0.8423 (best 0.8285)  N=131.9
Ep 425	 reward -9.446	 ms 132.2	 loss 0.021861	 52.2s
Ep 426	 reward -9.393	 ms 131.5	 loss -0.052471	 29.1s
Ep 427	 reward -9.357	 ms 131.0	 loss -0.026925	 27.5s
Ep 428	 reward -9.361	 ms 131.1	 loss 0.122468	 23.6s
Ep 429	 reward -9.321	 ms 130.5	 loss -0.020426	 25.7s
Ep 430	 reward -9.350	 ms 130.9	 loss -0.018326	 25.3s
Ep 431	 reward -9.404	 ms 131.7	 loss -0.093459	 25.0s
Ep 432	 reward -9.325	 ms 130.6	 loss -0.042187	 26.2s
Ep 433	 reward -9.318	 ms 130.4	 loss 0.069660	 25.1s
Ep 434	 reward -9.354	 ms 130.9	 loss 0.057456	 26.6s
Ep 435	 reward -9.296	 ms 130.2	 loss -0.032641	 27.0s
Ep 436	 reward -9.343	 ms 130.8	 loss -0.058836	 26.4s
Ep 437	 reward -9.289	 ms 130.1	 loss 0.013525	 26.3s
Ep 438	 reward -9.361	 ms 131.1	 loss 0.122902	 26.8s
Ep 439	 reward -9.339	 ms 130.8	 loss -0.092093	 27.8s
Ep 440	 reward -9.386	 ms 131.4	 loss -0.021617	 24.3s
Ep 441	 reward -9.389	 ms 131.4	 loss 0.019344	 26.9s
Ep 442	 reward -9.414	 ms 131.8	 loss -0.081099	 24.9s
Ep 443	 reward -9.425	 ms 131.9	 loss 0.096432	 26.8s
Ep 444	 reward -9.325	 ms 130.6	 loss -0.008946	 26.5s
Ep 445	 reward -9.450	 ms 132.3	 loss 0.076592	 25.9s
Ep 446	 reward -9.382	 ms 131.3	 loss 0.020740	 25.9s
Ep 447	 reward -9.400	 ms 131.6	 loss -0.042246	 25.6s
Ep 448	 reward -9.375	 ms 131.2	 loss -0.000020	 26.9s
Ep 449	 reward -9.375	 ms 131.2	 loss -0.119595	 27.0s
[vali @450] rel=0.8372 (best 0.8285)  N=131.1
Ep 450	 reward -9.357	 ms 131.0	 loss 0.025862	 49.3s
Ep 451	 reward -9.375	 ms 131.2	 loss 0.078795	 25.0s
Ep 452	 reward -9.446	 ms 132.2	 loss 0.090740	 28.0s
Ep 453	 reward -9.389	 ms 131.4	 loss 0.032206	 26.0s
Ep 454	 reward -9.396	 ms 131.6	 loss -0.034714	 28.9s
Ep 455	 reward -9.396	 ms 131.6	 loss -0.045530	 27.7s
Ep 456	 reward -9.393	 ms 131.5	 loss -0.027389	 26.9s
Ep 457	 reward -9.354	 ms 130.9	 loss 0.030863	 26.9s
Ep 458	 reward -9.329	 ms 130.6	 loss 0.019857	 26.4s
Ep 459	 reward -9.332	 ms 130.7	 loss 0.058805	 26.5s
Ep 460	 reward -9.350	 ms 130.9	 loss 0.140501	 26.3s
Ep 461	 reward -9.414	 ms 131.8	 loss 0.146465	 26.4s
Ep 462	 reward -9.464	 ms 132.5	 loss 0.146778	 24.1s
Ep 463	 reward -9.396	 ms 131.6	 loss 0.077409	 26.7s
Ep 464	 reward -9.386	 ms 131.4	 loss 0.106433	 24.8s
Ep 465	 reward -9.418	 ms 131.8	 loss 0.178958	 27.0s
Ep 466	 reward -9.411	 ms 131.8	 loss 0.143630	 26.7s
Ep 467	 reward -9.393	 ms 131.5	 loss 0.144813	 27.8s
Ep 468	 reward -9.346	 ms 130.8	 loss 0.070082	 25.7s
Ep 469	 reward -9.411	 ms 131.8	 loss 0.070289	 26.7s
Ep 470	 reward -9.382	 ms 131.3	 loss 0.174972	 25.3s
Ep 471	 reward -9.436	 ms 132.1	 loss 0.136090	 26.8s
Ep 472	 reward -9.436	 ms 132.1	 loss 0.104043	 25.2s
Ep 473	 reward -9.386	 ms 131.4	 loss 0.108754	 26.0s
Ep 474	 reward -9.418	 ms 131.8	 loss 0.006058	 27.3s
[vali @475] rel=0.8340 (best 0.8285)  N=130.6
Ep 475	 reward -9.450	 ms 132.3	 loss 0.157495	 49.4s
Ep 476	 reward -9.411	 ms 131.8	 loss 0.099995	 25.2s
Ep 477	 reward -9.325	 ms 130.6	 loss 0.012120	 27.4s
Ep 478	 reward -9.389	 ms 131.4	 loss 0.097091	 26.5s
Ep 479	 reward -9.339	 ms 130.8	 loss 0.112762	 27.9s
Ep 480	 reward -9.379	 ms 131.3	 loss 0.060702	 26.5s
Ep 481	 reward -9.368	 ms 131.2	 loss 0.047344	 25.9s
Ep 482	 reward -9.318	 ms 130.4	 loss -0.002717	 27.0s
Ep 483	 reward -9.336	 ms 130.7	 loss 0.013699	 27.3s
Ep 484	 reward -9.325	 ms 130.6	 loss 0.099140	 23.4s
Ep 485	 reward -9.350	 ms 130.9	 loss 0.147577	 26.7s
Ep 486	 reward -9.271	 ms 129.8	 loss 0.042724	 24.0s
Ep 487	 reward -9.318	 ms 130.4	 loss -0.028834	 26.1s
Ep 488	 reward -9.264	 ms 129.7	 loss 0.126186	 26.1s
Ep 489	 reward -9.336	 ms 130.7	 loss 0.013752	 27.4s
Ep 490	 reward -9.329	 ms 130.6	 loss 0.081499	 26.3s
Ep 491	 reward -9.350	 ms 130.9	 loss -0.046207	 26.5s
Ep 492	 reward -9.354	 ms 130.9	 loss 0.112523	 26.3s
Ep 493	 reward -9.314	 ms 130.4	 loss -0.035564	 27.6s
Ep 494	 reward -9.314	 ms 130.4	 loss 0.010790	 27.3s
Ep 495	 reward -9.275	 ms 129.8	 loss -0.008444	 26.3s
Ep 496	 reward -9.314	 ms 130.4	 loss -0.007975	 25.6s
Ep 497	 reward -9.314	 ms 130.4	 loss 0.149113	 26.7s
Ep 498	 reward -9.293	 ms 130.1	 loss 0.092894	 23.8s
Ep 499	 reward -9.300	 ms 130.2	 loss 0.084307	 26.7s
[vali @500] rel=0.8352 (best 0.8285)  N=130.8
Ep 500	 reward -9.375	 ms 131.2	 loss 0.105535	 49.7s
Ep 501	 reward -9.393	 ms 131.5	 loss -0.155088	 26.7s
Ep 502	 reward -9.379	 ms 131.3	 loss -0.146718	 25.7s
Ep 503	 reward -9.318	 ms 130.4	 loss -0.062553	 26.8s
Ep 504	 reward -9.304	 ms 130.2	 loss -0.071536	 27.0s
Ep 505	 reward -9.339	 ms 130.8	 loss 0.027814	 26.3s
Ep 506	 reward -9.332	 ms 130.7	 loss -0.139490	 25.5s
Ep 507	 reward -9.350	 ms 130.9	 loss -0.106854	 26.8s
Ep 508	 reward -9.375	 ms 131.2	 loss -0.059554	 26.4s
Ep 509	 reward -9.339	 ms 130.8	 loss -0.098137	 24.9s
Ep 510	 reward -9.368	 ms 131.2	 loss -0.137037	 25.3s
Ep 511	 reward -9.321	 ms 130.5	 loss -0.056457	 27.6s
Ep 512	 reward -9.357	 ms 131.0	 loss -0.058202	 27.9s
Ep 513	 reward -9.364	 ms 131.1	 loss -0.028759	 27.6s
Ep 514	 reward -9.389	 ms 131.4	 loss -0.114633	 26.4s
Ep 515	 reward -9.393	 ms 131.5	 loss 0.027741	 27.5s
Ep 516	 reward -9.396	 ms 131.6	 loss -0.068243	 28.1s
Ep 517	 reward -9.400	 ms 131.6	 loss -0.116532	 25.6s
Ep 518	 reward -9.361	 ms 131.1	 loss 0.084119	 26.9s
Ep 519	 reward -9.336	 ms 130.7	 loss -0.125942	 26.3s
Ep 520	 reward -9.325	 ms 130.6	 loss -0.041664	 24.8s
Ep 521	 reward -9.425	 ms 131.9	 loss 0.051544	 26.6s
Ep 522	 reward -9.368	 ms 131.2	 loss 0.097014	 27.2s
Ep 523	 reward -9.332	 ms 130.7	 loss 0.071283	 26.3s
Ep 524	 reward -9.436	 ms 132.1	 loss -0.009941	 25.5s
[vali @525] rel=0.8311 (best 0.8285)  N=130.2
Ep 525	 reward -9.450	 ms 132.3	 loss 0.141377	 49.2s
Ep 526	 reward -9.389	 ms 131.4	 loss 0.127812	 26.7s
Ep 527	 reward -9.468	 ms 132.6	 loss 0.108442	 25.8s
Ep 528	 reward -9.429	 ms 132.0	 loss 0.168543	 24.6s
Ep 529	 reward -9.404	 ms 131.7	 loss 0.099575	 26.6s
Ep 530	 reward -9.425	 ms 131.9	 loss -0.076325	 25.6s
Ep 531	 reward -9.368	 ms 131.2	 loss 0.051107	 24.6s
Ep 532	 reward -9.346	 ms 130.8	 loss 0.088820	 26.3s
Ep 533	 reward -9.346	 ms 130.8	 loss -0.081021	 26.3s
Ep 534	 reward -9.418	 ms 131.8	 loss 0.071375	 25.6s
Ep 535	 reward -9.443	 ms 132.2	 loss -0.019214	 26.8s
Ep 536	 reward -9.482	 ms 132.8	 loss -0.091343	 26.6s
Ep 537	 reward -9.404	 ms 131.7	 loss 0.141176	 26.3s
Ep 538	 reward -9.450	 ms 132.3	 loss 0.019461	 27.0s
Ep 539	 reward -9.386	 ms 131.4	 loss 0.046659	 26.3s
Ep 540	 reward -9.407	 ms 131.7	 loss 0.008106	 24.6s
Ep 541	 reward -9.546	 ms 133.7	 loss -0.043933	 26.3s
Ep 542	 reward -9.600	 ms 134.4	 loss -0.012113	 25.3s
Ep 543	 reward -9.557	 ms 133.8	 loss -0.081639	 28.0s
Ep 544	 reward -9.525	 ms 133.3	 loss 0.011946	 28.1s
Ep 545	 reward -9.464	 ms 132.5	 loss 0.059495	 28.7s
Ep 546	 reward -9.536	 ms 133.5	 loss 0.126334	 26.8s
Ep 547	 reward -9.568	 ms 133.9	 loss -0.004385	 28.0s
Ep 548	 reward -9.539	 ms 133.6	 loss -0.015732	 26.6s
Ep 549	 reward -9.479	 ms 132.7	 loss 0.147766	 27.0s
[vali @550] rel=0.8372 (best 0.8285)  N=131.1
Ep 550	 reward -9.554	 ms 133.8	 loss 0.115408	 48.4s
Ep 551	 reward -9.539	 ms 133.6	 loss -0.027469	 27.1s
Ep 552	 reward -9.596	 ms 134.3	 loss -0.091893	 25.4s
Ep 553	 reward -9.536	 ms 133.5	 loss 0.024420	 25.9s
Ep 554	 reward -9.539	 ms 133.6	 loss -0.098391	 26.3s
Ep 555	 reward -9.582	 ms 134.2	 loss -0.034355	 27.2s
Ep 556	 reward -9.579	 ms 134.1	 loss -0.020983	 26.7s
Ep 557	 reward -9.600	 ms 134.4	 loss 0.065343	 28.0s
Ep 558	 reward -9.582	 ms 134.2	 loss 0.014241	 28.5s
Ep 559	 reward -9.557	 ms 133.8	 loss -0.103446	 25.9s
Ep 560	 reward -9.525	 ms 133.3	 loss -0.017161	 25.7s
Ep 561	 reward -9.446	 ms 132.2	 loss 0.160167	 26.4s
Ep 562	 reward -9.454	 ms 132.3	 loss -0.019876	 25.8s
Ep 563	 reward -9.475	 ms 132.7	 loss 0.092718	 27.3s
Ep 564	 reward -9.486	 ms 132.8	 loss 0.071658	 23.8s
Ep 565	 reward -9.436	 ms 132.1	 loss 0.064683	 26.3s
Ep 566	 reward -9.475	 ms 132.7	 loss 0.113108	 26.5s
Ep 567	 reward -9.436	 ms 132.1	 loss 0.112856	 26.8s
Ep 568	 reward -9.639	 ms 134.9	 loss 0.022348	 27.6s
Ep 569	 reward -9.421	 ms 131.9	 loss 0.135256	 25.7s
Ep 570	 reward -9.593	 ms 134.3	 loss 0.128601	 26.1s
Ep 571	 reward -9.575	 ms 134.1	 loss 0.106202	 27.3s
Ep 572	 reward -9.575	 ms 134.1	 loss 0.018681	 25.3s
Ep 573	 reward -9.539	 ms 133.6	 loss 0.023090	 24.5s
Ep 574	 reward -9.504	 ms 133.1	 loss 0.014823	 26.2s
[vali @575] rel=0.8416 (best 0.8285)  N=131.8
Ep 575	 reward -9.521	 ms 133.3	 loss 0.144642	 50.0s
Ep 576	 reward -9.486	 ms 132.8	 loss 0.179507	 27.4s
Ep 577	 reward -9.539	 ms 133.6	 loss 0.093659	 27.1s
Ep 578	 reward -9.525	 ms 133.3	 loss 0.132540	 26.2s
Ep 579	 reward -9.564	 ms 133.9	 loss 0.142341	 26.6s
Ep 580	 reward -9.596	 ms 134.3	 loss -0.029866	 26.2s
Ep 581	 reward -9.414	 ms 131.8	 loss -0.030711	 26.7s
Ep 582	 reward -9.421	 ms 131.9	 loss -0.038992	 27.5s
Ep 583	 reward -9.421	 ms 131.9	 loss -0.117862	 26.2s
Ep 584	 reward -9.368	 ms 131.2	 loss -0.069380	 26.6s
Ep 585	 reward -9.382	 ms 131.3	 loss -0.067119	 26.6s
Ep 586	 reward -9.436	 ms 132.1	 loss -0.044927	 23.7s
Ep 587	 reward -9.411	 ms 131.8	 loss -0.084300	 27.3s
Ep 588	 reward -9.450	 ms 132.3	 loss -0.028503	 27.9s
Ep 589	 reward -9.421	 ms 131.9	 loss -0.109223	 27.7s
Ep 590	 reward -9.421	 ms 131.9	 loss 0.052624	 26.9s
Ep 591	 reward -9.371	 ms 131.2	 loss -0.031766	 27.4s
Ep 592	 reward -9.389	 ms 131.4	 loss -0.110610	 27.6s
Ep 593	 reward -9.443	 ms 132.2	 loss -0.018879	 26.3s
Ep 594	 reward -9.414	 ms 131.8	 loss 0.002158	 26.2s
Ep 595	 reward -9.450	 ms 132.3	 loss -0.148051	 24.8s
Ep 596	 reward -9.368	 ms 131.2	 loss -0.008469	 27.4s
Ep 597	 reward -9.414	 ms 131.8	 loss 0.048553	 25.1s
Ep 598	 reward -9.443	 ms 132.2	 loss 0.085673	 26.4s
Ep 599	 reward -9.414	 ms 131.8	 loss 0.003096	 25.0s
[vali @600] rel=0.8455 (best 0.8285)  N=132.4
Ep 600	 reward -9.457	 ms 132.4	 loss -0.060957	 50.0s
Ep 601	 reward -9.504	 ms 133.1	 loss 0.121441	 26.3s
Ep 602	 reward -9.521	 ms 133.3	 loss -0.008267	 26.0s
Ep 603	 reward -9.471	 ms 132.6	 loss -0.047876	 26.5s
Ep 604	 reward -9.521	 ms 133.3	 loss -0.040837	 26.4s
Ep 605	 reward -9.514	 ms 133.2	 loss -0.012469	 27.3s
Ep 606	 reward -9.504	 ms 133.1	 loss -0.003787	 25.5s
Ep 607	 reward -9.443	 ms 132.2	 loss 0.066548	 27.0s
Ep 608	 reward -9.525	 ms 133.3	 loss 0.049575	 23.4s
Ep 609	 reward -9.429	 ms 132.0	 loss 0.100043	 26.4s
Ep 610	 reward -9.404	 ms 131.7	 loss 0.021239	 27.9s
Ep 611	 reward -9.532	 ms 133.4	 loss -0.085966	 26.3s
Ep 612	 reward -9.443	 ms 132.2	 loss 0.103310	 26.8s
Ep 613	 reward -9.418	 ms 131.8	 loss 0.113698	 27.6s
Ep 614	 reward -9.457	 ms 132.4	 loss -0.082484	 26.5s
Ep 615	 reward -9.514	 ms 133.2	 loss -0.025429	 26.0s
Ep 616	 reward -9.475	 ms 132.7	 loss 0.002392	 26.5s
Ep 617	 reward -9.532	 ms 133.4	 loss 0.096851	 24.8s
Ep 618	 reward -9.493	 ms 132.9	 loss -0.009844	 27.5s
Ep 619	 reward -9.446	 ms 132.2	 loss -0.024066	 24.2s
Ep 620	 reward -9.486	 ms 132.8	 loss -0.118170	 24.2s
Ep 621	 reward -9.607	 ms 134.5	 loss 0.122434	 25.6s
Ep 622	 reward -9.646	 ms 135.1	 loss -0.022732	 25.1s
Ep 623	 reward -9.532	 ms 133.4	 loss 0.064446	 25.5s
Ep 624	 reward -9.586	 ms 134.2	 loss 0.049906	 26.4s
[vali @625] rel=0.8301 (best 0.8285)  N=130.0
Ep 625	 reward -9.621	 ms 134.7	 loss 0.076052	 49.9s
Ep 626	 reward -9.582	 ms 134.2	 loss 0.090928	 25.9s
Ep 627	 reward -9.550	 ms 133.7	 loss 0.050514	 25.9s
Ep 628	 reward -9.579	 ms 134.1	 loss 0.093797	 23.5s
Ep 629	 reward -9.536	 ms 133.5	 loss 0.091019	 27.5s
Ep 630	 reward -9.629	 ms 134.8	 loss 0.052713	 24.7s
Ep 631	 reward -9.579	 ms 134.1	 loss 0.023540	 27.4s
Ep 632	 reward -9.589	 ms 134.2	 loss 0.056077	 26.0s
Ep 633	 reward -9.600	 ms 134.4	 loss 0.100379	 26.8s
Ep 634	 reward -9.579	 ms 134.1	 loss -0.049993	 27.4s
Ep 635	 reward -9.596	 ms 134.3	 loss -0.043239	 27.3s
Ep 636	 reward -9.514	 ms 133.2	 loss -0.090778	 26.4s
Ep 637	 reward -9.596	 ms 134.3	 loss 0.043565	 26.2s
Ep 638	 reward -9.639	 ms 134.9	 loss 0.107131	 26.2s
Ep 639	 reward -9.629	 ms 134.8	 loss -0.087136	 23.7s
Ep 640	 reward -9.604	 ms 134.4	 loss 0.047023	 24.8s
Ep 641	 reward -9.464	 ms 132.5	 loss -0.040438	 26.7s
Ep 642	 reward -9.457	 ms 132.4	 loss -0.011765	 25.1s
Ep 643	 reward -9.432	 ms 132.1	 loss 0.151661	 27.6s
Ep 644	 reward -9.418	 ms 131.8	 loss -0.083970	 25.9s
Ep 645	 reward -9.475	 ms 132.7	 loss 0.116846	 28.6s
Ep 646	 reward -9.443	 ms 132.2	 loss 0.008758	 27.7s
Ep 647	 reward -9.418	 ms 131.8	 loss 0.027392	 27.9s
Ep 648	 reward -9.475	 ms 132.7	 loss -0.010413	 28.1s
Ep 649	 reward -9.461	 ms 132.4	 loss 0.088565	 25.8s
[vali @650] rel=0.8311 (best 0.8285)  N=130.2
Ep 650	 reward -9.500	 ms 133.0	 loss 0.066982	 49.5s
Ep 651	 reward -9.521	 ms 133.3	 loss 0.081570	 26.4s
Ep 652	 reward -9.471	 ms 132.6	 loss 0.074546	 24.0s
Ep 653	 reward -9.486	 ms 132.8	 loss 0.086843	 27.1s
Ep 654	 reward -9.546	 ms 133.7	 loss 0.118794	 26.3s
Ep 655	 reward -9.443	 ms 132.2	 loss 0.048479	 26.3s
Ep 656	 reward -9.439	 ms 132.2	 loss 0.064852	 26.9s
Ep 657	 reward -9.493	 ms 132.9	 loss 0.077196	 25.6s
Ep 658	 reward -9.507	 ms 133.1	 loss -0.015415	 27.6s
Ep 659	 reward -9.450	 ms 132.3	 loss 0.124084	 25.8s
Ep 660	 reward -9.550	 ms 133.7	 loss 0.101201	 26.6s
Ep 661	 reward -9.682	 ms 135.6	 loss 0.029914	 25.1s
Ep 662	 reward -9.671	 ms 135.4	 loss -0.100423	 25.9s
Ep 663	 reward -9.618	 ms 134.7	 loss -0.089358	 28.6s
Ep 664	 reward -9.650	 ms 135.1	 loss -0.043569	 25.4s
Ep 665	 reward -9.579	 ms 134.1	 loss 0.032248	 26.4s
Ep 666	 reward -9.661	 ms 135.2	 loss 0.017814	 26.0s
Ep 667	 reward -9.707	 ms 135.9	 loss 0.062965	 27.6s
Ep 668	 reward -9.629	 ms 134.8	 loss 0.054573	 26.5s
Ep 669	 reward -9.682	 ms 135.6	 loss 0.014919	 27.1s
Ep 670	 reward -9.575	 ms 134.1	 loss -0.027896	 25.4s
Ep 671	 reward -9.689	 ms 135.7	 loss -0.010252	 27.2s
Ep 672	 reward -9.721	 ms 136.1	 loss -0.055752	 26.3s
Ep 673	 reward -9.686	 ms 135.6	 loss 0.023728	 25.4s
Ep 674	 reward -9.711	 ms 135.9	 loss -0.071733	 26.7s
[vali @675] rel=0.8372 (best 0.8285)  N=131.1
Ep 675	 reward -9.636	 ms 134.9	 loss -0.007326	 47.7s
Ep 676	 reward -9.643	 ms 135.0	 loss -0.045904	 26.7s
Ep 677	 reward -9.582	 ms 134.2	 loss -0.005289	 26.3s
Ep 678	 reward -9.707	 ms 135.9	 loss 0.051501	 26.9s
Ep 679	 reward -9.782	 ms 136.9	 loss 0.146962	 25.8s
Ep 680	 reward -9.718	 ms 136.1	 loss -0.044918	 27.4s
Ep 681	 reward -9.443	 ms 132.2	 loss -0.059905	 26.7s
Ep 682	 reward -9.350	 ms 130.9	 loss -0.014328	 26.8s
Ep 683	 reward -9.457	 ms 132.4	 loss 0.151244	 25.6s
Ep 684	 reward -9.407	 ms 131.7	 loss -0.102177	 25.7s
Ep 685	 reward -9.418	 ms 131.8	 loss -0.055680	 26.2s
Ep 686	 reward -9.389	 ms 131.4	 loss -0.015592	 23.9s
Ep 687	 reward -9.446	 ms 132.2	 loss 0.024209	 26.7s
Ep 688	 reward -9.457	 ms 132.4	 loss -0.041924	 27.5s
Ep 689	 reward -9.529	 ms 133.4	 loss -0.008944	 26.8s
Ep 690	 reward -9.429	 ms 132.0	 loss -0.062301	 26.1s
Ep 691	 reward -9.350	 ms 130.9	 loss 0.022689	 26.3s
Ep 692	 reward -9.421	 ms 131.9	 loss 0.089995	 28.1s
Ep 693	 reward -9.429	 ms 132.0	 loss 0.050529	 26.5s
Ep 694	 reward -9.364	 ms 131.1	 loss -0.060233	 27.1s
Ep 695	 reward -9.364	 ms 131.1	 loss 0.018877	 23.7s
Ep 696	 reward -9.318	 ms 130.4	 loss 0.032017	 27.1s
Ep 697	 reward -9.371	 ms 131.2	 loss 0.017563	 25.2s
Ep 698	 reward -9.343	 ms 130.8	 loss -0.014115	 24.2s
Ep 699	 reward -9.379	 ms 131.3	 loss 0.006090	 26.3s
[vali @700] rel=0.8423 (best 0.8285)  N=131.9
Ep 700	 reward -9.439	 ms 132.2	 loss 0.052270	 53.2s
Ep 701	 reward -9.611	 ms 134.6	 loss -0.055172	 25.8s
Ep 702	 reward -9.643	 ms 135.0	 loss 0.130917	 26.2s
Ep 703	 reward -9.525	 ms 133.3	 loss -0.050246	 26.3s
Ep 704	 reward -9.636	 ms 134.9	 loss 0.061553	 26.1s
Ep 705	 reward -9.625	 ms 134.8	 loss -0.083479	 26.7s
Ep 706	 reward -9.489	 ms 132.8	 loss 0.038721	 25.2s
Ep 707	 reward -9.532	 ms 133.4	 loss 0.000239	 27.7s
Ep 708	 reward -9.611	 ms 134.6	 loss 0.116746	 25.2s
Ep 709	 reward -9.582	 ms 134.2	 loss -0.001876	 26.0s
Ep 710	 reward -9.554	 ms 133.8	 loss -0.029866	 27.5s
Ep 711	 reward -9.575	 ms 134.1	 loss 0.065016	 26.1s
Ep 712	 reward -9.557	 ms 133.8	 loss 0.041886	 27.3s
Ep 713	 reward -9.564	 ms 133.9	 loss 0.114812	 27.0s
Ep 714	 reward -9.507	 ms 133.1	 loss 0.020136	 28.0s
Ep 715	 reward -9.561	 ms 133.8	 loss 0.015922	 25.7s
Ep 716	 reward -9.629	 ms 134.8	 loss 0.063289	 26.7s
Ep 717	 reward -9.596	 ms 134.3	 loss 0.037545	 24.1s
Ep 718	 reward -9.582	 ms 134.2	 loss -0.112617	 26.4s
Ep 719	 reward -9.504	 ms 133.1	 loss 0.058327	 25.3s
Ep 720	 reward -9.593	 ms 134.3	 loss -0.005593	 26.4s
Ep 721	 reward -9.493	 ms 132.9	 loss 0.111857	 27.0s
Ep 722	 reward -9.411	 ms 131.8	 loss 0.038982	 28.2s
Ep 723	 reward -9.421	 ms 131.9	 loss 0.108413	 27.1s
Ep 724	 reward -9.454	 ms 132.3	 loss 0.078962	 26.8s
[vali @725] rel=0.8413 (best 0.8285)  N=131.8
Ep 725	 reward -9.393	 ms 131.5	 loss -0.053569	 50.2s
Ep 726	 reward -9.425	 ms 131.9	 loss 0.089996	 28.3s
Ep 727	 reward -9.446	 ms 132.2	 loss 0.089221	 25.3s
Ep 728	 reward -9.439	 ms 132.2	 loss 0.034408	 23.6s
Ep 729	 reward -9.414	 ms 131.8	 loss 0.012783	 27.5s
Ep 730	 reward -9.457	 ms 132.4	 loss 0.057830	 24.0s
Ep 731	 reward -9.396	 ms 131.6	 loss 0.022960	 28.0s
Ep 732	 reward -9.404	 ms 131.7	 loss 0.009814	 26.6s
Ep 733	 reward -9.454	 ms 132.3	 loss 0.053509	 26.5s
Ep 734	 reward -9.436	 ms 132.1	 loss 0.084155	 27.3s
Ep 735	 reward -9.443	 ms 132.2	 loss 0.011581	 27.0s
Ep 736	 reward -9.375	 ms 131.2	 loss -0.053095	 25.8s
Ep 737	 reward -9.475	 ms 132.7	 loss 0.077465	 25.3s
Ep 738	 reward -9.368	 ms 131.2	 loss -0.019489	 26.8s
Ep 739	 reward -9.357	 ms 131.0	 loss 0.042996	 24.0s
Ep 740	 reward -9.454	 ms 132.3	 loss 0.072917	 26.6s
Ep 741	 reward -9.421	 ms 131.9	 loss -0.095958	 26.1s
Ep 742	 reward -9.411	 ms 131.8	 loss -0.017569	 27.3s
Ep 743	 reward -9.454	 ms 132.3	 loss -0.042788	 26.6s
Ep 744	 reward -9.418	 ms 131.8	 loss -0.016747	 27.1s
Ep 745	 reward -9.425	 ms 131.9	 loss -0.080419	 26.0s
Ep 746	 reward -9.432	 ms 132.1	 loss -0.102350	 26.9s
Ep 747	 reward -9.389	 ms 131.4	 loss -0.035550	 28.6s
Ep 748	 reward -9.375	 ms 131.2	 loss 0.045653	 26.4s
Ep 749	 reward -9.421	 ms 131.9	 loss -0.005126	 26.3s
[vali @750] rel=0.8429 (best 0.8285)  N=132.0
Ep 750	 reward -9.400	 ms 131.6	 loss 0.128247	 49.2s
Ep 751	 reward -9.411	 ms 131.8	 loss -0.062742	 26.0s
Ep 752	 reward -9.450	 ms 132.3	 loss 0.027768	 23.8s
Ep 753	 reward -9.411	 ms 131.8	 loss 0.027221	 26.6s
Ep 754	 reward -9.468	 ms 132.6	 loss -0.099691	 26.5s
Ep 755	 reward -9.429	 ms 132.0	 loss -0.099387	 26.4s
Ep 756	 reward -9.429	 ms 132.0	 loss -0.055101	 26.2s
Ep 757	 reward -9.411	 ms 131.8	 loss 0.053377	 27.0s
Ep 758	 reward -9.414	 ms 131.8	 loss 0.077772	 25.2s
Ep 759	 reward -9.414	 ms 131.8	 loss -0.048806	 26.0s
Ep 760	 reward -9.371	 ms 131.2	 loss 0.073061	 26.7s
Ep 761	 reward -9.425	 ms 131.9	 loss -0.071276	 24.1s
Ep 762	 reward -9.443	 ms 132.2	 loss -0.012035	 26.0s
Ep 763	 reward -9.364	 ms 131.1	 loss 0.010984	 27.1s
Ep 764	 reward -9.393	 ms 131.5	 loss -0.051840	 25.0s
Ep 765	 reward -9.350	 ms 130.9	 loss 0.100735	 27.3s
Ep 766	 reward -9.496	 ms 132.9	 loss 0.049918	 24.7s
Ep 767	 reward -9.393	 ms 131.5	 loss -0.064679	 26.2s
Ep 768	 reward -9.496	 ms 132.9	 loss 0.037407	 25.8s
Ep 769	 reward -9.393	 ms 131.5	 loss -0.092584	 26.5s
Ep 770	 reward -9.371	 ms 131.2	 loss -0.050071	 25.9s
Ep 771	 reward -9.421	 ms 131.9	 loss 0.016000	 25.0s
Ep 772	 reward -9.389	 ms 131.4	 loss 0.040044	 26.3s
Ep 773	 reward -9.421	 ms 131.9	 loss -0.068610	 25.2s
Ep 774	 reward -9.400	 ms 131.6	 loss 0.097773	 26.0s
[vali @775] rel=0.8324 (best 0.8285)  N=130.3
Ep 775	 reward -9.432	 ms 132.1	 loss 0.049726	 47.9s
Ep 776	 reward -9.379	 ms 131.3	 loss -0.008707	 26.3s
Ep 777	 reward -9.400	 ms 131.6	 loss 0.005349	 26.8s
Ep 778	 reward -9.439	 ms 132.2	 loss 0.004241	 27.2s
Ep 779	 reward -9.450	 ms 132.3	 loss -0.037236	 26.0s
Ep 780	 reward -9.411	 ms 131.8	 loss 0.042447	 26.3s
Ep 781	 reward -9.300	 ms 130.2	 loss 0.076284	 27.1s
Ep 782	 reward -9.314	 ms 130.4	 loss 0.146010	 28.4s
Ep 783	 reward -9.375	 ms 131.2	 loss 0.016056	 25.3s
Ep 784	 reward -9.332	 ms 130.7	 loss -0.045040	 24.8s
Ep 785	 reward -9.264	 ms 129.7	 loss 0.016017	 26.4s
Ep 786	 reward -9.282	 ms 129.9	 loss 0.032638	 24.0s
Ep 787	 reward -9.329	 ms 130.6	 loss 0.033030	 25.9s
Ep 788	 reward -9.232	 ms 129.2	 loss -0.037414	 26.0s
Ep 789	 reward -9.336	 ms 130.7	 loss 0.054214	 25.2s
Ep 790	 reward -9.332	 ms 130.7	 loss 0.038272	 27.3s
Ep 791	 reward -9.246	 ms 129.4	 loss -0.008365	 25.8s
Ep 792	 reward -9.271	 ms 129.8	 loss 0.053092	 25.9s
Ep 793	 reward -9.382	 ms 131.3	 loss -0.048036	 27.1s
Ep 794	 reward -9.307	 ms 130.3	 loss 0.070826	 25.8s
Ep 795	 reward -9.239	 ms 129.3	 loss -0.044573	 23.6s
Ep 796	 reward -9.246	 ms 129.4	 loss 0.030508	 25.6s
Ep 797	 reward -9.207	 ms 128.9	 loss -0.005949	 25.1s
Ep 798	 reward -9.239	 ms 129.3	 loss 0.065020	 24.7s
Ep 799	 reward -9.282	 ms 129.9	 loss 0.054628	 26.4s
[vali @800] rel=0.8343 (best 0.8285)  N=130.7
Ep 800	 reward -9.307	 ms 130.3	 loss -0.049879	 51.5s
Ep 801	 reward -9.482	 ms 132.8	 loss 0.004427	 25.8s
Ep 802	 reward -9.454	 ms 132.3	 loss -0.074438	 25.9s
Ep 803	 reward -9.436	 ms 132.1	 loss -0.066005	 27.0s
Ep 804	 reward -9.464	 ms 132.5	 loss 0.060498	 25.5s
Ep 805	 reward -9.446	 ms 132.2	 loss -0.083962	 27.1s
Ep 806	 reward -9.521	 ms 133.3	 loss -0.017522	 23.7s
Ep 807	 reward -9.443	 ms 132.2	 loss 0.098427	 26.9s
Ep 808	 reward -9.457	 ms 132.4	 loss -0.070309	 25.2s
Ep 809	 reward -9.421	 ms 131.9	 loss 0.080707	 25.7s
Ep 810	 reward -9.393	 ms 131.5	 loss 0.044129	 27.9s
Ep 811	 reward -9.461	 ms 132.4	 loss -0.025715	 25.9s
Ep 812	 reward -9.464	 ms 132.5	 loss -0.091841	 25.3s
Ep 813	 reward -9.486	 ms 132.8	 loss 0.058018	 28.3s
Ep 814	 reward -9.411	 ms 131.8	 loss 0.032251	 27.7s
Ep 815	 reward -9.461	 ms 132.4	 loss -0.052263	 27.4s
Ep 816	 reward -9.457	 ms 132.4	 loss -0.037113	 27.3s
Ep 817	 reward -9.486	 ms 132.8	 loss -0.041501	 25.7s
Ep 818	 reward -9.421	 ms 131.9	 loss -0.161085	 24.8s
Ep 819	 reward -9.482	 ms 132.8	 loss -0.041893	 26.5s
Ep 820	 reward -9.407	 ms 131.7	 loss -0.056476	 25.1s
Ep 821	 reward -9.386	 ms 131.4	 loss -0.034301	 27.2s
Ep 822	 reward -9.407	 ms 131.7	 loss 0.044668	 25.8s
Ep 823	 reward -9.450	 ms 132.3	 loss -0.045216	 26.0s
Ep 824	 reward -9.479	 ms 132.7	 loss -0.107447	 25.9s
[vali @825] rel=0.8321 (best 0.8285)  N=130.3
Ep 825	 reward -9.421	 ms 131.9	 loss -0.123401	 51.5s
Ep 826	 reward -9.475	 ms 132.7	 loss 0.003590	 26.1s
Ep 827	 reward -9.432	 ms 132.1	 loss -0.066744	 27.7s
Ep 828	 reward -9.429	 ms 132.0	 loss -0.055548	 24.3s
Ep 829	 reward -9.461	 ms 132.4	 loss -0.015793	 26.3s
Ep 830	 reward -9.382	 ms 131.3	 loss -0.021248	 26.4s
Ep 831	 reward -9.443	 ms 132.2	 loss 0.047596	 23.6s
Ep 832	 reward -9.421	 ms 131.9	 loss -0.012025	 25.9s
Ep 833	 reward -9.379	 ms 131.3	 loss 0.027441	 25.6s
Ep 834	 reward -9.393	 ms 131.5	 loss -0.098860	 28.3s
Ep 835	 reward -9.429	 ms 132.0	 loss -0.057635	 24.8s
Ep 836	 reward -9.443	 ms 132.2	 loss -0.030217	 25.6s
Ep 837	 reward -9.393	 ms 131.5	 loss -0.103580	 27.1s
Ep 838	 reward -9.404	 ms 131.7	 loss -0.029581	 25.2s
Ep 839	 reward -9.450	 ms 132.3	 loss 0.025128	 26.2s
Ep 840	 reward -9.432	 ms 132.1	 loss 0.081609	 23.5s
Ep 841	 reward -9.311	 ms 130.3	 loss 0.092713	 26.8s
Ep 842	 reward -9.286	 ms 130.0	 loss 0.066027	 25.5s
Ep 843	 reward -9.261	 ms 129.7	 loss 0.001252	 27.4s
Ep 844	 reward -9.271	 ms 129.8	 loss -0.023836	 26.9s
Ep 845	 reward -9.243	 ms 129.4	 loss 0.122154	 26.5s
Ep 846	 reward -9.279	 ms 129.9	 loss 0.060974	 26.2s
Ep 847	 reward -9.221	 ms 129.1	 loss -0.006118	 27.8s
Ep 848	 reward -9.286	 ms 130.0	 loss 0.122519	 27.2s
Ep 849	 reward -9.282	 ms 129.9	 loss 0.015332	 26.6s
[vali @850] rel=0.8337 (best 0.8285)  N=130.6
Ep 850	 reward -9.243	 ms 129.4	 loss 0.110208	 49.6s
Ep 851	 reward -9.175	 ms 128.4	 loss -0.001902	 26.7s
Ep 852	 reward -9.246	 ms 129.4	 loss 0.016904	 26.3s
Ep 853	 reward -9.250	 ms 129.5	 loss 0.038280	 23.6s
Ep 854	 reward -9.307	 ms 130.3	 loss 0.036907	 26.3s
Ep 855	 reward -9.214	 ms 129.0	 loss 0.007856	 25.2s
Ep 856	 reward -9.221	 ms 129.1	 loss -0.083665	 26.1s
Ep 857	 reward -9.264	 ms 129.7	 loss 0.101862	 27.8s
Ep 858	 reward -9.229	 ms 129.2	 loss 0.004054	 26.8s
Ep 859	 reward -9.250	 ms 129.5	 loss 0.135657	 26.8s
Ep 860	 reward -9.239	 ms 129.3	 loss 0.006894	 26.3s
Ep 861	 reward -9.275	 ms 129.8	 loss -0.095412	 25.4s
Ep 862	 reward -9.339	 ms 130.8	 loss 0.157211	 24.2s
Ep 863	 reward -9.311	 ms 130.3	 loss 0.006448	 27.0s
Ep 864	 reward -9.336	 ms 130.7	 loss -0.062429	 25.9s
Ep 865	 reward -9.411	 ms 131.8	 loss -0.075256	 26.0s
Ep 866	 reward -9.332	 ms 130.7	 loss -0.061675	 26.6s
Ep 867	 reward -9.386	 ms 131.4	 loss 0.063966	 24.7s
Ep 868	 reward -9.350	 ms 130.9	 loss -0.034833	 26.3s
Ep 869	 reward -9.371	 ms 131.2	 loss 0.023126	 27.3s
Ep 870	 reward -9.418	 ms 131.8	 loss -0.037538	 28.1s
Ep 871	 reward -9.371	 ms 131.2	 loss -0.129925	 27.4s
Ep 872	 reward -9.311	 ms 130.3	 loss -0.075232	 26.3s
Ep 873	 reward -9.321	 ms 130.5	 loss -0.059092	 27.2s
Ep 874	 reward -9.304	 ms 130.2	 loss -0.078808	 25.7s
[vali @875] rel=0.8321 (best 0.8285)  N=130.3
Ep 875	 reward -9.375	 ms 131.2	 loss 0.056883	 50.3s
Ep 876	 reward -9.325	 ms 130.6	 loss -0.056352	 27.6s
Ep 877	 reward -9.311	 ms 130.3	 loss -0.001811	 27.1s
Ep 878	 reward -9.279	 ms 129.9	 loss -0.124247	 26.8s
Ep 879	 reward -9.329	 ms 130.6	 loss 0.005428	 26.6s
Ep 880	 reward -9.325	 ms 130.6	 loss -0.017279	 27.0s
Ep 881	 reward -9.414	 ms 131.8	 loss -0.044724	 26.4s
Ep 882	 reward -9.446	 ms 132.2	 loss 0.060489	 26.4s
Ep 883	 reward -9.421	 ms 131.9	 loss 0.025302	 26.1s
Ep 884	 reward -9.514	 ms 133.2	 loss 0.080616	 24.1s
Ep 885	 reward -9.507	 ms 133.1	 loss -0.000973	 25.6s
Ep 886	 reward -9.404	 ms 131.7	 loss 0.020612	 25.2s
Ep 887	 reward -9.532	 ms 133.4	 loss 0.095542	 26.9s
Ep 888	 reward -9.411	 ms 131.8	 loss 0.085055	 26.4s
Ep 889	 reward -9.400	 ms 131.6	 loss -0.021557	 26.5s
Ep 890	 reward -9.461	 ms 132.4	 loss -0.020181	 26.6s
Ep 891	 reward -9.539	 ms 133.6	 loss 0.137702	 25.6s
Ep 892	 reward -9.411	 ms 131.8	 loss 0.048477	 26.0s
Ep 893	 reward -9.464	 ms 132.5	 loss -0.000923	 25.2s
Ep 894	 reward -9.407	 ms 131.7	 loss -0.018323	 27.6s
Ep 895	 reward -9.404	 ms 131.7	 loss 0.011053	 27.2s
Ep 896	 reward -9.418	 ms 131.8	 loss -0.030333	 26.6s
Ep 897	 reward -9.393	 ms 131.5	 loss 0.026654	 26.2s
Ep 898	 reward -9.425	 ms 131.9	 loss 0.043169	 24.1s
Ep 899	 reward -9.457	 ms 132.4	 loss 0.047981	 26.6s
[vali @900] rel=0.8343 (best 0.8285)  N=130.7
Ep 900	 reward -9.479	 ms 132.7	 loss -0.023334	 51.7s
Ep 901	 reward -9.314	 ms 130.4	 loss 0.031635	 27.6s
Ep 902	 reward -9.254	 ms 129.6	 loss 0.057936	 26.3s
Ep 903	 reward -9.293	 ms 130.1	 loss 0.003537	 27.2s
Ep 904	 reward -9.368	 ms 131.2	 loss -0.019186	 27.7s
Ep 905	 reward -9.371	 ms 131.2	 loss 0.073178	 27.5s
Ep 906	 reward -9.332	 ms 130.7	 loss -0.000506	 23.9s
Ep 907	 reward -9.361	 ms 131.1	 loss 0.050575	 26.5s
Ep 908	 reward -9.354	 ms 130.9	 loss 0.121183	 25.7s
Ep 909	 reward -9.389	 ms 131.4	 loss 0.024741	 26.0s
Ep 910	 reward -9.357	 ms 131.0	 loss 0.008048	 25.2s
Ep 911	 reward -9.332	 ms 130.7	 loss 0.014488	 26.8s
Ep 912	 reward -9.350	 ms 130.9	 loss 0.069000	 28.0s
Ep 913	 reward -9.279	 ms 129.9	 loss 0.094536	 28.1s
Ep 914	 reward -9.321	 ms 130.5	 loss -0.026776	 25.9s
Ep 915	 reward -9.371	 ms 131.2	 loss -0.014201	 26.0s
Ep 916	 reward -9.357	 ms 131.0	 loss 0.081325	 26.1s
Ep 917	 reward -9.271	 ms 129.8	 loss 0.053309	 25.9s
Ep 918	 reward -9.293	 ms 130.1	 loss 0.134058	 25.2s
Ep 919	 reward -9.289	 ms 130.1	 loss 0.022366	 27.0s
Ep 920	 reward -9.329	 ms 130.6	 loss 0.132644	 23.6s
Ep 921	 reward -9.407	 ms 131.7	 loss 0.013662	 27.6s
Ep 922	 reward -9.375	 ms 131.2	 loss 0.004553	 27.2s
Ep 923	 reward -9.361	 ms 131.1	 loss -0.041393	 26.8s
Ep 924	 reward -9.336	 ms 130.7	 loss 0.062452	 25.6s
[vali @925] rel=0.8295 (best 0.8285)  N=129.9
Ep 925	 reward -9.321	 ms 130.5	 loss 0.080499	 51.8s
Ep 926	 reward -9.407	 ms 131.7	 loss -0.022902	 26.8s
Ep 927	 reward -9.436	 ms 132.1	 loss -0.018703	 27.1s
Ep 928	 reward -9.389	 ms 131.4	 loss -0.072504	 25.4s
Ep 929	 reward -9.368	 ms 131.2	 loss 0.041130	 27.2s
Ep 930	 reward -9.382	 ms 131.3	 loss -0.030116	 25.5s
Ep 931	 reward -9.393	 ms 131.5	 loss -0.037752	 24.7s
Ep 932	 reward -9.307	 ms 130.3	 loss 0.006638	 28.6s
Ep 933	 reward -9.386	 ms 131.4	 loss 0.041160	 27.3s
Ep 934	 reward -9.268	 ms 129.8	 loss -0.067649	 25.5s
Ep 935	 reward -9.371	 ms 131.2	 loss -0.015541	 25.5s
Ep 936	 reward -9.339	 ms 130.8	 loss 0.077049	 25.7s
Ep 937	 reward -9.307	 ms 130.3	 loss -0.018624	 27.2s
Ep 938	 reward -9.343	 ms 130.8	 loss 0.069555	 25.7s
Ep 939	 reward -9.289	 ms 130.1	 loss -0.062886	 25.7s
Ep 940	 reward -9.350	 ms 130.9	 loss -0.059442	 24.7s
Ep 941	 reward -9.300	 ms 130.2	 loss 0.000411	 27.3s
Ep 942	 reward -9.307	 ms 130.3	 loss -0.022512	 25.4s
Ep 943	 reward -9.325	 ms 130.6	 loss 0.114848	 25.9s
Ep 944	 reward -9.289	 ms 130.1	 loss 0.141709	 26.8s
Ep 945	 reward -9.336	 ms 130.7	 loss -0.015645	 25.9s
Ep 946	 reward -9.289	 ms 130.1	 loss -0.012316	 27.3s
Ep 947	 reward -9.279	 ms 129.9	 loss -0.057691	 25.6s
Ep 948	 reward -9.296	 ms 130.2	 loss -0.006548	 25.2s
Ep 949	 reward -9.296	 ms 130.2	 loss 0.112591	 26.9s
[vali @950] rel=0.8298 (best 0.8285)  N=129.9
Ep 950	 reward -9.257	 ms 129.6	 loss 0.034134	 49.4s
Ep 951	 reward -9.243	 ms 129.4	 loss -0.069176	 25.1s
Ep 952	 reward -9.336	 ms 130.7	 loss 0.056173	 25.9s
Ep 953	 reward -9.282	 ms 129.9	 loss 0.015387	 23.5s
Ep 954	 reward -9.296	 ms 130.2	 loss -0.002540	 26.8s
Ep 955	 reward -9.289	 ms 130.1	 loss 0.053442	 27.4s
Ep 956	 reward -9.329	 ms 130.6	 loss -0.010949	 25.6s
Ep 957	 reward -9.314	 ms 130.4	 loss 0.052733	 26.9s
Ep 958	 reward -9.307	 ms 130.3	 loss 0.022342	 27.4s
Ep 959	 reward -9.314	 ms 130.4	 loss 0.105616	 27.9s
Ep 960	 reward -9.282	 ms 129.9	 loss -0.026706	 27.6s
Ep 961	 reward -9.311	 ms 130.3	 loss -0.055374	 26.6s
Ep 962	 reward -9.354	 ms 130.9	 loss 0.000339	 25.2s
Ep 963	 reward -9.361	 ms 131.1	 loss -0.018170	 27.0s
Ep 964	 reward -9.318	 ms 130.4	 loss -0.057134	 25.0s
Ep 965	 reward -9.289	 ms 130.1	 loss 0.009502	 25.5s
Ep 966	 reward -9.389	 ms 131.4	 loss 0.021807	 26.4s
Ep 967	 reward -9.321	 ms 130.5	 loss 0.022714	 28.0s
Ep 968	 reward -9.332	 ms 130.7	 loss -0.038933	 28.3s
Ep 969	 reward -9.354	 ms 130.9	 loss 0.062123	 27.3s
Ep 970	 reward -9.364	 ms 131.1	 loss 0.108810	 26.8s
Ep 971	 reward -9.318	 ms 130.4	 loss -0.085465	 27.1s
Ep 972	 reward -9.325	 ms 130.6	 loss 0.033727	 25.0s
Ep 973	 reward -9.307	 ms 130.3	 loss 0.117183	 25.0s
Ep 974	 reward -9.282	 ms 129.9	 loss -0.030259	 26.1s
[vali @975] rel=0.8330 (best 0.8285)  N=130.4
Ep 975	 reward -9.300	 ms 130.2	 loss 0.108446	 47.0s
Ep 976	 reward -9.379	 ms 131.3	 loss 0.075726	 27.1s
Ep 977	 reward -9.354	 ms 130.9	 loss -0.095986	 26.4s
Ep 978	 reward -9.350	 ms 130.9	 loss 0.082767	 25.4s
Ep 979	 reward -9.279	 ms 129.9	 loss 0.008698	 27.6s
Ep 980	 reward -9.346	 ms 130.8	 loss 0.083544	 26.3s
Ep 981	 reward -9.393	 ms 131.5	 loss 0.068896	 28.1s
Ep 982	 reward -9.407	 ms 131.7	 loss 0.112424	 26.5s
Ep 983	 reward -9.364	 ms 131.1	 loss 0.026052	 26.8s
Ep 984	 reward -9.375	 ms 131.2	 loss 0.033634	 25.0s
Ep 985	 reward -9.418	 ms 131.8	 loss 0.105847	 26.2s
Ep 986	 reward -9.357	 ms 131.0	 loss 0.109747	 25.0s
Ep 987	 reward -9.432	 ms 132.1	 loss 0.040313	 28.2s
Ep 988	 reward -9.404	 ms 131.7	 loss 0.035252	 26.8s
Ep 989	 reward -9.425	 ms 131.9	 loss 0.074001	 27.0s
Ep 990	 reward -9.379	 ms 131.3	 loss -0.085879	 26.6s
Ep 991	 reward -9.471	 ms 132.6	 loss 0.103171	 26.5s
Ep 992	 reward -9.404	 ms 131.7	 loss 0.044816	 26.1s
Ep 993	 reward -9.443	 ms 132.2	 loss -0.015215	 27.3s
Ep 994	 reward -9.414	 ms 131.8	 loss 0.096410	 27.7s
Ep 995	 reward -9.379	 ms 131.3	 loss 0.116988	 24.8s
Ep 996	 reward -9.464	 ms 132.5	 loss 0.089852	 26.6s
Ep 997	 reward -9.404	 ms 131.7	 loss 0.005780	 26.4s
Ep 998	 reward -9.429	 ms 132.0	 loss 0.005341	 24.4s
Ep 999	 reward -9.421	 ms 131.9	 loss 0.077429	 26.3s
[vali @1000] rel=0.8298 (best 0.8285)  N=129.9
Ep 1000	 reward -9.404	 ms 131.7	 loss 0.047739	 51.4s
[train_family] done in 7.61 h; best rel=0.8285
