[train_family] forcing data_source=FAMILY
[train_family] shaping envelope: delta_mode=min (admissible, tight (the paper's))
[vali] MWKR norms: W=177.7
[model] params total=32786  film=0 (0.00%)
[train_family] model=10x25+family+spec-W-third-s303 regimes=['W'] updates=333
Ep 1	 reward -11.575	 ms 162.1	 loss 1.194200	 10.1s
Ep 2	 reward -11.632	 ms 162.8	 loss 0.952826	 9.1s
Ep 3	 reward -11.432	 ms 160.1	 loss 1.116140	 9.1s
Ep 4	 reward -11.400	 ms 159.6	 loss 1.321113	 9.3s
Ep 5	 reward -11.436	 ms 160.1	 loss 1.107027	 9.2s
Ep 6	 reward -11.396	 ms 159.6	 loss 0.800488	 9.1s
Ep 7	 reward -11.611	 ms 162.6	 loss 0.753832	 9.3s
Ep 8	 reward -11.450	 ms 160.3	 loss 0.666711	 9.2s
Ep 9	 reward -11.789	 ms 165.1	 loss 0.710235	 9.1s
Ep 10	 reward -11.532	 ms 161.4	 loss 0.524751	 9.2s
Ep 11	 reward -11.414	 ms 159.8	 loss 0.389501	 9.1s
Ep 12	 reward -11.496	 ms 160.9	 loss 0.317790	 9.5s
Ep 13	 reward -11.550	 ms 161.7	 loss 0.378581	 9.3s
Ep 14	 reward -11.668	 ms 163.3	 loss 0.308282	 9.3s
Ep 15	 reward -11.546	 ms 161.7	 loss 0.253895	 9.2s
Ep 16	 reward -11.632	 ms 162.8	 loss 0.190453	 9.4s
Ep 17	 reward -11.504	 ms 161.1	 loss 0.207773	 9.3s
Ep 18	 reward -11.589	 ms 162.2	 loss 0.191283	 9.0s
Ep 19	 reward -11.400	 ms 159.6	 loss 0.166665	 9.3s
Ep 20	 reward -11.600	 ms 162.4	 loss 0.131508	 8.9s
Ep 21	 reward -11.468	 ms 160.6	 loss 0.286572	 9.2s
Ep 22	 reward -11.614	 ms 162.6	 loss 0.203158	 9.2s
Ep 23	 reward -11.889	 ms 166.4	 loss 0.224405	 9.2s
Ep 24	 reward -11.614	 ms 162.6	 loss 0.306493	 9.3s
[vali @25] rel=0.9916 (best 0.9916)  W=176.2
Ep 25	 reward -11.761	 ms 164.7	 loss 0.128940	 16.6s
Ep 26	 reward -11.807	 ms 165.3	 loss 0.284912	 9.1s
Ep 27	 reward -11.879	 ms 166.3	 loss 0.166224	 9.5s
Ep 28	 reward -11.600	 ms 162.4	 loss 0.230182	 9.2s
Ep 29	 reward -11.468	 ms 160.6	 loss 0.224977	 10.7s
Ep 30	 reward -11.518	 ms 161.2	 loss 0.187317	 11.9s
Ep 31	 reward -11.721	 ms 164.1	 loss 0.238151	 12.6s
Ep 32	 reward -11.682	 ms 163.6	 loss 0.384220	 12.5s
Ep 33	 reward -11.718	 ms 164.1	 loss 0.098008	 12.2s
Ep 34	 reward -11.786	 ms 165.0	 loss 0.348863	 12.2s
Ep 35	 reward -11.868	 ms 166.2	 loss 0.042391	 10.3s
Ep 36	 reward -11.986	 ms 167.8	 loss 0.030525	 9.9s
Ep 37	 reward -11.864	 ms 166.1	 loss 0.212004	 9.5s
Ep 38	 reward -12.093	 ms 169.3	 loss 0.175806	 9.1s
Ep 39	 reward -12.046	 ms 168.7	 loss 0.089063	 9.1s
Ep 40	 reward -11.886	 ms 166.4	 loss 0.088626	 11.2s
Ep 41	 reward -11.907	 ms 166.7	 loss 0.276393	 12.3s
Ep 42	 reward -11.989	 ms 167.8	 loss 0.228402	 12.8s
Ep 43	 reward -12.100	 ms 169.4	 loss 0.218388	 13.0s
Ep 44	 reward -11.986	 ms 167.8	 loss 0.160005	 13.2s
Ep 45	 reward -12.014	 ms 168.2	 loss 0.118399	 14.0s
Ep 46	 reward -12.314	 ms 172.4	 loss 0.186034	 12.8s
Ep 47	 reward -11.957	 ms 167.4	 loss 0.111646	 13.0s
Ep 48	 reward -11.971	 ms 167.6	 loss 0.176013	 13.8s
Ep 49	 reward -11.954	 ms 167.3	 loss 0.163470	 13.8s
[vali @50] rel=0.8680 (best 0.8680)  W=154.2
Ep 50	 reward -11.871	 ms 166.2	 loss 0.209214	 24.8s
Ep 51	 reward -11.789	 ms 165.1	 loss 0.131118	 12.5s
Ep 52	 reward -11.514	 ms 161.2	 loss 0.195596	 14.1s
Ep 53	 reward -11.536	 ms 161.5	 loss 0.119185	 13.1s
Ep 54	 reward -11.629	 ms 162.8	 loss 0.120719	 13.8s
Ep 55	 reward -11.464	 ms 160.5	 loss 0.114032	 13.3s
Ep 56	 reward -11.571	 ms 162.0	 loss 0.114280	 12.0s
Ep 57	 reward -11.646	 ms 163.1	 loss 0.124309	 13.2s
Ep 58	 reward -11.507	 ms 161.1	 loss 0.135024	 12.7s
Ep 59	 reward -11.550	 ms 161.7	 loss 0.190785	 14.3s
Ep 60	 reward -11.682	 ms 163.6	 loss 0.131369	 12.7s
Ep 61	 reward -11.582	 ms 162.2	 loss 0.064528	 14.5s
Ep 62	 reward -11.557	 ms 161.8	 loss 0.116022	 12.5s
Ep 63	 reward -11.721	 ms 164.1	 loss 0.067847	 12.6s
Ep 64	 reward -11.761	 ms 164.7	 loss 0.031519	 13.0s
Ep 65	 reward -11.864	 ms 166.1	 loss 0.170343	 13.5s
Ep 66	 reward -11.529	 ms 161.4	 loss 0.011003	 14.1s
Ep 67	 reward -11.532	 ms 161.4	 loss 0.065485	 12.5s
Ep 68	 reward -11.593	 ms 162.3	 loss 0.097646	 12.5s
Ep 69	 reward -11.650	 ms 163.1	 loss 0.088344	 12.4s
Ep 70	 reward -11.432	 ms 160.1	 loss 0.007839	 12.7s
Ep 71	 reward -11.632	 ms 162.8	 loss 0.109505	 10.1s
Ep 72	 reward -11.536	 ms 161.5	 loss 0.023277	 9.5s
Ep 73	 reward -11.607	 ms 162.5	 loss 0.080178	 8.6s
Ep 74	 reward -11.543	 ms 161.6	 loss 0.018213	 9.0s
[vali @75] rel=0.8508 (best 0.8508)  W=151.2
Ep 75	 reward -11.479	 ms 160.7	 loss 0.041150	 17.3s
Ep 76	 reward -11.521	 ms 161.3	 loss 0.021208	 9.8s
Ep 77	 reward -11.461	 ms 160.4	 loss 0.016611	 9.5s
Ep 78	 reward -11.336	 ms 158.7	 loss -0.015039	 9.2s
Ep 79	 reward -11.350	 ms 158.9	 loss -0.045635	 8.3s
Ep 80	 reward -11.446	 ms 160.2	 loss 0.102305	 9.2s
Ep 81	 reward -11.282	 ms 157.9	 loss 0.061747	 9.6s
Ep 82	 reward -11.264	 ms 157.7	 loss 0.084156	 9.9s
Ep 83	 reward -11.261	 ms 157.7	 loss 0.026761	 9.6s
Ep 84	 reward -11.193	 ms 156.7	 loss 0.104658	 9.8s
Ep 85	 reward -11.346	 ms 158.8	 loss 0.010616	 9.5s
Ep 86	 reward -11.257	 ms 157.6	 loss 0.091067	 9.3s
Ep 87	 reward -11.268	 ms 157.8	 loss 0.075537	 8.6s
Ep 88	 reward -11.239	 ms 157.3	 loss 0.045886	 9.1s
Ep 89	 reward -11.243	 ms 157.4	 loss 0.076789	 9.3s
Ep 90	 reward -11.104	 ms 155.4	 loss -0.029469	 9.6s
Ep 91	 reward -11.182	 ms 156.6	 loss 0.020295	 10.1s
Ep 92	 reward -11.107	 ms 155.5	 loss 0.126541	 10.2s
Ep 93	 reward -11.007	 ms 154.1	 loss -0.040752	 9.6s
Ep 94	 reward -11.057	 ms 154.8	 loss 0.022556	 9.6s
Ep 95	 reward -11.146	 ms 156.1	 loss 0.038422	 9.5s
Ep 96	 reward -11.039	 ms 154.6	 loss 0.090829	 8.7s
Ep 97	 reward -11.154	 ms 156.2	 loss 0.084886	 8.9s
Ep 98	 reward -11.114	 ms 155.6	 loss 0.005949	 9.5s
Ep 99	 reward -11.096	 ms 155.3	 loss 0.005685	 9.7s
[vali @100] rel=0.8379 (best 0.8379)  W=148.8
Ep 100	 reward -11.161	 ms 156.2	 loss 0.026296	 17.6s
Ep 101	 reward -10.993	 ms 153.9	 loss -0.041400	 9.3s
Ep 102	 reward -11.032	 ms 154.4	 loss 0.067082	 8.5s
Ep 103	 reward -10.861	 ms 152.1	 loss -0.038374	 9.0s
Ep 104	 reward -10.971	 ms 153.6	 loss -0.058242	 9.7s
Ep 105	 reward -11.004	 ms 154.1	 loss -0.008361	 9.6s
Ep 106	 reward -10.914	 ms 152.8	 loss 0.036910	 9.9s
Ep 107	 reward -11.054	 ms 154.8	 loss 0.152322	 10.1s
Ep 108	 reward -11.096	 ms 155.3	 loss 0.062673	 9.8s
Ep 109	 reward -10.968	 ms 153.6	 loss -0.003393	 9.9s
Ep 110	 reward -11.061	 ms 154.8	 loss -0.018012	 9.7s
Ep 111	 reward -10.950	 ms 153.3	 loss -0.014838	 9.9s
Ep 112	 reward -10.864	 ms 152.1	 loss 0.035892	 8.5s
Ep 113	 reward -10.821	 ms 151.5	 loss -0.050849	 9.0s
Ep 114	 reward -11.061	 ms 154.8	 loss 0.147546	 9.5s
Ep 115	 reward -11.046	 ms 154.7	 loss -0.056319	 9.5s
Ep 116	 reward -10.775	 ms 150.8	 loss 0.062713	 9.7s
Ep 117	 reward -10.871	 ms 152.2	 loss 0.035416	 9.4s
Ep 118	 reward -11.032	 ms 154.4	 loss -0.043916	 9.6s
Ep 119	 reward -11.111	 ms 155.6	 loss 0.049182	 9.6s
Ep 120	 reward -10.989	 ms 153.8	 loss -0.061501	 8.7s
Ep 121	 reward -10.850	 ms 151.9	 loss 0.028370	 8.9s
Ep 122	 reward -10.854	 ms 151.9	 loss -0.030831	 9.7s
Ep 123	 reward -11.014	 ms 154.2	 loss -0.051756	 9.7s
Ep 124	 reward -10.914	 ms 152.8	 loss 0.053303	 9.5s
[vali @125] rel=0.8390 (best 0.8379)  W=149.1
Ep 125	 reward -10.918	 ms 152.8	 loss -0.061893	 18.0s
Ep 126	 reward -10.896	 ms 152.6	 loss -0.062424	 9.4s
Ep 127	 reward -11.093	 ms 155.3	 loss 0.013928	 8.3s
Ep 128	 reward -10.943	 ms 153.2	 loss -0.006264	 9.4s
Ep 129	 reward -10.918	 ms 152.8	 loss -0.020067	 9.5s
Ep 130	 reward -10.818	 ms 151.4	 loss -0.066015	 9.8s
Ep 131	 reward -10.950	 ms 153.3	 loss -0.092964	 9.9s
Ep 132	 reward -10.921	 ms 152.9	 loss -0.006147	 10.0s
Ep 133	 reward -10.918	 ms 152.8	 loss -0.013882	 10.1s
Ep 134	 reward -10.736	 ms 150.3	 loss -0.055240	 9.7s
Ep 135	 reward -10.818	 ms 151.4	 loss -0.022863	 9.9s
Ep 136	 reward -10.775	 ms 150.8	 loss 0.038248	 9.9s
Ep 137	 reward -10.882	 ms 152.3	 loss 0.044461	 9.0s
Ep 138	 reward -10.807	 ms 151.3	 loss -0.054696	 8.5s
Ep 139	 reward -10.811	 ms 151.3	 loss -0.022716	 9.9s
Ep 140	 reward -10.775	 ms 150.8	 loss -0.046601	 10.2s
Ep 141	 reward -10.946	 ms 153.2	 loss 0.026387	 10.2s
Ep 142	 reward -11.007	 ms 154.1	 loss -0.030499	 9.6s
Ep 143	 reward -10.982	 ms 153.8	 loss 0.043451	 9.9s
Ep 144	 reward -10.889	 ms 152.4	 loss -0.003924	 9.7s
Ep 145	 reward -11.004	 ms 154.1	 loss 0.007954	 9.7s
Ep 146	 reward -10.850	 ms 151.9	 loss -0.014227	 10.2s
Ep 147	 reward -11.021	 ms 154.3	 loss 0.032140	 9.6s
Ep 148	 reward -11.007	 ms 154.1	 loss 0.028177	 8.5s
Ep 149	 reward -11.000	 ms 154.0	 loss 0.042219	 8.8s
[vali @150] rel=0.8376 (best 0.8376)  W=148.8
Ep 150	 reward -11.004	 ms 154.1	 loss 0.048974	 17.1s
Ep 151	 reward -10.936	 ms 153.1	 loss 0.073333	 9.5s
Ep 152	 reward -10.907	 ms 152.7	 loss 0.058415	 9.9s
Ep 153	 reward -10.996	 ms 153.9	 loss 0.029894	 9.4s
Ep 154	 reward -11.025	 ms 154.3	 loss 0.012746	 8.1s
Ep 155	 reward -11.011	 ms 154.2	 loss 0.010881	 9.1s
Ep 156	 reward -10.996	 ms 153.9	 loss 0.075878	 9.7s
Ep 157	 reward -10.982	 ms 153.8	 loss 0.135235	 9.7s
Ep 158	 reward -10.882	 ms 152.3	 loss 0.051169	 9.6s
Ep 159	 reward -10.979	 ms 153.7	 loss 0.000188	 10.0s
Ep 160	 reward -10.871	 ms 152.2	 loss 0.084082	 10.0s
Ep 161	 reward -10.825	 ms 151.6	 loss 0.179161	 9.6s
Ep 162	 reward -10.711	 ms 149.9	 loss 0.063773	 9.4s
Ep 163	 reward -10.871	 ms 152.2	 loss 0.139222	 8.2s
Ep 164	 reward -10.707	 ms 149.9	 loss 0.201015	 9.3s
Ep 165	 reward -10.779	 ms 150.9	 loss 0.142744	 9.5s
Ep 166	 reward -10.771	 ms 150.8	 loss 0.112782	 9.6s
Ep 167	 reward -10.807	 ms 151.3	 loss 0.153247	 9.8s
Ep 168	 reward -10.725	 ms 150.2	 loss 0.116934	 10.0s
Ep 169	 reward -10.768	 ms 150.8	 loss 0.212252	 9.9s
Ep 170	 reward -10.739	 ms 150.3	 loss 0.203181	 10.0s
Ep 171	 reward -10.775	 ms 150.8	 loss 0.120078	 9.5s
Ep 172	 reward -10.718	 ms 150.1	 loss 0.116367	 8.9s
Ep 173	 reward -10.736	 ms 150.3	 loss 0.074116	 8.8s
Ep 174	 reward -10.775	 ms 150.8	 loss 0.032676	 9.3s
[vali @175] rel=0.8444 (best 0.8376)  W=150.0
Ep 175	 reward -10.804	 ms 151.2	 loss 0.205630	 17.9s
Ep 176	 reward -10.839	 ms 151.8	 loss 0.101444	 9.4s
Ep 177	 reward -10.836	 ms 151.7	 loss 0.143421	 9.4s
Ep 178	 reward -10.807	 ms 151.3	 loss 0.022974	 8.3s
Ep 179	 reward -10.793	 ms 151.1	 loss 0.133591	 13.8s
Ep 180	 reward -10.779	 ms 150.9	 loss 0.171244	 12.6s
Ep 181	 reward -10.754	 ms 150.6	 loss 0.211214	 13.6s
Ep 182	 reward -10.671	 ms 149.4	 loss 0.200670	 13.0s
Ep 183	 reward -10.611	 ms 148.6	 loss 0.072022	 13.3s
Ep 184	 reward -10.714	 ms 150.0	 loss 0.147108	 14.8s
Ep 185	 reward -10.707	 ms 149.9	 loss 0.033057	 13.6s
Ep 186	 reward -10.525	 ms 147.3	 loss 0.071354	 12.6s
Ep 187	 reward -10.586	 ms 148.2	 loss 0.199124	 14.0s
Ep 188	 reward -10.675	 ms 149.4	 loss 0.116390	 12.8s
Ep 189	 reward -10.621	 ms 148.7	 loss 0.111192	 13.6s
Ep 190	 reward -10.532	 ms 147.4	 loss 0.155452	 14.1s
Ep 191	 reward -10.614	 ms 148.6	 loss 0.108378	 13.4s
Ep 192	 reward -10.639	 ms 148.9	 loss 0.071762	 14.3s
Ep 193	 reward -10.693	 ms 149.7	 loss 0.116739	 13.2s
Ep 194	 reward -10.557	 ms 147.8	 loss 0.103689	 14.1s
Ep 195	 reward -10.643	 ms 149.0	 loss 0.156994	 13.7s
Ep 196	 reward -10.743	 ms 150.4	 loss 0.187671	 14.2s
Ep 197	 reward -10.764	 ms 150.7	 loss 0.141027	 14.4s
Ep 198	 reward -10.654	 ms 149.2	 loss -0.039571	 14.3s
Ep 199	 reward -10.561	 ms 147.8	 loss 0.081306	 13.0s
[vali @200] rel=0.8376 (best 0.8376)  W=148.8
Ep 200	 reward -10.700	 ms 149.8	 loss 0.143339	 25.1s
Ep 201	 reward -10.539	 ms 147.6	 loss 0.213864	 14.2s
Ep 202	 reward -10.621	 ms 148.7	 loss 0.177326	 13.1s
Ep 203	 reward -10.575	 ms 148.1	 loss -0.036152	 12.5s
Ep 204	 reward -10.575	 ms 148.1	 loss 0.107799	 13.4s
Ep 205	 reward -10.589	 ms 148.2	 loss 0.103764	 13.8s
Ep 206	 reward -10.718	 ms 150.1	 loss 0.121342	 13.9s
Ep 207	 reward -10.646	 ms 149.1	 loss 0.088255	 13.3s
Ep 208	 reward -10.604	 ms 148.4	 loss 0.109166	 13.1s
Ep 209	 reward -10.639	 ms 148.9	 loss 0.170821	 13.2s
Ep 210	 reward -10.604	 ms 148.4	 loss 0.196374	 13.4s
Ep 211	 reward -10.611	 ms 148.6	 loss 0.074753	 13.7s
Ep 212	 reward -10.571	 ms 148.0	 loss 0.212742	 12.7s
Ep 213	 reward -10.575	 ms 148.1	 loss -0.088413	 9.3s
Ep 214	 reward -10.600	 ms 148.4	 loss 0.150237	 9.2s
Ep 215	 reward -10.596	 ms 148.3	 loss 0.032188	 11.5s
Ep 216	 reward -10.546	 ms 147.7	 loss 0.193544	 12.5s
Ep 217	 reward -10.621	 ms 148.7	 loss 0.175957	 12.3s
Ep 218	 reward -10.604	 ms 148.4	 loss 0.135173	 12.3s
Ep 219	 reward -10.579	 ms 148.1	 loss 0.129078	 12.0s
Ep 220	 reward -10.586	 ms 148.2	 loss 0.069174	 12.8s
Ep 221	 reward -10.904	 ms 152.7	 loss 0.043852	 10.2s
Ep 222	 reward -10.775	 ms 150.8	 loss -0.012043	 9.1s
Ep 223	 reward -10.771	 ms 150.8	 loss 0.002707	 9.2s
Ep 224	 reward -10.857	 ms 152.0	 loss -0.042016	 9.1s
[vali @225] rel=0.8286 (best 0.8286)  W=147.2
Ep 225	 reward -10.750	 ms 150.5	 loss 0.041740	 16.5s
Ep 226	 reward -10.818	 ms 151.4	 loss 0.070953	 9.3s
Ep 227	 reward -10.936	 ms 153.1	 loss 0.018070	 9.2s
Ep 228	 reward -10.796	 ms 151.2	 loss -0.012190	 11.1s
Ep 229	 reward -10.900	 ms 152.6	 loss -0.027792	 12.2s
Ep 230	 reward -11.007	 ms 154.1	 loss 0.037012	 12.1s
Ep 231	 reward -10.736	 ms 150.3	 loss -0.048687	 12.3s
Ep 232	 reward -10.768	 ms 150.8	 loss -0.047119	 12.1s
Ep 233	 reward -10.968	 ms 153.6	 loss 0.045882	 12.2s
Ep 234	 reward -10.911	 ms 152.8	 loss -0.052376	 9.7s
Ep 235	 reward -10.818	 ms 151.4	 loss -0.001156	 10.3s
Ep 236	 reward -10.971	 ms 153.6	 loss 0.029719	 12.4s
Ep 237	 reward -10.911	 ms 152.8	 loss -0.022793	 12.1s
Ep 238	 reward -10.721	 ms 150.1	 loss -0.002457	 12.3s
Ep 239	 reward -10.854	 ms 151.9	 loss -0.017131	 12.4s
Ep 240	 reward -10.857	 ms 152.0	 loss 0.022542	 12.0s
Ep 241	 reward -10.936	 ms 153.1	 loss -0.069941	 10.9s
Ep 242	 reward -10.982	 ms 153.8	 loss -0.044381	 9.9s
Ep 243	 reward -10.939	 ms 153.2	 loss 0.069193	 11.9s
Ep 244	 reward -10.964	 ms 153.5	 loss 0.249853	 12.0s
Ep 245	 reward -10.929	 ms 153.0	 loss 0.035691	 12.2s
Ep 246	 reward -10.829	 ms 151.6	 loss -0.003874	 12.2s
Ep 247	 reward -10.786	 ms 151.0	 loss -0.049437	 11.8s
Ep 248	 reward -10.900	 ms 152.6	 loss -0.062012	 11.6s
Ep 249	 reward -10.861	 ms 152.1	 loss 0.000453	 9.8s
[vali @250] rel=0.8390 (best 0.8286)  W=149.1
Ep 250	 reward -10.868	 ms 152.2	 loss -0.030742	 20.7s
Ep 251	 reward -10.932	 ms 153.1	 loss 0.009602	 11.7s
Ep 252	 reward -10.814	 ms 151.4	 loss -0.000186	 12.3s
Ep 253	 reward -10.939	 ms 153.2	 loss 0.125336	 12.0s
Ep 254	 reward -10.954	 ms 153.3	 loss -0.010860	 11.9s
Ep 255	 reward -10.882	 ms 152.3	 loss 0.096492	 12.1s
Ep 256	 reward -10.793	 ms 151.1	 loss -0.020058	 10.1s
Ep 257	 reward -10.904	 ms 152.7	 loss 0.030654	 9.8s
Ep 258	 reward -10.904	 ms 152.7	 loss -0.001428	 9.6s
Ep 259	 reward -10.907	 ms 152.7	 loss 0.041958	 10.8s
Ep 260	 reward -11.018	 ms 154.2	 loss 0.164309	 9.2s
Ep 261	 reward -10.696	 ms 149.8	 loss -0.045540	 9.5s
Ep 262	 reward -10.718	 ms 150.1	 loss 0.177706	 7.7s
Ep 263	 reward -10.650	 ms 149.1	 loss 0.082819	 8.8s
Ep 264	 reward -10.625	 ms 148.8	 loss 0.153461	 9.2s
Ep 265	 reward -10.632	 ms 148.8	 loss 0.208090	 9.3s
Ep 266	 reward -10.657	 ms 149.2	 loss 0.125168	 8.1s
Ep 267	 reward -10.632	 ms 148.8	 loss 0.224945	 7.0s
Ep 268	 reward -10.536	 ms 147.5	 loss 0.077961	 8.7s
Ep 269	 reward -10.700	 ms 149.8	 loss 0.153375	 9.0s
Ep 270	 reward -10.729	 ms 150.2	 loss 0.195312	 9.2s
Ep 271	 reward -10.618	 ms 148.7	 loss -0.065103	 9.3s
Ep 272	 reward -10.618	 ms 148.7	 loss 0.229851	 8.6s
Ep 273	 reward -10.786	 ms 151.0	 loss 0.108966	 8.0s
Ep 274	 reward -10.646	 ms 149.1	 loss 0.046199	 9.1s
[vali @275] rel=0.8252 (best 0.8252)  W=146.6
Ep 275	 reward -10.714	 ms 150.0	 loss 0.183114	 15.7s
Ep 276	 reward -10.671	 ms 149.4	 loss 0.158466	 6.8s
Ep 277	 reward -10.782	 ms 150.9	 loss 0.058534	 7.9s
Ep 278	 reward -10.704	 ms 149.8	 loss 0.250305	 8.2s
Ep 279	 reward -10.818	 ms 151.4	 loss 0.155959	 8.6s
Ep 280	 reward -10.654	 ms 149.2	 loss 0.067317	 7.9s
Ep 281	 reward -10.586	 ms 148.2	 loss 0.036584	 9.0s
Ep 282	 reward -10.596	 ms 148.3	 loss 0.002078	 9.3s
Ep 283	 reward -10.507	 ms 147.1	 loss -0.031729	 9.0s
Ep 284	 reward -10.539	 ms 147.6	 loss 0.233440	 9.0s
Ep 285	 reward -10.646	 ms 149.1	 loss 0.006223	 8.5s
Ep 286	 reward -10.525	 ms 147.3	 loss 0.048634	 8.2s
Ep 287	 reward -10.525	 ms 147.3	 loss -0.052672	 8.7s
Ep 288	 reward -10.643	 ms 149.0	 loss -0.086470	 8.1s
Ep 289	 reward -10.536	 ms 147.5	 loss -0.080044	 8.0s
Ep 290	 reward -10.629	 ms 148.8	 loss 0.038848	 7.1s
Ep 291	 reward -10.504	 ms 147.1	 loss 0.023485	 9.0s
Ep 292	 reward -10.664	 ms 149.3	 loss 0.166053	 9.4s
Ep 293	 reward -10.575	 ms 148.1	 loss 0.105094	 9.0s
Ep 294	 reward -10.693	 ms 149.7	 loss 0.088031	 9.1s
Ep 295	 reward -10.654	 ms 149.2	 loss 0.179465	 8.3s
Ep 296	 reward -10.539	 ms 147.6	 loss 0.059086	 8.2s
Ep 297	 reward -10.546	 ms 147.7	 loss 0.001208	 9.1s
Ep 298	 reward -10.811	 ms 151.3	 loss 0.021548	 9.2s
Ep 299	 reward -10.600	 ms 148.4	 loss 0.013107	 8.3s
[vali @300] rel=0.8370 (best 0.8252)  W=148.7
Ep 300	 reward -10.668	 ms 149.3	 loss 0.076273	 12.8s
Ep 301	 reward -10.739	 ms 150.3	 loss -0.104910	 8.1s
Ep 302	 reward -10.754	 ms 150.6	 loss -0.074070	 8.5s
Ep 303	 reward -10.757	 ms 150.6	 loss -0.044620	 7.9s
Ep 304	 reward -10.696	 ms 149.8	 loss -0.070450	 9.1s
Ep 305	 reward -10.732	 ms 150.2	 loss -0.016621	 9.1s
Ep 306	 reward -10.725	 ms 150.2	 loss -0.075086	 9.2s
Ep 307	 reward -10.693	 ms 149.7	 loss 0.023877	 9.2s
Ep 308	 reward -10.743	 ms 150.4	 loss -0.099423	 8.6s
Ep 309	 reward -10.686	 ms 149.6	 loss 0.070528	 7.5s
Ep 310	 reward -10.675	 ms 149.4	 loss -0.082774	 8.3s
Ep 311	 reward -10.700	 ms 149.8	 loss -0.024517	 8.8s
Ep 312	 reward -10.664	 ms 149.3	 loss -0.074978	 9.1s
Ep 313	 reward -10.575	 ms 148.1	 loss -0.017468	 8.3s
Ep 314	 reward -10.693	 ms 149.7	 loss -0.040622	 8.4s
Ep 315	 reward -10.639	 ms 148.9	 loss -0.087238	 9.2s
Ep 316	 reward -10.721	 ms 150.1	 loss 0.004910	 9.2s
Ep 317	 reward -10.729	 ms 150.2	 loss 0.008261	 9.2s
Ep 318	 reward -10.718	 ms 150.1	 loss 0.039022	 8.8s
Ep 319	 reward -10.618	 ms 148.7	 loss -0.094116	 7.0s
Ep 320	 reward -10.657	 ms 149.2	 loss -0.038250	 8.1s
Ep 321	 reward -10.450	 ms 146.3	 loss -0.000715	 9.4s
Ep 322	 reward -10.361	 ms 145.1	 loss -0.090928	 9.1s
Ep 323	 reward -10.375	 ms 145.2	 loss -0.083892	 9.3s
Ep 324	 reward -10.400	 ms 145.6	 loss -0.085638	 8.2s
[vali @325] rel=0.8249 (best 0.8249)  W=146.6
Ep 325	 reward -10.450	 ms 146.3	 loss -0.019363	 15.9s
Ep 326	 reward -10.443	 ms 146.2	 loss -0.056351	 9.1s
Ep 327	 reward -10.432	 ms 146.1	 loss -0.006280	 7.7s
Ep 328	 reward -10.296	 ms 144.2	 loss -0.031901	 7.2s
Ep 329	 reward -10.404	 ms 145.7	 loss -0.021837	 8.6s
Ep 330	 reward -10.421	 ms 145.9	 loss -0.050374	 9.2s
Ep 331	 reward -10.357	 ms 145.0	 loss -0.069853	 9.0s
Ep 332	 reward -10.421	 ms 145.9	 loss 0.091482	 8.7s
Ep 333	 reward -10.454	 ms 146.3	 loss -0.039644	 8.0s
[train_family] done in 0.98 h; best rel=0.8249
