[vali] MWKR norms: LSW=338.1
[model] params total=32786  film=0 (0.00%)
[train_family] model=10x25+family+spec-LSW regimes=['LSW'] updates=1000
Ep 1	 reward -21.604	 ms 302.4	 loss 1.241410	 24.4s
Ep 2	 reward -21.711	 ms 303.9	 loss 1.120163	 24.2s
Ep 3	 reward -21.418	 ms 299.9	 loss 0.969258	 25.9s
Ep 4	 reward -21.421	 ms 299.9	 loss 0.876039	 24.6s
Ep 5	 reward -21.493	 ms 300.9	 loss 0.863611	 24.8s
Ep 6	 reward -21.689	 ms 303.6	 loss 1.140901	 24.9s
Ep 7	 reward -21.361	 ms 299.1	 loss 0.879566	 24.7s
Ep 8	 reward -21.525	 ms 301.4	 loss 0.724397	 25.0s
Ep 9	 reward -21.421	 ms 299.9	 loss 0.723316	 25.9s
Ep 10	 reward -21.400	 ms 299.6	 loss 0.708745	 29.2s
Ep 11	 reward -21.450	 ms 300.3	 loss 0.706353	 28.9s
Ep 12	 reward -21.746	 ms 304.4	 loss 0.603020	 28.5s
Ep 13	 reward -21.571	 ms 302.0	 loss 0.414536	 30.2s
Ep 14	 reward -21.786	 ms 305.0	 loss 0.713242	 27.7s
Ep 15	 reward -21.629	 ms 302.8	 loss 0.712570	 31.6s
Ep 16	 reward -21.696	 ms 303.8	 loss 0.515115	 30.7s
Ep 17	 reward -21.821	 ms 305.5	 loss 0.585253	 28.8s
Ep 18	 reward -21.607	 ms 302.5	 loss 0.417488	 28.6s
Ep 19	 reward -21.496	 ms 300.9	 loss 0.389806	 29.9s
Ep 20	 reward -21.682	 ms 303.6	 loss 0.444616	 29.8s
Ep 21	 reward -21.454	 ms 300.4	 loss 0.545670	 29.3s
Ep 22	 reward -21.496	 ms 300.9	 loss 0.564474	 29.4s
Ep 23	 reward -21.279	 ms 297.9	 loss 0.501492	 31.0s
Ep 24	 reward -21.346	 ms 298.9	 loss 0.469185	 29.0s
[vali @25] rel=0.8841 (best 0.8841)  LSW=298.9
Ep 25	 reward -21.450	 ms 300.3	 loss 0.500637	 55.3s
Ep 26	 reward -21.539	 ms 301.6	 loss 0.421712	 28.5s
Ep 27	 reward -21.554	 ms 301.8	 loss 0.465219	 28.4s
Ep 28	 reward -21.296	 ms 298.1	 loss 0.450517	 27.4s
Ep 29	 reward -21.471	 ms 300.6	 loss 0.378697	 28.2s
Ep 30	 reward -21.314	 ms 298.4	 loss 0.426855	 29.1s
Ep 31	 reward -21.421	 ms 299.9	 loss 0.432824	 30.2s
Ep 32	 reward -21.421	 ms 299.9	 loss 0.347850	 34.4s
Ep 33	 reward -21.432	 ms 300.1	 loss 0.434553	 32.5s
Ep 34	 reward -21.721	 ms 304.1	 loss 0.552430	 34.6s
Ep 35	 reward -21.471	 ms 300.6	 loss 0.425641	 32.7s
Ep 36	 reward -21.600	 ms 302.4	 loss 0.380522	 33.7s
Ep 37	 reward -21.675	 ms 303.4	 loss 0.399875	 33.2s
Ep 38	 reward -21.529	 ms 301.4	 loss 0.481455	 31.2s
Ep 39	 reward -21.607	 ms 302.5	 loss 0.327209	 33.8s
Ep 40	 reward -21.386	 ms 299.4	 loss 0.376505	 33.0s
Ep 41	 reward -21.757	 ms 304.6	 loss 0.598125	 33.6s
Ep 42	 reward -21.857	 ms 306.0	 loss 0.591145	 31.9s
Ep 43	 reward -21.811	 ms 305.4	 loss 0.405508	 34.6s
Ep 44	 reward -21.625	 ms 302.8	 loss 0.486151	 32.6s
Ep 45	 reward -21.732	 ms 304.2	 loss 0.455819	 30.5s
Ep 46	 reward -21.857	 ms 306.0	 loss 0.407422	 28.8s
Ep 47	 reward -21.554	 ms 301.8	 loss 0.500865	 33.2s
Ep 48	 reward -21.911	 ms 306.8	 loss 0.420174	 33.5s
Ep 49	 reward -21.896	 ms 306.6	 loss 0.455476	 31.8s
[vali @50] rel=0.9021 (best 0.8841)  LSW=305.1
Ep 50	 reward -21.854	 ms 305.9	 loss 0.408142	 62.1s
Ep 51	 reward -21.696	 ms 303.8	 loss 0.572925	 32.0s
Ep 52	 reward -21.868	 ms 306.1	 loss 0.515616	 33.0s
Ep 53	 reward -21.821	 ms 305.5	 loss 0.466781	 32.3s
Ep 54	 reward -21.986	 ms 307.8	 loss 0.521696	 34.0s
Ep 55	 reward -21.721	 ms 304.1	 loss 0.472255	 32.2s
Ep 56	 reward -21.825	 ms 305.6	 loss 0.430364	 32.9s
Ep 57	 reward -21.907	 ms 306.7	 loss 0.270834	 32.2s
Ep 58	 reward -21.771	 ms 304.8	 loss 0.595800	 32.4s
Ep 59	 reward -21.604	 ms 302.4	 loss 0.388267	 32.9s
Ep 60	 reward -21.682	 ms 303.6	 loss 0.453510	 31.4s
Ep 61	 reward -21.607	 ms 302.5	 loss 0.285872	 32.7s
Ep 62	 reward -21.639	 ms 302.9	 loss 0.292113	 30.4s
Ep 63	 reward -21.471	 ms 300.6	 loss 0.304444	 32.0s
Ep 64	 reward -21.511	 ms 301.1	 loss 0.317587	 31.1s
Ep 65	 reward -21.493	 ms 300.9	 loss 0.314565	 33.3s
Ep 66	 reward -21.504	 ms 301.1	 loss 0.274169	 32.8s
Ep 67	 reward -21.650	 ms 303.1	 loss 0.202275	 33.7s
Ep 68	 reward -21.421	 ms 299.9	 loss 0.252839	 33.9s
Ep 69	 reward -21.479	 ms 300.7	 loss 0.241726	 32.7s
Ep 70	 reward -21.511	 ms 301.1	 loss 0.196756	 33.0s
Ep 71	 reward -21.589	 ms 302.2	 loss 0.301465	 31.8s
Ep 72	 reward -21.625	 ms 302.8	 loss 0.270735	 31.0s
Ep 73	 reward -21.604	 ms 302.4	 loss 0.195588	 31.6s
Ep 74	 reward -21.300	 ms 298.2	 loss 0.324562	 34.3s
[vali @75] rel=0.8866 (best 0.8841)  LSW=299.8
Ep 75	 reward -21.414	 ms 299.8	 loss 0.228712	 62.7s
Ep 76	 reward -21.143	 ms 296.0	 loss 0.335313	 32.8s
Ep 77	 reward -21.354	 ms 298.9	 loss 0.318620	 32.8s
Ep 78	 reward -21.329	 ms 298.6	 loss 0.388200	 33.4s
Ep 79	 reward -21.489	 ms 300.9	 loss 0.269006	 32.3s
Ep 80	 reward -21.375	 ms 299.2	 loss 0.359573	 33.2s
Ep 81	 reward -21.332	 ms 298.6	 loss 0.537864	 31.5s
Ep 82	 reward -21.436	 ms 300.1	 loss 0.431492	 31.7s
Ep 83	 reward -21.396	 ms 299.6	 loss 0.643735	 31.4s
Ep 84	 reward -21.339	 ms 298.8	 loss 0.465267	 31.4s
Ep 85	 reward -21.193	 ms 296.7	 loss 0.493268	 30.8s
Ep 86	 reward -21.275	 ms 297.9	 loss 0.432237	 31.8s
Ep 87	 reward -21.429	 ms 300.0	 loss 0.573864	 34.5s
Ep 88	 reward -21.214	 ms 297.0	 loss 0.661305	 31.8s
Ep 89	 reward -21.279	 ms 297.9	 loss 0.344859	 33.4s
Ep 90	 reward -21.364	 ms 299.1	 loss 0.403572	 33.8s
Ep 91	 reward -21.339	 ms 298.8	 loss 0.292033	 33.7s
Ep 92	 reward -21.332	 ms 298.6	 loss 0.575175	 31.2s
Ep 93	 reward -21.264	 ms 297.7	 loss 0.487981	 33.3s
Ep 94	 reward -21.479	 ms 300.7	 loss 0.206765	 32.2s
Ep 95	 reward -21.300	 ms 298.2	 loss 0.384403	 33.0s
Ep 96	 reward -21.275	 ms 297.9	 loss 0.337259	 33.4s
Ep 97	 reward -21.314	 ms 298.4	 loss 0.606430	 31.4s
Ep 98	 reward -21.171	 ms 296.4	 loss 0.318029	 33.7s
Ep 99	 reward -21.311	 ms 298.4	 loss 0.574345	 32.8s
[vali @100] rel=0.8606 (best 0.8606)  LSW=291.0
Ep 100	 reward -21.043	 ms 294.6	 loss 0.566489	 58.6s
Ep 101	 reward -21.211	 ms 296.9	 loss 0.555403	 34.5s
Ep 102	 reward -21.304	 ms 298.2	 loss 0.337100	 32.3s
Ep 103	 reward -21.329	 ms 298.6	 loss 0.496441	 32.8s
Ep 104	 reward -21.357	 ms 299.0	 loss 0.422393	 33.1s
Ep 105	 reward -21.311	 ms 298.4	 loss 0.495637	 30.6s
Ep 106	 reward -21.125	 ms 295.8	 loss 0.453461	 33.5s
Ep 107	 reward -21.025	 ms 294.4	 loss 0.174636	 32.7s
Ep 108	 reward -20.836	 ms 291.7	 loss 0.290418	 31.7s
Ep 109	 reward -21.121	 ms 295.7	 loss 0.266025	 32.5s
Ep 110	 reward -21.196	 ms 296.8	 loss 0.509072	 33.4s
Ep 111	 reward -21.161	 ms 296.2	 loss 0.562071	 33.1s
Ep 112	 reward -21.329	 ms 298.6	 loss 0.367699	 32.4s
Ep 113	 reward -21.100	 ms 295.4	 loss 0.346337	 33.7s
Ep 114	 reward -21.064	 ms 294.9	 loss 0.216323	 33.8s
Ep 115	 reward -21.011	 ms 294.1	 loss 0.505497	 34.7s
Ep 116	 reward -21.004	 ms 294.1	 loss 0.237748	 34.2s
Ep 117	 reward -21.007	 ms 294.1	 loss 0.450704	 34.3s
Ep 118	 reward -21.257	 ms 297.6	 loss 0.489177	 32.4s
Ep 119	 reward -21.064	 ms 294.9	 loss 0.161471	 32.6s
Ep 120	 reward -21.079	 ms 295.1	 loss 0.504956	 32.1s
Ep 121	 reward -21.136	 ms 295.9	 loss 0.453109	 32.1s
Ep 122	 reward -20.964	 ms 293.5	 loss 0.410894	 30.9s
Ep 123	 reward -21.164	 ms 296.3	 loss 0.505976	 33.1s
Ep 124	 reward -21.082	 ms 295.1	 loss 0.398024	 33.2s
[vali @125] rel=0.8581 (best 0.8581)  LSW=290.1
Ep 125	 reward -20.950	 ms 293.3	 loss 0.474573	 63.6s
Ep 126	 reward -21.089	 ms 295.2	 loss 0.396324	 32.8s
Ep 127	 reward -21.043	 ms 294.6	 loss 0.705256	 35.0s
Ep 128	 reward -20.868	 ms 292.1	 loss 0.293896	 34.5s
Ep 129	 reward -20.943	 ms 293.2	 loss 0.372292	 32.7s
Ep 130	 reward -21.086	 ms 295.2	 loss 0.355364	 32.2s
Ep 131	 reward -21.054	 ms 294.8	 loss 0.417346	 31.3s
Ep 132	 reward -20.886	 ms 292.4	 loss 0.397169	 35.2s
Ep 133	 reward -20.793	 ms 291.1	 loss 0.611370	 34.4s
Ep 134	 reward -20.968	 ms 293.6	 loss 0.431892	 33.4s
Ep 135	 reward -21.018	 ms 294.2	 loss 0.579478	 31.9s
Ep 136	 reward -20.968	 ms 293.6	 loss 0.489331	 33.6s
Ep 137	 reward -21.114	 ms 295.6	 loss 0.397338	 32.8s
Ep 138	 reward -20.986	 ms 293.8	 loss 0.473296	 32.8s
Ep 139	 reward -20.861	 ms 292.1	 loss 0.351174	 32.5s
Ep 140	 reward -20.886	 ms 292.4	 loss 0.347921	 31.7s
Ep 141	 reward -21.093	 ms 295.3	 loss 0.530826	 32.3s
Ep 142	 reward -20.768	 ms 290.8	 loss 0.338233	 33.0s
Ep 143	 reward -20.964	 ms 293.5	 loss 0.571199	 31.2s
Ep 144	 reward -21.071	 ms 295.0	 loss 0.337922	 32.4s
Ep 145	 reward -21.264	 ms 297.7	 loss 0.463473	 33.3s
Ep 146	 reward -20.879	 ms 292.3	 loss 0.433461	 30.8s
Ep 147	 reward -20.846	 ms 291.9	 loss 0.334880	 31.9s
Ep 148	 reward -21.057	 ms 294.8	 loss 0.612140	 32.9s
Ep 149	 reward -21.068	 ms 294.9	 loss 0.384789	 33.2s
[vali @150] rel=0.8561 (best 0.8561)  LSW=289.5
Ep 150	 reward -21.300	 ms 298.2	 loss 0.551414	 62.7s
Ep 151	 reward -21.157	 ms 296.2	 loss 0.363748	 34.1s
Ep 152	 reward -20.982	 ms 293.8	 loss 0.485789	 32.3s
Ep 153	 reward -21.264	 ms 297.7	 loss 0.472910	 34.6s
Ep 154	 reward -21.036	 ms 294.5	 loss 0.353821	 32.9s
Ep 155	 reward -21.054	 ms 294.8	 loss 0.401396	 33.3s
Ep 156	 reward -20.946	 ms 293.2	 loss 0.518801	 32.7s
Ep 157	 reward -20.761	 ms 290.6	 loss 0.345649	 32.8s
Ep 158	 reward -21.111	 ms 295.6	 loss 0.618663	 31.5s
Ep 159	 reward -20.986	 ms 293.8	 loss 0.535972	 33.5s
Ep 160	 reward -21.071	 ms 295.0	 loss 0.421477	 34.0s
Ep 161	 reward -20.993	 ms 293.9	 loss 0.429004	 31.9s
Ep 162	 reward -20.946	 ms 293.2	 loss 0.245803	 32.8s
Ep 163	 reward -20.993	 ms 293.9	 loss 0.344536	 34.3s
Ep 164	 reward -20.911	 ms 292.8	 loss 0.532115	 35.4s
Ep 165	 reward -20.914	 ms 292.8	 loss 0.322565	 33.2s
Ep 166	 reward -20.836	 ms 291.7	 loss 0.379456	 32.4s
Ep 167	 reward -21.018	 ms 294.2	 loss 0.231808	 32.9s
Ep 168	 reward -21.157	 ms 296.2	 loss 0.355225	 33.3s
Ep 169	 reward -20.968	 ms 293.6	 loss 0.345286	 31.2s
Ep 170	 reward -21.057	 ms 294.8	 loss 0.451565	 32.0s
Ep 171	 reward -20.904	 ms 292.6	 loss 0.378833	 32.9s
Ep 172	 reward -20.979	 ms 293.7	 loss 0.411062	 35.1s
Ep 173	 reward -20.982	 ms 293.8	 loss 0.496608	 34.2s
Ep 174	 reward -21.011	 ms 294.1	 loss 0.399548	 31.3s
[vali @175] rel=0.8481 (best 0.8481)  LSW=286.8
Ep 175	 reward -20.793	 ms 291.1	 loss 0.383545	 64.2s
Ep 176	 reward -20.989	 ms 293.9	 loss 0.380174	 34.0s
Ep 177	 reward -21.082	 ms 295.1	 loss 0.446059	 34.6s
Ep 178	 reward -21.129	 ms 295.8	 loss 0.486762	 33.5s
Ep 179	 reward -20.950	 ms 293.3	 loss 0.438633	 33.2s
Ep 180	 reward -20.854	 ms 291.9	 loss 0.445640	 34.6s
Ep 181	 reward -20.829	 ms 291.6	 loss 0.375212	 32.8s
Ep 182	 reward -21.086	 ms 295.2	 loss 0.592329	 32.8s
Ep 183	 reward -20.918	 ms 292.9	 loss 0.490819	 30.0s
Ep 184	 reward -20.975	 ms 293.6	 loss 0.481102	 34.8s
Ep 185	 reward -20.911	 ms 292.8	 loss 0.586887	 31.7s
Ep 186	 reward -21.007	 ms 294.1	 loss 0.594207	 32.8s
Ep 187	 reward -20.939	 ms 293.1	 loss 0.440022	 32.3s
Ep 188	 reward -20.879	 ms 292.3	 loss 0.568216	 33.5s
Ep 189	 reward -20.768	 ms 290.8	 loss 0.554609	 32.4s
Ep 190	 reward -20.761	 ms 290.6	 loss 0.296131	 33.2s
Ep 191	 reward -20.775	 ms 290.9	 loss 0.575142	 32.4s
Ep 192	 reward -20.875	 ms 292.2	 loss 0.481441	 32.2s
Ep 193	 reward -20.879	 ms 292.3	 loss 0.484054	 32.8s
Ep 194	 reward -21.050	 ms 294.7	 loss 0.592877	 33.0s
Ep 195	 reward -20.704	 ms 289.9	 loss 0.562974	 34.5s
Ep 196	 reward -20.646	 ms 289.1	 loss 0.515452	 33.5s
Ep 197	 reward -20.700	 ms 289.8	 loss 0.521436	 33.5s
Ep 198	 reward -20.950	 ms 293.3	 loss 0.556299	 33.2s
Ep 199	 reward -20.721	 ms 290.1	 loss 0.516644	 32.3s
[vali @200] rel=0.8477 (best 0.8477)  LSW=286.6
Ep 200	 reward -20.725	 ms 290.1	 loss 0.559732	 63.7s
Ep 201	 reward -20.768	 ms 290.8	 loss 0.325203	 34.3s
Ep 202	 reward -20.857	 ms 292.0	 loss 0.416007	 32.0s
Ep 203	 reward -20.789	 ms 291.1	 loss 0.320800	 34.0s
Ep 204	 reward -20.479	 ms 286.7	 loss 0.320779	 34.2s
Ep 205	 reward -20.668	 ms 289.4	 loss 0.380245	 35.2s
Ep 206	 reward -20.700	 ms 289.8	 loss 0.445907	 32.8s
Ep 207	 reward -20.675	 ms 289.4	 loss 0.369895	 32.7s
Ep 208	 reward -20.875	 ms 292.2	 loss 0.270095	 30.9s
Ep 209	 reward -20.657	 ms 289.2	 loss 0.324261	 33.7s
Ep 210	 reward -21.054	 ms 294.8	 loss 0.520892	 32.7s
Ep 211	 reward -20.632	 ms 288.9	 loss 0.278692	 34.1s
Ep 212	 reward -20.750	 ms 290.5	 loss 0.238408	 32.8s
Ep 213	 reward -20.761	 ms 290.6	 loss 0.358389	 34.0s
Ep 214	 reward -20.868	 ms 292.1	 loss 0.406861	 33.3s
Ep 215	 reward -20.582	 ms 288.1	 loss 0.365497	 33.4s
Ep 216	 reward -20.671	 ms 289.4	 loss 0.292803	 31.6s
Ep 217	 reward -20.768	 ms 290.8	 loss 0.266247	 33.4s
Ep 218	 reward -20.646	 ms 289.1	 loss 0.336737	 31.1s
Ep 219	 reward -20.714	 ms 290.0	 loss 0.326687	 32.6s
Ep 220	 reward -20.611	 ms 288.6	 loss 0.287167	 33.9s
Ep 221	 reward -21.207	 ms 296.9	 loss 0.346342	 32.0s
Ep 222	 reward -21.089	 ms 295.2	 loss 0.220433	 32.9s
Ep 223	 reward -20.814	 ms 291.4	 loss 0.406519	 30.6s
Ep 224	 reward -20.807	 ms 291.3	 loss 0.234973	 31.8s
[vali @225] rel=0.8474 (best 0.8474)  LSW=286.6
Ep 225	 reward -20.982	 ms 293.8	 loss 0.239071	 65.0s
Ep 226	 reward -21.132	 ms 295.9	 loss 0.230877	 31.6s
Ep 227	 reward -21.200	 ms 296.8	 loss 0.159250	 32.9s
Ep 228	 reward -20.843	 ms 291.8	 loss 0.308521	 32.4s
Ep 229	 reward -20.836	 ms 291.7	 loss 0.231846	 32.3s
Ep 230	 reward -21.025	 ms 294.4	 loss 0.188197	 31.4s
Ep 231	 reward -21.107	 ms 295.5	 loss 0.262454	 33.2s
Ep 232	 reward -21.239	 ms 297.4	 loss 0.221917	 32.1s
Ep 233	 reward -21.061	 ms 294.9	 loss 0.235554	 34.8s
Ep 234	 reward -20.721	 ms 290.1	 loss 0.439314	 31.7s
Ep 235	 reward -21.132	 ms 295.9	 loss 0.277237	 33.6s
Ep 236	 reward -21.136	 ms 295.9	 loss 0.284281	 34.6s
Ep 237	 reward -21.021	 ms 294.3	 loss 0.215865	 33.0s
Ep 238	 reward -21.082	 ms 295.1	 loss 0.285446	 32.2s
Ep 239	 reward -21.061	 ms 294.9	 loss 0.386127	 31.8s
Ep 240	 reward -21.104	 ms 295.4	 loss 0.254416	 31.9s
Ep 241	 reward -21.154	 ms 296.1	 loss 0.439216	 31.9s
Ep 242	 reward -21.061	 ms 294.9	 loss 0.588599	 31.2s
Ep 243	 reward -20.975	 ms 293.6	 loss 0.514881	 33.4s
Ep 244	 reward -20.982	 ms 293.8	 loss 0.388315	 32.3s
Ep 245	 reward -21.121	 ms 295.7	 loss 0.515429	 32.9s
Ep 246	 reward -20.986	 ms 293.8	 loss 0.360460	 33.0s
Ep 247	 reward -20.957	 ms 293.4	 loss 0.428270	 34.7s
Ep 248	 reward -21.171	 ms 296.4	 loss 0.286016	 32.5s
Ep 249	 reward -21.236	 ms 297.3	 loss 0.262736	 33.2s
[vali @250] rel=0.8444 (best 0.8444)  LSW=285.6
Ep 250	 reward -21.214	 ms 297.0	 loss 0.441533	 65.0s
Ep 251	 reward -20.986	 ms 293.8	 loss 0.263620	 33.0s
Ep 252	 reward -21.011	 ms 294.1	 loss 0.448509	 33.6s
Ep 253	 reward -21.289	 ms 298.1	 loss 0.265664	 31.0s
Ep 254	 reward -21.071	 ms 295.0	 loss 0.409095	 32.9s
Ep 255	 reward -20.921	 ms 292.9	 loss 0.407608	 30.8s
Ep 256	 reward -20.979	 ms 293.7	 loss 0.394625	 30.4s
Ep 257	 reward -21.064	 ms 294.9	 loss 0.331707	 32.0s
Ep 258	 reward -21.182	 ms 296.6	 loss 0.448762	 35.0s
Ep 259	 reward -21.057	 ms 294.8	 loss 0.421271	 34.6s
Ep 260	 reward -20.907	 ms 292.7	 loss 0.386801	 32.9s
Ep 261	 reward -20.704	 ms 289.9	 loss 0.364542	 32.9s
Ep 262	 reward -20.729	 ms 290.2	 loss 0.675811	 31.7s
Ep 263	 reward -20.621	 ms 288.7	 loss 0.544365	 32.6s
Ep 264	 reward -20.725	 ms 290.1	 loss 0.382525	 32.7s
Ep 265	 reward -20.529	 ms 287.4	 loss 0.473459	 32.0s
Ep 266	 reward -20.839	 ms 291.8	 loss 0.398897	 31.0s
Ep 267	 reward -20.875	 ms 292.2	 loss 0.534930	 32.3s
Ep 268	 reward -20.796	 ms 291.1	 loss 0.427612	 33.7s
Ep 269	 reward -20.879	 ms 292.3	 loss 0.647408	 32.2s
Ep 270	 reward -20.843	 ms 291.8	 loss 0.494527	 33.3s
Ep 271	 reward -20.561	 ms 287.9	 loss 0.344115	 32.4s
Ep 272	 reward -20.671	 ms 289.4	 loss 0.584151	 33.0s
Ep 273	 reward -20.671	 ms 289.4	 loss 0.464126	 30.5s
Ep 274	 reward -20.593	 ms 288.3	 loss 0.502579	 30.0s
[vali @275] rel=0.8387 (best 0.8387)  LSW=283.6
Ep 275	 reward -20.529	 ms 287.4	 loss 0.342436	 61.2s
Ep 276	 reward -20.789	 ms 291.1	 loss 0.514678	 33.8s
Ep 277	 reward -20.539	 ms 287.6	 loss 0.390345	 32.7s
Ep 278	 reward -20.600	 ms 288.4	 loss 0.457439	 33.0s
Ep 279	 reward -20.664	 ms 289.3	 loss 0.437266	 32.4s
Ep 280	 reward -20.729	 ms 290.2	 loss 0.528666	 34.9s
Ep 281	 reward -20.650	 ms 289.1	 loss 0.262250	 30.5s
Ep 282	 reward -20.754	 ms 290.6	 loss 0.223336	 30.3s
Ep 283	 reward -20.875	 ms 292.2	 loss 0.220630	 30.6s
Ep 284	 reward -20.621	 ms 288.7	 loss 0.352388	 33.0s
Ep 285	 reward -20.625	 ms 288.8	 loss 0.292300	 34.0s
Ep 286	 reward -20.479	 ms 286.7	 loss 0.172794	 33.5s
Ep 287	 reward -20.711	 ms 289.9	 loss 0.455194	 31.3s
Ep 288	 reward -20.575	 ms 288.1	 loss 0.256833	 31.9s
Ep 289	 reward -20.775	 ms 290.9	 loss 0.291711	 32.7s
Ep 290	 reward -20.729	 ms 290.2	 loss 0.258946	 31.1s
Ep 291	 reward -20.636	 ms 288.9	 loss 0.364838	 31.9s
Ep 292	 reward -20.561	 ms 287.9	 loss 0.210590	 29.9s
Ep 293	 reward -20.739	 ms 290.4	 loss 0.196865	 31.8s
Ep 294	 reward -20.421	 ms 285.9	 loss 0.094934	 30.1s
Ep 295	 reward -20.421	 ms 285.9	 loss 0.229314	 29.7s
Ep 296	 reward -20.561	 ms 287.9	 loss 0.285492	 26.5s
Ep 297	 reward -20.668	 ms 289.4	 loss 0.161382	 26.5s
Ep 298	 reward -20.614	 ms 288.6	 loss 0.255462	 27.8s
Ep 299	 reward -20.543	 ms 287.6	 loss 0.283500	 26.3s
[vali @300] rel=0.8408 (best 0.8387)  LSW=284.3
Ep 300	 reward -20.800	 ms 291.2	 loss 0.151575	 52.5s
Ep 301	 reward -20.900	 ms 292.6	 loss 0.333230	 25.9s
Ep 302	 reward -20.896	 ms 292.6	 loss 0.324742	 28.1s
Ep 303	 reward -21.004	 ms 294.1	 loss 0.305941	 26.7s
Ep 304	 reward -20.993	 ms 293.9	 loss 0.369017	 26.0s
Ep 305	 reward -20.993	 ms 293.9	 loss 0.299505	 28.0s
Ep 306	 reward -21.029	 ms 294.4	 loss 0.245844	 26.5s
Ep 307	 reward -20.989	 ms 293.9	 loss 0.315635	 25.6s
Ep 308	 reward -20.864	 ms 292.1	 loss 0.267164	 28.0s
Ep 309	 reward -21.025	 ms 294.4	 loss 0.251733	 27.4s
Ep 310	 reward -21.036	 ms 294.5	 loss 0.319101	 27.0s
Ep 311	 reward -20.871	 ms 292.2	 loss 0.230568	 27.6s
Ep 312	 reward -20.954	 ms 293.4	 loss 0.274809	 25.4s
Ep 313	 reward -20.882	 ms 292.4	 loss 0.313894	 26.0s
Ep 314	 reward -21.036	 ms 294.5	 loss 0.289177	 27.3s
Ep 315	 reward -20.943	 ms 293.2	 loss 0.259694	 26.4s
Ep 316	 reward -21.107	 ms 295.5	 loss 0.306519	 25.4s
Ep 317	 reward -20.907	 ms 292.7	 loss 0.249128	 31.7s
Ep 318	 reward -20.986	 ms 293.8	 loss 0.328933	 30.8s
Ep 319	 reward -21.032	 ms 294.4	 loss 0.245289	 26.9s
Ep 320	 reward -21.011	 ms 294.1	 loss 0.281892	 26.2s
Ep 321	 reward -20.889	 ms 292.4	 loss 0.359976	 29.0s
Ep 322	 reward -20.914	 ms 292.8	 loss 0.226222	 26.7s
Ep 323	 reward -20.832	 ms 291.6	 loss 0.262873	 26.6s
Ep 324	 reward -20.864	 ms 292.1	 loss 0.196415	 25.7s
[vali @325] rel=0.8412 (best 0.8387)  LSW=284.4
Ep 325	 reward -20.832	 ms 291.6	 loss 0.257934	 51.2s
Ep 326	 reward -20.996	 ms 293.9	 loss 0.344866	 27.6s
Ep 327	 reward -21.061	 ms 294.9	 loss 0.162015	 26.3s
Ep 328	 reward -20.904	 ms 292.6	 loss 0.308106	 27.6s
Ep 329	 reward -20.946	 ms 293.2	 loss 0.170715	 26.7s
Ep 330	 reward -20.786	 ms 291.0	 loss 0.099753	 27.0s
Ep 331	 reward -20.911	 ms 292.8	 loss 0.351263	 28.7s
Ep 332	 reward -20.904	 ms 292.6	 loss 0.291937	 27.0s
Ep 333	 reward -21.064	 ms 294.9	 loss 0.170428	 25.5s
Ep 334	 reward -20.893	 ms 292.5	 loss 0.261390	 25.7s
Ep 335	 reward -21.014	 ms 294.2	 loss 0.140705	 24.7s
Ep 336	 reward -20.936	 ms 293.1	 loss 0.401980	 27.9s
Ep 337	 reward -20.875	 ms 292.2	 loss 0.083961	 26.9s
Ep 338	 reward -21.004	 ms 294.1	 loss 0.286831	 27.7s
Ep 339	 reward -20.986	 ms 293.8	 loss 0.089137	 26.5s
Ep 340	 reward -20.921	 ms 292.9	 loss 0.122249	 27.2s
Ep 341	 reward -20.711	 ms 289.9	 loss 0.349660	 27.6s
Ep 342	 reward -20.786	 ms 291.0	 loss 0.341574	 25.7s
Ep 343	 reward -20.593	 ms 288.3	 loss 0.364577	 27.7s
Ep 344	 reward -20.625	 ms 288.8	 loss 0.331781	 26.4s
Ep 345	 reward -20.539	 ms 287.6	 loss 0.180280	 24.8s
Ep 346	 reward -20.707	 ms 289.9	 loss 0.350131	 24.2s
Ep 347	 reward -20.889	 ms 292.4	 loss 0.301231	 27.1s
Ep 348	 reward -20.671	 ms 289.4	 loss 0.371094	 27.0s
Ep 349	 reward -20.657	 ms 289.2	 loss 0.373672	 27.4s
[vali @350] rel=0.8413 (best 0.8387)  LSW=284.5
Ep 350	 reward -20.793	 ms 291.1	 loss 0.296566	 50.6s
Ep 351	 reward -20.721	 ms 290.1	 loss 0.372410	 28.0s
Ep 352	 reward -20.543	 ms 287.6	 loss 0.400751	 28.7s
Ep 353	 reward -20.721	 ms 290.1	 loss 0.304330	 28.6s
Ep 354	 reward -20.618	 ms 288.6	 loss 0.412692	 27.7s
Ep 355	 reward -20.686	 ms 289.6	 loss 0.258339	 24.8s
Ep 356	 reward -20.596	 ms 288.4	 loss 0.237542	 26.9s
Ep 357	 reward -20.643	 ms 289.0	 loss 0.222342	 26.9s
Ep 358	 reward -20.743	 ms 290.4	 loss 0.419518	 27.0s
Ep 359	 reward -20.504	 ms 287.1	 loss 0.256443	 27.5s
Ep 360	 reward -20.621	 ms 288.7	 loss 0.345488	 24.8s
Ep 361	 reward -20.868	 ms 292.1	 loss 0.299260	 27.5s
Ep 362	 reward -20.643	 ms 289.0	 loss 0.285808	 28.0s
Ep 363	 reward -20.836	 ms 291.7	 loss 0.207166	 27.9s
Ep 364	 reward -20.707	 ms 289.9	 loss 0.214292	 28.0s
Ep 365	 reward -21.000	 ms 294.0	 loss 0.220566	 27.5s
Ep 366	 reward -20.729	 ms 290.2	 loss 0.132452	 25.0s
Ep 367	 reward -20.675	 ms 289.4	 loss 0.135666	 26.3s
Ep 368	 reward -20.607	 ms 288.5	 loss 0.174053	 26.1s
Ep 369	 reward -20.957	 ms 293.4	 loss 0.206618	 26.9s
Ep 370	 reward -20.793	 ms 291.1	 loss 0.210156	 28.3s
Ep 371	 reward -20.925	 ms 292.9	 loss 0.172533	 26.3s
Ep 372	 reward -20.646	 ms 289.1	 loss 0.235924	 25.9s
Ep 373	 reward -20.671	 ms 289.4	 loss 0.109088	 26.5s
Ep 374	 reward -20.832	 ms 291.6	 loss 0.103150	 27.0s
[vali @375] rel=0.8433 (best 0.8387)  LSW=285.1
Ep 375	 reward -20.786	 ms 291.0	 loss 0.124678	 52.3s
Ep 376	 reward -20.789	 ms 291.1	 loss 0.181252	 27.2s
Ep 377	 reward -20.804	 ms 291.2	 loss 0.104125	 25.5s
Ep 378	 reward -20.839	 ms 291.8	 loss 0.112222	 24.7s
Ep 379	 reward -20.764	 ms 290.7	 loss 0.099555	 26.2s
Ep 380	 reward -20.875	 ms 292.2	 loss 0.161919	 26.5s
Ep 381	 reward -20.918	 ms 292.9	 loss 0.465325	 28.0s
Ep 382	 reward -20.957	 ms 293.4	 loss 0.344124	 28.1s
Ep 383	 reward -20.943	 ms 293.2	 loss 0.306135	 27.6s
Ep 384	 reward -20.921	 ms 292.9	 loss 0.370770	 27.4s
Ep 385	 reward -20.846	 ms 291.9	 loss 0.290395	 27.3s
Ep 386	 reward -21.007	 ms 294.1	 loss 0.391287	 28.3s
Ep 387	 reward -20.904	 ms 292.6	 loss 0.394964	 27.3s
Ep 388	 reward -20.989	 ms 293.9	 loss 0.386509	 23.7s
Ep 389	 reward -20.811	 ms 291.4	 loss 0.436888	 25.8s
Ep 390	 reward -20.825	 ms 291.6	 loss 0.342592	 27.7s
Ep 391	 reward -20.893	 ms 292.5	 loss 0.227785	 26.0s
Ep 392	 reward -20.961	 ms 293.4	 loss 0.275379	 27.3s
Ep 393	 reward -21.054	 ms 294.8	 loss 0.275086	 26.0s
Ep 394	 reward -20.907	 ms 292.7	 loss 0.218665	 28.7s
Ep 395	 reward -20.914	 ms 292.8	 loss 0.360873	 26.3s
Ep 396	 reward -20.954	 ms 293.4	 loss 0.221283	 26.1s
Ep 397	 reward -20.925	 ms 292.9	 loss 0.265518	 26.8s
Ep 398	 reward -21.064	 ms 294.9	 loss 0.401881	 26.0s
Ep 399	 reward -21.014	 ms 294.2	 loss 0.421400	 25.9s
[vali @400] rel=0.8437 (best 0.8387)  LSW=285.3
Ep 400	 reward -21.018	 ms 294.2	 loss 0.251904	 48.9s
Ep 401	 reward -20.718	 ms 290.1	 loss 0.396561	 27.6s
Ep 402	 reward -20.739	 ms 290.4	 loss 0.189296	 25.9s
Ep 403	 reward -20.814	 ms 291.4	 loss 0.381355	 27.5s
Ep 404	 reward -20.711	 ms 289.9	 loss 0.399756	 26.4s
Ep 405	 reward -21.007	 ms 294.1	 loss 0.327056	 27.5s
Ep 406	 reward -20.854	 ms 291.9	 loss 0.289672	 27.8s
Ep 407	 reward -20.889	 ms 292.4	 loss 0.257383	 26.5s
Ep 408	 reward -20.700	 ms 289.8	 loss 0.240105	 26.4s
Ep 409	 reward -20.739	 ms 290.4	 loss 0.178715	 27.6s
Ep 410	 reward -20.861	 ms 292.1	 loss 0.289363	 24.7s
Ep 411	 reward -20.850	 ms 291.9	 loss 0.332089	 23.5s
Ep 412	 reward -20.807	 ms 291.3	 loss 0.196149	 26.9s
Ep 413	 reward -20.743	 ms 290.4	 loss 0.230821	 28.6s
Ep 414	 reward -20.882	 ms 292.4	 loss 0.354669	 28.0s
Ep 415	 reward -20.779	 ms 290.9	 loss 0.302423	 26.2s
Ep 416	 reward -20.907	 ms 292.7	 loss 0.285110	 26.7s
Ep 417	 reward -20.864	 ms 292.1	 loss 0.162915	 27.3s
Ep 418	 reward -20.868	 ms 292.1	 loss 0.298477	 27.8s
Ep 419	 reward -20.850	 ms 291.9	 loss 0.295271	 26.6s
Ep 420	 reward -20.950	 ms 293.3	 loss 0.110996	 27.2s
Ep 421	 reward -20.554	 ms 287.8	 loss 0.335379	 26.8s
Ep 422	 reward -20.689	 ms 289.6	 loss 0.344547	 25.0s
Ep 423	 reward -20.657	 ms 289.2	 loss 0.416208	 26.7s
Ep 424	 reward -20.443	 ms 286.2	 loss 0.477564	 26.3s
[vali @425] rel=0.8425 (best 0.8387)  LSW=284.9
Ep 425	 reward -20.586	 ms 288.2	 loss 0.430565	 52.3s
Ep 426	 reward -20.646	 ms 289.1	 loss 0.287582	 26.2s
Ep 427	 reward -20.489	 ms 286.9	 loss 0.329633	 26.3s
Ep 428	 reward -20.679	 ms 289.5	 loss 0.341573	 27.8s
Ep 429	 reward -20.525	 ms 287.4	 loss 0.328065	 27.3s
Ep 430	 reward -20.779	 ms 290.9	 loss 0.403742	 26.1s
Ep 431	 reward -20.711	 ms 289.9	 loss 0.404039	 27.5s
Ep 432	 reward -20.443	 ms 286.2	 loss 0.255955	 26.6s
Ep 433	 reward -20.650	 ms 289.1	 loss 0.274954	 25.4s
Ep 434	 reward -20.561	 ms 287.9	 loss 0.406596	 27.3s
Ep 435	 reward -20.582	 ms 288.1	 loss 0.293468	 27.2s
Ep 436	 reward -20.614	 ms 288.6	 loss 0.374792	 26.4s
Ep 437	 reward -20.593	 ms 288.3	 loss 0.315184	 26.1s
Ep 438	 reward -20.404	 ms 285.6	 loss 0.361353	 26.4s
Ep 439	 reward -20.436	 ms 286.1	 loss 0.352503	 26.0s
Ep 440	 reward -20.432	 ms 286.1	 loss 0.152505	 26.3s
Ep 441	 reward -20.886	 ms 292.4	 loss 0.201216	 27.2s
Ep 442	 reward -20.714	 ms 290.0	 loss 0.173755	 27.6s
Ep 443	 reward -20.879	 ms 292.3	 loss 0.429386	 25.1s
Ep 444	 reward -20.696	 ms 289.8	 loss 0.182323	 25.5s
Ep 445	 reward -20.757	 ms 290.6	 loss 0.108119	 27.7s
Ep 446	 reward -21.129	 ms 295.8	 loss 0.289373	 28.1s
Ep 447	 reward -20.875	 ms 292.2	 loss 0.209681	 27.7s
Ep 448	 reward -20.843	 ms 291.8	 loss 0.255216	 26.9s
Ep 449	 reward -20.914	 ms 292.8	 loss 0.235858	 27.2s
[vali @450] rel=0.8483 (best 0.8387)  LSW=286.9
Ep 450	 reward -20.925	 ms 292.9	 loss 0.258252	 50.4s
Ep 451	 reward -20.868	 ms 292.1	 loss 0.242708	 27.5s
Ep 452	 reward -20.904	 ms 292.6	 loss 0.290667	 28.1s
Ep 453	 reward -20.879	 ms 292.3	 loss 0.253550	 24.6s
Ep 454	 reward -20.854	 ms 291.9	 loss 0.189947	 25.1s
Ep 455	 reward -20.779	 ms 290.9	 loss 0.173905	 25.4s
Ep 456	 reward -20.743	 ms 290.4	 loss 0.137338	 27.3s
Ep 457	 reward -20.800	 ms 291.2	 loss 0.155834	 27.2s
Ep 458	 reward -20.943	 ms 293.2	 loss 0.219875	 26.2s
Ep 459	 reward -20.889	 ms 292.4	 loss 0.170001	 27.2s
Ep 460	 reward -20.768	 ms 290.8	 loss 0.195464	 26.0s
Ep 461	 reward -21.000	 ms 294.0	 loss 0.482262	 26.5s
Ep 462	 reward -20.914	 ms 292.8	 loss 0.307109	 27.1s
Ep 463	 reward -20.868	 ms 292.1	 loss 0.240371	 25.8s
Ep 464	 reward -20.793	 ms 291.1	 loss 0.367555	 28.3s
Ep 465	 reward -20.850	 ms 291.9	 loss 0.437802	 26.8s
Ep 466	 reward -20.975	 ms 293.6	 loss 0.380019	 25.0s
Ep 467	 reward -20.846	 ms 291.9	 loss 0.281293	 26.6s
Ep 468	 reward -20.868	 ms 292.1	 loss 0.274033	 27.0s
Ep 469	 reward -20.786	 ms 291.0	 loss 0.195144	 26.6s
Ep 470	 reward -21.075	 ms 295.1	 loss 0.320180	 28.0s
Ep 471	 reward -21.000	 ms 294.0	 loss 0.257983	 28.0s
Ep 472	 reward -20.818	 ms 291.4	 loss 0.311886	 28.2s
Ep 473	 reward -20.721	 ms 290.1	 loss 0.209027	 26.1s
Ep 474	 reward -21.018	 ms 294.2	 loss 0.418607	 26.1s
[vali @475] rel=0.8458 (best 0.8387)  LSW=286.0
Ep 475	 reward -20.846	 ms 291.9	 loss 0.300766	 48.8s
Ep 476	 reward -20.871	 ms 292.2	 loss 0.221671	 25.9s
Ep 477	 reward -20.825	 ms 291.6	 loss 0.326711	 28.8s
Ep 478	 reward -21.039	 ms 294.6	 loss 0.325374	 27.9s
Ep 479	 reward -20.814	 ms 291.4	 loss 0.270638	 27.0s
Ep 480	 reward -20.821	 ms 291.5	 loss 0.242139	 26.4s
Ep 481	 reward -20.607	 ms 288.5	 loss 0.196786	 27.2s
Ep 482	 reward -20.521	 ms 287.3	 loss 0.195256	 26.3s
Ep 483	 reward -20.657	 ms 289.2	 loss 0.285148	 26.6s
Ep 484	 reward -20.657	 ms 289.2	 loss 0.247405	 26.5s
Ep 485	 reward -20.582	 ms 288.1	 loss 0.071457	 26.6s
Ep 486	 reward -20.593	 ms 288.3	 loss 0.056536	 25.5s
Ep 487	 reward -20.529	 ms 287.4	 loss 0.200728	 24.7s
Ep 488	 reward -20.568	 ms 287.9	 loss 0.238585	 26.0s
Ep 489	 reward -20.718	 ms 290.1	 loss 0.346299	 26.4s
Ep 490	 reward -20.650	 ms 289.1	 loss 0.045854	 27.0s
Ep 491	 reward -20.718	 ms 290.1	 loss 0.301107	 25.3s
Ep 492	 reward -20.750	 ms 290.5	 loss 0.305387	 25.7s
Ep 493	 reward -20.632	 ms 288.9	 loss 0.057746	 27.5s
Ep 494	 reward -20.675	 ms 289.4	 loss 0.061030	 27.3s
Ep 495	 reward -20.546	 ms 287.6	 loss 0.073080	 26.6s
Ep 496	 reward -20.579	 ms 288.1	 loss 0.273202	 27.2s
Ep 497	 reward -20.600	 ms 288.4	 loss 0.150670	 25.7s
Ep 498	 reward -20.489	 ms 286.9	 loss 0.069696	 26.5s
Ep 499	 reward -20.704	 ms 289.9	 loss 0.136906	 24.6s
[vali @500] rel=0.8465 (best 0.8387)  LSW=286.2
Ep 500	 reward -20.789	 ms 291.1	 loss 0.212287	 51.6s
Ep 501	 reward -20.686	 ms 289.6	 loss 0.089956	 27.5s
Ep 502	 reward -20.661	 ms 289.2	 loss 0.088364	 26.6s
Ep 503	 reward -20.775	 ms 290.9	 loss 0.103013	 28.7s
Ep 504	 reward -20.671	 ms 289.4	 loss 0.059975	 26.4s
Ep 505	 reward -21.014	 ms 294.2	 loss 0.071672	 26.3s
Ep 506	 reward -20.586	 ms 288.2	 loss 0.142843	 28.3s
Ep 507	 reward -20.711	 ms 289.9	 loss 0.024619	 26.0s
Ep 508	 reward -20.700	 ms 289.8	 loss 0.093827	 24.4s
Ep 509	 reward -20.636	 ms 288.9	 loss 0.165002	 25.7s
Ep 510	 reward -20.550	 ms 287.7	 loss 0.064375	 25.2s
Ep 511	 reward -20.614	 ms 288.6	 loss 0.076770	 27.1s
Ep 512	 reward -20.689	 ms 289.6	 loss 0.037061	 26.5s
Ep 513	 reward -20.636	 ms 288.9	 loss 0.019422	 26.5s
Ep 514	 reward -20.782	 ms 290.9	 loss 0.054099	 27.3s
Ep 515	 reward -20.625	 ms 288.8	 loss 0.182538	 27.8s
Ep 516	 reward -20.621	 ms 288.7	 loss 0.134039	 27.2s
Ep 517	 reward -20.636	 ms 288.9	 loss 0.050304	 26.3s
Ep 518	 reward -20.686	 ms 289.6	 loss 0.018740	 26.0s
Ep 519	 reward -20.479	 ms 286.7	 loss -0.054221	 27.4s
Ep 520	 reward -20.525	 ms 287.4	 loss -0.011567	 25.7s
Ep 521	 reward -20.661	 ms 289.2	 loss 0.052677	 24.4s
Ep 522	 reward -20.668	 ms 289.4	 loss 0.192218	 27.3s
Ep 523	 reward -20.654	 ms 289.1	 loss 0.271441	 26.3s
Ep 524	 reward -20.729	 ms 290.2	 loss 0.428452	 27.6s
[vali @525] rel=0.8418 (best 0.8387)  LSW=284.6
Ep 525	 reward -20.779	 ms 290.9	 loss 0.160956	 51.5s
Ep 526	 reward -20.743	 ms 290.4	 loss 0.229716	 28.1s
Ep 527	 reward -20.679	 ms 289.5	 loss 0.279357	 27.5s
Ep 528	 reward -20.889	 ms 292.4	 loss 0.089979	 27.1s
Ep 529	 reward -20.782	 ms 290.9	 loss 0.084676	 26.3s
Ep 530	 reward -20.686	 ms 289.6	 loss 0.076814	 26.3s
Ep 531	 reward -20.882	 ms 292.4	 loss 0.181707	 26.1s
Ep 532	 reward -20.671	 ms 289.4	 loss 0.372087	 26.8s
Ep 533	 reward -20.725	 ms 290.1	 loss 0.274673	 27.0s
Ep 534	 reward -20.779	 ms 290.9	 loss 0.197128	 28.1s
Ep 535	 reward -20.929	 ms 293.0	 loss 0.370605	 27.4s
Ep 536	 reward -20.775	 ms 290.9	 loss 0.073918	 27.7s
Ep 537	 reward -20.804	 ms 291.2	 loss 0.247586	 25.9s
Ep 538	 reward -20.929	 ms 293.0	 loss 0.090097	 27.2s
Ep 539	 reward -20.707	 ms 289.9	 loss 0.089056	 27.4s
Ep 540	 reward -20.786	 ms 291.0	 loss 0.222012	 27.9s
Ep 541	 reward -20.607	 ms 288.5	 loss 0.348672	 25.5s
Ep 542	 reward -20.564	 ms 287.9	 loss 0.314973	 26.1s
Ep 543	 reward -20.536	 ms 287.5	 loss 0.210740	 26.0s
Ep 544	 reward -20.604	 ms 288.4	 loss 0.275249	 25.2s
Ep 545	 reward -20.739	 ms 290.4	 loss 0.275989	 27.2s
Ep 546	 reward -20.739	 ms 290.4	 loss 0.292979	 28.0s
Ep 547	 reward -20.700	 ms 289.8	 loss 0.187254	 27.6s
Ep 548	 reward -20.614	 ms 288.6	 loss 0.304372	 28.2s
Ep 549	 reward -20.643	 ms 289.0	 loss 0.263917	 28.3s
[vali @550] rel=0.8413 (best 0.8387)  LSW=284.5
Ep 550	 reward -20.436	 ms 286.1	 loss 0.277714	 50.1s
Ep 551	 reward -20.500	 ms 287.0	 loss 0.145606	 25.9s
Ep 552	 reward -20.600	 ms 288.4	 loss 0.221605	 26.6s
Ep 553	 reward -20.414	 ms 285.8	 loss 0.047771	 25.2s
Ep 554	 reward -20.393	 ms 285.5	 loss 0.332099	 26.9s
Ep 555	 reward -20.511	 ms 287.1	 loss 0.161184	 26.9s
Ep 556	 reward -20.393	 ms 285.5	 loss 0.214075	 27.3s
Ep 557	 reward -20.500	 ms 287.0	 loss 0.161750	 27.7s
Ep 558	 reward -20.532	 ms 287.4	 loss 0.150190	 27.3s
Ep 559	 reward -20.500	 ms 287.0	 loss 0.166709	 28.4s
Ep 560	 reward -20.343	 ms 284.8	 loss 0.339339	 26.8s
Ep 561	 reward -20.479	 ms 286.7	 loss 0.373643	 27.1s
Ep 562	 reward -20.443	 ms 286.2	 loss 0.081101	 27.1s
Ep 563	 reward -20.443	 ms 286.2	 loss 0.392916	 25.0s
Ep 564	 reward -20.518	 ms 287.2	 loss 0.373178	 25.1s
Ep 565	 reward -20.325	 ms 284.6	 loss 0.207844	 25.6s
Ep 566	 reward -20.389	 ms 285.4	 loss 0.354288	 26.7s
Ep 567	 reward -20.311	 ms 284.4	 loss 0.373947	 27.5s
Ep 568	 reward -20.193	 ms 282.7	 loss 0.099265	 26.6s
Ep 569	 reward -20.275	 ms 283.9	 loss 0.367925	 27.1s
Ep 570	 reward -20.354	 ms 284.9	 loss 0.240494	 26.5s
Ep 571	 reward -20.293	 ms 284.1	 loss 0.300723	 27.1s
Ep 572	 reward -20.346	 ms 284.9	 loss 0.254063	 26.6s
Ep 573	 reward -20.275	 ms 283.9	 loss 0.338991	 26.3s
Ep 574	 reward -20.354	 ms 284.9	 loss 0.176064	 24.6s
[vali @575] rel=0.8433 (best 0.8387)  LSW=285.1
Ep 575	 reward -20.436	 ms 286.1	 loss 0.319221	 48.6s
Ep 576	 reward -20.336	 ms 284.7	 loss 0.321277	 27.8s
Ep 577	 reward -20.289	 ms 284.1	 loss 0.323502	 26.4s
Ep 578	 reward -20.229	 ms 283.2	 loss 0.189285	 26.5s
Ep 579	 reward -20.350	 ms 284.9	 loss 0.355181	 26.6s
Ep 580	 reward -20.446	 ms 286.2	 loss 0.350128	 27.3s
Ep 581	 reward -20.632	 ms 288.9	 loss 0.331093	 27.0s
Ep 582	 reward -20.732	 ms 290.2	 loss 0.272036	 27.0s
Ep 583	 reward -20.664	 ms 289.3	 loss 0.219661	 25.5s
Ep 584	 reward -20.636	 ms 288.9	 loss 0.148870	 26.9s
Ep 585	 reward -20.671	 ms 289.4	 loss 0.205187	 24.4s
Ep 586	 reward -20.857	 ms 292.0	 loss 0.186006	 24.2s
Ep 587	 reward -20.771	 ms 290.8	 loss 0.173290	 26.0s
Ep 588	 reward -20.664	 ms 289.3	 loss 0.257197	 26.8s
Ep 589	 reward -20.782	 ms 290.9	 loss 0.139768	 25.1s
Ep 590	 reward -20.832	 ms 291.6	 loss 0.039962	 25.2s
Ep 591	 reward -20.846	 ms 291.9	 loss 0.073114	 27.1s
Ep 592	 reward -21.000	 ms 294.0	 loss 0.064152	 26.9s
Ep 593	 reward -20.693	 ms 289.7	 loss 0.177288	 27.5s
Ep 594	 reward -20.768	 ms 290.8	 loss 0.115965	 26.7s
Ep 595	 reward -20.750	 ms 290.5	 loss 0.113893	 28.0s
Ep 596	 reward -20.993	 ms 293.9	 loss 0.159017	 25.0s
Ep 597	 reward -20.793	 ms 291.1	 loss 0.144786	 25.6s
Ep 598	 reward -20.854	 ms 291.9	 loss 0.008304	 25.8s
Ep 599	 reward -20.775	 ms 290.9	 loss 0.081442	 28.0s
[vali @600] rel=0.8412 (best 0.8387)  LSW=284.4
Ep 600	 reward -20.700	 ms 289.8	 loss 0.093124	 51.0s
Ep 601	 reward -20.636	 ms 288.9	 loss 0.314891	 27.4s
Ep 602	 reward -20.618	 ms 288.6	 loss 0.243770	 27.5s
Ep 603	 reward -20.632	 ms 288.9	 loss 0.230319	 26.7s
Ep 604	 reward -20.750	 ms 290.5	 loss 0.254802	 26.5s
Ep 605	 reward -20.625	 ms 288.8	 loss 0.144030	 26.8s
Ep 606	 reward -20.657	 ms 289.2	 loss 0.259851	 25.8s
Ep 607	 reward -20.782	 ms 290.9	 loss 0.341303	 24.7s
Ep 608	 reward -20.700	 ms 289.8	 loss 0.144732	 23.6s
Ep 609	 reward -20.518	 ms 287.2	 loss 0.189126	 26.5s
Ep 610	 reward -20.686	 ms 289.6	 loss 0.327477	 27.4s
Ep 611	 reward -20.589	 ms 288.2	 loss 0.407081	 27.7s
Ep 612	 reward -20.829	 ms 291.6	 loss 0.273605	 26.0s
Ep 613	 reward -20.618	 ms 288.6	 loss 0.077760	 26.6s
Ep 614	 reward -20.643	 ms 289.0	 loss 0.335633	 26.8s
Ep 615	 reward -20.686	 ms 289.6	 loss 0.247377	 26.8s
Ep 616	 reward -20.768	 ms 290.8	 loss 0.136038	 26.9s
Ep 617	 reward -20.639	 ms 288.9	 loss 0.142537	 27.5s
Ep 618	 reward -20.582	 ms 288.1	 loss 0.299356	 26.6s
Ep 619	 reward -20.679	 ms 289.5	 loss 0.236495	 26.1s
Ep 620	 reward -20.896	 ms 292.6	 loss 0.264727	 27.3s
Ep 621	 reward -20.950	 ms 293.3	 loss 0.387499	 26.7s
Ep 622	 reward -20.800	 ms 291.2	 loss 0.404124	 28.5s
Ep 623	 reward -20.979	 ms 293.7	 loss 0.457696	 28.0s
Ep 624	 reward -20.904	 ms 292.6	 loss 0.437281	 28.7s
[vali @625] rel=0.8481 (best 0.8387)  LSW=286.8
Ep 625	 reward -20.850	 ms 291.9	 loss 0.361137	 54.2s
Ep 626	 reward -20.921	 ms 292.9	 loss 0.281860	 26.5s
Ep 627	 reward -20.875	 ms 292.2	 loss 0.290668	 27.0s
Ep 628	 reward -20.804	 ms 291.2	 loss 0.428033	 24.3s
Ep 629	 reward -20.986	 ms 293.8	 loss 0.422765	 26.7s
Ep 630	 reward -20.786	 ms 291.0	 loss 0.407213	 27.0s
Ep 631	 reward -20.832	 ms 291.6	 loss 0.283246	 28.1s
Ep 632	 reward -20.950	 ms 293.3	 loss 0.443818	 27.8s
Ep 633	 reward -20.996	 ms 293.9	 loss 0.303447	 26.1s
Ep 634	 reward -20.789	 ms 291.1	 loss 0.400271	 26.8s
Ep 635	 reward -20.879	 ms 292.3	 loss 0.445654	 28.5s
Ep 636	 reward -21.004	 ms 294.1	 loss 0.497112	 27.7s
Ep 637	 reward -20.864	 ms 292.1	 loss 0.367875	 26.2s
Ep 638	 reward -20.843	 ms 291.8	 loss 0.405146	 27.1s
Ep 639	 reward -20.804	 ms 291.2	 loss 0.168095	 25.8s
Ep 640	 reward -21.039	 ms 294.6	 loss 0.328313	 26.2s
Ep 641	 reward -20.993	 ms 293.9	 loss 0.234517	 26.7s
Ep 642	 reward -21.071	 ms 295.0	 loss 0.217831	 26.4s
Ep 643	 reward -20.961	 ms 293.4	 loss 0.212885	 26.1s
Ep 644	 reward -21.171	 ms 296.4	 loss 0.188903	 26.3s
Ep 645	 reward -21.104	 ms 295.4	 loss 0.239808	 26.8s
Ep 646	 reward -21.221	 ms 297.1	 loss 0.306881	 26.6s
Ep 647	 reward -20.968	 ms 293.6	 loss 0.195433	 27.7s
Ep 648	 reward -20.904	 ms 292.6	 loss 0.202669	 27.0s
Ep 649	 reward -21.121	 ms 295.7	 loss 0.286085	 28.1s
[vali @650] rel=0.8462 (best 0.8387)  LSW=286.1
Ep 650	 reward -21.171	 ms 296.4	 loss 0.215053	 52.1s
Ep 651	 reward -20.989	 ms 293.9	 loss 0.173276	 25.9s
Ep 652	 reward -21.050	 ms 294.7	 loss 0.280343	 26.6s
Ep 653	 reward -21.093	 ms 295.3	 loss 0.211124	 27.3s
Ep 654	 reward -21.146	 ms 296.1	 loss 0.153695	 27.4s
Ep 655	 reward -21.046	 ms 294.6	 loss 0.186926	 28.1s
Ep 656	 reward -21.000	 ms 294.0	 loss 0.229771	 26.9s
Ep 657	 reward -20.989	 ms 293.9	 loss 0.269653	 27.2s
Ep 658	 reward -21.025	 ms 294.4	 loss 0.219241	 26.8s
Ep 659	 reward -21.043	 ms 294.6	 loss 0.118125	 26.4s
Ep 660	 reward -21.025	 ms 294.4	 loss 0.155294	 26.7s
Ep 661	 reward -21.182	 ms 296.6	 loss 0.217401	 25.2s
Ep 662	 reward -21.050	 ms 294.7	 loss 0.212197	 24.8s
Ep 663	 reward -21.186	 ms 296.6	 loss 0.265118	 25.4s
Ep 664	 reward -21.114	 ms 295.6	 loss 0.207349	 26.9s
Ep 665	 reward -21.175	 ms 296.4	 loss 0.328451	 26.9s
Ep 666	 reward -20.796	 ms 291.1	 loss 0.128038	 27.2s
Ep 667	 reward -21.118	 ms 295.6	 loss 0.058547	 27.2s
Ep 668	 reward -20.943	 ms 293.2	 loss 0.267723	 25.4s
Ep 669	 reward -21.268	 ms 297.8	 loss 0.233953	 27.1s
Ep 670	 reward -21.043	 ms 294.6	 loss 0.054395	 28.3s
Ep 671	 reward -21.150	 ms 296.1	 loss 0.214729	 26.0s
Ep 672	 reward -21.039	 ms 294.6	 loss 0.103391	 26.3s
Ep 673	 reward -21.125	 ms 295.8	 loss 0.174726	 24.2s
Ep 674	 reward -21.046	 ms 294.6	 loss 0.204580	 24.8s
[vali @675] rel=0.8443 (best 0.8387)  LSW=285.5
Ep 675	 reward -20.946	 ms 293.2	 loss 0.079573	 52.4s
Ep 676	 reward -21.368	 ms 299.1	 loss 0.182829	 26.0s
Ep 677	 reward -21.257	 ms 297.6	 loss 0.150313	 26.3s
Ep 678	 reward -21.089	 ms 295.2	 loss 0.230298	 26.7s
Ep 679	 reward -21.064	 ms 294.9	 loss 0.179787	 26.3s
Ep 680	 reward -21.039	 ms 294.6	 loss 0.183109	 26.7s
Ep 681	 reward -20.821	 ms 291.5	 loss 0.228394	 26.2s
Ep 682	 reward -20.618	 ms 288.6	 loss 0.247844	 25.3s
Ep 683	 reward -20.614	 ms 288.6	 loss 0.208205	 24.8s
Ep 684	 reward -20.618	 ms 288.6	 loss 0.134550	 24.9s
Ep 685	 reward -20.707	 ms 289.9	 loss 0.167759	 25.9s
Ep 686	 reward -20.707	 ms 289.9	 loss 0.174911	 28.4s
Ep 687	 reward -20.846	 ms 291.9	 loss 0.258125	 27.8s
Ep 688	 reward -20.625	 ms 288.8	 loss 0.119607	 27.7s
Ep 689	 reward -20.711	 ms 289.9	 loss 0.165567	 27.2s
Ep 690	 reward -20.757	 ms 290.6	 loss 0.190841	 27.4s
Ep 691	 reward -20.725	 ms 290.1	 loss 0.201184	 27.2s
Ep 692	 reward -20.886	 ms 292.4	 loss 0.234025	 27.4s
Ep 693	 reward -20.764	 ms 290.7	 loss 0.185388	 26.1s
Ep 694	 reward -20.771	 ms 290.8	 loss 0.212696	 26.8s
Ep 695	 reward -20.693	 ms 289.7	 loss 0.186744	 24.3s
Ep 696	 reward -20.654	 ms 289.1	 loss 0.198419	 26.3s
Ep 697	 reward -20.686	 ms 289.6	 loss 0.141492	 27.5s
Ep 698	 reward -20.796	 ms 291.1	 loss 0.281131	 26.9s
Ep 699	 reward -20.639	 ms 288.9	 loss 0.198049	 25.9s
[vali @700] rel=0.8450 (best 0.8387)  LSW=285.8
Ep 700	 reward -20.504	 ms 287.1	 loss 0.133348	 52.0s
Ep 701	 reward -20.650	 ms 289.1	 loss 0.087363	 28.5s
Ep 702	 reward -20.518	 ms 287.2	 loss 0.223745	 26.5s
Ep 703	 reward -20.596	 ms 288.4	 loss 0.091741	 27.7s
Ep 704	 reward -20.593	 ms 288.3	 loss 0.251103	 27.3s
Ep 705	 reward -20.671	 ms 289.4	 loss 0.083068	 25.2s
Ep 706	 reward -20.571	 ms 288.0	 loss 0.171249	 24.9s
Ep 707	 reward -20.614	 ms 288.6	 loss 0.233616	 27.5s
Ep 708	 reward -20.682	 ms 289.6	 loss 0.040479	 27.7s
Ep 709	 reward -20.511	 ms 287.1	 loss 0.100260	 27.2s
Ep 710	 reward -20.643	 ms 289.0	 loss 0.097699	 28.4s
Ep 711	 reward -20.468	 ms 286.6	 loss 0.111015	 27.4s
Ep 712	 reward -20.593	 ms 288.3	 loss 0.094425	 26.7s
Ep 713	 reward -20.582	 ms 288.1	 loss 0.034974	 27.4s
Ep 714	 reward -20.486	 ms 286.8	 loss 0.051662	 25.7s
Ep 715	 reward -20.554	 ms 287.8	 loss 0.044828	 26.6s
Ep 716	 reward -20.464	 ms 286.5	 loss 0.153245	 23.5s
Ep 717	 reward -20.568	 ms 287.9	 loss 0.066729	 25.1s
Ep 718	 reward -20.586	 ms 288.2	 loss 0.096096	 26.4s
Ep 719	 reward -20.546	 ms 287.6	 loss 0.041189	 25.8s
Ep 720	 reward -20.693	 ms 289.7	 loss 0.079000	 27.5s
Ep 721	 reward -20.775	 ms 290.9	 loss 0.264277	 26.7s
Ep 722	 reward -20.746	 ms 290.4	 loss 0.190236	 27.9s
Ep 723	 reward -20.796	 ms 291.1	 loss 0.187275	 27.2s
Ep 724	 reward -20.586	 ms 288.2	 loss 0.181020	 26.3s
[vali @725] rel=0.8437 (best 0.8387)  LSW=285.3
Ep 725	 reward -20.961	 ms 293.4	 loss 0.147246	 50.0s
Ep 726	 reward -20.714	 ms 290.0	 loss 0.164326	 25.9s
Ep 727	 reward -20.661	 ms 289.2	 loss 0.203986	 25.1s
Ep 728	 reward -20.675	 ms 289.4	 loss 0.125446	 25.2s
Ep 729	 reward -20.729	 ms 290.2	 loss 0.231996	 27.1s
Ep 730	 reward -20.807	 ms 291.3	 loss 0.164334	 27.1s
Ep 731	 reward -20.793	 ms 291.1	 loss 0.121051	 27.1s
Ep 732	 reward -20.814	 ms 291.4	 loss 0.199897	 26.0s
Ep 733	 reward -20.761	 ms 290.6	 loss 0.324547	 27.9s
Ep 734	 reward -20.807	 ms 291.3	 loss 0.266428	 25.8s
Ep 735	 reward -20.850	 ms 291.9	 loss 0.330823	 28.7s
Ep 736	 reward -20.800	 ms 291.2	 loss 0.192623	 26.8s
Ep 737	 reward -20.718	 ms 290.1	 loss 0.182126	 27.1s
Ep 738	 reward -20.829	 ms 291.6	 loss 0.371951	 26.3s
Ep 739	 reward -20.775	 ms 290.9	 loss 0.132290	 24.2s
Ep 740	 reward -20.686	 ms 289.6	 loss 0.083508	 28.5s
Ep 741	 reward -20.200	 ms 282.8	 loss 0.291136	 28.2s
Ep 742	 reward -20.196	 ms 282.8	 loss 0.305984	 27.1s
Ep 743	 reward -20.293	 ms 284.1	 loss 0.290994	 26.8s
Ep 744	 reward -20.357	 ms 285.0	 loss 0.194654	 26.6s
Ep 745	 reward -20.139	 ms 281.9	 loss 0.175685	 27.7s
Ep 746	 reward -20.321	 ms 284.5	 loss 0.223588	 27.8s
Ep 747	 reward -20.129	 ms 281.8	 loss 0.179017	 26.5s
Ep 748	 reward -20.304	 ms 284.2	 loss 0.118815	 28.4s
Ep 749	 reward -20.264	 ms 283.7	 loss 0.208198	 24.9s
[vali @750] rel=0.8473 (best 0.8387)  LSW=286.5
Ep 750	 reward -20.161	 ms 282.2	 loss 0.293427	 47.2s
Ep 751	 reward -20.182	 ms 282.6	 loss 0.200513	 26.7s
Ep 752	 reward -20.236	 ms 283.3	 loss 0.107432	 25.8s
Ep 753	 reward -20.111	 ms 281.6	 loss 0.232405	 26.6s
Ep 754	 reward -20.321	 ms 284.5	 loss 0.230851	 27.7s
Ep 755	 reward -20.261	 ms 283.6	 loss 0.182222	 27.3s
Ep 756	 reward -20.193	 ms 282.7	 loss 0.218649	 27.0s
Ep 757	 reward -20.214	 ms 283.0	 loss 0.165800	 28.0s
Ep 758	 reward -20.139	 ms 281.9	 loss 0.267669	 26.7s
Ep 759	 reward -20.186	 ms 282.6	 loss 0.153563	 27.7s
Ep 760	 reward -20.175	 ms 282.4	 loss 0.117073	 24.5s
Ep 761	 reward -20.529	 ms 287.4	 loss 0.200857	 25.0s
Ep 762	 reward -20.718	 ms 290.1	 loss 0.306461	 26.1s
Ep 763	 reward -20.557	 ms 287.8	 loss 0.272431	 27.4s
Ep 764	 reward -20.532	 ms 287.4	 loss 0.182946	 27.0s
Ep 765	 reward -20.686	 ms 289.6	 loss 0.260101	 27.1s
Ep 766	 reward -20.421	 ms 285.9	 loss 0.154518	 26.2s
Ep 767	 reward -20.589	 ms 288.2	 loss 0.232820	 28.1s
Ep 768	 reward -20.525	 ms 287.4	 loss 0.201847	 27.2s
Ep 769	 reward -20.629	 ms 288.8	 loss 0.270840	 28.1s
Ep 770	 reward -20.518	 ms 287.2	 loss 0.166739	 27.5s
Ep 771	 reward -20.543	 ms 287.6	 loss 0.140385	 26.8s
Ep 772	 reward -20.611	 ms 288.6	 loss 0.113438	 25.2s
Ep 773	 reward -20.504	 ms 287.1	 loss 0.238561	 25.7s
Ep 774	 reward -20.707	 ms 289.9	 loss 0.351364	 26.3s
[vali @775] rel=0.8464 (best 0.8387)  LSW=286.2
Ep 775	 reward -20.629	 ms 288.8	 loss 0.216364	 51.8s
Ep 776	 reward -20.618	 ms 288.6	 loss 0.286479	 26.2s
Ep 777	 reward -20.611	 ms 288.6	 loss 0.119726	 26.7s
Ep 778	 reward -20.550	 ms 287.7	 loss 0.162088	 26.5s
Ep 779	 reward -20.611	 ms 288.6	 loss 0.172150	 27.4s
Ep 780	 reward -20.582	 ms 288.1	 loss 0.265031	 26.8s
Ep 781	 reward -20.532	 ms 287.4	 loss 0.119665	 25.9s
Ep 782	 reward -20.586	 ms 288.2	 loss 0.305235	 25.9s
Ep 783	 reward -20.593	 ms 288.3	 loss 0.120768	 24.8s
Ep 784	 reward -20.571	 ms 288.0	 loss 0.121622	 25.7s
Ep 785	 reward -20.725	 ms 290.1	 loss 0.177863	 25.7s
Ep 786	 reward -20.611	 ms 288.6	 loss 0.103359	 27.1s
Ep 787	 reward -20.486	 ms 286.8	 loss 0.115967	 26.4s
Ep 788	 reward -20.614	 ms 288.6	 loss 0.091803	 26.9s
Ep 789	 reward -20.539	 ms 287.6	 loss 0.115440	 28.1s
Ep 790	 reward -20.571	 ms 288.0	 loss 0.044994	 26.3s
Ep 791	 reward -20.654	 ms 289.1	 loss 0.179763	 27.0s
Ep 792	 reward -20.550	 ms 287.7	 loss 0.146371	 25.8s
Ep 793	 reward -20.725	 ms 290.1	 loss 0.100518	 23.0s
Ep 794	 reward -20.732	 ms 290.2	 loss 0.094726	 25.4s
Ep 795	 reward -20.650	 ms 289.1	 loss 0.061736	 29.4s
Ep 796	 reward -20.557	 ms 287.8	 loss 0.073042	 28.9s
Ep 797	 reward -20.718	 ms 290.1	 loss 0.144874	 28.4s
Ep 798	 reward -20.571	 ms 288.0	 loss 0.199481	 26.3s
Ep 799	 reward -20.743	 ms 290.4	 loss 0.055479	 27.0s
[vali @800] rel=0.8464 (best 0.8387)  LSW=286.2
Ep 800	 reward -20.514	 ms 287.2	 loss 0.091811	 50.3s
Ep 801	 reward -21.104	 ms 295.4	 loss 0.191611	 27.2s
Ep 802	 reward -20.761	 ms 290.6	 loss 0.082494	 26.0s
Ep 803	 reward -21.071	 ms 295.0	 loss 0.097304	 25.0s
Ep 804	 reward -20.979	 ms 293.7	 loss 0.188594	 23.2s
Ep 805	 reward -20.921	 ms 292.9	 loss 0.165370	 26.9s
Ep 806	 reward -20.964	 ms 293.5	 loss 0.238501	 27.3s
Ep 807	 reward -20.979	 ms 293.7	 loss 0.110687	 28.7s
Ep 808	 reward -21.093	 ms 295.3	 loss 0.156415	 26.3s
Ep 809	 reward -20.993	 ms 293.9	 loss 0.125928	 28.4s
Ep 810	 reward -21.029	 ms 294.4	 loss 0.235402	 25.9s
Ep 811	 reward -21.132	 ms 295.9	 loss 0.046474	 24.2s
Ep 812	 reward -21.225	 ms 297.1	 loss 0.105758	 26.9s
Ep 813	 reward -21.179	 ms 296.5	 loss 0.261264	 26.0s
Ep 814	 reward -21.043	 ms 294.6	 loss 0.086811	 26.7s
Ep 815	 reward -21.079	 ms 295.1	 loss 0.159819	 26.6s
Ep 816	 reward -21.039	 ms 294.6	 loss 0.091957	 26.5s
Ep 817	 reward -21.039	 ms 294.6	 loss 0.097952	 26.0s
Ep 818	 reward -20.964	 ms 293.5	 loss 0.215222	 25.8s
Ep 819	 reward -20.957	 ms 293.4	 loss 0.102214	 27.3s
Ep 820	 reward -20.979	 ms 293.7	 loss 0.116750	 26.4s
Ep 821	 reward -20.800	 ms 291.2	 loss 0.167089	 26.9s
Ep 822	 reward -20.671	 ms 289.4	 loss 0.179643	 26.5s
Ep 823	 reward -20.454	 ms 286.4	 loss 0.135306	 27.0s
Ep 824	 reward -20.764	 ms 290.7	 loss 0.311409	 27.1s
[vali @825] rel=0.8501 (best 0.8387)  LSW=287.4
Ep 825	 reward -20.718	 ms 290.1	 loss 0.231649	 50.6s
Ep 826	 reward -20.500	 ms 287.0	 loss 0.140427	 27.2s
Ep 827	 reward -20.757	 ms 290.6	 loss 0.150374	 26.6s
Ep 828	 reward -20.529	 ms 287.4	 loss 0.200986	 26.6s
Ep 829	 reward -20.536	 ms 287.5	 loss 0.192440	 27.4s
Ep 830	 reward -20.596	 ms 288.4	 loss 0.159859	 26.3s
Ep 831	 reward -20.686	 ms 289.6	 loss 0.059482	 26.1s
Ep 832	 reward -20.718	 ms 290.1	 loss 0.086486	 26.7s
Ep 833	 reward -20.661	 ms 289.2	 loss 0.265173	 26.5s
Ep 834	 reward -20.600	 ms 288.4	 loss 0.145025	 26.4s
Ep 835	 reward -20.582	 ms 288.1	 loss 0.073790	 27.2s
Ep 836	 reward -20.604	 ms 288.4	 loss 0.115512	 27.4s
Ep 837	 reward -20.775	 ms 290.9	 loss 0.084934	 26.5s
Ep 838	 reward -20.729	 ms 290.2	 loss 0.110820	 25.7s
Ep 839	 reward -20.643	 ms 289.0	 loss 0.065510	 25.9s
Ep 840	 reward -20.607	 ms 288.5	 loss 0.213457	 26.5s
Ep 841	 reward -20.757	 ms 290.6	 loss 0.185285	 27.0s
Ep 842	 reward -20.964	 ms 293.5	 loss 0.111700	 28.0s
Ep 843	 reward -20.714	 ms 290.0	 loss 0.251513	 26.8s
Ep 844	 reward -20.671	 ms 289.4	 loss 0.090606	 27.8s
Ep 845	 reward -20.914	 ms 292.8	 loss 0.178680	 25.1s
Ep 846	 reward -20.964	 ms 293.5	 loss 0.260549	 26.6s
Ep 847	 reward -20.736	 ms 290.3	 loss 0.120687	 27.3s
Ep 848	 reward -20.832	 ms 291.6	 loss 0.097705	 27.3s
Ep 849	 reward -20.739	 ms 290.4	 loss 0.137307	 27.3s
[vali @850] rel=0.8467 (best 0.8387)  LSW=286.3
Ep 850	 reward -20.725	 ms 290.1	 loss 0.140536	 51.1s
Ep 851	 reward -20.771	 ms 290.8	 loss 0.086675	 28.5s
Ep 852	 reward -20.768	 ms 290.8	 loss 0.183723	 25.4s
Ep 853	 reward -20.714	 ms 290.0	 loss 0.241737	 27.0s
Ep 854	 reward -20.836	 ms 291.7	 loss 0.186290	 26.6s
Ep 855	 reward -20.671	 ms 289.4	 loss 0.101134	 26.3s
Ep 856	 reward -20.643	 ms 289.0	 loss 0.019732	 26.9s
Ep 857	 reward -20.882	 ms 292.4	 loss 0.100116	 27.0s
Ep 858	 reward -20.821	 ms 291.5	 loss 0.057235	 28.1s
Ep 859	 reward -20.671	 ms 289.4	 loss 0.117415	 27.3s
Ep 860	 reward -20.814	 ms 291.4	 loss 0.000620	 27.7s
Ep 861	 reward -20.571	 ms 288.0	 loss 0.270945	 26.4s
Ep 862	 reward -20.482	 ms 286.8	 loss 0.249920	 27.0s
Ep 863	 reward -20.482	 ms 286.8	 loss 0.246534	 25.1s
Ep 864	 reward -20.532	 ms 287.4	 loss 0.311082	 27.5s
Ep 865	 reward -20.571	 ms 288.0	 loss 0.255412	 26.5s
Ep 866	 reward -20.639	 ms 288.9	 loss 0.257637	 26.0s
Ep 867	 reward -20.632	 ms 288.9	 loss 0.210839	 26.2s
Ep 868	 reward -20.514	 ms 287.2	 loss 0.168452	 27.3s
Ep 869	 reward -20.514	 ms 287.2	 loss 0.168298	 26.5s
Ep 870	 reward -20.521	 ms 287.3	 loss 0.193372	 26.8s
Ep 871	 reward -20.493	 ms 286.9	 loss 0.209476	 26.5s
Ep 872	 reward -20.514	 ms 287.2	 loss 0.143308	 26.9s
Ep 873	 reward -20.561	 ms 287.9	 loss 0.218586	 26.2s
Ep 874	 reward -20.439	 ms 286.1	 loss 0.219124	 27.3s
[vali @875] rel=0.8446 (best 0.8387)  LSW=285.6
Ep 875	 reward -20.554	 ms 287.8	 loss 0.124555	 50.5s
Ep 876	 reward -20.414	 ms 285.8	 loss 0.236597	 27.5s
Ep 877	 reward -20.464	 ms 286.5	 loss 0.153109	 26.5s
Ep 878	 reward -20.371	 ms 285.2	 loss 0.148445	 27.1s
Ep 879	 reward -20.454	 ms 286.4	 loss 0.121406	 26.4s
Ep 880	 reward -20.550	 ms 287.7	 loss 0.204909	 27.0s
Ep 881	 reward -20.796	 ms 291.1	 loss 0.201064	 26.9s
Ep 882	 reward -20.804	 ms 291.2	 loss 0.179709	 25.8s
Ep 883	 reward -20.779	 ms 290.9	 loss 0.199197	 25.9s
Ep 884	 reward -20.821	 ms 291.5	 loss 0.189106	 27.3s
Ep 885	 reward -20.664	 ms 289.3	 loss 0.111303	 27.8s
Ep 886	 reward -20.796	 ms 291.1	 loss 0.107095	 27.2s
Ep 887	 reward -20.646	 ms 289.1	 loss 0.100154	 27.0s
Ep 888	 reward -20.761	 ms 290.6	 loss 0.112611	 27.9s
Ep 889	 reward -20.925	 ms 292.9	 loss 0.173587	 26.3s
Ep 890	 reward -20.671	 ms 289.4	 loss 0.127902	 26.5s
Ep 891	 reward -20.861	 ms 292.1	 loss 0.168055	 27.3s
Ep 892	 reward -20.839	 ms 291.8	 loss 0.167816	 27.6s
Ep 893	 reward -20.804	 ms 291.2	 loss 0.089282	 27.4s
Ep 894	 reward -20.843	 ms 291.8	 loss 0.131506	 28.6s
Ep 895	 reward -20.668	 ms 289.4	 loss 0.083807	 28.0s
Ep 896	 reward -20.850	 ms 291.9	 loss 0.138806	 26.8s
Ep 897	 reward -20.789	 ms 291.1	 loss 0.126443	 25.7s
Ep 898	 reward -20.750	 ms 290.5	 loss 0.168037	 27.9s
Ep 899	 reward -20.732	 ms 290.2	 loss 0.129591	 25.9s
[vali @900] rel=0.8462 (best 0.8387)  LSW=286.1
Ep 900	 reward -20.793	 ms 291.1	 loss 0.103805	 50.1s
Ep 901	 reward -20.736	 ms 290.3	 loss 0.266233	 26.2s
Ep 902	 reward -20.718	 ms 290.1	 loss 0.147647	 27.5s
Ep 903	 reward -20.821	 ms 291.5	 loss 0.134626	 27.4s
Ep 904	 reward -20.718	 ms 290.1	 loss 0.070877	 27.0s
Ep 905	 reward -20.861	 ms 292.1	 loss 0.140498	 26.1s
Ep 906	 reward -20.875	 ms 292.2	 loss 0.200962	 26.8s
Ep 907	 reward -20.825	 ms 291.6	 loss 0.088270	 25.7s
Ep 908	 reward -20.761	 ms 290.6	 loss 0.140649	 27.6s
Ep 909	 reward -20.782	 ms 290.9	 loss 0.070066	 27.6s
Ep 910	 reward -20.879	 ms 292.3	 loss 0.105043	 26.2s
Ep 911	 reward -20.714	 ms 290.0	 loss 0.060143	 27.8s
Ep 912	 reward -20.836	 ms 291.7	 loss 0.035978	 26.9s
Ep 913	 reward -20.668	 ms 289.4	 loss 0.047279	 27.1s
Ep 914	 reward -20.779	 ms 290.9	 loss 0.172899	 26.8s
Ep 915	 reward -20.743	 ms 290.4	 loss 0.206447	 28.3s
Ep 916	 reward -20.800	 ms 291.2	 loss 0.129307	 27.7s
Ep 917	 reward -20.761	 ms 290.6	 loss 0.148513	 26.9s
Ep 918	 reward -20.839	 ms 291.8	 loss 0.279515	 28.6s
Ep 919	 reward -20.743	 ms 290.4	 loss 0.057655	 27.8s
Ep 920	 reward -20.657	 ms 289.2	 loss 0.023657	 27.7s
Ep 921	 reward -20.450	 ms 286.3	 loss 0.046673	 27.8s
Ep 922	 reward -20.475	 ms 286.6	 loss 0.054658	 26.9s
Ep 923	 reward -20.539	 ms 287.6	 loss 0.047667	 27.0s
Ep 924	 reward -20.479	 ms 286.7	 loss 0.050420	 27.1s
[vali @925] rel=0.8505 (best 0.8387)  LSW=287.6
Ep 925	 reward -20.671	 ms 289.4	 loss 0.065168	 51.9s
Ep 926	 reward -20.471	 ms 286.6	 loss 0.029630	 27.3s
Ep 927	 reward -20.521	 ms 287.3	 loss 0.054194	 26.2s
Ep 928	 reward -20.636	 ms 288.9	 loss 0.059449	 27.7s
Ep 929	 reward -20.550	 ms 287.7	 loss 0.007120	 25.6s
Ep 930	 reward -20.504	 ms 287.1	 loss 0.144844	 26.7s
Ep 931	 reward -20.521	 ms 287.3	 loss -0.002068	 27.5s
Ep 932	 reward -20.525	 ms 287.4	 loss 0.142801	 25.6s
Ep 933	 reward -20.500	 ms 287.0	 loss 0.111015	 27.0s
Ep 934	 reward -20.554	 ms 287.8	 loss -0.018236	 25.6s
Ep 935	 reward -20.668	 ms 289.4	 loss 0.005849	 27.3s
Ep 936	 reward -20.564	 ms 287.9	 loss 0.036908	 26.9s
Ep 937	 reward -20.561	 ms 287.9	 loss 0.071201	 27.4s
Ep 938	 reward -20.607	 ms 288.5	 loss 0.027948	 28.0s
Ep 939	 reward -20.479	 ms 286.7	 loss 0.101184	 28.0s
Ep 940	 reward -20.496	 ms 286.9	 loss 0.186283	 26.0s
Ep 941	 reward -20.571	 ms 288.0	 loss 0.125617	 27.0s
Ep 942	 reward -20.704	 ms 289.9	 loss 0.238714	 26.9s
Ep 943	 reward -20.696	 ms 289.8	 loss 0.097139	 27.5s
Ep 944	 reward -20.618	 ms 288.6	 loss 0.303763	 27.8s
Ep 945	 reward -20.579	 ms 288.1	 loss 0.158921	 26.5s
Ep 946	 reward -20.643	 ms 289.0	 loss 0.242028	 26.9s
Ep 947	 reward -20.550	 ms 287.7	 loss 0.290008	 27.4s
Ep 948	 reward -20.664	 ms 289.3	 loss 0.206972	 26.0s
Ep 949	 reward -20.539	 ms 287.6	 loss 0.066216	 26.4s
[vali @950] rel=0.8483 (best 0.8387)  LSW=286.9
Ep 950	 reward -20.529	 ms 287.4	 loss 0.240931	 51.6s
Ep 951	 reward -20.571	 ms 288.0	 loss 0.258504	 27.2s
Ep 952	 reward -20.596	 ms 288.4	 loss 0.156654	 25.9s
Ep 953	 reward -20.557	 ms 287.8	 loss 0.144414	 26.0s
Ep 954	 reward -20.643	 ms 289.0	 loss 0.257118	 25.9s
Ep 955	 reward -20.621	 ms 288.7	 loss 0.000929	 25.8s
Ep 956	 reward -20.457	 ms 286.4	 loss 0.259903	 26.8s
Ep 957	 reward -20.532	 ms 287.4	 loss 0.236166	 26.6s
Ep 958	 reward -20.575	 ms 288.1	 loss 0.225464	 27.2s
Ep 959	 reward -20.761	 ms 290.6	 loss 0.281741	 27.5s
Ep 960	 reward -20.632	 ms 288.9	 loss 0.113010	 27.7s
Ep 961	 reward -20.643	 ms 289.0	 loss 0.194579	 27.5s
Ep 962	 reward -20.532	 ms 287.4	 loss 0.118832	 26.0s
Ep 963	 reward -20.521	 ms 287.3	 loss 0.177086	 27.5s
Ep 964	 reward -20.671	 ms 289.4	 loss 0.119867	 27.7s
Ep 965	 reward -20.475	 ms 286.6	 loss 0.081956	 27.0s
Ep 966	 reward -20.636	 ms 288.9	 loss 0.067720	 28.9s
Ep 967	 reward -20.546	 ms 287.6	 loss 0.131373	 26.7s
Ep 968	 reward -20.554	 ms 287.8	 loss 0.183216	 27.7s
Ep 969	 reward -20.604	 ms 288.4	 loss 0.096343	 26.1s
Ep 970	 reward -20.539	 ms 287.6	 loss 0.105442	 27.2s
Ep 971	 reward -20.657	 ms 289.2	 loss 0.153915	 27.7s
Ep 972	 reward -20.579	 ms 288.1	 loss 0.084646	 28.2s
Ep 973	 reward -20.625	 ms 288.8	 loss 0.093065	 26.9s
Ep 974	 reward -20.514	 ms 287.2	 loss 0.164992	 27.8s
[vali @975] rel=0.8520 (best 0.8387)  LSW=288.1
Ep 975	 reward -20.671	 ms 289.4	 loss 0.131931	 52.4s
Ep 976	 reward -20.479	 ms 286.7	 loss 0.032743	 28.0s
Ep 977	 reward -20.568	 ms 287.9	 loss 0.136045	 27.0s
Ep 978	 reward -20.689	 ms 289.6	 loss 0.077302	 27.5s
Ep 979	 reward -20.675	 ms 289.4	 loss 0.132180	 26.8s
Ep 980	 reward -20.529	 ms 287.4	 loss 0.194935	 28.0s
Ep 981	 reward -20.461	 ms 286.4	 loss 0.313764	 28.2s
Ep 982	 reward -20.629	 ms 288.8	 loss 0.375538	 27.7s
Ep 983	 reward -20.579	 ms 288.1	 loss 0.292622	 25.8s
Ep 984	 reward -20.618	 ms 288.6	 loss 0.210292	 26.7s
Ep 985	 reward -20.546	 ms 287.6	 loss 0.195772	 26.3s
Ep 986	 reward -20.493	 ms 286.9	 loss 0.351476	 26.2s
Ep 987	 reward -20.582	 ms 288.1	 loss 0.336223	 27.5s
Ep 988	 reward -20.671	 ms 289.4	 loss 0.229950	 27.5s
Ep 989	 reward -20.668	 ms 289.4	 loss 0.131659	 26.0s
Ep 990	 reward -20.625	 ms 288.8	 loss 0.165155	 25.0s
Ep 991	 reward -20.514	 ms 287.2	 loss 0.203470	 26.0s
Ep 992	 reward -20.550	 ms 287.7	 loss 0.289727	 27.7s
Ep 993	 reward -20.532	 ms 287.4	 loss 0.151653	 27.0s
Ep 994	 reward -20.518	 ms 287.2	 loss 0.142331	 27.3s
Ep 995	 reward -20.593	 ms 288.3	 loss 0.286788	 25.7s
Ep 996	 reward -20.621	 ms 288.7	 loss 0.145344	 25.1s
Ep 997	 reward -20.725	 ms 290.1	 loss 0.112429	 26.4s
Ep 998	 reward -20.579	 ms 288.1	 loss 0.144051	 26.2s
Ep 999	 reward -20.568	 ms 287.9	 loss 0.136243	 24.3s
[vali @1000] rel=0.8510 (best 0.8387)  LSW=287.8
Ep 1000	 reward -20.539	 ms 287.6	 loss 0.105694	 52.7s
[train_family] done in 8.16 h; best rel=0.8387
