[train_family] forcing data_source=FAMILY
[train_family] shaping envelope: delta_mode=min (admissible, tight (the paper's))
[vali] MWKR norms: W=177.7
[model] params total=32786  film=0 (0.00%)
[train_family] model=10x25+family+spec-W-third regimes=['W'] updates=333
Ep 1	 reward -11.518	 ms 161.2	 loss 1.283623	 7.1s
Ep 2	 reward -11.539	 ms 161.6	 loss 0.961211	 6.8s
Ep 3	 reward -11.621	 ms 162.7	 loss 0.964994	 6.7s
Ep 4	 reward -11.786	 ms 165.0	 loss 1.148640	 6.7s
Ep 5	 reward -11.593	 ms 162.3	 loss 1.039981	 6.7s
Ep 6	 reward -11.536	 ms 161.5	 loss 1.098257	 6.6s
Ep 7	 reward -11.361	 ms 159.1	 loss 1.005055	 6.7s
Ep 8	 reward -11.479	 ms 160.7	 loss 0.878289	 6.8s
Ep 9	 reward -11.457	 ms 160.4	 loss 0.776466	 6.7s
Ep 10	 reward -11.539	 ms 161.6	 loss 0.677643	 6.8s
Ep 11	 reward -11.518	 ms 161.2	 loss 0.517545	 6.8s
Ep 12	 reward -11.761	 ms 164.7	 loss 0.506921	 6.7s
Ep 13	 reward -11.582	 ms 162.2	 loss 0.373147	 6.6s
Ep 14	 reward -11.675	 ms 163.4	 loss 0.323856	 6.8s
Ep 15	 reward -11.775	 ms 164.8	 loss 0.333483	 6.5s
Ep 16	 reward -11.825	 ms 165.6	 loss 0.322314	 6.6s
Ep 17	 reward -11.982	 ms 167.8	 loss 0.416101	 6.5s
Ep 18	 reward -11.846	 ms 165.8	 loss 0.266048	 6.7s
Ep 19	 reward -11.836	 ms 165.7	 loss 0.238235	 6.7s
Ep 20	 reward -11.775	 ms 164.8	 loss 0.326360	 6.8s
Ep 21	 reward -12.057	 ms 168.8	 loss 0.388132	 6.8s
Ep 22	 reward -11.843	 ms 165.8	 loss 0.372729	 6.8s
Ep 23	 reward -11.796	 ms 165.2	 loss 0.259982	 6.8s
Ep 24	 reward -11.857	 ms 166.0	 loss 0.344688	 6.6s
[vali @25] rel=0.9125 (best 0.9125)  W=162.1
Ep 25	 reward -11.739	 ms 164.3	 loss 0.310423	 11.4s
Ep 26	 reward -11.782	 ms 164.9	 loss 0.393426	 6.7s
Ep 27	 reward -11.607	 ms 162.5	 loss 0.164419	 6.6s
Ep 28	 reward -11.632	 ms 162.8	 loss 0.314218	 6.7s
Ep 29	 reward -11.682	 ms 163.6	 loss 0.400324	 6.7s
Ep 30	 reward -11.654	 ms 163.2	 loss 0.181401	 6.7s
Ep 31	 reward -11.736	 ms 164.3	 loss 0.275517	 6.7s
Ep 32	 reward -11.564	 ms 161.9	 loss 0.160536	 6.6s
Ep 33	 reward -11.536	 ms 161.5	 loss 0.267890	 6.7s
Ep 34	 reward -11.457	 ms 160.4	 loss 0.104836	 6.7s
Ep 35	 reward -11.450	 ms 160.3	 loss 0.333869	 6.6s
Ep 36	 reward -11.500	 ms 161.0	 loss 0.195314	 6.8s
Ep 37	 reward -11.486	 ms 160.8	 loss 0.151108	 6.7s
Ep 38	 reward -11.407	 ms 159.7	 loss 0.213556	 6.7s
Ep 39	 reward -11.393	 ms 159.5	 loss 0.234287	 6.7s
Ep 40	 reward -11.471	 ms 160.6	 loss 0.139958	 6.7s
Ep 41	 reward -11.768	 ms 164.8	 loss 0.359919	 6.8s
Ep 42	 reward -11.621	 ms 162.7	 loss 0.255584	 6.8s
Ep 43	 reward -11.596	 ms 162.3	 loss 0.257252	 6.7s
Ep 44	 reward -11.714	 ms 164.0	 loss 0.256064	 6.7s
Ep 45	 reward -11.643	 ms 163.0	 loss 0.267154	 6.6s
Ep 46	 reward -11.425	 ms 159.9	 loss 0.298267	 6.7s
Ep 47	 reward -11.736	 ms 164.3	 loss 0.514651	 6.8s
Ep 48	 reward -11.571	 ms 162.0	 loss 0.280051	 6.6s
Ep 49	 reward -11.600	 ms 162.4	 loss 0.333189	 6.8s
[vali @50] rel=0.8517 (best 0.8517)  W=151.3
Ep 50	 reward -11.461	 ms 160.4	 loss 0.151476	 11.5s
Ep 51	 reward -11.357	 ms 159.0	 loss 0.223515	 6.6s
Ep 52	 reward -11.421	 ms 159.9	 loss 0.233811	 6.8s
Ep 53	 reward -11.564	 ms 161.9	 loss 0.208743	 6.7s
Ep 54	 reward -11.443	 ms 160.2	 loss 0.329450	 6.7s
Ep 55	 reward -11.361	 ms 159.1	 loss 0.249843	 6.7s
Ep 56	 reward -11.489	 ms 160.8	 loss 0.332291	 6.8s
Ep 57	 reward -11.261	 ms 157.7	 loss 0.122636	 6.8s
Ep 58	 reward -11.271	 ms 157.8	 loss 0.184752	 6.6s
Ep 59	 reward -11.232	 ms 157.2	 loss 0.145289	 6.7s
Ep 60	 reward -11.289	 ms 158.1	 loss 0.251518	 6.7s
Ep 61	 reward -11.189	 ms 156.7	 loss 0.103922	 6.7s
Ep 62	 reward -11.225	 ms 157.2	 loss 0.138265	 6.8s
Ep 63	 reward -11.061	 ms 154.8	 loss 0.109849	 6.6s
Ep 64	 reward -11.146	 ms 156.1	 loss 0.222886	 6.8s
Ep 65	 reward -11.071	 ms 155.0	 loss 0.077031	 6.7s
Ep 66	 reward -11.096	 ms 155.3	 loss 0.043631	 6.7s
Ep 67	 reward -11.057	 ms 154.8	 loss -0.011502	 6.6s
Ep 68	 reward -11.104	 ms 155.4	 loss -0.004235	 6.8s
Ep 69	 reward -11.021	 ms 154.3	 loss 0.084169	 6.9s
Ep 70	 reward -10.886	 ms 152.4	 loss 0.084261	 6.7s
Ep 71	 reward -11.046	 ms 154.7	 loss 0.089311	 6.6s
Ep 72	 reward -11.079	 ms 155.1	 loss 0.079207	 6.6s
Ep 73	 reward -11.064	 ms 154.9	 loss 0.112913	 6.9s
Ep 74	 reward -11.121	 ms 155.7	 loss 0.072996	 6.8s
[vali @75] rel=0.8460 (best 0.8460)  W=150.3
Ep 75	 reward -10.954	 ms 153.3	 loss 0.034857	 11.4s
Ep 76	 reward -11.046	 ms 154.7	 loss 0.088522	 6.6s
Ep 77	 reward -11.054	 ms 154.8	 loss 0.122905	 6.6s
Ep 78	 reward -11.125	 ms 155.8	 loss 0.077706	 6.7s
Ep 79	 reward -11.032	 ms 154.4	 loss 0.057286	 6.6s
Ep 80	 reward -11.089	 ms 155.2	 loss 0.037479	 6.7s
Ep 81	 reward -11.096	 ms 155.3	 loss 0.059871	 6.8s
Ep 82	 reward -11.114	 ms 155.6	 loss 0.175477	 6.7s
Ep 83	 reward -11.129	 ms 155.8	 loss 0.150956	 6.7s
Ep 84	 reward -11.029	 ms 154.4	 loss 0.138648	 6.7s
Ep 85	 reward -11.071	 ms 155.0	 loss 0.233499	 6.7s
Ep 86	 reward -11.039	 ms 154.6	 loss 0.155553	 6.7s
Ep 87	 reward -11.061	 ms 154.8	 loss 0.159632	 6.7s
Ep 88	 reward -11.079	 ms 155.1	 loss 0.016893	 6.7s
Ep 89	 reward -11.157	 ms 156.2	 loss 0.034480	 6.8s
Ep 90	 reward -11.096	 ms 155.3	 loss 0.082065	 6.6s
Ep 91	 reward -11.121	 ms 155.7	 loss 0.149717	 6.6s
Ep 92	 reward -11.039	 ms 154.6	 loss 0.019229	 6.8s
Ep 93	 reward -11.075	 ms 155.1	 loss 0.163178	 6.7s
Ep 94	 reward -11.086	 ms 155.2	 loss 0.209156	 6.6s
Ep 95	 reward -11.143	 ms 156.0	 loss 0.194006	 6.6s
Ep 96	 reward -11.018	 ms 154.2	 loss 0.117063	 6.6s
Ep 97	 reward -11.104	 ms 155.4	 loss 0.101625	 6.8s
Ep 98	 reward -11.025	 ms 154.3	 loss 0.095903	 6.7s
Ep 99	 reward -10.921	 ms 152.9	 loss 0.152878	 6.7s
[vali @100] rel=0.8351 (best 0.8351)  W=148.3
Ep 100	 reward -11.114	 ms 155.6	 loss 0.165796	 11.7s
Ep 101	 reward -10.900	 ms 152.6	 loss 0.088802	 6.8s
Ep 102	 reward -10.879	 ms 152.3	 loss 0.021044	 6.6s
Ep 103	 reward -10.925	 ms 152.9	 loss 0.091486	 6.7s
Ep 104	 reward -10.875	 ms 152.2	 loss 0.077972	 6.9s
Ep 105	 reward -10.904	 ms 152.7	 loss 0.112797	 6.7s
Ep 106	 reward -10.839	 ms 151.8	 loss 0.171790	 6.7s
Ep 107	 reward -10.814	 ms 151.4	 loss 0.148856	 6.7s
Ep 108	 reward -10.807	 ms 151.3	 loss 0.098650	 6.7s
Ep 109	 reward -10.757	 ms 150.6	 loss 0.199257	 6.9s
Ep 110	 reward -10.900	 ms 152.6	 loss 0.231020	 6.6s
Ep 111	 reward -10.818	 ms 151.4	 loss 0.045019	 6.7s
Ep 112	 reward -10.889	 ms 152.4	 loss 0.159372	 6.7s
Ep 113	 reward -10.961	 ms 153.4	 loss 0.141374	 6.7s
Ep 114	 reward -10.850	 ms 151.9	 loss 0.162357	 6.9s
Ep 115	 reward -10.893	 ms 152.5	 loss 0.094159	 6.7s
Ep 116	 reward -10.825	 ms 151.6	 loss 0.147228	 6.9s
Ep 117	 reward -10.846	 ms 151.8	 loss 0.146740	 6.8s
Ep 118	 reward -10.832	 ms 151.7	 loss 0.112290	 6.7s
Ep 119	 reward -10.875	 ms 152.2	 loss 0.198341	 6.9s
Ep 120	 reward -10.771	 ms 150.8	 loss 0.093562	 6.7s
Ep 121	 reward -10.979	 ms 153.7	 loss 0.251162	 6.9s
Ep 122	 reward -10.936	 ms 153.1	 loss 0.162583	 6.8s
Ep 123	 reward -10.879	 ms 152.3	 loss 0.028349	 6.7s
Ep 124	 reward -10.904	 ms 152.7	 loss 0.298063	 6.7s
[vali @125] rel=0.8427 (best 0.8351)  W=149.7
Ep 125	 reward -11.014	 ms 154.2	 loss 0.127409	 11.5s
Ep 126	 reward -10.907	 ms 152.7	 loss 0.165938	 6.8s
Ep 127	 reward -10.971	 ms 153.6	 loss 0.152094	 6.7s
Ep 128	 reward -10.989	 ms 153.8	 loss 0.164805	 6.8s
Ep 129	 reward -10.843	 ms 151.8	 loss 0.115634	 6.7s
Ep 130	 reward -10.854	 ms 151.9	 loss 0.315785	 6.8s
Ep 131	 reward -11.004	 ms 154.1	 loss 0.294753	 6.8s
Ep 132	 reward -10.996	 ms 153.9	 loss 0.155489	 6.8s
Ep 133	 reward -10.918	 ms 152.8	 loss 0.203733	 6.8s
Ep 134	 reward -10.871	 ms 152.2	 loss 0.133315	 6.7s
Ep 135	 reward -11.018	 ms 154.2	 loss 0.228143	 6.9s
Ep 136	 reward -10.886	 ms 152.4	 loss 0.326675	 6.7s
Ep 137	 reward -10.814	 ms 151.4	 loss 0.065018	 6.7s
Ep 138	 reward -10.911	 ms 152.8	 loss 0.168686	 6.9s
Ep 139	 reward -10.814	 ms 151.4	 loss 0.046655	 6.7s
Ep 140	 reward -10.864	 ms 152.1	 loss 0.176173	 6.7s
Ep 141	 reward -10.825	 ms 151.6	 loss 0.006676	 6.8s
Ep 142	 reward -10.718	 ms 150.1	 loss 0.071499	 6.7s
Ep 143	 reward -10.825	 ms 151.6	 loss -0.011525	 6.7s
Ep 144	 reward -10.693	 ms 149.7	 loss -0.008425	 6.8s
Ep 145	 reward -10.679	 ms 149.5	 loss 0.003535	 6.7s
Ep 146	 reward -10.800	 ms 151.2	 loss 0.132087	 6.7s
Ep 147	 reward -10.757	 ms 150.6	 loss 0.009617	 7.1s
Ep 148	 reward -10.671	 ms 149.4	 loss 0.082817	 6.6s
Ep 149	 reward -10.707	 ms 149.9	 loss -0.009402	 6.7s
[vali @150] rel=0.8427 (best 0.8351)  W=149.7
Ep 150	 reward -10.793	 ms 151.1	 loss 0.070009	 11.6s
Ep 151	 reward -10.746	 ms 150.4	 loss 0.032406	 6.7s
Ep 152	 reward -10.846	 ms 151.8	 loss -0.029306	 6.8s
Ep 153	 reward -10.800	 ms 151.2	 loss 0.002544	 6.7s
Ep 154	 reward -10.721	 ms 150.1	 loss -0.066020	 6.7s
Ep 155	 reward -10.725	 ms 150.2	 loss -0.018430	 6.7s
Ep 156	 reward -10.721	 ms 150.1	 loss 0.065549	 6.6s
Ep 157	 reward -10.675	 ms 149.4	 loss -0.087637	 6.7s
Ep 158	 reward -10.739	 ms 150.3	 loss -0.038179	 6.6s
Ep 159	 reward -10.725	 ms 150.2	 loss 0.056317	 6.8s
Ep 160	 reward -10.800	 ms 151.2	 loss 0.061383	 6.7s
Ep 161	 reward -10.911	 ms 152.8	 loss 0.060266	 6.7s
Ep 162	 reward -10.868	 ms 152.2	 loss 0.021967	 6.6s
Ep 163	 reward -10.875	 ms 152.2	 loss 0.005190	 6.7s
Ep 164	 reward -10.786	 ms 151.0	 loss 0.178256	 6.7s
Ep 165	 reward -10.993	 ms 153.9	 loss 0.037360	 6.7s
Ep 166	 reward -10.829	 ms 151.6	 loss 0.026515	 6.7s
Ep 167	 reward -10.814	 ms 151.4	 loss -0.008925	 6.8s
Ep 168	 reward -10.968	 ms 153.6	 loss 0.098611	 6.8s
Ep 169	 reward -10.889	 ms 152.4	 loss 0.037576	 6.6s
Ep 170	 reward -10.829	 ms 151.6	 loss -0.005898	 6.9s
Ep 171	 reward -10.882	 ms 152.3	 loss 0.026365	 6.8s
Ep 172	 reward -10.929	 ms 153.0	 loss -0.026485	 6.8s
Ep 173	 reward -11.032	 ms 154.4	 loss -0.025437	 6.6s
Ep 174	 reward -10.882	 ms 152.3	 loss -0.039016	 6.8s
[vali @175] rel=0.8325 (best 0.8325)  W=147.9
Ep 175	 reward -10.900	 ms 152.6	 loss -0.035932	 11.5s
Ep 176	 reward -10.868	 ms 152.2	 loss -0.028937	 6.7s
Ep 177	 reward -10.943	 ms 153.2	 loss -0.025750	 6.7s
Ep 178	 reward -10.782	 ms 150.9	 loss -0.033025	 6.8s
Ep 179	 reward -10.954	 ms 153.3	 loss -0.025939	 6.7s
Ep 180	 reward -10.782	 ms 150.9	 loss 0.108030	 6.6s
Ep 181	 reward -10.936	 ms 153.1	 loss 0.146462	 6.8s
Ep 182	 reward -10.846	 ms 151.8	 loss 0.052054	 6.7s
Ep 183	 reward -10.871	 ms 152.2	 loss 0.031241	 6.6s
Ep 184	 reward -10.850	 ms 151.9	 loss 0.011687	 6.6s
Ep 185	 reward -10.861	 ms 152.1	 loss 0.018335	 6.5s
Ep 186	 reward -10.868	 ms 152.2	 loss 0.071125	 6.7s
Ep 187	 reward -10.818	 ms 151.4	 loss 0.014529	 6.8s
Ep 188	 reward -10.782	 ms 150.9	 loss 0.179904	 6.7s
Ep 189	 reward -10.800	 ms 151.2	 loss 0.085536	 6.7s
Ep 190	 reward -10.907	 ms 152.7	 loss 0.299388	 6.7s
Ep 191	 reward -10.782	 ms 150.9	 loss 0.176959	 6.6s
Ep 192	 reward -10.807	 ms 151.3	 loss 0.015720	 6.8s
Ep 193	 reward -10.968	 ms 153.6	 loss 0.212598	 6.8s
Ep 194	 reward -10.821	 ms 151.5	 loss -0.024078	 6.6s
Ep 195	 reward -10.825	 ms 151.6	 loss 0.114241	 6.8s
Ep 196	 reward -10.886	 ms 152.4	 loss -0.017851	 6.7s
Ep 197	 reward -10.746	 ms 150.4	 loss 0.096206	 6.7s
Ep 198	 reward -10.796	 ms 151.2	 loss -0.043701	 6.8s
Ep 199	 reward -10.854	 ms 151.9	 loss 0.073339	 6.7s
[vali @200] rel=0.8365 (best 0.8325)  W=148.6
Ep 200	 reward -10.839	 ms 151.8	 loss 0.181864	 11.4s
Ep 201	 reward -10.554	 ms 147.8	 loss 0.037593	 6.9s
Ep 202	 reward -10.579	 ms 148.1	 loss 0.107351	 6.7s
Ep 203	 reward -10.629	 ms 148.8	 loss 0.070480	 6.7s
Ep 204	 reward -10.529	 ms 147.4	 loss 0.039115	 6.7s
Ep 205	 reward -10.604	 ms 148.4	 loss -0.052591	 6.7s
Ep 206	 reward -10.586	 ms 148.2	 loss 0.086471	 6.8s
Ep 207	 reward -10.636	 ms 148.9	 loss 0.036603	 6.8s
Ep 208	 reward -10.564	 ms 147.9	 loss 0.102770	 6.8s
Ep 209	 reward -10.521	 ms 147.3	 loss -0.054377	 6.7s
Ep 210	 reward -10.646	 ms 149.1	 loss 0.108337	 6.6s
Ep 211	 reward -10.561	 ms 147.8	 loss 0.129763	 6.8s
Ep 212	 reward -10.604	 ms 148.4	 loss 0.003226	 6.8s
Ep 213	 reward -10.657	 ms 149.2	 loss -0.002565	 6.8s
Ep 214	 reward -10.489	 ms 146.8	 loss -0.047948	 6.7s
Ep 215	 reward -10.607	 ms 148.5	 loss -0.066664	 6.8s
Ep 216	 reward -10.604	 ms 148.4	 loss 0.000568	 6.7s
Ep 217	 reward -10.629	 ms 148.8	 loss 0.183479	 6.8s
Ep 218	 reward -10.596	 ms 148.3	 loss -0.072030	 6.8s
Ep 219	 reward -10.546	 ms 147.7	 loss 0.134806	 6.7s
Ep 220	 reward -10.657	 ms 149.2	 loss 0.099394	 6.7s
Ep 221	 reward -10.904	 ms 152.7	 loss 0.044998	 6.8s
Ep 222	 reward -10.811	 ms 151.3	 loss -0.054612	 6.7s
Ep 223	 reward -10.789	 ms 151.1	 loss 0.019728	 6.7s
Ep 224	 reward -10.929	 ms 153.0	 loss -0.017669	 6.7s
[vali @225] rel=0.8472 (best 0.8325)  W=150.5
Ep 225	 reward -10.871	 ms 152.2	 loss -0.058163	 11.5s
Ep 226	 reward -10.957	 ms 153.4	 loss -0.040177	 6.7s
Ep 227	 reward -10.775	 ms 150.8	 loss 0.073770	 6.7s
Ep 228	 reward -10.904	 ms 152.7	 loss 0.153820	 6.6s
Ep 229	 reward -10.829	 ms 151.6	 loss 0.140976	 6.5s
Ep 230	 reward -10.943	 ms 153.2	 loss 0.103036	 10.4s
Ep 231	 reward -10.836	 ms 151.7	 loss -0.009293	 11.3s
Ep 232	 reward -10.989	 ms 153.8	 loss 0.048350	 11.6s
Ep 233	 reward -11.029	 ms 154.4	 loss -0.008376	 11.7s
Ep 234	 reward -10.911	 ms 152.8	 loss 0.017785	 11.2s
Ep 235	 reward -11.000	 ms 154.0	 loss 0.022757	 11.7s
Ep 236	 reward -11.107	 ms 155.5	 loss -0.029827	 11.4s
Ep 237	 reward -10.957	 ms 153.4	 loss 0.002669	 11.4s
Ep 238	 reward -10.950	 ms 153.3	 loss -0.013859	 11.3s
Ep 239	 reward -11.025	 ms 154.3	 loss 0.023284	 11.7s
Ep 240	 reward -10.925	 ms 152.9	 loss 0.024415	 11.6s
Ep 241	 reward -10.986	 ms 153.8	 loss 0.074484	 11.7s
Ep 242	 reward -10.854	 ms 151.9	 loss 0.154750	 11.7s
Ep 243	 reward -11.011	 ms 154.2	 loss 0.070760	 11.5s
Ep 244	 reward -10.868	 ms 152.2	 loss 0.126439	 11.6s
Ep 245	 reward -10.864	 ms 152.1	 loss 0.211986	 11.6s
Ep 246	 reward -10.786	 ms 151.0	 loss 0.167888	 11.4s
Ep 247	 reward -10.886	 ms 152.4	 loss 0.102804	 11.2s
Ep 248	 reward -10.875	 ms 152.2	 loss 0.036693	 11.7s
Ep 249	 reward -10.882	 ms 152.3	 loss 0.174971	 11.7s
[vali @250] rel=0.8472 (best 0.8325)  W=150.5
Ep 250	 reward -10.932	 ms 153.1	 loss 0.205832	 21.0s
Ep 251	 reward -10.932	 ms 153.1	 loss 0.023230	 11.4s
Ep 252	 reward -10.836	 ms 151.7	 loss 0.159397	 11.5s
Ep 253	 reward -10.918	 ms 152.8	 loss 0.077915	 11.6s
Ep 254	 reward -10.893	 ms 152.5	 loss 0.083784	 11.6s
Ep 255	 reward -10.968	 ms 153.6	 loss 0.162623	 11.2s
Ep 256	 reward -10.871	 ms 152.2	 loss 0.226633	 11.3s
Ep 257	 reward -10.875	 ms 152.2	 loss 0.120248	 11.3s
Ep 258	 reward -10.725	 ms 150.2	 loss -0.033677	 11.2s
Ep 259	 reward -10.839	 ms 151.8	 loss 0.203088	 11.1s
Ep 260	 reward -10.893	 ms 152.5	 loss 0.018995	 11.3s
Ep 261	 reward -11.061	 ms 154.8	 loss 0.261536	 11.4s
Ep 262	 reward -11.039	 ms 154.6	 loss 0.265782	 11.2s
Ep 263	 reward -11.143	 ms 156.0	 loss 0.168867	 11.6s
Ep 264	 reward -11.043	 ms 154.6	 loss 0.229411	 11.2s
Ep 265	 reward -10.936	 ms 153.1	 loss 0.187635	 11.3s
Ep 266	 reward -10.996	 ms 153.9	 loss 0.155083	 11.1s
Ep 267	 reward -11.079	 ms 155.1	 loss 0.258562	 11.4s
Ep 268	 reward -11.011	 ms 154.2	 loss 0.254416	 11.1s
Ep 269	 reward -11.036	 ms 154.5	 loss 0.183063	 11.1s
Ep 270	 reward -10.886	 ms 152.4	 loss 0.178695	 11.3s
Ep 271	 reward -10.957	 ms 153.4	 loss 0.176135	 11.9s
Ep 272	 reward -10.911	 ms 152.8	 loss 0.247722	 11.0s
Ep 273	 reward -11.096	 ms 155.3	 loss 0.332645	 11.5s
Ep 274	 reward -11.043	 ms 154.6	 loss 0.097731	 11.2s
[vali @275] rel=0.8424 (best 0.8325)  W=149.7
Ep 275	 reward -11.014	 ms 154.2	 loss 0.123745	 21.4s
Ep 276	 reward -11.082	 ms 155.2	 loss 0.118099	 11.9s
Ep 277	 reward -10.993	 ms 153.9	 loss 0.069703	 11.7s
Ep 278	 reward -11.025	 ms 154.3	 loss 0.253112	 11.7s
Ep 279	 reward -10.946	 ms 153.2	 loss 0.251959	 12.0s
Ep 280	 reward -10.993	 ms 153.9	 loss 0.156068	 11.7s
Ep 281	 reward -10.921	 ms 152.9	 loss 0.141936	 11.7s
Ep 282	 reward -10.943	 ms 153.2	 loss 0.040669	 11.7s
Ep 283	 reward -10.893	 ms 152.5	 loss 0.051136	 11.8s
Ep 284	 reward -10.886	 ms 152.4	 loss 0.074864	 11.7s
Ep 285	 reward -11.032	 ms 154.4	 loss 0.180017	 11.9s
Ep 286	 reward -11.018	 ms 154.2	 loss 0.122765	 11.9s
Ep 287	 reward -10.936	 ms 153.1	 loss 0.122343	 12.0s
Ep 288	 reward -11.011	 ms 154.2	 loss 0.090251	 11.9s
Ep 289	 reward -10.929	 ms 153.0	 loss 0.100210	 11.7s
Ep 290	 reward -10.921	 ms 152.9	 loss 0.101328	 11.7s
Ep 291	 reward -10.829	 ms 151.6	 loss 0.041729	 11.6s
Ep 292	 reward -11.046	 ms 154.7	 loss 0.111679	 11.7s
Ep 293	 reward -10.950	 ms 153.3	 loss 0.013947	 11.3s
Ep 294	 reward -11.025	 ms 154.3	 loss 0.178471	 11.5s
Ep 295	 reward -10.964	 ms 153.5	 loss 0.179424	 11.1s
Ep 296	 reward -10.929	 ms 153.0	 loss 0.037619	 11.4s
Ep 297	 reward -10.979	 ms 153.7	 loss 0.138215	 11.1s
Ep 298	 reward -10.989	 ms 153.8	 loss 0.079893	 11.6s
Ep 299	 reward -11.100	 ms 155.4	 loss 0.091851	 11.2s
[vali @300] rel=0.8432 (best 0.8325)  W=149.8
Ep 300	 reward -10.986	 ms 153.8	 loss 0.083633	 20.2s
Ep 301	 reward -10.579	 ms 148.1	 loss 0.090435	 11.6s
Ep 302	 reward -10.711	 ms 149.9	 loss 0.144141	 11.2s
Ep 303	 reward -10.704	 ms 149.8	 loss 0.203337	 11.3s
Ep 304	 reward -10.646	 ms 149.1	 loss 0.175393	 11.7s
Ep 305	 reward -10.764	 ms 150.7	 loss 0.250821	 11.7s
Ep 306	 reward -10.543	 ms 147.6	 loss 0.128954	 12.0s
Ep 307	 reward -10.589	 ms 148.2	 loss 0.081989	 11.8s
Ep 308	 reward -10.725	 ms 150.2	 loss 0.214219	 11.7s
Ep 309	 reward -10.629	 ms 148.8	 loss 0.096081	 11.9s
Ep 310	 reward -10.675	 ms 149.4	 loss 0.064674	 11.4s
Ep 311	 reward -10.614	 ms 148.6	 loss 0.126529	 11.6s
Ep 312	 reward -10.696	 ms 149.8	 loss 0.098536	 11.8s
Ep 313	 reward -10.707	 ms 149.9	 loss 0.171987	 11.5s
Ep 314	 reward -10.657	 ms 149.2	 loss 0.156745	 12.0s
Ep 315	 reward -10.682	 ms 149.6	 loss 0.108598	 11.5s
Ep 316	 reward -10.693	 ms 149.7	 loss 0.140408	 11.2s
Ep 317	 reward -10.686	 ms 149.6	 loss 0.155008	 11.1s
Ep 318	 reward -10.514	 ms 147.2	 loss 0.140272	 11.5s
Ep 319	 reward -10.532	 ms 147.4	 loss 0.218820	 11.4s
Ep 320	 reward -10.704	 ms 149.8	 loss 0.017609	 11.5s
Ep 321	 reward -10.639	 ms 148.9	 loss 0.017122	 11.8s
Ep 322	 reward -10.600	 ms 148.4	 loss 0.057020	 11.2s
Ep 323	 reward -10.500	 ms 147.0	 loss 0.137960	 11.4s
Ep 324	 reward -10.436	 ms 146.1	 loss 0.190488	 11.1s
[vali @325] rel=0.8435 (best 0.8325)  W=149.8
Ep 325	 reward -10.529	 ms 147.4	 loss -0.029954	 21.1s
Ep 326	 reward -10.489	 ms 146.8	 loss 0.055248	 12.0s
Ep 327	 reward -10.554	 ms 147.8	 loss -0.014661	 11.6s
Ep 328	 reward -10.475	 ms 146.7	 loss 0.039626	 11.7s
Ep 329	 reward -10.532	 ms 147.4	 loss 0.077813	 11.9s
Ep 330	 reward -10.518	 ms 147.2	 loss 0.053411	 12.3s
Ep 331	 reward -10.700	 ms 149.8	 loss 0.037179	 11.8s
Ep 332	 reward -10.514	 ms 147.2	 loss 0.058760	 11.8s
Ep 333	 reward -10.561	 ms 147.8	 loss 0.106645	 12.1s
[train_family] done in 0.78 h; best rel=0.8325
