[vali] MWKR norms: L=226.9
[model] params total=32786  film=0 (0.00%)
[train_family] model=10x25+family+spec-L regimes=['L'] updates=1000
Ep 1	 reward -16.461	 ms 230.4	 loss 0.053271	 27.7s
Ep 2	 reward -16.211	 ms 226.9	 loss 0.015567	 26.7s
Ep 3	 reward -16.264	 ms 227.7	 loss 0.005030	 27.0s
Ep 4	 reward -16.164	 ms 226.3	 loss -0.030331	 27.8s
Ep 5	 reward -16.332	 ms 228.7	 loss 0.050452	 26.7s
Ep 6	 reward -16.118	 ms 225.7	 loss 0.067250	 27.1s
Ep 7	 reward -16.254	 ms 227.6	 loss 0.133656	 26.4s
Ep 8	 reward -16.093	 ms 225.3	 loss 0.248812	 26.3s
Ep 9	 reward -16.139	 ms 225.9	 loss 0.114505	 27.6s
Ep 10	 reward -16.125	 ms 225.8	 loss 0.165867	 26.5s
Ep 11	 reward -16.129	 ms 225.8	 loss 0.127446	 26.1s
Ep 12	 reward -16.250	 ms 227.5	 loss 0.108107	 27.2s
Ep 13	 reward -16.054	 ms 224.8	 loss 0.088933	 39.3s
Ep 14	 reward -16.104	 ms 225.4	 loss 0.053191	 41.0s
Ep 15	 reward -16.025	 ms 224.3	 loss 0.092665	 31.7s
Ep 16	 reward -15.961	 ms 223.4	 loss 0.038899	 28.2s
Ep 17	 reward -16.150	 ms 226.1	 loss 0.040327	 28.9s
Ep 18	 reward -15.914	 ms 222.8	 loss 0.030615	 31.0s
Ep 19	 reward -15.818	 ms 221.4	 loss -0.031792	 28.2s
Ep 20	 reward -16.089	 ms 225.2	 loss 0.133584	 27.0s
Ep 21	 reward -15.889	 ms 222.4	 loss 0.097687	 27.3s
Ep 22	 reward -15.871	 ms 222.2	 loss 0.050207	 26.9s
Ep 23	 reward -15.843	 ms 221.8	 loss 0.060179	 27.2s
Ep 24	 reward -15.968	 ms 223.6	 loss 0.107868	 28.0s
[vali @25] rel=0.9542 (best 0.9542)  L=216.6
Ep 25	 reward -15.868	 ms 222.2	 loss 0.185708	 51.7s
Ep 26	 reward -15.857	 ms 222.0	 loss 0.166724	 28.7s
Ep 27	 reward -15.921	 ms 222.9	 loss 0.129090	 26.6s
Ep 28	 reward -15.911	 ms 222.8	 loss 0.206298	 26.8s
Ep 29	 reward -15.771	 ms 220.8	 loss 0.221484	 27.9s
Ep 30	 reward -15.668	 ms 219.3	 loss 0.175110	 28.1s
Ep 31	 reward -15.850	 ms 221.9	 loss 0.086447	 27.4s
Ep 32	 reward -15.639	 ms 218.9	 loss 0.133578	 28.4s
Ep 33	 reward -15.761	 ms 220.7	 loss 0.128443	 26.6s
Ep 34	 reward -15.664	 ms 219.3	 loss 0.126695	 26.9s
Ep 35	 reward -15.675	 ms 219.4	 loss 0.230136	 28.0s
Ep 36	 reward -15.611	 ms 218.6	 loss 0.157062	 28.0s
Ep 37	 reward -15.646	 ms 219.1	 loss -0.033559	 27.4s
Ep 38	 reward -15.721	 ms 220.1	 loss 0.111910	 27.4s
Ep 39	 reward -15.607	 ms 218.5	 loss 0.112257	 26.8s
Ep 40	 reward -15.646	 ms 219.1	 loss 0.226558	 28.6s
Ep 41	 reward -15.707	 ms 219.9	 loss -0.041940	 27.4s
Ep 42	 reward -15.843	 ms 221.8	 loss 0.004812	 27.5s
Ep 43	 reward -15.736	 ms 220.3	 loss 0.060863	 28.0s
Ep 44	 reward -15.675	 ms 219.4	 loss 0.031450	 28.0s
Ep 45	 reward -15.843	 ms 221.8	 loss 0.032600	 27.2s
Ep 46	 reward -15.825	 ms 221.6	 loss 0.015680	 28.7s
Ep 47	 reward -15.764	 ms 220.7	 loss 0.146626	 27.1s
Ep 48	 reward -15.736	 ms 220.3	 loss 0.035523	 27.0s
Ep 49	 reward -15.714	 ms 220.0	 loss -0.050684	 25.3s
[vali @50] rel=0.9374 (best 0.9374)  L=212.8
Ep 50	 reward -15.868	 ms 222.2	 loss -0.050092	 50.7s
Ep 51	 reward -15.743	 ms 220.4	 loss -0.089064	 25.5s
Ep 52	 reward -15.861	 ms 222.1	 loss -0.035836	 27.4s
Ep 53	 reward -15.704	 ms 219.8	 loss -0.047157	 28.0s
Ep 54	 reward -15.739	 ms 220.3	 loss 0.105000	 28.2s
Ep 55	 reward -15.732	 ms 220.2	 loss -0.004423	 29.5s
Ep 56	 reward -15.661	 ms 219.2	 loss 0.074773	 28.1s
Ep 57	 reward -15.671	 ms 219.4	 loss -0.046082	 27.1s
Ep 58	 reward -15.639	 ms 218.9	 loss -0.001366	 27.4s
Ep 59	 reward -15.632	 ms 218.8	 loss -0.025464	 26.7s
Ep 60	 reward -15.725	 ms 220.2	 loss -0.023204	 27.0s
Ep 61	 reward -15.800	 ms 221.2	 loss -0.006387	 26.8s
Ep 62	 reward -15.604	 ms 218.4	 loss -0.048992	 25.2s
Ep 63	 reward -15.614	 ms 218.6	 loss -0.015579	 27.0s
Ep 64	 reward -15.771	 ms 220.8	 loss 0.003009	 26.5s
Ep 65	 reward -15.536	 ms 217.5	 loss -0.038386	 26.9s
Ep 66	 reward -15.639	 ms 218.9	 loss -0.054657	 28.5s
Ep 67	 reward -15.646	 ms 219.1	 loss -0.002230	 26.9s
Ep 68	 reward -15.614	 ms 218.6	 loss 0.007136	 27.2s
Ep 69	 reward -15.721	 ms 220.1	 loss -0.014546	 27.0s
Ep 70	 reward -15.618	 ms 218.7	 loss 0.040096	 27.9s
Ep 71	 reward -15.593	 ms 218.3	 loss -0.040135	 28.4s
Ep 72	 reward -15.507	 ms 217.1	 loss -0.038626	 29.1s
Ep 73	 reward -15.650	 ms 219.1	 loss -0.030725	 28.5s
Ep 74	 reward -15.529	 ms 217.4	 loss -0.017884	 26.6s
[vali @75] rel=0.9458 (best 0.9374)  L=214.7
Ep 75	 reward -15.729	 ms 220.2	 loss 0.042660	 48.9s
Ep 76	 reward -15.750	 ms 220.5	 loss 0.020866	 26.4s
Ep 77	 reward -15.471	 ms 216.6	 loss -0.008781	 25.4s
Ep 78	 reward -15.625	 ms 218.8	 loss -0.035483	 26.7s
Ep 79	 reward -15.636	 ms 218.9	 loss -0.021155	 27.3s
Ep 80	 reward -15.625	 ms 218.8	 loss 0.062136	 27.0s
Ep 81	 reward -15.521	 ms 217.3	 loss 0.106417	 27.2s
Ep 82	 reward -15.582	 ms 218.2	 loss 0.089025	 27.1s
Ep 83	 reward -15.546	 ms 217.7	 loss 0.135221	 26.5s
Ep 84	 reward -15.450	 ms 216.3	 loss 0.176300	 26.1s
Ep 85	 reward -15.418	 ms 215.8	 loss 0.024907	 26.9s
Ep 86	 reward -15.371	 ms 215.2	 loss -0.009094	 27.3s
Ep 87	 reward -15.518	 ms 217.2	 loss 0.008285	 29.1s
Ep 88	 reward -15.479	 ms 216.7	 loss -0.060480	 28.6s
Ep 89	 reward -15.521	 ms 217.3	 loss 0.170416	 30.2s
Ep 90	 reward -15.404	 ms 215.7	 loss -0.004618	 26.7s
Ep 91	 reward -15.446	 ms 216.2	 loss -0.068294	 27.0s
Ep 92	 reward -15.371	 ms 215.2	 loss 0.093617	 26.0s
Ep 93	 reward -15.439	 ms 216.2	 loss -0.028540	 26.6s
Ep 94	 reward -15.514	 ms 217.2	 loss 0.140162	 28.2s
Ep 95	 reward -15.329	 ms 214.6	 loss -0.003246	 27.3s
Ep 96	 reward -15.318	 ms 214.4	 loss -0.051742	 27.0s
Ep 97	 reward -15.321	 ms 214.5	 loss 0.070158	 26.5s
Ep 98	 reward -15.318	 ms 214.4	 loss 0.189942	 27.2s
Ep 99	 reward -15.429	 ms 216.0	 loss 0.018407	 25.4s
[vali @100] rel=0.9357 (best 0.9357)  L=212.3
Ep 100	 reward -15.400	 ms 215.6	 loss 0.037900	 50.4s
Ep 101	 reward -15.471	 ms 216.6	 loss 0.187111	 29.0s
Ep 102	 reward -15.593	 ms 218.3	 loss 0.068412	 27.7s
Ep 103	 reward -15.618	 ms 218.7	 loss 0.221257	 26.4s
Ep 104	 reward -15.679	 ms 219.5	 loss 0.119791	 26.5s
Ep 105	 reward -15.632	 ms 218.8	 loss 0.107343	 25.4s
Ep 106	 reward -15.607	 ms 218.5	 loss 0.027123	 26.0s
Ep 107	 reward -15.471	 ms 216.6	 loss 0.197671	 27.8s
Ep 108	 reward -15.557	 ms 217.8	 loss 0.155524	 26.3s
Ep 109	 reward -15.457	 ms 216.4	 loss 0.164568	 28.7s
Ep 110	 reward -15.496	 ms 216.9	 loss 0.194640	 26.5s
Ep 111	 reward -15.514	 ms 217.2	 loss 0.191417	 26.2s
Ep 112	 reward -15.507	 ms 217.1	 loss 0.202721	 27.5s
Ep 113	 reward -15.482	 ms 216.8	 loss 0.143857	 28.2s
Ep 114	 reward -15.536	 ms 217.5	 loss 0.105624	 27.8s
Ep 115	 reward -15.443	 ms 216.2	 loss 0.174810	 27.7s
Ep 116	 reward -15.489	 ms 216.8	 loss 0.186840	 26.5s
Ep 117	 reward -15.600	 ms 218.4	 loss 0.169633	 25.8s
Ep 118	 reward -15.543	 ms 217.6	 loss 0.205410	 28.1s
Ep 119	 reward -15.618	 ms 218.7	 loss 0.274084	 27.6s
Ep 120	 reward -15.511	 ms 217.2	 loss 0.237370	 27.4s
Ep 121	 reward -15.336	 ms 214.7	 loss 0.001248	 28.4s
Ep 122	 reward -15.257	 ms 213.6	 loss 0.047072	 27.8s
Ep 123	 reward -15.379	 ms 215.3	 loss 0.034473	 27.9s
Ep 124	 reward -15.343	 ms 214.8	 loss 0.042869	 26.8s
[vali @125] rel=0.9394 (best 0.9357)  L=213.2
Ep 125	 reward -15.282	 ms 213.9	 loss -0.045371	 50.9s
Ep 126	 reward -15.264	 ms 213.7	 loss -0.019619	 27.2s
Ep 127	 reward -15.236	 ms 213.3	 loss -0.045137	 24.9s
Ep 128	 reward -15.289	 ms 214.1	 loss -0.075196	 26.5s
Ep 129	 reward -15.250	 ms 213.5	 loss 0.082699	 27.3s
Ep 130	 reward -15.296	 ms 214.2	 loss -0.120477	 26.3s
Ep 131	 reward -15.329	 ms 214.6	 loss -0.007230	 26.3s
Ep 132	 reward -15.218	 ms 213.1	 loss 0.067951	 27.2s
Ep 133	 reward -15.218	 ms 213.1	 loss 0.059871	 27.1s
Ep 134	 reward -15.189	 ms 212.7	 loss 0.148665	 25.2s
Ep 135	 reward -15.296	 ms 214.2	 loss 0.093466	 26.9s
Ep 136	 reward -15.275	 ms 213.8	 loss 0.004478	 25.9s
Ep 137	 reward -15.246	 ms 213.4	 loss -0.053983	 28.6s
Ep 138	 reward -15.371	 ms 215.2	 loss 0.027945	 25.0s
Ep 139	 reward -15.293	 ms 214.1	 loss -0.063685	 26.9s
Ep 140	 reward -15.218	 ms 213.1	 loss -0.074600	 26.6s
Ep 141	 reward -15.389	 ms 215.4	 loss -0.017809	 26.5s
Ep 142	 reward -15.271	 ms 213.8	 loss 0.027398	 27.8s
Ep 143	 reward -15.300	 ms 214.2	 loss 0.034019	 24.9s
Ep 144	 reward -15.179	 ms 212.5	 loss 0.041490	 27.8s
Ep 145	 reward -15.357	 ms 215.0	 loss 0.009370	 27.3s
Ep 146	 reward -15.239	 ms 213.3	 loss 0.064024	 26.6s
Ep 147	 reward -15.361	 ms 215.1	 loss 0.041603	 26.1s
Ep 148	 reward -15.286	 ms 214.0	 loss 0.073438	 25.4s
Ep 149	 reward -15.375	 ms 215.2	 loss 0.011758	 28.3s
[vali @150] rel=0.9313 (best 0.9313)  L=211.3
Ep 150	 reward -15.261	 ms 213.7	 loss 0.020794	 48.1s
Ep 151	 reward -15.279	 ms 213.9	 loss 0.014952	 25.6s
Ep 152	 reward -15.175	 ms 212.4	 loss 0.056120	 26.8s
Ep 153	 reward -15.225	 ms 213.2	 loss 0.023171	 25.2s
Ep 154	 reward -15.214	 ms 213.0	 loss -0.067344	 27.3s
Ep 155	 reward -15.200	 ms 212.8	 loss 0.057730	 25.3s
Ep 156	 reward -15.243	 ms 213.4	 loss -0.023380	 26.8s
Ep 157	 reward -15.225	 ms 213.2	 loss 0.049354	 27.2s
Ep 158	 reward -15.346	 ms 214.8	 loss 0.041724	 24.2s
Ep 159	 reward -15.239	 ms 213.3	 loss -0.060181	 25.4s
Ep 160	 reward -15.157	 ms 212.2	 loss -0.069670	 25.3s
Ep 161	 reward -15.386	 ms 215.4	 loss 0.203932	 25.2s
Ep 162	 reward -15.425	 ms 215.9	 loss 0.204392	 25.3s
Ep 163	 reward -15.432	 ms 216.1	 loss 0.118483	 25.8s
Ep 164	 reward -15.375	 ms 215.2	 loss 0.232329	 27.1s
Ep 165	 reward -15.425	 ms 215.9	 loss 0.234525	 27.0s
Ep 166	 reward -15.468	 ms 216.6	 loss 0.202546	 28.7s
Ep 167	 reward -15.543	 ms 217.6	 loss 0.181290	 26.6s
Ep 168	 reward -15.479	 ms 216.7	 loss 0.177631	 26.5s
Ep 169	 reward -15.468	 ms 216.6	 loss 0.192036	 27.6s
Ep 170	 reward -15.450	 ms 216.3	 loss 0.182524	 26.3s
Ep 171	 reward -15.375	 ms 215.2	 loss 0.208697	 25.8s
Ep 172	 reward -15.364	 ms 215.1	 loss 0.220579	 26.6s
Ep 173	 reward -15.411	 ms 215.8	 loss 0.170778	 27.0s
Ep 174	 reward -15.286	 ms 214.0	 loss 0.171224	 25.8s
[vali @175] rel=0.9330 (best 0.9313)  L=211.8
Ep 175	 reward -15.396	 ms 215.6	 loss 0.228154	 50.9s
Ep 176	 reward -15.400	 ms 215.6	 loss 0.261132	 25.9s
Ep 177	 reward -15.350	 ms 214.9	 loss 0.168187	 26.6s
Ep 178	 reward -15.475	 ms 216.7	 loss 0.192551	 27.6s
Ep 179	 reward -15.364	 ms 215.1	 loss 0.224726	 26.9s
Ep 180	 reward -15.471	 ms 216.6	 loss 0.134235	 25.8s
Ep 181	 reward -15.168	 ms 212.3	 loss 0.050103	 26.9s
Ep 182	 reward -15.207	 ms 212.9	 loss 0.020783	 25.3s
Ep 183	 reward -15.179	 ms 212.5	 loss 0.115236	 26.7s
Ep 184	 reward -15.200	 ms 212.8	 loss 0.154723	 26.5s
Ep 185	 reward -15.139	 ms 211.9	 loss -0.009357	 25.8s
Ep 186	 reward -15.264	 ms 213.7	 loss 0.232145	 27.7s
Ep 187	 reward -15.189	 ms 212.7	 loss -0.103916	 27.1s
Ep 188	 reward -15.289	 ms 214.1	 loss 0.015026	 27.0s
Ep 189	 reward -15.221	 ms 213.1	 loss -0.058243	 27.0s
Ep 190	 reward -15.268	 ms 213.8	 loss 0.196991	 27.2s
Ep 191	 reward -15.211	 ms 212.9	 loss 0.155273	 26.9s
Ep 192	 reward -15.150	 ms 212.1	 loss 0.205438	 23.6s
Ep 193	 reward -15.204	 ms 212.8	 loss 0.050886	 26.4s
Ep 194	 reward -15.182	 ms 212.6	 loss 0.133936	 25.2s
Ep 195	 reward -15.246	 ms 213.4	 loss -0.052055	 26.8s
Ep 196	 reward -15.214	 ms 213.0	 loss -0.095142	 26.9s
Ep 197	 reward -15.193	 ms 212.7	 loss 0.157387	 26.1s
Ep 198	 reward -15.239	 ms 213.3	 loss -0.074427	 26.3s
Ep 199	 reward -15.204	 ms 212.8	 loss -0.051498	 26.9s
[vali @200] rel=0.9240 (best 0.9240)  L=209.7
Ep 200	 reward -15.175	 ms 212.4	 loss 0.169982	 49.3s
Ep 201	 reward -15.182	 ms 212.6	 loss -0.065900	 26.9s
Ep 202	 reward -15.175	 ms 212.4	 loss -0.064732	 23.4s
Ep 203	 reward -15.211	 ms 212.9	 loss -0.080141	 27.4s
Ep 204	 reward -15.143	 ms 212.0	 loss -0.008697	 26.8s
Ep 205	 reward -15.225	 ms 213.2	 loss -0.018530	 24.9s
Ep 206	 reward -15.189	 ms 212.7	 loss 0.004832	 26.4s
Ep 207	 reward -15.150	 ms 212.1	 loss 0.005619	 27.9s
Ep 208	 reward -15.168	 ms 212.3	 loss -0.065551	 25.4s
Ep 209	 reward -15.146	 ms 212.1	 loss 0.002946	 27.5s
Ep 210	 reward -15.211	 ms 212.9	 loss -0.018434	 28.7s
Ep 211	 reward -15.250	 ms 213.5	 loss -0.037390	 26.6s
Ep 212	 reward -15.157	 ms 212.2	 loss -0.091038	 26.8s
Ep 213	 reward -15.218	 ms 213.1	 loss -0.061854	 25.8s
Ep 214	 reward -15.211	 ms 212.9	 loss -0.046577	 22.9s
Ep 215	 reward -15.168	 ms 212.3	 loss -0.075905	 26.3s
Ep 216	 reward -15.279	 ms 213.9	 loss -0.056912	 24.4s
Ep 217	 reward -15.236	 ms 213.3	 loss -0.024779	 26.4s
Ep 218	 reward -15.214	 ms 213.0	 loss -0.004051	 27.3s
Ep 219	 reward -15.182	 ms 212.6	 loss -0.005700	 26.4s
Ep 220	 reward -15.136	 ms 211.9	 loss 0.025517	 28.6s
Ep 221	 reward -15.429	 ms 216.0	 loss 0.082534	 26.9s
Ep 222	 reward -15.407	 ms 215.7	 loss -0.019198	 26.2s
Ep 223	 reward -15.339	 ms 214.8	 loss 0.030293	 25.9s
Ep 224	 reward -15.379	 ms 215.3	 loss -0.074851	 26.3s
[vali @225] rel=0.9273 (best 0.9240)  L=210.4
Ep 225	 reward -15.446	 ms 216.2	 loss -0.031064	 49.0s
Ep 226	 reward -15.296	 ms 214.2	 loss -0.047255	 26.6s
Ep 227	 reward -15.389	 ms 215.4	 loss -0.090678	 24.3s
Ep 228	 reward -15.429	 ms 216.0	 loss -0.067422	 25.8s
Ep 229	 reward -15.418	 ms 215.8	 loss -0.095003	 25.8s
Ep 230	 reward -15.486	 ms 216.8	 loss -0.059200	 27.6s
Ep 231	 reward -15.429	 ms 216.0	 loss -0.042227	 26.0s
Ep 232	 reward -15.450	 ms 216.3	 loss -0.053706	 26.8s
Ep 233	 reward -15.418	 ms 215.8	 loss -0.012387	 26.1s
Ep 234	 reward -15.375	 ms 215.2	 loss -0.039457	 26.8s
Ep 235	 reward -15.354	 ms 214.9	 loss -0.092027	 27.6s
Ep 236	 reward -15.407	 ms 215.7	 loss -0.092542	 25.2s
Ep 237	 reward -15.450	 ms 216.3	 loss -0.071215	 26.9s
Ep 238	 reward -15.329	 ms 214.6	 loss -0.023144	 24.0s
Ep 239	 reward -15.379	 ms 215.3	 loss -0.045786	 26.2s
Ep 240	 reward -15.429	 ms 216.0	 loss -0.070435	 26.8s
Ep 241	 reward -15.661	 ms 219.2	 loss -0.017878	 27.8s
Ep 242	 reward -15.696	 ms 219.8	 loss 0.039052	 26.5s
Ep 243	 reward -15.636	 ms 218.9	 loss 0.085200	 25.8s
Ep 244	 reward -15.739	 ms 220.3	 loss 0.130543	 26.9s
Ep 245	 reward -15.754	 ms 220.6	 loss 0.042666	 27.7s
Ep 246	 reward -15.693	 ms 219.7	 loss 0.031509	 24.7s
Ep 247	 reward -15.793	 ms 221.1	 loss 0.094303	 25.9s
Ep 248	 reward -15.618	 ms 218.7	 loss 0.032848	 26.8s
Ep 249	 reward -15.739	 ms 220.3	 loss -0.026728	 26.2s
[vali @250] rel=0.9315 (best 0.9240)  L=211.4
Ep 250	 reward -15.650	 ms 219.1	 loss 0.123124	 47.5s
Ep 251	 reward -15.646	 ms 219.1	 loss 0.019110	 26.6s
Ep 252	 reward -15.682	 ms 219.6	 loss -0.014343	 28.0s
Ep 253	 reward -15.739	 ms 220.3	 loss 0.141266	 27.6s
Ep 254	 reward -15.636	 ms 218.9	 loss 0.005207	 28.2s
Ep 255	 reward -15.718	 ms 220.1	 loss 0.016763	 26.7s
Ep 256	 reward -15.646	 ms 219.1	 loss 0.036143	 26.2s
Ep 257	 reward -15.725	 ms 220.2	 loss 0.068808	 26.4s
Ep 258	 reward -15.707	 ms 219.9	 loss 0.049325	 24.2s
Ep 259	 reward -15.679	 ms 219.5	 loss 0.042070	 26.9s
Ep 260	 reward -15.739	 ms 220.3	 loss 0.019545	 25.0s
Ep 261	 reward -15.461	 ms 216.4	 loss 0.193088	 24.9s
Ep 262	 reward -15.400	 ms 215.6	 loss 0.104140	 25.4s
Ep 263	 reward -15.493	 ms 216.9	 loss 0.146820	 27.9s
Ep 264	 reward -15.475	 ms 216.7	 loss 0.128834	 27.0s
Ep 265	 reward -15.311	 ms 214.3	 loss 0.041373	 25.9s
Ep 266	 reward -15.425	 ms 215.9	 loss 0.083729	 27.2s
Ep 267	 reward -15.464	 ms 216.5	 loss 0.070695	 26.2s
Ep 268	 reward -15.471	 ms 216.6	 loss 0.154836	 27.4s
Ep 269	 reward -15.446	 ms 216.2	 loss 0.095081	 26.4s
Ep 270	 reward -15.443	 ms 216.2	 loss 0.135623	 27.9s
Ep 271	 reward -15.493	 ms 216.9	 loss 0.144068	 26.7s
Ep 272	 reward -15.471	 ms 216.6	 loss 0.144389	 24.1s
Ep 273	 reward -15.529	 ms 217.4	 loss 0.107586	 27.6s
Ep 274	 reward -15.418	 ms 215.8	 loss 0.092234	 27.5s
[vali @275] rel=0.9269 (best 0.9240)  L=210.3
Ep 275	 reward -15.504	 ms 217.1	 loss 0.133754	 49.9s
Ep 276	 reward -15.407	 ms 215.7	 loss 0.091277	 26.2s
Ep 277	 reward -15.371	 ms 215.2	 loss 0.113283	 26.7s
Ep 278	 reward -15.404	 ms 215.7	 loss 0.088975	 26.6s
Ep 279	 reward -15.407	 ms 215.7	 loss 0.127925	 27.1s
Ep 280	 reward -15.457	 ms 216.4	 loss 0.126078	 25.5s
Ep 281	 reward -15.186	 ms 212.6	 loss -0.020867	 27.0s
Ep 282	 reward -15.232	 ms 213.2	 loss 0.183206	 24.1s
Ep 283	 reward -15.157	 ms 212.2	 loss 0.167617	 26.6s
Ep 284	 reward -15.029	 ms 210.4	 loss 0.103382	 24.6s
Ep 285	 reward -15.129	 ms 211.8	 loss -0.009666	 26.9s
Ep 286	 reward -15.071	 ms 211.0	 loss 0.165000	 27.3s
Ep 287	 reward -15.154	 ms 212.2	 loss 0.083167	 26.4s
Ep 288	 reward -15.132	 ms 211.8	 loss 0.029083	 25.8s
Ep 289	 reward -15.218	 ms 213.1	 loss 0.212926	 25.9s
Ep 290	 reward -15.186	 ms 212.6	 loss 0.091364	 26.4s
Ep 291	 reward -15.218	 ms 213.1	 loss -0.032313	 25.8s
Ep 292	 reward -15.136	 ms 211.9	 loss 0.179054	 26.8s
Ep 293	 reward -15.175	 ms 212.4	 loss -0.034512	 26.2s
Ep 294	 reward -15.275	 ms 213.8	 loss 0.022933	 25.4s
Ep 295	 reward -15.236	 ms 213.3	 loss 0.032548	 27.9s
Ep 296	 reward -15.193	 ms 212.7	 loss 0.170037	 26.7s
Ep 297	 reward -15.132	 ms 211.8	 loss 0.131933	 26.3s
Ep 298	 reward -15.264	 ms 213.7	 loss 0.082562	 26.5s
Ep 299	 reward -15.182	 ms 212.6	 loss 0.175373	 26.7s
[vali @300] rel=0.9304 (best 0.9240)  L=211.2
Ep 300	 reward -15.200	 ms 212.8	 loss 0.099693	 49.1s
Ep 301	 reward -15.314	 ms 214.4	 loss -0.018714	 28.1s
Ep 302	 reward -15.264	 ms 213.7	 loss 0.068863	 24.2s
Ep 303	 reward -15.332	 ms 214.7	 loss 0.028821	 26.3s
Ep 304	 reward -15.279	 ms 213.9	 loss -0.056636	 25.0s
Ep 305	 reward -15.346	 ms 214.8	 loss -0.079163	 26.8s
Ep 306	 reward -15.296	 ms 214.2	 loss -0.045966	 27.4s
Ep 307	 reward -15.314	 ms 214.4	 loss -0.034167	 27.7s
Ep 308	 reward -15.321	 ms 214.5	 loss -0.162165	 27.6s
Ep 309	 reward -15.300	 ms 214.2	 loss 0.019793	 27.4s
Ep 310	 reward -15.286	 ms 214.0	 loss -0.036034	 27.3s
Ep 311	 reward -15.246	 ms 213.4	 loss -0.021732	 28.3s
Ep 312	 reward -15.261	 ms 213.7	 loss -0.051943	 27.1s
Ep 313	 reward -15.243	 ms 213.4	 loss -0.029320	 24.9s
Ep 314	 reward -15.193	 ms 212.7	 loss 0.003322	 26.6s
Ep 315	 reward -15.307	 ms 214.3	 loss -0.059901	 26.9s
Ep 316	 reward -15.282	 ms 213.9	 loss -0.026706	 25.0s
Ep 317	 reward -15.311	 ms 214.3	 loss -0.016975	 27.2s
Ep 318	 reward -15.257	 ms 213.6	 loss -0.016696	 26.9s
Ep 319	 reward -15.282	 ms 213.9	 loss 0.057652	 27.0s
Ep 320	 reward -15.318	 ms 214.4	 loss -0.168674	 25.7s
Ep 321	 reward -15.400	 ms 215.6	 loss 0.076357	 26.5s
Ep 322	 reward -15.418	 ms 215.8	 loss 0.093604	 26.1s
Ep 323	 reward -15.443	 ms 216.2	 loss -0.004819	 27.7s
Ep 324	 reward -15.346	 ms 214.8	 loss 0.239496	 26.3s
[vali @325] rel=0.9299 (best 0.9240)  L=211.1
Ep 325	 reward -15.500	 ms 217.0	 loss -0.082090	 51.3s
Ep 326	 reward -15.336	 ms 214.7	 loss 0.029108	 25.6s
Ep 327	 reward -15.364	 ms 215.1	 loss -0.014443	 26.4s
Ep 328	 reward -15.343	 ms 214.8	 loss 0.119819	 27.3s
Ep 329	 reward -15.414	 ms 215.8	 loss -0.049031	 26.2s
Ep 330	 reward -15.393	 ms 215.5	 loss -0.023544	 27.4s
Ep 331	 reward -15.343	 ms 214.8	 loss -0.035759	 27.0s
Ep 332	 reward -15.404	 ms 215.7	 loss -0.082173	 26.3s
Ep 333	 reward -15.407	 ms 215.7	 loss 0.010194	 27.1s
Ep 334	 reward -15.361	 ms 215.1	 loss -0.115714	 26.5s
Ep 335	 reward -15.361	 ms 215.1	 loss -0.085310	 23.3s
Ep 336	 reward -15.500	 ms 217.0	 loss -0.034765	 27.4s
Ep 337	 reward -15.364	 ms 215.1	 loss -0.027065	 26.6s
Ep 338	 reward -15.418	 ms 215.8	 loss -0.070107	 25.0s
Ep 339	 reward -15.407	 ms 215.7	 loss 0.081943	 26.7s
Ep 340	 reward -15.254	 ms 213.6	 loss -0.104483	 25.6s
Ep 341	 reward -15.046	 ms 210.7	 loss -0.004763	 27.1s
Ep 342	 reward -15.200	 ms 212.8	 loss 0.173433	 24.9s
Ep 343	 reward -15.146	 ms 212.1	 loss -0.004936	 26.2s
Ep 344	 reward -15.229	 ms 213.2	 loss 0.191198	 25.7s
Ep 345	 reward -15.186	 ms 212.6	 loss 0.139859	 25.9s
Ep 346	 reward -15.089	 ms 211.2	 loss 0.137085	 25.1s
Ep 347	 reward -15.136	 ms 211.9	 loss 0.110948	 24.0s
Ep 348	 reward -15.057	 ms 210.8	 loss -0.010445	 26.8s
Ep 349	 reward -15.164	 ms 212.3	 loss 0.060225	 25.7s
[vali @350] rel=0.9284 (best 0.9240)  L=210.7
Ep 350	 reward -15.132	 ms 211.8	 loss -0.004881	 50.6s
Ep 351	 reward -15.211	 ms 212.9	 loss 0.215876	 25.5s
Ep 352	 reward -15.107	 ms 211.5	 loss 0.126064	 27.8s
Ep 353	 reward -15.225	 ms 213.2	 loss 0.172688	 27.3s
Ep 354	 reward -15.168	 ms 212.3	 loss 0.039552	 26.9s
Ep 355	 reward -15.171	 ms 212.4	 loss 0.094818	 25.8s
Ep 356	 reward -15.207	 ms 212.9	 loss 0.097825	 24.8s
Ep 357	 reward -15.114	 ms 211.6	 loss 0.113244	 25.0s
Ep 358	 reward -15.150	 ms 212.1	 loss 0.089386	 24.3s
Ep 359	 reward -15.207	 ms 212.9	 loss 0.086207	 25.7s
Ep 360	 reward -15.225	 ms 213.2	 loss 0.078333	 26.1s
Ep 361	 reward -15.379	 ms 215.3	 loss 0.039717	 27.7s
Ep 362	 reward -15.343	 ms 214.8	 loss -0.129408	 27.4s
Ep 363	 reward -15.414	 ms 215.8	 loss -0.005880	 27.2s
Ep 364	 reward -15.357	 ms 215.0	 loss 0.016545	 27.2s
Ep 365	 reward -15.364	 ms 215.1	 loss -0.031020	 27.3s
Ep 366	 reward -15.404	 ms 215.7	 loss 0.143998	 25.7s
Ep 367	 reward -15.346	 ms 214.8	 loss -0.017253	 26.4s
Ep 368	 reward -15.382	 ms 215.3	 loss 0.030880	 27.5s
Ep 369	 reward -15.418	 ms 215.8	 loss 0.029280	 25.5s
Ep 370	 reward -15.336	 ms 214.7	 loss 0.055106	 25.1s
Ep 371	 reward -15.336	 ms 214.7	 loss 0.024997	 25.6s
Ep 372	 reward -15.368	 ms 215.2	 loss -0.056858	 26.8s
Ep 373	 reward -15.386	 ms 215.4	 loss -0.051890	 27.0s
Ep 374	 reward -15.339	 ms 214.8	 loss 0.016786	 26.4s
[vali @375] rel=0.9308 (best 0.9240)  L=211.2
Ep 375	 reward -15.386	 ms 215.4	 loss -0.004490	 49.9s
Ep 376	 reward -15.354	 ms 214.9	 loss 0.057329	 26.8s
Ep 377	 reward -15.336	 ms 214.7	 loss -0.063016	 25.8s
Ep 378	 reward -15.279	 ms 213.9	 loss -0.047254	 26.5s
Ep 379	 reward -15.371	 ms 215.2	 loss -0.129960	 26.3s
Ep 380	 reward -15.371	 ms 215.2	 loss -0.059368	 25.3s
Ep 381	 reward -15.318	 ms 214.4	 loss 0.158742	 26.2s
Ep 382	 reward -15.289	 ms 214.1	 loss 0.166907	 24.2s
Ep 383	 reward -15.318	 ms 214.4	 loss -0.041329	 26.9s
Ep 384	 reward -15.407	 ms 215.7	 loss 0.071604	 26.7s
Ep 385	 reward -15.343	 ms 214.8	 loss 0.197286	 25.6s
Ep 386	 reward -15.354	 ms 214.9	 loss 0.081429	 27.6s
Ep 387	 reward -15.282	 ms 213.9	 loss 0.167601	 27.0s
Ep 388	 reward -15.321	 ms 214.5	 loss 0.153146	 27.0s
Ep 389	 reward -15.350	 ms 214.9	 loss 0.146702	 28.4s
Ep 390	 reward -15.332	 ms 214.7	 loss 0.129250	 27.6s
Ep 391	 reward -15.293	 ms 214.1	 loss 0.158690	 25.8s
Ep 392	 reward -15.279	 ms 213.9	 loss 0.038379	 26.8s
Ep 393	 reward -15.261	 ms 213.7	 loss 0.126031	 25.0s
Ep 394	 reward -15.300	 ms 214.2	 loss -0.001996	 26.7s
Ep 395	 reward -15.314	 ms 214.4	 loss 0.206240	 25.4s
Ep 396	 reward -15.296	 ms 214.2	 loss 0.100460	 27.3s
Ep 397	 reward -15.314	 ms 214.4	 loss 0.168908	 26.7s
Ep 398	 reward -15.325	 ms 214.6	 loss -0.010705	 25.9s
Ep 399	 reward -15.454	 ms 216.3	 loss 0.031076	 26.2s
[vali @400] rel=0.9260 (best 0.9240)  L=210.2
Ep 400	 reward -15.254	 ms 213.6	 loss 0.028247	 51.3s
Ep 401	 reward -15.104	 ms 211.4	 loss 0.123188	 26.0s
Ep 402	 reward -15.132	 ms 211.8	 loss -0.002027	 25.2s
Ep 403	 reward -15.121	 ms 211.7	 loss 0.108522	 27.8s
Ep 404	 reward -15.132	 ms 211.8	 loss 0.052889	 24.9s
Ep 405	 reward -15.104	 ms 211.4	 loss 0.235020	 25.5s
Ep 406	 reward -15.143	 ms 212.0	 loss 0.197105	 27.4s
Ep 407	 reward -15.114	 ms 211.6	 loss 0.094908	 26.5s
Ep 408	 reward -15.157	 ms 212.2	 loss 0.214491	 25.9s
Ep 409	 reward -15.250	 ms 213.5	 loss 0.267879	 26.1s
Ep 410	 reward -15.168	 ms 212.3	 loss 0.121047	 26.8s
Ep 411	 reward -15.175	 ms 212.4	 loss 0.070408	 25.9s
Ep 412	 reward -15.136	 ms 211.9	 loss 0.089018	 26.7s
Ep 413	 reward -15.161	 ms 212.2	 loss 0.231872	 26.1s
Ep 414	 reward -15.150	 ms 212.1	 loss 0.103161	 26.3s
Ep 415	 reward -15.129	 ms 211.8	 loss 0.178052	 25.3s
Ep 416	 reward -15.139	 ms 211.9	 loss 0.088527	 26.6s
Ep 417	 reward -15.168	 ms 212.3	 loss 0.072047	 27.0s
Ep 418	 reward -15.239	 ms 213.3	 loss 0.284968	 26.9s
Ep 419	 reward -15.139	 ms 211.9	 loss 0.086087	 27.0s
Ep 420	 reward -15.071	 ms 211.0	 loss 0.093565	 26.4s
Ep 421	 reward -15.154	 ms 212.2	 loss 0.114646	 27.3s
Ep 422	 reward -15.143	 ms 212.0	 loss 0.232353	 27.0s
Ep 423	 reward -15.271	 ms 213.8	 loss 0.214137	 26.0s
Ep 424	 reward -15.207	 ms 212.9	 loss 0.229621	 25.3s
[vali @425] rel=0.9304 (best 0.9240)  L=211.2
Ep 425	 reward -15.239	 ms 213.3	 loss 0.160003	 50.6s
Ep 426	 reward -15.261	 ms 213.7	 loss 0.191457	 22.6s
Ep 427	 reward -15.293	 ms 214.1	 loss 0.150139	 26.7s
Ep 428	 reward -15.204	 ms 212.8	 loss 0.176407	 26.8s
Ep 429	 reward -15.093	 ms 211.3	 loss 0.185514	 28.7s
Ep 430	 reward -15.150	 ms 212.1	 loss 0.110124	 26.3s
Ep 431	 reward -15.186	 ms 212.6	 loss 0.145981	 26.2s
Ep 432	 reward -15.275	 ms 213.8	 loss 0.210636	 26.2s
Ep 433	 reward -15.207	 ms 212.9	 loss 0.224202	 26.7s
Ep 434	 reward -15.161	 ms 212.2	 loss 0.135978	 26.6s
Ep 435	 reward -15.189	 ms 212.7	 loss 0.168672	 22.9s
Ep 436	 reward -15.204	 ms 212.8	 loss 0.161291	 26.2s
Ep 437	 reward -15.100	 ms 211.4	 loss 0.179696	 25.8s
Ep 438	 reward -15.193	 ms 212.7	 loss 0.115385	 25.3s
Ep 439	 reward -15.182	 ms 212.6	 loss 0.159291	 26.9s
Ep 440	 reward -15.186	 ms 212.6	 loss 0.142916	 26.2s
Ep 441	 reward -15.375	 ms 215.2	 loss 0.144860	 27.4s
Ep 442	 reward -15.382	 ms 215.3	 loss 0.179730	 26.8s
Ep 443	 reward -15.339	 ms 214.8	 loss 0.010877	 26.3s
Ep 444	 reward -15.318	 ms 214.4	 loss 0.187686	 26.8s
Ep 445	 reward -15.279	 ms 213.9	 loss 0.039337	 26.9s
Ep 446	 reward -15.321	 ms 214.5	 loss 0.165018	 25.9s
Ep 447	 reward -15.339	 ms 214.8	 loss 0.189484	 24.6s
Ep 448	 reward -15.286	 ms 214.0	 loss 0.055704	 26.8s
Ep 449	 reward -15.282	 ms 213.9	 loss 0.035099	 25.1s
[vali @450] rel=0.9313 (best 0.9240)  L=211.3
Ep 450	 reward -15.300	 ms 214.2	 loss -0.024154	 51.7s
Ep 451	 reward -15.282	 ms 213.9	 loss 0.068543	 27.0s
Ep 452	 reward -15.296	 ms 214.2	 loss 0.060344	 26.2s
Ep 453	 reward -15.282	 ms 213.9	 loss 0.019105	 25.9s
Ep 454	 reward -15.268	 ms 213.8	 loss 0.056648	 26.3s
Ep 455	 reward -15.304	 ms 214.2	 loss 0.126185	 27.1s
Ep 456	 reward -15.296	 ms 214.2	 loss 0.060064	 25.2s
Ep 457	 reward -15.336	 ms 214.7	 loss 0.063080	 24.8s
Ep 458	 reward -15.286	 ms 214.0	 loss 0.023717	 25.6s
Ep 459	 reward -15.271	 ms 213.8	 loss -0.000849	 27.8s
Ep 460	 reward -15.289	 ms 214.1	 loss -0.030937	 27.1s
Ep 461	 reward -15.254	 ms 213.6	 loss 0.137438	 27.8s
Ep 462	 reward -15.332	 ms 214.7	 loss -0.001757	 26.7s
Ep 463	 reward -15.307	 ms 214.3	 loss 0.227559	 26.9s
Ep 464	 reward -15.243	 ms 213.4	 loss 0.101693	 26.8s
Ep 465	 reward -15.232	 ms 213.2	 loss 0.131278	 26.4s
Ep 466	 reward -15.286	 ms 214.0	 loss 0.226682	 26.9s
Ep 467	 reward -15.232	 ms 213.2	 loss 0.259042	 26.1s
Ep 468	 reward -15.189	 ms 212.7	 loss 0.129290	 25.6s
Ep 469	 reward -15.350	 ms 214.9	 loss 0.265550	 24.3s
Ep 470	 reward -15.350	 ms 214.9	 loss 0.206957	 27.0s
Ep 471	 reward -15.264	 ms 213.7	 loss 0.224836	 22.5s
Ep 472	 reward -15.329	 ms 214.6	 loss 0.244211	 26.4s
Ep 473	 reward -15.282	 ms 213.9	 loss 0.234462	 27.1s
Ep 474	 reward -15.279	 ms 213.9	 loss 0.113036	 27.0s
[vali @475] rel=0.9271 (best 0.9240)  L=210.4
Ep 475	 reward -15.286	 ms 214.0	 loss 0.028285	 52.8s
Ep 476	 reward -15.300	 ms 214.2	 loss 0.008494	 27.0s
Ep 477	 reward -15.304	 ms 214.2	 loss 0.103256	 26.9s
Ep 478	 reward -15.364	 ms 215.1	 loss 0.217186	 27.9s
Ep 479	 reward -15.254	 ms 213.6	 loss 0.161132	 24.1s
Ep 480	 reward -15.314	 ms 214.4	 loss 0.104023	 26.7s
Ep 481	 reward -15.300	 ms 214.2	 loss 0.138140	 27.3s
Ep 482	 reward -15.386	 ms 215.4	 loss 0.106037	 25.2s
Ep 483	 reward -15.546	 ms 217.7	 loss 0.065292	 28.8s
Ep 484	 reward -15.457	 ms 216.4	 loss 0.117700	 27.3s
Ep 485	 reward -15.396	 ms 215.6	 loss 0.163687	 27.5s
Ep 486	 reward -15.379	 ms 215.3	 loss 0.095231	 25.7s
Ep 487	 reward -15.382	 ms 215.3	 loss 0.136065	 26.2s
Ep 488	 reward -15.318	 ms 214.4	 loss 0.133851	 28.3s
Ep 489	 reward -15.339	 ms 214.8	 loss 0.117599	 26.6s
Ep 490	 reward -15.414	 ms 215.8	 loss 0.104807	 27.2s
Ep 491	 reward -15.314	 ms 214.4	 loss 0.109729	 26.3s
Ep 492	 reward -15.493	 ms 216.9	 loss 0.218965	 27.3s
Ep 493	 reward -15.311	 ms 214.3	 loss 0.101335	 23.3s
Ep 494	 reward -15.389	 ms 215.4	 loss 0.173570	 26.0s
Ep 495	 reward -15.379	 ms 215.3	 loss 0.082495	 25.9s
Ep 496	 reward -15.339	 ms 214.8	 loss 0.139606	 27.0s
Ep 497	 reward -15.414	 ms 215.8	 loss 0.089853	 26.3s
Ep 498	 reward -15.443	 ms 216.2	 loss 0.077848	 25.9s
Ep 499	 reward -15.336	 ms 214.7	 loss 0.075520	 25.8s
[vali @500] rel=0.9222 (best 0.9222)  L=209.3
Ep 500	 reward -15.439	 ms 216.2	 loss 0.105170	 49.6s
Ep 501	 reward -15.468	 ms 216.6	 loss -0.020487	 25.2s
Ep 502	 reward -15.554	 ms 217.8	 loss -0.061565	 28.5s
Ep 503	 reward -15.371	 ms 215.2	 loss -0.040617	 26.6s
Ep 504	 reward -15.611	 ms 218.6	 loss -0.059668	 26.3s
Ep 505	 reward -15.504	 ms 217.1	 loss -0.075588	 25.0s
Ep 506	 reward -15.536	 ms 217.5	 loss -0.134165	 27.1s
Ep 507	 reward -15.521	 ms 217.3	 loss -0.140819	 26.2s
Ep 508	 reward -15.518	 ms 217.2	 loss 0.007017	 27.1s
Ep 509	 reward -15.500	 ms 217.0	 loss -0.065442	 28.2s
Ep 510	 reward -15.486	 ms 216.8	 loss -0.129831	 27.3s
Ep 511	 reward -15.504	 ms 217.1	 loss -0.097037	 28.5s
Ep 512	 reward -15.529	 ms 217.4	 loss -0.042167	 26.4s
Ep 513	 reward -15.468	 ms 216.6	 loss -0.088429	 27.1s
Ep 514	 reward -15.446	 ms 216.2	 loss -0.085721	 26.8s
Ep 515	 reward -15.482	 ms 216.8	 loss -0.062515	 25.1s
Ep 516	 reward -15.450	 ms 216.3	 loss -0.006632	 24.8s
Ep 517	 reward -15.404	 ms 215.7	 loss -0.110577	 27.1s
Ep 518	 reward -15.550	 ms 217.7	 loss -0.085710	 26.5s
Ep 519	 reward -15.514	 ms 217.2	 loss -0.124254	 25.5s
Ep 520	 reward -15.436	 ms 216.1	 loss -0.067347	 27.1s
Ep 521	 reward -15.389	 ms 215.4	 loss 0.115707	 27.7s
Ep 522	 reward -15.421	 ms 215.9	 loss 0.185295	 25.5s
Ep 523	 reward -15.339	 ms 214.8	 loss 0.235596	 26.8s
Ep 524	 reward -15.279	 ms 213.9	 loss 0.084508	 24.9s
[vali @525] rel=0.9231 (best 0.9222)  L=209.5
Ep 525	 reward -15.407	 ms 215.7	 loss 0.222280	 48.8s
Ep 526	 reward -15.386	 ms 215.4	 loss 0.106477	 25.5s
Ep 527	 reward -15.461	 ms 216.4	 loss 0.209900	 27.2s
Ep 528	 reward -15.393	 ms 215.5	 loss 0.146928	 26.4s
Ep 529	 reward -15.318	 ms 214.4	 loss 0.096494	 27.0s
Ep 530	 reward -15.314	 ms 214.4	 loss 0.164066	 26.7s
Ep 531	 reward -15.429	 ms 216.0	 loss 0.091657	 26.9s
Ep 532	 reward -15.307	 ms 214.3	 loss 0.073745	 26.8s
Ep 533	 reward -15.314	 ms 214.4	 loss 0.113192	 26.8s
Ep 534	 reward -15.411	 ms 215.8	 loss 0.267967	 24.0s
Ep 535	 reward -15.361	 ms 215.1	 loss 0.103824	 26.6s
Ep 536	 reward -15.371	 ms 215.2	 loss 0.199385	 27.9s
Ep 537	 reward -15.354	 ms 214.9	 loss 0.111202	 25.3s
Ep 538	 reward -15.450	 ms 216.3	 loss 0.160850	 27.2s
Ep 539	 reward -15.393	 ms 215.5	 loss 0.058219	 27.5s
Ep 540	 reward -15.382	 ms 215.3	 loss 0.189443	 27.9s
Ep 541	 reward -15.346	 ms 214.8	 loss 0.089893	 27.0s
Ep 542	 reward -15.354	 ms 214.9	 loss -0.068176	 27.0s
Ep 543	 reward -15.311	 ms 214.3	 loss -0.050640	 27.0s
Ep 544	 reward -15.364	 ms 215.1	 loss -0.128987	 27.2s
Ep 545	 reward -15.336	 ms 214.7	 loss 0.049491	 26.6s
Ep 546	 reward -15.339	 ms 214.8	 loss 0.060836	 23.8s
Ep 547	 reward -15.289	 ms 214.1	 loss -0.043424	 27.5s
Ep 548	 reward -15.371	 ms 215.2	 loss 0.145325	 25.1s
Ep 549	 reward -15.300	 ms 214.2	 loss -0.072356	 26.9s
[vali @550] rel=0.9271 (best 0.9222)  L=210.4
Ep 550	 reward -15.364	 ms 215.1	 loss 0.096195	 51.1s
Ep 551	 reward -15.321	 ms 214.5	 loss -0.008971	 26.5s
Ep 552	 reward -15.304	 ms 214.2	 loss -0.009454	 27.5s
Ep 553	 reward -15.350	 ms 214.9	 loss -0.024396	 27.6s
Ep 554	 reward -15.293	 ms 214.1	 loss 0.114967	 25.1s
Ep 555	 reward -15.329	 ms 214.6	 loss 0.046024	 26.9s
Ep 556	 reward -15.293	 ms 214.1	 loss 0.138654	 25.3s
Ep 557	 reward -15.300	 ms 214.2	 loss -0.013611	 27.3s
Ep 558	 reward -15.371	 ms 215.2	 loss -0.034064	 26.6s
Ep 559	 reward -15.293	 ms 214.1	 loss -0.021960	 25.3s
Ep 560	 reward -15.314	 ms 214.4	 loss 0.058137	 27.2s
Ep 561	 reward -15.154	 ms 212.2	 loss 0.129568	 27.0s
Ep 562	 reward -15.179	 ms 212.5	 loss -0.123776	 26.1s
Ep 563	 reward -15.189	 ms 212.7	 loss 0.017364	 27.2s
Ep 564	 reward -15.150	 ms 212.1	 loss 0.038320	 27.4s
Ep 565	 reward -15.132	 ms 211.8	 loss 0.050888	 25.5s
Ep 566	 reward -15.125	 ms 211.8	 loss 0.041576	 26.1s
Ep 567	 reward -15.111	 ms 211.6	 loss -0.040983	 25.7s
Ep 568	 reward -15.104	 ms 211.4	 loss -0.027852	 24.9s
Ep 569	 reward -15.207	 ms 212.9	 loss 0.145119	 26.9s
Ep 570	 reward -15.239	 ms 213.3	 loss 0.153320	 25.7s
Ep 571	 reward -15.171	 ms 212.4	 loss -0.126895	 26.6s
Ep 572	 reward -15.107	 ms 211.5	 loss 0.180835	 28.9s
Ep 573	 reward -15.218	 ms 213.1	 loss 0.038299	 25.3s
Ep 574	 reward -15.168	 ms 212.3	 loss 0.004051	 25.9s
[vali @575] rel=0.9247 (best 0.9222)  L=209.8
Ep 575	 reward -15.136	 ms 211.9	 loss -0.072902	 50.3s
Ep 576	 reward -15.171	 ms 212.4	 loss 0.010629	 26.8s
Ep 577	 reward -15.207	 ms 212.9	 loss -0.073208	 26.8s
Ep 578	 reward -15.143	 ms 212.0	 loss 0.009266	 25.2s
Ep 579	 reward -15.114	 ms 211.6	 loss 0.126857	 27.4s
Ep 580	 reward -15.154	 ms 212.2	 loss -0.077652	 25.0s
Ep 581	 reward -15.068	 ms 210.9	 loss 0.033741	 26.1s
Ep 582	 reward -15.100	 ms 211.4	 loss 0.167400	 25.5s
Ep 583	 reward -15.032	 ms 210.4	 loss 0.077223	 27.3s
Ep 584	 reward -15.193	 ms 212.7	 loss 0.114852	 26.7s
Ep 585	 reward -15.243	 ms 213.4	 loss 0.181170	 28.3s
Ep 586	 reward -15.154	 ms 212.2	 loss 0.134337	 27.1s
Ep 587	 reward -15.161	 ms 212.2	 loss 0.058124	 27.8s
Ep 588	 reward -15.100	 ms 211.4	 loss 0.096756	 27.6s
Ep 589	 reward -15.143	 ms 212.0	 loss 0.019403	 26.9s
Ep 590	 reward -15.214	 ms 213.0	 loss 0.107159	 25.1s
Ep 591	 reward -15.175	 ms 212.4	 loss 0.003005	 26.3s
Ep 592	 reward -15.171	 ms 212.4	 loss 0.121309	 26.7s
Ep 593	 reward -15.121	 ms 211.7	 loss 0.025223	 26.6s
Ep 594	 reward -15.146	 ms 212.1	 loss 0.052796	 25.4s
Ep 595	 reward -15.082	 ms 211.2	 loss 0.015320	 26.7s
Ep 596	 reward -15.089	 ms 211.2	 loss 0.101694	 26.4s
Ep 597	 reward -15.221	 ms 213.1	 loss 0.180184	 27.7s
Ep 598	 reward -15.154	 ms 212.2	 loss 0.073150	 25.8s
Ep 599	 reward -15.118	 ms 211.7	 loss 0.084468	 26.1s
[vali @600] rel=0.9319 (best 0.9222)  L=211.5
Ep 600	 reward -15.125	 ms 211.8	 loss 0.126190	 49.5s
Ep 601	 reward -15.500	 ms 217.0	 loss -0.037662	 27.3s
Ep 602	 reward -15.511	 ms 217.2	 loss 0.048420	 26.5s
Ep 603	 reward -15.507	 ms 217.1	 loss 0.073740	 25.0s
Ep 604	 reward -15.568	 ms 217.9	 loss 0.002823	 26.2s
Ep 605	 reward -15.482	 ms 216.8	 loss 0.080835	 25.9s
Ep 606	 reward -15.596	 ms 218.3	 loss -0.016237	 26.8s
Ep 607	 reward -15.489	 ms 216.8	 loss 0.026088	 27.2s
Ep 608	 reward -15.675	 ms 219.4	 loss 0.177392	 25.9s
Ep 609	 reward -15.525	 ms 217.3	 loss -0.057611	 25.9s
Ep 610	 reward -15.461	 ms 216.4	 loss 0.218707	 27.1s
Ep 611	 reward -15.554	 ms 217.8	 loss 0.007691	 26.8s
Ep 612	 reward -15.511	 ms 217.2	 loss -0.028528	 27.2s
Ep 613	 reward -15.604	 ms 218.4	 loss 0.100424	 26.2s
Ep 614	 reward -15.479	 ms 216.7	 loss 0.022354	 24.9s
Ep 615	 reward -15.521	 ms 217.3	 loss 0.100521	 26.1s
Ep 616	 reward -15.532	 ms 217.4	 loss 0.180183	 25.2s
Ep 617	 reward -15.514	 ms 217.2	 loss 0.205134	 27.4s
Ep 618	 reward -15.518	 ms 217.2	 loss -0.022435	 27.0s
Ep 619	 reward -15.518	 ms 217.2	 loss 0.118637	 27.0s
Ep 620	 reward -15.536	 ms 217.5	 loss 0.100972	 27.0s
Ep 621	 reward -15.275	 ms 213.8	 loss -0.058091	 28.1s
Ep 622	 reward -15.239	 ms 213.3	 loss -0.072589	 26.7s
Ep 623	 reward -15.311	 ms 214.3	 loss -0.016197	 24.9s
Ep 624	 reward -15.264	 ms 213.7	 loss -0.077917	 24.4s
[vali @625] rel=0.9284 (best 0.9222)  L=210.7
Ep 625	 reward -15.268	 ms 213.8	 loss -0.071463	 49.3s
Ep 626	 reward -15.221	 ms 213.1	 loss -0.077315	 25.7s
Ep 627	 reward -15.243	 ms 213.4	 loss -0.057545	 26.4s
Ep 628	 reward -15.225	 ms 213.2	 loss -0.127711	 28.2s
Ep 629	 reward -15.254	 ms 213.6	 loss -0.098029	 26.5s
Ep 630	 reward -15.243	 ms 213.4	 loss -0.061170	 27.0s
Ep 631	 reward -15.239	 ms 213.3	 loss -0.116187	 26.4s
Ep 632	 reward -15.243	 ms 213.4	 loss 0.055878	 27.0s
Ep 633	 reward -15.286	 ms 214.0	 loss -0.076551	 27.1s
Ep 634	 reward -15.132	 ms 211.8	 loss -0.063702	 23.5s
Ep 635	 reward -15.261	 ms 213.7	 loss -0.020221	 27.4s
Ep 636	 reward -15.196	 ms 212.8	 loss -0.047108	 26.2s
Ep 637	 reward -15.271	 ms 213.8	 loss -0.042705	 27.9s
Ep 638	 reward -15.168	 ms 212.3	 loss -0.057205	 28.3s
Ep 639	 reward -15.214	 ms 213.0	 loss -0.088487	 28.6s
Ep 640	 reward -15.193	 ms 212.7	 loss -0.044087	 28.0s
Ep 641	 reward -15.393	 ms 215.5	 loss 0.018045	 27.2s
Ep 642	 reward -15.393	 ms 215.5	 loss -0.017570	 27.6s
Ep 643	 reward -15.343	 ms 214.8	 loss 0.061533	 26.9s
Ep 644	 reward -15.393	 ms 215.5	 loss 0.014538	 27.9s
Ep 645	 reward -15.414	 ms 215.8	 loss 0.033818	 25.2s
Ep 646	 reward -15.436	 ms 216.1	 loss 0.023675	 27.3s
Ep 647	 reward -15.411	 ms 215.8	 loss 0.052349	 26.0s
Ep 648	 reward -15.389	 ms 215.4	 loss 0.061508	 26.8s
Ep 649	 reward -15.404	 ms 215.7	 loss -0.023670	 26.8s
[vali @650] rel=0.9264 (best 0.9222)  L=210.2
Ep 650	 reward -15.486	 ms 216.8	 loss -0.045787	 49.3s
Ep 651	 reward -15.425	 ms 215.9	 loss 0.113821	 27.0s
Ep 652	 reward -15.350	 ms 214.9	 loss 0.079006	 26.5s
Ep 653	 reward -15.386	 ms 215.4	 loss -0.000772	 25.4s
Ep 654	 reward -15.382	 ms 215.3	 loss 0.103948	 25.8s
Ep 655	 reward -15.314	 ms 214.4	 loss 0.076083	 24.5s
Ep 656	 reward -15.436	 ms 216.1	 loss -0.082260	 26.0s
Ep 657	 reward -15.339	 ms 214.8	 loss -0.042165	 27.4s
Ep 658	 reward -15.429	 ms 216.0	 loss -0.106606	 25.0s
Ep 659	 reward -15.286	 ms 214.0	 loss -0.023869	 27.4s
Ep 660	 reward -15.350	 ms 214.9	 loss -0.104488	 27.3s
Ep 661	 reward -15.550	 ms 217.7	 loss -0.024903	 27.5s
Ep 662	 reward -15.579	 ms 218.1	 loss -0.024484	 25.6s
Ep 663	 reward -15.561	 ms 217.8	 loss -0.020771	 27.0s
Ep 664	 reward -15.589	 ms 218.2	 loss -0.011687	 26.4s
Ep 665	 reward -15.596	 ms 218.3	 loss 0.016094	 27.3s
Ep 666	 reward -15.482	 ms 216.8	 loss -0.014470	 26.4s
Ep 667	 reward -15.529	 ms 217.4	 loss -0.072581	 25.6s
Ep 668	 reward -15.571	 ms 218.0	 loss 0.046995	 26.7s
Ep 669	 reward -15.568	 ms 217.9	 loss -0.043785	 24.4s
Ep 670	 reward -15.500	 ms 217.0	 loss -0.028138	 26.4s
Ep 671	 reward -15.511	 ms 217.2	 loss 0.000554	 27.6s
Ep 672	 reward -15.579	 ms 218.1	 loss -0.008030	 26.2s
Ep 673	 reward -15.514	 ms 217.2	 loss -0.018469	 26.6s
Ep 674	 reward -15.564	 ms 217.9	 loss -0.031304	 27.3s
[vali @675] rel=0.9218 (best 0.9218)  L=209.2
Ep 675	 reward -15.532	 ms 217.4	 loss -0.045481	 51.9s
Ep 676	 reward -15.496	 ms 216.9	 loss 0.004125	 27.0s
Ep 677	 reward -15.468	 ms 216.6	 loss 0.018583	 25.2s
Ep 678	 reward -15.511	 ms 217.2	 loss -0.065992	 26.9s
Ep 679	 reward -15.529	 ms 217.4	 loss -0.035507	 26.5s
Ep 680	 reward -15.593	 ms 218.3	 loss 0.005348	 23.7s
Ep 681	 reward -14.854	 ms 207.9	 loss 0.173776	 26.4s
Ep 682	 reward -14.893	 ms 208.5	 loss 0.162562	 26.7s
Ep 683	 reward -14.821	 ms 207.5	 loss 0.078876	 26.5s
Ep 684	 reward -14.936	 ms 209.1	 loss 0.048758	 27.3s
Ep 685	 reward -14.839	 ms 207.8	 loss 0.181307	 27.5s
Ep 686	 reward -14.868	 ms 208.2	 loss -0.011555	 27.3s
Ep 687	 reward -14.868	 ms 208.2	 loss 0.109794	 26.4s
Ep 688	 reward -14.814	 ms 207.4	 loss 0.122760	 26.4s
Ep 689	 reward -14.843	 ms 207.8	 loss 0.000453	 23.9s
Ep 690	 reward -14.836	 ms 207.7	 loss 0.042069	 26.4s
Ep 691	 reward -14.875	 ms 208.2	 loss 0.050977	 24.1s
Ep 692	 reward -14.864	 ms 208.1	 loss 0.194079	 25.7s
Ep 693	 reward -14.886	 ms 208.4	 loss -0.045489	 26.6s
Ep 694	 reward -14.811	 ms 207.3	 loss 0.112586	 27.5s
Ep 695	 reward -14.864	 ms 208.1	 loss 0.190533	 27.2s
Ep 696	 reward -14.861	 ms 208.1	 loss 0.030417	 26.1s
Ep 697	 reward -14.821	 ms 207.5	 loss 0.083548	 26.6s
Ep 698	 reward -14.839	 ms 207.8	 loss 0.023288	 25.4s
Ep 699	 reward -14.864	 ms 208.1	 loss 0.161470	 27.2s
[vali @700] rel=0.9249 (best 0.9218)  L=209.9
Ep 700	 reward -14.796	 ms 207.2	 loss 0.168430	 49.0s
Ep 701	 reward -15.236	 ms 213.3	 loss -0.102941	 27.2s
Ep 702	 reward -15.193	 ms 212.7	 loss -0.140171	 25.1s
Ep 703	 reward -15.189	 ms 212.7	 loss -0.106377	 26.9s
Ep 704	 reward -15.236	 ms 213.3	 loss -0.064948	 26.8s
Ep 705	 reward -15.268	 ms 213.8	 loss -0.113458	 26.1s
Ep 706	 reward -15.268	 ms 213.8	 loss -0.084503	 26.1s
Ep 707	 reward -15.229	 ms 213.2	 loss -0.072233	 27.4s
Ep 708	 reward -15.193	 ms 212.7	 loss -0.131692	 27.2s
Ep 709	 reward -15.275	 ms 213.8	 loss 0.048602	 25.8s
Ep 710	 reward -15.279	 ms 213.9	 loss -0.006915	 26.4s
Ep 711	 reward -15.268	 ms 213.8	 loss 0.001708	 23.7s
Ep 712	 reward -15.304	 ms 214.2	 loss -0.038706	 27.2s
Ep 713	 reward -15.229	 ms 213.2	 loss -0.078932	 24.8s
Ep 714	 reward -15.243	 ms 213.4	 loss -0.132645	 25.7s
Ep 715	 reward -15.175	 ms 212.4	 loss 0.130275	 25.8s
Ep 716	 reward -15.200	 ms 212.8	 loss -0.056025	 27.5s
Ep 717	 reward -15.218	 ms 213.1	 loss 0.004315	 26.0s
Ep 718	 reward -15.200	 ms 212.8	 loss -0.011574	 25.9s
Ep 719	 reward -15.239	 ms 213.3	 loss -0.027150	 26.3s
Ep 720	 reward -15.221	 ms 213.1	 loss -0.121765	 26.5s
Ep 721	 reward -15.564	 ms 217.9	 loss 0.094619	 27.1s
Ep 722	 reward -15.550	 ms 217.7	 loss 0.176968	 26.3s
Ep 723	 reward -15.536	 ms 217.5	 loss 0.091788	 24.0s
Ep 724	 reward -15.539	 ms 217.6	 loss 0.192972	 28.5s
[vali @725] rel=0.9284 (best 0.9218)  L=210.7
Ep 725	 reward -15.550	 ms 217.7	 loss 0.190210	 48.9s
Ep 726	 reward -15.593	 ms 218.3	 loss 0.197914	 26.3s
Ep 727	 reward -15.479	 ms 216.7	 loss 0.163865	 27.1s
Ep 728	 reward -15.500	 ms 217.0	 loss 0.153014	 27.3s
Ep 729	 reward -15.504	 ms 217.1	 loss 0.150425	 27.7s
Ep 730	 reward -15.532	 ms 217.4	 loss 0.124536	 26.2s
Ep 731	 reward -15.557	 ms 217.8	 loss 0.166282	 26.2s
Ep 732	 reward -15.511	 ms 217.2	 loss -0.062931	 26.6s
Ep 733	 reward -15.575	 ms 218.1	 loss -0.024308	 24.1s
Ep 734	 reward -15.525	 ms 217.3	 loss 0.214005	 26.3s
Ep 735	 reward -15.525	 ms 217.3	 loss 0.213013	 26.3s
Ep 736	 reward -15.507	 ms 217.1	 loss 0.134966	 25.8s
Ep 737	 reward -15.579	 ms 218.1	 loss 0.187726	 27.9s
Ep 738	 reward -15.454	 ms 216.3	 loss 0.085574	 26.5s
Ep 739	 reward -15.514	 ms 217.2	 loss 0.147442	 27.5s
Ep 740	 reward -15.532	 ms 217.4	 loss 0.196191	 26.5s
Ep 741	 reward -15.307	 ms 214.3	 loss -0.016888	 26.9s
Ep 742	 reward -15.318	 ms 214.4	 loss -0.043425	 27.1s
Ep 743	 reward -15.343	 ms 214.8	 loss -0.041089	 26.4s
Ep 744	 reward -15.329	 ms 214.6	 loss -0.119844	 25.4s
Ep 745	 reward -15.361	 ms 215.1	 loss -0.121860	 26.4s
Ep 746	 reward -15.336	 ms 214.7	 loss -0.193411	 25.7s
Ep 747	 reward -15.296	 ms 214.2	 loss 0.095801	 24.2s
Ep 748	 reward -15.307	 ms 214.3	 loss -0.082774	 27.8s
Ep 749	 reward -15.311	 ms 214.3	 loss -0.115314	 27.3s
[vali @750] rel=0.9284 (best 0.9218)  L=210.7
Ep 750	 reward -15.257	 ms 213.6	 loss -0.039077	 51.3s
Ep 751	 reward -15.393	 ms 215.5	 loss 0.057172	 26.7s
Ep 752	 reward -15.321	 ms 214.5	 loss -0.054649	 25.5s
Ep 753	 reward -15.325	 ms 214.6	 loss -0.089159	 25.7s
Ep 754	 reward -15.354	 ms 214.9	 loss -0.036879	 26.8s
Ep 755	 reward -15.332	 ms 214.7	 loss -0.098161	 24.3s
Ep 756	 reward -15.289	 ms 214.1	 loss -0.041192	 27.3s
Ep 757	 reward -15.389	 ms 215.4	 loss -0.177632	 25.5s
Ep 758	 reward -15.243	 ms 213.4	 loss -0.056841	 26.0s
Ep 759	 reward -15.314	 ms 214.4	 loss -0.112126	 27.9s
Ep 760	 reward -15.293	 ms 214.1	 loss -0.142751	 27.0s
Ep 761	 reward -15.318	 ms 214.4	 loss -0.011402	 26.6s
Ep 762	 reward -15.339	 ms 214.8	 loss -0.016989	 25.2s
Ep 763	 reward -15.304	 ms 214.2	 loss 0.195277	 24.9s
Ep 764	 reward -15.307	 ms 214.3	 loss 0.163775	 27.5s
Ep 765	 reward -15.250	 ms 213.5	 loss -0.040214	 26.8s
Ep 766	 reward -15.257	 ms 213.6	 loss -0.157193	 26.9s
Ep 767	 reward -15.221	 ms 213.1	 loss 0.189669	 25.7s
Ep 768	 reward -15.296	 ms 214.2	 loss 0.058848	 26.5s
Ep 769	 reward -15.271	 ms 213.8	 loss 0.146302	 23.3s
Ep 770	 reward -15.321	 ms 214.5	 loss 0.050388	 26.4s
Ep 771	 reward -15.332	 ms 214.7	 loss 0.188095	 28.0s
Ep 772	 reward -15.361	 ms 215.1	 loss 0.093277	 26.3s
Ep 773	 reward -15.318	 ms 214.4	 loss -0.040993	 26.9s
Ep 774	 reward -15.225	 ms 213.2	 loss 0.140539	 26.6s
[vali @775] rel=0.9251 (best 0.9218)  L=209.9
Ep 775	 reward -15.314	 ms 214.4	 loss -0.054754	 50.5s
Ep 776	 reward -15.264	 ms 213.7	 loss 0.195227	 28.2s
Ep 777	 reward -15.204	 ms 212.8	 loss 0.072304	 24.3s
Ep 778	 reward -15.229	 ms 213.2	 loss 0.116263	 27.0s
Ep 779	 reward -15.246	 ms 213.4	 loss -0.128937	 25.9s
Ep 780	 reward -15.243	 ms 213.4	 loss 0.007610	 24.4s
Ep 781	 reward -15.075	 ms 211.1	 loss -0.063927	 26.9s
Ep 782	 reward -15.025	 ms 210.3	 loss 0.148258	 26.6s
Ep 783	 reward -15.100	 ms 211.4	 loss -0.024701	 27.6s
Ep 784	 reward -15.075	 ms 211.1	 loss -0.142689	 27.2s
Ep 785	 reward -15.171	 ms 212.4	 loss 0.061954	 26.6s
Ep 786	 reward -15.104	 ms 211.4	 loss -0.060888	 26.4s
Ep 787	 reward -15.118	 ms 211.7	 loss -0.063194	 25.7s
Ep 788	 reward -15.061	 ms 210.8	 loss -0.062603	 26.1s
Ep 789	 reward -15.061	 ms 210.8	 loss -0.083572	 23.1s
Ep 790	 reward -15.061	 ms 210.8	 loss 0.048253	 26.0s
Ep 791	 reward -15.086	 ms 211.2	 loss 0.056627	 25.5s
Ep 792	 reward -15.136	 ms 211.9	 loss 0.035644	 27.5s
Ep 793	 reward -15.100	 ms 211.4	 loss 0.017046	 27.6s
Ep 794	 reward -15.121	 ms 211.7	 loss 0.041693	 26.9s
Ep 795	 reward -15.096	 ms 211.3	 loss 0.031205	 25.8s
Ep 796	 reward -15.061	 ms 210.8	 loss 0.072434	 26.9s
Ep 797	 reward -15.121	 ms 211.7	 loss 0.009361	 25.7s
Ep 798	 reward -15.079	 ms 211.1	 loss 0.003922	 25.9s
Ep 799	 reward -15.086	 ms 211.2	 loss 0.063690	 26.4s
[vali @800] rel=0.9295 (best 0.9218)  L=210.9
Ep 800	 reward -15.125	 ms 211.8	 loss -0.000555	 49.3s
Ep 801	 reward -15.368	 ms 215.2	 loss 0.011946	 26.4s
Ep 802	 reward -15.468	 ms 216.6	 loss 0.008879	 24.7s
Ep 803	 reward -15.304	 ms 214.2	 loss -0.058210	 26.8s
Ep 804	 reward -15.286	 ms 214.0	 loss -0.005168	 27.0s
Ep 805	 reward -15.332	 ms 214.7	 loss 0.016779	 25.4s
Ep 806	 reward -15.436	 ms 216.1	 loss -0.029973	 26.8s
Ep 807	 reward -15.307	 ms 214.3	 loss 0.072660	 27.0s
Ep 808	 reward -15.368	 ms 215.2	 loss 0.141073	 26.9s
Ep 809	 reward -15.357	 ms 215.0	 loss 0.078813	 26.7s
Ep 810	 reward -15.336	 ms 214.7	 loss 0.038234	 26.3s
Ep 811	 reward -15.300	 ms 214.2	 loss 0.099646	 25.4s
Ep 812	 reward -15.350	 ms 214.9	 loss 0.044700	 29.1s
Ep 813	 reward -15.436	 ms 216.1	 loss -0.003199	 24.4s
Ep 814	 reward -15.386	 ms 215.4	 loss 0.011627	 27.1s
Ep 815	 reward -15.336	 ms 214.7	 loss 0.029403	 25.7s
Ep 816	 reward -15.332	 ms 214.7	 loss 0.107390	 27.1s
Ep 817	 reward -15.346	 ms 214.8	 loss 0.091556	 26.4s
Ep 818	 reward -15.339	 ms 214.8	 loss -0.043212	 25.9s
Ep 819	 reward -15.364	 ms 215.1	 loss -0.017343	 26.3s
Ep 820	 reward -15.375	 ms 215.2	 loss 0.014918	 27.0s
Ep 821	 reward -15.454	 ms 216.3	 loss -0.104397	 26.5s
Ep 822	 reward -15.575	 ms 218.1	 loss -0.042810	 23.4s
Ep 823	 reward -15.425	 ms 215.9	 loss -0.074455	 25.6s
Ep 824	 reward -15.521	 ms 217.3	 loss -0.052237	 27.0s
[vali @825] rel=0.9260 (best 0.9218)  L=210.2
Ep 825	 reward -15.500	 ms 217.0	 loss -0.041141	 47.9s
Ep 826	 reward -15.361	 ms 215.1	 loss -0.040760	 26.4s
Ep 827	 reward -15.575	 ms 218.1	 loss -0.039259	 26.8s
Ep 828	 reward -15.486	 ms 216.8	 loss -0.037911	 25.8s
Ep 829	 reward -15.543	 ms 217.6	 loss 0.115077	 25.9s
Ep 830	 reward -15.514	 ms 217.2	 loss 0.055243	 25.8s
Ep 831	 reward -15.486	 ms 216.8	 loss -0.113515	 26.5s
Ep 832	 reward -15.396	 ms 215.6	 loss -0.019226	 27.6s
Ep 833	 reward -15.475	 ms 216.7	 loss -0.128298	 24.5s
Ep 834	 reward -15.482	 ms 216.8	 loss -0.085590	 27.3s
Ep 835	 reward -15.532	 ms 217.4	 loss -0.131550	 25.3s
Ep 836	 reward -15.432	 ms 216.1	 loss 0.191481	 26.2s
Ep 837	 reward -15.521	 ms 217.3	 loss -0.091909	 26.8s
Ep 838	 reward -15.568	 ms 217.9	 loss -0.033276	 25.9s
Ep 839	 reward -15.454	 ms 216.3	 loss -0.059437	 28.1s
Ep 840	 reward -15.564	 ms 217.9	 loss -0.030737	 27.8s
Ep 841	 reward -15.343	 ms 214.8	 loss 0.119958	 27.1s
Ep 842	 reward -15.350	 ms 214.9	 loss 0.055018	 26.0s
Ep 843	 reward -15.339	 ms 214.8	 loss -0.053627	 26.6s
Ep 844	 reward -15.396	 ms 215.6	 loss -0.097212	 25.9s
Ep 845	 reward -15.389	 ms 215.4	 loss 0.010019	 26.9s
Ep 846	 reward -15.393	 ms 215.5	 loss -0.078159	 27.2s
Ep 847	 reward -15.318	 ms 214.4	 loss -0.082492	 24.9s
Ep 848	 reward -15.318	 ms 214.4	 loss -0.057928	 26.8s
Ep 849	 reward -15.364	 ms 215.1	 loss -0.069266	 26.6s
[vali @850] rel=0.9282 (best 0.9218)  L=210.7
Ep 850	 reward -15.286	 ms 214.0	 loss 0.109451	 51.2s
Ep 851	 reward -15.421	 ms 215.9	 loss -0.018115	 26.5s
Ep 852	 reward -15.300	 ms 214.2	 loss -0.065291	 26.3s
Ep 853	 reward -15.350	 ms 214.9	 loss 0.076106	 26.0s
Ep 854	 reward -15.361	 ms 215.1	 loss 0.134790	 26.8s
Ep 855	 reward -15.361	 ms 215.1	 loss -0.036840	 24.2s
Ep 856	 reward -15.389	 ms 215.4	 loss 0.123376	 25.4s
Ep 857	 reward -15.343	 ms 214.8	 loss -0.160878	 25.6s
Ep 858	 reward -15.350	 ms 214.9	 loss 0.042662	 27.0s
Ep 859	 reward -15.350	 ms 214.9	 loss -0.055788	 26.8s
Ep 860	 reward -15.339	 ms 214.8	 loss 0.037163	 27.3s
Ep 861	 reward -15.011	 ms 210.2	 loss -0.056198	 27.3s
Ep 862	 reward -14.986	 ms 209.8	 loss -0.054625	 28.5s
Ep 863	 reward -14.954	 ms 209.3	 loss -0.002337	 29.0s
Ep 864	 reward -15.064	 ms 210.9	 loss -0.037435	 26.0s
Ep 865	 reward -15.061	 ms 210.8	 loss -0.049861	 25.3s
Ep 866	 reward -15.029	 ms 210.4	 loss -0.055743	 26.6s
Ep 867	 reward -14.964	 ms 209.5	 loss -0.047456	 26.6s
Ep 868	 reward -14.961	 ms 209.4	 loss -0.041871	 26.5s
Ep 869	 reward -14.986	 ms 209.8	 loss -0.040855	 26.0s
Ep 870	 reward -14.979	 ms 209.7	 loss -0.083074	 28.1s
Ep 871	 reward -14.939	 ms 209.2	 loss -0.058430	 26.6s
Ep 872	 reward -15.014	 ms 210.2	 loss -0.032423	 25.9s
Ep 873	 reward -14.964	 ms 209.5	 loss -0.062025	 27.0s
Ep 874	 reward -15.054	 ms 210.8	 loss -0.036979	 26.6s
[vali @875] rel=0.9295 (best 0.9218)  L=210.9
Ep 875	 reward -15.039	 ms 210.6	 loss 0.007263	 51.7s
Ep 876	 reward -14.975	 ms 209.7	 loss -0.028017	 26.8s
Ep 877	 reward -15.043	 ms 210.6	 loss -0.025159	 23.2s
Ep 878	 reward -15.068	 ms 210.9	 loss -0.042306	 27.4s
Ep 879	 reward -15.064	 ms 210.9	 loss 0.054543	 25.3s
Ep 880	 reward -14.975	 ms 209.7	 loss -0.044293	 27.0s
Ep 881	 reward -15.275	 ms 213.8	 loss 0.032057	 27.7s
Ep 882	 reward -15.343	 ms 214.8	 loss -0.000725	 26.9s
Ep 883	 reward -15.200	 ms 212.8	 loss 0.020750	 25.9s
Ep 884	 reward -15.339	 ms 214.8	 loss -0.042712	 25.6s
Ep 885	 reward -15.275	 ms 213.8	 loss 0.012393	 25.9s
Ep 886	 reward -15.343	 ms 214.8	 loss 0.018165	 25.5s
Ep 887	 reward -15.264	 ms 213.7	 loss -0.009592	 26.4s
Ep 888	 reward -15.279	 ms 213.9	 loss 0.019746	 25.1s
Ep 889	 reward -15.425	 ms 215.9	 loss 0.028488	 26.4s
Ep 890	 reward -15.196	 ms 212.8	 loss 0.016712	 27.5s
Ep 891	 reward -15.154	 ms 212.2	 loss -0.034683	 23.5s
Ep 892	 reward -15.196	 ms 212.8	 loss 0.006591	 26.8s
Ep 893	 reward -15.218	 ms 213.1	 loss 0.009900	 27.1s
Ep 894	 reward -15.196	 ms 212.8	 loss -0.096698	 26.6s
Ep 895	 reward -15.193	 ms 212.7	 loss -0.103333	 27.4s
Ep 896	 reward -15.271	 ms 213.8	 loss -0.054552	 24.6s
Ep 897	 reward -15.189	 ms 212.7	 loss -0.014299	 26.9s
Ep 898	 reward -15.207	 ms 212.9	 loss 0.022000	 28.8s
Ep 899	 reward -15.264	 ms 213.7	 loss -0.062747	 27.2s
[vali @900] rel=0.9302 (best 0.9218)  L=211.1
Ep 900	 reward -15.254	 ms 213.6	 loss -0.070077	 50.4s
Ep 901	 reward -15.221	 ms 213.1	 loss 0.056678	 25.6s
Ep 902	 reward -15.200	 ms 212.8	 loss 0.199694	 27.0s
Ep 903	 reward -15.139	 ms 211.9	 loss 0.071371	 26.3s
Ep 904	 reward -15.143	 ms 212.0	 loss 0.107485	 26.8s
Ep 905	 reward -15.207	 ms 212.9	 loss 0.081424	 26.7s
Ep 906	 reward -15.218	 ms 213.1	 loss 0.138475	 27.4s
Ep 907	 reward -15.189	 ms 212.7	 loss 0.203613	 27.1s
Ep 908	 reward -15.218	 ms 213.1	 loss 0.167199	 26.8s
Ep 909	 reward -15.182	 ms 212.6	 loss 0.071703	 27.0s
Ep 910	 reward -15.171	 ms 212.4	 loss 0.110349	 25.3s
Ep 911	 reward -15.121	 ms 211.7	 loss 0.156256	 27.3s
Ep 912	 reward -15.171	 ms 212.4	 loss 0.119644	 26.3s
Ep 913	 reward -15.157	 ms 212.2	 loss 0.082379	 26.4s
Ep 914	 reward -15.146	 ms 212.1	 loss 0.060270	 26.4s
Ep 915	 reward -15.129	 ms 211.8	 loss 0.184133	 26.1s
Ep 916	 reward -15.207	 ms 212.9	 loss 0.098296	 26.9s
Ep 917	 reward -15.093	 ms 211.3	 loss 0.035513	 24.9s
Ep 918	 reward -15.221	 ms 213.1	 loss 0.086030	 27.9s
Ep 919	 reward -15.189	 ms 212.7	 loss 0.181524	 26.7s
Ep 920	 reward -15.136	 ms 211.9	 loss 0.014889	 27.0s
Ep 921	 reward -15.264	 ms 213.7	 loss 0.156371	 25.5s
Ep 922	 reward -15.264	 ms 213.7	 loss 0.025418	 26.2s
Ep 923	 reward -15.264	 ms 213.7	 loss 0.126951	 27.2s
Ep 924	 reward -15.243	 ms 213.4	 loss 0.080866	 24.1s
[vali @925] rel=0.9302 (best 0.9218)  L=211.1
Ep 925	 reward -15.286	 ms 214.0	 loss 0.181033	 53.1s
Ep 926	 reward -15.254	 ms 213.6	 loss 0.076204	 28.9s
Ep 927	 reward -15.300	 ms 214.2	 loss 0.010969	 26.1s
Ep 928	 reward -15.250	 ms 213.5	 loss 0.083117	 26.3s
Ep 929	 reward -15.200	 ms 212.8	 loss 0.113033	 26.6s
Ep 930	 reward -15.254	 ms 213.6	 loss -0.081295	 27.7s
Ep 931	 reward -15.243	 ms 213.4	 loss 0.190347	 26.8s
Ep 932	 reward -15.221	 ms 213.1	 loss 0.159039	 23.9s
Ep 933	 reward -15.211	 ms 212.9	 loss 0.074439	 26.7s
Ep 934	 reward -15.261	 ms 213.7	 loss -0.117374	 25.4s
Ep 935	 reward -15.318	 ms 214.4	 loss -0.029011	 25.7s
Ep 936	 reward -15.368	 ms 215.2	 loss 0.046618	 26.0s
Ep 937	 reward -15.271	 ms 213.8	 loss 0.046247	 26.1s
Ep 938	 reward -15.286	 ms 214.0	 loss 0.062271	 27.2s
Ep 939	 reward -15.218	 ms 213.1	 loss 0.165202	 27.4s
Ep 940	 reward -15.254	 ms 213.6	 loss 0.040489	 26.0s
Ep 941	 reward -15.186	 ms 212.6	 loss -0.117487	 26.5s
Ep 942	 reward -15.264	 ms 213.7	 loss -0.007765	 27.1s
Ep 943	 reward -15.204	 ms 212.8	 loss 0.090154	 26.2s
Ep 944	 reward -15.204	 ms 212.8	 loss -0.054330	 25.2s
Ep 945	 reward -15.254	 ms 213.6	 loss 0.024195	 27.5s
Ep 946	 reward -15.218	 ms 213.1	 loss 0.052892	 23.9s
Ep 947	 reward -15.168	 ms 212.3	 loss -0.009467	 28.1s
Ep 948	 reward -15.232	 ms 213.2	 loss 0.058976	 26.8s
Ep 949	 reward -15.200	 ms 212.8	 loss 0.001429	 26.0s
[vali @950] rel=0.9266 (best 0.9218)  L=210.3
Ep 950	 reward -15.268	 ms 213.8	 loss -0.046913	 51.2s
Ep 951	 reward -15.221	 ms 213.1	 loss -0.090281	 27.9s
Ep 952	 reward -15.239	 ms 213.3	 loss 0.010199	 26.2s
Ep 953	 reward -15.204	 ms 212.8	 loss 0.019666	 26.9s
Ep 954	 reward -15.321	 ms 214.5	 loss 0.019338	 24.0s
Ep 955	 reward -15.232	 ms 213.2	 loss 0.008951	 27.3s
Ep 956	 reward -15.196	 ms 212.8	 loss -0.024061	 26.6s
Ep 957	 reward -15.246	 ms 213.4	 loss 0.004635	 26.6s
Ep 958	 reward -15.264	 ms 213.7	 loss -0.003136	 27.0s
Ep 959	 reward -15.189	 ms 212.7	 loss -0.083951	 27.0s
Ep 960	 reward -15.243	 ms 213.4	 loss -0.062112	 28.5s
Ep 961	 reward -15.389	 ms 215.4	 loss 0.098050	 28.5s
Ep 962	 reward -15.404	 ms 215.7	 loss 0.040304	 26.4s
Ep 963	 reward -15.411	 ms 215.8	 loss 0.011947	 27.4s
Ep 964	 reward -15.375	 ms 215.2	 loss -0.159847	 26.0s
Ep 965	 reward -15.429	 ms 216.0	 loss -0.062256	 25.0s
Ep 966	 reward -15.432	 ms 216.1	 loss -0.175495	 26.5s
Ep 967	 reward -15.400	 ms 215.6	 loss -0.035274	 25.9s
Ep 968	 reward -15.375	 ms 215.2	 loss -0.112898	 24.4s
Ep 969	 reward -15.382	 ms 215.3	 loss -0.106165	 27.4s
Ep 970	 reward -15.386	 ms 215.4	 loss 0.112048	 27.0s
Ep 971	 reward -15.404	 ms 215.7	 loss 0.006645	 27.4s
Ep 972	 reward -15.432	 ms 216.1	 loss 0.022103	 25.8s
Ep 973	 reward -15.357	 ms 215.0	 loss -0.091188	 25.9s
Ep 974	 reward -15.429	 ms 216.0	 loss -0.036270	 27.5s
[vali @975] rel=0.9262 (best 0.9218)  L=210.2
Ep 975	 reward -15.350	 ms 214.9	 loss -0.026805	 50.0s
Ep 976	 reward -15.386	 ms 215.4	 loss 0.052147	 24.8s
Ep 977	 reward -15.400	 ms 215.6	 loss 0.148608	 25.9s
Ep 978	 reward -15.386	 ms 215.4	 loss 0.031960	 25.9s
Ep 979	 reward -15.386	 ms 215.4	 loss -0.010482	 25.8s
Ep 980	 reward -15.425	 ms 215.9	 loss 0.008501	 26.8s
Ep 981	 reward -15.118	 ms 211.7	 loss 0.190927	 28.6s
Ep 982	 reward -15.164	 ms 212.3	 loss 0.156615	 26.9s
Ep 983	 reward -15.118	 ms 211.7	 loss 0.127703	 25.9s
Ep 984	 reward -15.100	 ms 211.4	 loss 0.173700	 26.4s
Ep 985	 reward -14.989	 ms 209.8	 loss 0.176000	 26.9s
Ep 986	 reward -15.082	 ms 211.2	 loss 0.146215	 27.7s
Ep 987	 reward -15.050	 ms 210.7	 loss 0.146735	 24.8s
Ep 988	 reward -15.043	 ms 210.6	 loss -0.061866	 26.1s
Ep 989	 reward -15.029	 ms 210.4	 loss 0.154967	 25.6s
Ep 990	 reward -15.071	 ms 211.0	 loss 0.010285	 24.3s
Ep 991	 reward -15.050	 ms 210.7	 loss 0.101481	 25.9s
Ep 992	 reward -15.036	 ms 210.5	 loss 0.171757	 27.5s
Ep 993	 reward -15.068	 ms 210.9	 loss 0.167386	 26.7s
Ep 994	 reward -15.032	 ms 210.4	 loss 0.130548	 22.7s
Ep 995	 reward -15.029	 ms 210.4	 loss 0.105542	 22.8s
Ep 996	 reward -14.993	 ms 209.9	 loss 0.083062	 28.3s
Ep 997	 reward -15.007	 ms 210.1	 loss 0.143655	 27.1s
Ep 998	 reward -15.046	 ms 210.7	 loss 0.022060	 25.8s
Ep 999	 reward -15.032	 ms 210.4	 loss 0.081544	 25.8s
[vali @1000] rel=0.9233 (best 0.9218)  L=209.6
Ep 1000	 reward -15.057	 ms 210.8	 loss 0.090227	 50.3s
[train_family] done in 7.64 h; best rel=0.9218
